[2024-03-12T09:23:07.645+0000] {processor.py:161} INFO - Started process (PID=14027) to work on /usr/local/lib/python3.10/dist-packages/airflow/example_dags/example_dag_decorator.py
[2024-03-12T09:23:07.651+0000] {processor.py:830} INFO - Processing file /usr/local/lib/python3.10/dist-packages/airflow/example_dags/example_dag_decorator.py for tasks to queue
[2024-03-12T09:23:07.654+0000] {logging_mixin.py:188} INFO - [2024-03-12T09:23:07.651+0000] {dagbag.py:540} INFO - Filling up the DagBag from /usr/local/lib/python3.10/dist-packages/airflow/example_dags/example_dag_decorator.py
[2024-03-12T09:23:07.960+0000] {processor.py:840} INFO - DAG(s) 'example_dag_decorator' retrieved from /usr/local/lib/python3.10/dist-packages/airflow/example_dags/example_dag_decorator.py
[2024-03-12T09:23:08.061+0000] {logging_mixin.py:188} INFO - [2024-03-12T09:23:08.061+0000] {dag.py:3047} INFO - Sync 1 DAGs
[2024-03-12T09:23:08.073+0000] {logging_mixin.py:188} INFO - [2024-03-12T09:23:08.072+0000] {dag.py:3834} INFO - Setting next_dagrun for example_dag_decorator to None, run_after=None
[2024-03-12T09:23:08.108+0000] {processor.py:183} INFO - Processing /usr/local/lib/python3.10/dist-packages/airflow/example_dags/example_dag_decorator.py took 0.469 seconds
[2024-03-12T09:24:07.424+0000] {processor.py:161} INFO - Started process (PID=14082) to work on /usr/local/lib/python3.10/dist-packages/airflow/example_dags/example_dag_decorator.py
[2024-03-12T09:24:07.426+0000] {processor.py:830} INFO - Processing file /usr/local/lib/python3.10/dist-packages/airflow/example_dags/example_dag_decorator.py for tasks to queue
[2024-03-12T09:24:07.427+0000] {logging_mixin.py:188} INFO - [2024-03-12T09:24:07.427+0000] {dagbag.py:540} INFO - Filling up the DagBag from /usr/local/lib/python3.10/dist-packages/airflow/example_dags/example_dag_decorator.py
[2024-03-12T09:24:07.703+0000] {processor.py:840} INFO - DAG(s) 'example_dag_decorator' retrieved from /usr/local/lib/python3.10/dist-packages/airflow/example_dags/example_dag_decorator.py
[2024-03-12T09:24:07.825+0000] {logging_mixin.py:188} INFO - [2024-03-12T09:24:07.825+0000] {dag.py:3047} INFO - Sync 1 DAGs
[2024-03-12T09:24:07.835+0000] {logging_mixin.py:188} INFO - [2024-03-12T09:24:07.835+0000] {dag.py:3834} INFO - Setting next_dagrun for example_dag_decorator to None, run_after=None
[2024-03-12T09:24:07.864+0000] {processor.py:183} INFO - Processing /usr/local/lib/python3.10/dist-packages/airflow/example_dags/example_dag_decorator.py took 0.443 seconds
[2024-03-12T09:25:19.947+0000] {processor.py:161} INFO - Started process (PID=14147) to work on /usr/local/lib/python3.10/dist-packages/airflow/example_dags/example_dag_decorator.py
[2024-03-12T09:25:19.949+0000] {processor.py:830} INFO - Processing file /usr/local/lib/python3.10/dist-packages/airflow/example_dags/example_dag_decorator.py for tasks to queue
[2024-03-12T09:25:19.951+0000] {logging_mixin.py:188} INFO - [2024-03-12T09:25:19.950+0000] {dagbag.py:540} INFO - Filling up the DagBag from /usr/local/lib/python3.10/dist-packages/airflow/example_dags/example_dag_decorator.py
[2024-03-12T09:25:20.174+0000] {processor.py:840} INFO - DAG(s) 'example_dag_decorator' retrieved from /usr/local/lib/python3.10/dist-packages/airflow/example_dags/example_dag_decorator.py
[2024-03-12T09:25:20.310+0000] {logging_mixin.py:188} INFO - [2024-03-12T09:25:20.310+0000] {dag.py:3047} INFO - Sync 1 DAGs
[2024-03-12T09:25:20.326+0000] {logging_mixin.py:188} INFO - [2024-03-12T09:25:20.325+0000] {dag.py:3834} INFO - Setting next_dagrun for example_dag_decorator to None, run_after=None
[2024-03-12T09:25:20.356+0000] {processor.py:183} INFO - Processing /usr/local/lib/python3.10/dist-packages/airflow/example_dags/example_dag_decorator.py took 0.414 seconds
[2024-03-12T09:26:22.990+0000] {processor.py:161} INFO - Started process (PID=14210) to work on /usr/local/lib/python3.10/dist-packages/airflow/example_dags/example_dag_decorator.py
[2024-03-12T09:26:22.992+0000] {processor.py:830} INFO - Processing file /usr/local/lib/python3.10/dist-packages/airflow/example_dags/example_dag_decorator.py for tasks to queue
[2024-03-12T09:26:22.994+0000] {logging_mixin.py:188} INFO - [2024-03-12T09:26:22.994+0000] {dagbag.py:540} INFO - Filling up the DagBag from /usr/local/lib/python3.10/dist-packages/airflow/example_dags/example_dag_decorator.py
[2024-03-12T09:26:23.163+0000] {processor.py:840} INFO - DAG(s) 'example_dag_decorator' retrieved from /usr/local/lib/python3.10/dist-packages/airflow/example_dags/example_dag_decorator.py
[2024-03-12T09:26:23.356+0000] {logging_mixin.py:188} INFO - [2024-03-12T09:26:23.356+0000] {dag.py:3047} INFO - Sync 1 DAGs
[2024-03-12T09:26:23.370+0000] {logging_mixin.py:188} INFO - [2024-03-12T09:26:23.369+0000] {dag.py:3834} INFO - Setting next_dagrun for example_dag_decorator to None, run_after=None
[2024-03-12T09:26:23.409+0000] {processor.py:183} INFO - Processing /usr/local/lib/python3.10/dist-packages/airflow/example_dags/example_dag_decorator.py took 0.424 seconds
[2024-03-12T09:27:26.388+0000] {processor.py:161} INFO - Started process (PID=14272) to work on /usr/local/lib/python3.10/dist-packages/airflow/example_dags/example_dag_decorator.py
[2024-03-12T09:27:26.389+0000] {processor.py:830} INFO - Processing file /usr/local/lib/python3.10/dist-packages/airflow/example_dags/example_dag_decorator.py for tasks to queue
[2024-03-12T09:27:26.391+0000] {logging_mixin.py:188} INFO - [2024-03-12T09:27:26.390+0000] {dagbag.py:540} INFO - Filling up the DagBag from /usr/local/lib/python3.10/dist-packages/airflow/example_dags/example_dag_decorator.py
[2024-03-12T09:27:26.476+0000] {processor.py:840} INFO - DAG(s) 'example_dag_decorator' retrieved from /usr/local/lib/python3.10/dist-packages/airflow/example_dags/example_dag_decorator.py
[2024-03-12T09:27:26.572+0000] {logging_mixin.py:188} INFO - [2024-03-12T09:27:26.572+0000] {dag.py:3047} INFO - Sync 1 DAGs
[2024-03-12T09:27:26.581+0000] {logging_mixin.py:188} INFO - [2024-03-12T09:27:26.581+0000] {dag.py:3834} INFO - Setting next_dagrun for example_dag_decorator to None, run_after=None
[2024-03-12T09:27:26.610+0000] {processor.py:183} INFO - Processing /usr/local/lib/python3.10/dist-packages/airflow/example_dags/example_dag_decorator.py took 0.226 seconds
[2024-03-12T09:28:26.459+0000] {processor.py:161} INFO - Started process (PID=14333) to work on /usr/local/lib/python3.10/dist-packages/airflow/example_dags/example_dag_decorator.py
[2024-03-12T09:28:26.460+0000] {processor.py:830} INFO - Processing file /usr/local/lib/python3.10/dist-packages/airflow/example_dags/example_dag_decorator.py for tasks to queue
[2024-03-12T09:28:26.461+0000] {logging_mixin.py:188} INFO - [2024-03-12T09:28:26.461+0000] {dagbag.py:540} INFO - Filling up the DagBag from /usr/local/lib/python3.10/dist-packages/airflow/example_dags/example_dag_decorator.py
[2024-03-12T09:28:26.541+0000] {processor.py:840} INFO - DAG(s) 'example_dag_decorator' retrieved from /usr/local/lib/python3.10/dist-packages/airflow/example_dags/example_dag_decorator.py
[2024-03-12T09:28:26.630+0000] {logging_mixin.py:188} INFO - [2024-03-12T09:28:26.630+0000] {dag.py:3047} INFO - Sync 1 DAGs
[2024-03-12T09:28:26.639+0000] {logging_mixin.py:188} INFO - [2024-03-12T09:28:26.639+0000] {dag.py:3834} INFO - Setting next_dagrun for example_dag_decorator to None, run_after=None
[2024-03-12T09:28:26.665+0000] {processor.py:183} INFO - Processing /usr/local/lib/python3.10/dist-packages/airflow/example_dags/example_dag_decorator.py took 0.209 seconds
[2024-03-12T09:29:26.438+0000] {processor.py:161} INFO - Started process (PID=14392) to work on /usr/local/lib/python3.10/dist-packages/airflow/example_dags/example_dag_decorator.py
[2024-03-12T09:29:26.439+0000] {processor.py:830} INFO - Processing file /usr/local/lib/python3.10/dist-packages/airflow/example_dags/example_dag_decorator.py for tasks to queue
[2024-03-12T09:29:26.440+0000] {logging_mixin.py:188} INFO - [2024-03-12T09:29:26.440+0000] {dagbag.py:540} INFO - Filling up the DagBag from /usr/local/lib/python3.10/dist-packages/airflow/example_dags/example_dag_decorator.py
[2024-03-12T09:29:26.538+0000] {processor.py:840} INFO - DAG(s) 'example_dag_decorator' retrieved from /usr/local/lib/python3.10/dist-packages/airflow/example_dags/example_dag_decorator.py
[2024-03-12T09:29:26.658+0000] {logging_mixin.py:188} INFO - [2024-03-12T09:29:26.658+0000] {dag.py:3047} INFO - Sync 1 DAGs
[2024-03-12T09:29:26.674+0000] {logging_mixin.py:188} INFO - [2024-03-12T09:29:26.673+0000] {dag.py:3834} INFO - Setting next_dagrun for example_dag_decorator to None, run_after=None
[2024-03-12T09:29:26.709+0000] {processor.py:183} INFO - Processing /usr/local/lib/python3.10/dist-packages/airflow/example_dags/example_dag_decorator.py took 0.276 seconds
[2024-03-12T09:30:27.537+0000] {processor.py:161} INFO - Started process (PID=14452) to work on /usr/local/lib/python3.10/dist-packages/airflow/example_dags/example_dag_decorator.py
[2024-03-12T09:30:27.540+0000] {processor.py:830} INFO - Processing file /usr/local/lib/python3.10/dist-packages/airflow/example_dags/example_dag_decorator.py for tasks to queue
[2024-03-12T09:30:27.542+0000] {logging_mixin.py:188} INFO - [2024-03-12T09:30:27.541+0000] {dagbag.py:540} INFO - Filling up the DagBag from /usr/local/lib/python3.10/dist-packages/airflow/example_dags/example_dag_decorator.py
[2024-03-12T09:30:27.669+0000] {processor.py:840} INFO - DAG(s) 'example_dag_decorator' retrieved from /usr/local/lib/python3.10/dist-packages/airflow/example_dags/example_dag_decorator.py
[2024-03-12T09:30:27.694+0000] {logging_mixin.py:188} INFO - [2024-03-12T09:30:27.693+0000] {dag.py:3047} INFO - Sync 1 DAGs
[2024-03-12T09:30:27.709+0000] {logging_mixin.py:188} INFO - [2024-03-12T09:30:27.709+0000] {dag.py:3834} INFO - Setting next_dagrun for example_dag_decorator to None, run_after=None
[2024-03-12T09:30:27.741+0000] {processor.py:183} INFO - Processing /usr/local/lib/python3.10/dist-packages/airflow/example_dags/example_dag_decorator.py took 0.209 seconds
[2024-03-12T09:31:30.367+0000] {processor.py:161} INFO - Started process (PID=14512) to work on /usr/local/lib/python3.10/dist-packages/airflow/example_dags/example_dag_decorator.py
[2024-03-12T09:31:30.369+0000] {processor.py:830} INFO - Processing file /usr/local/lib/python3.10/dist-packages/airflow/example_dags/example_dag_decorator.py for tasks to queue
[2024-03-12T09:31:30.370+0000] {logging_mixin.py:188} INFO - [2024-03-12T09:31:30.369+0000] {dagbag.py:540} INFO - Filling up the DagBag from /usr/local/lib/python3.10/dist-packages/airflow/example_dags/example_dag_decorator.py
[2024-03-12T09:31:30.487+0000] {processor.py:840} INFO - DAG(s) 'example_dag_decorator' retrieved from /usr/local/lib/python3.10/dist-packages/airflow/example_dags/example_dag_decorator.py
[2024-03-12T09:31:30.623+0000] {logging_mixin.py:188} INFO - [2024-03-12T09:31:30.623+0000] {dag.py:3047} INFO - Sync 1 DAGs
[2024-03-12T09:31:30.634+0000] {logging_mixin.py:188} INFO - [2024-03-12T09:31:30.634+0000] {dag.py:3834} INFO - Setting next_dagrun for example_dag_decorator to None, run_after=None
[2024-03-12T09:31:30.660+0000] {processor.py:183} INFO - Processing /usr/local/lib/python3.10/dist-packages/airflow/example_dags/example_dag_decorator.py took 0.297 seconds
[2024-03-12T09:32:34.579+0000] {processor.py:161} INFO - Started process (PID=14574) to work on /usr/local/lib/python3.10/dist-packages/airflow/example_dags/example_dag_decorator.py
[2024-03-12T09:32:34.581+0000] {processor.py:830} INFO - Processing file /usr/local/lib/python3.10/dist-packages/airflow/example_dags/example_dag_decorator.py for tasks to queue
[2024-03-12T09:32:34.582+0000] {logging_mixin.py:188} INFO - [2024-03-12T09:32:34.582+0000] {dagbag.py:540} INFO - Filling up the DagBag from /usr/local/lib/python3.10/dist-packages/airflow/example_dags/example_dag_decorator.py
[2024-03-12T09:32:34.712+0000] {processor.py:840} INFO - DAG(s) 'example_dag_decorator' retrieved from /usr/local/lib/python3.10/dist-packages/airflow/example_dags/example_dag_decorator.py
[2024-03-12T09:32:34.836+0000] {logging_mixin.py:188} INFO - [2024-03-12T09:32:34.836+0000] {dag.py:3047} INFO - Sync 1 DAGs
[2024-03-12T09:32:34.850+0000] {logging_mixin.py:188} INFO - [2024-03-12T09:32:34.850+0000] {dag.py:3834} INFO - Setting next_dagrun for example_dag_decorator to None, run_after=None
[2024-03-12T09:32:34.880+0000] {processor.py:183} INFO - Processing /usr/local/lib/python3.10/dist-packages/airflow/example_dags/example_dag_decorator.py took 0.308 seconds
[2024-03-12T09:33:41.566+0000] {processor.py:161} INFO - Started process (PID=14639) to work on /usr/local/lib/python3.10/dist-packages/airflow/example_dags/example_dag_decorator.py
[2024-03-12T09:33:41.567+0000] {processor.py:830} INFO - Processing file /usr/local/lib/python3.10/dist-packages/airflow/example_dags/example_dag_decorator.py for tasks to queue
[2024-03-12T09:33:41.568+0000] {logging_mixin.py:188} INFO - [2024-03-12T09:33:41.568+0000] {dagbag.py:540} INFO - Filling up the DagBag from /usr/local/lib/python3.10/dist-packages/airflow/example_dags/example_dag_decorator.py
[2024-03-12T09:33:41.677+0000] {processor.py:840} INFO - DAG(s) 'example_dag_decorator' retrieved from /usr/local/lib/python3.10/dist-packages/airflow/example_dags/example_dag_decorator.py
[2024-03-12T09:33:41.697+0000] {logging_mixin.py:188} INFO - [2024-03-12T09:33:41.697+0000] {dag.py:3047} INFO - Sync 1 DAGs
[2024-03-12T09:33:41.710+0000] {logging_mixin.py:188} INFO - [2024-03-12T09:33:41.709+0000] {dag.py:3834} INFO - Setting next_dagrun for example_dag_decorator to None, run_after=None
[2024-03-12T09:33:41.734+0000] {processor.py:183} INFO - Processing /usr/local/lib/python3.10/dist-packages/airflow/example_dags/example_dag_decorator.py took 0.176 seconds
[2024-03-12T09:34:45.008+0000] {processor.py:161} INFO - Started process (PID=14701) to work on /usr/local/lib/python3.10/dist-packages/airflow/example_dags/example_dag_decorator.py
[2024-03-12T09:34:45.011+0000] {processor.py:830} INFO - Processing file /usr/local/lib/python3.10/dist-packages/airflow/example_dags/example_dag_decorator.py for tasks to queue
[2024-03-12T09:34:45.012+0000] {logging_mixin.py:188} INFO - [2024-03-12T09:34:45.011+0000] {dagbag.py:540} INFO - Filling up the DagBag from /usr/local/lib/python3.10/dist-packages/airflow/example_dags/example_dag_decorator.py
[2024-03-12T09:34:45.115+0000] {processor.py:840} INFO - DAG(s) 'example_dag_decorator' retrieved from /usr/local/lib/python3.10/dist-packages/airflow/example_dags/example_dag_decorator.py
[2024-03-12T09:34:45.154+0000] {logging_mixin.py:188} INFO - [2024-03-12T09:34:45.148+0000] {dag.py:3047} INFO - Sync 1 DAGs
[2024-03-12T09:34:45.176+0000] {logging_mixin.py:188} INFO - [2024-03-12T09:34:45.175+0000] {dag.py:3834} INFO - Setting next_dagrun for example_dag_decorator to None, run_after=None
[2024-03-12T09:34:45.204+0000] {processor.py:183} INFO - Processing /usr/local/lib/python3.10/dist-packages/airflow/example_dags/example_dag_decorator.py took 0.204 seconds
[2024-03-12T09:35:52.373+0000] {processor.py:161} INFO - Started process (PID=14765) to work on /usr/local/lib/python3.10/dist-packages/airflow/example_dags/example_dag_decorator.py
[2024-03-12T09:35:52.375+0000] {processor.py:830} INFO - Processing file /usr/local/lib/python3.10/dist-packages/airflow/example_dags/example_dag_decorator.py for tasks to queue
[2024-03-12T09:35:52.377+0000] {logging_mixin.py:188} INFO - [2024-03-12T09:35:52.376+0000] {dagbag.py:540} INFO - Filling up the DagBag from /usr/local/lib/python3.10/dist-packages/airflow/example_dags/example_dag_decorator.py
[2024-03-12T09:35:52.571+0000] {processor.py:840} INFO - DAG(s) 'example_dag_decorator' retrieved from /usr/local/lib/python3.10/dist-packages/airflow/example_dags/example_dag_decorator.py
[2024-03-12T09:35:52.635+0000] {logging_mixin.py:188} INFO - [2024-03-12T09:35:52.635+0000] {dag.py:3047} INFO - Sync 1 DAGs
[2024-03-12T09:35:52.664+0000] {logging_mixin.py:188} INFO - [2024-03-12T09:35:52.664+0000] {dag.py:3834} INFO - Setting next_dagrun for example_dag_decorator to None, run_after=None
[2024-03-12T09:35:52.714+0000] {processor.py:183} INFO - Processing /usr/local/lib/python3.10/dist-packages/airflow/example_dags/example_dag_decorator.py took 0.348 seconds
[2024-03-12T09:36:54.419+0000] {processor.py:161} INFO - Started process (PID=14824) to work on /usr/local/lib/python3.10/dist-packages/airflow/example_dags/example_dag_decorator.py
[2024-03-12T09:36:54.422+0000] {processor.py:830} INFO - Processing file /usr/local/lib/python3.10/dist-packages/airflow/example_dags/example_dag_decorator.py for tasks to queue
[2024-03-12T09:36:54.423+0000] {logging_mixin.py:188} INFO - [2024-03-12T09:36:54.423+0000] {dagbag.py:540} INFO - Filling up the DagBag from /usr/local/lib/python3.10/dist-packages/airflow/example_dags/example_dag_decorator.py
[2024-03-12T09:36:54.554+0000] {processor.py:840} INFO - DAG(s) 'example_dag_decorator' retrieved from /usr/local/lib/python3.10/dist-packages/airflow/example_dags/example_dag_decorator.py
[2024-03-12T09:36:54.669+0000] {logging_mixin.py:188} INFO - [2024-03-12T09:36:54.669+0000] {dag.py:3047} INFO - Sync 1 DAGs
[2024-03-12T09:36:54.684+0000] {logging_mixin.py:188} INFO - [2024-03-12T09:36:54.684+0000] {dag.py:3834} INFO - Setting next_dagrun for example_dag_decorator to None, run_after=None
[2024-03-12T09:36:54.709+0000] {processor.py:183} INFO - Processing /usr/local/lib/python3.10/dist-packages/airflow/example_dags/example_dag_decorator.py took 0.296 seconds
[2024-03-12T09:37:55.767+0000] {processor.py:161} INFO - Started process (PID=14886) to work on /usr/local/lib/python3.10/dist-packages/airflow/example_dags/example_dag_decorator.py
[2024-03-12T09:37:55.768+0000] {processor.py:830} INFO - Processing file /usr/local/lib/python3.10/dist-packages/airflow/example_dags/example_dag_decorator.py for tasks to queue
[2024-03-12T09:37:55.769+0000] {logging_mixin.py:188} INFO - [2024-03-12T09:37:55.769+0000] {dagbag.py:540} INFO - Filling up the DagBag from /usr/local/lib/python3.10/dist-packages/airflow/example_dags/example_dag_decorator.py
[2024-03-12T09:37:55.858+0000] {processor.py:840} INFO - DAG(s) 'example_dag_decorator' retrieved from /usr/local/lib/python3.10/dist-packages/airflow/example_dags/example_dag_decorator.py
[2024-03-12T09:37:55.973+0000] {logging_mixin.py:188} INFO - [2024-03-12T09:37:55.973+0000] {dag.py:3047} INFO - Sync 1 DAGs
[2024-03-12T09:37:55.986+0000] {logging_mixin.py:188} INFO - [2024-03-12T09:37:55.986+0000] {dag.py:3834} INFO - Setting next_dagrun for example_dag_decorator to None, run_after=None
[2024-03-12T09:37:56.012+0000] {processor.py:183} INFO - Processing /usr/local/lib/python3.10/dist-packages/airflow/example_dags/example_dag_decorator.py took 0.249 seconds
[2024-03-12T09:38:59.074+0000] {processor.py:161} INFO - Started process (PID=14946) to work on /usr/local/lib/python3.10/dist-packages/airflow/example_dags/example_dag_decorator.py
[2024-03-12T09:38:59.076+0000] {processor.py:830} INFO - Processing file /usr/local/lib/python3.10/dist-packages/airflow/example_dags/example_dag_decorator.py for tasks to queue
[2024-03-12T09:38:59.077+0000] {logging_mixin.py:188} INFO - [2024-03-12T09:38:59.076+0000] {dagbag.py:540} INFO - Filling up the DagBag from /usr/local/lib/python3.10/dist-packages/airflow/example_dags/example_dag_decorator.py
[2024-03-12T09:38:59.208+0000] {processor.py:840} INFO - DAG(s) 'example_dag_decorator' retrieved from /usr/local/lib/python3.10/dist-packages/airflow/example_dags/example_dag_decorator.py
[2024-03-12T09:38:59.376+0000] {logging_mixin.py:188} INFO - [2024-03-12T09:38:59.376+0000] {dag.py:3047} INFO - Sync 1 DAGs
[2024-03-12T09:38:59.391+0000] {logging_mixin.py:188} INFO - [2024-03-12T09:38:59.390+0000] {dag.py:3834} INFO - Setting next_dagrun for example_dag_decorator to None, run_after=None
[2024-03-12T09:38:59.460+0000] {processor.py:183} INFO - Processing /usr/local/lib/python3.10/dist-packages/airflow/example_dags/example_dag_decorator.py took 0.389 seconds
[2024-03-12T09:40:03.799+0000] {processor.py:161} INFO - Started process (PID=15008) to work on /usr/local/lib/python3.10/dist-packages/airflow/example_dags/example_dag_decorator.py
[2024-03-12T09:40:03.801+0000] {processor.py:830} INFO - Processing file /usr/local/lib/python3.10/dist-packages/airflow/example_dags/example_dag_decorator.py for tasks to queue
[2024-03-12T09:40:03.803+0000] {logging_mixin.py:188} INFO - [2024-03-12T09:40:03.802+0000] {dagbag.py:540} INFO - Filling up the DagBag from /usr/local/lib/python3.10/dist-packages/airflow/example_dags/example_dag_decorator.py
[2024-03-12T09:40:03.955+0000] {processor.py:840} INFO - DAG(s) 'example_dag_decorator' retrieved from /usr/local/lib/python3.10/dist-packages/airflow/example_dags/example_dag_decorator.py
[2024-03-12T09:40:04.128+0000] {logging_mixin.py:188} INFO - [2024-03-12T09:40:04.127+0000] {dag.py:3047} INFO - Sync 1 DAGs
[2024-03-12T09:40:04.140+0000] {logging_mixin.py:188} INFO - [2024-03-12T09:40:04.139+0000] {dag.py:3834} INFO - Setting next_dagrun for example_dag_decorator to None, run_after=None
[2024-03-12T09:40:04.199+0000] {processor.py:183} INFO - Processing /usr/local/lib/python3.10/dist-packages/airflow/example_dags/example_dag_decorator.py took 0.404 seconds
[2024-03-12T09:41:08.371+0000] {processor.py:161} INFO - Started process (PID=15071) to work on /usr/local/lib/python3.10/dist-packages/airflow/example_dags/example_dag_decorator.py
[2024-03-12T09:41:08.372+0000] {processor.py:830} INFO - Processing file /usr/local/lib/python3.10/dist-packages/airflow/example_dags/example_dag_decorator.py for tasks to queue
[2024-03-12T09:41:08.373+0000] {logging_mixin.py:188} INFO - [2024-03-12T09:41:08.373+0000] {dagbag.py:540} INFO - Filling up the DagBag from /usr/local/lib/python3.10/dist-packages/airflow/example_dags/example_dag_decorator.py
[2024-03-12T09:41:08.464+0000] {processor.py:840} INFO - DAG(s) 'example_dag_decorator' retrieved from /usr/local/lib/python3.10/dist-packages/airflow/example_dags/example_dag_decorator.py
[2024-03-12T09:41:08.568+0000] {logging_mixin.py:188} INFO - [2024-03-12T09:41:08.568+0000] {dag.py:3047} INFO - Sync 1 DAGs
[2024-03-12T09:41:08.578+0000] {logging_mixin.py:188} INFO - [2024-03-12T09:41:08.577+0000] {dag.py:3834} INFO - Setting next_dagrun for example_dag_decorator to None, run_after=None
[2024-03-12T09:41:08.604+0000] {processor.py:183} INFO - Processing /usr/local/lib/python3.10/dist-packages/airflow/example_dags/example_dag_decorator.py took 0.237 seconds
[2024-03-12T09:42:11.279+0000] {processor.py:161} INFO - Started process (PID=15132) to work on /usr/local/lib/python3.10/dist-packages/airflow/example_dags/example_dag_decorator.py
[2024-03-12T09:42:11.282+0000] {processor.py:830} INFO - Processing file /usr/local/lib/python3.10/dist-packages/airflow/example_dags/example_dag_decorator.py for tasks to queue
[2024-03-12T09:42:11.286+0000] {logging_mixin.py:188} INFO - [2024-03-12T09:42:11.284+0000] {dagbag.py:540} INFO - Filling up the DagBag from /usr/local/lib/python3.10/dist-packages/airflow/example_dags/example_dag_decorator.py
[2024-03-12T09:42:11.418+0000] {processor.py:840} INFO - DAG(s) 'example_dag_decorator' retrieved from /usr/local/lib/python3.10/dist-packages/airflow/example_dags/example_dag_decorator.py
[2024-03-12T09:42:11.460+0000] {logging_mixin.py:188} INFO - [2024-03-12T09:42:11.460+0000] {dag.py:3047} INFO - Sync 1 DAGs
[2024-03-12T09:42:11.478+0000] {logging_mixin.py:188} INFO - [2024-03-12T09:42:11.478+0000] {dag.py:3834} INFO - Setting next_dagrun for example_dag_decorator to None, run_after=None
[2024-03-12T09:42:11.513+0000] {processor.py:183} INFO - Processing /usr/local/lib/python3.10/dist-packages/airflow/example_dags/example_dag_decorator.py took 0.241 seconds
[2024-03-12T09:43:11.061+0000] {processor.py:161} INFO - Started process (PID=15263) to work on /usr/local/lib/python3.10/dist-packages/airflow/example_dags/example_dag_decorator.py
[2024-03-12T09:43:11.063+0000] {processor.py:830} INFO - Processing file /usr/local/lib/python3.10/dist-packages/airflow/example_dags/example_dag_decorator.py for tasks to queue
[2024-03-12T09:43:11.064+0000] {logging_mixin.py:188} INFO - [2024-03-12T09:43:11.063+0000] {dagbag.py:540} INFO - Filling up the DagBag from /usr/local/lib/python3.10/dist-packages/airflow/example_dags/example_dag_decorator.py
[2024-03-12T09:43:11.216+0000] {processor.py:840} INFO - DAG(s) 'example_dag_decorator' retrieved from /usr/local/lib/python3.10/dist-packages/airflow/example_dags/example_dag_decorator.py
[2024-03-12T09:43:11.411+0000] {logging_mixin.py:188} INFO - [2024-03-12T09:43:11.410+0000] {dag.py:3047} INFO - Sync 1 DAGs
[2024-03-12T09:43:11.428+0000] {logging_mixin.py:188} INFO - [2024-03-12T09:43:11.427+0000] {dag.py:3834} INFO - Setting next_dagrun for example_dag_decorator to None, run_after=None
[2024-03-12T09:43:11.459+0000] {processor.py:183} INFO - Processing /usr/local/lib/python3.10/dist-packages/airflow/example_dags/example_dag_decorator.py took 0.406 seconds
[2024-03-12T09:44:16.334+0000] {processor.py:161} INFO - Started process (PID=15341) to work on /usr/local/lib/python3.10/dist-packages/airflow/example_dags/example_dag_decorator.py
[2024-03-12T09:44:16.335+0000] {processor.py:830} INFO - Processing file /usr/local/lib/python3.10/dist-packages/airflow/example_dags/example_dag_decorator.py for tasks to queue
[2024-03-12T09:44:16.336+0000] {logging_mixin.py:188} INFO - [2024-03-12T09:44:16.336+0000] {dagbag.py:540} INFO - Filling up the DagBag from /usr/local/lib/python3.10/dist-packages/airflow/example_dags/example_dag_decorator.py
[2024-03-12T09:44:16.433+0000] {processor.py:840} INFO - DAG(s) 'example_dag_decorator' retrieved from /usr/local/lib/python3.10/dist-packages/airflow/example_dags/example_dag_decorator.py
[2024-03-12T09:44:16.548+0000] {logging_mixin.py:188} INFO - [2024-03-12T09:44:16.548+0000] {dag.py:3047} INFO - Sync 1 DAGs
[2024-03-12T09:44:16.559+0000] {logging_mixin.py:188} INFO - [2024-03-12T09:44:16.559+0000] {dag.py:3834} INFO - Setting next_dagrun for example_dag_decorator to None, run_after=None
[2024-03-12T09:44:16.596+0000] {processor.py:183} INFO - Processing /usr/local/lib/python3.10/dist-packages/airflow/example_dags/example_dag_decorator.py took 0.266 seconds
[2024-03-12T09:45:21.544+0000] {processor.py:161} INFO - Started process (PID=15405) to work on /usr/local/lib/python3.10/dist-packages/airflow/example_dags/example_dag_decorator.py
[2024-03-12T09:45:21.547+0000] {processor.py:830} INFO - Processing file /usr/local/lib/python3.10/dist-packages/airflow/example_dags/example_dag_decorator.py for tasks to queue
[2024-03-12T09:45:21.550+0000] {logging_mixin.py:188} INFO - [2024-03-12T09:45:21.548+0000] {dagbag.py:540} INFO - Filling up the DagBag from /usr/local/lib/python3.10/dist-packages/airflow/example_dags/example_dag_decorator.py
[2024-03-12T09:45:21.709+0000] {processor.py:840} INFO - DAG(s) 'example_dag_decorator' retrieved from /usr/local/lib/python3.10/dist-packages/airflow/example_dags/example_dag_decorator.py
[2024-03-12T09:45:21.826+0000] {logging_mixin.py:188} INFO - [2024-03-12T09:45:21.825+0000] {dag.py:3047} INFO - Sync 1 DAGs
[2024-03-12T09:45:21.836+0000] {logging_mixin.py:188} INFO - [2024-03-12T09:45:21.835+0000] {dag.py:3834} INFO - Setting next_dagrun for example_dag_decorator to None, run_after=None
[2024-03-12T09:45:21.860+0000] {processor.py:183} INFO - Processing /usr/local/lib/python3.10/dist-packages/airflow/example_dags/example_dag_decorator.py took 0.325 seconds
[2024-03-12T09:46:22.930+0000] {processor.py:161} INFO - Started process (PID=15465) to work on /usr/local/lib/python3.10/dist-packages/airflow/example_dags/example_dag_decorator.py
[2024-03-12T09:46:22.932+0000] {processor.py:830} INFO - Processing file /usr/local/lib/python3.10/dist-packages/airflow/example_dags/example_dag_decorator.py for tasks to queue
[2024-03-12T09:46:22.934+0000] {logging_mixin.py:188} INFO - [2024-03-12T09:46:22.933+0000] {dagbag.py:540} INFO - Filling up the DagBag from /usr/local/lib/python3.10/dist-packages/airflow/example_dags/example_dag_decorator.py
[2024-03-12T09:46:23.086+0000] {processor.py:840} INFO - DAG(s) 'example_dag_decorator' retrieved from /usr/local/lib/python3.10/dist-packages/airflow/example_dags/example_dag_decorator.py
[2024-03-12T09:46:23.293+0000] {logging_mixin.py:188} INFO - [2024-03-12T09:46:23.292+0000] {dag.py:3047} INFO - Sync 1 DAGs
[2024-03-12T09:46:23.312+0000] {logging_mixin.py:188} INFO - [2024-03-12T09:46:23.311+0000] {dag.py:3834} INFO - Setting next_dagrun for example_dag_decorator to None, run_after=None
[2024-03-12T09:46:23.339+0000] {processor.py:183} INFO - Processing /usr/local/lib/python3.10/dist-packages/airflow/example_dags/example_dag_decorator.py took 0.415 seconds
[2024-03-12T09:47:21.600+0000] {processor.py:161} INFO - Started process (PID=15523) to work on /usr/local/lib/python3.10/dist-packages/airflow/example_dags/example_dag_decorator.py
[2024-03-12T09:47:21.602+0000] {processor.py:830} INFO - Processing file /usr/local/lib/python3.10/dist-packages/airflow/example_dags/example_dag_decorator.py for tasks to queue
[2024-03-12T09:47:21.604+0000] {logging_mixin.py:188} INFO - [2024-03-12T09:47:21.603+0000] {dagbag.py:540} INFO - Filling up the DagBag from /usr/local/lib/python3.10/dist-packages/airflow/example_dags/example_dag_decorator.py
[2024-03-12T09:47:21.703+0000] {processor.py:840} INFO - DAG(s) 'example_dag_decorator' retrieved from /usr/local/lib/python3.10/dist-packages/airflow/example_dags/example_dag_decorator.py
[2024-03-12T09:47:21.843+0000] {logging_mixin.py:188} INFO - [2024-03-12T09:47:21.843+0000] {dag.py:3047} INFO - Sync 1 DAGs
[2024-03-12T09:47:21.857+0000] {logging_mixin.py:188} INFO - [2024-03-12T09:47:21.857+0000] {dag.py:3834} INFO - Setting next_dagrun for example_dag_decorator to None, run_after=None
[2024-03-12T09:47:21.884+0000] {processor.py:183} INFO - Processing /usr/local/lib/python3.10/dist-packages/airflow/example_dags/example_dag_decorator.py took 0.290 seconds
[2024-03-12T09:48:25.221+0000] {processor.py:161} INFO - Started process (PID=15588) to work on /usr/local/lib/python3.10/dist-packages/airflow/example_dags/example_dag_decorator.py
[2024-03-12T09:48:25.223+0000] {processor.py:830} INFO - Processing file /usr/local/lib/python3.10/dist-packages/airflow/example_dags/example_dag_decorator.py for tasks to queue
[2024-03-12T09:48:25.224+0000] {logging_mixin.py:188} INFO - [2024-03-12T09:48:25.224+0000] {dagbag.py:540} INFO - Filling up the DagBag from /usr/local/lib/python3.10/dist-packages/airflow/example_dags/example_dag_decorator.py
[2024-03-12T09:48:25.309+0000] {processor.py:840} INFO - DAG(s) 'example_dag_decorator' retrieved from /usr/local/lib/python3.10/dist-packages/airflow/example_dags/example_dag_decorator.py
[2024-03-12T09:48:25.407+0000] {logging_mixin.py:188} INFO - [2024-03-12T09:48:25.407+0000] {dag.py:3047} INFO - Sync 1 DAGs
[2024-03-12T09:48:25.416+0000] {logging_mixin.py:188} INFO - [2024-03-12T09:48:25.416+0000] {dag.py:3834} INFO - Setting next_dagrun for example_dag_decorator to None, run_after=None
[2024-03-12T09:48:25.443+0000] {processor.py:183} INFO - Processing /usr/local/lib/python3.10/dist-packages/airflow/example_dags/example_dag_decorator.py took 0.226 seconds
[2024-03-12T09:49:26.795+0000] {processor.py:161} INFO - Started process (PID=15651) to work on /usr/local/lib/python3.10/dist-packages/airflow/example_dags/example_dag_decorator.py
[2024-03-12T09:49:26.797+0000] {processor.py:830} INFO - Processing file /usr/local/lib/python3.10/dist-packages/airflow/example_dags/example_dag_decorator.py for tasks to queue
[2024-03-12T09:49:26.799+0000] {logging_mixin.py:188} INFO - [2024-03-12T09:49:26.798+0000] {dagbag.py:540} INFO - Filling up the DagBag from /usr/local/lib/python3.10/dist-packages/airflow/example_dags/example_dag_decorator.py
[2024-03-12T09:49:26.917+0000] {processor.py:840} INFO - DAG(s) 'example_dag_decorator' retrieved from /usr/local/lib/python3.10/dist-packages/airflow/example_dags/example_dag_decorator.py
[2024-03-12T09:49:27.070+0000] {logging_mixin.py:188} INFO - [2024-03-12T09:49:27.070+0000] {dag.py:3047} INFO - Sync 1 DAGs
[2024-03-12T09:49:27.083+0000] {logging_mixin.py:188} INFO - [2024-03-12T09:49:27.082+0000] {dag.py:3834} INFO - Setting next_dagrun for example_dag_decorator to None, run_after=None
[2024-03-12T09:49:27.116+0000] {processor.py:183} INFO - Processing /usr/local/lib/python3.10/dist-packages/airflow/example_dags/example_dag_decorator.py took 0.325 seconds
[2024-03-12T09:50:34.848+0000] {processor.py:161} INFO - Started process (PID=15714) to work on /usr/local/lib/python3.10/dist-packages/airflow/example_dags/example_dag_decorator.py
[2024-03-12T09:50:34.849+0000] {processor.py:830} INFO - Processing file /usr/local/lib/python3.10/dist-packages/airflow/example_dags/example_dag_decorator.py for tasks to queue
[2024-03-12T09:50:34.850+0000] {logging_mixin.py:188} INFO - [2024-03-12T09:50:34.850+0000] {dagbag.py:540} INFO - Filling up the DagBag from /usr/local/lib/python3.10/dist-packages/airflow/example_dags/example_dag_decorator.py
[2024-03-12T09:50:34.950+0000] {processor.py:840} INFO - DAG(s) 'example_dag_decorator' retrieved from /usr/local/lib/python3.10/dist-packages/airflow/example_dags/example_dag_decorator.py
[2024-03-12T09:50:35.111+0000] {logging_mixin.py:188} INFO - [2024-03-12T09:50:35.111+0000] {dag.py:3047} INFO - Sync 1 DAGs
[2024-03-12T09:50:35.122+0000] {logging_mixin.py:188} INFO - [2024-03-12T09:50:35.122+0000] {dag.py:3834} INFO - Setting next_dagrun for example_dag_decorator to None, run_after=None
[2024-03-12T09:50:35.153+0000] {processor.py:183} INFO - Processing /usr/local/lib/python3.10/dist-packages/airflow/example_dags/example_dag_decorator.py took 0.310 seconds
[2024-03-12T09:51:44.055+0000] {processor.py:161} INFO - Started process (PID=15780) to work on /usr/local/lib/python3.10/dist-packages/airflow/example_dags/example_dag_decorator.py
[2024-03-12T09:51:44.056+0000] {processor.py:830} INFO - Processing file /usr/local/lib/python3.10/dist-packages/airflow/example_dags/example_dag_decorator.py for tasks to queue
[2024-03-12T09:51:44.058+0000] {logging_mixin.py:188} INFO - [2024-03-12T09:51:44.057+0000] {dagbag.py:540} INFO - Filling up the DagBag from /usr/local/lib/python3.10/dist-packages/airflow/example_dags/example_dag_decorator.py
[2024-03-12T09:51:44.171+0000] {processor.py:840} INFO - DAG(s) 'example_dag_decorator' retrieved from /usr/local/lib/python3.10/dist-packages/airflow/example_dags/example_dag_decorator.py
[2024-03-12T09:51:44.329+0000] {logging_mixin.py:188} INFO - [2024-03-12T09:51:44.329+0000] {dag.py:3047} INFO - Sync 1 DAGs
[2024-03-12T09:51:44.341+0000] {logging_mixin.py:188} INFO - [2024-03-12T09:51:44.340+0000] {dag.py:3834} INFO - Setting next_dagrun for example_dag_decorator to None, run_after=None
[2024-03-12T09:51:44.370+0000] {processor.py:183} INFO - Processing /usr/local/lib/python3.10/dist-packages/airflow/example_dags/example_dag_decorator.py took 0.321 seconds
[2024-03-12T09:52:50.538+0000] {processor.py:161} INFO - Started process (PID=15845) to work on /usr/local/lib/python3.10/dist-packages/airflow/example_dags/example_dag_decorator.py
[2024-03-12T09:52:50.539+0000] {processor.py:830} INFO - Processing file /usr/local/lib/python3.10/dist-packages/airflow/example_dags/example_dag_decorator.py for tasks to queue
[2024-03-12T09:52:50.540+0000] {logging_mixin.py:188} INFO - [2024-03-12T09:52:50.540+0000] {dagbag.py:540} INFO - Filling up the DagBag from /usr/local/lib/python3.10/dist-packages/airflow/example_dags/example_dag_decorator.py
[2024-03-12T09:52:50.636+0000] {processor.py:840} INFO - DAG(s) 'example_dag_decorator' retrieved from /usr/local/lib/python3.10/dist-packages/airflow/example_dags/example_dag_decorator.py
[2024-03-12T09:52:50.748+0000] {logging_mixin.py:188} INFO - [2024-03-12T09:52:50.748+0000] {dag.py:3047} INFO - Sync 1 DAGs
[2024-03-12T09:52:50.758+0000] {logging_mixin.py:188} INFO - [2024-03-12T09:52:50.757+0000] {dag.py:3834} INFO - Setting next_dagrun for example_dag_decorator to None, run_after=None
[2024-03-12T09:52:50.784+0000] {processor.py:183} INFO - Processing /usr/local/lib/python3.10/dist-packages/airflow/example_dags/example_dag_decorator.py took 0.250 seconds
[2024-03-12T09:53:55.547+0000] {processor.py:161} INFO - Started process (PID=15908) to work on /usr/local/lib/python3.10/dist-packages/airflow/example_dags/example_dag_decorator.py
[2024-03-12T09:53:55.548+0000] {processor.py:830} INFO - Processing file /usr/local/lib/python3.10/dist-packages/airflow/example_dags/example_dag_decorator.py for tasks to queue
[2024-03-12T09:53:55.550+0000] {logging_mixin.py:188} INFO - [2024-03-12T09:53:55.549+0000] {dagbag.py:540} INFO - Filling up the DagBag from /usr/local/lib/python3.10/dist-packages/airflow/example_dags/example_dag_decorator.py
[2024-03-12T09:53:55.660+0000] {processor.py:840} INFO - DAG(s) 'example_dag_decorator' retrieved from /usr/local/lib/python3.10/dist-packages/airflow/example_dags/example_dag_decorator.py
[2024-03-12T09:53:55.816+0000] {logging_mixin.py:188} INFO - [2024-03-12T09:53:55.815+0000] {dag.py:3047} INFO - Sync 1 DAGs
[2024-03-12T09:53:55.833+0000] {logging_mixin.py:188} INFO - [2024-03-12T09:53:55.833+0000] {dag.py:3834} INFO - Setting next_dagrun for example_dag_decorator to None, run_after=None
[2024-03-12T09:53:55.874+0000] {processor.py:183} INFO - Processing /usr/local/lib/python3.10/dist-packages/airflow/example_dags/example_dag_decorator.py took 0.331 seconds
[2024-03-12T09:55:04.502+0000] {processor.py:161} INFO - Started process (PID=15975) to work on /usr/local/lib/python3.10/dist-packages/airflow/example_dags/example_dag_decorator.py
[2024-03-12T09:55:04.504+0000] {processor.py:830} INFO - Processing file /usr/local/lib/python3.10/dist-packages/airflow/example_dags/example_dag_decorator.py for tasks to queue
[2024-03-12T09:55:04.505+0000] {logging_mixin.py:188} INFO - [2024-03-12T09:55:04.505+0000] {dagbag.py:540} INFO - Filling up the DagBag from /usr/local/lib/python3.10/dist-packages/airflow/example_dags/example_dag_decorator.py
[2024-03-12T09:55:04.628+0000] {processor.py:840} INFO - DAG(s) 'example_dag_decorator' retrieved from /usr/local/lib/python3.10/dist-packages/airflow/example_dags/example_dag_decorator.py
[2024-03-12T09:55:04.757+0000] {logging_mixin.py:188} INFO - [2024-03-12T09:55:04.756+0000] {dag.py:3047} INFO - Sync 1 DAGs
[2024-03-12T09:55:04.772+0000] {logging_mixin.py:188} INFO - [2024-03-12T09:55:04.772+0000] {dag.py:3834} INFO - Setting next_dagrun for example_dag_decorator to None, run_after=None
[2024-03-12T09:55:04.801+0000] {processor.py:183} INFO - Processing /usr/local/lib/python3.10/dist-packages/airflow/example_dags/example_dag_decorator.py took 0.302 seconds
[2024-03-12T09:56:11.132+0000] {processor.py:161} INFO - Started process (PID=16042) to work on /usr/local/lib/python3.10/dist-packages/airflow/example_dags/example_dag_decorator.py
[2024-03-12T09:56:11.133+0000] {processor.py:830} INFO - Processing file /usr/local/lib/python3.10/dist-packages/airflow/example_dags/example_dag_decorator.py for tasks to queue
[2024-03-12T09:56:11.134+0000] {logging_mixin.py:188} INFO - [2024-03-12T09:56:11.134+0000] {dagbag.py:540} INFO - Filling up the DagBag from /usr/local/lib/python3.10/dist-packages/airflow/example_dags/example_dag_decorator.py
[2024-03-12T09:56:11.258+0000] {processor.py:840} INFO - DAG(s) 'example_dag_decorator' retrieved from /usr/local/lib/python3.10/dist-packages/airflow/example_dags/example_dag_decorator.py
[2024-03-12T09:56:11.437+0000] {logging_mixin.py:188} INFO - [2024-03-12T09:56:11.437+0000] {dag.py:3047} INFO - Sync 1 DAGs
[2024-03-12T09:56:11.450+0000] {logging_mixin.py:188} INFO - [2024-03-12T09:56:11.449+0000] {dag.py:3834} INFO - Setting next_dagrun for example_dag_decorator to None, run_after=None
[2024-03-12T09:56:11.483+0000] {processor.py:183} INFO - Processing /usr/local/lib/python3.10/dist-packages/airflow/example_dags/example_dag_decorator.py took 0.357 seconds
[2024-03-12T09:57:18.165+0000] {processor.py:161} INFO - Started process (PID=16105) to work on /usr/local/lib/python3.10/dist-packages/airflow/example_dags/example_dag_decorator.py
[2024-03-12T09:57:18.167+0000] {processor.py:830} INFO - Processing file /usr/local/lib/python3.10/dist-packages/airflow/example_dags/example_dag_decorator.py for tasks to queue
[2024-03-12T09:57:18.168+0000] {logging_mixin.py:188} INFO - [2024-03-12T09:57:18.167+0000] {dagbag.py:540} INFO - Filling up the DagBag from /usr/local/lib/python3.10/dist-packages/airflow/example_dags/example_dag_decorator.py
[2024-03-12T09:57:18.255+0000] {processor.py:840} INFO - DAG(s) 'example_dag_decorator' retrieved from /usr/local/lib/python3.10/dist-packages/airflow/example_dags/example_dag_decorator.py
[2024-03-12T09:57:18.352+0000] {logging_mixin.py:188} INFO - [2024-03-12T09:57:18.352+0000] {dag.py:3047} INFO - Sync 1 DAGs
[2024-03-12T09:57:18.363+0000] {logging_mixin.py:188} INFO - [2024-03-12T09:57:18.363+0000] {dag.py:3834} INFO - Setting next_dagrun for example_dag_decorator to None, run_after=None
[2024-03-12T09:57:18.389+0000] {processor.py:183} INFO - Processing /usr/local/lib/python3.10/dist-packages/airflow/example_dags/example_dag_decorator.py took 0.227 seconds
[2024-03-12T09:58:22.254+0000] {processor.py:161} INFO - Started process (PID=16176) to work on /usr/local/lib/python3.10/dist-packages/airflow/example_dags/example_dag_decorator.py
[2024-03-12T09:58:22.256+0000] {processor.py:830} INFO - Processing file /usr/local/lib/python3.10/dist-packages/airflow/example_dags/example_dag_decorator.py for tasks to queue
[2024-03-12T09:58:22.257+0000] {logging_mixin.py:188} INFO - [2024-03-12T09:58:22.256+0000] {dagbag.py:540} INFO - Filling up the DagBag from /usr/local/lib/python3.10/dist-packages/airflow/example_dags/example_dag_decorator.py
[2024-03-12T09:58:22.348+0000] {processor.py:840} INFO - DAG(s) 'example_dag_decorator' retrieved from /usr/local/lib/python3.10/dist-packages/airflow/example_dags/example_dag_decorator.py
[2024-03-12T09:58:22.456+0000] {logging_mixin.py:188} INFO - [2024-03-12T09:58:22.456+0000] {dag.py:3047} INFO - Sync 1 DAGs
[2024-03-12T09:58:22.471+0000] {logging_mixin.py:188} INFO - [2024-03-12T09:58:22.471+0000] {dag.py:3834} INFO - Setting next_dagrun for example_dag_decorator to None, run_after=None
[2024-03-12T09:58:22.500+0000] {processor.py:183} INFO - Processing /usr/local/lib/python3.10/dist-packages/airflow/example_dags/example_dag_decorator.py took 0.249 seconds
