[2024-03-12T09:19:54.184+0000] {processor.py:161} INFO - Started process (PID=13950) to work on /usr/local/lib/python3.10/dist-packages/airflow/example_dags/example_external_task_marker_dag.py
[2024-03-12T09:19:54.185+0000] {processor.py:830} INFO - Processing file /usr/local/lib/python3.10/dist-packages/airflow/example_dags/example_external_task_marker_dag.py for tasks to queue
[2024-03-12T09:19:54.186+0000] {logging_mixin.py:188} INFO - [2024-03-12T09:19:54.186+0000] {dagbag.py:540} INFO - Filling up the DagBag from /usr/local/lib/python3.10/dist-packages/airflow/example_dags/example_external_task_marker_dag.py
[2024-03-12T09:19:54.196+0000] {processor.py:840} INFO - DAG(s) 'example_external_task_marker_child', 'example_external_task_marker_parent' retrieved from /usr/local/lib/python3.10/dist-packages/airflow/example_dags/example_external_task_marker_dag.py
[2024-03-12T09:19:54.336+0000] {logging_mixin.py:188} INFO - [2024-03-12T09:19:54.335+0000] {override.py:1769} INFO - Created Permission View: can read on DAG:example_external_task_marker_child
[2024-03-12T09:19:54.351+0000] {logging_mixin.py:188} INFO - [2024-03-12T09:19:54.350+0000] {override.py:1769} INFO - Created Permission View: can edit on DAG:example_external_task_marker_child
[2024-03-12T09:19:54.362+0000] {logging_mixin.py:188} INFO - [2024-03-12T09:19:54.362+0000] {override.py:1769} INFO - Created Permission View: can delete on DAG:example_external_task_marker_child
[2024-03-12T09:19:54.388+0000] {logging_mixin.py:188} INFO - [2024-03-12T09:19:54.388+0000] {override.py:1769} INFO - Created Permission View: can read on DAG:example_external_task_marker_parent
[2024-03-12T09:19:54.411+0000] {logging_mixin.py:188} INFO - [2024-03-12T09:19:54.410+0000] {override.py:1769} INFO - Created Permission View: can edit on DAG:example_external_task_marker_parent
[2024-03-12T09:19:54.425+0000] {logging_mixin.py:188} INFO - [2024-03-12T09:19:54.424+0000] {override.py:1769} INFO - Created Permission View: can delete on DAG:example_external_task_marker_parent
[2024-03-12T09:19:54.426+0000] {logging_mixin.py:188} INFO - [2024-03-12T09:19:54.425+0000] {dag.py:3047} INFO - Sync 2 DAGs
[2024-03-12T09:19:54.449+0000] {logging_mixin.py:188} INFO - [2024-03-12T09:19:54.448+0000] {dag.py:3069} INFO - Creating ORM DAG for example_external_task_marker_child
[2024-03-12T09:19:54.449+0000] {logging_mixin.py:188} INFO - [2024-03-12T09:19:54.449+0000] {dag.py:3069} INFO - Creating ORM DAG for example_external_task_marker_parent
[2024-03-12T09:19:54.450+0000] {logging_mixin.py:188} INFO - [2024-03-12T09:19:54.450+0000] {dag.py:3834} INFO - Setting next_dagrun for example_external_task_marker_child to None, run_after=None
[2024-03-12T09:19:54.450+0000] {logging_mixin.py:188} INFO - [2024-03-12T09:19:54.450+0000] {dag.py:3834} INFO - Setting next_dagrun for example_external_task_marker_parent to None, run_after=None
[2024-03-12T09:19:54.634+0000] {processor.py:183} INFO - Processing /usr/local/lib/python3.10/dist-packages/airflow/example_dags/example_external_task_marker_dag.py took 0.454 seconds
[2024-03-12T09:22:45.451+0000] {processor.py:161} INFO - Started process (PID=14010) to work on /usr/local/lib/python3.10/dist-packages/airflow/example_dags/example_external_task_marker_dag.py
[2024-03-12T09:22:45.453+0000] {processor.py:830} INFO - Processing file /usr/local/lib/python3.10/dist-packages/airflow/example_dags/example_external_task_marker_dag.py for tasks to queue
[2024-03-12T09:22:45.456+0000] {logging_mixin.py:188} INFO - [2024-03-12T09:22:45.454+0000] {dagbag.py:540} INFO - Filling up the DagBag from /usr/local/lib/python3.10/dist-packages/airflow/example_dags/example_external_task_marker_dag.py
[2024-03-12T09:22:45.468+0000] {processor.py:840} INFO - DAG(s) 'example_external_task_marker_parent', 'example_external_task_marker_child' retrieved from /usr/local/lib/python3.10/dist-packages/airflow/example_dags/example_external_task_marker_dag.py
[2024-03-12T09:22:45.631+0000] {logging_mixin.py:188} INFO - [2024-03-12T09:22:45.631+0000] {dag.py:3047} INFO - Sync 2 DAGs
[2024-03-12T09:22:45.654+0000] {logging_mixin.py:188} INFO - [2024-03-12T09:22:45.654+0000] {dag.py:3834} INFO - Setting next_dagrun for example_external_task_marker_child to None, run_after=None
[2024-03-12T09:22:45.658+0000] {logging_mixin.py:188} INFO - [2024-03-12T09:22:45.657+0000] {dag.py:3834} INFO - Setting next_dagrun for example_external_task_marker_parent to None, run_after=None
[2024-03-12T09:22:45.840+0000] {processor.py:183} INFO - Processing /usr/local/lib/python3.10/dist-packages/airflow/example_dags/example_external_task_marker_dag.py took 0.394 seconds
[2024-03-12T09:23:48.636+0000] {processor.py:161} INFO - Started process (PID=14064) to work on /usr/local/lib/python3.10/dist-packages/airflow/example_dags/example_external_task_marker_dag.py
[2024-03-12T09:23:48.638+0000] {processor.py:830} INFO - Processing file /usr/local/lib/python3.10/dist-packages/airflow/example_dags/example_external_task_marker_dag.py for tasks to queue
[2024-03-12T09:23:48.639+0000] {logging_mixin.py:188} INFO - [2024-03-12T09:23:48.639+0000] {dagbag.py:540} INFO - Filling up the DagBag from /usr/local/lib/python3.10/dist-packages/airflow/example_dags/example_external_task_marker_dag.py
[2024-03-12T09:23:48.649+0000] {processor.py:840} INFO - DAG(s) 'example_external_task_marker_child', 'example_external_task_marker_parent' retrieved from /usr/local/lib/python3.10/dist-packages/airflow/example_dags/example_external_task_marker_dag.py
[2024-03-12T09:23:48.679+0000] {logging_mixin.py:188} INFO - [2024-03-12T09:23:48.679+0000] {dag.py:3047} INFO - Sync 2 DAGs
[2024-03-12T09:23:48.700+0000] {logging_mixin.py:188} INFO - [2024-03-12T09:23:48.700+0000] {dag.py:3834} INFO - Setting next_dagrun for example_external_task_marker_child to None, run_after=None
[2024-03-12T09:23:48.707+0000] {logging_mixin.py:188} INFO - [2024-03-12T09:23:48.707+0000] {dag.py:3834} INFO - Setting next_dagrun for example_external_task_marker_parent to None, run_after=None
[2024-03-12T09:23:48.741+0000] {processor.py:183} INFO - Processing /usr/local/lib/python3.10/dist-packages/airflow/example_dags/example_external_task_marker_dag.py took 0.109 seconds
[2024-03-12T09:24:42.732+0000] {processor.py:161} INFO - Started process (PID=14114) to work on /usr/local/lib/python3.10/dist-packages/airflow/example_dags/example_external_task_marker_dag.py
[2024-03-12T09:24:42.734+0000] {processor.py:830} INFO - Processing file /usr/local/lib/python3.10/dist-packages/airflow/example_dags/example_external_task_marker_dag.py for tasks to queue
[2024-03-12T09:24:42.736+0000] {logging_mixin.py:188} INFO - [2024-03-12T09:24:42.735+0000] {dagbag.py:540} INFO - Filling up the DagBag from /usr/local/lib/python3.10/dist-packages/airflow/example_dags/example_external_task_marker_dag.py
[2024-03-12T09:24:42.745+0000] {processor.py:840} INFO - DAG(s) 'example_external_task_marker_parent', 'example_external_task_marker_child' retrieved from /usr/local/lib/python3.10/dist-packages/airflow/example_dags/example_external_task_marker_dag.py
[2024-03-12T09:24:42.768+0000] {logging_mixin.py:188} INFO - [2024-03-12T09:24:42.768+0000] {dag.py:3047} INFO - Sync 2 DAGs
[2024-03-12T09:24:42.964+0000] {logging_mixin.py:188} INFO - [2024-03-12T09:24:42.963+0000] {dag.py:3834} INFO - Setting next_dagrun for example_external_task_marker_child to None, run_after=None
[2024-03-12T09:24:42.967+0000] {logging_mixin.py:188} INFO - [2024-03-12T09:24:42.967+0000] {dag.py:3834} INFO - Setting next_dagrun for example_external_task_marker_parent to None, run_after=None
[2024-03-12T09:24:42.990+0000] {processor.py:183} INFO - Processing /usr/local/lib/python3.10/dist-packages/airflow/example_dags/example_external_task_marker_dag.py took 0.271 seconds
[2024-03-12T09:25:37.557+0000] {processor.py:161} INFO - Started process (PID=14163) to work on /usr/local/lib/python3.10/dist-packages/airflow/example_dags/example_external_task_marker_dag.py
[2024-03-12T09:25:37.559+0000] {processor.py:830} INFO - Processing file /usr/local/lib/python3.10/dist-packages/airflow/example_dags/example_external_task_marker_dag.py for tasks to queue
[2024-03-12T09:25:37.560+0000] {logging_mixin.py:188} INFO - [2024-03-12T09:25:37.559+0000] {dagbag.py:540} INFO - Filling up the DagBag from /usr/local/lib/python3.10/dist-packages/airflow/example_dags/example_external_task_marker_dag.py
[2024-03-12T09:25:37.572+0000] {processor.py:840} INFO - DAG(s) 'example_external_task_marker_parent', 'example_external_task_marker_child' retrieved from /usr/local/lib/python3.10/dist-packages/airflow/example_dags/example_external_task_marker_dag.py
[2024-03-12T09:25:37.607+0000] {logging_mixin.py:188} INFO - [2024-03-12T09:25:37.607+0000] {dag.py:3047} INFO - Sync 2 DAGs
[2024-03-12T09:25:37.626+0000] {logging_mixin.py:188} INFO - [2024-03-12T09:25:37.626+0000] {dag.py:3834} INFO - Setting next_dagrun for example_external_task_marker_child to None, run_after=None
[2024-03-12T09:25:37.632+0000] {logging_mixin.py:188} INFO - [2024-03-12T09:25:37.632+0000] {dag.py:3834} INFO - Setting next_dagrun for example_external_task_marker_parent to None, run_after=None
[2024-03-12T09:25:37.665+0000] {processor.py:183} INFO - Processing /usr/local/lib/python3.10/dist-packages/airflow/example_dags/example_external_task_marker_dag.py took 0.114 seconds
[2024-03-12T09:26:19.776+0000] {processor.py:161} INFO - Started process (PID=14207) to work on /usr/local/lib/python3.10/dist-packages/airflow/example_dags/example_external_task_marker_dag.py
[2024-03-12T09:26:19.779+0000] {processor.py:830} INFO - Processing file /usr/local/lib/python3.10/dist-packages/airflow/example_dags/example_external_task_marker_dag.py for tasks to queue
[2024-03-12T09:26:19.781+0000] {logging_mixin.py:188} INFO - [2024-03-12T09:26:19.780+0000] {dagbag.py:540} INFO - Filling up the DagBag from /usr/local/lib/python3.10/dist-packages/airflow/example_dags/example_external_task_marker_dag.py
[2024-03-12T09:26:19.798+0000] {processor.py:840} INFO - DAG(s) 'example_external_task_marker_child', 'example_external_task_marker_parent' retrieved from /usr/local/lib/python3.10/dist-packages/airflow/example_dags/example_external_task_marker_dag.py
[2024-03-12T09:26:19.836+0000] {logging_mixin.py:188} INFO - [2024-03-12T09:26:19.835+0000] {dag.py:3047} INFO - Sync 2 DAGs
[2024-03-12T09:26:19.858+0000] {logging_mixin.py:188} INFO - [2024-03-12T09:26:19.857+0000] {dag.py:3834} INFO - Setting next_dagrun for example_external_task_marker_child to None, run_after=None
[2024-03-12T09:26:19.864+0000] {logging_mixin.py:188} INFO - [2024-03-12T09:26:19.863+0000] {dag.py:3834} INFO - Setting next_dagrun for example_external_task_marker_parent to None, run_after=None
[2024-03-12T09:26:19.899+0000] {processor.py:183} INFO - Processing /usr/local/lib/python3.10/dist-packages/airflow/example_dags/example_external_task_marker_dag.py took 0.131 seconds
[2024-03-12T09:27:21.225+0000] {processor.py:161} INFO - Started process (PID=14267) to work on /usr/local/lib/python3.10/dist-packages/airflow/example_dags/example_external_task_marker_dag.py
[2024-03-12T09:27:21.227+0000] {processor.py:830} INFO - Processing file /usr/local/lib/python3.10/dist-packages/airflow/example_dags/example_external_task_marker_dag.py for tasks to queue
[2024-03-12T09:27:21.228+0000] {logging_mixin.py:188} INFO - [2024-03-12T09:27:21.228+0000] {dagbag.py:540} INFO - Filling up the DagBag from /usr/local/lib/python3.10/dist-packages/airflow/example_dags/example_external_task_marker_dag.py
[2024-03-12T09:27:21.239+0000] {processor.py:840} INFO - DAG(s) 'example_external_task_marker_parent', 'example_external_task_marker_child' retrieved from /usr/local/lib/python3.10/dist-packages/airflow/example_dags/example_external_task_marker_dag.py
[2024-03-12T09:27:21.283+0000] {logging_mixin.py:188} INFO - [2024-03-12T09:27:21.282+0000] {dag.py:3047} INFO - Sync 2 DAGs
[2024-03-12T09:27:21.320+0000] {logging_mixin.py:188} INFO - [2024-03-12T09:27:21.320+0000] {dag.py:3834} INFO - Setting next_dagrun for example_external_task_marker_child to None, run_after=None
[2024-03-12T09:27:21.326+0000] {logging_mixin.py:188} INFO - [2024-03-12T09:27:21.326+0000] {dag.py:3834} INFO - Setting next_dagrun for example_external_task_marker_parent to None, run_after=None
[2024-03-12T09:27:21.368+0000] {processor.py:183} INFO - Processing /usr/local/lib/python3.10/dist-packages/airflow/example_dags/example_external_task_marker_dag.py took 0.148 seconds
[2024-03-12T09:28:21.200+0000] {processor.py:161} INFO - Started process (PID=14328) to work on /usr/local/lib/python3.10/dist-packages/airflow/example_dags/example_external_task_marker_dag.py
[2024-03-12T09:28:21.202+0000] {processor.py:830} INFO - Processing file /usr/local/lib/python3.10/dist-packages/airflow/example_dags/example_external_task_marker_dag.py for tasks to queue
[2024-03-12T09:28:21.203+0000] {logging_mixin.py:188} INFO - [2024-03-12T09:28:21.203+0000] {dagbag.py:540} INFO - Filling up the DagBag from /usr/local/lib/python3.10/dist-packages/airflow/example_dags/example_external_task_marker_dag.py
[2024-03-12T09:28:21.212+0000] {processor.py:840} INFO - DAG(s) 'example_external_task_marker_parent', 'example_external_task_marker_child' retrieved from /usr/local/lib/python3.10/dist-packages/airflow/example_dags/example_external_task_marker_dag.py
[2024-03-12T09:28:21.236+0000] {logging_mixin.py:188} INFO - [2024-03-12T09:28:21.236+0000] {dag.py:3047} INFO - Sync 2 DAGs
[2024-03-12T09:28:21.256+0000] {logging_mixin.py:188} INFO - [2024-03-12T09:28:21.255+0000] {dag.py:3834} INFO - Setting next_dagrun for example_external_task_marker_child to None, run_after=None
[2024-03-12T09:28:21.261+0000] {logging_mixin.py:188} INFO - [2024-03-12T09:28:21.260+0000] {dag.py:3834} INFO - Setting next_dagrun for example_external_task_marker_parent to None, run_after=None
[2024-03-12T09:28:21.304+0000] {processor.py:183} INFO - Processing /usr/local/lib/python3.10/dist-packages/airflow/example_dags/example_external_task_marker_dag.py took 0.109 seconds
[2024-03-12T09:29:22.041+0000] {processor.py:161} INFO - Started process (PID=14387) to work on /usr/local/lib/python3.10/dist-packages/airflow/example_dags/example_external_task_marker_dag.py
[2024-03-12T09:29:22.042+0000] {processor.py:830} INFO - Processing file /usr/local/lib/python3.10/dist-packages/airflow/example_dags/example_external_task_marker_dag.py for tasks to queue
[2024-03-12T09:29:22.043+0000] {logging_mixin.py:188} INFO - [2024-03-12T09:29:22.043+0000] {dagbag.py:540} INFO - Filling up the DagBag from /usr/local/lib/python3.10/dist-packages/airflow/example_dags/example_external_task_marker_dag.py
[2024-03-12T09:29:22.051+0000] {processor.py:840} INFO - DAG(s) 'example_external_task_marker_parent', 'example_external_task_marker_child' retrieved from /usr/local/lib/python3.10/dist-packages/airflow/example_dags/example_external_task_marker_dag.py
[2024-03-12T09:29:22.072+0000] {logging_mixin.py:188} INFO - [2024-03-12T09:29:22.072+0000] {dag.py:3047} INFO - Sync 2 DAGs
[2024-03-12T09:29:22.085+0000] {logging_mixin.py:188} INFO - [2024-03-12T09:29:22.084+0000] {dag.py:3834} INFO - Setting next_dagrun for example_external_task_marker_child to None, run_after=None
[2024-03-12T09:29:22.093+0000] {logging_mixin.py:188} INFO - [2024-03-12T09:29:22.093+0000] {dag.py:3834} INFO - Setting next_dagrun for example_external_task_marker_parent to None, run_after=None
[2024-03-12T09:29:22.120+0000] {processor.py:183} INFO - Processing /usr/local/lib/python3.10/dist-packages/airflow/example_dags/example_external_task_marker_dag.py took 0.083 seconds
[2024-03-12T09:30:23.293+0000] {processor.py:161} INFO - Started process (PID=14447) to work on /usr/local/lib/python3.10/dist-packages/airflow/example_dags/example_external_task_marker_dag.py
[2024-03-12T09:30:23.295+0000] {processor.py:830} INFO - Processing file /usr/local/lib/python3.10/dist-packages/airflow/example_dags/example_external_task_marker_dag.py for tasks to queue
[2024-03-12T09:30:23.296+0000] {logging_mixin.py:188} INFO - [2024-03-12T09:30:23.296+0000] {dagbag.py:540} INFO - Filling up the DagBag from /usr/local/lib/python3.10/dist-packages/airflow/example_dags/example_external_task_marker_dag.py
[2024-03-12T09:30:23.307+0000] {processor.py:840} INFO - DAG(s) 'example_external_task_marker_parent', 'example_external_task_marker_child' retrieved from /usr/local/lib/python3.10/dist-packages/airflow/example_dags/example_external_task_marker_dag.py
[2024-03-12T09:30:23.344+0000] {logging_mixin.py:188} INFO - [2024-03-12T09:30:23.343+0000] {dag.py:3047} INFO - Sync 2 DAGs
[2024-03-12T09:30:23.363+0000] {logging_mixin.py:188} INFO - [2024-03-12T09:30:23.363+0000] {dag.py:3834} INFO - Setting next_dagrun for example_external_task_marker_child to None, run_after=None
[2024-03-12T09:30:23.369+0000] {logging_mixin.py:188} INFO - [2024-03-12T09:30:23.368+0000] {dag.py:3834} INFO - Setting next_dagrun for example_external_task_marker_parent to None, run_after=None
[2024-03-12T09:30:23.408+0000] {processor.py:183} INFO - Processing /usr/local/lib/python3.10/dist-packages/airflow/example_dags/example_external_task_marker_dag.py took 0.122 seconds
[2024-03-12T09:31:25.182+0000] {processor.py:161} INFO - Started process (PID=14507) to work on /usr/local/lib/python3.10/dist-packages/airflow/example_dags/example_external_task_marker_dag.py
[2024-03-12T09:31:25.185+0000] {processor.py:830} INFO - Processing file /usr/local/lib/python3.10/dist-packages/airflow/example_dags/example_external_task_marker_dag.py for tasks to queue
[2024-03-12T09:31:25.187+0000] {logging_mixin.py:188} INFO - [2024-03-12T09:31:25.186+0000] {dagbag.py:540} INFO - Filling up the DagBag from /usr/local/lib/python3.10/dist-packages/airflow/example_dags/example_external_task_marker_dag.py
[2024-03-12T09:31:25.199+0000] {processor.py:840} INFO - DAG(s) 'example_external_task_marker_child', 'example_external_task_marker_parent' retrieved from /usr/local/lib/python3.10/dist-packages/airflow/example_dags/example_external_task_marker_dag.py
[2024-03-12T09:31:25.239+0000] {logging_mixin.py:188} INFO - [2024-03-12T09:31:25.238+0000] {dag.py:3047} INFO - Sync 2 DAGs
[2024-03-12T09:31:25.258+0000] {logging_mixin.py:188} INFO - [2024-03-12T09:31:25.258+0000] {dag.py:3834} INFO - Setting next_dagrun for example_external_task_marker_child to None, run_after=None
[2024-03-12T09:31:25.268+0000] {logging_mixin.py:188} INFO - [2024-03-12T09:31:25.268+0000] {dag.py:3834} INFO - Setting next_dagrun for example_external_task_marker_parent to None, run_after=None
[2024-03-12T09:31:25.299+0000] {processor.py:183} INFO - Processing /usr/local/lib/python3.10/dist-packages/airflow/example_dags/example_external_task_marker_dag.py took 0.125 seconds
[2024-03-12T09:32:28.718+0000] {processor.py:161} INFO - Started process (PID=14569) to work on /usr/local/lib/python3.10/dist-packages/airflow/example_dags/example_external_task_marker_dag.py
[2024-03-12T09:32:28.719+0000] {processor.py:830} INFO - Processing file /usr/local/lib/python3.10/dist-packages/airflow/example_dags/example_external_task_marker_dag.py for tasks to queue
[2024-03-12T09:32:28.720+0000] {logging_mixin.py:188} INFO - [2024-03-12T09:32:28.720+0000] {dagbag.py:540} INFO - Filling up the DagBag from /usr/local/lib/python3.10/dist-packages/airflow/example_dags/example_external_task_marker_dag.py
[2024-03-12T09:32:28.727+0000] {processor.py:840} INFO - DAG(s) 'example_external_task_marker_parent', 'example_external_task_marker_child' retrieved from /usr/local/lib/python3.10/dist-packages/airflow/example_dags/example_external_task_marker_dag.py
[2024-03-12T09:32:28.763+0000] {logging_mixin.py:188} INFO - [2024-03-12T09:32:28.762+0000] {dag.py:3047} INFO - Sync 2 DAGs
[2024-03-12T09:32:28.790+0000] {logging_mixin.py:188} INFO - [2024-03-12T09:32:28.790+0000] {dag.py:3834} INFO - Setting next_dagrun for example_external_task_marker_child to None, run_after=None
[2024-03-12T09:32:28.798+0000] {logging_mixin.py:188} INFO - [2024-03-12T09:32:28.798+0000] {dag.py:3834} INFO - Setting next_dagrun for example_external_task_marker_parent to None, run_after=None
[2024-03-12T09:32:28.827+0000] {processor.py:183} INFO - Processing /usr/local/lib/python3.10/dist-packages/airflow/example_dags/example_external_task_marker_dag.py took 0.115 seconds
[2024-03-12T09:33:15.567+0000] {processor.py:161} INFO - Started process (PID=14614) to work on /usr/local/lib/python3.10/dist-packages/airflow/example_dags/example_external_task_marker_dag.py
[2024-03-12T09:33:15.568+0000] {processor.py:830} INFO - Processing file /usr/local/lib/python3.10/dist-packages/airflow/example_dags/example_external_task_marker_dag.py for tasks to queue
[2024-03-12T09:33:15.569+0000] {logging_mixin.py:188} INFO - [2024-03-12T09:33:15.569+0000] {dagbag.py:540} INFO - Filling up the DagBag from /usr/local/lib/python3.10/dist-packages/airflow/example_dags/example_external_task_marker_dag.py
[2024-03-12T09:33:15.581+0000] {processor.py:840} INFO - DAG(s) 'example_external_task_marker_parent', 'example_external_task_marker_child' retrieved from /usr/local/lib/python3.10/dist-packages/airflow/example_dags/example_external_task_marker_dag.py
[2024-03-12T09:33:15.611+0000] {logging_mixin.py:188} INFO - [2024-03-12T09:33:15.611+0000] {dag.py:3047} INFO - Sync 2 DAGs
[2024-03-12T09:33:15.628+0000] {logging_mixin.py:188} INFO - [2024-03-12T09:33:15.628+0000] {dag.py:3834} INFO - Setting next_dagrun for example_external_task_marker_child to None, run_after=None
[2024-03-12T09:33:15.633+0000] {logging_mixin.py:188} INFO - [2024-03-12T09:33:15.633+0000] {dag.py:3834} INFO - Setting next_dagrun for example_external_task_marker_parent to None, run_after=None
[2024-03-12T09:33:15.657+0000] {processor.py:183} INFO - Processing /usr/local/lib/python3.10/dist-packages/airflow/example_dags/example_external_task_marker_dag.py took 0.094 seconds
[2024-03-12T09:34:20.041+0000] {processor.py:161} INFO - Started process (PID=14676) to work on /usr/local/lib/python3.10/dist-packages/airflow/example_dags/example_external_task_marker_dag.py
[2024-03-12T09:34:20.042+0000] {processor.py:830} INFO - Processing file /usr/local/lib/python3.10/dist-packages/airflow/example_dags/example_external_task_marker_dag.py for tasks to queue
[2024-03-12T09:34:20.043+0000] {logging_mixin.py:188} INFO - [2024-03-12T09:34:20.043+0000] {dagbag.py:540} INFO - Filling up the DagBag from /usr/local/lib/python3.10/dist-packages/airflow/example_dags/example_external_task_marker_dag.py
[2024-03-12T09:34:20.053+0000] {processor.py:840} INFO - DAG(s) 'example_external_task_marker_parent', 'example_external_task_marker_child' retrieved from /usr/local/lib/python3.10/dist-packages/airflow/example_dags/example_external_task_marker_dag.py
[2024-03-12T09:34:20.078+0000] {logging_mixin.py:188} INFO - [2024-03-12T09:34:20.078+0000] {dag.py:3047} INFO - Sync 2 DAGs
[2024-03-12T09:34:20.095+0000] {logging_mixin.py:188} INFO - [2024-03-12T09:34:20.094+0000] {dag.py:3834} INFO - Setting next_dagrun for example_external_task_marker_child to None, run_after=None
[2024-03-12T09:34:20.101+0000] {logging_mixin.py:188} INFO - [2024-03-12T09:34:20.101+0000] {dag.py:3834} INFO - Setting next_dagrun for example_external_task_marker_parent to None, run_after=None
[2024-03-12T09:34:20.147+0000] {processor.py:183} INFO - Processing /usr/local/lib/python3.10/dist-packages/airflow/example_dags/example_external_task_marker_dag.py took 0.112 seconds
[2024-03-12T09:35:27.237+0000] {processor.py:161} INFO - Started process (PID=14739) to work on /usr/local/lib/python3.10/dist-packages/airflow/example_dags/example_external_task_marker_dag.py
[2024-03-12T09:35:27.247+0000] {processor.py:830} INFO - Processing file /usr/local/lib/python3.10/dist-packages/airflow/example_dags/example_external_task_marker_dag.py for tasks to queue
[2024-03-12T09:35:27.249+0000] {logging_mixin.py:188} INFO - [2024-03-12T09:35:27.248+0000] {dagbag.py:540} INFO - Filling up the DagBag from /usr/local/lib/python3.10/dist-packages/airflow/example_dags/example_external_task_marker_dag.py
[2024-03-12T09:35:27.260+0000] {processor.py:840} INFO - DAG(s) 'example_external_task_marker_parent', 'example_external_task_marker_child' retrieved from /usr/local/lib/python3.10/dist-packages/airflow/example_dags/example_external_task_marker_dag.py
[2024-03-12T09:35:27.285+0000] {logging_mixin.py:188} INFO - [2024-03-12T09:35:27.285+0000] {dag.py:3047} INFO - Sync 2 DAGs
[2024-03-12T09:35:27.304+0000] {logging_mixin.py:188} INFO - [2024-03-12T09:35:27.303+0000] {dag.py:3834} INFO - Setting next_dagrun for example_external_task_marker_child to None, run_after=None
[2024-03-12T09:35:27.308+0000] {logging_mixin.py:188} INFO - [2024-03-12T09:35:27.308+0000] {dag.py:3834} INFO - Setting next_dagrun for example_external_task_marker_parent to None, run_after=None
[2024-03-12T09:35:27.337+0000] {processor.py:183} INFO - Processing /usr/local/lib/python3.10/dist-packages/airflow/example_dags/example_external_task_marker_dag.py took 0.107 seconds
[2024-03-12T09:36:27.323+0000] {processor.py:161} INFO - Started process (PID=14799) to work on /usr/local/lib/python3.10/dist-packages/airflow/example_dags/example_external_task_marker_dag.py
[2024-03-12T09:36:27.325+0000] {processor.py:830} INFO - Processing file /usr/local/lib/python3.10/dist-packages/airflow/example_dags/example_external_task_marker_dag.py for tasks to queue
[2024-03-12T09:36:27.327+0000] {logging_mixin.py:188} INFO - [2024-03-12T09:36:27.326+0000] {dagbag.py:540} INFO - Filling up the DagBag from /usr/local/lib/python3.10/dist-packages/airflow/example_dags/example_external_task_marker_dag.py
[2024-03-12T09:36:27.344+0000] {processor.py:840} INFO - DAG(s) 'example_external_task_marker_child', 'example_external_task_marker_parent' retrieved from /usr/local/lib/python3.10/dist-packages/airflow/example_dags/example_external_task_marker_dag.py
[2024-03-12T09:36:27.380+0000] {logging_mixin.py:188} INFO - [2024-03-12T09:36:27.380+0000] {dag.py:3047} INFO - Sync 2 DAGs
[2024-03-12T09:36:27.393+0000] {logging_mixin.py:188} INFO - [2024-03-12T09:36:27.393+0000] {dag.py:3834} INFO - Setting next_dagrun for example_external_task_marker_child to None, run_after=None
[2024-03-12T09:36:27.397+0000] {logging_mixin.py:188} INFO - [2024-03-12T09:36:27.397+0000] {dag.py:3834} INFO - Setting next_dagrun for example_external_task_marker_parent to None, run_after=None
[2024-03-12T09:36:27.419+0000] {processor.py:183} INFO - Processing /usr/local/lib/python3.10/dist-packages/airflow/example_dags/example_external_task_marker_dag.py took 0.105 seconds
[2024-03-12T09:37:30.097+0000] {processor.py:161} INFO - Started process (PID=14859) to work on /usr/local/lib/python3.10/dist-packages/airflow/example_dags/example_external_task_marker_dag.py
[2024-03-12T09:37:30.099+0000] {processor.py:830} INFO - Processing file /usr/local/lib/python3.10/dist-packages/airflow/example_dags/example_external_task_marker_dag.py for tasks to queue
[2024-03-12T09:37:30.102+0000] {logging_mixin.py:188} INFO - [2024-03-12T09:37:30.101+0000] {dagbag.py:540} INFO - Filling up the DagBag from /usr/local/lib/python3.10/dist-packages/airflow/example_dags/example_external_task_marker_dag.py
[2024-03-12T09:37:30.120+0000] {processor.py:840} INFO - DAG(s) 'example_external_task_marker_parent', 'example_external_task_marker_child' retrieved from /usr/local/lib/python3.10/dist-packages/airflow/example_dags/example_external_task_marker_dag.py
[2024-03-12T09:37:30.162+0000] {logging_mixin.py:188} INFO - [2024-03-12T09:37:30.161+0000] {dag.py:3047} INFO - Sync 2 DAGs
[2024-03-12T09:37:30.183+0000] {logging_mixin.py:188} INFO - [2024-03-12T09:37:30.183+0000] {dag.py:3834} INFO - Setting next_dagrun for example_external_task_marker_child to None, run_after=None
[2024-03-12T09:37:30.191+0000] {logging_mixin.py:188} INFO - [2024-03-12T09:37:30.191+0000] {dag.py:3834} INFO - Setting next_dagrun for example_external_task_marker_parent to None, run_after=None
[2024-03-12T09:37:30.228+0000] {processor.py:183} INFO - Processing /usr/local/lib/python3.10/dist-packages/airflow/example_dags/example_external_task_marker_dag.py took 0.135 seconds
[2024-03-12T09:38:32.735+0000] {processor.py:161} INFO - Started process (PID=14921) to work on /usr/local/lib/python3.10/dist-packages/airflow/example_dags/example_external_task_marker_dag.py
[2024-03-12T09:38:32.736+0000] {processor.py:830} INFO - Processing file /usr/local/lib/python3.10/dist-packages/airflow/example_dags/example_external_task_marker_dag.py for tasks to queue
[2024-03-12T09:38:32.737+0000] {logging_mixin.py:188} INFO - [2024-03-12T09:38:32.737+0000] {dagbag.py:540} INFO - Filling up the DagBag from /usr/local/lib/python3.10/dist-packages/airflow/example_dags/example_external_task_marker_dag.py
[2024-03-12T09:38:32.748+0000] {processor.py:840} INFO - DAG(s) 'example_external_task_marker_child', 'example_external_task_marker_parent' retrieved from /usr/local/lib/python3.10/dist-packages/airflow/example_dags/example_external_task_marker_dag.py
[2024-03-12T09:38:32.774+0000] {logging_mixin.py:188} INFO - [2024-03-12T09:38:32.774+0000] {dag.py:3047} INFO - Sync 2 DAGs
[2024-03-12T09:38:32.787+0000] {logging_mixin.py:188} INFO - [2024-03-12T09:38:32.786+0000] {dag.py:3834} INFO - Setting next_dagrun for example_external_task_marker_child to None, run_after=None
[2024-03-12T09:38:32.791+0000] {logging_mixin.py:188} INFO - [2024-03-12T09:38:32.790+0000] {dag.py:3834} INFO - Setting next_dagrun for example_external_task_marker_parent to None, run_after=None
[2024-03-12T09:38:32.825+0000] {processor.py:183} INFO - Processing /usr/local/lib/python3.10/dist-packages/airflow/example_dags/example_external_task_marker_dag.py took 0.094 seconds
[2024-03-12T09:39:37.485+0000] {processor.py:161} INFO - Started process (PID=14982) to work on /usr/local/lib/python3.10/dist-packages/airflow/example_dags/example_external_task_marker_dag.py
[2024-03-12T09:39:37.487+0000] {processor.py:830} INFO - Processing file /usr/local/lib/python3.10/dist-packages/airflow/example_dags/example_external_task_marker_dag.py for tasks to queue
[2024-03-12T09:39:37.488+0000] {logging_mixin.py:188} INFO - [2024-03-12T09:39:37.488+0000] {dagbag.py:540} INFO - Filling up the DagBag from /usr/local/lib/python3.10/dist-packages/airflow/example_dags/example_external_task_marker_dag.py
[2024-03-12T09:39:37.496+0000] {processor.py:840} INFO - DAG(s) 'example_external_task_marker_child', 'example_external_task_marker_parent' retrieved from /usr/local/lib/python3.10/dist-packages/airflow/example_dags/example_external_task_marker_dag.py
[2024-03-12T09:39:37.523+0000] {logging_mixin.py:188} INFO - [2024-03-12T09:39:37.523+0000] {dag.py:3047} INFO - Sync 2 DAGs
[2024-03-12T09:39:37.540+0000] {logging_mixin.py:188} INFO - [2024-03-12T09:39:37.539+0000] {dag.py:3834} INFO - Setting next_dagrun for example_external_task_marker_child to None, run_after=None
[2024-03-12T09:39:37.544+0000] {logging_mixin.py:188} INFO - [2024-03-12T09:39:37.543+0000] {dag.py:3834} INFO - Setting next_dagrun for example_external_task_marker_parent to None, run_after=None
[2024-03-12T09:39:37.571+0000] {processor.py:183} INFO - Processing /usr/local/lib/python3.10/dist-packages/airflow/example_dags/example_external_task_marker_dag.py took 0.091 seconds
[2024-03-12T09:40:23.622+0000] {processor.py:161} INFO - Started process (PID=15026) to work on /usr/local/lib/python3.10/dist-packages/airflow/example_dags/example_external_task_marker_dag.py
[2024-03-12T09:40:23.624+0000] {processor.py:830} INFO - Processing file /usr/local/lib/python3.10/dist-packages/airflow/example_dags/example_external_task_marker_dag.py for tasks to queue
[2024-03-12T09:40:23.625+0000] {logging_mixin.py:188} INFO - [2024-03-12T09:40:23.625+0000] {dagbag.py:540} INFO - Filling up the DagBag from /usr/local/lib/python3.10/dist-packages/airflow/example_dags/example_external_task_marker_dag.py
[2024-03-12T09:40:23.636+0000] {processor.py:840} INFO - DAG(s) 'example_external_task_marker_parent', 'example_external_task_marker_child' retrieved from /usr/local/lib/python3.10/dist-packages/airflow/example_dags/example_external_task_marker_dag.py
[2024-03-12T09:40:23.660+0000] {logging_mixin.py:188} INFO - [2024-03-12T09:40:23.660+0000] {dag.py:3047} INFO - Sync 2 DAGs
[2024-03-12T09:40:23.679+0000] {logging_mixin.py:188} INFO - [2024-03-12T09:40:23.679+0000] {dag.py:3834} INFO - Setting next_dagrun for example_external_task_marker_child to None, run_after=None
[2024-03-12T09:40:23.686+0000] {logging_mixin.py:188} INFO - [2024-03-12T09:40:23.686+0000] {dag.py:3834} INFO - Setting next_dagrun for example_external_task_marker_parent to None, run_after=None
[2024-03-12T09:40:23.714+0000] {processor.py:183} INFO - Processing /usr/local/lib/python3.10/dist-packages/airflow/example_dags/example_external_task_marker_dag.py took 0.095 seconds
[2024-03-12T09:41:26.818+0000] {processor.py:161} INFO - Started process (PID=15088) to work on /usr/local/lib/python3.10/dist-packages/airflow/example_dags/example_external_task_marker_dag.py
[2024-03-12T09:41:26.820+0000] {processor.py:830} INFO - Processing file /usr/local/lib/python3.10/dist-packages/airflow/example_dags/example_external_task_marker_dag.py for tasks to queue
[2024-03-12T09:41:26.821+0000] {logging_mixin.py:188} INFO - [2024-03-12T09:41:26.821+0000] {dagbag.py:540} INFO - Filling up the DagBag from /usr/local/lib/python3.10/dist-packages/airflow/example_dags/example_external_task_marker_dag.py
[2024-03-12T09:41:26.830+0000] {processor.py:840} INFO - DAG(s) 'example_external_task_marker_parent', 'example_external_task_marker_child' retrieved from /usr/local/lib/python3.10/dist-packages/airflow/example_dags/example_external_task_marker_dag.py
[2024-03-12T09:41:26.852+0000] {logging_mixin.py:188} INFO - [2024-03-12T09:41:26.852+0000] {dag.py:3047} INFO - Sync 2 DAGs
[2024-03-12T09:41:26.867+0000] {logging_mixin.py:188} INFO - [2024-03-12T09:41:26.867+0000] {dag.py:3834} INFO - Setting next_dagrun for example_external_task_marker_child to None, run_after=None
[2024-03-12T09:41:26.871+0000] {logging_mixin.py:188} INFO - [2024-03-12T09:41:26.871+0000] {dag.py:3834} INFO - Setting next_dagrun for example_external_task_marker_parent to None, run_after=None
[2024-03-12T09:41:26.894+0000] {processor.py:183} INFO - Processing /usr/local/lib/python3.10/dist-packages/airflow/example_dags/example_external_task_marker_dag.py took 0.079 seconds
[2024-03-12T09:42:28.256+0000] {processor.py:161} INFO - Started process (PID=15151) to work on /usr/local/lib/python3.10/dist-packages/airflow/example_dags/example_external_task_marker_dag.py
[2024-03-12T09:42:28.257+0000] {processor.py:830} INFO - Processing file /usr/local/lib/python3.10/dist-packages/airflow/example_dags/example_external_task_marker_dag.py for tasks to queue
[2024-03-12T09:42:28.258+0000] {logging_mixin.py:188} INFO - [2024-03-12T09:42:28.258+0000] {dagbag.py:540} INFO - Filling up the DagBag from /usr/local/lib/python3.10/dist-packages/airflow/example_dags/example_external_task_marker_dag.py
[2024-03-12T09:42:28.266+0000] {processor.py:840} INFO - DAG(s) 'example_external_task_marker_parent', 'example_external_task_marker_child' retrieved from /usr/local/lib/python3.10/dist-packages/airflow/example_dags/example_external_task_marker_dag.py
[2024-03-12T09:42:28.324+0000] {logging_mixin.py:188} INFO - [2024-03-12T09:42:28.323+0000] {dag.py:3047} INFO - Sync 2 DAGs
[2024-03-12T09:42:28.339+0000] {logging_mixin.py:188} INFO - [2024-03-12T09:42:28.338+0000] {dag.py:3834} INFO - Setting next_dagrun for example_external_task_marker_child to None, run_after=None
[2024-03-12T09:42:28.343+0000] {logging_mixin.py:188} INFO - [2024-03-12T09:42:28.343+0000] {dag.py:3834} INFO - Setting next_dagrun for example_external_task_marker_parent to None, run_after=None
[2024-03-12T09:42:28.370+0000] {processor.py:183} INFO - Processing /usr/local/lib/python3.10/dist-packages/airflow/example_dags/example_external_task_marker_dag.py took 0.120 seconds
[2024-03-12T09:43:27.990+0000] {processor.py:161} INFO - Started process (PID=15282) to work on /usr/local/lib/python3.10/dist-packages/airflow/example_dags/example_external_task_marker_dag.py
[2024-03-12T09:43:27.992+0000] {processor.py:830} INFO - Processing file /usr/local/lib/python3.10/dist-packages/airflow/example_dags/example_external_task_marker_dag.py for tasks to queue
[2024-03-12T09:43:27.993+0000] {logging_mixin.py:188} INFO - [2024-03-12T09:43:27.993+0000] {dagbag.py:540} INFO - Filling up the DagBag from /usr/local/lib/python3.10/dist-packages/airflow/example_dags/example_external_task_marker_dag.py
[2024-03-12T09:43:28.012+0000] {processor.py:840} INFO - DAG(s) 'example_external_task_marker_child', 'example_external_task_marker_parent' retrieved from /usr/local/lib/python3.10/dist-packages/airflow/example_dags/example_external_task_marker_dag.py
[2024-03-12T09:43:28.043+0000] {logging_mixin.py:188} INFO - [2024-03-12T09:43:28.043+0000] {dag.py:3047} INFO - Sync 2 DAGs
[2024-03-12T09:43:28.057+0000] {logging_mixin.py:188} INFO - [2024-03-12T09:43:28.056+0000] {dag.py:3834} INFO - Setting next_dagrun for example_external_task_marker_child to None, run_after=None
[2024-03-12T09:43:28.061+0000] {logging_mixin.py:188} INFO - [2024-03-12T09:43:28.060+0000] {dag.py:3834} INFO - Setting next_dagrun for example_external_task_marker_parent to None, run_after=None
[2024-03-12T09:43:28.084+0000] {processor.py:183} INFO - Processing /usr/local/lib/python3.10/dist-packages/airflow/example_dags/example_external_task_marker_dag.py took 0.101 seconds
[2024-03-12T09:44:33.669+0000] {processor.py:161} INFO - Started process (PID=15359) to work on /usr/local/lib/python3.10/dist-packages/airflow/example_dags/example_external_task_marker_dag.py
[2024-03-12T09:44:33.671+0000] {processor.py:830} INFO - Processing file /usr/local/lib/python3.10/dist-packages/airflow/example_dags/example_external_task_marker_dag.py for tasks to queue
[2024-03-12T09:44:33.672+0000] {logging_mixin.py:188} INFO - [2024-03-12T09:44:33.671+0000] {dagbag.py:540} INFO - Filling up the DagBag from /usr/local/lib/python3.10/dist-packages/airflow/example_dags/example_external_task_marker_dag.py
[2024-03-12T09:44:33.680+0000] {processor.py:840} INFO - DAG(s) 'example_external_task_marker_parent', 'example_external_task_marker_child' retrieved from /usr/local/lib/python3.10/dist-packages/airflow/example_dags/example_external_task_marker_dag.py
[2024-03-12T09:44:33.707+0000] {logging_mixin.py:188} INFO - [2024-03-12T09:44:33.706+0000] {dag.py:3047} INFO - Sync 2 DAGs
[2024-03-12T09:44:33.724+0000] {logging_mixin.py:188} INFO - [2024-03-12T09:44:33.723+0000] {dag.py:3834} INFO - Setting next_dagrun for example_external_task_marker_child to None, run_after=None
[2024-03-12T09:44:33.728+0000] {logging_mixin.py:188} INFO - [2024-03-12T09:44:33.727+0000] {dag.py:3834} INFO - Setting next_dagrun for example_external_task_marker_parent to None, run_after=None
[2024-03-12T09:44:33.755+0000] {processor.py:183} INFO - Processing /usr/local/lib/python3.10/dist-packages/airflow/example_dags/example_external_task_marker_dag.py took 0.090 seconds
[2024-03-12T09:45:38.550+0000] {processor.py:161} INFO - Started process (PID=15421) to work on /usr/local/lib/python3.10/dist-packages/airflow/example_dags/example_external_task_marker_dag.py
[2024-03-12T09:45:38.552+0000] {processor.py:830} INFO - Processing file /usr/local/lib/python3.10/dist-packages/airflow/example_dags/example_external_task_marker_dag.py for tasks to queue
[2024-03-12T09:45:38.553+0000] {logging_mixin.py:188} INFO - [2024-03-12T09:45:38.553+0000] {dagbag.py:540} INFO - Filling up the DagBag from /usr/local/lib/python3.10/dist-packages/airflow/example_dags/example_external_task_marker_dag.py
[2024-03-12T09:45:38.562+0000] {processor.py:840} INFO - DAG(s) 'example_external_task_marker_child', 'example_external_task_marker_parent' retrieved from /usr/local/lib/python3.10/dist-packages/airflow/example_dags/example_external_task_marker_dag.py
[2024-03-12T09:45:38.586+0000] {logging_mixin.py:188} INFO - [2024-03-12T09:45:38.586+0000] {dag.py:3047} INFO - Sync 2 DAGs
[2024-03-12T09:45:38.600+0000] {logging_mixin.py:188} INFO - [2024-03-12T09:45:38.599+0000] {dag.py:3834} INFO - Setting next_dagrun for example_external_task_marker_child to None, run_after=None
[2024-03-12T09:45:38.604+0000] {logging_mixin.py:188} INFO - [2024-03-12T09:45:38.603+0000] {dag.py:3834} INFO - Setting next_dagrun for example_external_task_marker_parent to None, run_after=None
[2024-03-12T09:45:38.632+0000] {processor.py:183} INFO - Processing /usr/local/lib/python3.10/dist-packages/airflow/example_dags/example_external_task_marker_dag.py took 0.087 seconds
[2024-03-12T09:46:38.517+0000] {processor.py:161} INFO - Started process (PID=15482) to work on /usr/local/lib/python3.10/dist-packages/airflow/example_dags/example_external_task_marker_dag.py
[2024-03-12T09:46:38.526+0000] {processor.py:830} INFO - Processing file /usr/local/lib/python3.10/dist-packages/airflow/example_dags/example_external_task_marker_dag.py for tasks to queue
[2024-03-12T09:46:38.529+0000] {logging_mixin.py:188} INFO - [2024-03-12T09:46:38.527+0000] {dagbag.py:540} INFO - Filling up the DagBag from /usr/local/lib/python3.10/dist-packages/airflow/example_dags/example_external_task_marker_dag.py
[2024-03-12T09:46:38.543+0000] {processor.py:840} INFO - DAG(s) 'example_external_task_marker_parent', 'example_external_task_marker_child' retrieved from /usr/local/lib/python3.10/dist-packages/airflow/example_dags/example_external_task_marker_dag.py
[2024-03-12T09:46:38.576+0000] {logging_mixin.py:188} INFO - [2024-03-12T09:46:38.575+0000] {dag.py:3047} INFO - Sync 2 DAGs
[2024-03-12T09:46:38.598+0000] {logging_mixin.py:188} INFO - [2024-03-12T09:46:38.597+0000] {dag.py:3834} INFO - Setting next_dagrun for example_external_task_marker_child to None, run_after=None
[2024-03-12T09:46:38.616+0000] {logging_mixin.py:188} INFO - [2024-03-12T09:46:38.615+0000] {dag.py:3834} INFO - Setting next_dagrun for example_external_task_marker_parent to None, run_after=None
[2024-03-12T09:46:38.665+0000] {processor.py:183} INFO - Processing /usr/local/lib/python3.10/dist-packages/airflow/example_dags/example_external_task_marker_dag.py took 0.153 seconds
[2024-03-12T09:47:39.733+0000] {processor.py:161} INFO - Started process (PID=15540) to work on /usr/local/lib/python3.10/dist-packages/airflow/example_dags/example_external_task_marker_dag.py
[2024-03-12T09:47:39.735+0000] {processor.py:830} INFO - Processing file /usr/local/lib/python3.10/dist-packages/airflow/example_dags/example_external_task_marker_dag.py for tasks to queue
[2024-03-12T09:47:39.736+0000] {logging_mixin.py:188} INFO - [2024-03-12T09:47:39.735+0000] {dagbag.py:540} INFO - Filling up the DagBag from /usr/local/lib/python3.10/dist-packages/airflow/example_dags/example_external_task_marker_dag.py
[2024-03-12T09:47:39.744+0000] {processor.py:840} INFO - DAG(s) 'example_external_task_marker_parent', 'example_external_task_marker_child' retrieved from /usr/local/lib/python3.10/dist-packages/airflow/example_dags/example_external_task_marker_dag.py
[2024-03-12T09:47:39.767+0000] {logging_mixin.py:188} INFO - [2024-03-12T09:47:39.767+0000] {dag.py:3047} INFO - Sync 2 DAGs
[2024-03-12T09:47:39.783+0000] {logging_mixin.py:188} INFO - [2024-03-12T09:47:39.782+0000] {dag.py:3834} INFO - Setting next_dagrun for example_external_task_marker_child to None, run_after=None
[2024-03-12T09:47:39.789+0000] {logging_mixin.py:188} INFO - [2024-03-12T09:47:39.789+0000] {dag.py:3834} INFO - Setting next_dagrun for example_external_task_marker_parent to None, run_after=None
[2024-03-12T09:47:39.816+0000] {processor.py:183} INFO - Processing /usr/local/lib/python3.10/dist-packages/airflow/example_dags/example_external_task_marker_dag.py took 0.087 seconds
[2024-03-12T09:48:40.032+0000] {processor.py:161} INFO - Started process (PID=15606) to work on /usr/local/lib/python3.10/dist-packages/airflow/example_dags/example_external_task_marker_dag.py
[2024-03-12T09:48:40.040+0000] {processor.py:830} INFO - Processing file /usr/local/lib/python3.10/dist-packages/airflow/example_dags/example_external_task_marker_dag.py for tasks to queue
[2024-03-12T09:48:40.041+0000] {logging_mixin.py:188} INFO - [2024-03-12T09:48:40.040+0000] {dagbag.py:540} INFO - Filling up the DagBag from /usr/local/lib/python3.10/dist-packages/airflow/example_dags/example_external_task_marker_dag.py
[2024-03-12T09:48:40.056+0000] {processor.py:840} INFO - DAG(s) 'example_external_task_marker_child', 'example_external_task_marker_parent' retrieved from /usr/local/lib/python3.10/dist-packages/airflow/example_dags/example_external_task_marker_dag.py
[2024-03-12T09:48:40.084+0000] {logging_mixin.py:188} INFO - [2024-03-12T09:48:40.084+0000] {dag.py:3047} INFO - Sync 2 DAGs
[2024-03-12T09:48:40.100+0000] {logging_mixin.py:188} INFO - [2024-03-12T09:48:40.100+0000] {dag.py:3834} INFO - Setting next_dagrun for example_external_task_marker_child to None, run_after=None
[2024-03-12T09:48:40.106+0000] {logging_mixin.py:188} INFO - [2024-03-12T09:48:40.105+0000] {dag.py:3834} INFO - Setting next_dagrun for example_external_task_marker_parent to None, run_after=None
[2024-03-12T09:48:40.133+0000] {processor.py:183} INFO - Processing /usr/local/lib/python3.10/dist-packages/airflow/example_dags/example_external_task_marker_dag.py took 0.105 seconds
[2024-03-12T09:49:44.963+0000] {processor.py:161} INFO - Started process (PID=15667) to work on /usr/local/lib/python3.10/dist-packages/airflow/example_dags/example_external_task_marker_dag.py
[2024-03-12T09:49:44.965+0000] {processor.py:830} INFO - Processing file /usr/local/lib/python3.10/dist-packages/airflow/example_dags/example_external_task_marker_dag.py for tasks to queue
[2024-03-12T09:49:44.967+0000] {logging_mixin.py:188} INFO - [2024-03-12T09:49:44.966+0000] {dagbag.py:540} INFO - Filling up the DagBag from /usr/local/lib/python3.10/dist-packages/airflow/example_dags/example_external_task_marker_dag.py
[2024-03-12T09:49:44.973+0000] {processor.py:840} INFO - DAG(s) 'example_external_task_marker_parent', 'example_external_task_marker_child' retrieved from /usr/local/lib/python3.10/dist-packages/airflow/example_dags/example_external_task_marker_dag.py
[2024-03-12T09:49:45.019+0000] {logging_mixin.py:188} INFO - [2024-03-12T09:49:45.016+0000] {dag.py:3047} INFO - Sync 2 DAGs
[2024-03-12T09:49:45.041+0000] {logging_mixin.py:188} INFO - [2024-03-12T09:49:45.041+0000] {dag.py:3834} INFO - Setting next_dagrun for example_external_task_marker_child to None, run_after=None
[2024-03-12T09:49:45.047+0000] {logging_mixin.py:188} INFO - [2024-03-12T09:49:45.046+0000] {dag.py:3834} INFO - Setting next_dagrun for example_external_task_marker_parent to None, run_after=None
[2024-03-12T09:49:45.079+0000] {processor.py:183} INFO - Processing /usr/local/lib/python3.10/dist-packages/airflow/example_dags/example_external_task_marker_dag.py took 0.124 seconds
[2024-03-12T09:50:30.288+0000] {processor.py:161} INFO - Started process (PID=15710) to work on /usr/local/lib/python3.10/dist-packages/airflow/example_dags/example_external_task_marker_dag.py
[2024-03-12T09:50:30.292+0000] {processor.py:830} INFO - Processing file /usr/local/lib/python3.10/dist-packages/airflow/example_dags/example_external_task_marker_dag.py for tasks to queue
[2024-03-12T09:50:30.293+0000] {logging_mixin.py:188} INFO - [2024-03-12T09:50:30.292+0000] {dagbag.py:540} INFO - Filling up the DagBag from /usr/local/lib/python3.10/dist-packages/airflow/example_dags/example_external_task_marker_dag.py
[2024-03-12T09:50:30.305+0000] {processor.py:840} INFO - DAG(s) 'example_external_task_marker_child', 'example_external_task_marker_parent' retrieved from /usr/local/lib/python3.10/dist-packages/airflow/example_dags/example_external_task_marker_dag.py
[2024-03-12T09:50:30.330+0000] {logging_mixin.py:188} INFO - [2024-03-12T09:50:30.329+0000] {dag.py:3047} INFO - Sync 2 DAGs
[2024-03-12T09:50:30.348+0000] {logging_mixin.py:188} INFO - [2024-03-12T09:50:30.347+0000] {dag.py:3834} INFO - Setting next_dagrun for example_external_task_marker_child to None, run_after=None
[2024-03-12T09:50:30.353+0000] {logging_mixin.py:188} INFO - [2024-03-12T09:50:30.353+0000] {dag.py:3834} INFO - Setting next_dagrun for example_external_task_marker_parent to None, run_after=None
[2024-03-12T09:50:30.401+0000] {processor.py:183} INFO - Processing /usr/local/lib/python3.10/dist-packages/airflow/example_dags/example_external_task_marker_dag.py took 0.121 seconds
[2024-03-12T09:51:38.238+0000] {processor.py:161} INFO - Started process (PID=15775) to work on /usr/local/lib/python3.10/dist-packages/airflow/example_dags/example_external_task_marker_dag.py
[2024-03-12T09:51:38.240+0000] {processor.py:830} INFO - Processing file /usr/local/lib/python3.10/dist-packages/airflow/example_dags/example_external_task_marker_dag.py for tasks to queue
[2024-03-12T09:51:38.241+0000] {logging_mixin.py:188} INFO - [2024-03-12T09:51:38.241+0000] {dagbag.py:540} INFO - Filling up the DagBag from /usr/local/lib/python3.10/dist-packages/airflow/example_dags/example_external_task_marker_dag.py
[2024-03-12T09:51:38.250+0000] {processor.py:840} INFO - DAG(s) 'example_external_task_marker_parent', 'example_external_task_marker_child' retrieved from /usr/local/lib/python3.10/dist-packages/airflow/example_dags/example_external_task_marker_dag.py
[2024-03-12T09:51:38.274+0000] {logging_mixin.py:188} INFO - [2024-03-12T09:51:38.274+0000] {dag.py:3047} INFO - Sync 2 DAGs
[2024-03-12T09:51:38.294+0000] {logging_mixin.py:188} INFO - [2024-03-12T09:51:38.293+0000] {dag.py:3834} INFO - Setting next_dagrun for example_external_task_marker_child to None, run_after=None
[2024-03-12T09:51:38.299+0000] {logging_mixin.py:188} INFO - [2024-03-12T09:51:38.299+0000] {dag.py:3834} INFO - Setting next_dagrun for example_external_task_marker_parent to None, run_after=None
[2024-03-12T09:51:38.325+0000] {processor.py:183} INFO - Processing /usr/local/lib/python3.10/dist-packages/airflow/example_dags/example_external_task_marker_dag.py took 0.093 seconds
[2024-03-12T09:52:25.041+0000] {processor.py:161} INFO - Started process (PID=15820) to work on /usr/local/lib/python3.10/dist-packages/airflow/example_dags/example_external_task_marker_dag.py
[2024-03-12T09:52:25.044+0000] {processor.py:830} INFO - Processing file /usr/local/lib/python3.10/dist-packages/airflow/example_dags/example_external_task_marker_dag.py for tasks to queue
[2024-03-12T09:52:25.045+0000] {logging_mixin.py:188} INFO - [2024-03-12T09:52:25.044+0000] {dagbag.py:540} INFO - Filling up the DagBag from /usr/local/lib/python3.10/dist-packages/airflow/example_dags/example_external_task_marker_dag.py
[2024-03-12T09:52:25.056+0000] {processor.py:840} INFO - DAG(s) 'example_external_task_marker_child', 'example_external_task_marker_parent' retrieved from /usr/local/lib/python3.10/dist-packages/airflow/example_dags/example_external_task_marker_dag.py
[2024-03-12T09:52:25.084+0000] {logging_mixin.py:188} INFO - [2024-03-12T09:52:25.084+0000] {dag.py:3047} INFO - Sync 2 DAGs
[2024-03-12T09:52:25.096+0000] {logging_mixin.py:188} INFO - [2024-03-12T09:52:25.096+0000] {dag.py:3834} INFO - Setting next_dagrun for example_external_task_marker_child to None, run_after=None
[2024-03-12T09:52:25.101+0000] {logging_mixin.py:188} INFO - [2024-03-12T09:52:25.101+0000] {dag.py:3834} INFO - Setting next_dagrun for example_external_task_marker_parent to None, run_after=None
[2024-03-12T09:52:25.127+0000] {processor.py:183} INFO - Processing /usr/local/lib/python3.10/dist-packages/airflow/example_dags/example_external_task_marker_dag.py took 0.095 seconds
[2024-03-12T09:53:27.404+0000] {processor.py:161} INFO - Started process (PID=15882) to work on /usr/local/lib/python3.10/dist-packages/airflow/example_dags/example_external_task_marker_dag.py
[2024-03-12T09:53:27.405+0000] {processor.py:830} INFO - Processing file /usr/local/lib/python3.10/dist-packages/airflow/example_dags/example_external_task_marker_dag.py for tasks to queue
[2024-03-12T09:53:27.406+0000] {logging_mixin.py:188} INFO - [2024-03-12T09:53:27.406+0000] {dagbag.py:540} INFO - Filling up the DagBag from /usr/local/lib/python3.10/dist-packages/airflow/example_dags/example_external_task_marker_dag.py
[2024-03-12T09:53:27.414+0000] {processor.py:840} INFO - DAG(s) 'example_external_task_marker_child', 'example_external_task_marker_parent' retrieved from /usr/local/lib/python3.10/dist-packages/airflow/example_dags/example_external_task_marker_dag.py
[2024-03-12T09:53:27.442+0000] {logging_mixin.py:188} INFO - [2024-03-12T09:53:27.441+0000] {dag.py:3047} INFO - Sync 2 DAGs
[2024-03-12T09:53:27.460+0000] {logging_mixin.py:188} INFO - [2024-03-12T09:53:27.459+0000] {dag.py:3834} INFO - Setting next_dagrun for example_external_task_marker_child to None, run_after=None
[2024-03-12T09:53:27.463+0000] {logging_mixin.py:188} INFO - [2024-03-12T09:53:27.463+0000] {dag.py:3834} INFO - Setting next_dagrun for example_external_task_marker_parent to None, run_after=None
[2024-03-12T09:53:27.488+0000] {processor.py:183} INFO - Processing /usr/local/lib/python3.10/dist-packages/airflow/example_dags/example_external_task_marker_dag.py took 0.088 seconds
[2024-03-12T09:54:13.686+0000] {processor.py:161} INFO - Started process (PID=15924) to work on /usr/local/lib/python3.10/dist-packages/airflow/example_dags/example_external_task_marker_dag.py
[2024-03-12T09:54:13.689+0000] {processor.py:830} INFO - Processing file /usr/local/lib/python3.10/dist-packages/airflow/example_dags/example_external_task_marker_dag.py for tasks to queue
[2024-03-12T09:54:13.690+0000] {logging_mixin.py:188} INFO - [2024-03-12T09:54:13.689+0000] {dagbag.py:540} INFO - Filling up the DagBag from /usr/local/lib/python3.10/dist-packages/airflow/example_dags/example_external_task_marker_dag.py
[2024-03-12T09:54:13.704+0000] {processor.py:840} INFO - DAG(s) 'example_external_task_marker_child', 'example_external_task_marker_parent' retrieved from /usr/local/lib/python3.10/dist-packages/airflow/example_dags/example_external_task_marker_dag.py
[2024-03-12T09:54:13.735+0000] {logging_mixin.py:188} INFO - [2024-03-12T09:54:13.734+0000] {dag.py:3047} INFO - Sync 2 DAGs
[2024-03-12T09:54:13.749+0000] {logging_mixin.py:188} INFO - [2024-03-12T09:54:13.748+0000] {dag.py:3834} INFO - Setting next_dagrun for example_external_task_marker_child to None, run_after=None
[2024-03-12T09:54:13.753+0000] {logging_mixin.py:188} INFO - [2024-03-12T09:54:13.753+0000] {dag.py:3834} INFO - Setting next_dagrun for example_external_task_marker_parent to None, run_after=None
[2024-03-12T09:54:13.784+0000] {processor.py:183} INFO - Processing /usr/local/lib/python3.10/dist-packages/airflow/example_dags/example_external_task_marker_dag.py took 0.107 seconds
[2024-03-12T09:54:59.310+0000] {processor.py:161} INFO - Started process (PID=15971) to work on /usr/local/lib/python3.10/dist-packages/airflow/example_dags/example_external_task_marker_dag.py
[2024-03-12T09:54:59.312+0000] {processor.py:830} INFO - Processing file /usr/local/lib/python3.10/dist-packages/airflow/example_dags/example_external_task_marker_dag.py for tasks to queue
[2024-03-12T09:54:59.314+0000] {logging_mixin.py:188} INFO - [2024-03-12T09:54:59.313+0000] {dagbag.py:540} INFO - Filling up the DagBag from /usr/local/lib/python3.10/dist-packages/airflow/example_dags/example_external_task_marker_dag.py
[2024-03-12T09:54:59.327+0000] {processor.py:840} INFO - DAG(s) 'example_external_task_marker_parent', 'example_external_task_marker_child' retrieved from /usr/local/lib/python3.10/dist-packages/airflow/example_dags/example_external_task_marker_dag.py
[2024-03-12T09:54:59.359+0000] {logging_mixin.py:188} INFO - [2024-03-12T09:54:59.359+0000] {dag.py:3047} INFO - Sync 2 DAGs
[2024-03-12T09:54:59.378+0000] {logging_mixin.py:188} INFO - [2024-03-12T09:54:59.377+0000] {dag.py:3834} INFO - Setting next_dagrun for example_external_task_marker_child to None, run_after=None
[2024-03-12T09:54:59.384+0000] {logging_mixin.py:188} INFO - [2024-03-12T09:54:59.383+0000] {dag.py:3834} INFO - Setting next_dagrun for example_external_task_marker_parent to None, run_after=None
[2024-03-12T09:54:59.420+0000] {processor.py:183} INFO - Processing /usr/local/lib/python3.10/dist-packages/airflow/example_dags/example_external_task_marker_dag.py took 0.114 seconds
[2024-03-12T09:55:45.322+0000] {processor.py:161} INFO - Started process (PID=16016) to work on /usr/local/lib/python3.10/dist-packages/airflow/example_dags/example_external_task_marker_dag.py
[2024-03-12T09:55:45.327+0000] {processor.py:830} INFO - Processing file /usr/local/lib/python3.10/dist-packages/airflow/example_dags/example_external_task_marker_dag.py for tasks to queue
[2024-03-12T09:55:45.328+0000] {logging_mixin.py:188} INFO - [2024-03-12T09:55:45.327+0000] {dagbag.py:540} INFO - Filling up the DagBag from /usr/local/lib/python3.10/dist-packages/airflow/example_dags/example_external_task_marker_dag.py
[2024-03-12T09:55:45.343+0000] {processor.py:840} INFO - DAG(s) 'example_external_task_marker_child', 'example_external_task_marker_parent' retrieved from /usr/local/lib/python3.10/dist-packages/airflow/example_dags/example_external_task_marker_dag.py
[2024-03-12T09:55:45.398+0000] {logging_mixin.py:188} INFO - [2024-03-12T09:55:45.397+0000] {dag.py:3047} INFO - Sync 2 DAGs
[2024-03-12T09:55:45.425+0000] {logging_mixin.py:188} INFO - [2024-03-12T09:55:45.424+0000] {dag.py:3834} INFO - Setting next_dagrun for example_external_task_marker_child to None, run_after=None
[2024-03-12T09:55:45.429+0000] {logging_mixin.py:188} INFO - [2024-03-12T09:55:45.429+0000] {dag.py:3834} INFO - Setting next_dagrun for example_external_task_marker_parent to None, run_after=None
[2024-03-12T09:55:45.456+0000] {processor.py:183} INFO - Processing /usr/local/lib/python3.10/dist-packages/airflow/example_dags/example_external_task_marker_dag.py took 0.142 seconds
[2024-03-12T09:56:52.057+0000] {processor.py:161} INFO - Started process (PID=16080) to work on /usr/local/lib/python3.10/dist-packages/airflow/example_dags/example_external_task_marker_dag.py
[2024-03-12T09:56:52.058+0000] {processor.py:830} INFO - Processing file /usr/local/lib/python3.10/dist-packages/airflow/example_dags/example_external_task_marker_dag.py for tasks to queue
[2024-03-12T09:56:52.060+0000] {logging_mixin.py:188} INFO - [2024-03-12T09:56:52.059+0000] {dagbag.py:540} INFO - Filling up the DagBag from /usr/local/lib/python3.10/dist-packages/airflow/example_dags/example_external_task_marker_dag.py
[2024-03-12T09:56:52.069+0000] {processor.py:840} INFO - DAG(s) 'example_external_task_marker_child', 'example_external_task_marker_parent' retrieved from /usr/local/lib/python3.10/dist-packages/airflow/example_dags/example_external_task_marker_dag.py
[2024-03-12T09:56:52.095+0000] {logging_mixin.py:188} INFO - [2024-03-12T09:56:52.095+0000] {dag.py:3047} INFO - Sync 2 DAGs
[2024-03-12T09:56:52.107+0000] {logging_mixin.py:188} INFO - [2024-03-12T09:56:52.107+0000] {dag.py:3834} INFO - Setting next_dagrun for example_external_task_marker_child to None, run_after=None
[2024-03-12T09:56:52.113+0000] {logging_mixin.py:188} INFO - [2024-03-12T09:56:52.113+0000] {dag.py:3834} INFO - Setting next_dagrun for example_external_task_marker_parent to None, run_after=None
[2024-03-12T09:56:52.147+0000] {processor.py:183} INFO - Processing /usr/local/lib/python3.10/dist-packages/airflow/example_dags/example_external_task_marker_dag.py took 0.096 seconds
[2024-03-12T09:57:57.936+0000] {processor.py:161} INFO - Started process (PID=16144) to work on /usr/local/lib/python3.10/dist-packages/airflow/example_dags/example_external_task_marker_dag.py
[2024-03-12T09:57:57.937+0000] {processor.py:830} INFO - Processing file /usr/local/lib/python3.10/dist-packages/airflow/example_dags/example_external_task_marker_dag.py for tasks to queue
[2024-03-12T09:57:57.938+0000] {logging_mixin.py:188} INFO - [2024-03-12T09:57:57.938+0000] {dagbag.py:540} INFO - Filling up the DagBag from /usr/local/lib/python3.10/dist-packages/airflow/example_dags/example_external_task_marker_dag.py
[2024-03-12T09:57:57.946+0000] {processor.py:840} INFO - DAG(s) 'example_external_task_marker_child', 'example_external_task_marker_parent' retrieved from /usr/local/lib/python3.10/dist-packages/airflow/example_dags/example_external_task_marker_dag.py
[2024-03-12T09:57:57.970+0000] {logging_mixin.py:188} INFO - [2024-03-12T09:57:57.970+0000] {dag.py:3047} INFO - Sync 2 DAGs
[2024-03-12T09:57:57.985+0000] {logging_mixin.py:188} INFO - [2024-03-12T09:57:57.984+0000] {dag.py:3834} INFO - Setting next_dagrun for example_external_task_marker_child to None, run_after=None
[2024-03-12T09:57:57.988+0000] {logging_mixin.py:188} INFO - [2024-03-12T09:57:57.988+0000] {dag.py:3834} INFO - Setting next_dagrun for example_external_task_marker_parent to None, run_after=None
[2024-03-12T09:57:58.015+0000] {processor.py:183} INFO - Processing /usr/local/lib/python3.10/dist-packages/airflow/example_dags/example_external_task_marker_dag.py took 0.083 seconds
[2024-03-12T09:58:59.979+0000] {processor.py:161} INFO - Started process (PID=16217) to work on /usr/local/lib/python3.10/dist-packages/airflow/example_dags/example_external_task_marker_dag.py
[2024-03-12T09:58:59.981+0000] {processor.py:830} INFO - Processing file /usr/local/lib/python3.10/dist-packages/airflow/example_dags/example_external_task_marker_dag.py for tasks to queue
[2024-03-12T09:58:59.982+0000] {logging_mixin.py:188} INFO - [2024-03-12T09:58:59.981+0000] {dagbag.py:540} INFO - Filling up the DagBag from /usr/local/lib/python3.10/dist-packages/airflow/example_dags/example_external_task_marker_dag.py
[2024-03-12T09:58:59.989+0000] {processor.py:840} INFO - DAG(s) 'example_external_task_marker_child', 'example_external_task_marker_parent' retrieved from /usr/local/lib/python3.10/dist-packages/airflow/example_dags/example_external_task_marker_dag.py
[2024-03-12T09:59:00.047+0000] {logging_mixin.py:188} INFO - [2024-03-12T09:59:00.046+0000] {dag.py:3047} INFO - Sync 2 DAGs
[2024-03-12T09:59:00.071+0000] {logging_mixin.py:188} INFO - [2024-03-12T09:59:00.071+0000] {dag.py:3834} INFO - Setting next_dagrun for example_external_task_marker_child to None, run_after=None
[2024-03-12T09:59:00.076+0000] {logging_mixin.py:188} INFO - [2024-03-12T09:59:00.075+0000] {dag.py:3834} INFO - Setting next_dagrun for example_external_task_marker_parent to None, run_after=None
[2024-03-12T09:59:00.101+0000] {processor.py:183} INFO - Processing /usr/local/lib/python3.10/dist-packages/airflow/example_dags/example_external_task_marker_dag.py took 0.125 seconds
[2024-03-12T10:00:04.346+0000] {processor.py:161} INFO - Started process (PID=16286) to work on /usr/local/lib/python3.10/dist-packages/airflow/example_dags/example_external_task_marker_dag.py
[2024-03-12T10:00:04.352+0000] {processor.py:830} INFO - Processing file /usr/local/lib/python3.10/dist-packages/airflow/example_dags/example_external_task_marker_dag.py for tasks to queue
[2024-03-12T10:00:04.353+0000] {logging_mixin.py:188} INFO - [2024-03-12T10:00:04.352+0000] {dagbag.py:540} INFO - Filling up the DagBag from /usr/local/lib/python3.10/dist-packages/airflow/example_dags/example_external_task_marker_dag.py
[2024-03-12T10:00:04.363+0000] {processor.py:840} INFO - DAG(s) 'example_external_task_marker_parent', 'example_external_task_marker_child' retrieved from /usr/local/lib/python3.10/dist-packages/airflow/example_dags/example_external_task_marker_dag.py
[2024-03-12T10:00:04.389+0000] {logging_mixin.py:188} INFO - [2024-03-12T10:00:04.389+0000] {dag.py:3047} INFO - Sync 2 DAGs
[2024-03-12T10:00:04.403+0000] {logging_mixin.py:188} INFO - [2024-03-12T10:00:04.403+0000] {dag.py:3834} INFO - Setting next_dagrun for example_external_task_marker_child to None, run_after=None
[2024-03-12T10:00:04.407+0000] {logging_mixin.py:188} INFO - [2024-03-12T10:00:04.407+0000] {dag.py:3834} INFO - Setting next_dagrun for example_external_task_marker_parent to None, run_after=None
[2024-03-12T10:00:04.430+0000] {processor.py:183} INFO - Processing /usr/local/lib/python3.10/dist-packages/airflow/example_dags/example_external_task_marker_dag.py took 0.090 seconds
[2024-03-12T10:01:07.882+0000] {processor.py:161} INFO - Started process (PID=16357) to work on /usr/local/lib/python3.10/dist-packages/airflow/example_dags/example_external_task_marker_dag.py
[2024-03-12T10:01:07.884+0000] {processor.py:830} INFO - Processing file /usr/local/lib/python3.10/dist-packages/airflow/example_dags/example_external_task_marker_dag.py for tasks to queue
[2024-03-12T10:01:07.885+0000] {logging_mixin.py:188} INFO - [2024-03-12T10:01:07.885+0000] {dagbag.py:540} INFO - Filling up the DagBag from /usr/local/lib/python3.10/dist-packages/airflow/example_dags/example_external_task_marker_dag.py
[2024-03-12T10:01:07.893+0000] {processor.py:840} INFO - DAG(s) 'example_external_task_marker_child', 'example_external_task_marker_parent' retrieved from /usr/local/lib/python3.10/dist-packages/airflow/example_dags/example_external_task_marker_dag.py
[2024-03-12T10:01:07.918+0000] {logging_mixin.py:188} INFO - [2024-03-12T10:01:07.917+0000] {dag.py:3047} INFO - Sync 2 DAGs
[2024-03-12T10:01:07.932+0000] {logging_mixin.py:188} INFO - [2024-03-12T10:01:07.932+0000] {dag.py:3834} INFO - Setting next_dagrun for example_external_task_marker_child to None, run_after=None
[2024-03-12T10:01:07.936+0000] {logging_mixin.py:188} INFO - [2024-03-12T10:01:07.936+0000] {dag.py:3834} INFO - Setting next_dagrun for example_external_task_marker_parent to None, run_after=None
[2024-03-12T10:01:07.964+0000] {processor.py:183} INFO - Processing /usr/local/lib/python3.10/dist-packages/airflow/example_dags/example_external_task_marker_dag.py took 0.086 seconds
[2024-03-12T10:02:10.150+0000] {processor.py:161} INFO - Started process (PID=16420) to work on /usr/local/lib/python3.10/dist-packages/airflow/example_dags/example_external_task_marker_dag.py
[2024-03-12T10:02:10.162+0000] {processor.py:830} INFO - Processing file /usr/local/lib/python3.10/dist-packages/airflow/example_dags/example_external_task_marker_dag.py for tasks to queue
[2024-03-12T10:02:10.165+0000] {logging_mixin.py:188} INFO - [2024-03-12T10:02:10.163+0000] {dagbag.py:540} INFO - Filling up the DagBag from /usr/local/lib/python3.10/dist-packages/airflow/example_dags/example_external_task_marker_dag.py
[2024-03-12T10:02:10.182+0000] {processor.py:840} INFO - DAG(s) 'example_external_task_marker_parent', 'example_external_task_marker_child' retrieved from /usr/local/lib/python3.10/dist-packages/airflow/example_dags/example_external_task_marker_dag.py
[2024-03-12T10:02:10.223+0000] {logging_mixin.py:188} INFO - [2024-03-12T10:02:10.222+0000] {dag.py:3047} INFO - Sync 2 DAGs
[2024-03-12T10:02:10.248+0000] {logging_mixin.py:188} INFO - [2024-03-12T10:02:10.248+0000] {dag.py:3834} INFO - Setting next_dagrun for example_external_task_marker_child to None, run_after=None
[2024-03-12T10:02:10.254+0000] {logging_mixin.py:188} INFO - [2024-03-12T10:02:10.254+0000] {dag.py:3834} INFO - Setting next_dagrun for example_external_task_marker_parent to None, run_after=None
[2024-03-12T10:02:10.290+0000] {processor.py:183} INFO - Processing /usr/local/lib/python3.10/dist-packages/airflow/example_dags/example_external_task_marker_dag.py took 0.146 seconds
[2024-03-12T10:03:11.217+0000] {processor.py:161} INFO - Started process (PID=16486) to work on /usr/local/lib/python3.10/dist-packages/airflow/example_dags/example_external_task_marker_dag.py
[2024-03-12T10:03:11.219+0000] {processor.py:830} INFO - Processing file /usr/local/lib/python3.10/dist-packages/airflow/example_dags/example_external_task_marker_dag.py for tasks to queue
[2024-03-12T10:03:11.220+0000] {logging_mixin.py:188} INFO - [2024-03-12T10:03:11.220+0000] {dagbag.py:540} INFO - Filling up the DagBag from /usr/local/lib/python3.10/dist-packages/airflow/example_dags/example_external_task_marker_dag.py
[2024-03-12T10:03:11.228+0000] {processor.py:840} INFO - DAG(s) 'example_external_task_marker_parent', 'example_external_task_marker_child' retrieved from /usr/local/lib/python3.10/dist-packages/airflow/example_dags/example_external_task_marker_dag.py
[2024-03-12T10:03:11.254+0000] {logging_mixin.py:188} INFO - [2024-03-12T10:03:11.254+0000] {dag.py:3047} INFO - Sync 2 DAGs
[2024-03-12T10:03:11.268+0000] {logging_mixin.py:188} INFO - [2024-03-12T10:03:11.268+0000] {dag.py:3834} INFO - Setting next_dagrun for example_external_task_marker_child to None, run_after=None
[2024-03-12T10:03:11.271+0000] {logging_mixin.py:188} INFO - [2024-03-12T10:03:11.271+0000] {dag.py:3834} INFO - Setting next_dagrun for example_external_task_marker_parent to None, run_after=None
[2024-03-12T10:03:11.301+0000] {processor.py:183} INFO - Processing /usr/local/lib/python3.10/dist-packages/airflow/example_dags/example_external_task_marker_dag.py took 0.088 seconds
[2024-03-12T10:04:14.751+0000] {processor.py:161} INFO - Started process (PID=16549) to work on /usr/local/lib/python3.10/dist-packages/airflow/example_dags/example_external_task_marker_dag.py
[2024-03-12T10:04:14.753+0000] {processor.py:830} INFO - Processing file /usr/local/lib/python3.10/dist-packages/airflow/example_dags/example_external_task_marker_dag.py for tasks to queue
[2024-03-12T10:04:14.754+0000] {logging_mixin.py:188} INFO - [2024-03-12T10:04:14.753+0000] {dagbag.py:540} INFO - Filling up the DagBag from /usr/local/lib/python3.10/dist-packages/airflow/example_dags/example_external_task_marker_dag.py
[2024-03-12T10:04:14.778+0000] {processor.py:840} INFO - DAG(s) 'example_external_task_marker_child', 'example_external_task_marker_parent' retrieved from /usr/local/lib/python3.10/dist-packages/airflow/example_dags/example_external_task_marker_dag.py
[2024-03-12T10:04:14.814+0000] {logging_mixin.py:188} INFO - [2024-03-12T10:04:14.813+0000] {dag.py:3047} INFO - Sync 2 DAGs
[2024-03-12T10:04:14.840+0000] {logging_mixin.py:188} INFO - [2024-03-12T10:04:14.840+0000] {dag.py:3834} INFO - Setting next_dagrun for example_external_task_marker_child to None, run_after=None
[2024-03-12T10:04:14.844+0000] {logging_mixin.py:188} INFO - [2024-03-12T10:04:14.844+0000] {dag.py:3834} INFO - Setting next_dagrun for example_external_task_marker_parent to None, run_after=None
[2024-03-12T10:04:14.879+0000] {processor.py:183} INFO - Processing /usr/local/lib/python3.10/dist-packages/airflow/example_dags/example_external_task_marker_dag.py took 0.134 seconds
