[2024-03-12T09:19:56.633+0000] {processor.py:161} INFO - Started process (PID=13952) to work on /usr/local/lib/python3.10/dist-packages/airflow/example_dags/example_setup_teardown.py
[2024-03-12T09:19:56.634+0000] {processor.py:830} INFO - Processing file /usr/local/lib/python3.10/dist-packages/airflow/example_dags/example_setup_teardown.py for tasks to queue
[2024-03-12T09:19:56.635+0000] {logging_mixin.py:188} INFO - [2024-03-12T09:19:56.635+0000] {dagbag.py:540} INFO - Filling up the DagBag from /usr/local/lib/python3.10/dist-packages/airflow/example_dags/example_setup_teardown.py
[2024-03-12T09:19:56.643+0000] {processor.py:840} INFO - DAG(s) 'example_setup_teardown' retrieved from /usr/local/lib/python3.10/dist-packages/airflow/example_dags/example_setup_teardown.py
[2024-03-12T09:19:56.766+0000] {logging_mixin.py:188} INFO - [2024-03-12T09:19:56.765+0000] {override.py:1769} INFO - Created Permission View: can read on DAG:example_setup_teardown
[2024-03-12T09:19:56.782+0000] {logging_mixin.py:188} INFO - [2024-03-12T09:19:56.782+0000] {override.py:1769} INFO - Created Permission View: can edit on DAG:example_setup_teardown
[2024-03-12T09:19:56.793+0000] {logging_mixin.py:188} INFO - [2024-03-12T09:19:56.792+0000] {override.py:1769} INFO - Created Permission View: can delete on DAG:example_setup_teardown
[2024-03-12T09:19:56.793+0000] {logging_mixin.py:188} INFO - [2024-03-12T09:19:56.793+0000] {dag.py:3047} INFO - Sync 1 DAGs
[2024-03-12T09:19:56.807+0000] {logging_mixin.py:188} INFO - [2024-03-12T09:19:56.807+0000] {dag.py:3069} INFO - Creating ORM DAG for example_setup_teardown
[2024-03-12T09:19:56.942+0000] {logging_mixin.py:188} INFO - [2024-03-12T09:19:56.941+0000] {dag.py:3834} INFO - Setting next_dagrun for example_setup_teardown to 2024-03-11 00:00:00+00:00, run_after=2024-03-12 00:00:00+00:00
[2024-03-12T09:19:56.965+0000] {processor.py:183} INFO - Processing /usr/local/lib/python3.10/dist-packages/airflow/example_dags/example_setup_teardown.py took 0.335 seconds
[2024-03-12T09:22:48.461+0000] {processor.py:161} INFO - Started process (PID=14012) to work on /usr/local/lib/python3.10/dist-packages/airflow/example_dags/example_setup_teardown.py
[2024-03-12T09:22:48.463+0000] {processor.py:830} INFO - Processing file /usr/local/lib/python3.10/dist-packages/airflow/example_dags/example_setup_teardown.py for tasks to queue
[2024-03-12T09:22:48.464+0000] {logging_mixin.py:188} INFO - [2024-03-12T09:22:48.463+0000] {dagbag.py:540} INFO - Filling up the DagBag from /usr/local/lib/python3.10/dist-packages/airflow/example_dags/example_setup_teardown.py
[2024-03-12T09:22:48.474+0000] {processor.py:840} INFO - DAG(s) 'example_setup_teardown' retrieved from /usr/local/lib/python3.10/dist-packages/airflow/example_dags/example_setup_teardown.py
[2024-03-12T09:22:48.592+0000] {logging_mixin.py:188} INFO - [2024-03-12T09:22:48.591+0000] {dag.py:3047} INFO - Sync 1 DAGs
[2024-03-12T09:22:48.739+0000] {logging_mixin.py:188} INFO - [2024-03-12T09:22:48.739+0000] {dag.py:3834} INFO - Setting next_dagrun for example_setup_teardown to 2024-03-11 00:00:00+00:00, run_after=2024-03-12 00:00:00+00:00
[2024-03-12T09:22:48.765+0000] {processor.py:183} INFO - Processing /usr/local/lib/python3.10/dist-packages/airflow/example_dags/example_setup_teardown.py took 0.309 seconds
[2024-03-12T09:23:51.203+0000] {processor.py:161} INFO - Started process (PID=14067) to work on /usr/local/lib/python3.10/dist-packages/airflow/example_dags/example_setup_teardown.py
[2024-03-12T09:23:51.207+0000] {processor.py:830} INFO - Processing file /usr/local/lib/python3.10/dist-packages/airflow/example_dags/example_setup_teardown.py for tasks to queue
[2024-03-12T09:23:51.209+0000] {logging_mixin.py:188} INFO - [2024-03-12T09:23:51.208+0000] {dagbag.py:540} INFO - Filling up the DagBag from /usr/local/lib/python3.10/dist-packages/airflow/example_dags/example_setup_teardown.py
[2024-03-12T09:23:51.258+0000] {processor.py:840} INFO - DAG(s) 'example_setup_teardown' retrieved from /usr/local/lib/python3.10/dist-packages/airflow/example_dags/example_setup_teardown.py
[2024-03-12T09:23:51.314+0000] {logging_mixin.py:188} INFO - [2024-03-12T09:23:51.314+0000] {dag.py:3047} INFO - Sync 1 DAGs
[2024-03-12T09:23:51.377+0000] {logging_mixin.py:188} INFO - [2024-03-12T09:23:51.377+0000] {dag.py:3834} INFO - Setting next_dagrun for example_setup_teardown to 2024-03-11 00:00:00+00:00, run_after=2024-03-12 00:00:00+00:00
[2024-03-12T09:23:51.466+0000] {processor.py:183} INFO - Processing /usr/local/lib/python3.10/dist-packages/airflow/example_dags/example_setup_teardown.py took 0.269 seconds
[2024-03-12T09:24:45.477+0000] {processor.py:161} INFO - Started process (PID=14116) to work on /usr/local/lib/python3.10/dist-packages/airflow/example_dags/example_setup_teardown.py
[2024-03-12T09:24:45.479+0000] {processor.py:830} INFO - Processing file /usr/local/lib/python3.10/dist-packages/airflow/example_dags/example_setup_teardown.py for tasks to queue
[2024-03-12T09:24:45.486+0000] {logging_mixin.py:188} INFO - [2024-03-12T09:24:45.485+0000] {dagbag.py:540} INFO - Filling up the DagBag from /usr/local/lib/python3.10/dist-packages/airflow/example_dags/example_setup_teardown.py
[2024-03-12T09:24:45.511+0000] {processor.py:840} INFO - DAG(s) 'example_setup_teardown' retrieved from /usr/local/lib/python3.10/dist-packages/airflow/example_dags/example_setup_teardown.py
[2024-03-12T09:24:45.549+0000] {logging_mixin.py:188} INFO - [2024-03-12T09:24:45.549+0000] {dag.py:3047} INFO - Sync 1 DAGs
[2024-03-12T09:24:45.757+0000] {logging_mixin.py:188} INFO - [2024-03-12T09:24:45.757+0000] {dag.py:3834} INFO - Setting next_dagrun for example_setup_teardown to 2024-03-11 00:00:00+00:00, run_after=2024-03-12 00:00:00+00:00
[2024-03-12T09:24:45.781+0000] {processor.py:183} INFO - Processing /usr/local/lib/python3.10/dist-packages/airflow/example_dags/example_setup_teardown.py took 0.311 seconds
[2024-03-12T09:25:39.152+0000] {processor.py:161} INFO - Started process (PID=14165) to work on /usr/local/lib/python3.10/dist-packages/airflow/example_dags/example_setup_teardown.py
[2024-03-12T09:25:39.153+0000] {processor.py:830} INFO - Processing file /usr/local/lib/python3.10/dist-packages/airflow/example_dags/example_setup_teardown.py for tasks to queue
[2024-03-12T09:25:39.154+0000] {logging_mixin.py:188} INFO - [2024-03-12T09:25:39.154+0000] {dagbag.py:540} INFO - Filling up the DagBag from /usr/local/lib/python3.10/dist-packages/airflow/example_dags/example_setup_teardown.py
[2024-03-12T09:25:39.162+0000] {processor.py:840} INFO - DAG(s) 'example_setup_teardown' retrieved from /usr/local/lib/python3.10/dist-packages/airflow/example_dags/example_setup_teardown.py
[2024-03-12T09:25:39.179+0000] {logging_mixin.py:188} INFO - [2024-03-12T09:25:39.178+0000] {dag.py:3047} INFO - Sync 1 DAGs
[2024-03-12T09:25:39.200+0000] {logging_mixin.py:188} INFO - [2024-03-12T09:25:39.200+0000] {dag.py:3834} INFO - Setting next_dagrun for example_setup_teardown to 2024-03-11 00:00:00+00:00, run_after=2024-03-12 00:00:00+00:00
[2024-03-12T09:25:39.227+0000] {processor.py:183} INFO - Processing /usr/local/lib/python3.10/dist-packages/airflow/example_dags/example_setup_teardown.py took 0.079 seconds
[2024-03-12T09:26:36.749+0000] {processor.py:161} INFO - Started process (PID=14224) to work on /usr/local/lib/python3.10/dist-packages/airflow/example_dags/example_setup_teardown.py
[2024-03-12T09:26:36.751+0000] {processor.py:830} INFO - Processing file /usr/local/lib/python3.10/dist-packages/airflow/example_dags/example_setup_teardown.py for tasks to queue
[2024-03-12T09:26:36.754+0000] {logging_mixin.py:188} INFO - [2024-03-12T09:26:36.752+0000] {dagbag.py:540} INFO - Filling up the DagBag from /usr/local/lib/python3.10/dist-packages/airflow/example_dags/example_setup_teardown.py
[2024-03-12T09:26:36.779+0000] {processor.py:840} INFO - DAG(s) 'example_setup_teardown' retrieved from /usr/local/lib/python3.10/dist-packages/airflow/example_dags/example_setup_teardown.py
[2024-03-12T09:26:36.835+0000] {logging_mixin.py:188} INFO - [2024-03-12T09:26:36.835+0000] {dag.py:3047} INFO - Sync 1 DAGs
[2024-03-12T09:26:36.893+0000] {logging_mixin.py:188} INFO - [2024-03-12T09:26:36.891+0000] {dag.py:3834} INFO - Setting next_dagrun for example_setup_teardown to 2024-03-11 00:00:00+00:00, run_after=2024-03-12 00:00:00+00:00
[2024-03-12T09:26:36.937+0000] {processor.py:183} INFO - Processing /usr/local/lib/python3.10/dist-packages/airflow/example_dags/example_setup_teardown.py took 0.200 seconds
[2024-03-12T09:27:23.130+0000] {processor.py:161} INFO - Started process (PID=14269) to work on /usr/local/lib/python3.10/dist-packages/airflow/example_dags/example_setup_teardown.py
[2024-03-12T09:27:23.132+0000] {processor.py:830} INFO - Processing file /usr/local/lib/python3.10/dist-packages/airflow/example_dags/example_setup_teardown.py for tasks to queue
[2024-03-12T09:27:23.135+0000] {logging_mixin.py:188} INFO - [2024-03-12T09:27:23.134+0000] {dagbag.py:540} INFO - Filling up the DagBag from /usr/local/lib/python3.10/dist-packages/airflow/example_dags/example_setup_teardown.py
[2024-03-12T09:27:23.164+0000] {processor.py:840} INFO - DAG(s) 'example_setup_teardown' retrieved from /usr/local/lib/python3.10/dist-packages/airflow/example_dags/example_setup_teardown.py
[2024-03-12T09:27:23.189+0000] {logging_mixin.py:188} INFO - [2024-03-12T09:27:23.189+0000] {dag.py:3047} INFO - Sync 1 DAGs
[2024-03-12T09:27:23.218+0000] {logging_mixin.py:188} INFO - [2024-03-12T09:27:23.217+0000] {dag.py:3834} INFO - Setting next_dagrun for example_setup_teardown to 2024-03-11 00:00:00+00:00, run_after=2024-03-12 00:00:00+00:00
[2024-03-12T09:27:23.256+0000] {processor.py:183} INFO - Processing /usr/local/lib/python3.10/dist-packages/airflow/example_dags/example_setup_teardown.py took 0.132 seconds
[2024-03-12T09:28:23.762+0000] {processor.py:161} INFO - Started process (PID=14330) to work on /usr/local/lib/python3.10/dist-packages/airflow/example_dags/example_setup_teardown.py
[2024-03-12T09:28:23.763+0000] {processor.py:830} INFO - Processing file /usr/local/lib/python3.10/dist-packages/airflow/example_dags/example_setup_teardown.py for tasks to queue
[2024-03-12T09:28:23.765+0000] {logging_mixin.py:188} INFO - [2024-03-12T09:28:23.764+0000] {dagbag.py:540} INFO - Filling up the DagBag from /usr/local/lib/python3.10/dist-packages/airflow/example_dags/example_setup_teardown.py
[2024-03-12T09:28:23.777+0000] {processor.py:840} INFO - DAG(s) 'example_setup_teardown' retrieved from /usr/local/lib/python3.10/dist-packages/airflow/example_dags/example_setup_teardown.py
[2024-03-12T09:28:23.798+0000] {logging_mixin.py:188} INFO - [2024-03-12T09:28:23.798+0000] {dag.py:3047} INFO - Sync 1 DAGs
[2024-03-12T09:28:23.849+0000] {logging_mixin.py:188} INFO - [2024-03-12T09:28:23.849+0000] {dag.py:3834} INFO - Setting next_dagrun for example_setup_teardown to 2024-03-11 00:00:00+00:00, run_after=2024-03-12 00:00:00+00:00
[2024-03-12T09:28:23.885+0000] {processor.py:183} INFO - Processing /usr/local/lib/python3.10/dist-packages/airflow/example_dags/example_setup_teardown.py took 0.127 seconds
[2024-03-12T09:29:23.576+0000] {processor.py:161} INFO - Started process (PID=14389) to work on /usr/local/lib/python3.10/dist-packages/airflow/example_dags/example_setup_teardown.py
[2024-03-12T09:29:23.578+0000] {processor.py:830} INFO - Processing file /usr/local/lib/python3.10/dist-packages/airflow/example_dags/example_setup_teardown.py for tasks to queue
[2024-03-12T09:29:23.581+0000] {logging_mixin.py:188} INFO - [2024-03-12T09:29:23.580+0000] {dagbag.py:540} INFO - Filling up the DagBag from /usr/local/lib/python3.10/dist-packages/airflow/example_dags/example_setup_teardown.py
[2024-03-12T09:29:23.590+0000] {processor.py:840} INFO - DAG(s) 'example_setup_teardown' retrieved from /usr/local/lib/python3.10/dist-packages/airflow/example_dags/example_setup_teardown.py
[2024-03-12T09:29:23.622+0000] {logging_mixin.py:188} INFO - [2024-03-12T09:29:23.622+0000] {dag.py:3047} INFO - Sync 1 DAGs
[2024-03-12T09:29:23.656+0000] {logging_mixin.py:188} INFO - [2024-03-12T09:29:23.656+0000] {dag.py:3834} INFO - Setting next_dagrun for example_setup_teardown to 2024-03-11 00:00:00+00:00, run_after=2024-03-12 00:00:00+00:00
[2024-03-12T09:29:23.686+0000] {processor.py:183} INFO - Processing /usr/local/lib/python3.10/dist-packages/airflow/example_dags/example_setup_teardown.py took 0.122 seconds
[2024-03-12T09:30:25.704+0000] {processor.py:161} INFO - Started process (PID=14449) to work on /usr/local/lib/python3.10/dist-packages/airflow/example_dags/example_setup_teardown.py
[2024-03-12T09:30:25.707+0000] {processor.py:830} INFO - Processing file /usr/local/lib/python3.10/dist-packages/airflow/example_dags/example_setup_teardown.py for tasks to queue
[2024-03-12T09:30:25.709+0000] {logging_mixin.py:188} INFO - [2024-03-12T09:30:25.708+0000] {dagbag.py:540} INFO - Filling up the DagBag from /usr/local/lib/python3.10/dist-packages/airflow/example_dags/example_setup_teardown.py
[2024-03-12T09:30:25.722+0000] {processor.py:840} INFO - DAG(s) 'example_setup_teardown' retrieved from /usr/local/lib/python3.10/dist-packages/airflow/example_dags/example_setup_teardown.py
[2024-03-12T09:30:25.749+0000] {logging_mixin.py:188} INFO - [2024-03-12T09:30:25.749+0000] {dag.py:3047} INFO - Sync 1 DAGs
[2024-03-12T09:30:25.784+0000] {logging_mixin.py:188} INFO - [2024-03-12T09:30:25.783+0000] {dag.py:3834} INFO - Setting next_dagrun for example_setup_teardown to 2024-03-11 00:00:00+00:00, run_after=2024-03-12 00:00:00+00:00
[2024-03-12T09:30:25.816+0000] {processor.py:183} INFO - Processing /usr/local/lib/python3.10/dist-packages/airflow/example_dags/example_setup_teardown.py took 0.116 seconds
[2024-03-12T09:31:27.571+0000] {processor.py:161} INFO - Started process (PID=14509) to work on /usr/local/lib/python3.10/dist-packages/airflow/example_dags/example_setup_teardown.py
[2024-03-12T09:31:27.573+0000] {processor.py:830} INFO - Processing file /usr/local/lib/python3.10/dist-packages/airflow/example_dags/example_setup_teardown.py for tasks to queue
[2024-03-12T09:31:27.574+0000] {logging_mixin.py:188} INFO - [2024-03-12T09:31:27.573+0000] {dagbag.py:540} INFO - Filling up the DagBag from /usr/local/lib/python3.10/dist-packages/airflow/example_dags/example_setup_teardown.py
[2024-03-12T09:31:27.584+0000] {processor.py:840} INFO - DAG(s) 'example_setup_teardown' retrieved from /usr/local/lib/python3.10/dist-packages/airflow/example_dags/example_setup_teardown.py
[2024-03-12T09:31:27.606+0000] {logging_mixin.py:188} INFO - [2024-03-12T09:31:27.605+0000] {dag.py:3047} INFO - Sync 1 DAGs
[2024-03-12T09:31:27.643+0000] {logging_mixin.py:188} INFO - [2024-03-12T09:31:27.643+0000] {dag.py:3834} INFO - Setting next_dagrun for example_setup_teardown to 2024-03-11 00:00:00+00:00, run_after=2024-03-12 00:00:00+00:00
[2024-03-12T09:31:27.685+0000] {processor.py:183} INFO - Processing /usr/local/lib/python3.10/dist-packages/airflow/example_dags/example_setup_teardown.py took 0.124 seconds
[2024-03-12T09:32:31.209+0000] {processor.py:161} INFO - Started process (PID=14571) to work on /usr/local/lib/python3.10/dist-packages/airflow/example_dags/example_setup_teardown.py
[2024-03-12T09:32:31.210+0000] {processor.py:830} INFO - Processing file /usr/local/lib/python3.10/dist-packages/airflow/example_dags/example_setup_teardown.py for tasks to queue
[2024-03-12T09:32:31.211+0000] {logging_mixin.py:188} INFO - [2024-03-12T09:32:31.211+0000] {dagbag.py:540} INFO - Filling up the DagBag from /usr/local/lib/python3.10/dist-packages/airflow/example_dags/example_setup_teardown.py
[2024-03-12T09:32:31.220+0000] {processor.py:840} INFO - DAG(s) 'example_setup_teardown' retrieved from /usr/local/lib/python3.10/dist-packages/airflow/example_dags/example_setup_teardown.py
[2024-03-12T09:32:31.238+0000] {logging_mixin.py:188} INFO - [2024-03-12T09:32:31.238+0000] {dag.py:3047} INFO - Sync 1 DAGs
[2024-03-12T09:32:31.259+0000] {logging_mixin.py:188} INFO - [2024-03-12T09:32:31.259+0000] {dag.py:3834} INFO - Setting next_dagrun for example_setup_teardown to 2024-03-11 00:00:00+00:00, run_after=2024-03-12 00:00:00+00:00
[2024-03-12T09:32:31.283+0000] {processor.py:183} INFO - Processing /usr/local/lib/python3.10/dist-packages/airflow/example_dags/example_setup_teardown.py took 0.078 seconds
[2024-03-12T09:33:38.407+0000] {processor.py:161} INFO - Started process (PID=14635) to work on /usr/local/lib/python3.10/dist-packages/airflow/example_dags/example_setup_teardown.py
[2024-03-12T09:33:38.409+0000] {processor.py:830} INFO - Processing file /usr/local/lib/python3.10/dist-packages/airflow/example_dags/example_setup_teardown.py for tasks to queue
[2024-03-12T09:33:38.410+0000] {logging_mixin.py:188} INFO - [2024-03-12T09:33:38.409+0000] {dagbag.py:540} INFO - Filling up the DagBag from /usr/local/lib/python3.10/dist-packages/airflow/example_dags/example_setup_teardown.py
[2024-03-12T09:33:38.418+0000] {processor.py:840} INFO - DAG(s) 'example_setup_teardown' retrieved from /usr/local/lib/python3.10/dist-packages/airflow/example_dags/example_setup_teardown.py
[2024-03-12T09:33:38.452+0000] {logging_mixin.py:188} INFO - [2024-03-12T09:33:38.452+0000] {dag.py:3047} INFO - Sync 1 DAGs
[2024-03-12T09:33:38.478+0000] {logging_mixin.py:188} INFO - [2024-03-12T09:33:38.478+0000] {dag.py:3834} INFO - Setting next_dagrun for example_setup_teardown to 2024-03-11 00:00:00+00:00, run_after=2024-03-12 00:00:00+00:00
[2024-03-12T09:33:38.511+0000] {processor.py:183} INFO - Processing /usr/local/lib/python3.10/dist-packages/airflow/example_dags/example_setup_teardown.py took 0.108 seconds
[2024-03-12T09:34:40.619+0000] {processor.py:161} INFO - Started process (PID=14697) to work on /usr/local/lib/python3.10/dist-packages/airflow/example_dags/example_setup_teardown.py
[2024-03-12T09:34:40.620+0000] {processor.py:830} INFO - Processing file /usr/local/lib/python3.10/dist-packages/airflow/example_dags/example_setup_teardown.py for tasks to queue
[2024-03-12T09:34:40.621+0000] {logging_mixin.py:188} INFO - [2024-03-12T09:34:40.621+0000] {dagbag.py:540} INFO - Filling up the DagBag from /usr/local/lib/python3.10/dist-packages/airflow/example_dags/example_setup_teardown.py
[2024-03-12T09:34:40.632+0000] {processor.py:840} INFO - DAG(s) 'example_setup_teardown' retrieved from /usr/local/lib/python3.10/dist-packages/airflow/example_dags/example_setup_teardown.py
[2024-03-12T09:34:40.651+0000] {logging_mixin.py:188} INFO - [2024-03-12T09:34:40.651+0000] {dag.py:3047} INFO - Sync 1 DAGs
[2024-03-12T09:34:40.676+0000] {logging_mixin.py:188} INFO - [2024-03-12T09:34:40.675+0000] {dag.py:3834} INFO - Setting next_dagrun for example_setup_teardown to 2024-03-11 00:00:00+00:00, run_after=2024-03-12 00:00:00+00:00
[2024-03-12T09:34:40.701+0000] {processor.py:183} INFO - Processing /usr/local/lib/python3.10/dist-packages/airflow/example_dags/example_setup_teardown.py took 0.087 seconds
[2024-03-12T09:35:28.993+0000] {processor.py:161} INFO - Started process (PID=14741) to work on /usr/local/lib/python3.10/dist-packages/airflow/example_dags/example_setup_teardown.py
[2024-03-12T09:35:28.995+0000] {processor.py:830} INFO - Processing file /usr/local/lib/python3.10/dist-packages/airflow/example_dags/example_setup_teardown.py for tasks to queue
[2024-03-12T09:35:28.996+0000] {logging_mixin.py:188} INFO - [2024-03-12T09:35:28.996+0000] {dagbag.py:540} INFO - Filling up the DagBag from /usr/local/lib/python3.10/dist-packages/airflow/example_dags/example_setup_teardown.py
[2024-03-12T09:35:29.015+0000] {processor.py:840} INFO - DAG(s) 'example_setup_teardown' retrieved from /usr/local/lib/python3.10/dist-packages/airflow/example_dags/example_setup_teardown.py
[2024-03-12T09:35:29.041+0000] {logging_mixin.py:188} INFO - [2024-03-12T09:35:29.041+0000] {dag.py:3047} INFO - Sync 1 DAGs
[2024-03-12T09:35:29.067+0000] {logging_mixin.py:188} INFO - [2024-03-12T09:35:29.066+0000] {dag.py:3834} INFO - Setting next_dagrun for example_setup_teardown to 2024-03-11 00:00:00+00:00, run_after=2024-03-12 00:00:00+00:00
[2024-03-12T09:35:29.093+0000] {processor.py:183} INFO - Processing /usr/local/lib/python3.10/dist-packages/airflow/example_dags/example_setup_teardown.py took 0.105 seconds
[2024-03-12T09:36:29.818+0000] {processor.py:161} INFO - Started process (PID=14801) to work on /usr/local/lib/python3.10/dist-packages/airflow/example_dags/example_setup_teardown.py
[2024-03-12T09:36:29.820+0000] {processor.py:830} INFO - Processing file /usr/local/lib/python3.10/dist-packages/airflow/example_dags/example_setup_teardown.py for tasks to queue
[2024-03-12T09:36:29.821+0000] {logging_mixin.py:188} INFO - [2024-03-12T09:36:29.820+0000] {dagbag.py:540} INFO - Filling up the DagBag from /usr/local/lib/python3.10/dist-packages/airflow/example_dags/example_setup_teardown.py
[2024-03-12T09:36:29.830+0000] {processor.py:840} INFO - DAG(s) 'example_setup_teardown' retrieved from /usr/local/lib/python3.10/dist-packages/airflow/example_dags/example_setup_teardown.py
[2024-03-12T09:36:29.849+0000] {logging_mixin.py:188} INFO - [2024-03-12T09:36:29.848+0000] {dag.py:3047} INFO - Sync 1 DAGs
[2024-03-12T09:36:29.870+0000] {logging_mixin.py:188} INFO - [2024-03-12T09:36:29.870+0000] {dag.py:3834} INFO - Setting next_dagrun for example_setup_teardown to 2024-03-11 00:00:00+00:00, run_after=2024-03-12 00:00:00+00:00
[2024-03-12T09:36:29.910+0000] {processor.py:183} INFO - Processing /usr/local/lib/python3.10/dist-packages/airflow/example_dags/example_setup_teardown.py took 0.094 seconds
[2024-03-12T09:37:32.641+0000] {processor.py:161} INFO - Started process (PID=14861) to work on /usr/local/lib/python3.10/dist-packages/airflow/example_dags/example_setup_teardown.py
[2024-03-12T09:37:32.643+0000] {processor.py:830} INFO - Processing file /usr/local/lib/python3.10/dist-packages/airflow/example_dags/example_setup_teardown.py for tasks to queue
[2024-03-12T09:37:32.645+0000] {logging_mixin.py:188} INFO - [2024-03-12T09:37:32.645+0000] {dagbag.py:540} INFO - Filling up the DagBag from /usr/local/lib/python3.10/dist-packages/airflow/example_dags/example_setup_teardown.py
[2024-03-12T09:37:32.656+0000] {processor.py:840} INFO - DAG(s) 'example_setup_teardown' retrieved from /usr/local/lib/python3.10/dist-packages/airflow/example_dags/example_setup_teardown.py
[2024-03-12T09:37:32.680+0000] {logging_mixin.py:188} INFO - [2024-03-12T09:37:32.680+0000] {dag.py:3047} INFO - Sync 1 DAGs
[2024-03-12T09:37:32.705+0000] {logging_mixin.py:188} INFO - [2024-03-12T09:37:32.705+0000] {dag.py:3834} INFO - Setting next_dagrun for example_setup_teardown to 2024-03-11 00:00:00+00:00, run_after=2024-03-12 00:00:00+00:00
[2024-03-12T09:37:32.732+0000] {processor.py:183} INFO - Processing /usr/local/lib/python3.10/dist-packages/airflow/example_dags/example_setup_teardown.py took 0.096 seconds
[2024-03-12T09:38:35.186+0000] {processor.py:161} INFO - Started process (PID=14923) to work on /usr/local/lib/python3.10/dist-packages/airflow/example_dags/example_setup_teardown.py
[2024-03-12T09:38:35.190+0000] {processor.py:830} INFO - Processing file /usr/local/lib/python3.10/dist-packages/airflow/example_dags/example_setup_teardown.py for tasks to queue
[2024-03-12T09:38:35.192+0000] {logging_mixin.py:188} INFO - [2024-03-12T09:38:35.191+0000] {dagbag.py:540} INFO - Filling up the DagBag from /usr/local/lib/python3.10/dist-packages/airflow/example_dags/example_setup_teardown.py
[2024-03-12T09:38:35.203+0000] {processor.py:840} INFO - DAG(s) 'example_setup_teardown' retrieved from /usr/local/lib/python3.10/dist-packages/airflow/example_dags/example_setup_teardown.py
[2024-03-12T09:38:35.228+0000] {logging_mixin.py:188} INFO - [2024-03-12T09:38:35.228+0000] {dag.py:3047} INFO - Sync 1 DAGs
[2024-03-12T09:38:35.264+0000] {logging_mixin.py:188} INFO - [2024-03-12T09:38:35.263+0000] {dag.py:3834} INFO - Setting next_dagrun for example_setup_teardown to 2024-03-11 00:00:00+00:00, run_after=2024-03-12 00:00:00+00:00
[2024-03-12T09:38:35.301+0000] {processor.py:183} INFO - Processing /usr/local/lib/python3.10/dist-packages/airflow/example_dags/example_setup_teardown.py took 0.123 seconds
[2024-03-12T09:39:39.002+0000] {processor.py:161} INFO - Started process (PID=14984) to work on /usr/local/lib/python3.10/dist-packages/airflow/example_dags/example_setup_teardown.py
[2024-03-12T09:39:39.004+0000] {processor.py:830} INFO - Processing file /usr/local/lib/python3.10/dist-packages/airflow/example_dags/example_setup_teardown.py for tasks to queue
[2024-03-12T09:39:39.005+0000] {logging_mixin.py:188} INFO - [2024-03-12T09:39:39.004+0000] {dagbag.py:540} INFO - Filling up the DagBag from /usr/local/lib/python3.10/dist-packages/airflow/example_dags/example_setup_teardown.py
[2024-03-12T09:39:39.019+0000] {processor.py:840} INFO - DAG(s) 'example_setup_teardown' retrieved from /usr/local/lib/python3.10/dist-packages/airflow/example_dags/example_setup_teardown.py
[2024-03-12T09:39:39.039+0000] {logging_mixin.py:188} INFO - [2024-03-12T09:39:39.039+0000] {dag.py:3047} INFO - Sync 1 DAGs
[2024-03-12T09:39:39.064+0000] {logging_mixin.py:188} INFO - [2024-03-12T09:39:39.063+0000] {dag.py:3834} INFO - Setting next_dagrun for example_setup_teardown to 2024-03-11 00:00:00+00:00, run_after=2024-03-12 00:00:00+00:00
[2024-03-12T09:39:39.102+0000] {processor.py:183} INFO - Processing /usr/local/lib/python3.10/dist-packages/airflow/example_dags/example_setup_teardown.py took 0.118 seconds
[2024-03-12T09:40:44.302+0000] {processor.py:161} INFO - Started process (PID=15047) to work on /usr/local/lib/python3.10/dist-packages/airflow/example_dags/example_setup_teardown.py
[2024-03-12T09:40:44.304+0000] {processor.py:830} INFO - Processing file /usr/local/lib/python3.10/dist-packages/airflow/example_dags/example_setup_teardown.py for tasks to queue
[2024-03-12T09:40:44.305+0000] {logging_mixin.py:188} INFO - [2024-03-12T09:40:44.304+0000] {dagbag.py:540} INFO - Filling up the DagBag from /usr/local/lib/python3.10/dist-packages/airflow/example_dags/example_setup_teardown.py
[2024-03-12T09:40:44.314+0000] {processor.py:840} INFO - DAG(s) 'example_setup_teardown' retrieved from /usr/local/lib/python3.10/dist-packages/airflow/example_dags/example_setup_teardown.py
[2024-03-12T09:40:44.333+0000] {logging_mixin.py:188} INFO - [2024-03-12T09:40:44.333+0000] {dag.py:3047} INFO - Sync 1 DAGs
[2024-03-12T09:40:44.355+0000] {logging_mixin.py:188} INFO - [2024-03-12T09:40:44.355+0000] {dag.py:3834} INFO - Setting next_dagrun for example_setup_teardown to 2024-03-11 00:00:00+00:00, run_after=2024-03-12 00:00:00+00:00
[2024-03-12T09:40:44.383+0000] {processor.py:183} INFO - Processing /usr/local/lib/python3.10/dist-packages/airflow/example_dags/example_setup_teardown.py took 0.085 seconds
[2024-03-12T09:41:46.426+0000] {processor.py:161} INFO - Started process (PID=15107) to work on /usr/local/lib/python3.10/dist-packages/airflow/example_dags/example_setup_teardown.py
[2024-03-12T09:41:46.429+0000] {processor.py:830} INFO - Processing file /usr/local/lib/python3.10/dist-packages/airflow/example_dags/example_setup_teardown.py for tasks to queue
[2024-03-12T09:41:46.431+0000] {logging_mixin.py:188} INFO - [2024-03-12T09:41:46.430+0000] {dagbag.py:540} INFO - Filling up the DagBag from /usr/local/lib/python3.10/dist-packages/airflow/example_dags/example_setup_teardown.py
[2024-03-12T09:41:46.459+0000] {processor.py:840} INFO - DAG(s) 'example_setup_teardown' retrieved from /usr/local/lib/python3.10/dist-packages/airflow/example_dags/example_setup_teardown.py
[2024-03-12T09:41:46.502+0000] {logging_mixin.py:188} INFO - [2024-03-12T09:41:46.498+0000] {dag.py:3047} INFO - Sync 1 DAGs
[2024-03-12T09:41:46.539+0000] {logging_mixin.py:188} INFO - [2024-03-12T09:41:46.539+0000] {dag.py:3834} INFO - Setting next_dagrun for example_setup_teardown to 2024-03-11 00:00:00+00:00, run_after=2024-03-12 00:00:00+00:00
[2024-03-12T09:41:46.574+0000] {processor.py:183} INFO - Processing /usr/local/lib/python3.10/dist-packages/airflow/example_dags/example_setup_teardown.py took 0.156 seconds
[2024-03-12T09:42:47.281+0000] {processor.py:161} INFO - Started process (PID=15240) to work on /usr/local/lib/python3.10/dist-packages/airflow/example_dags/example_setup_teardown.py
[2024-03-12T09:42:47.284+0000] {processor.py:830} INFO - Processing file /usr/local/lib/python3.10/dist-packages/airflow/example_dags/example_setup_teardown.py for tasks to queue
[2024-03-12T09:42:47.285+0000] {logging_mixin.py:188} INFO - [2024-03-12T09:42:47.284+0000] {dagbag.py:540} INFO - Filling up the DagBag from /usr/local/lib/python3.10/dist-packages/airflow/example_dags/example_setup_teardown.py
[2024-03-12T09:42:47.295+0000] {processor.py:840} INFO - DAG(s) 'example_setup_teardown' retrieved from /usr/local/lib/python3.10/dist-packages/airflow/example_dags/example_setup_teardown.py
[2024-03-12T09:42:47.313+0000] {logging_mixin.py:188} INFO - [2024-03-12T09:42:47.312+0000] {dag.py:3047} INFO - Sync 1 DAGs
[2024-03-12T09:42:47.335+0000] {logging_mixin.py:188} INFO - [2024-03-12T09:42:47.335+0000] {dag.py:3834} INFO - Setting next_dagrun for example_setup_teardown to 2024-03-11 00:00:00+00:00, run_after=2024-03-12 00:00:00+00:00
[2024-03-12T09:42:47.358+0000] {processor.py:183} INFO - Processing /usr/local/lib/python3.10/dist-packages/airflow/example_dags/example_setup_teardown.py took 0.081 seconds
[2024-03-12T09:43:50.227+0000] {processor.py:161} INFO - Started process (PID=15305) to work on /usr/local/lib/python3.10/dist-packages/airflow/example_dags/example_setup_teardown.py
[2024-03-12T09:43:50.229+0000] {processor.py:830} INFO - Processing file /usr/local/lib/python3.10/dist-packages/airflow/example_dags/example_setup_teardown.py for tasks to queue
[2024-03-12T09:43:50.230+0000] {logging_mixin.py:188} INFO - [2024-03-12T09:43:50.230+0000] {dagbag.py:540} INFO - Filling up the DagBag from /usr/local/lib/python3.10/dist-packages/airflow/example_dags/example_setup_teardown.py
[2024-03-12T09:43:50.255+0000] {processor.py:840} INFO - DAG(s) 'example_setup_teardown' retrieved from /usr/local/lib/python3.10/dist-packages/airflow/example_dags/example_setup_teardown.py
[2024-03-12T09:43:50.279+0000] {logging_mixin.py:188} INFO - [2024-03-12T09:43:50.278+0000] {dag.py:3047} INFO - Sync 1 DAGs
[2024-03-12T09:43:50.302+0000] {logging_mixin.py:188} INFO - [2024-03-12T09:43:50.302+0000] {dag.py:3834} INFO - Setting next_dagrun for example_setup_teardown to 2024-03-11 00:00:00+00:00, run_after=2024-03-12 00:00:00+00:00
[2024-03-12T09:43:50.328+0000] {processor.py:183} INFO - Processing /usr/local/lib/python3.10/dist-packages/airflow/example_dags/example_setup_teardown.py took 0.108 seconds
[2024-03-12T09:44:55.254+0000] {processor.py:161} INFO - Started process (PID=15379) to work on /usr/local/lib/python3.10/dist-packages/airflow/example_dags/example_setup_teardown.py
[2024-03-12T09:44:55.258+0000] {processor.py:830} INFO - Processing file /usr/local/lib/python3.10/dist-packages/airflow/example_dags/example_setup_teardown.py for tasks to queue
[2024-03-12T09:44:55.260+0000] {logging_mixin.py:188} INFO - [2024-03-12T09:44:55.259+0000] {dagbag.py:540} INFO - Filling up the DagBag from /usr/local/lib/python3.10/dist-packages/airflow/example_dags/example_setup_teardown.py
[2024-03-12T09:44:55.284+0000] {processor.py:840} INFO - DAG(s) 'example_setup_teardown' retrieved from /usr/local/lib/python3.10/dist-packages/airflow/example_dags/example_setup_teardown.py
[2024-03-12T09:44:55.306+0000] {logging_mixin.py:188} INFO - [2024-03-12T09:44:55.306+0000] {dag.py:3047} INFO - Sync 1 DAGs
[2024-03-12T09:44:55.330+0000] {logging_mixin.py:188} INFO - [2024-03-12T09:44:55.329+0000] {dag.py:3834} INFO - Setting next_dagrun for example_setup_teardown to 2024-03-11 00:00:00+00:00, run_after=2024-03-12 00:00:00+00:00
[2024-03-12T09:44:55.358+0000] {processor.py:183} INFO - Processing /usr/local/lib/python3.10/dist-packages/airflow/example_dags/example_setup_teardown.py took 0.112 seconds
[2024-03-12T09:45:58.311+0000] {processor.py:161} INFO - Started process (PID=15441) to work on /usr/local/lib/python3.10/dist-packages/airflow/example_dags/example_setup_teardown.py
[2024-03-12T09:45:58.313+0000] {processor.py:830} INFO - Processing file /usr/local/lib/python3.10/dist-packages/airflow/example_dags/example_setup_teardown.py for tasks to queue
[2024-03-12T09:45:58.314+0000] {logging_mixin.py:188} INFO - [2024-03-12T09:45:58.313+0000] {dagbag.py:540} INFO - Filling up the DagBag from /usr/local/lib/python3.10/dist-packages/airflow/example_dags/example_setup_teardown.py
[2024-03-12T09:45:58.322+0000] {processor.py:840} INFO - DAG(s) 'example_setup_teardown' retrieved from /usr/local/lib/python3.10/dist-packages/airflow/example_dags/example_setup_teardown.py
[2024-03-12T09:45:58.340+0000] {logging_mixin.py:188} INFO - [2024-03-12T09:45:58.339+0000] {dag.py:3047} INFO - Sync 1 DAGs
[2024-03-12T09:45:58.364+0000] {logging_mixin.py:188} INFO - [2024-03-12T09:45:58.364+0000] {dag.py:3834} INFO - Setting next_dagrun for example_setup_teardown to 2024-03-11 00:00:00+00:00, run_after=2024-03-12 00:00:00+00:00
[2024-03-12T09:45:58.390+0000] {processor.py:183} INFO - Processing /usr/local/lib/python3.10/dist-packages/airflow/example_dags/example_setup_teardown.py took 0.083 seconds
[2024-03-12T09:46:57.237+0000] {processor.py:161} INFO - Started process (PID=15500) to work on /usr/local/lib/python3.10/dist-packages/airflow/example_dags/example_setup_teardown.py
[2024-03-12T09:46:57.239+0000] {processor.py:830} INFO - Processing file /usr/local/lib/python3.10/dist-packages/airflow/example_dags/example_setup_teardown.py for tasks to queue
[2024-03-12T09:46:57.242+0000] {logging_mixin.py:188} INFO - [2024-03-12T09:46:57.242+0000] {dagbag.py:540} INFO - Filling up the DagBag from /usr/local/lib/python3.10/dist-packages/airflow/example_dags/example_setup_teardown.py
[2024-03-12T09:46:57.250+0000] {processor.py:840} INFO - DAG(s) 'example_setup_teardown' retrieved from /usr/local/lib/python3.10/dist-packages/airflow/example_dags/example_setup_teardown.py
[2024-03-12T09:46:57.274+0000] {logging_mixin.py:188} INFO - [2024-03-12T09:46:57.274+0000] {dag.py:3047} INFO - Sync 1 DAGs
[2024-03-12T09:46:57.298+0000] {logging_mixin.py:188} INFO - [2024-03-12T09:46:57.298+0000] {dag.py:3834} INFO - Setting next_dagrun for example_setup_teardown to 2024-03-11 00:00:00+00:00, run_after=2024-03-12 00:00:00+00:00
[2024-03-12T09:46:57.329+0000] {processor.py:183} INFO - Processing /usr/local/lib/python3.10/dist-packages/airflow/example_dags/example_setup_teardown.py took 0.096 seconds
[2024-03-12T09:48:01.776+0000] {processor.py:161} INFO - Started process (PID=15563) to work on /usr/local/lib/python3.10/dist-packages/airflow/example_dags/example_setup_teardown.py
[2024-03-12T09:48:01.778+0000] {processor.py:830} INFO - Processing file /usr/local/lib/python3.10/dist-packages/airflow/example_dags/example_setup_teardown.py for tasks to queue
[2024-03-12T09:48:01.780+0000] {logging_mixin.py:188} INFO - [2024-03-12T09:48:01.779+0000] {dagbag.py:540} INFO - Filling up the DagBag from /usr/local/lib/python3.10/dist-packages/airflow/example_dags/example_setup_teardown.py
[2024-03-12T09:48:01.791+0000] {processor.py:840} INFO - DAG(s) 'example_setup_teardown' retrieved from /usr/local/lib/python3.10/dist-packages/airflow/example_dags/example_setup_teardown.py
[2024-03-12T09:48:01.839+0000] {logging_mixin.py:188} INFO - [2024-03-12T09:48:01.837+0000] {dag.py:3047} INFO - Sync 1 DAGs
[2024-03-12T09:48:01.879+0000] {logging_mixin.py:188} INFO - [2024-03-12T09:48:01.878+0000] {dag.py:3834} INFO - Setting next_dagrun for example_setup_teardown to 2024-03-11 00:00:00+00:00, run_after=2024-03-12 00:00:00+00:00
[2024-03-12T09:48:01.949+0000] {processor.py:183} INFO - Processing /usr/local/lib/python3.10/dist-packages/airflow/example_dags/example_setup_teardown.py took 0.179 seconds
[2024-03-12T09:49:02.880+0000] {processor.py:161} INFO - Started process (PID=15626) to work on /usr/local/lib/python3.10/dist-packages/airflow/example_dags/example_setup_teardown.py
[2024-03-12T09:49:02.882+0000] {processor.py:830} INFO - Processing file /usr/local/lib/python3.10/dist-packages/airflow/example_dags/example_setup_teardown.py for tasks to queue
[2024-03-12T09:49:02.883+0000] {logging_mixin.py:188} INFO - [2024-03-12T09:49:02.883+0000] {dagbag.py:540} INFO - Filling up the DagBag from /usr/local/lib/python3.10/dist-packages/airflow/example_dags/example_setup_teardown.py
[2024-03-12T09:49:02.895+0000] {processor.py:840} INFO - DAG(s) 'example_setup_teardown' retrieved from /usr/local/lib/python3.10/dist-packages/airflow/example_dags/example_setup_teardown.py
[2024-03-12T09:49:02.927+0000] {logging_mixin.py:188} INFO - [2024-03-12T09:49:02.925+0000] {dag.py:3047} INFO - Sync 1 DAGs
[2024-03-12T09:49:02.980+0000] {logging_mixin.py:188} INFO - [2024-03-12T09:49:02.980+0000] {dag.py:3834} INFO - Setting next_dagrun for example_setup_teardown to 2024-03-11 00:00:00+00:00, run_after=2024-03-12 00:00:00+00:00
[2024-03-12T09:49:03.015+0000] {processor.py:183} INFO - Processing /usr/local/lib/python3.10/dist-packages/airflow/example_dags/example_setup_teardown.py took 0.140 seconds
[2024-03-12T09:50:08.701+0000] {processor.py:161} INFO - Started process (PID=15689) to work on /usr/local/lib/python3.10/dist-packages/airflow/example_dags/example_setup_teardown.py
[2024-03-12T09:50:08.704+0000] {processor.py:830} INFO - Processing file /usr/local/lib/python3.10/dist-packages/airflow/example_dags/example_setup_teardown.py for tasks to queue
[2024-03-12T09:50:08.707+0000] {logging_mixin.py:188} INFO - [2024-03-12T09:50:08.705+0000] {dagbag.py:540} INFO - Filling up the DagBag from /usr/local/lib/python3.10/dist-packages/airflow/example_dags/example_setup_teardown.py
[2024-03-12T09:50:08.726+0000] {processor.py:840} INFO - DAG(s) 'example_setup_teardown' retrieved from /usr/local/lib/python3.10/dist-packages/airflow/example_dags/example_setup_teardown.py
[2024-03-12T09:50:08.759+0000] {logging_mixin.py:188} INFO - [2024-03-12T09:50:08.758+0000] {dag.py:3047} INFO - Sync 1 DAGs
[2024-03-12T09:50:08.800+0000] {logging_mixin.py:188} INFO - [2024-03-12T09:50:08.800+0000] {dag.py:3834} INFO - Setting next_dagrun for example_setup_teardown to 2024-03-11 00:00:00+00:00, run_after=2024-03-12 00:00:00+00:00
[2024-03-12T09:50:08.839+0000] {processor.py:183} INFO - Processing /usr/local/lib/python3.10/dist-packages/airflow/example_dags/example_setup_teardown.py took 0.147 seconds
[2024-03-12T09:51:15.812+0000] {processor.py:161} INFO - Started process (PID=15752) to work on /usr/local/lib/python3.10/dist-packages/airflow/example_dags/example_setup_teardown.py
[2024-03-12T09:51:15.814+0000] {processor.py:830} INFO - Processing file /usr/local/lib/python3.10/dist-packages/airflow/example_dags/example_setup_teardown.py for tasks to queue
[2024-03-12T09:51:15.816+0000] {logging_mixin.py:188} INFO - [2024-03-12T09:51:15.815+0000] {dagbag.py:540} INFO - Filling up the DagBag from /usr/local/lib/python3.10/dist-packages/airflow/example_dags/example_setup_teardown.py
[2024-03-12T09:51:15.827+0000] {processor.py:840} INFO - DAG(s) 'example_setup_teardown' retrieved from /usr/local/lib/python3.10/dist-packages/airflow/example_dags/example_setup_teardown.py
[2024-03-12T09:51:15.848+0000] {logging_mixin.py:188} INFO - [2024-03-12T09:51:15.847+0000] {dag.py:3047} INFO - Sync 1 DAGs
[2024-03-12T09:51:15.872+0000] {logging_mixin.py:188} INFO - [2024-03-12T09:51:15.872+0000] {dag.py:3834} INFO - Setting next_dagrun for example_setup_teardown to 2024-03-11 00:00:00+00:00, run_after=2024-03-12 00:00:00+00:00
[2024-03-12T09:51:15.898+0000] {processor.py:183} INFO - Processing /usr/local/lib/python3.10/dist-packages/airflow/example_dags/example_setup_teardown.py took 0.091 seconds
[2024-03-12T09:52:03.502+0000] {processor.py:161} INFO - Started process (PID=15797) to work on /usr/local/lib/python3.10/dist-packages/airflow/example_dags/example_setup_teardown.py
[2024-03-12T09:52:03.505+0000] {processor.py:830} INFO - Processing file /usr/local/lib/python3.10/dist-packages/airflow/example_dags/example_setup_teardown.py for tasks to queue
[2024-03-12T09:52:03.510+0000] {logging_mixin.py:188} INFO - [2024-03-12T09:52:03.509+0000] {dagbag.py:540} INFO - Filling up the DagBag from /usr/local/lib/python3.10/dist-packages/airflow/example_dags/example_setup_teardown.py
[2024-03-12T09:52:03.538+0000] {processor.py:840} INFO - DAG(s) 'example_setup_teardown' retrieved from /usr/local/lib/python3.10/dist-packages/airflow/example_dags/example_setup_teardown.py
[2024-03-12T09:52:03.589+0000] {logging_mixin.py:188} INFO - [2024-03-12T09:52:03.589+0000] {dag.py:3047} INFO - Sync 1 DAGs
[2024-03-12T09:52:03.616+0000] {logging_mixin.py:188} INFO - [2024-03-12T09:52:03.616+0000] {dag.py:3834} INFO - Setting next_dagrun for example_setup_teardown to 2024-03-11 00:00:00+00:00, run_after=2024-03-12 00:00:00+00:00
[2024-03-12T09:52:03.667+0000] {processor.py:183} INFO - Processing /usr/local/lib/python3.10/dist-packages/airflow/example_dags/example_setup_teardown.py took 0.172 seconds
[2024-03-12T09:53:07.936+0000] {processor.py:161} INFO - Started process (PID=15863) to work on /usr/local/lib/python3.10/dist-packages/airflow/example_dags/example_setup_teardown.py
[2024-03-12T09:53:07.938+0000] {processor.py:830} INFO - Processing file /usr/local/lib/python3.10/dist-packages/airflow/example_dags/example_setup_teardown.py for tasks to queue
[2024-03-12T09:53:07.939+0000] {logging_mixin.py:188} INFO - [2024-03-12T09:53:07.938+0000] {dagbag.py:540} INFO - Filling up the DagBag from /usr/local/lib/python3.10/dist-packages/airflow/example_dags/example_setup_teardown.py
[2024-03-12T09:53:07.947+0000] {processor.py:840} INFO - DAG(s) 'example_setup_teardown' retrieved from /usr/local/lib/python3.10/dist-packages/airflow/example_dags/example_setup_teardown.py
[2024-03-12T09:53:07.967+0000] {logging_mixin.py:188} INFO - [2024-03-12T09:53:07.967+0000] {dag.py:3047} INFO - Sync 1 DAGs
[2024-03-12T09:53:08.013+0000] {logging_mixin.py:188} INFO - [2024-03-12T09:53:08.013+0000] {dag.py:3834} INFO - Setting next_dagrun for example_setup_teardown to 2024-03-11 00:00:00+00:00, run_after=2024-03-12 00:00:00+00:00
[2024-03-12T09:53:08.049+0000] {processor.py:183} INFO - Processing /usr/local/lib/python3.10/dist-packages/airflow/example_dags/example_setup_teardown.py took 0.117 seconds
[2024-03-12T09:54:16.166+0000] {processor.py:161} INFO - Started process (PID=15928) to work on /usr/local/lib/python3.10/dist-packages/airflow/example_dags/example_setup_teardown.py
[2024-03-12T09:54:16.168+0000] {processor.py:830} INFO - Processing file /usr/local/lib/python3.10/dist-packages/airflow/example_dags/example_setup_teardown.py for tasks to queue
[2024-03-12T09:54:16.170+0000] {logging_mixin.py:188} INFO - [2024-03-12T09:54:16.169+0000] {dagbag.py:540} INFO - Filling up the DagBag from /usr/local/lib/python3.10/dist-packages/airflow/example_dags/example_setup_teardown.py
[2024-03-12T09:54:16.182+0000] {processor.py:840} INFO - DAG(s) 'example_setup_teardown' retrieved from /usr/local/lib/python3.10/dist-packages/airflow/example_dags/example_setup_teardown.py
[2024-03-12T09:54:16.216+0000] {logging_mixin.py:188} INFO - [2024-03-12T09:54:16.215+0000] {dag.py:3047} INFO - Sync 1 DAGs
[2024-03-12T09:54:16.254+0000] {logging_mixin.py:188} INFO - [2024-03-12T09:54:16.254+0000] {dag.py:3834} INFO - Setting next_dagrun for example_setup_teardown to 2024-03-11 00:00:00+00:00, run_after=2024-03-12 00:00:00+00:00
[2024-03-12T09:54:16.323+0000] {processor.py:183} INFO - Processing /usr/local/lib/python3.10/dist-packages/airflow/example_dags/example_setup_teardown.py took 0.160 seconds
[2024-03-12T09:55:22.765+0000] {processor.py:161} INFO - Started process (PID=15994) to work on /usr/local/lib/python3.10/dist-packages/airflow/example_dags/example_setup_teardown.py
[2024-03-12T09:55:22.767+0000] {processor.py:830} INFO - Processing file /usr/local/lib/python3.10/dist-packages/airflow/example_dags/example_setup_teardown.py for tasks to queue
[2024-03-12T09:55:22.770+0000] {logging_mixin.py:188} INFO - [2024-03-12T09:55:22.768+0000] {dagbag.py:540} INFO - Filling up the DagBag from /usr/local/lib/python3.10/dist-packages/airflow/example_dags/example_setup_teardown.py
[2024-03-12T09:55:22.780+0000] {processor.py:840} INFO - DAG(s) 'example_setup_teardown' retrieved from /usr/local/lib/python3.10/dist-packages/airflow/example_dags/example_setup_teardown.py
[2024-03-12T09:55:22.803+0000] {logging_mixin.py:188} INFO - [2024-03-12T09:55:22.803+0000] {dag.py:3047} INFO - Sync 1 DAGs
[2024-03-12T09:55:22.828+0000] {logging_mixin.py:188} INFO - [2024-03-12T09:55:22.828+0000] {dag.py:3834} INFO - Setting next_dagrun for example_setup_teardown to 2024-03-11 00:00:00+00:00, run_after=2024-03-12 00:00:00+00:00
[2024-03-12T09:55:22.853+0000] {processor.py:183} INFO - Processing /usr/local/lib/python3.10/dist-packages/airflow/example_dags/example_setup_teardown.py took 0.092 seconds
[2024-03-12T09:56:08.488+0000] {processor.py:161} INFO - Started process (PID=16039) to work on /usr/local/lib/python3.10/dist-packages/airflow/example_dags/example_setup_teardown.py
[2024-03-12T09:56:08.490+0000] {processor.py:830} INFO - Processing file /usr/local/lib/python3.10/dist-packages/airflow/example_dags/example_setup_teardown.py for tasks to queue
[2024-03-12T09:56:08.491+0000] {logging_mixin.py:188} INFO - [2024-03-12T09:56:08.491+0000] {dagbag.py:540} INFO - Filling up the DagBag from /usr/local/lib/python3.10/dist-packages/airflow/example_dags/example_setup_teardown.py
[2024-03-12T09:56:08.501+0000] {processor.py:840} INFO - DAG(s) 'example_setup_teardown' retrieved from /usr/local/lib/python3.10/dist-packages/airflow/example_dags/example_setup_teardown.py
[2024-03-12T09:56:08.524+0000] {logging_mixin.py:188} INFO - [2024-03-12T09:56:08.524+0000] {dag.py:3047} INFO - Sync 1 DAGs
[2024-03-12T09:56:08.553+0000] {logging_mixin.py:188} INFO - [2024-03-12T09:56:08.552+0000] {dag.py:3834} INFO - Setting next_dagrun for example_setup_teardown to 2024-03-11 00:00:00+00:00, run_after=2024-03-12 00:00:00+00:00
[2024-03-12T09:56:08.583+0000] {processor.py:183} INFO - Processing /usr/local/lib/python3.10/dist-packages/airflow/example_dags/example_setup_teardown.py took 0.098 seconds
[2024-03-12T09:57:14.445+0000] {processor.py:161} INFO - Started process (PID=16102) to work on /usr/local/lib/python3.10/dist-packages/airflow/example_dags/example_setup_teardown.py
[2024-03-12T09:57:14.446+0000] {processor.py:830} INFO - Processing file /usr/local/lib/python3.10/dist-packages/airflow/example_dags/example_setup_teardown.py for tasks to queue
[2024-03-12T09:57:14.448+0000] {logging_mixin.py:188} INFO - [2024-03-12T09:57:14.447+0000] {dagbag.py:540} INFO - Filling up the DagBag from /usr/local/lib/python3.10/dist-packages/airflow/example_dags/example_setup_teardown.py
[2024-03-12T09:57:14.458+0000] {processor.py:840} INFO - DAG(s) 'example_setup_teardown' retrieved from /usr/local/lib/python3.10/dist-packages/airflow/example_dags/example_setup_teardown.py
[2024-03-12T09:57:14.479+0000] {logging_mixin.py:188} INFO - [2024-03-12T09:57:14.479+0000] {dag.py:3047} INFO - Sync 1 DAGs
[2024-03-12T09:57:14.503+0000] {logging_mixin.py:188} INFO - [2024-03-12T09:57:14.502+0000] {dag.py:3834} INFO - Setting next_dagrun for example_setup_teardown to 2024-03-11 00:00:00+00:00, run_after=2024-03-12 00:00:00+00:00
[2024-03-12T09:57:14.528+0000] {processor.py:183} INFO - Processing /usr/local/lib/python3.10/dist-packages/airflow/example_dags/example_setup_teardown.py took 0.088 seconds
[2024-03-12T09:58:19.942+0000] {processor.py:161} INFO - Started process (PID=16173) to work on /usr/local/lib/python3.10/dist-packages/airflow/example_dags/example_setup_teardown.py
[2024-03-12T09:58:19.945+0000] {processor.py:830} INFO - Processing file /usr/local/lib/python3.10/dist-packages/airflow/example_dags/example_setup_teardown.py for tasks to queue
[2024-03-12T09:58:19.947+0000] {logging_mixin.py:188} INFO - [2024-03-12T09:58:19.946+0000] {dagbag.py:540} INFO - Filling up the DagBag from /usr/local/lib/python3.10/dist-packages/airflow/example_dags/example_setup_teardown.py
[2024-03-12T09:58:19.960+0000] {processor.py:840} INFO - DAG(s) 'example_setup_teardown' retrieved from /usr/local/lib/python3.10/dist-packages/airflow/example_dags/example_setup_teardown.py
[2024-03-12T09:58:19.991+0000] {logging_mixin.py:188} INFO - [2024-03-12T09:58:19.990+0000] {dag.py:3047} INFO - Sync 1 DAGs
[2024-03-12T09:58:20.034+0000] {logging_mixin.py:188} INFO - [2024-03-12T09:58:20.034+0000] {dag.py:3834} INFO - Setting next_dagrun for example_setup_teardown to 2024-03-11 00:00:00+00:00, run_after=2024-03-12 00:00:00+00:00
[2024-03-12T09:58:20.077+0000] {processor.py:183} INFO - Processing /usr/local/lib/python3.10/dist-packages/airflow/example_dags/example_setup_teardown.py took 0.140 seconds
[2024-03-12T09:59:22.334+0000] {processor.py:161} INFO - Started process (PID=16242) to work on /usr/local/lib/python3.10/dist-packages/airflow/example_dags/example_setup_teardown.py
[2024-03-12T09:59:22.335+0000] {processor.py:830} INFO - Processing file /usr/local/lib/python3.10/dist-packages/airflow/example_dags/example_setup_teardown.py for tasks to queue
[2024-03-12T09:59:22.336+0000] {logging_mixin.py:188} INFO - [2024-03-12T09:59:22.336+0000] {dagbag.py:540} INFO - Filling up the DagBag from /usr/local/lib/python3.10/dist-packages/airflow/example_dags/example_setup_teardown.py
[2024-03-12T09:59:22.345+0000] {processor.py:840} INFO - DAG(s) 'example_setup_teardown' retrieved from /usr/local/lib/python3.10/dist-packages/airflow/example_dags/example_setup_teardown.py
[2024-03-12T09:59:22.365+0000] {logging_mixin.py:188} INFO - [2024-03-12T09:59:22.365+0000] {dag.py:3047} INFO - Sync 1 DAGs
[2024-03-12T09:59:22.391+0000] {logging_mixin.py:188} INFO - [2024-03-12T09:59:22.390+0000] {dag.py:3834} INFO - Setting next_dagrun for example_setup_teardown to 2024-03-11 00:00:00+00:00, run_after=2024-03-12 00:00:00+00:00
[2024-03-12T09:59:22.418+0000] {processor.py:183} INFO - Processing /usr/local/lib/python3.10/dist-packages/airflow/example_dags/example_setup_teardown.py took 0.089 seconds
[2024-03-12T10:00:26.017+0000] {processor.py:161} INFO - Started process (PID=16309) to work on /usr/local/lib/python3.10/dist-packages/airflow/example_dags/example_setup_teardown.py
[2024-03-12T10:00:26.020+0000] {processor.py:830} INFO - Processing file /usr/local/lib/python3.10/dist-packages/airflow/example_dags/example_setup_teardown.py for tasks to queue
[2024-03-12T10:00:26.021+0000] {logging_mixin.py:188} INFO - [2024-03-12T10:00:26.020+0000] {dagbag.py:540} INFO - Filling up the DagBag from /usr/local/lib/python3.10/dist-packages/airflow/example_dags/example_setup_teardown.py
[2024-03-12T10:00:26.031+0000] {processor.py:840} INFO - DAG(s) 'example_setup_teardown' retrieved from /usr/local/lib/python3.10/dist-packages/airflow/example_dags/example_setup_teardown.py
[2024-03-12T10:00:26.063+0000] {logging_mixin.py:188} INFO - [2024-03-12T10:00:26.062+0000] {dag.py:3047} INFO - Sync 1 DAGs
[2024-03-12T10:00:26.087+0000] {logging_mixin.py:188} INFO - [2024-03-12T10:00:26.087+0000] {dag.py:3834} INFO - Setting next_dagrun for example_setup_teardown to 2024-03-11 00:00:00+00:00, run_after=2024-03-12 00:00:00+00:00
[2024-03-12T10:00:26.115+0000] {processor.py:183} INFO - Processing /usr/local/lib/python3.10/dist-packages/airflow/example_dags/example_setup_teardown.py took 0.106 seconds
[2024-03-12T10:01:29.868+0000] {processor.py:161} INFO - Started process (PID=16379) to work on /usr/local/lib/python3.10/dist-packages/airflow/example_dags/example_setup_teardown.py
[2024-03-12T10:01:29.874+0000] {processor.py:830} INFO - Processing file /usr/local/lib/python3.10/dist-packages/airflow/example_dags/example_setup_teardown.py for tasks to queue
[2024-03-12T10:01:29.878+0000] {logging_mixin.py:188} INFO - [2024-03-12T10:01:29.877+0000] {dagbag.py:540} INFO - Filling up the DagBag from /usr/local/lib/python3.10/dist-packages/airflow/example_dags/example_setup_teardown.py
[2024-03-12T10:01:29.903+0000] {processor.py:840} INFO - DAG(s) 'example_setup_teardown' retrieved from /usr/local/lib/python3.10/dist-packages/airflow/example_dags/example_setup_teardown.py
[2024-03-12T10:01:29.923+0000] {logging_mixin.py:188} INFO - [2024-03-12T10:01:29.923+0000] {dag.py:3047} INFO - Sync 1 DAGs
[2024-03-12T10:01:29.946+0000] {logging_mixin.py:188} INFO - [2024-03-12T10:01:29.946+0000] {dag.py:3834} INFO - Setting next_dagrun for example_setup_teardown to 2024-03-11 00:00:00+00:00, run_after=2024-03-12 00:00:00+00:00
[2024-03-12T10:01:29.976+0000] {processor.py:183} INFO - Processing /usr/local/lib/python3.10/dist-packages/airflow/example_dags/example_setup_teardown.py took 0.117 seconds
[2024-03-12T10:02:31.579+0000] {processor.py:161} INFO - Started process (PID=16443) to work on /usr/local/lib/python3.10/dist-packages/airflow/example_dags/example_setup_teardown.py
[2024-03-12T10:02:31.581+0000] {processor.py:830} INFO - Processing file /usr/local/lib/python3.10/dist-packages/airflow/example_dags/example_setup_teardown.py for tasks to queue
[2024-03-12T10:02:31.582+0000] {logging_mixin.py:188} INFO - [2024-03-12T10:02:31.582+0000] {dagbag.py:540} INFO - Filling up the DagBag from /usr/local/lib/python3.10/dist-packages/airflow/example_dags/example_setup_teardown.py
[2024-03-12T10:02:31.592+0000] {processor.py:840} INFO - DAG(s) 'example_setup_teardown' retrieved from /usr/local/lib/python3.10/dist-packages/airflow/example_dags/example_setup_teardown.py
[2024-03-12T10:02:31.616+0000] {logging_mixin.py:188} INFO - [2024-03-12T10:02:31.615+0000] {dag.py:3047} INFO - Sync 1 DAGs
[2024-03-12T10:02:31.648+0000] {logging_mixin.py:188} INFO - [2024-03-12T10:02:31.648+0000] {dag.py:3834} INFO - Setting next_dagrun for example_setup_teardown to 2024-03-11 00:00:00+00:00, run_after=2024-03-12 00:00:00+00:00
[2024-03-12T10:02:31.681+0000] {processor.py:183} INFO - Processing /usr/local/lib/python3.10/dist-packages/airflow/example_dags/example_setup_teardown.py took 0.108 seconds
[2024-03-12T10:03:32.767+0000] {processor.py:161} INFO - Started process (PID=16507) to work on /usr/local/lib/python3.10/dist-packages/airflow/example_dags/example_setup_teardown.py
[2024-03-12T10:03:32.769+0000] {processor.py:830} INFO - Processing file /usr/local/lib/python3.10/dist-packages/airflow/example_dags/example_setup_teardown.py for tasks to queue
[2024-03-12T10:03:32.770+0000] {logging_mixin.py:188} INFO - [2024-03-12T10:03:32.770+0000] {dagbag.py:540} INFO - Filling up the DagBag from /usr/local/lib/python3.10/dist-packages/airflow/example_dags/example_setup_teardown.py
[2024-03-12T10:03:32.780+0000] {processor.py:840} INFO - DAG(s) 'example_setup_teardown' retrieved from /usr/local/lib/python3.10/dist-packages/airflow/example_dags/example_setup_teardown.py
[2024-03-12T10:03:32.805+0000] {logging_mixin.py:188} INFO - [2024-03-12T10:03:32.805+0000] {dag.py:3047} INFO - Sync 1 DAGs
[2024-03-12T10:03:32.833+0000] {logging_mixin.py:188} INFO - [2024-03-12T10:03:32.833+0000] {dag.py:3834} INFO - Setting next_dagrun for example_setup_teardown to 2024-03-11 00:00:00+00:00, run_after=2024-03-12 00:00:00+00:00
[2024-03-12T10:03:32.869+0000] {processor.py:183} INFO - Processing /usr/local/lib/python3.10/dist-packages/airflow/example_dags/example_setup_teardown.py took 0.107 seconds
[2024-03-12T10:04:34.845+0000] {processor.py:161} INFO - Started process (PID=16570) to work on /usr/local/lib/python3.10/dist-packages/airflow/example_dags/example_setup_teardown.py
[2024-03-12T10:04:34.848+0000] {processor.py:830} INFO - Processing file /usr/local/lib/python3.10/dist-packages/airflow/example_dags/example_setup_teardown.py for tasks to queue
[2024-03-12T10:04:34.849+0000] {logging_mixin.py:188} INFO - [2024-03-12T10:04:34.848+0000] {dagbag.py:540} INFO - Filling up the DagBag from /usr/local/lib/python3.10/dist-packages/airflow/example_dags/example_setup_teardown.py
[2024-03-12T10:04:34.869+0000] {processor.py:840} INFO - DAG(s) 'example_setup_teardown' retrieved from /usr/local/lib/python3.10/dist-packages/airflow/example_dags/example_setup_teardown.py
[2024-03-12T10:04:34.895+0000] {logging_mixin.py:188} INFO - [2024-03-12T10:04:34.895+0000] {dag.py:3047} INFO - Sync 1 DAGs
[2024-03-12T10:04:34.922+0000] {logging_mixin.py:188} INFO - [2024-03-12T10:04:34.922+0000] {dag.py:3834} INFO - Setting next_dagrun for example_setup_teardown to 2024-03-11 00:00:00+00:00, run_after=2024-03-12 00:00:00+00:00
[2024-03-12T10:04:34.985+0000] {processor.py:183} INFO - Processing /usr/local/lib/python3.10/dist-packages/airflow/example_dags/example_setup_teardown.py took 0.149 seconds
[2024-03-12T10:05:37.713+0000] {processor.py:161} INFO - Started process (PID=16635) to work on /usr/local/lib/python3.10/dist-packages/airflow/example_dags/example_setup_teardown.py
[2024-03-12T10:05:37.715+0000] {processor.py:830} INFO - Processing file /usr/local/lib/python3.10/dist-packages/airflow/example_dags/example_setup_teardown.py for tasks to queue
[2024-03-12T10:05:37.715+0000] {logging_mixin.py:188} INFO - [2024-03-12T10:05:37.715+0000] {dagbag.py:540} INFO - Filling up the DagBag from /usr/local/lib/python3.10/dist-packages/airflow/example_dags/example_setup_teardown.py
[2024-03-12T10:05:37.725+0000] {processor.py:840} INFO - DAG(s) 'example_setup_teardown' retrieved from /usr/local/lib/python3.10/dist-packages/airflow/example_dags/example_setup_teardown.py
[2024-03-12T10:05:37.763+0000] {logging_mixin.py:188} INFO - [2024-03-12T10:05:37.763+0000] {dag.py:3047} INFO - Sync 1 DAGs
[2024-03-12T10:05:37.788+0000] {logging_mixin.py:188} INFO - [2024-03-12T10:05:37.787+0000] {dag.py:3834} INFO - Setting next_dagrun for example_setup_teardown to 2024-03-11 00:00:00+00:00, run_after=2024-03-12 00:00:00+00:00
[2024-03-12T10:05:37.820+0000] {processor.py:183} INFO - Processing /usr/local/lib/python3.10/dist-packages/airflow/example_dags/example_setup_teardown.py took 0.111 seconds
[2024-03-12T10:06:39.025+0000] {processor.py:161} INFO - Started process (PID=16698) to work on /usr/local/lib/python3.10/dist-packages/airflow/example_dags/example_setup_teardown.py
[2024-03-12T10:06:39.028+0000] {processor.py:830} INFO - Processing file /usr/local/lib/python3.10/dist-packages/airflow/example_dags/example_setup_teardown.py for tasks to queue
[2024-03-12T10:06:39.029+0000] {logging_mixin.py:188} INFO - [2024-03-12T10:06:39.028+0000] {dagbag.py:540} INFO - Filling up the DagBag from /usr/local/lib/python3.10/dist-packages/airflow/example_dags/example_setup_teardown.py
[2024-03-12T10:06:39.042+0000] {processor.py:840} INFO - DAG(s) 'example_setup_teardown' retrieved from /usr/local/lib/python3.10/dist-packages/airflow/example_dags/example_setup_teardown.py
[2024-03-12T10:06:39.094+0000] {logging_mixin.py:188} INFO - [2024-03-12T10:06:39.093+0000] {dag.py:3047} INFO - Sync 1 DAGs
[2024-03-12T10:06:39.127+0000] {logging_mixin.py:188} INFO - [2024-03-12T10:06:39.127+0000] {dag.py:3834} INFO - Setting next_dagrun for example_setup_teardown to 2024-03-11 00:00:00+00:00, run_after=2024-03-12 00:00:00+00:00
[2024-03-12T10:06:39.165+0000] {processor.py:183} INFO - Processing /usr/local/lib/python3.10/dist-packages/airflow/example_dags/example_setup_teardown.py took 0.147 seconds
