[2024-03-12T09:23:01.383+0000] {processor.py:161} INFO - Started process (PID=14022) to work on /usr/local/lib/python3.10/dist-packages/airflow/example_dags/example_complex.py
[2024-03-12T09:23:01.386+0000] {processor.py:830} INFO - Processing file /usr/local/lib/python3.10/dist-packages/airflow/example_dags/example_complex.py for tasks to queue
[2024-03-12T09:23:01.387+0000] {logging_mixin.py:188} INFO - [2024-03-12T09:23:01.387+0000] {dagbag.py:540} INFO - Filling up the DagBag from /usr/local/lib/python3.10/dist-packages/airflow/example_dags/example_complex.py
[2024-03-12T09:23:01.402+0000] {processor.py:840} INFO - DAG(s) 'example_complex' retrieved from /usr/local/lib/python3.10/dist-packages/airflow/example_dags/example_complex.py
[2024-03-12T09:23:01.704+0000] {logging_mixin.py:188} INFO - [2024-03-12T09:23:01.703+0000] {dag.py:3047} INFO - Sync 1 DAGs
[2024-03-12T09:23:01.713+0000] {logging_mixin.py:188} INFO - [2024-03-12T09:23:01.713+0000] {dag.py:3834} INFO - Setting next_dagrun for example_complex to None, run_after=None
[2024-03-12T09:23:01.740+0000] {processor.py:183} INFO - Processing /usr/local/lib/python3.10/dist-packages/airflow/example_dags/example_complex.py took 0.364 seconds
[2024-03-12T09:24:02.848+0000] {processor.py:161} INFO - Started process (PID=14077) to work on /usr/local/lib/python3.10/dist-packages/airflow/example_dags/example_complex.py
[2024-03-12T09:24:02.851+0000] {processor.py:830} INFO - Processing file /usr/local/lib/python3.10/dist-packages/airflow/example_dags/example_complex.py for tasks to queue
[2024-03-12T09:24:02.852+0000] {logging_mixin.py:188} INFO - [2024-03-12T09:24:02.851+0000] {dagbag.py:540} INFO - Filling up the DagBag from /usr/local/lib/python3.10/dist-packages/airflow/example_dags/example_complex.py
[2024-03-12T09:24:02.878+0000] {processor.py:840} INFO - DAG(s) 'example_complex' retrieved from /usr/local/lib/python3.10/dist-packages/airflow/example_dags/example_complex.py
[2024-03-12T09:24:02.920+0000] {logging_mixin.py:188} INFO - [2024-03-12T09:24:02.919+0000] {dag.py:3047} INFO - Sync 1 DAGs
[2024-03-12T09:24:02.932+0000] {logging_mixin.py:188} INFO - [2024-03-12T09:24:02.931+0000] {dag.py:3834} INFO - Setting next_dagrun for example_complex to None, run_after=None
[2024-03-12T09:24:02.962+0000] {processor.py:183} INFO - Processing /usr/local/lib/python3.10/dist-packages/airflow/example_dags/example_complex.py took 0.120 seconds
[2024-03-12T09:25:15.171+0000] {processor.py:161} INFO - Started process (PID=14142) to work on /usr/local/lib/python3.10/dist-packages/airflow/example_dags/example_complex.py
[2024-03-12T09:25:15.172+0000] {processor.py:830} INFO - Processing file /usr/local/lib/python3.10/dist-packages/airflow/example_dags/example_complex.py for tasks to queue
[2024-03-12T09:25:15.173+0000] {logging_mixin.py:188} INFO - [2024-03-12T09:25:15.173+0000] {dagbag.py:540} INFO - Filling up the DagBag from /usr/local/lib/python3.10/dist-packages/airflow/example_dags/example_complex.py
[2024-03-12T09:25:15.186+0000] {processor.py:840} INFO - DAG(s) 'example_complex' retrieved from /usr/local/lib/python3.10/dist-packages/airflow/example_dags/example_complex.py
[2024-03-12T09:25:15.213+0000] {logging_mixin.py:188} INFO - [2024-03-12T09:25:15.213+0000] {dag.py:3047} INFO - Sync 1 DAGs
[2024-03-12T09:25:15.226+0000] {logging_mixin.py:188} INFO - [2024-03-12T09:25:15.225+0000] {dag.py:3834} INFO - Setting next_dagrun for example_complex to None, run_after=None
[2024-03-12T09:25:15.260+0000] {processor.py:183} INFO - Processing /usr/local/lib/python3.10/dist-packages/airflow/example_dags/example_complex.py took 0.093 seconds
[2024-03-12T09:26:05.093+0000] {processor.py:161} INFO - Started process (PID=14191) to work on /usr/local/lib/python3.10/dist-packages/airflow/example_dags/example_complex.py
[2024-03-12T09:26:05.095+0000] {processor.py:830} INFO - Processing file /usr/local/lib/python3.10/dist-packages/airflow/example_dags/example_complex.py for tasks to queue
[2024-03-12T09:26:05.096+0000] {logging_mixin.py:188} INFO - [2024-03-12T09:26:05.095+0000] {dagbag.py:540} INFO - Filling up the DagBag from /usr/local/lib/python3.10/dist-packages/airflow/example_dags/example_complex.py
[2024-03-12T09:26:05.119+0000] {processor.py:840} INFO - DAG(s) 'example_complex' retrieved from /usr/local/lib/python3.10/dist-packages/airflow/example_dags/example_complex.py
[2024-03-12T09:26:05.167+0000] {logging_mixin.py:188} INFO - [2024-03-12T09:26:05.167+0000] {dag.py:3047} INFO - Sync 1 DAGs
[2024-03-12T09:26:05.179+0000] {logging_mixin.py:188} INFO - [2024-03-12T09:26:05.178+0000] {dag.py:3834} INFO - Setting next_dagrun for example_complex to None, run_after=None
[2024-03-12T09:26:05.212+0000] {processor.py:183} INFO - Processing /usr/local/lib/python3.10/dist-packages/airflow/example_dags/example_complex.py took 0.127 seconds
[2024-03-12T09:27:04.209+0000] {processor.py:161} INFO - Started process (PID=14251) to work on /usr/local/lib/python3.10/dist-packages/airflow/example_dags/example_complex.py
[2024-03-12T09:27:04.211+0000] {processor.py:830} INFO - Processing file /usr/local/lib/python3.10/dist-packages/airflow/example_dags/example_complex.py for tasks to queue
[2024-03-12T09:27:04.213+0000] {logging_mixin.py:188} INFO - [2024-03-12T09:27:04.212+0000] {dagbag.py:540} INFO - Filling up the DagBag from /usr/local/lib/python3.10/dist-packages/airflow/example_dags/example_complex.py
[2024-03-12T09:27:04.230+0000] {processor.py:840} INFO - DAG(s) 'example_complex' retrieved from /usr/local/lib/python3.10/dist-packages/airflow/example_dags/example_complex.py
[2024-03-12T09:27:04.269+0000] {logging_mixin.py:188} INFO - [2024-03-12T09:27:04.268+0000] {dag.py:3047} INFO - Sync 1 DAGs
[2024-03-12T09:27:04.290+0000] {logging_mixin.py:188} INFO - [2024-03-12T09:27:04.288+0000] {dag.py:3834} INFO - Setting next_dagrun for example_complex to None, run_after=None
[2024-03-12T09:27:04.326+0000] {processor.py:183} INFO - Processing /usr/local/lib/python3.10/dist-packages/airflow/example_dags/example_complex.py took 0.122 seconds
[2024-03-12T09:28:08.194+0000] {processor.py:161} INFO - Started process (PID=14313) to work on /usr/local/lib/python3.10/dist-packages/airflow/example_dags/example_complex.py
[2024-03-12T09:28:08.199+0000] {processor.py:830} INFO - Processing file /usr/local/lib/python3.10/dist-packages/airflow/example_dags/example_complex.py for tasks to queue
[2024-03-12T09:28:08.200+0000] {logging_mixin.py:188} INFO - [2024-03-12T09:28:08.200+0000] {dagbag.py:540} INFO - Filling up the DagBag from /usr/local/lib/python3.10/dist-packages/airflow/example_dags/example_complex.py
[2024-03-12T09:28:08.214+0000] {processor.py:840} INFO - DAG(s) 'example_complex' retrieved from /usr/local/lib/python3.10/dist-packages/airflow/example_dags/example_complex.py
[2024-03-12T09:28:08.242+0000] {logging_mixin.py:188} INFO - [2024-03-12T09:28:08.241+0000] {dag.py:3047} INFO - Sync 1 DAGs
[2024-03-12T09:28:08.254+0000] {logging_mixin.py:188} INFO - [2024-03-12T09:28:08.254+0000] {dag.py:3834} INFO - Setting next_dagrun for example_complex to None, run_after=None
[2024-03-12T09:28:08.282+0000] {processor.py:183} INFO - Processing /usr/local/lib/python3.10/dist-packages/airflow/example_dags/example_complex.py took 0.095 seconds
[2024-03-12T09:29:07.409+0000] {processor.py:161} INFO - Started process (PID=14373) to work on /usr/local/lib/python3.10/dist-packages/airflow/example_dags/example_complex.py
[2024-03-12T09:29:07.411+0000] {processor.py:830} INFO - Processing file /usr/local/lib/python3.10/dist-packages/airflow/example_dags/example_complex.py for tasks to queue
[2024-03-12T09:29:07.412+0000] {logging_mixin.py:188} INFO - [2024-03-12T09:29:07.411+0000] {dagbag.py:540} INFO - Filling up the DagBag from /usr/local/lib/python3.10/dist-packages/airflow/example_dags/example_complex.py
[2024-03-12T09:29:07.426+0000] {processor.py:840} INFO - DAG(s) 'example_complex' retrieved from /usr/local/lib/python3.10/dist-packages/airflow/example_dags/example_complex.py
[2024-03-12T09:29:07.490+0000] {logging_mixin.py:188} INFO - [2024-03-12T09:29:07.489+0000] {dag.py:3047} INFO - Sync 1 DAGs
[2024-03-12T09:29:07.540+0000] {logging_mixin.py:188} INFO - [2024-03-12T09:29:07.538+0000] {dag.py:3834} INFO - Setting next_dagrun for example_complex to None, run_after=None
[2024-03-12T09:29:07.587+0000] {processor.py:183} INFO - Processing /usr/local/lib/python3.10/dist-packages/airflow/example_dags/example_complex.py took 0.183 seconds
[2024-03-12T09:30:07.225+0000] {processor.py:161} INFO - Started process (PID=14431) to work on /usr/local/lib/python3.10/dist-packages/airflow/example_dags/example_complex.py
[2024-03-12T09:30:07.228+0000] {processor.py:830} INFO - Processing file /usr/local/lib/python3.10/dist-packages/airflow/example_dags/example_complex.py for tasks to queue
[2024-03-12T09:30:07.229+0000] {logging_mixin.py:188} INFO - [2024-03-12T09:30:07.229+0000] {dagbag.py:540} INFO - Filling up the DagBag from /usr/local/lib/python3.10/dist-packages/airflow/example_dags/example_complex.py
[2024-03-12T09:30:07.250+0000] {processor.py:840} INFO - DAG(s) 'example_complex' retrieved from /usr/local/lib/python3.10/dist-packages/airflow/example_dags/example_complex.py
[2024-03-12T09:30:07.297+0000] {logging_mixin.py:188} INFO - [2024-03-12T09:30:07.297+0000] {dag.py:3047} INFO - Sync 1 DAGs
[2024-03-12T09:30:07.325+0000] {logging_mixin.py:188} INFO - [2024-03-12T09:30:07.324+0000] {dag.py:3834} INFO - Setting next_dagrun for example_complex to None, run_after=None
[2024-03-12T09:30:07.356+0000] {processor.py:183} INFO - Processing /usr/local/lib/python3.10/dist-packages/airflow/example_dags/example_complex.py took 0.136 seconds
[2024-03-12T09:31:09.371+0000] {processor.py:161} INFO - Started process (PID=14492) to work on /usr/local/lib/python3.10/dist-packages/airflow/example_dags/example_complex.py
[2024-03-12T09:31:09.374+0000] {processor.py:830} INFO - Processing file /usr/local/lib/python3.10/dist-packages/airflow/example_dags/example_complex.py for tasks to queue
[2024-03-12T09:31:09.376+0000] {logging_mixin.py:188} INFO - [2024-03-12T09:31:09.374+0000] {dagbag.py:540} INFO - Filling up the DagBag from /usr/local/lib/python3.10/dist-packages/airflow/example_dags/example_complex.py
[2024-03-12T09:31:09.396+0000] {processor.py:840} INFO - DAG(s) 'example_complex' retrieved from /usr/local/lib/python3.10/dist-packages/airflow/example_dags/example_complex.py
[2024-03-12T09:31:09.437+0000] {logging_mixin.py:188} INFO - [2024-03-12T09:31:09.436+0000] {dag.py:3047} INFO - Sync 1 DAGs
[2024-03-12T09:31:09.475+0000] {logging_mixin.py:188} INFO - [2024-03-12T09:31:09.475+0000] {dag.py:3834} INFO - Setting next_dagrun for example_complex to None, run_after=None
[2024-03-12T09:31:09.535+0000] {processor.py:183} INFO - Processing /usr/local/lib/python3.10/dist-packages/airflow/example_dags/example_complex.py took 0.175 seconds
[2024-03-12T09:32:13.140+0000] {processor.py:161} INFO - Started process (PID=14553) to work on /usr/local/lib/python3.10/dist-packages/airflow/example_dags/example_complex.py
[2024-03-12T09:32:13.142+0000] {processor.py:830} INFO - Processing file /usr/local/lib/python3.10/dist-packages/airflow/example_dags/example_complex.py for tasks to queue
[2024-03-12T09:32:13.144+0000] {logging_mixin.py:188} INFO - [2024-03-12T09:32:13.143+0000] {dagbag.py:540} INFO - Filling up the DagBag from /usr/local/lib/python3.10/dist-packages/airflow/example_dags/example_complex.py
[2024-03-12T09:32:13.170+0000] {processor.py:840} INFO - DAG(s) 'example_complex' retrieved from /usr/local/lib/python3.10/dist-packages/airflow/example_dags/example_complex.py
[2024-03-12T09:32:13.207+0000] {logging_mixin.py:188} INFO - [2024-03-12T09:32:13.206+0000] {dag.py:3047} INFO - Sync 1 DAGs
[2024-03-12T09:32:13.223+0000] {logging_mixin.py:188} INFO - [2024-03-12T09:32:13.223+0000] {dag.py:3834} INFO - Setting next_dagrun for example_complex to None, run_after=None
[2024-03-12T09:32:13.279+0000] {processor.py:183} INFO - Processing /usr/local/lib/python3.10/dist-packages/airflow/example_dags/example_complex.py took 0.143 seconds
[2024-03-12T09:33:19.989+0000] {processor.py:161} INFO - Started process (PID=14618) to work on /usr/local/lib/python3.10/dist-packages/airflow/example_dags/example_complex.py
[2024-03-12T09:33:19.990+0000] {processor.py:830} INFO - Processing file /usr/local/lib/python3.10/dist-packages/airflow/example_dags/example_complex.py for tasks to queue
[2024-03-12T09:33:19.993+0000] {logging_mixin.py:188} INFO - [2024-03-12T09:33:19.992+0000] {dagbag.py:540} INFO - Filling up the DagBag from /usr/local/lib/python3.10/dist-packages/airflow/example_dags/example_complex.py
[2024-03-12T09:33:20.022+0000] {processor.py:840} INFO - DAG(s) 'example_complex' retrieved from /usr/local/lib/python3.10/dist-packages/airflow/example_dags/example_complex.py
[2024-03-12T09:33:20.062+0000] {logging_mixin.py:188} INFO - [2024-03-12T09:33:20.062+0000] {dag.py:3047} INFO - Sync 1 DAGs
[2024-03-12T09:33:20.080+0000] {logging_mixin.py:188} INFO - [2024-03-12T09:33:20.079+0000] {dag.py:3834} INFO - Setting next_dagrun for example_complex to None, run_after=None
[2024-03-12T09:33:20.125+0000] {processor.py:183} INFO - Processing /usr/local/lib/python3.10/dist-packages/airflow/example_dags/example_complex.py took 0.141 seconds
[2024-03-12T09:34:24.086+0000] {processor.py:161} INFO - Started process (PID=14680) to work on /usr/local/lib/python3.10/dist-packages/airflow/example_dags/example_complex.py
[2024-03-12T09:34:24.089+0000] {processor.py:830} INFO - Processing file /usr/local/lib/python3.10/dist-packages/airflow/example_dags/example_complex.py for tasks to queue
[2024-03-12T09:34:24.090+0000] {logging_mixin.py:188} INFO - [2024-03-12T09:34:24.090+0000] {dagbag.py:540} INFO - Filling up the DagBag from /usr/local/lib/python3.10/dist-packages/airflow/example_dags/example_complex.py
[2024-03-12T09:34:24.114+0000] {processor.py:840} INFO - DAG(s) 'example_complex' retrieved from /usr/local/lib/python3.10/dist-packages/airflow/example_dags/example_complex.py
[2024-03-12T09:34:24.162+0000] {logging_mixin.py:188} INFO - [2024-03-12T09:34:24.162+0000] {dag.py:3047} INFO - Sync 1 DAGs
[2024-03-12T09:34:24.176+0000] {logging_mixin.py:188} INFO - [2024-03-12T09:34:24.175+0000] {dag.py:3834} INFO - Setting next_dagrun for example_complex to None, run_after=None
[2024-03-12T09:34:24.207+0000] {processor.py:183} INFO - Processing /usr/local/lib/python3.10/dist-packages/airflow/example_dags/example_complex.py took 0.126 seconds
[2024-03-12T09:35:32.859+0000] {processor.py:161} INFO - Started process (PID=14745) to work on /usr/local/lib/python3.10/dist-packages/airflow/example_dags/example_complex.py
[2024-03-12T09:35:32.861+0000] {processor.py:830} INFO - Processing file /usr/local/lib/python3.10/dist-packages/airflow/example_dags/example_complex.py for tasks to queue
[2024-03-12T09:35:32.863+0000] {logging_mixin.py:188} INFO - [2024-03-12T09:35:32.863+0000] {dagbag.py:540} INFO - Filling up the DagBag from /usr/local/lib/python3.10/dist-packages/airflow/example_dags/example_complex.py
[2024-03-12T09:35:32.876+0000] {processor.py:840} INFO - DAG(s) 'example_complex' retrieved from /usr/local/lib/python3.10/dist-packages/airflow/example_dags/example_complex.py
[2024-03-12T09:35:32.912+0000] {logging_mixin.py:188} INFO - [2024-03-12T09:35:32.912+0000] {dag.py:3047} INFO - Sync 1 DAGs
[2024-03-12T09:35:32.926+0000] {logging_mixin.py:188} INFO - [2024-03-12T09:35:32.925+0000] {dag.py:3834} INFO - Setting next_dagrun for example_complex to None, run_after=None
[2024-03-12T09:35:32.950+0000] {processor.py:183} INFO - Processing /usr/local/lib/python3.10/dist-packages/airflow/example_dags/example_complex.py took 0.099 seconds
[2024-03-12T09:36:33.630+0000] {processor.py:161} INFO - Started process (PID=14805) to work on /usr/local/lib/python3.10/dist-packages/airflow/example_dags/example_complex.py
[2024-03-12T09:36:33.632+0000] {processor.py:830} INFO - Processing file /usr/local/lib/python3.10/dist-packages/airflow/example_dags/example_complex.py for tasks to queue
[2024-03-12T09:36:33.634+0000] {logging_mixin.py:188} INFO - [2024-03-12T09:36:33.633+0000] {dagbag.py:540} INFO - Filling up the DagBag from /usr/local/lib/python3.10/dist-packages/airflow/example_dags/example_complex.py
[2024-03-12T09:36:33.648+0000] {processor.py:840} INFO - DAG(s) 'example_complex' retrieved from /usr/local/lib/python3.10/dist-packages/airflow/example_dags/example_complex.py
[2024-03-12T09:36:33.708+0000] {logging_mixin.py:188} INFO - [2024-03-12T09:36:33.707+0000] {dag.py:3047} INFO - Sync 1 DAGs
[2024-03-12T09:36:33.738+0000] {logging_mixin.py:188} INFO - [2024-03-12T09:36:33.738+0000] {dag.py:3834} INFO - Setting next_dagrun for example_complex to None, run_after=None
[2024-03-12T09:36:33.787+0000] {processor.py:183} INFO - Processing /usr/local/lib/python3.10/dist-packages/airflow/example_dags/example_complex.py took 0.161 seconds
[2024-03-12T09:37:36.632+0000] {processor.py:161} INFO - Started process (PID=14865) to work on /usr/local/lib/python3.10/dist-packages/airflow/example_dags/example_complex.py
[2024-03-12T09:37:36.634+0000] {processor.py:830} INFO - Processing file /usr/local/lib/python3.10/dist-packages/airflow/example_dags/example_complex.py for tasks to queue
[2024-03-12T09:37:36.636+0000] {logging_mixin.py:188} INFO - [2024-03-12T09:37:36.636+0000] {dagbag.py:540} INFO - Filling up the DagBag from /usr/local/lib/python3.10/dist-packages/airflow/example_dags/example_complex.py
[2024-03-12T09:37:36.659+0000] {processor.py:840} INFO - DAG(s) 'example_complex' retrieved from /usr/local/lib/python3.10/dist-packages/airflow/example_dags/example_complex.py
[2024-03-12T09:37:36.718+0000] {logging_mixin.py:188} INFO - [2024-03-12T09:37:36.717+0000] {dag.py:3047} INFO - Sync 1 DAGs
[2024-03-12T09:37:36.746+0000] {logging_mixin.py:188} INFO - [2024-03-12T09:37:36.745+0000] {dag.py:3834} INFO - Setting next_dagrun for example_complex to None, run_after=None
[2024-03-12T09:37:36.792+0000] {processor.py:183} INFO - Processing /usr/local/lib/python3.10/dist-packages/airflow/example_dags/example_complex.py took 0.166 seconds
[2024-03-12T09:38:39.303+0000] {processor.py:161} INFO - Started process (PID=14927) to work on /usr/local/lib/python3.10/dist-packages/airflow/example_dags/example_complex.py
[2024-03-12T09:38:39.308+0000] {processor.py:830} INFO - Processing file /usr/local/lib/python3.10/dist-packages/airflow/example_dags/example_complex.py for tasks to queue
[2024-03-12T09:38:39.312+0000] {logging_mixin.py:188} INFO - [2024-03-12T09:38:39.309+0000] {dagbag.py:540} INFO - Filling up the DagBag from /usr/local/lib/python3.10/dist-packages/airflow/example_dags/example_complex.py
[2024-03-12T09:38:39.341+0000] {processor.py:840} INFO - DAG(s) 'example_complex' retrieved from /usr/local/lib/python3.10/dist-packages/airflow/example_dags/example_complex.py
[2024-03-12T09:38:39.386+0000] {logging_mixin.py:188} INFO - [2024-03-12T09:38:39.385+0000] {dag.py:3047} INFO - Sync 1 DAGs
[2024-03-12T09:38:39.406+0000] {logging_mixin.py:188} INFO - [2024-03-12T09:38:39.405+0000] {dag.py:3834} INFO - Setting next_dagrun for example_complex to None, run_after=None
[2024-03-12T09:38:39.436+0000] {processor.py:183} INFO - Processing /usr/local/lib/python3.10/dist-packages/airflow/example_dags/example_complex.py took 0.144 seconds
[2024-03-12T09:39:43.376+0000] {processor.py:161} INFO - Started process (PID=14988) to work on /usr/local/lib/python3.10/dist-packages/airflow/example_dags/example_complex.py
[2024-03-12T09:39:43.381+0000] {processor.py:830} INFO - Processing file /usr/local/lib/python3.10/dist-packages/airflow/example_dags/example_complex.py for tasks to queue
[2024-03-12T09:39:43.384+0000] {logging_mixin.py:188} INFO - [2024-03-12T09:39:43.384+0000] {dagbag.py:540} INFO - Filling up the DagBag from /usr/local/lib/python3.10/dist-packages/airflow/example_dags/example_complex.py
[2024-03-12T09:39:43.415+0000] {processor.py:840} INFO - DAG(s) 'example_complex' retrieved from /usr/local/lib/python3.10/dist-packages/airflow/example_dags/example_complex.py
[2024-03-12T09:39:43.449+0000] {logging_mixin.py:188} INFO - [2024-03-12T09:39:43.448+0000] {dag.py:3047} INFO - Sync 1 DAGs
[2024-03-12T09:39:43.461+0000] {logging_mixin.py:188} INFO - [2024-03-12T09:39:43.460+0000] {dag.py:3834} INFO - Setting next_dagrun for example_complex to None, run_after=None
[2024-03-12T09:39:43.491+0000] {processor.py:183} INFO - Processing /usr/local/lib/python3.10/dist-packages/airflow/example_dags/example_complex.py took 0.127 seconds
[2024-03-12T09:40:48.679+0000] {processor.py:161} INFO - Started process (PID=15051) to work on /usr/local/lib/python3.10/dist-packages/airflow/example_dags/example_complex.py
[2024-03-12T09:40:48.681+0000] {processor.py:830} INFO - Processing file /usr/local/lib/python3.10/dist-packages/airflow/example_dags/example_complex.py for tasks to queue
[2024-03-12T09:40:48.682+0000] {logging_mixin.py:188} INFO - [2024-03-12T09:40:48.682+0000] {dagbag.py:540} INFO - Filling up the DagBag from /usr/local/lib/python3.10/dist-packages/airflow/example_dags/example_complex.py
[2024-03-12T09:40:48.695+0000] {processor.py:840} INFO - DAG(s) 'example_complex' retrieved from /usr/local/lib/python3.10/dist-packages/airflow/example_dags/example_complex.py
[2024-03-12T09:40:48.725+0000] {logging_mixin.py:188} INFO - [2024-03-12T09:40:48.724+0000] {dag.py:3047} INFO - Sync 1 DAGs
[2024-03-12T09:40:48.739+0000] {logging_mixin.py:188} INFO - [2024-03-12T09:40:48.738+0000] {dag.py:3834} INFO - Setting next_dagrun for example_complex to None, run_after=None
[2024-03-12T09:40:48.764+0000] {processor.py:183} INFO - Processing /usr/local/lib/python3.10/dist-packages/airflow/example_dags/example_complex.py took 0.089 seconds
[2024-03-12T09:41:50.405+0000] {processor.py:161} INFO - Started process (PID=15111) to work on /usr/local/lib/python3.10/dist-packages/airflow/example_dags/example_complex.py
[2024-03-12T09:41:50.407+0000] {processor.py:830} INFO - Processing file /usr/local/lib/python3.10/dist-packages/airflow/example_dags/example_complex.py for tasks to queue
[2024-03-12T09:41:50.408+0000] {logging_mixin.py:188} INFO - [2024-03-12T09:41:50.408+0000] {dagbag.py:540} INFO - Filling up the DagBag from /usr/local/lib/python3.10/dist-packages/airflow/example_dags/example_complex.py
[2024-03-12T09:41:50.419+0000] {processor.py:840} INFO - DAG(s) 'example_complex' retrieved from /usr/local/lib/python3.10/dist-packages/airflow/example_dags/example_complex.py
[2024-03-12T09:41:50.445+0000] {logging_mixin.py:188} INFO - [2024-03-12T09:41:50.445+0000] {dag.py:3047} INFO - Sync 1 DAGs
[2024-03-12T09:41:50.457+0000] {logging_mixin.py:188} INFO - [2024-03-12T09:41:50.456+0000] {dag.py:3834} INFO - Setting next_dagrun for example_complex to None, run_after=None
[2024-03-12T09:41:50.480+0000] {processor.py:183} INFO - Processing /usr/local/lib/python3.10/dist-packages/airflow/example_dags/example_complex.py took 0.078 seconds
[2024-03-12T09:42:51.667+0000] {processor.py:161} INFO - Started process (PID=15244) to work on /usr/local/lib/python3.10/dist-packages/airflow/example_dags/example_complex.py
[2024-03-12T09:42:51.672+0000] {processor.py:830} INFO - Processing file /usr/local/lib/python3.10/dist-packages/airflow/example_dags/example_complex.py for tasks to queue
[2024-03-12T09:42:51.673+0000] {logging_mixin.py:188} INFO - [2024-03-12T09:42:51.673+0000] {dagbag.py:540} INFO - Filling up the DagBag from /usr/local/lib/python3.10/dist-packages/airflow/example_dags/example_complex.py
[2024-03-12T09:42:51.692+0000] {processor.py:840} INFO - DAG(s) 'example_complex' retrieved from /usr/local/lib/python3.10/dist-packages/airflow/example_dags/example_complex.py
[2024-03-12T09:42:51.733+0000] {logging_mixin.py:188} INFO - [2024-03-12T09:42:51.732+0000] {dag.py:3047} INFO - Sync 1 DAGs
[2024-03-12T09:42:51.754+0000] {logging_mixin.py:188} INFO - [2024-03-12T09:42:51.754+0000] {dag.py:3834} INFO - Setting next_dagrun for example_complex to None, run_after=None
[2024-03-12T09:42:51.800+0000] {processor.py:183} INFO - Processing /usr/local/lib/python3.10/dist-packages/airflow/example_dags/example_complex.py took 0.136 seconds
[2024-03-12T09:43:54.108+0000] {processor.py:161} INFO - Started process (PID=15309) to work on /usr/local/lib/python3.10/dist-packages/airflow/example_dags/example_complex.py
[2024-03-12T09:43:54.110+0000] {processor.py:830} INFO - Processing file /usr/local/lib/python3.10/dist-packages/airflow/example_dags/example_complex.py for tasks to queue
[2024-03-12T09:43:54.111+0000] {logging_mixin.py:188} INFO - [2024-03-12T09:43:54.111+0000] {dagbag.py:540} INFO - Filling up the DagBag from /usr/local/lib/python3.10/dist-packages/airflow/example_dags/example_complex.py
[2024-03-12T09:43:54.125+0000] {processor.py:840} INFO - DAG(s) 'example_complex' retrieved from /usr/local/lib/python3.10/dist-packages/airflow/example_dags/example_complex.py
[2024-03-12T09:43:54.154+0000] {logging_mixin.py:188} INFO - [2024-03-12T09:43:54.154+0000] {dag.py:3047} INFO - Sync 1 DAGs
[2024-03-12T09:43:54.169+0000] {logging_mixin.py:188} INFO - [2024-03-12T09:43:54.169+0000] {dag.py:3834} INFO - Setting next_dagrun for example_complex to None, run_after=None
[2024-03-12T09:43:54.197+0000] {processor.py:183} INFO - Processing /usr/local/lib/python3.10/dist-packages/airflow/example_dags/example_complex.py took 0.093 seconds
[2024-03-12T09:44:59.396+0000] {processor.py:161} INFO - Started process (PID=15383) to work on /usr/local/lib/python3.10/dist-packages/airflow/example_dags/example_complex.py
[2024-03-12T09:44:59.399+0000] {processor.py:830} INFO - Processing file /usr/local/lib/python3.10/dist-packages/airflow/example_dags/example_complex.py for tasks to queue
[2024-03-12T09:44:59.400+0000] {logging_mixin.py:188} INFO - [2024-03-12T09:44:59.399+0000] {dagbag.py:540} INFO - Filling up the DagBag from /usr/local/lib/python3.10/dist-packages/airflow/example_dags/example_complex.py
[2024-03-12T09:44:59.419+0000] {processor.py:840} INFO - DAG(s) 'example_complex' retrieved from /usr/local/lib/python3.10/dist-packages/airflow/example_dags/example_complex.py
[2024-03-12T09:44:59.464+0000] {logging_mixin.py:188} INFO - [2024-03-12T09:44:59.463+0000] {dag.py:3047} INFO - Sync 1 DAGs
[2024-03-12T09:44:59.498+0000] {logging_mixin.py:188} INFO - [2024-03-12T09:44:59.498+0000] {dag.py:3834} INFO - Setting next_dagrun for example_complex to None, run_after=None
[2024-03-12T09:44:59.531+0000] {processor.py:183} INFO - Processing /usr/local/lib/python3.10/dist-packages/airflow/example_dags/example_complex.py took 0.139 seconds
[2024-03-12T09:46:02.463+0000] {processor.py:161} INFO - Started process (PID=15445) to work on /usr/local/lib/python3.10/dist-packages/airflow/example_dags/example_complex.py
[2024-03-12T09:46:02.470+0000] {processor.py:830} INFO - Processing file /usr/local/lib/python3.10/dist-packages/airflow/example_dags/example_complex.py for tasks to queue
[2024-03-12T09:46:02.473+0000] {logging_mixin.py:188} INFO - [2024-03-12T09:46:02.472+0000] {dagbag.py:540} INFO - Filling up the DagBag from /usr/local/lib/python3.10/dist-packages/airflow/example_dags/example_complex.py
[2024-03-12T09:46:02.491+0000] {processor.py:840} INFO - DAG(s) 'example_complex' retrieved from /usr/local/lib/python3.10/dist-packages/airflow/example_dags/example_complex.py
[2024-03-12T09:46:02.545+0000] {logging_mixin.py:188} INFO - [2024-03-12T09:46:02.545+0000] {dag.py:3047} INFO - Sync 1 DAGs
[2024-03-12T09:46:02.561+0000] {logging_mixin.py:188} INFO - [2024-03-12T09:46:02.561+0000] {dag.py:3834} INFO - Setting next_dagrun for example_complex to None, run_after=None
[2024-03-12T09:46:02.597+0000] {processor.py:183} INFO - Processing /usr/local/lib/python3.10/dist-packages/airflow/example_dags/example_complex.py took 0.139 seconds
[2024-03-12T09:47:01.768+0000] {processor.py:161} INFO - Started process (PID=15504) to work on /usr/local/lib/python3.10/dist-packages/airflow/example_dags/example_complex.py
[2024-03-12T09:47:01.770+0000] {processor.py:830} INFO - Processing file /usr/local/lib/python3.10/dist-packages/airflow/example_dags/example_complex.py for tasks to queue
[2024-03-12T09:47:01.771+0000] {logging_mixin.py:188} INFO - [2024-03-12T09:47:01.770+0000] {dagbag.py:540} INFO - Filling up the DagBag from /usr/local/lib/python3.10/dist-packages/airflow/example_dags/example_complex.py
[2024-03-12T09:47:01.786+0000] {processor.py:840} INFO - DAG(s) 'example_complex' retrieved from /usr/local/lib/python3.10/dist-packages/airflow/example_dags/example_complex.py
[2024-03-12T09:47:01.854+0000] {logging_mixin.py:188} INFO - [2024-03-12T09:47:01.853+0000] {dag.py:3047} INFO - Sync 1 DAGs
[2024-03-12T09:47:01.871+0000] {logging_mixin.py:188} INFO - [2024-03-12T09:47:01.870+0000] {dag.py:3834} INFO - Setting next_dagrun for example_complex to None, run_after=None
[2024-03-12T09:47:01.902+0000] {processor.py:183} INFO - Processing /usr/local/lib/python3.10/dist-packages/airflow/example_dags/example_complex.py took 0.140 seconds
[2024-03-12T09:48:05.779+0000] {processor.py:161} INFO - Started process (PID=15567) to work on /usr/local/lib/python3.10/dist-packages/airflow/example_dags/example_complex.py
[2024-03-12T09:48:05.781+0000] {processor.py:830} INFO - Processing file /usr/local/lib/python3.10/dist-packages/airflow/example_dags/example_complex.py for tasks to queue
[2024-03-12T09:48:05.782+0000] {logging_mixin.py:188} INFO - [2024-03-12T09:48:05.781+0000] {dagbag.py:540} INFO - Filling up the DagBag from /usr/local/lib/python3.10/dist-packages/airflow/example_dags/example_complex.py
[2024-03-12T09:48:05.800+0000] {processor.py:840} INFO - DAG(s) 'example_complex' retrieved from /usr/local/lib/python3.10/dist-packages/airflow/example_dags/example_complex.py
[2024-03-12T09:48:05.840+0000] {logging_mixin.py:188} INFO - [2024-03-12T09:48:05.840+0000] {dag.py:3047} INFO - Sync 1 DAGs
[2024-03-12T09:48:05.854+0000] {logging_mixin.py:188} INFO - [2024-03-12T09:48:05.853+0000] {dag.py:3834} INFO - Setting next_dagrun for example_complex to None, run_after=None
[2024-03-12T09:48:05.882+0000] {processor.py:183} INFO - Processing /usr/local/lib/python3.10/dist-packages/airflow/example_dags/example_complex.py took 0.110 seconds
[2024-03-12T09:49:06.699+0000] {processor.py:161} INFO - Started process (PID=15630) to work on /usr/local/lib/python3.10/dist-packages/airflow/example_dags/example_complex.py
[2024-03-12T09:49:06.701+0000] {processor.py:830} INFO - Processing file /usr/local/lib/python3.10/dist-packages/airflow/example_dags/example_complex.py for tasks to queue
[2024-03-12T09:49:06.703+0000] {logging_mixin.py:188} INFO - [2024-03-12T09:49:06.702+0000] {dagbag.py:540} INFO - Filling up the DagBag from /usr/local/lib/python3.10/dist-packages/airflow/example_dags/example_complex.py
[2024-03-12T09:49:06.716+0000] {processor.py:840} INFO - DAG(s) 'example_complex' retrieved from /usr/local/lib/python3.10/dist-packages/airflow/example_dags/example_complex.py
[2024-03-12T09:49:06.753+0000] {logging_mixin.py:188} INFO - [2024-03-12T09:49:06.753+0000] {dag.py:3047} INFO - Sync 1 DAGs
[2024-03-12T09:49:06.770+0000] {logging_mixin.py:188} INFO - [2024-03-12T09:49:06.769+0000] {dag.py:3834} INFO - Setting next_dagrun for example_complex to None, run_after=None
[2024-03-12T09:49:06.799+0000] {processor.py:183} INFO - Processing /usr/local/lib/python3.10/dist-packages/airflow/example_dags/example_complex.py took 0.104 seconds
[2024-03-12T09:50:13.033+0000] {processor.py:161} INFO - Started process (PID=15693) to work on /usr/local/lib/python3.10/dist-packages/airflow/example_dags/example_complex.py
[2024-03-12T09:50:13.035+0000] {processor.py:830} INFO - Processing file /usr/local/lib/python3.10/dist-packages/airflow/example_dags/example_complex.py for tasks to queue
[2024-03-12T09:50:13.036+0000] {logging_mixin.py:188} INFO - [2024-03-12T09:50:13.036+0000] {dagbag.py:540} INFO - Filling up the DagBag from /usr/local/lib/python3.10/dist-packages/airflow/example_dags/example_complex.py
[2024-03-12T09:50:13.051+0000] {processor.py:840} INFO - DAG(s) 'example_complex' retrieved from /usr/local/lib/python3.10/dist-packages/airflow/example_dags/example_complex.py
[2024-03-12T09:50:13.080+0000] {logging_mixin.py:188} INFO - [2024-03-12T09:50:13.080+0000] {dag.py:3047} INFO - Sync 1 DAGs
[2024-03-12T09:50:13.093+0000] {logging_mixin.py:188} INFO - [2024-03-12T09:50:13.093+0000] {dag.py:3834} INFO - Setting next_dagrun for example_complex to None, run_after=None
[2024-03-12T09:50:13.125+0000] {processor.py:183} INFO - Processing /usr/local/lib/python3.10/dist-packages/airflow/example_dags/example_complex.py took 0.096 seconds
[2024-03-12T09:51:19.424+0000] {processor.py:161} INFO - Started process (PID=15757) to work on /usr/local/lib/python3.10/dist-packages/airflow/example_dags/example_complex.py
[2024-03-12T09:51:19.426+0000] {processor.py:830} INFO - Processing file /usr/local/lib/python3.10/dist-packages/airflow/example_dags/example_complex.py for tasks to queue
[2024-03-12T09:51:19.427+0000] {logging_mixin.py:188} INFO - [2024-03-12T09:51:19.426+0000] {dagbag.py:540} INFO - Filling up the DagBag from /usr/local/lib/python3.10/dist-packages/airflow/example_dags/example_complex.py
[2024-03-12T09:51:19.438+0000] {processor.py:840} INFO - DAG(s) 'example_complex' retrieved from /usr/local/lib/python3.10/dist-packages/airflow/example_dags/example_complex.py
[2024-03-12T09:51:19.468+0000] {logging_mixin.py:188} INFO - [2024-03-12T09:51:19.468+0000] {dag.py:3047} INFO - Sync 1 DAGs
[2024-03-12T09:51:19.480+0000] {logging_mixin.py:188} INFO - [2024-03-12T09:51:19.480+0000] {dag.py:3834} INFO - Setting next_dagrun for example_complex to None, run_after=None
[2024-03-12T09:51:19.506+0000] {processor.py:183} INFO - Processing /usr/local/lib/python3.10/dist-packages/airflow/example_dags/example_complex.py took 0.086 seconds
[2024-03-12T09:52:30.676+0000] {processor.py:161} INFO - Started process (PID=15826) to work on /usr/local/lib/python3.10/dist-packages/airflow/example_dags/example_complex.py
[2024-03-12T09:52:30.679+0000] {processor.py:830} INFO - Processing file /usr/local/lib/python3.10/dist-packages/airflow/example_dags/example_complex.py for tasks to queue
[2024-03-12T09:52:30.680+0000] {logging_mixin.py:188} INFO - [2024-03-12T09:52:30.680+0000] {dagbag.py:540} INFO - Filling up the DagBag from /usr/local/lib/python3.10/dist-packages/airflow/example_dags/example_complex.py
[2024-03-12T09:52:30.706+0000] {processor.py:840} INFO - DAG(s) 'example_complex' retrieved from /usr/local/lib/python3.10/dist-packages/airflow/example_dags/example_complex.py
[2024-03-12T09:52:30.761+0000] {logging_mixin.py:188} INFO - [2024-03-12T09:52:30.761+0000] {dag.py:3047} INFO - Sync 1 DAGs
[2024-03-12T09:52:30.789+0000] {logging_mixin.py:188} INFO - [2024-03-12T09:52:30.789+0000] {dag.py:3834} INFO - Setting next_dagrun for example_complex to None, run_after=None
[2024-03-12T09:52:30.821+0000] {processor.py:183} INFO - Processing /usr/local/lib/python3.10/dist-packages/airflow/example_dags/example_complex.py took 0.161 seconds
[2024-03-12T09:53:33.588+0000] {processor.py:161} INFO - Started process (PID=15887) to work on /usr/local/lib/python3.10/dist-packages/airflow/example_dags/example_complex.py
[2024-03-12T09:53:33.590+0000] {processor.py:830} INFO - Processing file /usr/local/lib/python3.10/dist-packages/airflow/example_dags/example_complex.py for tasks to queue
[2024-03-12T09:53:33.591+0000] {logging_mixin.py:188} INFO - [2024-03-12T09:53:33.591+0000] {dagbag.py:540} INFO - Filling up the DagBag from /usr/local/lib/python3.10/dist-packages/airflow/example_dags/example_complex.py
[2024-03-12T09:53:33.605+0000] {processor.py:840} INFO - DAG(s) 'example_complex' retrieved from /usr/local/lib/python3.10/dist-packages/airflow/example_dags/example_complex.py
[2024-03-12T09:53:33.641+0000] {logging_mixin.py:188} INFO - [2024-03-12T09:53:33.641+0000] {dag.py:3047} INFO - Sync 1 DAGs
[2024-03-12T09:53:33.659+0000] {logging_mixin.py:188} INFO - [2024-03-12T09:53:33.659+0000] {dag.py:3834} INFO - Setting next_dagrun for example_complex to None, run_after=None
[2024-03-12T09:53:33.687+0000] {processor.py:183} INFO - Processing /usr/local/lib/python3.10/dist-packages/airflow/example_dags/example_complex.py took 0.102 seconds
[2024-03-12T09:54:43.433+0000] {processor.py:161} INFO - Started process (PID=15955) to work on /usr/local/lib/python3.10/dist-packages/airflow/example_dags/example_complex.py
[2024-03-12T09:54:43.436+0000] {processor.py:830} INFO - Processing file /usr/local/lib/python3.10/dist-packages/airflow/example_dags/example_complex.py for tasks to queue
[2024-03-12T09:54:43.438+0000] {logging_mixin.py:188} INFO - [2024-03-12T09:54:43.437+0000] {dagbag.py:540} INFO - Filling up the DagBag from /usr/local/lib/python3.10/dist-packages/airflow/example_dags/example_complex.py
[2024-03-12T09:54:43.457+0000] {processor.py:840} INFO - DAG(s) 'example_complex' retrieved from /usr/local/lib/python3.10/dist-packages/airflow/example_dags/example_complex.py
[2024-03-12T09:54:43.489+0000] {logging_mixin.py:188} INFO - [2024-03-12T09:54:43.489+0000] {dag.py:3047} INFO - Sync 1 DAGs
[2024-03-12T09:54:43.504+0000] {logging_mixin.py:188} INFO - [2024-03-12T09:54:43.503+0000] {dag.py:3834} INFO - Setting next_dagrun for example_complex to None, run_after=None
[2024-03-12T09:54:43.537+0000] {processor.py:183} INFO - Processing /usr/local/lib/python3.10/dist-packages/airflow/example_dags/example_complex.py took 0.109 seconds
[2024-03-12T09:55:49.318+0000] {processor.py:161} INFO - Started process (PID=16020) to work on /usr/local/lib/python3.10/dist-packages/airflow/example_dags/example_complex.py
[2024-03-12T09:55:49.320+0000] {processor.py:830} INFO - Processing file /usr/local/lib/python3.10/dist-packages/airflow/example_dags/example_complex.py for tasks to queue
[2024-03-12T09:55:49.321+0000] {logging_mixin.py:188} INFO - [2024-03-12T09:55:49.320+0000] {dagbag.py:540} INFO - Filling up the DagBag from /usr/local/lib/python3.10/dist-packages/airflow/example_dags/example_complex.py
[2024-03-12T09:55:49.333+0000] {processor.py:840} INFO - DAG(s) 'example_complex' retrieved from /usr/local/lib/python3.10/dist-packages/airflow/example_dags/example_complex.py
[2024-03-12T09:55:49.363+0000] {logging_mixin.py:188} INFO - [2024-03-12T09:55:49.362+0000] {dag.py:3047} INFO - Sync 1 DAGs
[2024-03-12T09:55:49.377+0000] {logging_mixin.py:188} INFO - [2024-03-12T09:55:49.377+0000] {dag.py:3834} INFO - Setting next_dagrun for example_complex to None, run_after=None
[2024-03-12T09:55:49.406+0000] {processor.py:183} INFO - Processing /usr/local/lib/python3.10/dist-packages/airflow/example_dags/example_complex.py took 0.092 seconds
[2024-03-12T09:56:57.046+0000] {processor.py:161} INFO - Started process (PID=16084) to work on /usr/local/lib/python3.10/dist-packages/airflow/example_dags/example_complex.py
[2024-03-12T09:56:57.048+0000] {processor.py:830} INFO - Processing file /usr/local/lib/python3.10/dist-packages/airflow/example_dags/example_complex.py for tasks to queue
[2024-03-12T09:56:57.049+0000] {logging_mixin.py:188} INFO - [2024-03-12T09:56:57.048+0000] {dagbag.py:540} INFO - Filling up the DagBag from /usr/local/lib/python3.10/dist-packages/airflow/example_dags/example_complex.py
[2024-03-12T09:56:57.063+0000] {processor.py:840} INFO - DAG(s) 'example_complex' retrieved from /usr/local/lib/python3.10/dist-packages/airflow/example_dags/example_complex.py
[2024-03-12T09:56:57.133+0000] {logging_mixin.py:188} INFO - [2024-03-12T09:56:57.132+0000] {dag.py:3047} INFO - Sync 1 DAGs
[2024-03-12T09:56:57.157+0000] {logging_mixin.py:188} INFO - [2024-03-12T09:56:57.157+0000] {dag.py:3834} INFO - Setting next_dagrun for example_complex to None, run_after=None
[2024-03-12T09:56:57.191+0000] {processor.py:183} INFO - Processing /usr/local/lib/python3.10/dist-packages/airflow/example_dags/example_complex.py took 0.148 seconds
[2024-03-12T09:58:01.940+0000] {processor.py:161} INFO - Started process (PID=16148) to work on /usr/local/lib/python3.10/dist-packages/airflow/example_dags/example_complex.py
[2024-03-12T09:58:01.941+0000] {processor.py:830} INFO - Processing file /usr/local/lib/python3.10/dist-packages/airflow/example_dags/example_complex.py for tasks to queue
[2024-03-12T09:58:01.943+0000] {logging_mixin.py:188} INFO - [2024-03-12T09:58:01.942+0000] {dagbag.py:540} INFO - Filling up the DagBag from /usr/local/lib/python3.10/dist-packages/airflow/example_dags/example_complex.py
[2024-03-12T09:58:01.955+0000] {processor.py:840} INFO - DAG(s) 'example_complex' retrieved from /usr/local/lib/python3.10/dist-packages/airflow/example_dags/example_complex.py
[2024-03-12T09:58:01.984+0000] {logging_mixin.py:188} INFO - [2024-03-12T09:58:01.984+0000] {dag.py:3047} INFO - Sync 1 DAGs
[2024-03-12T09:58:01.999+0000] {logging_mixin.py:188} INFO - [2024-03-12T09:58:01.999+0000] {dag.py:3834} INFO - Setting next_dagrun for example_complex to None, run_after=None
[2024-03-12T09:58:02.029+0000] {processor.py:183} INFO - Processing /usr/local/lib/python3.10/dist-packages/airflow/example_dags/example_complex.py took 0.093 seconds
[2024-03-12T09:59:04.447+0000] {processor.py:161} INFO - Started process (PID=16221) to work on /usr/local/lib/python3.10/dist-packages/airflow/example_dags/example_complex.py
[2024-03-12T09:59:04.449+0000] {processor.py:830} INFO - Processing file /usr/local/lib/python3.10/dist-packages/airflow/example_dags/example_complex.py for tasks to queue
[2024-03-12T09:59:04.450+0000] {logging_mixin.py:188} INFO - [2024-03-12T09:59:04.449+0000] {dagbag.py:540} INFO - Filling up the DagBag from /usr/local/lib/python3.10/dist-packages/airflow/example_dags/example_complex.py
[2024-03-12T09:59:04.466+0000] {processor.py:840} INFO - DAG(s) 'example_complex' retrieved from /usr/local/lib/python3.10/dist-packages/airflow/example_dags/example_complex.py
[2024-03-12T09:59:04.504+0000] {logging_mixin.py:188} INFO - [2024-03-12T09:59:04.503+0000] {dag.py:3047} INFO - Sync 1 DAGs
[2024-03-12T09:59:04.518+0000] {logging_mixin.py:188} INFO - [2024-03-12T09:59:04.518+0000] {dag.py:3834} INFO - Setting next_dagrun for example_complex to None, run_after=None
[2024-03-12T09:59:04.546+0000] {processor.py:183} INFO - Processing /usr/local/lib/python3.10/dist-packages/airflow/example_dags/example_complex.py took 0.109 seconds
