[2024-03-12T09:22:58.328+0000] {processor.py:161} INFO - Started process (PID=14020) to work on /usr/local/lib/python3.10/dist-packages/airflow/example_dags/example_branch_python_dop_operator_3.py
[2024-03-12T09:22:58.332+0000] {processor.py:830} INFO - Processing file /usr/local/lib/python3.10/dist-packages/airflow/example_dags/example_branch_python_dop_operator_3.py for tasks to queue
[2024-03-12T09:22:58.335+0000] {logging_mixin.py:188} INFO - [2024-03-12T09:22:58.333+0000] {dagbag.py:540} INFO - Filling up the DagBag from /usr/local/lib/python3.10/dist-packages/airflow/example_dags/example_branch_python_dop_operator_3.py
[2024-03-12T09:22:58.358+0000] {processor.py:840} INFO - DAG(s) 'example_branch_dop_operator_v3' retrieved from /usr/local/lib/python3.10/dist-packages/airflow/example_dags/example_branch_python_dop_operator_3.py
[2024-03-12T09:22:58.571+0000] {logging_mixin.py:188} INFO - [2024-03-12T09:22:58.571+0000] {dag.py:3047} INFO - Sync 1 DAGs
[2024-03-12T09:22:58.796+0000] {logging_mixin.py:188} INFO - [2024-03-12T09:22:58.795+0000] {dag.py:3834} INFO - Setting next_dagrun for example_branch_dop_operator_v3 to 2024-03-12 09:21:00+00:00, run_after=2024-03-12 09:22:00+00:00
[2024-03-12T09:22:58.829+0000] {processor.py:183} INFO - Processing /usr/local/lib/python3.10/dist-packages/airflow/example_dags/example_branch_python_dop_operator_3.py took 0.512 seconds
[2024-03-12T09:24:00.267+0000] {processor.py:161} INFO - Started process (PID=14075) to work on /usr/local/lib/python3.10/dist-packages/airflow/example_dags/example_branch_python_dop_operator_3.py
[2024-03-12T09:24:00.268+0000] {processor.py:830} INFO - Processing file /usr/local/lib/python3.10/dist-packages/airflow/example_dags/example_branch_python_dop_operator_3.py for tasks to queue
[2024-03-12T09:24:00.270+0000] {logging_mixin.py:188} INFO - [2024-03-12T09:24:00.269+0000] {dagbag.py:540} INFO - Filling up the DagBag from /usr/local/lib/python3.10/dist-packages/airflow/example_dags/example_branch_python_dop_operator_3.py
[2024-03-12T09:24:00.291+0000] {processor.py:840} INFO - DAG(s) 'example_branch_dop_operator_v3' retrieved from /usr/local/lib/python3.10/dist-packages/airflow/example_dags/example_branch_python_dop_operator_3.py
[2024-03-12T09:24:00.337+0000] {logging_mixin.py:188} INFO - [2024-03-12T09:24:00.336+0000] {dag.py:3047} INFO - Sync 1 DAGs
[2024-03-12T09:24:00.377+0000] {logging_mixin.py:188} INFO - [2024-03-12T09:24:00.377+0000] {dag.py:3834} INFO - Setting next_dagrun for example_branch_dop_operator_v3 to 2024-03-12 09:23:00+00:00, run_after=2024-03-12 09:24:00+00:00
[2024-03-12T09:24:00.420+0000] {processor.py:183} INFO - Processing /usr/local/lib/python3.10/dist-packages/airflow/example_dags/example_branch_python_dop_operator_3.py took 0.158 seconds
[2024-03-12T09:24:54.605+0000] {processor.py:161} INFO - Started process (PID=14124) to work on /usr/local/lib/python3.10/dist-packages/airflow/example_dags/example_branch_python_dop_operator_3.py
[2024-03-12T09:24:54.610+0000] {processor.py:830} INFO - Processing file /usr/local/lib/python3.10/dist-packages/airflow/example_dags/example_branch_python_dop_operator_3.py for tasks to queue
[2024-03-12T09:24:54.611+0000] {logging_mixin.py:188} INFO - [2024-03-12T09:24:54.611+0000] {dagbag.py:540} INFO - Filling up the DagBag from /usr/local/lib/python3.10/dist-packages/airflow/example_dags/example_branch_python_dop_operator_3.py
[2024-03-12T09:24:54.629+0000] {processor.py:840} INFO - DAG(s) 'example_branch_dop_operator_v3' retrieved from /usr/local/lib/python3.10/dist-packages/airflow/example_dags/example_branch_python_dop_operator_3.py
[2024-03-12T09:24:54.834+0000] {logging_mixin.py:188} INFO - [2024-03-12T09:24:54.833+0000] {dag.py:3047} INFO - Sync 1 DAGs
[2024-03-12T09:24:54.880+0000] {logging_mixin.py:188} INFO - [2024-03-12T09:24:54.880+0000] {dag.py:3834} INFO - Setting next_dagrun for example_branch_dop_operator_v3 to 2024-03-12 09:23:00+00:00, run_after=2024-03-12 09:24:00+00:00
[2024-03-12T09:24:54.910+0000] {processor.py:183} INFO - Processing /usr/local/lib/python3.10/dist-packages/airflow/example_dags/example_branch_python_dop_operator_3.py took 0.309 seconds
[2024-03-12T09:26:03.232+0000] {processor.py:161} INFO - Started process (PID=14189) to work on /usr/local/lib/python3.10/dist-packages/airflow/example_dags/example_branch_python_dop_operator_3.py
[2024-03-12T09:26:03.234+0000] {processor.py:830} INFO - Processing file /usr/local/lib/python3.10/dist-packages/airflow/example_dags/example_branch_python_dop_operator_3.py for tasks to queue
[2024-03-12T09:26:03.236+0000] {logging_mixin.py:188} INFO - [2024-03-12T09:26:03.235+0000] {dagbag.py:540} INFO - Filling up the DagBag from /usr/local/lib/python3.10/dist-packages/airflow/example_dags/example_branch_python_dop_operator_3.py
[2024-03-12T09:26:03.249+0000] {processor.py:840} INFO - DAG(s) 'example_branch_dop_operator_v3' retrieved from /usr/local/lib/python3.10/dist-packages/airflow/example_dags/example_branch_python_dop_operator_3.py
[2024-03-12T09:26:03.277+0000] {logging_mixin.py:188} INFO - [2024-03-12T09:26:03.276+0000] {dag.py:3047} INFO - Sync 1 DAGs
[2024-03-12T09:26:03.352+0000] {logging_mixin.py:188} INFO - [2024-03-12T09:26:03.352+0000] {dag.py:3834} INFO - Setting next_dagrun for example_branch_dop_operator_v3 to 2024-03-12 09:25:00+00:00, run_after=2024-03-12 09:26:00+00:00
[2024-03-12T09:26:03.398+0000] {processor.py:183} INFO - Processing /usr/local/lib/python3.10/dist-packages/airflow/example_dags/example_branch_python_dop_operator_3.py took 0.172 seconds
[2024-03-12T09:27:02.594+0000] {processor.py:161} INFO - Started process (PID=14249) to work on /usr/local/lib/python3.10/dist-packages/airflow/example_dags/example_branch_python_dop_operator_3.py
[2024-03-12T09:27:02.596+0000] {processor.py:830} INFO - Processing file /usr/local/lib/python3.10/dist-packages/airflow/example_dags/example_branch_python_dop_operator_3.py for tasks to queue
[2024-03-12T09:27:02.597+0000] {logging_mixin.py:188} INFO - [2024-03-12T09:27:02.596+0000] {dagbag.py:540} INFO - Filling up the DagBag from /usr/local/lib/python3.10/dist-packages/airflow/example_dags/example_branch_python_dop_operator_3.py
[2024-03-12T09:27:02.612+0000] {processor.py:840} INFO - DAG(s) 'example_branch_dop_operator_v3' retrieved from /usr/local/lib/python3.10/dist-packages/airflow/example_dags/example_branch_python_dop_operator_3.py
[2024-03-12T09:27:02.637+0000] {logging_mixin.py:188} INFO - [2024-03-12T09:27:02.636+0000] {dag.py:3047} INFO - Sync 1 DAGs
[2024-03-12T09:27:02.682+0000] {logging_mixin.py:188} INFO - [2024-03-12T09:27:02.682+0000] {dag.py:3834} INFO - Setting next_dagrun for example_branch_dop_operator_v3 to 2024-03-12 09:26:00+00:00, run_after=2024-03-12 09:27:00+00:00
[2024-03-12T09:27:02.732+0000] {processor.py:183} INFO - Processing /usr/local/lib/python3.10/dist-packages/airflow/example_dags/example_branch_python_dop_operator_3.py took 0.142 seconds
[2024-03-12T09:28:05.665+0000] {processor.py:161} INFO - Started process (PID=14311) to work on /usr/local/lib/python3.10/dist-packages/airflow/example_dags/example_branch_python_dop_operator_3.py
[2024-03-12T09:28:05.669+0000] {processor.py:830} INFO - Processing file /usr/local/lib/python3.10/dist-packages/airflow/example_dags/example_branch_python_dop_operator_3.py for tasks to queue
[2024-03-12T09:28:05.671+0000] {logging_mixin.py:188} INFO - [2024-03-12T09:28:05.670+0000] {dagbag.py:540} INFO - Filling up the DagBag from /usr/local/lib/python3.10/dist-packages/airflow/example_dags/example_branch_python_dop_operator_3.py
[2024-03-12T09:28:05.684+0000] {processor.py:840} INFO - DAG(s) 'example_branch_dop_operator_v3' retrieved from /usr/local/lib/python3.10/dist-packages/airflow/example_dags/example_branch_python_dop_operator_3.py
[2024-03-12T09:28:05.703+0000] {logging_mixin.py:188} INFO - [2024-03-12T09:28:05.702+0000] {dag.py:3047} INFO - Sync 1 DAGs
[2024-03-12T09:28:05.734+0000] {logging_mixin.py:188} INFO - [2024-03-12T09:28:05.733+0000] {dag.py:3834} INFO - Setting next_dagrun for example_branch_dop_operator_v3 to 2024-03-12 09:27:00+00:00, run_after=2024-03-12 09:28:00+00:00
[2024-03-12T09:28:05.760+0000] {processor.py:183} INFO - Processing /usr/local/lib/python3.10/dist-packages/airflow/example_dags/example_branch_python_dop_operator_3.py took 0.099 seconds
[2024-03-12T09:29:04.878+0000] {processor.py:161} INFO - Started process (PID=14371) to work on /usr/local/lib/python3.10/dist-packages/airflow/example_dags/example_branch_python_dop_operator_3.py
[2024-03-12T09:29:04.880+0000] {processor.py:830} INFO - Processing file /usr/local/lib/python3.10/dist-packages/airflow/example_dags/example_branch_python_dop_operator_3.py for tasks to queue
[2024-03-12T09:29:04.882+0000] {logging_mixin.py:188} INFO - [2024-03-12T09:29:04.881+0000] {dagbag.py:540} INFO - Filling up the DagBag from /usr/local/lib/python3.10/dist-packages/airflow/example_dags/example_branch_python_dop_operator_3.py
[2024-03-12T09:29:04.894+0000] {processor.py:840} INFO - DAG(s) 'example_branch_dop_operator_v3' retrieved from /usr/local/lib/python3.10/dist-packages/airflow/example_dags/example_branch_python_dop_operator_3.py
[2024-03-12T09:29:04.923+0000] {logging_mixin.py:188} INFO - [2024-03-12T09:29:04.923+0000] {dag.py:3047} INFO - Sync 1 DAGs
[2024-03-12T09:29:04.955+0000] {logging_mixin.py:188} INFO - [2024-03-12T09:29:04.955+0000] {dag.py:3834} INFO - Setting next_dagrun for example_branch_dop_operator_v3 to 2024-03-12 09:28:00+00:00, run_after=2024-03-12 09:29:00+00:00
[2024-03-12T09:29:04.988+0000] {processor.py:183} INFO - Processing /usr/local/lib/python3.10/dist-packages/airflow/example_dags/example_branch_python_dop_operator_3.py took 0.114 seconds
[2024-03-12T09:30:05.074+0000] {processor.py:161} INFO - Started process (PID=14429) to work on /usr/local/lib/python3.10/dist-packages/airflow/example_dags/example_branch_python_dop_operator_3.py
[2024-03-12T09:30:05.075+0000] {processor.py:830} INFO - Processing file /usr/local/lib/python3.10/dist-packages/airflow/example_dags/example_branch_python_dop_operator_3.py for tasks to queue
[2024-03-12T09:30:05.076+0000] {logging_mixin.py:188} INFO - [2024-03-12T09:30:05.076+0000] {dagbag.py:540} INFO - Filling up the DagBag from /usr/local/lib/python3.10/dist-packages/airflow/example_dags/example_branch_python_dop_operator_3.py
[2024-03-12T09:30:05.088+0000] {processor.py:840} INFO - DAG(s) 'example_branch_dop_operator_v3' retrieved from /usr/local/lib/python3.10/dist-packages/airflow/example_dags/example_branch_python_dop_operator_3.py
[2024-03-12T09:30:05.105+0000] {logging_mixin.py:188} INFO - [2024-03-12T09:30:05.104+0000] {dag.py:3047} INFO - Sync 1 DAGs
[2024-03-12T09:30:05.131+0000] {logging_mixin.py:188} INFO - [2024-03-12T09:30:05.131+0000] {dag.py:3834} INFO - Setting next_dagrun for example_branch_dop_operator_v3 to 2024-03-12 09:29:00+00:00, run_after=2024-03-12 09:30:00+00:00
[2024-03-12T09:30:05.156+0000] {processor.py:183} INFO - Processing /usr/local/lib/python3.10/dist-packages/airflow/example_dags/example_branch_python_dop_operator_3.py took 0.092 seconds
[2024-03-12T09:31:07.269+0000] {processor.py:161} INFO - Started process (PID=14490) to work on /usr/local/lib/python3.10/dist-packages/airflow/example_dags/example_branch_python_dop_operator_3.py
[2024-03-12T09:31:07.275+0000] {processor.py:830} INFO - Processing file /usr/local/lib/python3.10/dist-packages/airflow/example_dags/example_branch_python_dop_operator_3.py for tasks to queue
[2024-03-12T09:31:07.279+0000] {logging_mixin.py:188} INFO - [2024-03-12T09:31:07.278+0000] {dagbag.py:540} INFO - Filling up the DagBag from /usr/local/lib/python3.10/dist-packages/airflow/example_dags/example_branch_python_dop_operator_3.py
[2024-03-12T09:31:07.292+0000] {processor.py:840} INFO - DAG(s) 'example_branch_dop_operator_v3' retrieved from /usr/local/lib/python3.10/dist-packages/airflow/example_dags/example_branch_python_dop_operator_3.py
[2024-03-12T09:31:07.329+0000] {logging_mixin.py:188} INFO - [2024-03-12T09:31:07.329+0000] {dag.py:3047} INFO - Sync 1 DAGs
[2024-03-12T09:31:07.358+0000] {logging_mixin.py:188} INFO - [2024-03-12T09:31:07.357+0000] {dag.py:3834} INFO - Setting next_dagrun for example_branch_dop_operator_v3 to 2024-03-12 09:30:00+00:00, run_after=2024-03-12 09:31:00+00:00
[2024-03-12T09:31:07.390+0000] {processor.py:183} INFO - Processing /usr/local/lib/python3.10/dist-packages/airflow/example_dags/example_branch_python_dop_operator_3.py took 0.136 seconds
[2024-03-12T09:32:10.863+0000] {processor.py:161} INFO - Started process (PID=14551) to work on /usr/local/lib/python3.10/dist-packages/airflow/example_dags/example_branch_python_dop_operator_3.py
[2024-03-12T09:32:10.865+0000] {processor.py:830} INFO - Processing file /usr/local/lib/python3.10/dist-packages/airflow/example_dags/example_branch_python_dop_operator_3.py for tasks to queue
[2024-03-12T09:32:10.867+0000] {logging_mixin.py:188} INFO - [2024-03-12T09:32:10.866+0000] {dagbag.py:540} INFO - Filling up the DagBag from /usr/local/lib/python3.10/dist-packages/airflow/example_dags/example_branch_python_dop_operator_3.py
[2024-03-12T09:32:10.884+0000] {processor.py:840} INFO - DAG(s) 'example_branch_dop_operator_v3' retrieved from /usr/local/lib/python3.10/dist-packages/airflow/example_dags/example_branch_python_dop_operator_3.py
[2024-03-12T09:32:10.908+0000] {logging_mixin.py:188} INFO - [2024-03-12T09:32:10.907+0000] {dag.py:3047} INFO - Sync 1 DAGs
[2024-03-12T09:32:10.938+0000] {logging_mixin.py:188} INFO - [2024-03-12T09:32:10.938+0000] {dag.py:3834} INFO - Setting next_dagrun for example_branch_dop_operator_v3 to 2024-03-12 09:31:00+00:00, run_after=2024-03-12 09:32:00+00:00
[2024-03-12T09:32:10.962+0000] {processor.py:183} INFO - Processing /usr/local/lib/python3.10/dist-packages/airflow/example_dags/example_branch_python_dop_operator_3.py took 0.103 seconds
[2024-03-12T09:33:17.893+0000] {processor.py:161} INFO - Started process (PID=14616) to work on /usr/local/lib/python3.10/dist-packages/airflow/example_dags/example_branch_python_dop_operator_3.py
[2024-03-12T09:33:17.895+0000] {processor.py:830} INFO - Processing file /usr/local/lib/python3.10/dist-packages/airflow/example_dags/example_branch_python_dop_operator_3.py for tasks to queue
[2024-03-12T09:33:17.897+0000] {logging_mixin.py:188} INFO - [2024-03-12T09:33:17.896+0000] {dagbag.py:540} INFO - Filling up the DagBag from /usr/local/lib/python3.10/dist-packages/airflow/example_dags/example_branch_python_dop_operator_3.py
[2024-03-12T09:33:17.928+0000] {processor.py:840} INFO - DAG(s) 'example_branch_dop_operator_v3' retrieved from /usr/local/lib/python3.10/dist-packages/airflow/example_dags/example_branch_python_dop_operator_3.py
[2024-03-12T09:33:17.957+0000] {logging_mixin.py:188} INFO - [2024-03-12T09:33:17.957+0000] {dag.py:3047} INFO - Sync 1 DAGs
[2024-03-12T09:33:17.989+0000] {logging_mixin.py:188} INFO - [2024-03-12T09:33:17.989+0000] {dag.py:3834} INFO - Setting next_dagrun for example_branch_dop_operator_v3 to 2024-03-12 09:32:00+00:00, run_after=2024-03-12 09:33:00+00:00
[2024-03-12T09:33:18.022+0000] {processor.py:183} INFO - Processing /usr/local/lib/python3.10/dist-packages/airflow/example_dags/example_branch_python_dop_operator_3.py took 0.133 seconds
[2024-03-12T09:34:21.552+0000] {processor.py:161} INFO - Started process (PID=14678) to work on /usr/local/lib/python3.10/dist-packages/airflow/example_dags/example_branch_python_dop_operator_3.py
[2024-03-12T09:34:21.554+0000] {processor.py:830} INFO - Processing file /usr/local/lib/python3.10/dist-packages/airflow/example_dags/example_branch_python_dop_operator_3.py for tasks to queue
[2024-03-12T09:34:21.556+0000] {logging_mixin.py:188} INFO - [2024-03-12T09:34:21.555+0000] {dagbag.py:540} INFO - Filling up the DagBag from /usr/local/lib/python3.10/dist-packages/airflow/example_dags/example_branch_python_dop_operator_3.py
[2024-03-12T09:34:21.568+0000] {processor.py:840} INFO - DAG(s) 'example_branch_dop_operator_v3' retrieved from /usr/local/lib/python3.10/dist-packages/airflow/example_dags/example_branch_python_dop_operator_3.py
[2024-03-12T09:34:21.588+0000] {logging_mixin.py:188} INFO - [2024-03-12T09:34:21.588+0000] {dag.py:3047} INFO - Sync 1 DAGs
[2024-03-12T09:34:21.629+0000] {logging_mixin.py:188} INFO - [2024-03-12T09:34:21.629+0000] {dag.py:3834} INFO - Setting next_dagrun for example_branch_dop_operator_v3 to 2024-03-12 09:33:00+00:00, run_after=2024-03-12 09:34:00+00:00
[2024-03-12T09:34:21.661+0000] {processor.py:183} INFO - Processing /usr/local/lib/python3.10/dist-packages/airflow/example_dags/example_branch_python_dop_operator_3.py took 0.121 seconds
[2024-03-12T09:35:31.457+0000] {processor.py:161} INFO - Started process (PID=14743) to work on /usr/local/lib/python3.10/dist-packages/airflow/example_dags/example_branch_python_dop_operator_3.py
[2024-03-12T09:35:31.461+0000] {processor.py:830} INFO - Processing file /usr/local/lib/python3.10/dist-packages/airflow/example_dags/example_branch_python_dop_operator_3.py for tasks to queue
[2024-03-12T09:35:31.463+0000] {logging_mixin.py:188} INFO - [2024-03-12T09:35:31.462+0000] {dagbag.py:540} INFO - Filling up the DagBag from /usr/local/lib/python3.10/dist-packages/airflow/example_dags/example_branch_python_dop_operator_3.py
[2024-03-12T09:35:31.500+0000] {processor.py:840} INFO - DAG(s) 'example_branch_dop_operator_v3' retrieved from /usr/local/lib/python3.10/dist-packages/airflow/example_dags/example_branch_python_dop_operator_3.py
[2024-03-12T09:35:31.532+0000] {logging_mixin.py:188} INFO - [2024-03-12T09:35:31.531+0000] {dag.py:3047} INFO - Sync 1 DAGs
[2024-03-12T09:35:31.601+0000] {logging_mixin.py:188} INFO - [2024-03-12T09:35:31.601+0000] {dag.py:3834} INFO - Setting next_dagrun for example_branch_dop_operator_v3 to 2024-03-12 09:34:00+00:00, run_after=2024-03-12 09:35:00+00:00
[2024-03-12T09:35:31.631+0000] {processor.py:183} INFO - Processing /usr/local/lib/python3.10/dist-packages/airflow/example_dags/example_branch_python_dop_operator_3.py took 0.180 seconds
[2024-03-12T09:36:31.313+0000] {processor.py:161} INFO - Started process (PID=14803) to work on /usr/local/lib/python3.10/dist-packages/airflow/example_dags/example_branch_python_dop_operator_3.py
[2024-03-12T09:36:31.315+0000] {processor.py:830} INFO - Processing file /usr/local/lib/python3.10/dist-packages/airflow/example_dags/example_branch_python_dop_operator_3.py for tasks to queue
[2024-03-12T09:36:31.316+0000] {logging_mixin.py:188} INFO - [2024-03-12T09:36:31.316+0000] {dagbag.py:540} INFO - Filling up the DagBag from /usr/local/lib/python3.10/dist-packages/airflow/example_dags/example_branch_python_dop_operator_3.py
[2024-03-12T09:36:31.327+0000] {processor.py:840} INFO - DAG(s) 'example_branch_dop_operator_v3' retrieved from /usr/local/lib/python3.10/dist-packages/airflow/example_dags/example_branch_python_dop_operator_3.py
[2024-03-12T09:36:31.346+0000] {logging_mixin.py:188} INFO - [2024-03-12T09:36:31.346+0000] {dag.py:3047} INFO - Sync 1 DAGs
[2024-03-12T09:36:31.374+0000] {logging_mixin.py:188} INFO - [2024-03-12T09:36:31.373+0000] {dag.py:3834} INFO - Setting next_dagrun for example_branch_dop_operator_v3 to 2024-03-12 09:35:00+00:00, run_after=2024-03-12 09:36:00+00:00
[2024-03-12T09:36:31.401+0000] {processor.py:183} INFO - Processing /usr/local/lib/python3.10/dist-packages/airflow/example_dags/example_branch_python_dop_operator_3.py took 0.091 seconds
[2024-03-12T09:37:34.080+0000] {processor.py:161} INFO - Started process (PID=14863) to work on /usr/local/lib/python3.10/dist-packages/airflow/example_dags/example_branch_python_dop_operator_3.py
[2024-03-12T09:37:34.082+0000] {processor.py:830} INFO - Processing file /usr/local/lib/python3.10/dist-packages/airflow/example_dags/example_branch_python_dop_operator_3.py for tasks to queue
[2024-03-12T09:37:34.083+0000] {logging_mixin.py:188} INFO - [2024-03-12T09:37:34.082+0000] {dagbag.py:540} INFO - Filling up the DagBag from /usr/local/lib/python3.10/dist-packages/airflow/example_dags/example_branch_python_dop_operator_3.py
[2024-03-12T09:37:34.103+0000] {processor.py:840} INFO - DAG(s) 'example_branch_dop_operator_v3' retrieved from /usr/local/lib/python3.10/dist-packages/airflow/example_dags/example_branch_python_dop_operator_3.py
[2024-03-12T09:37:34.138+0000] {logging_mixin.py:188} INFO - [2024-03-12T09:37:34.137+0000] {dag.py:3047} INFO - Sync 1 DAGs
[2024-03-12T09:37:34.177+0000] {logging_mixin.py:188} INFO - [2024-03-12T09:37:34.176+0000] {dag.py:3834} INFO - Setting next_dagrun for example_branch_dop_operator_v3 to 2024-03-12 09:36:00+00:00, run_after=2024-03-12 09:37:00+00:00
[2024-03-12T09:37:34.223+0000] {processor.py:183} INFO - Processing /usr/local/lib/python3.10/dist-packages/airflow/example_dags/example_branch_python_dop_operator_3.py took 0.147 seconds
[2024-03-12T09:38:36.748+0000] {processor.py:161} INFO - Started process (PID=14925) to work on /usr/local/lib/python3.10/dist-packages/airflow/example_dags/example_branch_python_dop_operator_3.py
[2024-03-12T09:38:36.750+0000] {processor.py:830} INFO - Processing file /usr/local/lib/python3.10/dist-packages/airflow/example_dags/example_branch_python_dop_operator_3.py for tasks to queue
[2024-03-12T09:38:36.752+0000] {logging_mixin.py:188} INFO - [2024-03-12T09:38:36.751+0000] {dagbag.py:540} INFO - Filling up the DagBag from /usr/local/lib/python3.10/dist-packages/airflow/example_dags/example_branch_python_dop_operator_3.py
[2024-03-12T09:38:36.767+0000] {processor.py:840} INFO - DAG(s) 'example_branch_dop_operator_v3' retrieved from /usr/local/lib/python3.10/dist-packages/airflow/example_dags/example_branch_python_dop_operator_3.py
[2024-03-12T09:38:36.788+0000] {logging_mixin.py:188} INFO - [2024-03-12T09:38:36.788+0000] {dag.py:3047} INFO - Sync 1 DAGs
[2024-03-12T09:38:36.823+0000] {logging_mixin.py:188} INFO - [2024-03-12T09:38:36.822+0000] {dag.py:3834} INFO - Setting next_dagrun for example_branch_dop_operator_v3 to 2024-03-12 09:37:00+00:00, run_after=2024-03-12 09:38:00+00:00
[2024-03-12T09:38:36.862+0000] {processor.py:183} INFO - Processing /usr/local/lib/python3.10/dist-packages/airflow/example_dags/example_branch_python_dop_operator_3.py took 0.121 seconds
[2024-03-12T09:39:41.388+0000] {processor.py:161} INFO - Started process (PID=14986) to work on /usr/local/lib/python3.10/dist-packages/airflow/example_dags/example_branch_python_dop_operator_3.py
[2024-03-12T09:39:41.389+0000] {processor.py:830} INFO - Processing file /usr/local/lib/python3.10/dist-packages/airflow/example_dags/example_branch_python_dop_operator_3.py for tasks to queue
[2024-03-12T09:39:41.390+0000] {logging_mixin.py:188} INFO - [2024-03-12T09:39:41.390+0000] {dagbag.py:540} INFO - Filling up the DagBag from /usr/local/lib/python3.10/dist-packages/airflow/example_dags/example_branch_python_dop_operator_3.py
[2024-03-12T09:39:41.400+0000] {processor.py:840} INFO - DAG(s) 'example_branch_dop_operator_v3' retrieved from /usr/local/lib/python3.10/dist-packages/airflow/example_dags/example_branch_python_dop_operator_3.py
[2024-03-12T09:39:41.419+0000] {logging_mixin.py:188} INFO - [2024-03-12T09:39:41.418+0000] {dag.py:3047} INFO - Sync 1 DAGs
[2024-03-12T09:39:41.451+0000] {logging_mixin.py:188} INFO - [2024-03-12T09:39:41.451+0000] {dag.py:3834} INFO - Setting next_dagrun for example_branch_dop_operator_v3 to 2024-03-12 09:38:00+00:00, run_after=2024-03-12 09:39:00+00:00
[2024-03-12T09:39:41.483+0000] {processor.py:183} INFO - Processing /usr/local/lib/python3.10/dist-packages/airflow/example_dags/example_branch_python_dop_operator_3.py took 0.099 seconds
[2024-03-12T09:40:46.629+0000] {processor.py:161} INFO - Started process (PID=15049) to work on /usr/local/lib/python3.10/dist-packages/airflow/example_dags/example_branch_python_dop_operator_3.py
[2024-03-12T09:40:46.631+0000] {processor.py:830} INFO - Processing file /usr/local/lib/python3.10/dist-packages/airflow/example_dags/example_branch_python_dop_operator_3.py for tasks to queue
[2024-03-12T09:40:46.635+0000] {logging_mixin.py:188} INFO - [2024-03-12T09:40:46.634+0000] {dagbag.py:540} INFO - Filling up the DagBag from /usr/local/lib/python3.10/dist-packages/airflow/example_dags/example_branch_python_dop_operator_3.py
[2024-03-12T09:40:46.649+0000] {processor.py:840} INFO - DAG(s) 'example_branch_dop_operator_v3' retrieved from /usr/local/lib/python3.10/dist-packages/airflow/example_dags/example_branch_python_dop_operator_3.py
[2024-03-12T09:40:46.679+0000] {logging_mixin.py:188} INFO - [2024-03-12T09:40:46.679+0000] {dag.py:3047} INFO - Sync 1 DAGs
[2024-03-12T09:40:46.713+0000] {logging_mixin.py:188} INFO - [2024-03-12T09:40:46.713+0000] {dag.py:3834} INFO - Setting next_dagrun for example_branch_dop_operator_v3 to 2024-03-12 09:39:00+00:00, run_after=2024-03-12 09:40:00+00:00
[2024-03-12T09:40:46.743+0000] {processor.py:183} INFO - Processing /usr/local/lib/python3.10/dist-packages/airflow/example_dags/example_branch_python_dop_operator_3.py took 0.126 seconds
[2024-03-12T09:41:48.853+0000] {processor.py:161} INFO - Started process (PID=15109) to work on /usr/local/lib/python3.10/dist-packages/airflow/example_dags/example_branch_python_dop_operator_3.py
[2024-03-12T09:41:48.861+0000] {processor.py:830} INFO - Processing file /usr/local/lib/python3.10/dist-packages/airflow/example_dags/example_branch_python_dop_operator_3.py for tasks to queue
[2024-03-12T09:41:48.863+0000] {logging_mixin.py:188} INFO - [2024-03-12T09:41:48.862+0000] {dagbag.py:540} INFO - Filling up the DagBag from /usr/local/lib/python3.10/dist-packages/airflow/example_dags/example_branch_python_dop_operator_3.py
[2024-03-12T09:41:48.884+0000] {processor.py:840} INFO - DAG(s) 'example_branch_dop_operator_v3' retrieved from /usr/local/lib/python3.10/dist-packages/airflow/example_dags/example_branch_python_dop_operator_3.py
[2024-03-12T09:41:48.905+0000] {logging_mixin.py:188} INFO - [2024-03-12T09:41:48.905+0000] {dag.py:3047} INFO - Sync 1 DAGs
[2024-03-12T09:41:48.938+0000] {logging_mixin.py:188} INFO - [2024-03-12T09:41:48.938+0000] {dag.py:3834} INFO - Setting next_dagrun for example_branch_dop_operator_v3 to 2024-03-12 09:40:00+00:00, run_after=2024-03-12 09:41:00+00:00
[2024-03-12T09:41:48.971+0000] {processor.py:183} INFO - Processing /usr/local/lib/python3.10/dist-packages/airflow/example_dags/example_branch_python_dop_operator_3.py took 0.127 seconds
[2024-03-12T09:42:49.134+0000] {processor.py:161} INFO - Started process (PID=15242) to work on /usr/local/lib/python3.10/dist-packages/airflow/example_dags/example_branch_python_dop_operator_3.py
[2024-03-12T09:42:49.136+0000] {processor.py:830} INFO - Processing file /usr/local/lib/python3.10/dist-packages/airflow/example_dags/example_branch_python_dop_operator_3.py for tasks to queue
[2024-03-12T09:42:49.137+0000] {logging_mixin.py:188} INFO - [2024-03-12T09:42:49.136+0000] {dagbag.py:540} INFO - Filling up the DagBag from /usr/local/lib/python3.10/dist-packages/airflow/example_dags/example_branch_python_dop_operator_3.py
[2024-03-12T09:42:49.149+0000] {processor.py:840} INFO - DAG(s) 'example_branch_dop_operator_v3' retrieved from /usr/local/lib/python3.10/dist-packages/airflow/example_dags/example_branch_python_dop_operator_3.py
[2024-03-12T09:42:49.167+0000] {logging_mixin.py:188} INFO - [2024-03-12T09:42:49.167+0000] {dag.py:3047} INFO - Sync 1 DAGs
[2024-03-12T09:42:49.195+0000] {logging_mixin.py:188} INFO - [2024-03-12T09:42:49.195+0000] {dag.py:3834} INFO - Setting next_dagrun for example_branch_dop_operator_v3 to 2024-03-12 09:41:00+00:00, run_after=2024-03-12 09:42:00+00:00
[2024-03-12T09:42:49.245+0000] {processor.py:183} INFO - Processing /usr/local/lib/python3.10/dist-packages/airflow/example_dags/example_branch_python_dop_operator_3.py took 0.121 seconds
[2024-03-12T09:43:51.943+0000] {processor.py:161} INFO - Started process (PID=15307) to work on /usr/local/lib/python3.10/dist-packages/airflow/example_dags/example_branch_python_dop_operator_3.py
[2024-03-12T09:43:51.945+0000] {processor.py:830} INFO - Processing file /usr/local/lib/python3.10/dist-packages/airflow/example_dags/example_branch_python_dop_operator_3.py for tasks to queue
[2024-03-12T09:43:51.947+0000] {logging_mixin.py:188} INFO - [2024-03-12T09:43:51.946+0000] {dagbag.py:540} INFO - Filling up the DagBag from /usr/local/lib/python3.10/dist-packages/airflow/example_dags/example_branch_python_dop_operator_3.py
[2024-03-12T09:43:51.957+0000] {processor.py:840} INFO - DAG(s) 'example_branch_dop_operator_v3' retrieved from /usr/local/lib/python3.10/dist-packages/airflow/example_dags/example_branch_python_dop_operator_3.py
[2024-03-12T09:43:51.976+0000] {logging_mixin.py:188} INFO - [2024-03-12T09:43:51.975+0000] {dag.py:3047} INFO - Sync 1 DAGs
[2024-03-12T09:43:52.002+0000] {logging_mixin.py:188} INFO - [2024-03-12T09:43:52.002+0000] {dag.py:3834} INFO - Setting next_dagrun for example_branch_dop_operator_v3 to 2024-03-12 09:42:00+00:00, run_after=2024-03-12 09:43:00+00:00
[2024-03-12T09:43:52.028+0000] {processor.py:183} INFO - Processing /usr/local/lib/python3.10/dist-packages/airflow/example_dags/example_branch_python_dop_operator_3.py took 0.091 seconds
[2024-03-12T09:44:57.694+0000] {processor.py:161} INFO - Started process (PID=15381) to work on /usr/local/lib/python3.10/dist-packages/airflow/example_dags/example_branch_python_dop_operator_3.py
[2024-03-12T09:44:57.696+0000] {processor.py:830} INFO - Processing file /usr/local/lib/python3.10/dist-packages/airflow/example_dags/example_branch_python_dop_operator_3.py for tasks to queue
[2024-03-12T09:44:57.699+0000] {logging_mixin.py:188} INFO - [2024-03-12T09:44:57.697+0000] {dagbag.py:540} INFO - Filling up the DagBag from /usr/local/lib/python3.10/dist-packages/airflow/example_dags/example_branch_python_dop_operator_3.py
[2024-03-12T09:44:57.720+0000] {processor.py:840} INFO - DAG(s) 'example_branch_dop_operator_v3' retrieved from /usr/local/lib/python3.10/dist-packages/airflow/example_dags/example_branch_python_dop_operator_3.py
[2024-03-12T09:44:57.748+0000] {logging_mixin.py:188} INFO - [2024-03-12T09:44:57.747+0000] {dag.py:3047} INFO - Sync 1 DAGs
[2024-03-12T09:44:57.778+0000] {logging_mixin.py:188} INFO - [2024-03-12T09:44:57.778+0000] {dag.py:3834} INFO - Setting next_dagrun for example_branch_dop_operator_v3 to 2024-03-12 09:43:00+00:00, run_after=2024-03-12 09:44:00+00:00
[2024-03-12T09:44:57.812+0000] {processor.py:183} INFO - Processing /usr/local/lib/python3.10/dist-packages/airflow/example_dags/example_branch_python_dop_operator_3.py took 0.124 seconds
[2024-03-12T09:46:00.609+0000] {processor.py:161} INFO - Started process (PID=15443) to work on /usr/local/lib/python3.10/dist-packages/airflow/example_dags/example_branch_python_dop_operator_3.py
[2024-03-12T09:46:00.611+0000] {processor.py:830} INFO - Processing file /usr/local/lib/python3.10/dist-packages/airflow/example_dags/example_branch_python_dop_operator_3.py for tasks to queue
[2024-03-12T09:46:00.612+0000] {logging_mixin.py:188} INFO - [2024-03-12T09:46:00.612+0000] {dagbag.py:540} INFO - Filling up the DagBag from /usr/local/lib/python3.10/dist-packages/airflow/example_dags/example_branch_python_dop_operator_3.py
[2024-03-12T09:46:00.634+0000] {processor.py:840} INFO - DAG(s) 'example_branch_dop_operator_v3' retrieved from /usr/local/lib/python3.10/dist-packages/airflow/example_dags/example_branch_python_dop_operator_3.py
[2024-03-12T09:46:00.686+0000] {logging_mixin.py:188} INFO - [2024-03-12T09:46:00.685+0000] {dag.py:3047} INFO - Sync 1 DAGs
[2024-03-12T09:46:00.745+0000] {logging_mixin.py:188} INFO - [2024-03-12T09:46:00.744+0000] {dag.py:3834} INFO - Setting next_dagrun for example_branch_dop_operator_v3 to 2024-03-12 09:45:00+00:00, run_after=2024-03-12 09:46:00+00:00
[2024-03-12T09:46:00.798+0000] {processor.py:183} INFO - Processing /usr/local/lib/python3.10/dist-packages/airflow/example_dags/example_branch_python_dop_operator_3.py took 0.194 seconds
[2024-03-12T09:46:59.478+0000] {processor.py:161} INFO - Started process (PID=15502) to work on /usr/local/lib/python3.10/dist-packages/airflow/example_dags/example_branch_python_dop_operator_3.py
[2024-03-12T09:46:59.480+0000] {processor.py:830} INFO - Processing file /usr/local/lib/python3.10/dist-packages/airflow/example_dags/example_branch_python_dop_operator_3.py for tasks to queue
[2024-03-12T09:46:59.481+0000] {logging_mixin.py:188} INFO - [2024-03-12T09:46:59.481+0000] {dagbag.py:540} INFO - Filling up the DagBag from /usr/local/lib/python3.10/dist-packages/airflow/example_dags/example_branch_python_dop_operator_3.py
[2024-03-12T09:46:59.492+0000] {processor.py:840} INFO - DAG(s) 'example_branch_dop_operator_v3' retrieved from /usr/local/lib/python3.10/dist-packages/airflow/example_dags/example_branch_python_dop_operator_3.py
[2024-03-12T09:46:59.509+0000] {logging_mixin.py:188} INFO - [2024-03-12T09:46:59.509+0000] {dag.py:3047} INFO - Sync 1 DAGs
[2024-03-12T09:46:59.534+0000] {logging_mixin.py:188} INFO - [2024-03-12T09:46:59.533+0000] {dag.py:3834} INFO - Setting next_dagrun for example_branch_dop_operator_v3 to 2024-03-12 09:45:00+00:00, run_after=2024-03-12 09:46:00+00:00
[2024-03-12T09:46:59.556+0000] {processor.py:183} INFO - Processing /usr/local/lib/python3.10/dist-packages/airflow/example_dags/example_branch_python_dop_operator_3.py took 0.082 seconds
[2024-03-12T09:48:04.251+0000] {processor.py:161} INFO - Started process (PID=15565) to work on /usr/local/lib/python3.10/dist-packages/airflow/example_dags/example_branch_python_dop_operator_3.py
[2024-03-12T09:48:04.253+0000] {processor.py:830} INFO - Processing file /usr/local/lib/python3.10/dist-packages/airflow/example_dags/example_branch_python_dop_operator_3.py for tasks to queue
[2024-03-12T09:48:04.254+0000] {logging_mixin.py:188} INFO - [2024-03-12T09:48:04.254+0000] {dagbag.py:540} INFO - Filling up the DagBag from /usr/local/lib/python3.10/dist-packages/airflow/example_dags/example_branch_python_dop_operator_3.py
[2024-03-12T09:48:04.266+0000] {processor.py:840} INFO - DAG(s) 'example_branch_dop_operator_v3' retrieved from /usr/local/lib/python3.10/dist-packages/airflow/example_dags/example_branch_python_dop_operator_3.py
[2024-03-12T09:48:04.284+0000] {logging_mixin.py:188} INFO - [2024-03-12T09:48:04.284+0000] {dag.py:3047} INFO - Sync 1 DAGs
[2024-03-12T09:48:04.313+0000] {logging_mixin.py:188} INFO - [2024-03-12T09:48:04.313+0000] {dag.py:3834} INFO - Setting next_dagrun for example_branch_dop_operator_v3 to 2024-03-12 09:47:00+00:00, run_after=2024-03-12 09:48:00+00:00
[2024-03-12T09:48:04.338+0000] {processor.py:183} INFO - Processing /usr/local/lib/python3.10/dist-packages/airflow/example_dags/example_branch_python_dop_operator_3.py took 0.093 seconds
[2024-03-12T09:49:05.325+0000] {processor.py:161} INFO - Started process (PID=15628) to work on /usr/local/lib/python3.10/dist-packages/airflow/example_dags/example_branch_python_dop_operator_3.py
[2024-03-12T09:49:05.327+0000] {processor.py:830} INFO - Processing file /usr/local/lib/python3.10/dist-packages/airflow/example_dags/example_branch_python_dop_operator_3.py for tasks to queue
[2024-03-12T09:49:05.328+0000] {logging_mixin.py:188} INFO - [2024-03-12T09:49:05.327+0000] {dagbag.py:540} INFO - Filling up the DagBag from /usr/local/lib/python3.10/dist-packages/airflow/example_dags/example_branch_python_dop_operator_3.py
[2024-03-12T09:49:05.339+0000] {processor.py:840} INFO - DAG(s) 'example_branch_dop_operator_v3' retrieved from /usr/local/lib/python3.10/dist-packages/airflow/example_dags/example_branch_python_dop_operator_3.py
[2024-03-12T09:49:05.359+0000] {logging_mixin.py:188} INFO - [2024-03-12T09:49:05.358+0000] {dag.py:3047} INFO - Sync 1 DAGs
[2024-03-12T09:49:05.387+0000] {logging_mixin.py:188} INFO - [2024-03-12T09:49:05.387+0000] {dag.py:3834} INFO - Setting next_dagrun for example_branch_dop_operator_v3 to 2024-03-12 09:48:00+00:00, run_after=2024-03-12 09:49:00+00:00
[2024-03-12T09:49:05.413+0000] {processor.py:183} INFO - Processing /usr/local/lib/python3.10/dist-packages/airflow/example_dags/example_branch_python_dop_operator_3.py took 0.092 seconds
[2024-03-12T09:50:10.850+0000] {processor.py:161} INFO - Started process (PID=15691) to work on /usr/local/lib/python3.10/dist-packages/airflow/example_dags/example_branch_python_dop_operator_3.py
[2024-03-12T09:50:10.852+0000] {processor.py:830} INFO - Processing file /usr/local/lib/python3.10/dist-packages/airflow/example_dags/example_branch_python_dop_operator_3.py for tasks to queue
[2024-03-12T09:50:10.853+0000] {logging_mixin.py:188} INFO - [2024-03-12T09:50:10.852+0000] {dagbag.py:540} INFO - Filling up the DagBag from /usr/local/lib/python3.10/dist-packages/airflow/example_dags/example_branch_python_dop_operator_3.py
[2024-03-12T09:50:10.871+0000] {processor.py:840} INFO - DAG(s) 'example_branch_dop_operator_v3' retrieved from /usr/local/lib/python3.10/dist-packages/airflow/example_dags/example_branch_python_dop_operator_3.py
[2024-03-12T09:50:10.903+0000] {logging_mixin.py:188} INFO - [2024-03-12T09:50:10.903+0000] {dag.py:3047} INFO - Sync 1 DAGs
[2024-03-12T09:50:10.960+0000] {logging_mixin.py:188} INFO - [2024-03-12T09:50:10.959+0000] {dag.py:3834} INFO - Setting next_dagrun for example_branch_dop_operator_v3 to 2024-03-12 09:49:00+00:00, run_after=2024-03-12 09:50:00+00:00
[2024-03-12T09:50:10.988+0000] {processor.py:183} INFO - Processing /usr/local/lib/python3.10/dist-packages/airflow/example_dags/example_branch_python_dop_operator_3.py took 0.142 seconds
[2024-03-12T09:51:18.123+0000] {processor.py:161} INFO - Started process (PID=15755) to work on /usr/local/lib/python3.10/dist-packages/airflow/example_dags/example_branch_python_dop_operator_3.py
[2024-03-12T09:51:18.125+0000] {processor.py:830} INFO - Processing file /usr/local/lib/python3.10/dist-packages/airflow/example_dags/example_branch_python_dop_operator_3.py for tasks to queue
[2024-03-12T09:51:18.126+0000] {logging_mixin.py:188} INFO - [2024-03-12T09:51:18.125+0000] {dagbag.py:540} INFO - Filling up the DagBag from /usr/local/lib/python3.10/dist-packages/airflow/example_dags/example_branch_python_dop_operator_3.py
[2024-03-12T09:51:18.135+0000] {processor.py:840} INFO - DAG(s) 'example_branch_dop_operator_v3' retrieved from /usr/local/lib/python3.10/dist-packages/airflow/example_dags/example_branch_python_dop_operator_3.py
[2024-03-12T09:51:18.159+0000] {logging_mixin.py:188} INFO - [2024-03-12T09:51:18.158+0000] {dag.py:3047} INFO - Sync 1 DAGs
[2024-03-12T09:51:18.186+0000] {logging_mixin.py:188} INFO - [2024-03-12T09:51:18.185+0000] {dag.py:3834} INFO - Setting next_dagrun for example_branch_dop_operator_v3 to 2024-03-12 09:50:00+00:00, run_after=2024-03-12 09:51:00+00:00
[2024-03-12T09:51:18.213+0000] {processor.py:183} INFO - Processing /usr/local/lib/python3.10/dist-packages/airflow/example_dags/example_branch_python_dop_operator_3.py took 0.094 seconds
[2024-03-12T09:52:28.229+0000] {processor.py:161} INFO - Started process (PID=15824) to work on /usr/local/lib/python3.10/dist-packages/airflow/example_dags/example_branch_python_dop_operator_3.py
[2024-03-12T09:52:28.233+0000] {processor.py:830} INFO - Processing file /usr/local/lib/python3.10/dist-packages/airflow/example_dags/example_branch_python_dop_operator_3.py for tasks to queue
[2024-03-12T09:52:28.235+0000] {logging_mixin.py:188} INFO - [2024-03-12T09:52:28.234+0000] {dagbag.py:540} INFO - Filling up the DagBag from /usr/local/lib/python3.10/dist-packages/airflow/example_dags/example_branch_python_dop_operator_3.py
[2024-03-12T09:52:28.251+0000] {processor.py:840} INFO - DAG(s) 'example_branch_dop_operator_v3' retrieved from /usr/local/lib/python3.10/dist-packages/airflow/example_dags/example_branch_python_dop_operator_3.py
[2024-03-12T09:52:28.273+0000] {logging_mixin.py:188} INFO - [2024-03-12T09:52:28.272+0000] {dag.py:3047} INFO - Sync 1 DAGs
[2024-03-12T09:52:28.298+0000] {logging_mixin.py:188} INFO - [2024-03-12T09:52:28.297+0000] {dag.py:3834} INFO - Setting next_dagrun for example_branch_dop_operator_v3 to 2024-03-12 09:51:00+00:00, run_after=2024-03-12 09:52:00+00:00
[2024-03-12T09:52:28.322+0000] {processor.py:183} INFO - Processing /usr/local/lib/python3.10/dist-packages/airflow/example_dags/example_branch_python_dop_operator_3.py took 0.101 seconds
[2024-03-12T09:53:31.087+0000] {processor.py:161} INFO - Started process (PID=15885) to work on /usr/local/lib/python3.10/dist-packages/airflow/example_dags/example_branch_python_dop_operator_3.py
[2024-03-12T09:53:31.089+0000] {processor.py:830} INFO - Processing file /usr/local/lib/python3.10/dist-packages/airflow/example_dags/example_branch_python_dop_operator_3.py for tasks to queue
[2024-03-12T09:53:31.090+0000] {logging_mixin.py:188} INFO - [2024-03-12T09:53:31.089+0000] {dagbag.py:540} INFO - Filling up the DagBag from /usr/local/lib/python3.10/dist-packages/airflow/example_dags/example_branch_python_dop_operator_3.py
[2024-03-12T09:53:31.104+0000] {processor.py:840} INFO - DAG(s) 'example_branch_dop_operator_v3' retrieved from /usr/local/lib/python3.10/dist-packages/airflow/example_dags/example_branch_python_dop_operator_3.py
[2024-03-12T09:53:31.156+0000] {logging_mixin.py:188} INFO - [2024-03-12T09:53:31.156+0000] {dag.py:3047} INFO - Sync 1 DAGs
[2024-03-12T09:53:31.209+0000] {logging_mixin.py:188} INFO - [2024-03-12T09:53:31.209+0000] {dag.py:3834} INFO - Setting next_dagrun for example_branch_dop_operator_v3 to 2024-03-12 09:52:00+00:00, run_after=2024-03-12 09:53:00+00:00
[2024-03-12T09:53:31.251+0000] {processor.py:183} INFO - Processing /usr/local/lib/python3.10/dist-packages/airflow/example_dags/example_branch_python_dop_operator_3.py took 0.167 seconds
[2024-03-12T09:54:40.910+0000] {processor.py:161} INFO - Started process (PID=15953) to work on /usr/local/lib/python3.10/dist-packages/airflow/example_dags/example_branch_python_dop_operator_3.py
[2024-03-12T09:54:40.912+0000] {processor.py:830} INFO - Processing file /usr/local/lib/python3.10/dist-packages/airflow/example_dags/example_branch_python_dop_operator_3.py for tasks to queue
[2024-03-12T09:54:40.930+0000] {logging_mixin.py:188} INFO - [2024-03-12T09:54:40.929+0000] {dagbag.py:540} INFO - Filling up the DagBag from /usr/local/lib/python3.10/dist-packages/airflow/example_dags/example_branch_python_dop_operator_3.py
[2024-03-12T09:54:40.948+0000] {processor.py:840} INFO - DAG(s) 'example_branch_dop_operator_v3' retrieved from /usr/local/lib/python3.10/dist-packages/airflow/example_dags/example_branch_python_dop_operator_3.py
[2024-03-12T09:54:40.979+0000] {logging_mixin.py:188} INFO - [2024-03-12T09:54:40.979+0000] {dag.py:3047} INFO - Sync 1 DAGs
[2024-03-12T09:54:41.015+0000] {logging_mixin.py:188} INFO - [2024-03-12T09:54:41.015+0000] {dag.py:3834} INFO - Setting next_dagrun for example_branch_dop_operator_v3 to 2024-03-12 09:53:00+00:00, run_after=2024-03-12 09:54:00+00:00
[2024-03-12T09:54:41.064+0000] {processor.py:183} INFO - Processing /usr/local/lib/python3.10/dist-packages/airflow/example_dags/example_branch_python_dop_operator_3.py took 0.160 seconds
[2024-03-12T09:55:47.801+0000] {processor.py:161} INFO - Started process (PID=16018) to work on /usr/local/lib/python3.10/dist-packages/airflow/example_dags/example_branch_python_dop_operator_3.py
[2024-03-12T09:55:47.803+0000] {processor.py:830} INFO - Processing file /usr/local/lib/python3.10/dist-packages/airflow/example_dags/example_branch_python_dop_operator_3.py for tasks to queue
[2024-03-12T09:55:47.804+0000] {logging_mixin.py:188} INFO - [2024-03-12T09:55:47.804+0000] {dagbag.py:540} INFO - Filling up the DagBag from /usr/local/lib/python3.10/dist-packages/airflow/example_dags/example_branch_python_dop_operator_3.py
[2024-03-12T09:55:47.814+0000] {processor.py:840} INFO - DAG(s) 'example_branch_dop_operator_v3' retrieved from /usr/local/lib/python3.10/dist-packages/airflow/example_dags/example_branch_python_dop_operator_3.py
[2024-03-12T09:55:47.834+0000] {logging_mixin.py:188} INFO - [2024-03-12T09:55:47.834+0000] {dag.py:3047} INFO - Sync 1 DAGs
[2024-03-12T09:55:47.860+0000] {logging_mixin.py:188} INFO - [2024-03-12T09:55:47.860+0000] {dag.py:3834} INFO - Setting next_dagrun for example_branch_dop_operator_v3 to 2024-03-12 09:54:00+00:00, run_after=2024-03-12 09:55:00+00:00
[2024-03-12T09:55:47.887+0000] {processor.py:183} INFO - Processing /usr/local/lib/python3.10/dist-packages/airflow/example_dags/example_branch_python_dop_operator_3.py took 0.090 seconds
[2024-03-12T09:56:54.565+0000] {processor.py:161} INFO - Started process (PID=16082) to work on /usr/local/lib/python3.10/dist-packages/airflow/example_dags/example_branch_python_dop_operator_3.py
[2024-03-12T09:56:54.567+0000] {processor.py:830} INFO - Processing file /usr/local/lib/python3.10/dist-packages/airflow/example_dags/example_branch_python_dop_operator_3.py for tasks to queue
[2024-03-12T09:56:54.569+0000] {logging_mixin.py:188} INFO - [2024-03-12T09:56:54.568+0000] {dagbag.py:540} INFO - Filling up the DagBag from /usr/local/lib/python3.10/dist-packages/airflow/example_dags/example_branch_python_dop_operator_3.py
[2024-03-12T09:56:54.582+0000] {processor.py:840} INFO - DAG(s) 'example_branch_dop_operator_v3' retrieved from /usr/local/lib/python3.10/dist-packages/airflow/example_dags/example_branch_python_dop_operator_3.py
[2024-03-12T09:56:54.608+0000] {logging_mixin.py:188} INFO - [2024-03-12T09:56:54.608+0000] {dag.py:3047} INFO - Sync 1 DAGs
[2024-03-12T09:56:54.646+0000] {logging_mixin.py:188} INFO - [2024-03-12T09:56:54.646+0000] {dag.py:3834} INFO - Setting next_dagrun for example_branch_dop_operator_v3 to 2024-03-12 09:55:00+00:00, run_after=2024-03-12 09:56:00+00:00
[2024-03-12T09:56:54.673+0000] {processor.py:183} INFO - Processing /usr/local/lib/python3.10/dist-packages/airflow/example_dags/example_branch_python_dop_operator_3.py took 0.112 seconds
[2024-03-12T09:57:59.979+0000] {processor.py:161} INFO - Started process (PID=16146) to work on /usr/local/lib/python3.10/dist-packages/airflow/example_dags/example_branch_python_dop_operator_3.py
[2024-03-12T09:57:59.981+0000] {processor.py:830} INFO - Processing file /usr/local/lib/python3.10/dist-packages/airflow/example_dags/example_branch_python_dop_operator_3.py for tasks to queue
[2024-03-12T09:57:59.983+0000] {logging_mixin.py:188} INFO - [2024-03-12T09:57:59.982+0000] {dagbag.py:540} INFO - Filling up the DagBag from /usr/local/lib/python3.10/dist-packages/airflow/example_dags/example_branch_python_dop_operator_3.py
[2024-03-12T09:58:00.040+0000] {processor.py:840} INFO - DAG(s) 'example_branch_dop_operator_v3' retrieved from /usr/local/lib/python3.10/dist-packages/airflow/example_dags/example_branch_python_dop_operator_3.py
[2024-03-12T09:58:00.091+0000] {logging_mixin.py:188} INFO - [2024-03-12T09:58:00.091+0000] {dag.py:3047} INFO - Sync 1 DAGs
[2024-03-12T09:58:00.140+0000] {logging_mixin.py:188} INFO - [2024-03-12T09:58:00.140+0000] {dag.py:3834} INFO - Setting next_dagrun for example_branch_dop_operator_v3 to 2024-03-12 09:57:00+00:00, run_after=2024-03-12 09:58:00+00:00
[2024-03-12T09:58:00.189+0000] {processor.py:183} INFO - Processing /usr/local/lib/python3.10/dist-packages/airflow/example_dags/example_branch_python_dop_operator_3.py took 0.227 seconds
[2024-03-12T09:59:02.538+0000] {processor.py:161} INFO - Started process (PID=16219) to work on /usr/local/lib/python3.10/dist-packages/airflow/example_dags/example_branch_python_dop_operator_3.py
[2024-03-12T09:59:02.540+0000] {processor.py:830} INFO - Processing file /usr/local/lib/python3.10/dist-packages/airflow/example_dags/example_branch_python_dop_operator_3.py for tasks to queue
[2024-03-12T09:59:02.542+0000] {logging_mixin.py:188} INFO - [2024-03-12T09:59:02.541+0000] {dagbag.py:540} INFO - Filling up the DagBag from /usr/local/lib/python3.10/dist-packages/airflow/example_dags/example_branch_python_dop_operator_3.py
[2024-03-12T09:59:02.575+0000] {processor.py:840} INFO - DAG(s) 'example_branch_dop_operator_v3' retrieved from /usr/local/lib/python3.10/dist-packages/airflow/example_dags/example_branch_python_dop_operator_3.py
[2024-03-12T09:59:02.618+0000] {logging_mixin.py:188} INFO - [2024-03-12T09:59:02.618+0000] {dag.py:3047} INFO - Sync 1 DAGs
[2024-03-12T09:59:02.681+0000] {logging_mixin.py:188} INFO - [2024-03-12T09:59:02.681+0000] {dag.py:3834} INFO - Setting next_dagrun for example_branch_dop_operator_v3 to 2024-03-12 09:58:00+00:00, run_after=2024-03-12 09:59:00+00:00
[2024-03-12T09:59:02.743+0000] {processor.py:183} INFO - Processing /usr/local/lib/python3.10/dist-packages/airflow/example_dags/example_branch_python_dop_operator_3.py took 0.210 seconds
