[2024-03-12T09:19:36.650+0000] {processor.py:161} INFO - Started process (PID=13936) to work on /usr/local/lib/python3.10/dist-packages/airflow/example_dags/example_task_group.py
[2024-03-12T09:19:36.652+0000] {processor.py:830} INFO - Processing file /usr/local/lib/python3.10/dist-packages/airflow/example_dags/example_task_group.py for tasks to queue
[2024-03-12T09:19:36.655+0000] {logging_mixin.py:188} INFO - [2024-03-12T09:19:36.655+0000] {dagbag.py:540} INFO - Filling up the DagBag from /usr/local/lib/python3.10/dist-packages/airflow/example_dags/example_task_group.py
[2024-03-12T09:19:36.673+0000] {processor.py:840} INFO - DAG(s) 'example_task_group' retrieved from /usr/local/lib/python3.10/dist-packages/airflow/example_dags/example_task_group.py
[2024-03-12T09:19:36.797+0000] {logging_mixin.py:188} INFO - [2024-03-12T09:19:36.796+0000] {override.py:1769} INFO - Created Permission View: can read on DAG:example_task_group
[2024-03-12T09:19:36.811+0000] {logging_mixin.py:188} INFO - [2024-03-12T09:19:36.811+0000] {override.py:1769} INFO - Created Permission View: can edit on DAG:example_task_group
[2024-03-12T09:19:36.823+0000] {logging_mixin.py:188} INFO - [2024-03-12T09:19:36.822+0000] {override.py:1769} INFO - Created Permission View: can delete on DAG:example_task_group
[2024-03-12T09:19:36.823+0000] {logging_mixin.py:188} INFO - [2024-03-12T09:19:36.823+0000] {dag.py:3047} INFO - Sync 1 DAGs
[2024-03-12T09:19:36.835+0000] {logging_mixin.py:188} INFO - [2024-03-12T09:19:36.834+0000] {dag.py:3069} INFO - Creating ORM DAG for example_task_group
[2024-03-12T09:19:36.844+0000] {logging_mixin.py:188} INFO - [2024-03-12T09:19:36.843+0000] {dag.py:3834} INFO - Setting next_dagrun for example_task_group to 2024-03-11 00:00:00+00:00, run_after=2024-03-12 00:00:00+00:00
[2024-03-12T09:19:36.868+0000] {processor.py:183} INFO - Processing /usr/local/lib/python3.10/dist-packages/airflow/example_dags/example_task_group.py took 0.227 seconds
[2024-03-12T09:22:28.367+0000] {processor.py:161} INFO - Started process (PID=13994) to work on /usr/local/lib/python3.10/dist-packages/airflow/example_dags/example_task_group.py
[2024-03-12T09:22:28.370+0000] {processor.py:830} INFO - Processing file /usr/local/lib/python3.10/dist-packages/airflow/example_dags/example_task_group.py for tasks to queue
[2024-03-12T09:22:28.371+0000] {logging_mixin.py:188} INFO - [2024-03-12T09:22:28.371+0000] {dagbag.py:540} INFO - Filling up the DagBag from /usr/local/lib/python3.10/dist-packages/airflow/example_dags/example_task_group.py
[2024-03-12T09:22:28.385+0000] {processor.py:840} INFO - DAG(s) 'example_task_group' retrieved from /usr/local/lib/python3.10/dist-packages/airflow/example_dags/example_task_group.py
[2024-03-12T09:22:28.399+0000] {logging_mixin.py:188} INFO - [2024-03-12T09:22:28.397+0000] {dag.py:3047} INFO - Sync 1 DAGs
[2024-03-12T09:22:28.436+0000] {logging_mixin.py:188} INFO - [2024-03-12T09:22:28.436+0000] {dag.py:3834} INFO - Setting next_dagrun for example_task_group to 2024-03-11 00:00:00+00:00, run_after=2024-03-12 00:00:00+00:00
[2024-03-12T09:22:28.494+0000] {processor.py:183} INFO - Processing /usr/local/lib/python3.10/dist-packages/airflow/example_dags/example_task_group.py took 0.131 seconds
[2024-03-12T09:23:30.983+0000] {processor.py:161} INFO - Started process (PID=14045) to work on /usr/local/lib/python3.10/dist-packages/airflow/example_dags/example_task_group.py
[2024-03-12T09:23:30.985+0000] {processor.py:830} INFO - Processing file /usr/local/lib/python3.10/dist-packages/airflow/example_dags/example_task_group.py for tasks to queue
[2024-03-12T09:23:30.986+0000] {logging_mixin.py:188} INFO - [2024-03-12T09:23:30.986+0000] {dagbag.py:540} INFO - Filling up the DagBag from /usr/local/lib/python3.10/dist-packages/airflow/example_dags/example_task_group.py
[2024-03-12T09:23:30.999+0000] {processor.py:840} INFO - DAG(s) 'example_task_group' retrieved from /usr/local/lib/python3.10/dist-packages/airflow/example_dags/example_task_group.py
[2024-03-12T09:23:31.270+0000] {logging_mixin.py:188} INFO - [2024-03-12T09:23:31.269+0000] {dag.py:3047} INFO - Sync 1 DAGs
[2024-03-12T09:23:31.290+0000] {logging_mixin.py:188} INFO - [2024-03-12T09:23:31.290+0000] {dag.py:3834} INFO - Setting next_dagrun for example_task_group to 2024-03-11 00:00:00+00:00, run_after=2024-03-12 00:00:00+00:00
[2024-03-12T09:23:31.321+0000] {processor.py:183} INFO - Processing /usr/local/lib/python3.10/dist-packages/airflow/example_dags/example_task_group.py took 0.343 seconds
[2024-03-12T09:24:22.896+0000] {processor.py:161} INFO - Started process (PID=14097) to work on /usr/local/lib/python3.10/dist-packages/airflow/example_dags/example_task_group.py
[2024-03-12T09:24:22.897+0000] {processor.py:830} INFO - Processing file /usr/local/lib/python3.10/dist-packages/airflow/example_dags/example_task_group.py for tasks to queue
[2024-03-12T09:24:22.898+0000] {logging_mixin.py:188} INFO - [2024-03-12T09:24:22.898+0000] {dagbag.py:540} INFO - Filling up the DagBag from /usr/local/lib/python3.10/dist-packages/airflow/example_dags/example_task_group.py
[2024-03-12T09:24:22.907+0000] {processor.py:840} INFO - DAG(s) 'example_task_group' retrieved from /usr/local/lib/python3.10/dist-packages/airflow/example_dags/example_task_group.py
[2024-03-12T09:24:22.924+0000] {logging_mixin.py:188} INFO - [2024-03-12T09:24:22.924+0000] {dag.py:3047} INFO - Sync 1 DAGs
[2024-03-12T09:24:22.948+0000] {logging_mixin.py:188} INFO - [2024-03-12T09:24:22.948+0000] {dag.py:3834} INFO - Setting next_dagrun for example_task_group to 2024-03-11 00:00:00+00:00, run_after=2024-03-12 00:00:00+00:00
[2024-03-12T09:24:23.084+0000] {processor.py:183} INFO - Processing /usr/local/lib/python3.10/dist-packages/airflow/example_dags/example_task_group.py took 0.192 seconds
[2024-03-12T09:25:10.959+0000] {processor.py:161} INFO - Started process (PID=14138) to work on /usr/local/lib/python3.10/dist-packages/airflow/example_dags/example_task_group.py
[2024-03-12T09:25:10.962+0000] {processor.py:830} INFO - Processing file /usr/local/lib/python3.10/dist-packages/airflow/example_dags/example_task_group.py for tasks to queue
[2024-03-12T09:25:10.966+0000] {logging_mixin.py:188} INFO - [2024-03-12T09:25:10.964+0000] {dagbag.py:540} INFO - Filling up the DagBag from /usr/local/lib/python3.10/dist-packages/airflow/example_dags/example_task_group.py
[2024-03-12T09:25:10.985+0000] {processor.py:840} INFO - DAG(s) 'example_task_group' retrieved from /usr/local/lib/python3.10/dist-packages/airflow/example_dags/example_task_group.py
[2024-03-12T09:25:11.168+0000] {logging_mixin.py:188} INFO - [2024-03-12T09:25:11.167+0000] {dag.py:3047} INFO - Sync 1 DAGs
[2024-03-12T09:25:11.190+0000] {logging_mixin.py:188} INFO - [2024-03-12T09:25:11.190+0000] {dag.py:3834} INFO - Setting next_dagrun for example_task_group to 2024-03-11 00:00:00+00:00, run_after=2024-03-12 00:00:00+00:00
[2024-03-12T09:25:11.218+0000] {processor.py:183} INFO - Processing /usr/local/lib/python3.10/dist-packages/airflow/example_dags/example_task_group.py took 0.269 seconds
[2024-03-12T09:25:59.416+0000] {processor.py:161} INFO - Started process (PID=14185) to work on /usr/local/lib/python3.10/dist-packages/airflow/example_dags/example_task_group.py
[2024-03-12T09:25:59.418+0000] {processor.py:830} INFO - Processing file /usr/local/lib/python3.10/dist-packages/airflow/example_dags/example_task_group.py for tasks to queue
[2024-03-12T09:25:59.420+0000] {logging_mixin.py:188} INFO - [2024-03-12T09:25:59.419+0000] {dagbag.py:540} INFO - Filling up the DagBag from /usr/local/lib/python3.10/dist-packages/airflow/example_dags/example_task_group.py
[2024-03-12T09:25:59.428+0000] {processor.py:840} INFO - DAG(s) 'example_task_group' retrieved from /usr/local/lib/python3.10/dist-packages/airflow/example_dags/example_task_group.py
[2024-03-12T09:25:59.447+0000] {logging_mixin.py:188} INFO - [2024-03-12T09:25:59.446+0000] {dag.py:3047} INFO - Sync 1 DAGs
[2024-03-12T09:25:59.471+0000] {logging_mixin.py:188} INFO - [2024-03-12T09:25:59.471+0000] {dag.py:3834} INFO - Setting next_dagrun for example_task_group to 2024-03-11 00:00:00+00:00, run_after=2024-03-12 00:00:00+00:00
[2024-03-12T09:25:59.505+0000] {processor.py:183} INFO - Processing /usr/local/lib/python3.10/dist-packages/airflow/example_dags/example_task_group.py took 0.093 seconds
[2024-03-12T09:26:50.086+0000] {processor.py:161} INFO - Started process (PID=14237) to work on /usr/local/lib/python3.10/dist-packages/airflow/example_dags/example_task_group.py
[2024-03-12T09:26:50.088+0000] {processor.py:830} INFO - Processing file /usr/local/lib/python3.10/dist-packages/airflow/example_dags/example_task_group.py for tasks to queue
[2024-03-12T09:26:50.090+0000] {logging_mixin.py:188} INFO - [2024-03-12T09:26:50.089+0000] {dagbag.py:540} INFO - Filling up the DagBag from /usr/local/lib/python3.10/dist-packages/airflow/example_dags/example_task_group.py
[2024-03-12T09:26:50.103+0000] {processor.py:840} INFO - DAG(s) 'example_task_group' retrieved from /usr/local/lib/python3.10/dist-packages/airflow/example_dags/example_task_group.py
[2024-03-12T09:26:50.127+0000] {logging_mixin.py:188} INFO - [2024-03-12T09:26:50.127+0000] {dag.py:3047} INFO - Sync 1 DAGs
[2024-03-12T09:26:50.151+0000] {logging_mixin.py:188} INFO - [2024-03-12T09:26:50.151+0000] {dag.py:3834} INFO - Setting next_dagrun for example_task_group to 2024-03-11 00:00:00+00:00, run_after=2024-03-12 00:00:00+00:00
[2024-03-12T09:26:50.180+0000] {processor.py:183} INFO - Processing /usr/local/lib/python3.10/dist-packages/airflow/example_dags/example_task_group.py took 0.100 seconds
[2024-03-12T09:27:34.405+0000] {processor.py:161} INFO - Started process (PID=14280) to work on /usr/local/lib/python3.10/dist-packages/airflow/example_dags/example_task_group.py
[2024-03-12T09:27:34.407+0000] {processor.py:830} INFO - Processing file /usr/local/lib/python3.10/dist-packages/airflow/example_dags/example_task_group.py for tasks to queue
[2024-03-12T09:27:34.410+0000] {logging_mixin.py:188} INFO - [2024-03-12T09:27:34.409+0000] {dagbag.py:540} INFO - Filling up the DagBag from /usr/local/lib/python3.10/dist-packages/airflow/example_dags/example_task_group.py
[2024-03-12T09:27:34.433+0000] {processor.py:840} INFO - DAG(s) 'example_task_group' retrieved from /usr/local/lib/python3.10/dist-packages/airflow/example_dags/example_task_group.py
[2024-03-12T09:27:34.474+0000] {logging_mixin.py:188} INFO - [2024-03-12T09:27:34.473+0000] {dag.py:3047} INFO - Sync 1 DAGs
[2024-03-12T09:27:34.513+0000] {logging_mixin.py:188} INFO - [2024-03-12T09:27:34.512+0000] {dag.py:3834} INFO - Setting next_dagrun for example_task_group to 2024-03-11 00:00:00+00:00, run_after=2024-03-12 00:00:00+00:00
[2024-03-12T09:27:34.557+0000] {processor.py:183} INFO - Processing /usr/local/lib/python3.10/dist-packages/airflow/example_dags/example_task_group.py took 0.157 seconds
[2024-03-12T09:28:14.528+0000] {processor.py:161} INFO - Started process (PID=14321) to work on /usr/local/lib/python3.10/dist-packages/airflow/example_dags/example_task_group.py
[2024-03-12T09:28:14.529+0000] {processor.py:830} INFO - Processing file /usr/local/lib/python3.10/dist-packages/airflow/example_dags/example_task_group.py for tasks to queue
[2024-03-12T09:28:14.531+0000] {logging_mixin.py:188} INFO - [2024-03-12T09:28:14.530+0000] {dagbag.py:540} INFO - Filling up the DagBag from /usr/local/lib/python3.10/dist-packages/airflow/example_dags/example_task_group.py
[2024-03-12T09:28:14.541+0000] {processor.py:840} INFO - DAG(s) 'example_task_group' retrieved from /usr/local/lib/python3.10/dist-packages/airflow/example_dags/example_task_group.py
[2024-03-12T09:28:14.563+0000] {logging_mixin.py:188} INFO - [2024-03-12T09:28:14.562+0000] {dag.py:3047} INFO - Sync 1 DAGs
[2024-03-12T09:28:14.595+0000] {logging_mixin.py:188} INFO - [2024-03-12T09:28:14.594+0000] {dag.py:3834} INFO - Setting next_dagrun for example_task_group to 2024-03-11 00:00:00+00:00, run_after=2024-03-12 00:00:00+00:00
[2024-03-12T09:28:14.630+0000] {processor.py:183} INFO - Processing /usr/local/lib/python3.10/dist-packages/airflow/example_dags/example_task_group.py took 0.106 seconds
[2024-03-12T09:28:54.732+0000] {processor.py:161} INFO - Started process (PID=14360) to work on /usr/local/lib/python3.10/dist-packages/airflow/example_dags/example_task_group.py
[2024-03-12T09:28:54.734+0000] {processor.py:830} INFO - Processing file /usr/local/lib/python3.10/dist-packages/airflow/example_dags/example_task_group.py for tasks to queue
[2024-03-12T09:28:54.735+0000] {logging_mixin.py:188} INFO - [2024-03-12T09:28:54.734+0000] {dagbag.py:540} INFO - Filling up the DagBag from /usr/local/lib/python3.10/dist-packages/airflow/example_dags/example_task_group.py
[2024-03-12T09:28:54.743+0000] {processor.py:840} INFO - DAG(s) 'example_task_group' retrieved from /usr/local/lib/python3.10/dist-packages/airflow/example_dags/example_task_group.py
[2024-03-12T09:28:54.761+0000] {logging_mixin.py:188} INFO - [2024-03-12T09:28:54.760+0000] {dag.py:3047} INFO - Sync 1 DAGs
[2024-03-12T09:28:54.782+0000] {logging_mixin.py:188} INFO - [2024-03-12T09:28:54.782+0000] {dag.py:3834} INFO - Setting next_dagrun for example_task_group to 2024-03-11 00:00:00+00:00, run_after=2024-03-12 00:00:00+00:00
[2024-03-12T09:28:54.806+0000] {processor.py:183} INFO - Processing /usr/local/lib/python3.10/dist-packages/airflow/example_dags/example_task_group.py took 0.077 seconds
[2024-03-12T09:29:34.773+0000] {processor.py:161} INFO - Started process (PID=14400) to work on /usr/local/lib/python3.10/dist-packages/airflow/example_dags/example_task_group.py
[2024-03-12T09:29:34.774+0000] {processor.py:830} INFO - Processing file /usr/local/lib/python3.10/dist-packages/airflow/example_dags/example_task_group.py for tasks to queue
[2024-03-12T09:29:34.775+0000] {logging_mixin.py:188} INFO - [2024-03-12T09:29:34.775+0000] {dagbag.py:540} INFO - Filling up the DagBag from /usr/local/lib/python3.10/dist-packages/airflow/example_dags/example_task_group.py
[2024-03-12T09:29:34.791+0000] {processor.py:840} INFO - DAG(s) 'example_task_group' retrieved from /usr/local/lib/python3.10/dist-packages/airflow/example_dags/example_task_group.py
[2024-03-12T09:29:34.808+0000] {logging_mixin.py:188} INFO - [2024-03-12T09:29:34.808+0000] {dag.py:3047} INFO - Sync 1 DAGs
[2024-03-12T09:29:34.828+0000] {logging_mixin.py:188} INFO - [2024-03-12T09:29:34.828+0000] {dag.py:3834} INFO - Setting next_dagrun for example_task_group to 2024-03-11 00:00:00+00:00, run_after=2024-03-12 00:00:00+00:00
[2024-03-12T09:29:34.851+0000] {processor.py:183} INFO - Processing /usr/local/lib/python3.10/dist-packages/airflow/example_dags/example_task_group.py took 0.082 seconds
[2024-03-12T09:30:16.208+0000] {processor.py:161} INFO - Started process (PID=14440) to work on /usr/local/lib/python3.10/dist-packages/airflow/example_dags/example_task_group.py
[2024-03-12T09:30:16.210+0000] {processor.py:830} INFO - Processing file /usr/local/lib/python3.10/dist-packages/airflow/example_dags/example_task_group.py for tasks to queue
[2024-03-12T09:30:16.211+0000] {logging_mixin.py:188} INFO - [2024-03-12T09:30:16.211+0000] {dagbag.py:540} INFO - Filling up the DagBag from /usr/local/lib/python3.10/dist-packages/airflow/example_dags/example_task_group.py
[2024-03-12T09:30:16.221+0000] {processor.py:840} INFO - DAG(s) 'example_task_group' retrieved from /usr/local/lib/python3.10/dist-packages/airflow/example_dags/example_task_group.py
[2024-03-12T09:30:16.240+0000] {logging_mixin.py:188} INFO - [2024-03-12T09:30:16.240+0000] {dag.py:3047} INFO - Sync 1 DAGs
[2024-03-12T09:30:16.262+0000] {logging_mixin.py:188} INFO - [2024-03-12T09:30:16.262+0000] {dag.py:3834} INFO - Setting next_dagrun for example_task_group to 2024-03-11 00:00:00+00:00, run_after=2024-03-12 00:00:00+00:00
[2024-03-12T09:30:16.295+0000] {processor.py:183} INFO - Processing /usr/local/lib/python3.10/dist-packages/airflow/example_dags/example_task_group.py took 0.090 seconds
[2024-03-12T09:30:57.545+0000] {processor.py:161} INFO - Started process (PID=14481) to work on /usr/local/lib/python3.10/dist-packages/airflow/example_dags/example_task_group.py
[2024-03-12T09:30:57.551+0000] {processor.py:830} INFO - Processing file /usr/local/lib/python3.10/dist-packages/airflow/example_dags/example_task_group.py for tasks to queue
[2024-03-12T09:30:57.552+0000] {logging_mixin.py:188} INFO - [2024-03-12T09:30:57.552+0000] {dagbag.py:540} INFO - Filling up the DagBag from /usr/local/lib/python3.10/dist-packages/airflow/example_dags/example_task_group.py
[2024-03-12T09:30:57.566+0000] {processor.py:840} INFO - DAG(s) 'example_task_group' retrieved from /usr/local/lib/python3.10/dist-packages/airflow/example_dags/example_task_group.py
[2024-03-12T09:30:57.593+0000] {logging_mixin.py:188} INFO - [2024-03-12T09:30:57.593+0000] {dag.py:3047} INFO - Sync 1 DAGs
[2024-03-12T09:30:57.626+0000] {logging_mixin.py:188} INFO - [2024-03-12T09:30:57.624+0000] {dag.py:3834} INFO - Setting next_dagrun for example_task_group to 2024-03-11 00:00:00+00:00, run_after=2024-03-12 00:00:00+00:00
[2024-03-12T09:30:57.682+0000] {processor.py:183} INFO - Processing /usr/local/lib/python3.10/dist-packages/airflow/example_dags/example_task_group.py took 0.140 seconds
[2024-03-12T09:31:39.674+0000] {processor.py:161} INFO - Started process (PID=14521) to work on /usr/local/lib/python3.10/dist-packages/airflow/example_dags/example_task_group.py
[2024-03-12T09:31:39.681+0000] {processor.py:830} INFO - Processing file /usr/local/lib/python3.10/dist-packages/airflow/example_dags/example_task_group.py for tasks to queue
[2024-03-12T09:31:39.682+0000] {logging_mixin.py:188} INFO - [2024-03-12T09:31:39.682+0000] {dagbag.py:540} INFO - Filling up the DagBag from /usr/local/lib/python3.10/dist-packages/airflow/example_dags/example_task_group.py
[2024-03-12T09:31:39.726+0000] {processor.py:840} INFO - DAG(s) 'example_task_group' retrieved from /usr/local/lib/python3.10/dist-packages/airflow/example_dags/example_task_group.py
[2024-03-12T09:31:39.762+0000] {logging_mixin.py:188} INFO - [2024-03-12T09:31:39.761+0000] {dag.py:3047} INFO - Sync 1 DAGs
[2024-03-12T09:31:39.806+0000] {logging_mixin.py:188} INFO - [2024-03-12T09:31:39.805+0000] {dag.py:3834} INFO - Setting next_dagrun for example_task_group to 2024-03-11 00:00:00+00:00, run_after=2024-03-12 00:00:00+00:00
[2024-03-12T09:31:39.848+0000] {processor.py:183} INFO - Processing /usr/local/lib/python3.10/dist-packages/airflow/example_dags/example_task_group.py took 0.177 seconds
[2024-03-12T09:32:22.566+0000] {processor.py:161} INFO - Started process (PID=14562) to work on /usr/local/lib/python3.10/dist-packages/airflow/example_dags/example_task_group.py
[2024-03-12T09:32:22.568+0000] {processor.py:830} INFO - Processing file /usr/local/lib/python3.10/dist-packages/airflow/example_dags/example_task_group.py for tasks to queue
[2024-03-12T09:32:22.569+0000] {logging_mixin.py:188} INFO - [2024-03-12T09:32:22.568+0000] {dagbag.py:540} INFO - Filling up the DagBag from /usr/local/lib/python3.10/dist-packages/airflow/example_dags/example_task_group.py
[2024-03-12T09:32:22.579+0000] {processor.py:840} INFO - DAG(s) 'example_task_group' retrieved from /usr/local/lib/python3.10/dist-packages/airflow/example_dags/example_task_group.py
[2024-03-12T09:32:22.601+0000] {logging_mixin.py:188} INFO - [2024-03-12T09:32:22.600+0000] {dag.py:3047} INFO - Sync 1 DAGs
[2024-03-12T09:32:22.629+0000] {logging_mixin.py:188} INFO - [2024-03-12T09:32:22.629+0000] {dag.py:3834} INFO - Setting next_dagrun for example_task_group to 2024-03-11 00:00:00+00:00, run_after=2024-03-12 00:00:00+00:00
[2024-03-12T09:32:22.658+0000] {processor.py:183} INFO - Processing /usr/local/lib/python3.10/dist-packages/airflow/example_dags/example_task_group.py took 0.097 seconds
[2024-03-12T09:33:08.007+0000] {processor.py:161} INFO - Started process (PID=14605) to work on /usr/local/lib/python3.10/dist-packages/airflow/example_dags/example_task_group.py
[2024-03-12T09:33:08.009+0000] {processor.py:830} INFO - Processing file /usr/local/lib/python3.10/dist-packages/airflow/example_dags/example_task_group.py for tasks to queue
[2024-03-12T09:33:08.010+0000] {logging_mixin.py:188} INFO - [2024-03-12T09:33:08.009+0000] {dagbag.py:540} INFO - Filling up the DagBag from /usr/local/lib/python3.10/dist-packages/airflow/example_dags/example_task_group.py
[2024-03-12T09:33:08.021+0000] {processor.py:840} INFO - DAG(s) 'example_task_group' retrieved from /usr/local/lib/python3.10/dist-packages/airflow/example_dags/example_task_group.py
[2024-03-12T09:33:08.046+0000] {logging_mixin.py:188} INFO - [2024-03-12T09:33:08.046+0000] {dag.py:3047} INFO - Sync 1 DAGs
[2024-03-12T09:33:08.073+0000] {logging_mixin.py:188} INFO - [2024-03-12T09:33:08.073+0000] {dag.py:3834} INFO - Setting next_dagrun for example_task_group to 2024-03-11 00:00:00+00:00, run_after=2024-03-12 00:00:00+00:00
[2024-03-12T09:33:08.108+0000] {processor.py:183} INFO - Processing /usr/local/lib/python3.10/dist-packages/airflow/example_dags/example_task_group.py took 0.109 seconds
[2024-03-12T09:33:50.555+0000] {processor.py:161} INFO - Started process (PID=14648) to work on /usr/local/lib/python3.10/dist-packages/airflow/example_dags/example_task_group.py
[2024-03-12T09:33:50.557+0000] {processor.py:830} INFO - Processing file /usr/local/lib/python3.10/dist-packages/airflow/example_dags/example_task_group.py for tasks to queue
[2024-03-12T09:33:50.561+0000] {logging_mixin.py:188} INFO - [2024-03-12T09:33:50.560+0000] {dagbag.py:540} INFO - Filling up the DagBag from /usr/local/lib/python3.10/dist-packages/airflow/example_dags/example_task_group.py
[2024-03-12T09:33:50.571+0000] {processor.py:840} INFO - DAG(s) 'example_task_group' retrieved from /usr/local/lib/python3.10/dist-packages/airflow/example_dags/example_task_group.py
[2024-03-12T09:33:50.591+0000] {logging_mixin.py:188} INFO - [2024-03-12T09:33:50.591+0000] {dag.py:3047} INFO - Sync 1 DAGs
[2024-03-12T09:33:50.615+0000] {logging_mixin.py:188} INFO - [2024-03-12T09:33:50.615+0000] {dag.py:3834} INFO - Setting next_dagrun for example_task_group to 2024-03-11 00:00:00+00:00, run_after=2024-03-12 00:00:00+00:00
[2024-03-12T09:33:50.645+0000] {processor.py:183} INFO - Processing /usr/local/lib/python3.10/dist-packages/airflow/example_dags/example_task_group.py took 0.095 seconds
[2024-03-12T09:34:33.258+0000] {processor.py:161} INFO - Started process (PID=14689) to work on /usr/local/lib/python3.10/dist-packages/airflow/example_dags/example_task_group.py
[2024-03-12T09:34:33.260+0000] {processor.py:830} INFO - Processing file /usr/local/lib/python3.10/dist-packages/airflow/example_dags/example_task_group.py for tasks to queue
[2024-03-12T09:34:33.261+0000] {logging_mixin.py:188} INFO - [2024-03-12T09:34:33.261+0000] {dagbag.py:540} INFO - Filling up the DagBag from /usr/local/lib/python3.10/dist-packages/airflow/example_dags/example_task_group.py
[2024-03-12T09:34:33.272+0000] {processor.py:840} INFO - DAG(s) 'example_task_group' retrieved from /usr/local/lib/python3.10/dist-packages/airflow/example_dags/example_task_group.py
[2024-03-12T09:34:33.292+0000] {logging_mixin.py:188} INFO - [2024-03-12T09:34:33.292+0000] {dag.py:3047} INFO - Sync 1 DAGs
[2024-03-12T09:34:33.318+0000] {logging_mixin.py:188} INFO - [2024-03-12T09:34:33.318+0000] {dag.py:3834} INFO - Setting next_dagrun for example_task_group to 2024-03-11 00:00:00+00:00, run_after=2024-03-12 00:00:00+00:00
[2024-03-12T09:34:33.348+0000] {processor.py:183} INFO - Processing /usr/local/lib/python3.10/dist-packages/airflow/example_dags/example_task_group.py took 0.094 seconds
[2024-03-12T09:35:18.225+0000] {processor.py:161} INFO - Started process (PID=14730) to work on /usr/local/lib/python3.10/dist-packages/airflow/example_dags/example_task_group.py
[2024-03-12T09:35:18.227+0000] {processor.py:830} INFO - Processing file /usr/local/lib/python3.10/dist-packages/airflow/example_dags/example_task_group.py for tasks to queue
[2024-03-12T09:35:18.228+0000] {logging_mixin.py:188} INFO - [2024-03-12T09:35:18.228+0000] {dagbag.py:540} INFO - Filling up the DagBag from /usr/local/lib/python3.10/dist-packages/airflow/example_dags/example_task_group.py
[2024-03-12T09:35:18.241+0000] {processor.py:840} INFO - DAG(s) 'example_task_group' retrieved from /usr/local/lib/python3.10/dist-packages/airflow/example_dags/example_task_group.py
[2024-03-12T09:35:18.263+0000] {logging_mixin.py:188} INFO - [2024-03-12T09:35:18.263+0000] {dag.py:3047} INFO - Sync 1 DAGs
[2024-03-12T09:35:18.291+0000] {logging_mixin.py:188} INFO - [2024-03-12T09:35:18.291+0000] {dag.py:3834} INFO - Setting next_dagrun for example_task_group to 2024-03-11 00:00:00+00:00, run_after=2024-03-12 00:00:00+00:00
[2024-03-12T09:35:18.323+0000] {processor.py:183} INFO - Processing /usr/local/lib/python3.10/dist-packages/airflow/example_dags/example_task_group.py took 0.102 seconds
[2024-03-12T09:36:02.702+0000] {processor.py:161} INFO - Started process (PID=14774) to work on /usr/local/lib/python3.10/dist-packages/airflow/example_dags/example_task_group.py
[2024-03-12T09:36:02.705+0000] {processor.py:830} INFO - Processing file /usr/local/lib/python3.10/dist-packages/airflow/example_dags/example_task_group.py for tasks to queue
[2024-03-12T09:36:02.706+0000] {logging_mixin.py:188} INFO - [2024-03-12T09:36:02.706+0000] {dagbag.py:540} INFO - Filling up the DagBag from /usr/local/lib/python3.10/dist-packages/airflow/example_dags/example_task_group.py
[2024-03-12T09:36:02.736+0000] {processor.py:840} INFO - DAG(s) 'example_task_group' retrieved from /usr/local/lib/python3.10/dist-packages/airflow/example_dags/example_task_group.py
[2024-03-12T09:36:02.788+0000] {logging_mixin.py:188} INFO - [2024-03-12T09:36:02.787+0000] {dag.py:3047} INFO - Sync 1 DAGs
[2024-03-12T09:36:02.811+0000] {logging_mixin.py:188} INFO - [2024-03-12T09:36:02.810+0000] {dag.py:3834} INFO - Setting next_dagrun for example_task_group to 2024-03-11 00:00:00+00:00, run_after=2024-03-12 00:00:00+00:00
[2024-03-12T09:36:02.846+0000] {processor.py:183} INFO - Processing /usr/local/lib/python3.10/dist-packages/airflow/example_dags/example_task_group.py took 0.147 seconds
[2024-03-12T09:36:42.954+0000] {processor.py:161} INFO - Started process (PID=14814) to work on /usr/local/lib/python3.10/dist-packages/airflow/example_dags/example_task_group.py
[2024-03-12T09:36:42.956+0000] {processor.py:830} INFO - Processing file /usr/local/lib/python3.10/dist-packages/airflow/example_dags/example_task_group.py for tasks to queue
[2024-03-12T09:36:42.958+0000] {logging_mixin.py:188} INFO - [2024-03-12T09:36:42.957+0000] {dagbag.py:540} INFO - Filling up the DagBag from /usr/local/lib/python3.10/dist-packages/airflow/example_dags/example_task_group.py
[2024-03-12T09:36:42.969+0000] {processor.py:840} INFO - DAG(s) 'example_task_group' retrieved from /usr/local/lib/python3.10/dist-packages/airflow/example_dags/example_task_group.py
[2024-03-12T09:36:43.019+0000] {logging_mixin.py:188} INFO - [2024-03-12T09:36:43.018+0000] {dag.py:3047} INFO - Sync 1 DAGs
[2024-03-12T09:36:43.046+0000] {logging_mixin.py:188} INFO - [2024-03-12T09:36:43.046+0000] {dag.py:3834} INFO - Setting next_dagrun for example_task_group to 2024-03-11 00:00:00+00:00, run_after=2024-03-12 00:00:00+00:00
[2024-03-12T09:36:43.085+0000] {processor.py:183} INFO - Processing /usr/local/lib/python3.10/dist-packages/airflow/example_dags/example_task_group.py took 0.134 seconds
[2024-03-12T09:37:24.700+0000] {processor.py:161} INFO - Started process (PID=14854) to work on /usr/local/lib/python3.10/dist-packages/airflow/example_dags/example_task_group.py
[2024-03-12T09:37:24.702+0000] {processor.py:830} INFO - Processing file /usr/local/lib/python3.10/dist-packages/airflow/example_dags/example_task_group.py for tasks to queue
[2024-03-12T09:37:24.704+0000] {logging_mixin.py:188} INFO - [2024-03-12T09:37:24.703+0000] {dagbag.py:540} INFO - Filling up the DagBag from /usr/local/lib/python3.10/dist-packages/airflow/example_dags/example_task_group.py
[2024-03-12T09:37:24.713+0000] {processor.py:840} INFO - DAG(s) 'example_task_group' retrieved from /usr/local/lib/python3.10/dist-packages/airflow/example_dags/example_task_group.py
[2024-03-12T09:37:24.734+0000] {logging_mixin.py:188} INFO - [2024-03-12T09:37:24.733+0000] {dag.py:3047} INFO - Sync 1 DAGs
[2024-03-12T09:37:24.757+0000] {logging_mixin.py:188} INFO - [2024-03-12T09:37:24.757+0000] {dag.py:3834} INFO - Setting next_dagrun for example_task_group to 2024-03-11 00:00:00+00:00, run_after=2024-03-12 00:00:00+00:00
[2024-03-12T09:37:24.783+0000] {processor.py:183} INFO - Processing /usr/local/lib/python3.10/dist-packages/airflow/example_dags/example_task_group.py took 0.091 seconds
[2024-03-12T09:38:06.116+0000] {processor.py:161} INFO - Started process (PID=14895) to work on /usr/local/lib/python3.10/dist-packages/airflow/example_dags/example_task_group.py
[2024-03-12T09:38:06.117+0000] {processor.py:830} INFO - Processing file /usr/local/lib/python3.10/dist-packages/airflow/example_dags/example_task_group.py for tasks to queue
[2024-03-12T09:38:06.118+0000] {logging_mixin.py:188} INFO - [2024-03-12T09:38:06.118+0000] {dagbag.py:540} INFO - Filling up the DagBag from /usr/local/lib/python3.10/dist-packages/airflow/example_dags/example_task_group.py
[2024-03-12T09:38:06.127+0000] {processor.py:840} INFO - DAG(s) 'example_task_group' retrieved from /usr/local/lib/python3.10/dist-packages/airflow/example_dags/example_task_group.py
[2024-03-12T09:38:06.148+0000] {logging_mixin.py:188} INFO - [2024-03-12T09:38:06.148+0000] {dag.py:3047} INFO - Sync 1 DAGs
[2024-03-12T09:38:06.171+0000] {logging_mixin.py:188} INFO - [2024-03-12T09:38:06.171+0000] {dag.py:3834} INFO - Setting next_dagrun for example_task_group to 2024-03-11 00:00:00+00:00, run_after=2024-03-12 00:00:00+00:00
[2024-03-12T09:38:06.229+0000] {processor.py:183} INFO - Processing /usr/local/lib/python3.10/dist-packages/airflow/example_dags/example_task_group.py took 0.116 seconds
[2024-03-12T09:38:48.294+0000] {processor.py:161} INFO - Started process (PID=14936) to work on /usr/local/lib/python3.10/dist-packages/airflow/example_dags/example_task_group.py
[2024-03-12T09:38:48.295+0000] {processor.py:830} INFO - Processing file /usr/local/lib/python3.10/dist-packages/airflow/example_dags/example_task_group.py for tasks to queue
[2024-03-12T09:38:48.296+0000] {logging_mixin.py:188} INFO - [2024-03-12T09:38:48.296+0000] {dagbag.py:540} INFO - Filling up the DagBag from /usr/local/lib/python3.10/dist-packages/airflow/example_dags/example_task_group.py
[2024-03-12T09:38:48.306+0000] {processor.py:840} INFO - DAG(s) 'example_task_group' retrieved from /usr/local/lib/python3.10/dist-packages/airflow/example_dags/example_task_group.py
[2024-03-12T09:38:48.327+0000] {logging_mixin.py:188} INFO - [2024-03-12T09:38:48.327+0000] {dag.py:3047} INFO - Sync 1 DAGs
[2024-03-12T09:38:48.354+0000] {logging_mixin.py:188} INFO - [2024-03-12T09:38:48.353+0000] {dag.py:3834} INFO - Setting next_dagrun for example_task_group to 2024-03-11 00:00:00+00:00, run_after=2024-03-12 00:00:00+00:00
[2024-03-12T09:38:48.383+0000] {processor.py:183} INFO - Processing /usr/local/lib/python3.10/dist-packages/airflow/example_dags/example_task_group.py took 0.095 seconds
[2024-03-12T09:39:31.129+0000] {processor.py:161} INFO - Started process (PID=14976) to work on /usr/local/lib/python3.10/dist-packages/airflow/example_dags/example_task_group.py
[2024-03-12T09:39:31.131+0000] {processor.py:830} INFO - Processing file /usr/local/lib/python3.10/dist-packages/airflow/example_dags/example_task_group.py for tasks to queue
[2024-03-12T09:39:31.132+0000] {logging_mixin.py:188} INFO - [2024-03-12T09:39:31.132+0000] {dagbag.py:540} INFO - Filling up the DagBag from /usr/local/lib/python3.10/dist-packages/airflow/example_dags/example_task_group.py
[2024-03-12T09:39:31.141+0000] {processor.py:840} INFO - DAG(s) 'example_task_group' retrieved from /usr/local/lib/python3.10/dist-packages/airflow/example_dags/example_task_group.py
[2024-03-12T09:39:31.161+0000] {logging_mixin.py:188} INFO - [2024-03-12T09:39:31.160+0000] {dag.py:3047} INFO - Sync 1 DAGs
[2024-03-12T09:39:31.188+0000] {logging_mixin.py:188} INFO - [2024-03-12T09:39:31.187+0000] {dag.py:3834} INFO - Setting next_dagrun for example_task_group to 2024-03-11 00:00:00+00:00, run_after=2024-03-12 00:00:00+00:00
[2024-03-12T09:39:31.221+0000] {processor.py:183} INFO - Processing /usr/local/lib/python3.10/dist-packages/airflow/example_dags/example_task_group.py took 0.096 seconds
[2024-03-12T09:40:13.875+0000] {processor.py:161} INFO - Started process (PID=15017) to work on /usr/local/lib/python3.10/dist-packages/airflow/example_dags/example_task_group.py
[2024-03-12T09:40:13.877+0000] {processor.py:830} INFO - Processing file /usr/local/lib/python3.10/dist-packages/airflow/example_dags/example_task_group.py for tasks to queue
[2024-03-12T09:40:13.882+0000] {logging_mixin.py:188} INFO - [2024-03-12T09:40:13.881+0000] {dagbag.py:540} INFO - Filling up the DagBag from /usr/local/lib/python3.10/dist-packages/airflow/example_dags/example_task_group.py
[2024-03-12T09:40:13.905+0000] {processor.py:840} INFO - DAG(s) 'example_task_group' retrieved from /usr/local/lib/python3.10/dist-packages/airflow/example_dags/example_task_group.py
[2024-03-12T09:40:13.940+0000] {logging_mixin.py:188} INFO - [2024-03-12T09:40:13.939+0000] {dag.py:3047} INFO - Sync 1 DAGs
[2024-03-12T09:40:13.985+0000] {logging_mixin.py:188} INFO - [2024-03-12T09:40:13.984+0000] {dag.py:3834} INFO - Setting next_dagrun for example_task_group to 2024-03-11 00:00:00+00:00, run_after=2024-03-12 00:00:00+00:00
[2024-03-12T09:40:14.034+0000] {processor.py:183} INFO - Processing /usr/local/lib/python3.10/dist-packages/airflow/example_dags/example_task_group.py took 0.169 seconds
[2024-03-12T09:40:57.942+0000] {processor.py:161} INFO - Started process (PID=15060) to work on /usr/local/lib/python3.10/dist-packages/airflow/example_dags/example_task_group.py
[2024-03-12T09:40:57.944+0000] {processor.py:830} INFO - Processing file /usr/local/lib/python3.10/dist-packages/airflow/example_dags/example_task_group.py for tasks to queue
[2024-03-12T09:40:57.945+0000] {logging_mixin.py:188} INFO - [2024-03-12T09:40:57.945+0000] {dagbag.py:540} INFO - Filling up the DagBag from /usr/local/lib/python3.10/dist-packages/airflow/example_dags/example_task_group.py
[2024-03-12T09:40:57.954+0000] {processor.py:840} INFO - DAG(s) 'example_task_group' retrieved from /usr/local/lib/python3.10/dist-packages/airflow/example_dags/example_task_group.py
[2024-03-12T09:40:57.974+0000] {logging_mixin.py:188} INFO - [2024-03-12T09:40:57.974+0000] {dag.py:3047} INFO - Sync 1 DAGs
[2024-03-12T09:40:57.997+0000] {logging_mixin.py:188} INFO - [2024-03-12T09:40:57.997+0000] {dag.py:3834} INFO - Setting next_dagrun for example_task_group to 2024-03-11 00:00:00+00:00, run_after=2024-03-12 00:00:00+00:00
[2024-03-12T09:40:58.029+0000] {processor.py:183} INFO - Processing /usr/local/lib/python3.10/dist-packages/airflow/example_dags/example_task_group.py took 0.090 seconds
[2024-03-12T09:41:38.639+0000] {processor.py:161} INFO - Started process (PID=15100) to work on /usr/local/lib/python3.10/dist-packages/airflow/example_dags/example_task_group.py
[2024-03-12T09:41:38.640+0000] {processor.py:830} INFO - Processing file /usr/local/lib/python3.10/dist-packages/airflow/example_dags/example_task_group.py for tasks to queue
[2024-03-12T09:41:38.648+0000] {logging_mixin.py:188} INFO - [2024-03-12T09:41:38.648+0000] {dagbag.py:540} INFO - Filling up the DagBag from /usr/local/lib/python3.10/dist-packages/airflow/example_dags/example_task_group.py
[2024-03-12T09:41:38.660+0000] {processor.py:840} INFO - DAG(s) 'example_task_group' retrieved from /usr/local/lib/python3.10/dist-packages/airflow/example_dags/example_task_group.py
[2024-03-12T09:41:38.689+0000] {logging_mixin.py:188} INFO - [2024-03-12T09:41:38.689+0000] {dag.py:3047} INFO - Sync 1 DAGs
[2024-03-12T09:41:38.729+0000] {logging_mixin.py:188} INFO - [2024-03-12T09:41:38.729+0000] {dag.py:3834} INFO - Setting next_dagrun for example_task_group to 2024-03-11 00:00:00+00:00, run_after=2024-03-12 00:00:00+00:00
[2024-03-12T09:41:38.780+0000] {processor.py:183} INFO - Processing /usr/local/lib/python3.10/dist-packages/airflow/example_dags/example_task_group.py took 0.159 seconds
[2024-03-12T09:42:20.803+0000] {processor.py:161} INFO - Started process (PID=15141) to work on /usr/local/lib/python3.10/dist-packages/airflow/example_dags/example_task_group.py
[2024-03-12T09:42:20.805+0000] {processor.py:830} INFO - Processing file /usr/local/lib/python3.10/dist-packages/airflow/example_dags/example_task_group.py for tasks to queue
[2024-03-12T09:42:20.806+0000] {logging_mixin.py:188} INFO - [2024-03-12T09:42:20.805+0000] {dagbag.py:540} INFO - Filling up the DagBag from /usr/local/lib/python3.10/dist-packages/airflow/example_dags/example_task_group.py
[2024-03-12T09:42:20.818+0000] {processor.py:840} INFO - DAG(s) 'example_task_group' retrieved from /usr/local/lib/python3.10/dist-packages/airflow/example_dags/example_task_group.py
[2024-03-12T09:42:20.849+0000] {logging_mixin.py:188} INFO - [2024-03-12T09:42:20.848+0000] {dag.py:3047} INFO - Sync 1 DAGs
[2024-03-12T09:42:20.872+0000] {logging_mixin.py:188} INFO - [2024-03-12T09:42:20.872+0000] {dag.py:3834} INFO - Setting next_dagrun for example_task_group to 2024-03-11 00:00:00+00:00, run_after=2024-03-12 00:00:00+00:00
[2024-03-12T09:42:20.900+0000] {processor.py:183} INFO - Processing /usr/local/lib/python3.10/dist-packages/airflow/example_dags/example_task_group.py took 0.100 seconds
[2024-03-12T09:43:00.920+0000] {processor.py:161} INFO - Started process (PID=15253) to work on /usr/local/lib/python3.10/dist-packages/airflow/example_dags/example_task_group.py
[2024-03-12T09:43:00.924+0000] {processor.py:830} INFO - Processing file /usr/local/lib/python3.10/dist-packages/airflow/example_dags/example_task_group.py for tasks to queue
[2024-03-12T09:43:00.926+0000] {logging_mixin.py:188} INFO - [2024-03-12T09:43:00.925+0000] {dagbag.py:540} INFO - Filling up the DagBag from /usr/local/lib/python3.10/dist-packages/airflow/example_dags/example_task_group.py
[2024-03-12T09:43:00.939+0000] {processor.py:840} INFO - DAG(s) 'example_task_group' retrieved from /usr/local/lib/python3.10/dist-packages/airflow/example_dags/example_task_group.py
[2024-03-12T09:43:00.966+0000] {logging_mixin.py:188} INFO - [2024-03-12T09:43:00.966+0000] {dag.py:3047} INFO - Sync 1 DAGs
[2024-03-12T09:43:00.996+0000] {logging_mixin.py:188} INFO - [2024-03-12T09:43:00.996+0000] {dag.py:3834} INFO - Setting next_dagrun for example_task_group to 2024-03-11 00:00:00+00:00, run_after=2024-03-12 00:00:00+00:00
[2024-03-12T09:43:01.037+0000] {processor.py:183} INFO - Processing /usr/local/lib/python3.10/dist-packages/airflow/example_dags/example_task_group.py took 0.125 seconds
[2024-03-12T09:43:40.285+0000] {processor.py:161} INFO - Started process (PID=15294) to work on /usr/local/lib/python3.10/dist-packages/airflow/example_dags/example_task_group.py
[2024-03-12T09:43:40.294+0000] {processor.py:830} INFO - Processing file /usr/local/lib/python3.10/dist-packages/airflow/example_dags/example_task_group.py for tasks to queue
[2024-03-12T09:43:40.298+0000] {logging_mixin.py:188} INFO - [2024-03-12T09:43:40.294+0000] {dagbag.py:540} INFO - Filling up the DagBag from /usr/local/lib/python3.10/dist-packages/airflow/example_dags/example_task_group.py
[2024-03-12T09:43:40.320+0000] {processor.py:840} INFO - DAG(s) 'example_task_group' retrieved from /usr/local/lib/python3.10/dist-packages/airflow/example_dags/example_task_group.py
[2024-03-12T09:43:40.351+0000] {logging_mixin.py:188} INFO - [2024-03-12T09:43:40.350+0000] {dag.py:3047} INFO - Sync 1 DAGs
[2024-03-12T09:43:40.385+0000] {logging_mixin.py:188} INFO - [2024-03-12T09:43:40.385+0000] {dag.py:3834} INFO - Setting next_dagrun for example_task_group to 2024-03-11 00:00:00+00:00, run_after=2024-03-12 00:00:00+00:00
[2024-03-12T09:43:40.422+0000] {processor.py:183} INFO - Processing /usr/local/lib/python3.10/dist-packages/airflow/example_dags/example_task_group.py took 0.142 seconds
[2024-03-12T09:44:25.921+0000] {processor.py:161} INFO - Started process (PID=15351) to work on /usr/local/lib/python3.10/dist-packages/airflow/example_dags/example_task_group.py
[2024-03-12T09:44:25.923+0000] {processor.py:830} INFO - Processing file /usr/local/lib/python3.10/dist-packages/airflow/example_dags/example_task_group.py for tasks to queue
[2024-03-12T09:44:25.925+0000] {logging_mixin.py:188} INFO - [2024-03-12T09:44:25.924+0000] {dagbag.py:540} INFO - Filling up the DagBag from /usr/local/lib/python3.10/dist-packages/airflow/example_dags/example_task_group.py
[2024-03-12T09:44:25.935+0000] {processor.py:840} INFO - DAG(s) 'example_task_group' retrieved from /usr/local/lib/python3.10/dist-packages/airflow/example_dags/example_task_group.py
[2024-03-12T09:44:25.970+0000] {logging_mixin.py:188} INFO - [2024-03-12T09:44:25.970+0000] {dag.py:3047} INFO - Sync 1 DAGs
[2024-03-12T09:44:26.014+0000] {logging_mixin.py:188} INFO - [2024-03-12T09:44:26.012+0000] {dag.py:3834} INFO - Setting next_dagrun for example_task_group to 2024-03-11 00:00:00+00:00, run_after=2024-03-12 00:00:00+00:00
[2024-03-12T09:44:26.069+0000] {processor.py:183} INFO - Processing /usr/local/lib/python3.10/dist-packages/airflow/example_dags/example_task_group.py took 0.153 seconds
[2024-03-12T09:45:08.657+0000] {processor.py:161} INFO - Started process (PID=15392) to work on /usr/local/lib/python3.10/dist-packages/airflow/example_dags/example_task_group.py
[2024-03-12T09:45:08.659+0000] {processor.py:830} INFO - Processing file /usr/local/lib/python3.10/dist-packages/airflow/example_dags/example_task_group.py for tasks to queue
[2024-03-12T09:45:08.661+0000] {logging_mixin.py:188} INFO - [2024-03-12T09:45:08.661+0000] {dagbag.py:540} INFO - Filling up the DagBag from /usr/local/lib/python3.10/dist-packages/airflow/example_dags/example_task_group.py
[2024-03-12T09:45:08.674+0000] {processor.py:840} INFO - DAG(s) 'example_task_group' retrieved from /usr/local/lib/python3.10/dist-packages/airflow/example_dags/example_task_group.py
[2024-03-12T09:45:08.696+0000] {logging_mixin.py:188} INFO - [2024-03-12T09:45:08.695+0000] {dag.py:3047} INFO - Sync 1 DAGs
[2024-03-12T09:45:08.722+0000] {logging_mixin.py:188} INFO - [2024-03-12T09:45:08.722+0000] {dag.py:3834} INFO - Setting next_dagrun for example_task_group to 2024-03-11 00:00:00+00:00, run_after=2024-03-12 00:00:00+00:00
[2024-03-12T09:45:08.755+0000] {processor.py:183} INFO - Processing /usr/local/lib/python3.10/dist-packages/airflow/example_dags/example_task_group.py took 0.105 seconds
[2024-03-12T09:45:51.428+0000] {processor.py:161} INFO - Started process (PID=15434) to work on /usr/local/lib/python3.10/dist-packages/airflow/example_dags/example_task_group.py
[2024-03-12T09:45:51.430+0000] {processor.py:830} INFO - Processing file /usr/local/lib/python3.10/dist-packages/airflow/example_dags/example_task_group.py for tasks to queue
[2024-03-12T09:45:51.431+0000] {logging_mixin.py:188} INFO - [2024-03-12T09:45:51.431+0000] {dagbag.py:540} INFO - Filling up the DagBag from /usr/local/lib/python3.10/dist-packages/airflow/example_dags/example_task_group.py
[2024-03-12T09:45:51.447+0000] {processor.py:840} INFO - DAG(s) 'example_task_group' retrieved from /usr/local/lib/python3.10/dist-packages/airflow/example_dags/example_task_group.py
[2024-03-12T09:45:51.474+0000] {logging_mixin.py:188} INFO - [2024-03-12T09:45:51.474+0000] {dag.py:3047} INFO - Sync 1 DAGs
[2024-03-12T09:45:51.502+0000] {logging_mixin.py:188} INFO - [2024-03-12T09:45:51.501+0000] {dag.py:3834} INFO - Setting next_dagrun for example_task_group to 2024-03-11 00:00:00+00:00, run_after=2024-03-12 00:00:00+00:00
[2024-03-12T09:45:51.531+0000] {processor.py:183} INFO - Processing /usr/local/lib/python3.10/dist-packages/airflow/example_dags/example_task_group.py took 0.112 seconds
[2024-03-12T09:46:32.183+0000] {processor.py:161} INFO - Started process (PID=15474) to work on /usr/local/lib/python3.10/dist-packages/airflow/example_dags/example_task_group.py
[2024-03-12T09:46:32.184+0000] {processor.py:830} INFO - Processing file /usr/local/lib/python3.10/dist-packages/airflow/example_dags/example_task_group.py for tasks to queue
[2024-03-12T09:46:32.186+0000] {logging_mixin.py:188} INFO - [2024-03-12T09:46:32.185+0000] {dagbag.py:540} INFO - Filling up the DagBag from /usr/local/lib/python3.10/dist-packages/airflow/example_dags/example_task_group.py
[2024-03-12T09:46:32.195+0000] {processor.py:840} INFO - DAG(s) 'example_task_group' retrieved from /usr/local/lib/python3.10/dist-packages/airflow/example_dags/example_task_group.py
[2024-03-12T09:46:32.218+0000] {logging_mixin.py:188} INFO - [2024-03-12T09:46:32.217+0000] {dag.py:3047} INFO - Sync 1 DAGs
[2024-03-12T09:46:32.241+0000] {logging_mixin.py:188} INFO - [2024-03-12T09:46:32.240+0000] {dag.py:3834} INFO - Setting next_dagrun for example_task_group to 2024-03-11 00:00:00+00:00, run_after=2024-03-12 00:00:00+00:00
[2024-03-12T09:46:32.268+0000] {processor.py:183} INFO - Processing /usr/local/lib/python3.10/dist-packages/airflow/example_dags/example_task_group.py took 0.089 seconds
[2024-03-12T09:47:11.212+0000] {processor.py:161} INFO - Started process (PID=15513) to work on /usr/local/lib/python3.10/dist-packages/airflow/example_dags/example_task_group.py
[2024-03-12T09:47:11.213+0000] {processor.py:830} INFO - Processing file /usr/local/lib/python3.10/dist-packages/airflow/example_dags/example_task_group.py for tasks to queue
[2024-03-12T09:47:11.215+0000] {logging_mixin.py:188} INFO - [2024-03-12T09:47:11.214+0000] {dagbag.py:540} INFO - Filling up the DagBag from /usr/local/lib/python3.10/dist-packages/airflow/example_dags/example_task_group.py
[2024-03-12T09:47:11.226+0000] {processor.py:840} INFO - DAG(s) 'example_task_group' retrieved from /usr/local/lib/python3.10/dist-packages/airflow/example_dags/example_task_group.py
[2024-03-12T09:47:11.249+0000] {logging_mixin.py:188} INFO - [2024-03-12T09:47:11.249+0000] {dag.py:3047} INFO - Sync 1 DAGs
[2024-03-12T09:47:11.278+0000] {logging_mixin.py:188} INFO - [2024-03-12T09:47:11.278+0000] {dag.py:3834} INFO - Setting next_dagrun for example_task_group to 2024-03-11 00:00:00+00:00, run_after=2024-03-12 00:00:00+00:00
[2024-03-12T09:47:11.306+0000] {processor.py:183} INFO - Processing /usr/local/lib/python3.10/dist-packages/airflow/example_dags/example_task_group.py took 0.098 seconds
[2024-03-12T09:47:53.965+0000] {processor.py:161} INFO - Started process (PID=15554) to work on /usr/local/lib/python3.10/dist-packages/airflow/example_dags/example_task_group.py
[2024-03-12T09:47:53.967+0000] {processor.py:830} INFO - Processing file /usr/local/lib/python3.10/dist-packages/airflow/example_dags/example_task_group.py for tasks to queue
[2024-03-12T09:47:53.968+0000] {logging_mixin.py:188} INFO - [2024-03-12T09:47:53.968+0000] {dagbag.py:540} INFO - Filling up the DagBag from /usr/local/lib/python3.10/dist-packages/airflow/example_dags/example_task_group.py
[2024-03-12T09:47:53.983+0000] {processor.py:840} INFO - DAG(s) 'example_task_group' retrieved from /usr/local/lib/python3.10/dist-packages/airflow/example_dags/example_task_group.py
[2024-03-12T09:47:54.024+0000] {logging_mixin.py:188} INFO - [2024-03-12T09:47:54.024+0000] {dag.py:3047} INFO - Sync 1 DAGs
[2024-03-12T09:47:54.055+0000] {logging_mixin.py:188} INFO - [2024-03-12T09:47:54.055+0000] {dag.py:3834} INFO - Setting next_dagrun for example_task_group to 2024-03-11 00:00:00+00:00, run_after=2024-03-12 00:00:00+00:00
[2024-03-12T09:47:54.121+0000] {processor.py:183} INFO - Processing /usr/local/lib/python3.10/dist-packages/airflow/example_dags/example_task_group.py took 0.161 seconds
[2024-03-12T09:48:34.495+0000] {processor.py:161} INFO - Started process (PID=15600) to work on /usr/local/lib/python3.10/dist-packages/airflow/example_dags/example_task_group.py
[2024-03-12T09:48:34.497+0000] {processor.py:830} INFO - Processing file /usr/local/lib/python3.10/dist-packages/airflow/example_dags/example_task_group.py for tasks to queue
[2024-03-12T09:48:34.500+0000] {logging_mixin.py:188} INFO - [2024-03-12T09:48:34.499+0000] {dagbag.py:540} INFO - Filling up the DagBag from /usr/local/lib/python3.10/dist-packages/airflow/example_dags/example_task_group.py
[2024-03-12T09:48:34.518+0000] {processor.py:840} INFO - DAG(s) 'example_task_group' retrieved from /usr/local/lib/python3.10/dist-packages/airflow/example_dags/example_task_group.py
[2024-03-12T09:48:34.543+0000] {logging_mixin.py:188} INFO - [2024-03-12T09:48:34.542+0000] {dag.py:3047} INFO - Sync 1 DAGs
[2024-03-12T09:48:34.568+0000] {logging_mixin.py:188} INFO - [2024-03-12T09:48:34.567+0000] {dag.py:3834} INFO - Setting next_dagrun for example_task_group to 2024-03-11 00:00:00+00:00, run_after=2024-03-12 00:00:00+00:00
[2024-03-12T09:48:34.594+0000] {processor.py:183} INFO - Processing /usr/local/lib/python3.10/dist-packages/airflow/example_dags/example_task_group.py took 0.111 seconds
[2024-03-12T09:49:15.756+0000] {processor.py:161} INFO - Started process (PID=15639) to work on /usr/local/lib/python3.10/dist-packages/airflow/example_dags/example_task_group.py
[2024-03-12T09:49:15.758+0000] {processor.py:830} INFO - Processing file /usr/local/lib/python3.10/dist-packages/airflow/example_dags/example_task_group.py for tasks to queue
[2024-03-12T09:49:15.760+0000] {logging_mixin.py:188} INFO - [2024-03-12T09:49:15.759+0000] {dagbag.py:540} INFO - Filling up the DagBag from /usr/local/lib/python3.10/dist-packages/airflow/example_dags/example_task_group.py
[2024-03-12T09:49:15.772+0000] {processor.py:840} INFO - DAG(s) 'example_task_group' retrieved from /usr/local/lib/python3.10/dist-packages/airflow/example_dags/example_task_group.py
[2024-03-12T09:49:15.805+0000] {logging_mixin.py:188} INFO - [2024-03-12T09:49:15.805+0000] {dag.py:3047} INFO - Sync 1 DAGs
[2024-03-12T09:49:15.834+0000] {logging_mixin.py:188} INFO - [2024-03-12T09:49:15.834+0000] {dag.py:3834} INFO - Setting next_dagrun for example_task_group to 2024-03-11 00:00:00+00:00, run_after=2024-03-12 00:00:00+00:00
[2024-03-12T09:49:15.862+0000] {processor.py:183} INFO - Processing /usr/local/lib/python3.10/dist-packages/airflow/example_dags/example_task_group.py took 0.111 seconds
[2024-03-12T09:49:59.050+0000] {processor.py:161} INFO - Started process (PID=15680) to work on /usr/local/lib/python3.10/dist-packages/airflow/example_dags/example_task_group.py
[2024-03-12T09:49:59.052+0000] {processor.py:830} INFO - Processing file /usr/local/lib/python3.10/dist-packages/airflow/example_dags/example_task_group.py for tasks to queue
[2024-03-12T09:49:59.053+0000] {logging_mixin.py:188} INFO - [2024-03-12T09:49:59.053+0000] {dagbag.py:540} INFO - Filling up the DagBag from /usr/local/lib/python3.10/dist-packages/airflow/example_dags/example_task_group.py
[2024-03-12T09:49:59.068+0000] {processor.py:840} INFO - DAG(s) 'example_task_group' retrieved from /usr/local/lib/python3.10/dist-packages/airflow/example_dags/example_task_group.py
[2024-03-12T09:49:59.091+0000] {logging_mixin.py:188} INFO - [2024-03-12T09:49:59.090+0000] {dag.py:3047} INFO - Sync 1 DAGs
[2024-03-12T09:49:59.131+0000] {logging_mixin.py:188} INFO - [2024-03-12T09:49:59.131+0000] {dag.py:3834} INFO - Setting next_dagrun for example_task_group to 2024-03-11 00:00:00+00:00, run_after=2024-03-12 00:00:00+00:00
[2024-03-12T09:49:59.164+0000] {processor.py:183} INFO - Processing /usr/local/lib/python3.10/dist-packages/airflow/example_dags/example_task_group.py took 0.119 seconds
[2024-03-12T09:50:44.016+0000] {processor.py:161} INFO - Started process (PID=15723) to work on /usr/local/lib/python3.10/dist-packages/airflow/example_dags/example_task_group.py
[2024-03-12T09:50:44.018+0000] {processor.py:830} INFO - Processing file /usr/local/lib/python3.10/dist-packages/airflow/example_dags/example_task_group.py for tasks to queue
[2024-03-12T09:50:44.020+0000] {logging_mixin.py:188} INFO - [2024-03-12T09:50:44.019+0000] {dagbag.py:540} INFO - Filling up the DagBag from /usr/local/lib/python3.10/dist-packages/airflow/example_dags/example_task_group.py
[2024-03-12T09:50:44.032+0000] {processor.py:840} INFO - DAG(s) 'example_task_group' retrieved from /usr/local/lib/python3.10/dist-packages/airflow/example_dags/example_task_group.py
[2024-03-12T09:50:44.058+0000] {logging_mixin.py:188} INFO - [2024-03-12T09:50:44.058+0000] {dag.py:3047} INFO - Sync 1 DAGs
[2024-03-12T09:50:44.091+0000] {logging_mixin.py:188} INFO - [2024-03-12T09:50:44.090+0000] {dag.py:3834} INFO - Setting next_dagrun for example_task_group to 2024-03-11 00:00:00+00:00, run_after=2024-03-12 00:00:00+00:00
[2024-03-12T09:50:44.125+0000] {processor.py:183} INFO - Processing /usr/local/lib/python3.10/dist-packages/airflow/example_dags/example_task_group.py took 0.117 seconds
[2024-03-12T09:51:28.794+0000] {processor.py:161} INFO - Started process (PID=15766) to work on /usr/local/lib/python3.10/dist-packages/airflow/example_dags/example_task_group.py
[2024-03-12T09:51:28.796+0000] {processor.py:830} INFO - Processing file /usr/local/lib/python3.10/dist-packages/airflow/example_dags/example_task_group.py for tasks to queue
[2024-03-12T09:51:28.797+0000] {logging_mixin.py:188} INFO - [2024-03-12T09:51:28.796+0000] {dagbag.py:540} INFO - Filling up the DagBag from /usr/local/lib/python3.10/dist-packages/airflow/example_dags/example_task_group.py
[2024-03-12T09:51:28.807+0000] {processor.py:840} INFO - DAG(s) 'example_task_group' retrieved from /usr/local/lib/python3.10/dist-packages/airflow/example_dags/example_task_group.py
[2024-03-12T09:51:28.826+0000] {logging_mixin.py:188} INFO - [2024-03-12T09:51:28.825+0000] {dag.py:3047} INFO - Sync 1 DAGs
[2024-03-12T09:51:28.848+0000] {logging_mixin.py:188} INFO - [2024-03-12T09:51:28.848+0000] {dag.py:3834} INFO - Setting next_dagrun for example_task_group to 2024-03-11 00:00:00+00:00, run_after=2024-03-12 00:00:00+00:00
[2024-03-12T09:51:28.874+0000] {processor.py:183} INFO - Processing /usr/local/lib/python3.10/dist-packages/airflow/example_dags/example_task_group.py took 0.083 seconds
[2024-03-12T09:52:16.009+0000] {processor.py:161} INFO - Started process (PID=15810) to work on /usr/local/lib/python3.10/dist-packages/airflow/example_dags/example_task_group.py
[2024-03-12T09:52:16.010+0000] {processor.py:830} INFO - Processing file /usr/local/lib/python3.10/dist-packages/airflow/example_dags/example_task_group.py for tasks to queue
[2024-03-12T09:52:16.011+0000] {logging_mixin.py:188} INFO - [2024-03-12T09:52:16.011+0000] {dagbag.py:540} INFO - Filling up the DagBag from /usr/local/lib/python3.10/dist-packages/airflow/example_dags/example_task_group.py
[2024-03-12T09:52:16.021+0000] {processor.py:840} INFO - DAG(s) 'example_task_group' retrieved from /usr/local/lib/python3.10/dist-packages/airflow/example_dags/example_task_group.py
[2024-03-12T09:52:16.040+0000] {logging_mixin.py:188} INFO - [2024-03-12T09:52:16.040+0000] {dag.py:3047} INFO - Sync 1 DAGs
[2024-03-12T09:52:16.064+0000] {logging_mixin.py:188} INFO - [2024-03-12T09:52:16.064+0000] {dag.py:3834} INFO - Setting next_dagrun for example_task_group to 2024-03-11 00:00:00+00:00, run_after=2024-03-12 00:00:00+00:00
[2024-03-12T09:52:16.090+0000] {processor.py:183} INFO - Processing /usr/local/lib/python3.10/dist-packages/airflow/example_dags/example_task_group.py took 0.086 seconds
[2024-03-12T09:52:59.585+0000] {processor.py:161} INFO - Started process (PID=15854) to work on /usr/local/lib/python3.10/dist-packages/airflow/example_dags/example_task_group.py
[2024-03-12T09:52:59.587+0000] {processor.py:830} INFO - Processing file /usr/local/lib/python3.10/dist-packages/airflow/example_dags/example_task_group.py for tasks to queue
[2024-03-12T09:52:59.588+0000] {logging_mixin.py:188} INFO - [2024-03-12T09:52:59.587+0000] {dagbag.py:540} INFO - Filling up the DagBag from /usr/local/lib/python3.10/dist-packages/airflow/example_dags/example_task_group.py
[2024-03-12T09:52:59.597+0000] {processor.py:840} INFO - DAG(s) 'example_task_group' retrieved from /usr/local/lib/python3.10/dist-packages/airflow/example_dags/example_task_group.py
[2024-03-12T09:52:59.616+0000] {logging_mixin.py:188} INFO - [2024-03-12T09:52:59.615+0000] {dag.py:3047} INFO - Sync 1 DAGs
[2024-03-12T09:52:59.638+0000] {logging_mixin.py:188} INFO - [2024-03-12T09:52:59.638+0000] {dag.py:3834} INFO - Setting next_dagrun for example_task_group to 2024-03-11 00:00:00+00:00, run_after=2024-03-12 00:00:00+00:00
[2024-03-12T09:52:59.666+0000] {processor.py:183} INFO - Processing /usr/local/lib/python3.10/dist-packages/airflow/example_dags/example_task_group.py took 0.085 seconds
[2024-03-12T09:53:43.613+0000] {processor.py:161} INFO - Started process (PID=15896) to work on /usr/local/lib/python3.10/dist-packages/airflow/example_dags/example_task_group.py
[2024-03-12T09:53:43.615+0000] {processor.py:830} INFO - Processing file /usr/local/lib/python3.10/dist-packages/airflow/example_dags/example_task_group.py for tasks to queue
[2024-03-12T09:53:43.616+0000] {logging_mixin.py:188} INFO - [2024-03-12T09:53:43.616+0000] {dagbag.py:540} INFO - Filling up the DagBag from /usr/local/lib/python3.10/dist-packages/airflow/example_dags/example_task_group.py
[2024-03-12T09:53:43.629+0000] {processor.py:840} INFO - DAG(s) 'example_task_group' retrieved from /usr/local/lib/python3.10/dist-packages/airflow/example_dags/example_task_group.py
[2024-03-12T09:53:43.664+0000] {logging_mixin.py:188} INFO - [2024-03-12T09:53:43.664+0000] {dag.py:3047} INFO - Sync 1 DAGs
[2024-03-12T09:53:43.686+0000] {logging_mixin.py:188} INFO - [2024-03-12T09:53:43.685+0000] {dag.py:3834} INFO - Setting next_dagrun for example_task_group to 2024-03-11 00:00:00+00:00, run_after=2024-03-12 00:00:00+00:00
[2024-03-12T09:53:43.709+0000] {processor.py:183} INFO - Processing /usr/local/lib/python3.10/dist-packages/airflow/example_dags/example_task_group.py took 0.102 seconds
[2024-03-12T09:54:29.642+0000] {processor.py:161} INFO - Started process (PID=15941) to work on /usr/local/lib/python3.10/dist-packages/airflow/example_dags/example_task_group.py
[2024-03-12T09:54:29.644+0000] {processor.py:830} INFO - Processing file /usr/local/lib/python3.10/dist-packages/airflow/example_dags/example_task_group.py for tasks to queue
[2024-03-12T09:54:29.645+0000] {logging_mixin.py:188} INFO - [2024-03-12T09:54:29.644+0000] {dagbag.py:540} INFO - Filling up the DagBag from /usr/local/lib/python3.10/dist-packages/airflow/example_dags/example_task_group.py
[2024-03-12T09:54:29.654+0000] {processor.py:840} INFO - DAG(s) 'example_task_group' retrieved from /usr/local/lib/python3.10/dist-packages/airflow/example_dags/example_task_group.py
[2024-03-12T09:54:29.675+0000] {logging_mixin.py:188} INFO - [2024-03-12T09:54:29.675+0000] {dag.py:3047} INFO - Sync 1 DAGs
[2024-03-12T09:54:29.701+0000] {logging_mixin.py:188} INFO - [2024-03-12T09:54:29.700+0000] {dag.py:3834} INFO - Setting next_dagrun for example_task_group to 2024-03-11 00:00:00+00:00, run_after=2024-03-12 00:00:00+00:00
[2024-03-12T09:54:29.730+0000] {processor.py:183} INFO - Processing /usr/local/lib/python3.10/dist-packages/airflow/example_dags/example_task_group.py took 0.091 seconds
[2024-03-12T09:55:15.023+0000] {processor.py:161} INFO - Started process (PID=15984) to work on /usr/local/lib/python3.10/dist-packages/airflow/example_dags/example_task_group.py
[2024-03-12T09:55:15.025+0000] {processor.py:830} INFO - Processing file /usr/local/lib/python3.10/dist-packages/airflow/example_dags/example_task_group.py for tasks to queue
[2024-03-12T09:55:15.027+0000] {logging_mixin.py:188} INFO - [2024-03-12T09:55:15.026+0000] {dagbag.py:540} INFO - Filling up the DagBag from /usr/local/lib/python3.10/dist-packages/airflow/example_dags/example_task_group.py
[2024-03-12T09:55:15.049+0000] {processor.py:840} INFO - DAG(s) 'example_task_group' retrieved from /usr/local/lib/python3.10/dist-packages/airflow/example_dags/example_task_group.py
[2024-03-12T09:55:15.076+0000] {logging_mixin.py:188} INFO - [2024-03-12T09:55:15.076+0000] {dag.py:3047} INFO - Sync 1 DAGs
[2024-03-12T09:55:15.108+0000] {logging_mixin.py:188} INFO - [2024-03-12T09:55:15.108+0000] {dag.py:3834} INFO - Setting next_dagrun for example_task_group to 2024-03-11 00:00:00+00:00, run_after=2024-03-12 00:00:00+00:00
[2024-03-12T09:55:15.154+0000] {processor.py:183} INFO - Processing /usr/local/lib/python3.10/dist-packages/airflow/example_dags/example_task_group.py took 0.137 seconds
[2024-03-12T09:55:58.383+0000] {processor.py:161} INFO - Started process (PID=16029) to work on /usr/local/lib/python3.10/dist-packages/airflow/example_dags/example_task_group.py
[2024-03-12T09:55:58.385+0000] {processor.py:830} INFO - Processing file /usr/local/lib/python3.10/dist-packages/airflow/example_dags/example_task_group.py for tasks to queue
[2024-03-12T09:55:58.387+0000] {logging_mixin.py:188} INFO - [2024-03-12T09:55:58.386+0000] {dagbag.py:540} INFO - Filling up the DagBag from /usr/local/lib/python3.10/dist-packages/airflow/example_dags/example_task_group.py
[2024-03-12T09:55:58.395+0000] {processor.py:840} INFO - DAG(s) 'example_task_group' retrieved from /usr/local/lib/python3.10/dist-packages/airflow/example_dags/example_task_group.py
[2024-03-12T09:55:58.418+0000] {logging_mixin.py:188} INFO - [2024-03-12T09:55:58.417+0000] {dag.py:3047} INFO - Sync 1 DAGs
[2024-03-12T09:55:58.446+0000] {logging_mixin.py:188} INFO - [2024-03-12T09:55:58.446+0000] {dag.py:3834} INFO - Setting next_dagrun for example_task_group to 2024-03-11 00:00:00+00:00, run_after=2024-03-12 00:00:00+00:00
[2024-03-12T09:55:58.475+0000] {processor.py:183} INFO - Processing /usr/local/lib/python3.10/dist-packages/airflow/example_dags/example_task_group.py took 0.096 seconds
[2024-03-12T09:56:43.058+0000] {processor.py:161} INFO - Started process (PID=16071) to work on /usr/local/lib/python3.10/dist-packages/airflow/example_dags/example_task_group.py
[2024-03-12T09:56:43.061+0000] {processor.py:830} INFO - Processing file /usr/local/lib/python3.10/dist-packages/airflow/example_dags/example_task_group.py for tasks to queue
[2024-03-12T09:56:43.062+0000] {logging_mixin.py:188} INFO - [2024-03-12T09:56:43.062+0000] {dagbag.py:540} INFO - Filling up the DagBag from /usr/local/lib/python3.10/dist-packages/airflow/example_dags/example_task_group.py
[2024-03-12T09:56:43.072+0000] {processor.py:840} INFO - DAG(s) 'example_task_group' retrieved from /usr/local/lib/python3.10/dist-packages/airflow/example_dags/example_task_group.py
[2024-03-12T09:56:43.100+0000] {logging_mixin.py:188} INFO - [2024-03-12T09:56:43.100+0000] {dag.py:3047} INFO - Sync 1 DAGs
[2024-03-12T09:56:43.133+0000] {logging_mixin.py:188} INFO - [2024-03-12T09:56:43.133+0000] {dag.py:3834} INFO - Setting next_dagrun for example_task_group to 2024-03-11 00:00:00+00:00, run_after=2024-03-12 00:00:00+00:00
[2024-03-12T09:56:43.156+0000] {processor.py:183} INFO - Processing /usr/local/lib/python3.10/dist-packages/airflow/example_dags/example_task_group.py took 0.103 seconds
[2024-03-12T09:57:27.566+0000] {processor.py:161} INFO - Started process (PID=16114) to work on /usr/local/lib/python3.10/dist-packages/airflow/example_dags/example_task_group.py
[2024-03-12T09:57:27.568+0000] {processor.py:830} INFO - Processing file /usr/local/lib/python3.10/dist-packages/airflow/example_dags/example_task_group.py for tasks to queue
[2024-03-12T09:57:27.570+0000] {logging_mixin.py:188} INFO - [2024-03-12T09:57:27.569+0000] {dagbag.py:540} INFO - Filling up the DagBag from /usr/local/lib/python3.10/dist-packages/airflow/example_dags/example_task_group.py
[2024-03-12T09:57:27.580+0000] {processor.py:840} INFO - DAG(s) 'example_task_group' retrieved from /usr/local/lib/python3.10/dist-packages/airflow/example_dags/example_task_group.py
[2024-03-12T09:57:27.603+0000] {logging_mixin.py:188} INFO - [2024-03-12T09:57:27.602+0000] {dag.py:3047} INFO - Sync 1 DAGs
[2024-03-12T09:57:27.628+0000] {logging_mixin.py:188} INFO - [2024-03-12T09:57:27.628+0000] {dag.py:3834} INFO - Setting next_dagrun for example_task_group to 2024-03-11 00:00:00+00:00, run_after=2024-03-12 00:00:00+00:00
[2024-03-12T09:57:27.657+0000] {processor.py:183} INFO - Processing /usr/local/lib/python3.10/dist-packages/airflow/example_dags/example_task_group.py took 0.094 seconds
[2024-03-12T09:58:11.654+0000] {processor.py:161} INFO - Started process (PID=16161) to work on /usr/local/lib/python3.10/dist-packages/airflow/example_dags/example_task_group.py
[2024-03-12T09:58:11.656+0000] {processor.py:830} INFO - Processing file /usr/local/lib/python3.10/dist-packages/airflow/example_dags/example_task_group.py for tasks to queue
[2024-03-12T09:58:11.658+0000] {logging_mixin.py:188} INFO - [2024-03-12T09:58:11.657+0000] {dagbag.py:540} INFO - Filling up the DagBag from /usr/local/lib/python3.10/dist-packages/airflow/example_dags/example_task_group.py
[2024-03-12T09:58:11.672+0000] {processor.py:840} INFO - DAG(s) 'example_task_group' retrieved from /usr/local/lib/python3.10/dist-packages/airflow/example_dags/example_task_group.py
[2024-03-12T09:58:11.700+0000] {logging_mixin.py:188} INFO - [2024-03-12T09:58:11.700+0000] {dag.py:3047} INFO - Sync 1 DAGs
[2024-03-12T09:58:11.728+0000] {logging_mixin.py:188} INFO - [2024-03-12T09:58:11.728+0000] {dag.py:3834} INFO - Setting next_dagrun for example_task_group to 2024-03-11 00:00:00+00:00, run_after=2024-03-12 00:00:00+00:00
[2024-03-12T09:58:11.767+0000] {processor.py:183} INFO - Processing /usr/local/lib/python3.10/dist-packages/airflow/example_dags/example_task_group.py took 0.120 seconds
[2024-03-12T09:58:52.265+0000] {processor.py:161} INFO - Started process (PID=16208) to work on /usr/local/lib/python3.10/dist-packages/airflow/example_dags/example_task_group.py
[2024-03-12T09:58:52.268+0000] {processor.py:830} INFO - Processing file /usr/local/lib/python3.10/dist-packages/airflow/example_dags/example_task_group.py for tasks to queue
[2024-03-12T09:58:52.269+0000] {logging_mixin.py:188} INFO - [2024-03-12T09:58:52.268+0000] {dagbag.py:540} INFO - Filling up the DagBag from /usr/local/lib/python3.10/dist-packages/airflow/example_dags/example_task_group.py
[2024-03-12T09:58:52.282+0000] {processor.py:840} INFO - DAG(s) 'example_task_group' retrieved from /usr/local/lib/python3.10/dist-packages/airflow/example_dags/example_task_group.py
[2024-03-12T09:58:52.305+0000] {logging_mixin.py:188} INFO - [2024-03-12T09:58:52.305+0000] {dag.py:3047} INFO - Sync 1 DAGs
[2024-03-12T09:58:52.331+0000] {logging_mixin.py:188} INFO - [2024-03-12T09:58:52.330+0000] {dag.py:3834} INFO - Setting next_dagrun for example_task_group to 2024-03-11 00:00:00+00:00, run_after=2024-03-12 00:00:00+00:00
[2024-03-12T09:58:52.359+0000] {processor.py:183} INFO - Processing /usr/local/lib/python3.10/dist-packages/airflow/example_dags/example_task_group.py took 0.101 seconds
