[2024-03-12T09:22:57.171+0000] {processor.py:161} INFO - Started process (PID=14019) to work on /usr/local/lib/python3.10/dist-packages/airflow/example_dags/example_short_circuit_decorator.py
[2024-03-12T09:22:57.172+0000] {processor.py:830} INFO - Processing file /usr/local/lib/python3.10/dist-packages/airflow/example_dags/example_short_circuit_decorator.py for tasks to queue
[2024-03-12T09:22:57.177+0000] {logging_mixin.py:188} INFO - [2024-03-12T09:22:57.175+0000] {dagbag.py:540} INFO - Filling up the DagBag from /usr/local/lib/python3.10/dist-packages/airflow/example_dags/example_short_circuit_decorator.py
[2024-03-12T09:22:57.211+0000] {processor.py:840} INFO - DAG(s) 'example_short_circuit_decorator' retrieved from /usr/local/lib/python3.10/dist-packages/airflow/example_dags/example_short_circuit_decorator.py
[2024-03-12T09:22:57.319+0000] {logging_mixin.py:188} INFO - [2024-03-12T09:22:57.319+0000] {dag.py:3047} INFO - Sync 1 DAGs
[2024-03-12T09:22:57.470+0000] {logging_mixin.py:188} INFO - [2024-03-12T09:22:57.470+0000] {dag.py:3834} INFO - Setting next_dagrun for example_short_circuit_decorator to 2024-03-11 00:00:00+00:00, run_after=2024-03-12 00:00:00+00:00
[2024-03-12T09:22:57.494+0000] {processor.py:183} INFO - Processing /usr/local/lib/python3.10/dist-packages/airflow/example_dags/example_short_circuit_decorator.py took 0.327 seconds
[2024-03-12T09:23:59.074+0000] {processor.py:161} INFO - Started process (PID=14074) to work on /usr/local/lib/python3.10/dist-packages/airflow/example_dags/example_short_circuit_decorator.py
[2024-03-12T09:23:59.075+0000] {processor.py:830} INFO - Processing file /usr/local/lib/python3.10/dist-packages/airflow/example_dags/example_short_circuit_decorator.py for tasks to queue
[2024-03-12T09:23:59.077+0000] {logging_mixin.py:188} INFO - [2024-03-12T09:23:59.076+0000] {dagbag.py:540} INFO - Filling up the DagBag from /usr/local/lib/python3.10/dist-packages/airflow/example_dags/example_short_circuit_decorator.py
[2024-03-12T09:23:59.103+0000] {processor.py:840} INFO - DAG(s) 'example_short_circuit_decorator' retrieved from /usr/local/lib/python3.10/dist-packages/airflow/example_dags/example_short_circuit_decorator.py
[2024-03-12T09:23:59.138+0000] {logging_mixin.py:188} INFO - [2024-03-12T09:23:59.137+0000] {dag.py:3047} INFO - Sync 1 DAGs
[2024-03-12T09:23:59.171+0000] {logging_mixin.py:188} INFO - [2024-03-12T09:23:59.171+0000] {dag.py:3834} INFO - Setting next_dagrun for example_short_circuit_decorator to 2024-03-11 00:00:00+00:00, run_after=2024-03-12 00:00:00+00:00
[2024-03-12T09:23:59.198+0000] {processor.py:183} INFO - Processing /usr/local/lib/python3.10/dist-packages/airflow/example_dags/example_short_circuit_decorator.py took 0.128 seconds
[2024-03-12T09:24:53.243+0000] {processor.py:161} INFO - Started process (PID=14123) to work on /usr/local/lib/python3.10/dist-packages/airflow/example_dags/example_short_circuit_decorator.py
[2024-03-12T09:24:53.244+0000] {processor.py:830} INFO - Processing file /usr/local/lib/python3.10/dist-packages/airflow/example_dags/example_short_circuit_decorator.py for tasks to queue
[2024-03-12T09:24:53.245+0000] {logging_mixin.py:188} INFO - [2024-03-12T09:24:53.244+0000] {dagbag.py:540} INFO - Filling up the DagBag from /usr/local/lib/python3.10/dist-packages/airflow/example_dags/example_short_circuit_decorator.py
[2024-03-12T09:24:53.257+0000] {processor.py:840} INFO - DAG(s) 'example_short_circuit_decorator' retrieved from /usr/local/lib/python3.10/dist-packages/airflow/example_dags/example_short_circuit_decorator.py
[2024-03-12T09:24:53.412+0000] {logging_mixin.py:188} INFO - [2024-03-12T09:24:53.411+0000] {dag.py:3047} INFO - Sync 1 DAGs
[2024-03-12T09:24:53.432+0000] {logging_mixin.py:188} INFO - [2024-03-12T09:24:53.432+0000] {dag.py:3834} INFO - Setting next_dagrun for example_short_circuit_decorator to 2024-03-11 00:00:00+00:00, run_after=2024-03-12 00:00:00+00:00
[2024-03-12T09:24:53.460+0000] {processor.py:183} INFO - Processing /usr/local/lib/python3.10/dist-packages/airflow/example_dags/example_short_circuit_decorator.py took 0.221 seconds
[2024-03-12T09:25:46.646+0000] {processor.py:161} INFO - Started process (PID=14172) to work on /usr/local/lib/python3.10/dist-packages/airflow/example_dags/example_short_circuit_decorator.py
[2024-03-12T09:25:46.648+0000] {processor.py:830} INFO - Processing file /usr/local/lib/python3.10/dist-packages/airflow/example_dags/example_short_circuit_decorator.py for tasks to queue
[2024-03-12T09:25:46.649+0000] {logging_mixin.py:188} INFO - [2024-03-12T09:25:46.649+0000] {dagbag.py:540} INFO - Filling up the DagBag from /usr/local/lib/python3.10/dist-packages/airflow/example_dags/example_short_circuit_decorator.py
[2024-03-12T09:25:46.691+0000] {processor.py:840} INFO - DAG(s) 'example_short_circuit_decorator' retrieved from /usr/local/lib/python3.10/dist-packages/airflow/example_dags/example_short_circuit_decorator.py
[2024-03-12T09:25:46.813+0000] {logging_mixin.py:188} INFO - [2024-03-12T09:25:46.812+0000] {dag.py:3047} INFO - Sync 1 DAGs
[2024-03-12T09:25:46.841+0000] {logging_mixin.py:188} INFO - [2024-03-12T09:25:46.840+0000] {dag.py:3834} INFO - Setting next_dagrun for example_short_circuit_decorator to 2024-03-11 00:00:00+00:00, run_after=2024-03-12 00:00:00+00:00
[2024-03-12T09:25:46.872+0000] {processor.py:183} INFO - Processing /usr/local/lib/python3.10/dist-packages/airflow/example_dags/example_short_circuit_decorator.py took 0.232 seconds
[2024-03-12T09:26:44.678+0000] {processor.py:161} INFO - Started process (PID=14231) to work on /usr/local/lib/python3.10/dist-packages/airflow/example_dags/example_short_circuit_decorator.py
[2024-03-12T09:26:44.681+0000] {processor.py:830} INFO - Processing file /usr/local/lib/python3.10/dist-packages/airflow/example_dags/example_short_circuit_decorator.py for tasks to queue
[2024-03-12T09:26:44.682+0000] {logging_mixin.py:188} INFO - [2024-03-12T09:26:44.681+0000] {dagbag.py:540} INFO - Filling up the DagBag from /usr/local/lib/python3.10/dist-packages/airflow/example_dags/example_short_circuit_decorator.py
[2024-03-12T09:26:44.697+0000] {processor.py:840} INFO - DAG(s) 'example_short_circuit_decorator' retrieved from /usr/local/lib/python3.10/dist-packages/airflow/example_dags/example_short_circuit_decorator.py
[2024-03-12T09:26:44.718+0000] {logging_mixin.py:188} INFO - [2024-03-12T09:26:44.718+0000] {dag.py:3047} INFO - Sync 1 DAGs
[2024-03-12T09:26:44.742+0000] {logging_mixin.py:188} INFO - [2024-03-12T09:26:44.742+0000] {dag.py:3834} INFO - Setting next_dagrun for example_short_circuit_decorator to 2024-03-11 00:00:00+00:00, run_after=2024-03-12 00:00:00+00:00
[2024-03-12T09:26:44.774+0000] {processor.py:183} INFO - Processing /usr/local/lib/python3.10/dist-packages/airflow/example_dags/example_short_circuit_decorator.py took 0.101 seconds
[2024-03-12T09:27:49.757+0000] {processor.py:161} INFO - Started process (PID=14295) to work on /usr/local/lib/python3.10/dist-packages/airflow/example_dags/example_short_circuit_decorator.py
[2024-03-12T09:27:49.759+0000] {processor.py:830} INFO - Processing file /usr/local/lib/python3.10/dist-packages/airflow/example_dags/example_short_circuit_decorator.py for tasks to queue
[2024-03-12T09:27:49.760+0000] {logging_mixin.py:188} INFO - [2024-03-12T09:27:49.759+0000] {dagbag.py:540} INFO - Filling up the DagBag from /usr/local/lib/python3.10/dist-packages/airflow/example_dags/example_short_circuit_decorator.py
[2024-03-12T09:27:49.773+0000] {processor.py:840} INFO - DAG(s) 'example_short_circuit_decorator' retrieved from /usr/local/lib/python3.10/dist-packages/airflow/example_dags/example_short_circuit_decorator.py
[2024-03-12T09:27:49.799+0000] {logging_mixin.py:188} INFO - [2024-03-12T09:27:49.799+0000] {dag.py:3047} INFO - Sync 1 DAGs
[2024-03-12T09:27:49.823+0000] {logging_mixin.py:188} INFO - [2024-03-12T09:27:49.823+0000] {dag.py:3834} INFO - Setting next_dagrun for example_short_circuit_decorator to 2024-03-11 00:00:00+00:00, run_after=2024-03-12 00:00:00+00:00
[2024-03-12T09:27:49.858+0000] {processor.py:183} INFO - Processing /usr/local/lib/python3.10/dist-packages/airflow/example_dags/example_short_circuit_decorator.py took 0.105 seconds
[2024-03-12T09:28:48.515+0000] {processor.py:161} INFO - Started process (PID=14354) to work on /usr/local/lib/python3.10/dist-packages/airflow/example_dags/example_short_circuit_decorator.py
[2024-03-12T09:28:48.518+0000] {processor.py:830} INFO - Processing file /usr/local/lib/python3.10/dist-packages/airflow/example_dags/example_short_circuit_decorator.py for tasks to queue
[2024-03-12T09:28:48.522+0000] {logging_mixin.py:188} INFO - [2024-03-12T09:28:48.521+0000] {dagbag.py:540} INFO - Filling up the DagBag from /usr/local/lib/python3.10/dist-packages/airflow/example_dags/example_short_circuit_decorator.py
[2024-03-12T09:28:48.544+0000] {processor.py:840} INFO - DAG(s) 'example_short_circuit_decorator' retrieved from /usr/local/lib/python3.10/dist-packages/airflow/example_dags/example_short_circuit_decorator.py
[2024-03-12T09:28:48.574+0000] {logging_mixin.py:188} INFO - [2024-03-12T09:28:48.574+0000] {dag.py:3047} INFO - Sync 1 DAGs
[2024-03-12T09:28:48.599+0000] {logging_mixin.py:188} INFO - [2024-03-12T09:28:48.595+0000] {dag.py:3834} INFO - Setting next_dagrun for example_short_circuit_decorator to 2024-03-11 00:00:00+00:00, run_after=2024-03-12 00:00:00+00:00
[2024-03-12T09:28:48.628+0000] {processor.py:183} INFO - Processing /usr/local/lib/python3.10/dist-packages/airflow/example_dags/example_short_circuit_decorator.py took 0.120 seconds
[2024-03-12T09:29:49.313+0000] {processor.py:161} INFO - Started process (PID=14414) to work on /usr/local/lib/python3.10/dist-packages/airflow/example_dags/example_short_circuit_decorator.py
[2024-03-12T09:29:49.316+0000] {processor.py:830} INFO - Processing file /usr/local/lib/python3.10/dist-packages/airflow/example_dags/example_short_circuit_decorator.py for tasks to queue
[2024-03-12T09:29:49.318+0000] {logging_mixin.py:188} INFO - [2024-03-12T09:29:49.317+0000] {dagbag.py:540} INFO - Filling up the DagBag from /usr/local/lib/python3.10/dist-packages/airflow/example_dags/example_short_circuit_decorator.py
[2024-03-12T09:29:49.330+0000] {processor.py:840} INFO - DAG(s) 'example_short_circuit_decorator' retrieved from /usr/local/lib/python3.10/dist-packages/airflow/example_dags/example_short_circuit_decorator.py
[2024-03-12T09:29:49.352+0000] {logging_mixin.py:188} INFO - [2024-03-12T09:29:49.352+0000] {dag.py:3047} INFO - Sync 1 DAGs
[2024-03-12T09:29:49.375+0000] {logging_mixin.py:188} INFO - [2024-03-12T09:29:49.375+0000] {dag.py:3834} INFO - Setting next_dagrun for example_short_circuit_decorator to 2024-03-11 00:00:00+00:00, run_after=2024-03-12 00:00:00+00:00
[2024-03-12T09:29:49.403+0000] {processor.py:183} INFO - Processing /usr/local/lib/python3.10/dist-packages/airflow/example_dags/example_short_circuit_decorator.py took 0.094 seconds
[2024-03-12T09:30:50.671+0000] {processor.py:161} INFO - Started process (PID=14474) to work on /usr/local/lib/python3.10/dist-packages/airflow/example_dags/example_short_circuit_decorator.py
[2024-03-12T09:30:50.673+0000] {processor.py:830} INFO - Processing file /usr/local/lib/python3.10/dist-packages/airflow/example_dags/example_short_circuit_decorator.py for tasks to queue
[2024-03-12T09:30:50.674+0000] {logging_mixin.py:188} INFO - [2024-03-12T09:30:50.674+0000] {dagbag.py:540} INFO - Filling up the DagBag from /usr/local/lib/python3.10/dist-packages/airflow/example_dags/example_short_circuit_decorator.py
[2024-03-12T09:30:50.692+0000] {processor.py:840} INFO - DAG(s) 'example_short_circuit_decorator' retrieved from /usr/local/lib/python3.10/dist-packages/airflow/example_dags/example_short_circuit_decorator.py
[2024-03-12T09:30:50.717+0000] {logging_mixin.py:188} INFO - [2024-03-12T09:30:50.717+0000] {dag.py:3047} INFO - Sync 1 DAGs
[2024-03-12T09:30:50.741+0000] {logging_mixin.py:188} INFO - [2024-03-12T09:30:50.741+0000] {dag.py:3834} INFO - Setting next_dagrun for example_short_circuit_decorator to 2024-03-11 00:00:00+00:00, run_after=2024-03-12 00:00:00+00:00
[2024-03-12T09:30:50.771+0000] {processor.py:183} INFO - Processing /usr/local/lib/python3.10/dist-packages/airflow/example_dags/example_short_circuit_decorator.py took 0.104 seconds
[2024-03-12T09:31:54.636+0000] {processor.py:161} INFO - Started process (PID=14535) to work on /usr/local/lib/python3.10/dist-packages/airflow/example_dags/example_short_circuit_decorator.py
[2024-03-12T09:31:54.638+0000] {processor.py:830} INFO - Processing file /usr/local/lib/python3.10/dist-packages/airflow/example_dags/example_short_circuit_decorator.py for tasks to queue
[2024-03-12T09:31:54.639+0000] {logging_mixin.py:188} INFO - [2024-03-12T09:31:54.638+0000] {dagbag.py:540} INFO - Filling up the DagBag from /usr/local/lib/python3.10/dist-packages/airflow/example_dags/example_short_circuit_decorator.py
[2024-03-12T09:31:54.650+0000] {processor.py:840} INFO - DAG(s) 'example_short_circuit_decorator' retrieved from /usr/local/lib/python3.10/dist-packages/airflow/example_dags/example_short_circuit_decorator.py
[2024-03-12T09:31:54.671+0000] {logging_mixin.py:188} INFO - [2024-03-12T09:31:54.671+0000] {dag.py:3047} INFO - Sync 1 DAGs
[2024-03-12T09:31:54.693+0000] {logging_mixin.py:188} INFO - [2024-03-12T09:31:54.693+0000] {dag.py:3834} INFO - Setting next_dagrun for example_short_circuit_decorator to 2024-03-11 00:00:00+00:00, run_after=2024-03-12 00:00:00+00:00
[2024-03-12T09:31:54.724+0000] {processor.py:183} INFO - Processing /usr/local/lib/python3.10/dist-packages/airflow/example_dags/example_short_circuit_decorator.py took 0.092 seconds
[2024-03-12T09:32:59.509+0000] {processor.py:161} INFO - Started process (PID=14598) to work on /usr/local/lib/python3.10/dist-packages/airflow/example_dags/example_short_circuit_decorator.py
[2024-03-12T09:32:59.511+0000] {processor.py:830} INFO - Processing file /usr/local/lib/python3.10/dist-packages/airflow/example_dags/example_short_circuit_decorator.py for tasks to queue
[2024-03-12T09:32:59.513+0000] {logging_mixin.py:188} INFO - [2024-03-12T09:32:59.511+0000] {dagbag.py:540} INFO - Filling up the DagBag from /usr/local/lib/python3.10/dist-packages/airflow/example_dags/example_short_circuit_decorator.py
[2024-03-12T09:32:59.527+0000] {processor.py:840} INFO - DAG(s) 'example_short_circuit_decorator' retrieved from /usr/local/lib/python3.10/dist-packages/airflow/example_dags/example_short_circuit_decorator.py
[2024-03-12T09:32:59.553+0000] {logging_mixin.py:188} INFO - [2024-03-12T09:32:59.552+0000] {dag.py:3047} INFO - Sync 1 DAGs
[2024-03-12T09:32:59.584+0000] {logging_mixin.py:188} INFO - [2024-03-12T09:32:59.584+0000] {dag.py:3834} INFO - Setting next_dagrun for example_short_circuit_decorator to 2024-03-11 00:00:00+00:00, run_after=2024-03-12 00:00:00+00:00
[2024-03-12T09:32:59.615+0000] {processor.py:183} INFO - Processing /usr/local/lib/python3.10/dist-packages/airflow/example_dags/example_short_circuit_decorator.py took 0.111 seconds
[2024-03-12T09:34:05.740+0000] {processor.py:161} INFO - Started process (PID=14662) to work on /usr/local/lib/python3.10/dist-packages/airflow/example_dags/example_short_circuit_decorator.py
[2024-03-12T09:34:05.742+0000] {processor.py:830} INFO - Processing file /usr/local/lib/python3.10/dist-packages/airflow/example_dags/example_short_circuit_decorator.py for tasks to queue
[2024-03-12T09:34:05.743+0000] {logging_mixin.py:188} INFO - [2024-03-12T09:34:05.742+0000] {dagbag.py:540} INFO - Filling up the DagBag from /usr/local/lib/python3.10/dist-packages/airflow/example_dags/example_short_circuit_decorator.py
[2024-03-12T09:34:05.771+0000] {processor.py:840} INFO - DAG(s) 'example_short_circuit_decorator' retrieved from /usr/local/lib/python3.10/dist-packages/airflow/example_dags/example_short_circuit_decorator.py
[2024-03-12T09:34:05.800+0000] {logging_mixin.py:188} INFO - [2024-03-12T09:34:05.799+0000] {dag.py:3047} INFO - Sync 1 DAGs
[2024-03-12T09:34:05.826+0000] {logging_mixin.py:188} INFO - [2024-03-12T09:34:05.826+0000] {dag.py:3834} INFO - Setting next_dagrun for example_short_circuit_decorator to 2024-03-11 00:00:00+00:00, run_after=2024-03-12 00:00:00+00:00
[2024-03-12T09:34:05.860+0000] {processor.py:183} INFO - Processing /usr/local/lib/python3.10/dist-packages/airflow/example_dags/example_short_circuit_decorator.py took 0.124 seconds
[2024-03-12T09:35:10.779+0000] {processor.py:161} INFO - Started process (PID=14723) to work on /usr/local/lib/python3.10/dist-packages/airflow/example_dags/example_short_circuit_decorator.py
[2024-03-12T09:35:10.781+0000] {processor.py:830} INFO - Processing file /usr/local/lib/python3.10/dist-packages/airflow/example_dags/example_short_circuit_decorator.py for tasks to queue
[2024-03-12T09:35:10.782+0000] {logging_mixin.py:188} INFO - [2024-03-12T09:35:10.782+0000] {dagbag.py:540} INFO - Filling up the DagBag from /usr/local/lib/python3.10/dist-packages/airflow/example_dags/example_short_circuit_decorator.py
[2024-03-12T09:35:10.793+0000] {processor.py:840} INFO - DAG(s) 'example_short_circuit_decorator' retrieved from /usr/local/lib/python3.10/dist-packages/airflow/example_dags/example_short_circuit_decorator.py
[2024-03-12T09:35:10.821+0000] {logging_mixin.py:188} INFO - [2024-03-12T09:35:10.821+0000] {dag.py:3047} INFO - Sync 1 DAGs
[2024-03-12T09:35:10.849+0000] {logging_mixin.py:188} INFO - [2024-03-12T09:35:10.849+0000] {dag.py:3834} INFO - Setting next_dagrun for example_short_circuit_decorator to 2024-03-11 00:00:00+00:00, run_after=2024-03-12 00:00:00+00:00
[2024-03-12T09:35:10.880+0000] {processor.py:183} INFO - Processing /usr/local/lib/python3.10/dist-packages/airflow/example_dags/example_short_circuit_decorator.py took 0.105 seconds
[2024-03-12T09:36:14.581+0000] {processor.py:161} INFO - Started process (PID=14786) to work on /usr/local/lib/python3.10/dist-packages/airflow/example_dags/example_short_circuit_decorator.py
[2024-03-12T09:36:14.583+0000] {processor.py:830} INFO - Processing file /usr/local/lib/python3.10/dist-packages/airflow/example_dags/example_short_circuit_decorator.py for tasks to queue
[2024-03-12T09:36:14.586+0000] {logging_mixin.py:188} INFO - [2024-03-12T09:36:14.585+0000] {dagbag.py:540} INFO - Filling up the DagBag from /usr/local/lib/python3.10/dist-packages/airflow/example_dags/example_short_circuit_decorator.py
[2024-03-12T09:36:14.609+0000] {processor.py:840} INFO - DAG(s) 'example_short_circuit_decorator' retrieved from /usr/local/lib/python3.10/dist-packages/airflow/example_dags/example_short_circuit_decorator.py
[2024-03-12T09:36:14.635+0000] {logging_mixin.py:188} INFO - [2024-03-12T09:36:14.634+0000] {dag.py:3047} INFO - Sync 1 DAGs
[2024-03-12T09:36:14.659+0000] {logging_mixin.py:188} INFO - [2024-03-12T09:36:14.659+0000] {dag.py:3834} INFO - Setting next_dagrun for example_short_circuit_decorator to 2024-03-11 00:00:00+00:00, run_after=2024-03-12 00:00:00+00:00
[2024-03-12T09:36:14.687+0000] {processor.py:183} INFO - Processing /usr/local/lib/python3.10/dist-packages/airflow/example_dags/example_short_circuit_decorator.py took 0.115 seconds
[2024-03-12T09:37:17.394+0000] {processor.py:161} INFO - Started process (PID=14847) to work on /usr/local/lib/python3.10/dist-packages/airflow/example_dags/example_short_circuit_decorator.py
[2024-03-12T09:37:17.395+0000] {processor.py:830} INFO - Processing file /usr/local/lib/python3.10/dist-packages/airflow/example_dags/example_short_circuit_decorator.py for tasks to queue
[2024-03-12T09:37:17.397+0000] {logging_mixin.py:188} INFO - [2024-03-12T09:37:17.396+0000] {dagbag.py:540} INFO - Filling up the DagBag from /usr/local/lib/python3.10/dist-packages/airflow/example_dags/example_short_circuit_decorator.py
[2024-03-12T09:37:17.410+0000] {processor.py:840} INFO - DAG(s) 'example_short_circuit_decorator' retrieved from /usr/local/lib/python3.10/dist-packages/airflow/example_dags/example_short_circuit_decorator.py
[2024-03-12T09:37:17.434+0000] {logging_mixin.py:188} INFO - [2024-03-12T09:37:17.434+0000] {dag.py:3047} INFO - Sync 1 DAGs
[2024-03-12T09:37:17.459+0000] {logging_mixin.py:188} INFO - [2024-03-12T09:37:17.459+0000] {dag.py:3834} INFO - Setting next_dagrun for example_short_circuit_decorator to 2024-03-11 00:00:00+00:00, run_after=2024-03-12 00:00:00+00:00
[2024-03-12T09:37:17.488+0000] {processor.py:183} INFO - Processing /usr/local/lib/python3.10/dist-packages/airflow/example_dags/example_short_circuit_decorator.py took 0.105 seconds
[2024-03-12T09:38:20.178+0000] {processor.py:161} INFO - Started process (PID=14908) to work on /usr/local/lib/python3.10/dist-packages/airflow/example_dags/example_short_circuit_decorator.py
[2024-03-12T09:38:20.180+0000] {processor.py:830} INFO - Processing file /usr/local/lib/python3.10/dist-packages/airflow/example_dags/example_short_circuit_decorator.py for tasks to queue
[2024-03-12T09:38:20.182+0000] {logging_mixin.py:188} INFO - [2024-03-12T09:38:20.181+0000] {dagbag.py:540} INFO - Filling up the DagBag from /usr/local/lib/python3.10/dist-packages/airflow/example_dags/example_short_circuit_decorator.py
[2024-03-12T09:38:20.194+0000] {processor.py:840} INFO - DAG(s) 'example_short_circuit_decorator' retrieved from /usr/local/lib/python3.10/dist-packages/airflow/example_dags/example_short_circuit_decorator.py
[2024-03-12T09:38:20.223+0000] {logging_mixin.py:188} INFO - [2024-03-12T09:38:20.223+0000] {dag.py:3047} INFO - Sync 1 DAGs
[2024-03-12T09:38:20.258+0000] {logging_mixin.py:188} INFO - [2024-03-12T09:38:20.258+0000] {dag.py:3834} INFO - Setting next_dagrun for example_short_circuit_decorator to 2024-03-11 00:00:00+00:00, run_after=2024-03-12 00:00:00+00:00
[2024-03-12T09:38:20.291+0000] {processor.py:183} INFO - Processing /usr/local/lib/python3.10/dist-packages/airflow/example_dags/example_short_circuit_decorator.py took 0.118 seconds
[2024-03-12T09:39:23.394+0000] {processor.py:161} INFO - Started process (PID=14969) to work on /usr/local/lib/python3.10/dist-packages/airflow/example_dags/example_short_circuit_decorator.py
[2024-03-12T09:39:23.396+0000] {processor.py:830} INFO - Processing file /usr/local/lib/python3.10/dist-packages/airflow/example_dags/example_short_circuit_decorator.py for tasks to queue
[2024-03-12T09:39:23.397+0000] {logging_mixin.py:188} INFO - [2024-03-12T09:39:23.397+0000] {dagbag.py:540} INFO - Filling up the DagBag from /usr/local/lib/python3.10/dist-packages/airflow/example_dags/example_short_circuit_decorator.py
[2024-03-12T09:39:23.411+0000] {processor.py:840} INFO - DAG(s) 'example_short_circuit_decorator' retrieved from /usr/local/lib/python3.10/dist-packages/airflow/example_dags/example_short_circuit_decorator.py
[2024-03-12T09:39:23.435+0000] {logging_mixin.py:188} INFO - [2024-03-12T09:39:23.434+0000] {dag.py:3047} INFO - Sync 1 DAGs
[2024-03-12T09:39:23.475+0000] {logging_mixin.py:188} INFO - [2024-03-12T09:39:23.475+0000] {dag.py:3834} INFO - Setting next_dagrun for example_short_circuit_decorator to 2024-03-11 00:00:00+00:00, run_after=2024-03-12 00:00:00+00:00
[2024-03-12T09:39:23.511+0000] {processor.py:183} INFO - Processing /usr/local/lib/python3.10/dist-packages/airflow/example_dags/example_short_circuit_decorator.py took 0.121 seconds
[2024-03-12T09:40:28.862+0000] {processor.py:161} INFO - Started process (PID=15031) to work on /usr/local/lib/python3.10/dist-packages/airflow/example_dags/example_short_circuit_decorator.py
[2024-03-12T09:40:28.863+0000] {processor.py:830} INFO - Processing file /usr/local/lib/python3.10/dist-packages/airflow/example_dags/example_short_circuit_decorator.py for tasks to queue
[2024-03-12T09:40:28.864+0000] {logging_mixin.py:188} INFO - [2024-03-12T09:40:28.864+0000] {dagbag.py:540} INFO - Filling up the DagBag from /usr/local/lib/python3.10/dist-packages/airflow/example_dags/example_short_circuit_decorator.py
[2024-03-12T09:40:28.875+0000] {processor.py:840} INFO - DAG(s) 'example_short_circuit_decorator' retrieved from /usr/local/lib/python3.10/dist-packages/airflow/example_dags/example_short_circuit_decorator.py
[2024-03-12T09:40:28.896+0000] {logging_mixin.py:188} INFO - [2024-03-12T09:40:28.895+0000] {dag.py:3047} INFO - Sync 1 DAGs
[2024-03-12T09:40:28.921+0000] {logging_mixin.py:188} INFO - [2024-03-12T09:40:28.921+0000] {dag.py:3834} INFO - Setting next_dagrun for example_short_circuit_decorator to 2024-03-11 00:00:00+00:00, run_after=2024-03-12 00:00:00+00:00
[2024-03-12T09:40:28.948+0000] {processor.py:183} INFO - Processing /usr/local/lib/python3.10/dist-packages/airflow/example_dags/example_short_circuit_decorator.py took 0.090 seconds
[2024-03-12T09:41:30.543+0000] {processor.py:161} INFO - Started process (PID=15093) to work on /usr/local/lib/python3.10/dist-packages/airflow/example_dags/example_short_circuit_decorator.py
[2024-03-12T09:41:30.546+0000] {processor.py:830} INFO - Processing file /usr/local/lib/python3.10/dist-packages/airflow/example_dags/example_short_circuit_decorator.py for tasks to queue
[2024-03-12T09:41:30.547+0000] {logging_mixin.py:188} INFO - [2024-03-12T09:41:30.547+0000] {dagbag.py:540} INFO - Filling up the DagBag from /usr/local/lib/python3.10/dist-packages/airflow/example_dags/example_short_circuit_decorator.py
[2024-03-12T09:41:30.574+0000] {processor.py:840} INFO - DAG(s) 'example_short_circuit_decorator' retrieved from /usr/local/lib/python3.10/dist-packages/airflow/example_dags/example_short_circuit_decorator.py
[2024-03-12T09:41:30.598+0000] {logging_mixin.py:188} INFO - [2024-03-12T09:41:30.598+0000] {dag.py:3047} INFO - Sync 1 DAGs
[2024-03-12T09:41:30.623+0000] {logging_mixin.py:188} INFO - [2024-03-12T09:41:30.622+0000] {dag.py:3834} INFO - Setting next_dagrun for example_short_circuit_decorator to 2024-03-11 00:00:00+00:00, run_after=2024-03-12 00:00:00+00:00
[2024-03-12T09:41:30.688+0000] {processor.py:183} INFO - Processing /usr/local/lib/python3.10/dist-packages/airflow/example_dags/example_short_circuit_decorator.py took 0.155 seconds
[2024-03-12T09:42:33.408+0000] {processor.py:161} INFO - Started process (PID=15156) to work on /usr/local/lib/python3.10/dist-packages/airflow/example_dags/example_short_circuit_decorator.py
[2024-03-12T09:42:33.410+0000] {processor.py:830} INFO - Processing file /usr/local/lib/python3.10/dist-packages/airflow/example_dags/example_short_circuit_decorator.py for tasks to queue
[2024-03-12T09:42:33.411+0000] {logging_mixin.py:188} INFO - [2024-03-12T09:42:33.411+0000] {dagbag.py:540} INFO - Filling up the DagBag from /usr/local/lib/python3.10/dist-packages/airflow/example_dags/example_short_circuit_decorator.py
[2024-03-12T09:42:33.426+0000] {processor.py:840} INFO - DAG(s) 'example_short_circuit_decorator' retrieved from /usr/local/lib/python3.10/dist-packages/airflow/example_dags/example_short_circuit_decorator.py
[2024-03-12T09:42:33.450+0000] {logging_mixin.py:188} INFO - [2024-03-12T09:42:33.450+0000] {dag.py:3047} INFO - Sync 1 DAGs
[2024-03-12T09:42:33.486+0000] {logging_mixin.py:188} INFO - [2024-03-12T09:42:33.486+0000] {dag.py:3834} INFO - Setting next_dagrun for example_short_circuit_decorator to 2024-03-11 00:00:00+00:00, run_after=2024-03-12 00:00:00+00:00
[2024-03-12T09:42:33.515+0000] {processor.py:183} INFO - Processing /usr/local/lib/python3.10/dist-packages/airflow/example_dags/example_short_circuit_decorator.py took 0.111 seconds
[2024-03-12T09:43:32.639+0000] {processor.py:161} INFO - Started process (PID=15287) to work on /usr/local/lib/python3.10/dist-packages/airflow/example_dags/example_short_circuit_decorator.py
[2024-03-12T09:43:32.641+0000] {processor.py:830} INFO - Processing file /usr/local/lib/python3.10/dist-packages/airflow/example_dags/example_short_circuit_decorator.py for tasks to queue
[2024-03-12T09:43:32.643+0000] {logging_mixin.py:188} INFO - [2024-03-12T09:43:32.642+0000] {dagbag.py:540} INFO - Filling up the DagBag from /usr/local/lib/python3.10/dist-packages/airflow/example_dags/example_short_circuit_decorator.py
[2024-03-12T09:43:32.656+0000] {processor.py:840} INFO - DAG(s) 'example_short_circuit_decorator' retrieved from /usr/local/lib/python3.10/dist-packages/airflow/example_dags/example_short_circuit_decorator.py
[2024-03-12T09:43:32.686+0000] {logging_mixin.py:188} INFO - [2024-03-12T09:43:32.685+0000] {dag.py:3047} INFO - Sync 1 DAGs
[2024-03-12T09:43:32.719+0000] {logging_mixin.py:188} INFO - [2024-03-12T09:43:32.719+0000] {dag.py:3834} INFO - Setting next_dagrun for example_short_circuit_decorator to 2024-03-11 00:00:00+00:00, run_after=2024-03-12 00:00:00+00:00
[2024-03-12T09:43:32.753+0000] {processor.py:183} INFO - Processing /usr/local/lib/python3.10/dist-packages/airflow/example_dags/example_short_circuit_decorator.py took 0.120 seconds
[2024-03-12T09:44:39.757+0000] {processor.py:161} INFO - Started process (PID=15365) to work on /usr/local/lib/python3.10/dist-packages/airflow/example_dags/example_short_circuit_decorator.py
[2024-03-12T09:44:39.759+0000] {processor.py:830} INFO - Processing file /usr/local/lib/python3.10/dist-packages/airflow/example_dags/example_short_circuit_decorator.py for tasks to queue
[2024-03-12T09:44:39.760+0000] {logging_mixin.py:188} INFO - [2024-03-12T09:44:39.759+0000] {dagbag.py:540} INFO - Filling up the DagBag from /usr/local/lib/python3.10/dist-packages/airflow/example_dags/example_short_circuit_decorator.py
[2024-03-12T09:44:39.772+0000] {processor.py:840} INFO - DAG(s) 'example_short_circuit_decorator' retrieved from /usr/local/lib/python3.10/dist-packages/airflow/example_dags/example_short_circuit_decorator.py
[2024-03-12T09:44:39.794+0000] {logging_mixin.py:188} INFO - [2024-03-12T09:44:39.794+0000] {dag.py:3047} INFO - Sync 1 DAGs
[2024-03-12T09:44:39.816+0000] {logging_mixin.py:188} INFO - [2024-03-12T09:44:39.815+0000] {dag.py:3834} INFO - Setting next_dagrun for example_short_circuit_decorator to 2024-03-11 00:00:00+00:00, run_after=2024-03-12 00:00:00+00:00
[2024-03-12T09:44:39.850+0000] {processor.py:183} INFO - Processing /usr/local/lib/python3.10/dist-packages/airflow/example_dags/example_short_circuit_decorator.py took 0.097 seconds
[2024-03-12T09:45:44.801+0000] {processor.py:161} INFO - Started process (PID=15427) to work on /usr/local/lib/python3.10/dist-packages/airflow/example_dags/example_short_circuit_decorator.py
[2024-03-12T09:45:44.804+0000] {processor.py:830} INFO - Processing file /usr/local/lib/python3.10/dist-packages/airflow/example_dags/example_short_circuit_decorator.py for tasks to queue
[2024-03-12T09:45:44.806+0000] {logging_mixin.py:188} INFO - [2024-03-12T09:45:44.805+0000] {dagbag.py:540} INFO - Filling up the DagBag from /usr/local/lib/python3.10/dist-packages/airflow/example_dags/example_short_circuit_decorator.py
[2024-03-12T09:45:44.823+0000] {processor.py:840} INFO - DAG(s) 'example_short_circuit_decorator' retrieved from /usr/local/lib/python3.10/dist-packages/airflow/example_dags/example_short_circuit_decorator.py
[2024-03-12T09:45:44.867+0000] {logging_mixin.py:188} INFO - [2024-03-12T09:45:44.866+0000] {dag.py:3047} INFO - Sync 1 DAGs
[2024-03-12T09:45:44.920+0000] {logging_mixin.py:188} INFO - [2024-03-12T09:45:44.920+0000] {dag.py:3834} INFO - Setting next_dagrun for example_short_circuit_decorator to 2024-03-11 00:00:00+00:00, run_after=2024-03-12 00:00:00+00:00
[2024-03-12T09:45:44.962+0000] {processor.py:183} INFO - Processing /usr/local/lib/python3.10/dist-packages/airflow/example_dags/example_short_circuit_decorator.py took 0.170 seconds
[2024-03-12T09:46:45.052+0000] {processor.py:161} INFO - Started process (PID=15488) to work on /usr/local/lib/python3.10/dist-packages/airflow/example_dags/example_short_circuit_decorator.py
[2024-03-12T09:46:45.058+0000] {processor.py:830} INFO - Processing file /usr/local/lib/python3.10/dist-packages/airflow/example_dags/example_short_circuit_decorator.py for tasks to queue
[2024-03-12T09:46:45.060+0000] {logging_mixin.py:188} INFO - [2024-03-12T09:46:45.059+0000] {dagbag.py:540} INFO - Filling up the DagBag from /usr/local/lib/python3.10/dist-packages/airflow/example_dags/example_short_circuit_decorator.py
[2024-03-12T09:46:45.078+0000] {processor.py:840} INFO - DAG(s) 'example_short_circuit_decorator' retrieved from /usr/local/lib/python3.10/dist-packages/airflow/example_dags/example_short_circuit_decorator.py
[2024-03-12T09:46:45.102+0000] {logging_mixin.py:188} INFO - [2024-03-12T09:46:45.102+0000] {dag.py:3047} INFO - Sync 1 DAGs
[2024-03-12T09:46:45.126+0000] {logging_mixin.py:188} INFO - [2024-03-12T09:46:45.126+0000] {dag.py:3834} INFO - Setting next_dagrun for example_short_circuit_decorator to 2024-03-11 00:00:00+00:00, run_after=2024-03-12 00:00:00+00:00
[2024-03-12T09:46:45.156+0000] {processor.py:183} INFO - Processing /usr/local/lib/python3.10/dist-packages/airflow/example_dags/example_short_circuit_decorator.py took 0.112 seconds
[2024-03-12T09:47:46.188+0000] {processor.py:161} INFO - Started process (PID=15547) to work on /usr/local/lib/python3.10/dist-packages/airflow/example_dags/example_short_circuit_decorator.py
[2024-03-12T09:47:46.190+0000] {processor.py:830} INFO - Processing file /usr/local/lib/python3.10/dist-packages/airflow/example_dags/example_short_circuit_decorator.py for tasks to queue
[2024-03-12T09:47:46.191+0000] {logging_mixin.py:188} INFO - [2024-03-12T09:47:46.191+0000] {dagbag.py:540} INFO - Filling up the DagBag from /usr/local/lib/python3.10/dist-packages/airflow/example_dags/example_short_circuit_decorator.py
[2024-03-12T09:47:46.207+0000] {processor.py:840} INFO - DAG(s) 'example_short_circuit_decorator' retrieved from /usr/local/lib/python3.10/dist-packages/airflow/example_dags/example_short_circuit_decorator.py
[2024-03-12T09:47:46.233+0000] {logging_mixin.py:188} INFO - [2024-03-12T09:47:46.233+0000] {dag.py:3047} INFO - Sync 1 DAGs
[2024-03-12T09:47:46.260+0000] {logging_mixin.py:188} INFO - [2024-03-12T09:47:46.259+0000] {dag.py:3834} INFO - Setting next_dagrun for example_short_circuit_decorator to 2024-03-11 00:00:00+00:00, run_after=2024-03-12 00:00:00+00:00
[2024-03-12T09:47:46.294+0000] {processor.py:183} INFO - Processing /usr/local/lib/python3.10/dist-packages/airflow/example_dags/example_short_circuit_decorator.py took 0.110 seconds
[2024-03-12T09:48:47.488+0000] {processor.py:161} INFO - Started process (PID=15612) to work on /usr/local/lib/python3.10/dist-packages/airflow/example_dags/example_short_circuit_decorator.py
[2024-03-12T09:48:47.490+0000] {processor.py:830} INFO - Processing file /usr/local/lib/python3.10/dist-packages/airflow/example_dags/example_short_circuit_decorator.py for tasks to queue
[2024-03-12T09:48:47.494+0000] {logging_mixin.py:188} INFO - [2024-03-12T09:48:47.493+0000] {dagbag.py:540} INFO - Filling up the DagBag from /usr/local/lib/python3.10/dist-packages/airflow/example_dags/example_short_circuit_decorator.py
[2024-03-12T09:48:47.510+0000] {processor.py:840} INFO - DAG(s) 'example_short_circuit_decorator' retrieved from /usr/local/lib/python3.10/dist-packages/airflow/example_dags/example_short_circuit_decorator.py
[2024-03-12T09:48:47.531+0000] {logging_mixin.py:188} INFO - [2024-03-12T09:48:47.531+0000] {dag.py:3047} INFO - Sync 1 DAGs
[2024-03-12T09:48:47.557+0000] {logging_mixin.py:188} INFO - [2024-03-12T09:48:47.557+0000] {dag.py:3834} INFO - Setting next_dagrun for example_short_circuit_decorator to 2024-03-11 00:00:00+00:00, run_after=2024-03-12 00:00:00+00:00
[2024-03-12T09:48:47.584+0000] {processor.py:183} INFO - Processing /usr/local/lib/python3.10/dist-packages/airflow/example_dags/example_short_circuit_decorator.py took 0.100 seconds
[2024-03-12T09:49:51.026+0000] {processor.py:161} INFO - Started process (PID=15673) to work on /usr/local/lib/python3.10/dist-packages/airflow/example_dags/example_short_circuit_decorator.py
[2024-03-12T09:49:51.028+0000] {processor.py:830} INFO - Processing file /usr/local/lib/python3.10/dist-packages/airflow/example_dags/example_short_circuit_decorator.py for tasks to queue
[2024-03-12T09:49:51.029+0000] {logging_mixin.py:188} INFO - [2024-03-12T09:49:51.029+0000] {dagbag.py:540} INFO - Filling up the DagBag from /usr/local/lib/python3.10/dist-packages/airflow/example_dags/example_short_circuit_decorator.py
[2024-03-12T09:49:51.052+0000] {processor.py:840} INFO - DAG(s) 'example_short_circuit_decorator' retrieved from /usr/local/lib/python3.10/dist-packages/airflow/example_dags/example_short_circuit_decorator.py
[2024-03-12T09:49:51.091+0000] {logging_mixin.py:188} INFO - [2024-03-12T09:49:51.091+0000] {dag.py:3047} INFO - Sync 1 DAGs
[2024-03-12T09:49:51.122+0000] {logging_mixin.py:188} INFO - [2024-03-12T09:49:51.122+0000] {dag.py:3834} INFO - Setting next_dagrun for example_short_circuit_decorator to 2024-03-11 00:00:00+00:00, run_after=2024-03-12 00:00:00+00:00
[2024-03-12T09:49:51.151+0000] {processor.py:183} INFO - Processing /usr/local/lib/python3.10/dist-packages/airflow/example_dags/example_short_circuit_decorator.py took 0.139 seconds
[2024-03-12T09:50:58.017+0000] {processor.py:161} INFO - Started process (PID=15737) to work on /usr/local/lib/python3.10/dist-packages/airflow/example_dags/example_short_circuit_decorator.py
[2024-03-12T09:50:58.020+0000] {processor.py:830} INFO - Processing file /usr/local/lib/python3.10/dist-packages/airflow/example_dags/example_short_circuit_decorator.py for tasks to queue
[2024-03-12T09:50:58.021+0000] {logging_mixin.py:188} INFO - [2024-03-12T09:50:58.021+0000] {dagbag.py:540} INFO - Filling up the DagBag from /usr/local/lib/python3.10/dist-packages/airflow/example_dags/example_short_circuit_decorator.py
[2024-03-12T09:50:58.038+0000] {processor.py:840} INFO - DAG(s) 'example_short_circuit_decorator' retrieved from /usr/local/lib/python3.10/dist-packages/airflow/example_dags/example_short_circuit_decorator.py
[2024-03-12T09:50:58.070+0000] {logging_mixin.py:188} INFO - [2024-03-12T09:50:58.070+0000] {dag.py:3047} INFO - Sync 1 DAGs
[2024-03-12T09:50:58.116+0000] {logging_mixin.py:188} INFO - [2024-03-12T09:50:58.116+0000] {dag.py:3834} INFO - Setting next_dagrun for example_short_circuit_decorator to 2024-03-11 00:00:00+00:00, run_after=2024-03-12 00:00:00+00:00
[2024-03-12T09:50:58.143+0000] {processor.py:183} INFO - Processing /usr/local/lib/python3.10/dist-packages/airflow/example_dags/example_short_circuit_decorator.py took 0.135 seconds
[2024-03-12T09:52:10.004+0000] {processor.py:161} INFO - Started process (PID=15803) to work on /usr/local/lib/python3.10/dist-packages/airflow/example_dags/example_short_circuit_decorator.py
[2024-03-12T09:52:10.007+0000] {processor.py:830} INFO - Processing file /usr/local/lib/python3.10/dist-packages/airflow/example_dags/example_short_circuit_decorator.py for tasks to queue
[2024-03-12T09:52:10.009+0000] {logging_mixin.py:188} INFO - [2024-03-12T09:52:10.008+0000] {dagbag.py:540} INFO - Filling up the DagBag from /usr/local/lib/python3.10/dist-packages/airflow/example_dags/example_short_circuit_decorator.py
[2024-03-12T09:52:10.044+0000] {processor.py:840} INFO - DAG(s) 'example_short_circuit_decorator' retrieved from /usr/local/lib/python3.10/dist-packages/airflow/example_dags/example_short_circuit_decorator.py
[2024-03-12T09:52:10.097+0000] {logging_mixin.py:188} INFO - [2024-03-12T09:52:10.097+0000] {dag.py:3047} INFO - Sync 1 DAGs
[2024-03-12T09:52:10.140+0000] {logging_mixin.py:188} INFO - [2024-03-12T09:52:10.139+0000] {dag.py:3834} INFO - Setting next_dagrun for example_short_circuit_decorator to 2024-03-11 00:00:00+00:00, run_after=2024-03-12 00:00:00+00:00
[2024-03-12T09:52:10.174+0000] {processor.py:183} INFO - Processing /usr/local/lib/python3.10/dist-packages/airflow/example_dags/example_short_circuit_decorator.py took 0.176 seconds
[2024-03-12T09:53:14.313+0000] {processor.py:161} INFO - Started process (PID=15869) to work on /usr/local/lib/python3.10/dist-packages/airflow/example_dags/example_short_circuit_decorator.py
[2024-03-12T09:53:14.316+0000] {processor.py:830} INFO - Processing file /usr/local/lib/python3.10/dist-packages/airflow/example_dags/example_short_circuit_decorator.py for tasks to queue
[2024-03-12T09:53:14.318+0000] {logging_mixin.py:188} INFO - [2024-03-12T09:53:14.317+0000] {dagbag.py:540} INFO - Filling up the DagBag from /usr/local/lib/python3.10/dist-packages/airflow/example_dags/example_short_circuit_decorator.py
[2024-03-12T09:53:14.337+0000] {processor.py:840} INFO - DAG(s) 'example_short_circuit_decorator' retrieved from /usr/local/lib/python3.10/dist-packages/airflow/example_dags/example_short_circuit_decorator.py
[2024-03-12T09:53:14.369+0000] {logging_mixin.py:188} INFO - [2024-03-12T09:53:14.368+0000] {dag.py:3047} INFO - Sync 1 DAGs
[2024-03-12T09:53:14.410+0000] {logging_mixin.py:188} INFO - [2024-03-12T09:53:14.410+0000] {dag.py:3834} INFO - Setting next_dagrun for example_short_circuit_decorator to 2024-03-11 00:00:00+00:00, run_after=2024-03-12 00:00:00+00:00
[2024-03-12T09:53:14.464+0000] {processor.py:183} INFO - Processing /usr/local/lib/python3.10/dist-packages/airflow/example_dags/example_short_circuit_decorator.py took 0.157 seconds
[2024-03-12T09:54:22.620+0000] {processor.py:161} INFO - Started process (PID=15934) to work on /usr/local/lib/python3.10/dist-packages/airflow/example_dags/example_short_circuit_decorator.py
[2024-03-12T09:54:22.623+0000] {processor.py:830} INFO - Processing file /usr/local/lib/python3.10/dist-packages/airflow/example_dags/example_short_circuit_decorator.py for tasks to queue
[2024-03-12T09:54:22.628+0000] {logging_mixin.py:188} INFO - [2024-03-12T09:54:22.626+0000] {dagbag.py:540} INFO - Filling up the DagBag from /usr/local/lib/python3.10/dist-packages/airflow/example_dags/example_short_circuit_decorator.py
[2024-03-12T09:54:22.651+0000] {processor.py:840} INFO - DAG(s) 'example_short_circuit_decorator' retrieved from /usr/local/lib/python3.10/dist-packages/airflow/example_dags/example_short_circuit_decorator.py
[2024-03-12T09:54:22.685+0000] {logging_mixin.py:188} INFO - [2024-03-12T09:54:22.684+0000] {dag.py:3047} INFO - Sync 1 DAGs
[2024-03-12T09:54:22.721+0000] {logging_mixin.py:188} INFO - [2024-03-12T09:54:22.720+0000] {dag.py:3834} INFO - Setting next_dagrun for example_short_circuit_decorator to 2024-03-11 00:00:00+00:00, run_after=2024-03-12 00:00:00+00:00
[2024-03-12T09:54:22.756+0000] {processor.py:183} INFO - Processing /usr/local/lib/python3.10/dist-packages/airflow/example_dags/example_short_circuit_decorator.py took 0.150 seconds
[2024-03-12T09:55:28.619+0000] {processor.py:161} INFO - Started process (PID=16000) to work on /usr/local/lib/python3.10/dist-packages/airflow/example_dags/example_short_circuit_decorator.py
[2024-03-12T09:55:28.621+0000] {processor.py:830} INFO - Processing file /usr/local/lib/python3.10/dist-packages/airflow/example_dags/example_short_circuit_decorator.py for tasks to queue
[2024-03-12T09:55:28.622+0000] {logging_mixin.py:188} INFO - [2024-03-12T09:55:28.622+0000] {dagbag.py:540} INFO - Filling up the DagBag from /usr/local/lib/python3.10/dist-packages/airflow/example_dags/example_short_circuit_decorator.py
[2024-03-12T09:55:28.642+0000] {processor.py:840} INFO - DAG(s) 'example_short_circuit_decorator' retrieved from /usr/local/lib/python3.10/dist-packages/airflow/example_dags/example_short_circuit_decorator.py
[2024-03-12T09:55:28.672+0000] {logging_mixin.py:188} INFO - [2024-03-12T09:55:28.671+0000] {dag.py:3047} INFO - Sync 1 DAGs
[2024-03-12T09:55:28.701+0000] {logging_mixin.py:188} INFO - [2024-03-12T09:55:28.700+0000] {dag.py:3834} INFO - Setting next_dagrun for example_short_circuit_decorator to 2024-03-11 00:00:00+00:00, run_after=2024-03-12 00:00:00+00:00
[2024-03-12T09:55:28.731+0000] {processor.py:183} INFO - Processing /usr/local/lib/python3.10/dist-packages/airflow/example_dags/example_short_circuit_decorator.py took 0.118 seconds
[2024-03-12T09:56:35.937+0000] {processor.py:161} INFO - Started process (PID=16064) to work on /usr/local/lib/python3.10/dist-packages/airflow/example_dags/example_short_circuit_decorator.py
[2024-03-12T09:56:35.939+0000] {processor.py:830} INFO - Processing file /usr/local/lib/python3.10/dist-packages/airflow/example_dags/example_short_circuit_decorator.py for tasks to queue
[2024-03-12T09:56:35.941+0000] {logging_mixin.py:188} INFO - [2024-03-12T09:56:35.940+0000] {dagbag.py:540} INFO - Filling up the DagBag from /usr/local/lib/python3.10/dist-packages/airflow/example_dags/example_short_circuit_decorator.py
[2024-03-12T09:56:35.963+0000] {processor.py:840} INFO - DAG(s) 'example_short_circuit_decorator' retrieved from /usr/local/lib/python3.10/dist-packages/airflow/example_dags/example_short_circuit_decorator.py
[2024-03-12T09:56:35.992+0000] {logging_mixin.py:188} INFO - [2024-03-12T09:56:35.992+0000] {dag.py:3047} INFO - Sync 1 DAGs
[2024-03-12T09:56:36.031+0000] {logging_mixin.py:188} INFO - [2024-03-12T09:56:36.030+0000] {dag.py:3834} INFO - Setting next_dagrun for example_short_circuit_decorator to 2024-03-11 00:00:00+00:00, run_after=2024-03-12 00:00:00+00:00
[2024-03-12T09:56:36.085+0000] {processor.py:183} INFO - Processing /usr/local/lib/python3.10/dist-packages/airflow/example_dags/example_short_circuit_decorator.py took 0.151 seconds
[2024-03-12T09:57:42.685+0000] {processor.py:161} INFO - Started process (PID=16128) to work on /usr/local/lib/python3.10/dist-packages/airflow/example_dags/example_short_circuit_decorator.py
[2024-03-12T09:57:42.687+0000] {processor.py:830} INFO - Processing file /usr/local/lib/python3.10/dist-packages/airflow/example_dags/example_short_circuit_decorator.py for tasks to queue
[2024-03-12T09:57:42.688+0000] {logging_mixin.py:188} INFO - [2024-03-12T09:57:42.688+0000] {dagbag.py:540} INFO - Filling up the DagBag from /usr/local/lib/python3.10/dist-packages/airflow/example_dags/example_short_circuit_decorator.py
[2024-03-12T09:57:42.700+0000] {processor.py:840} INFO - DAG(s) 'example_short_circuit_decorator' retrieved from /usr/local/lib/python3.10/dist-packages/airflow/example_dags/example_short_circuit_decorator.py
[2024-03-12T09:57:42.723+0000] {logging_mixin.py:188} INFO - [2024-03-12T09:57:42.722+0000] {dag.py:3047} INFO - Sync 1 DAGs
[2024-03-12T09:57:42.749+0000] {logging_mixin.py:188} INFO - [2024-03-12T09:57:42.748+0000] {dag.py:3834} INFO - Setting next_dagrun for example_short_circuit_decorator to 2024-03-11 00:00:00+00:00, run_after=2024-03-12 00:00:00+00:00
[2024-03-12T09:57:42.784+0000] {processor.py:183} INFO - Processing /usr/local/lib/python3.10/dist-packages/airflow/example_dags/example_short_circuit_decorator.py took 0.103 seconds
[2024-03-12T09:58:44.809+0000] {processor.py:161} INFO - Started process (PID=16201) to work on /usr/local/lib/python3.10/dist-packages/airflow/example_dags/example_short_circuit_decorator.py
[2024-03-12T09:58:44.810+0000] {processor.py:830} INFO - Processing file /usr/local/lib/python3.10/dist-packages/airflow/example_dags/example_short_circuit_decorator.py for tasks to queue
[2024-03-12T09:58:44.811+0000] {logging_mixin.py:188} INFO - [2024-03-12T09:58:44.811+0000] {dagbag.py:540} INFO - Filling up the DagBag from /usr/local/lib/python3.10/dist-packages/airflow/example_dags/example_short_circuit_decorator.py
[2024-03-12T09:58:44.823+0000] {processor.py:840} INFO - DAG(s) 'example_short_circuit_decorator' retrieved from /usr/local/lib/python3.10/dist-packages/airflow/example_dags/example_short_circuit_decorator.py
[2024-03-12T09:58:44.844+0000] {logging_mixin.py:188} INFO - [2024-03-12T09:58:44.844+0000] {dag.py:3047} INFO - Sync 1 DAGs
[2024-03-12T09:58:44.870+0000] {logging_mixin.py:188} INFO - [2024-03-12T09:58:44.869+0000] {dag.py:3834} INFO - Setting next_dagrun for example_short_circuit_decorator to 2024-03-11 00:00:00+00:00, run_after=2024-03-12 00:00:00+00:00
[2024-03-12T09:58:44.903+0000] {processor.py:183} INFO - Processing /usr/local/lib/python3.10/dist-packages/airflow/example_dags/example_short_circuit_decorator.py took 0.099 seconds
