[2024-03-12T09:23:09.187+0000] {processor.py:161} INFO - Started process (PID=14028) to work on /usr/local/lib/python3.10/dist-packages/airflow/example_dags/example_branch_day_of_week_operator.py
[2024-03-12T09:23:09.188+0000] {processor.py:830} INFO - Processing file /usr/local/lib/python3.10/dist-packages/airflow/example_dags/example_branch_day_of_week_operator.py for tasks to queue
[2024-03-12T09:23:09.190+0000] {logging_mixin.py:188} INFO - [2024-03-12T09:23:09.189+0000] {dagbag.py:540} INFO - Filling up the DagBag from /usr/local/lib/python3.10/dist-packages/airflow/example_dags/example_branch_day_of_week_operator.py
[2024-03-12T09:23:09.204+0000] {processor.py:840} INFO - DAG(s) 'example_weekday_branch_operator' retrieved from /usr/local/lib/python3.10/dist-packages/airflow/example_dags/example_branch_day_of_week_operator.py
[2024-03-12T09:23:09.484+0000] {logging_mixin.py:188} INFO - [2024-03-12T09:23:09.483+0000] {dag.py:3047} INFO - Sync 1 DAGs
[2024-03-12T09:23:09.513+0000] {logging_mixin.py:188} INFO - [2024-03-12T09:23:09.512+0000] {dag.py:3834} INFO - Setting next_dagrun for example_weekday_branch_operator to 2024-03-11 00:00:00+00:00, run_after=2024-03-12 00:00:00+00:00
[2024-03-12T09:23:09.556+0000] {processor.py:183} INFO - Processing /usr/local/lib/python3.10/dist-packages/airflow/example_dags/example_branch_day_of_week_operator.py took 0.376 seconds
[2024-03-12T09:24:08.984+0000] {processor.py:161} INFO - Started process (PID=14083) to work on /usr/local/lib/python3.10/dist-packages/airflow/example_dags/example_branch_day_of_week_operator.py
[2024-03-12T09:24:08.989+0000] {processor.py:830} INFO - Processing file /usr/local/lib/python3.10/dist-packages/airflow/example_dags/example_branch_day_of_week_operator.py for tasks to queue
[2024-03-12T09:24:08.990+0000] {logging_mixin.py:188} INFO - [2024-03-12T09:24:08.990+0000] {dagbag.py:540} INFO - Filling up the DagBag from /usr/local/lib/python3.10/dist-packages/airflow/example_dags/example_branch_day_of_week_operator.py
[2024-03-12T09:24:09.006+0000] {processor.py:840} INFO - DAG(s) 'example_weekday_branch_operator' retrieved from /usr/local/lib/python3.10/dist-packages/airflow/example_dags/example_branch_day_of_week_operator.py
[2024-03-12T09:24:09.049+0000] {logging_mixin.py:188} INFO - [2024-03-12T09:24:09.049+0000] {dag.py:3047} INFO - Sync 1 DAGs
[2024-03-12T09:24:09.127+0000] {logging_mixin.py:188} INFO - [2024-03-12T09:24:09.122+0000] {dag.py:3834} INFO - Setting next_dagrun for example_weekday_branch_operator to 2024-03-11 00:00:00+00:00, run_after=2024-03-12 00:00:00+00:00
[2024-03-12T09:24:09.353+0000] {processor.py:183} INFO - Processing /usr/local/lib/python3.10/dist-packages/airflow/example_dags/example_branch_day_of_week_operator.py took 0.372 seconds
[2024-03-12T09:25:21.501+0000] {processor.py:161} INFO - Started process (PID=14148) to work on /usr/local/lib/python3.10/dist-packages/airflow/example_dags/example_branch_day_of_week_operator.py
[2024-03-12T09:25:21.503+0000] {processor.py:830} INFO - Processing file /usr/local/lib/python3.10/dist-packages/airflow/example_dags/example_branch_day_of_week_operator.py for tasks to queue
[2024-03-12T09:25:21.504+0000] {logging_mixin.py:188} INFO - [2024-03-12T09:25:21.504+0000] {dagbag.py:540} INFO - Filling up the DagBag from /usr/local/lib/python3.10/dist-packages/airflow/example_dags/example_branch_day_of_week_operator.py
[2024-03-12T09:25:21.514+0000] {processor.py:840} INFO - DAG(s) 'example_weekday_branch_operator' retrieved from /usr/local/lib/python3.10/dist-packages/airflow/example_dags/example_branch_day_of_week_operator.py
[2024-03-12T09:25:21.542+0000] {logging_mixin.py:188} INFO - [2024-03-12T09:25:21.542+0000] {dag.py:3047} INFO - Sync 1 DAGs
[2024-03-12T09:25:21.595+0000] {logging_mixin.py:188} INFO - [2024-03-12T09:25:21.595+0000] {dag.py:3834} INFO - Setting next_dagrun for example_weekday_branch_operator to 2024-03-11 00:00:00+00:00, run_after=2024-03-12 00:00:00+00:00
[2024-03-12T09:25:21.629+0000] {processor.py:183} INFO - Processing /usr/local/lib/python3.10/dist-packages/airflow/example_dags/example_branch_day_of_week_operator.py took 0.132 seconds
[2024-03-12T09:26:24.572+0000] {processor.py:161} INFO - Started process (PID=14211) to work on /usr/local/lib/python3.10/dist-packages/airflow/example_dags/example_branch_day_of_week_operator.py
[2024-03-12T09:26:24.575+0000] {processor.py:830} INFO - Processing file /usr/local/lib/python3.10/dist-packages/airflow/example_dags/example_branch_day_of_week_operator.py for tasks to queue
[2024-03-12T09:26:24.577+0000] {logging_mixin.py:188} INFO - [2024-03-12T09:26:24.575+0000] {dagbag.py:540} INFO - Filling up the DagBag from /usr/local/lib/python3.10/dist-packages/airflow/example_dags/example_branch_day_of_week_operator.py
[2024-03-12T09:26:24.614+0000] {processor.py:840} INFO - DAG(s) 'example_weekday_branch_operator' retrieved from /usr/local/lib/python3.10/dist-packages/airflow/example_dags/example_branch_day_of_week_operator.py
[2024-03-12T09:26:24.657+0000] {logging_mixin.py:188} INFO - [2024-03-12T09:26:24.656+0000] {dag.py:3047} INFO - Sync 1 DAGs
[2024-03-12T09:26:24.684+0000] {logging_mixin.py:188} INFO - [2024-03-12T09:26:24.684+0000] {dag.py:3834} INFO - Setting next_dagrun for example_weekday_branch_operator to 2024-03-11 00:00:00+00:00, run_after=2024-03-12 00:00:00+00:00
[2024-03-12T09:26:24.725+0000] {processor.py:183} INFO - Processing /usr/local/lib/python3.10/dist-packages/airflow/example_dags/example_branch_day_of_week_operator.py took 0.162 seconds
[2024-03-12T09:27:27.731+0000] {processor.py:161} INFO - Started process (PID=14273) to work on /usr/local/lib/python3.10/dist-packages/airflow/example_dags/example_branch_day_of_week_operator.py
[2024-03-12T09:27:27.733+0000] {processor.py:830} INFO - Processing file /usr/local/lib/python3.10/dist-packages/airflow/example_dags/example_branch_day_of_week_operator.py for tasks to queue
[2024-03-12T09:27:27.734+0000] {logging_mixin.py:188} INFO - [2024-03-12T09:27:27.733+0000] {dagbag.py:540} INFO - Filling up the DagBag from /usr/local/lib/python3.10/dist-packages/airflow/example_dags/example_branch_day_of_week_operator.py
[2024-03-12T09:27:27.742+0000] {processor.py:840} INFO - DAG(s) 'example_weekday_branch_operator' retrieved from /usr/local/lib/python3.10/dist-packages/airflow/example_dags/example_branch_day_of_week_operator.py
[2024-03-12T09:27:27.761+0000] {logging_mixin.py:188} INFO - [2024-03-12T09:27:27.761+0000] {dag.py:3047} INFO - Sync 1 DAGs
[2024-03-12T09:27:27.783+0000] {logging_mixin.py:188} INFO - [2024-03-12T09:27:27.782+0000] {dag.py:3834} INFO - Setting next_dagrun for example_weekday_branch_operator to 2024-03-11 00:00:00+00:00, run_after=2024-03-12 00:00:00+00:00
[2024-03-12T09:27:27.812+0000] {processor.py:183} INFO - Processing /usr/local/lib/python3.10/dist-packages/airflow/example_dags/example_branch_day_of_week_operator.py took 0.085 seconds
[2024-03-12T09:28:27.850+0000] {processor.py:161} INFO - Started process (PID=14334) to work on /usr/local/lib/python3.10/dist-packages/airflow/example_dags/example_branch_day_of_week_operator.py
[2024-03-12T09:28:27.852+0000] {processor.py:830} INFO - Processing file /usr/local/lib/python3.10/dist-packages/airflow/example_dags/example_branch_day_of_week_operator.py for tasks to queue
[2024-03-12T09:28:27.853+0000] {logging_mixin.py:188} INFO - [2024-03-12T09:28:27.853+0000] {dagbag.py:540} INFO - Filling up the DagBag from /usr/local/lib/python3.10/dist-packages/airflow/example_dags/example_branch_day_of_week_operator.py
[2024-03-12T09:28:27.863+0000] {processor.py:840} INFO - DAG(s) 'example_weekday_branch_operator' retrieved from /usr/local/lib/python3.10/dist-packages/airflow/example_dags/example_branch_day_of_week_operator.py
[2024-03-12T09:28:27.889+0000] {logging_mixin.py:188} INFO - [2024-03-12T09:28:27.889+0000] {dag.py:3047} INFO - Sync 1 DAGs
[2024-03-12T09:28:27.915+0000] {logging_mixin.py:188} INFO - [2024-03-12T09:28:27.915+0000] {dag.py:3834} INFO - Setting next_dagrun for example_weekday_branch_operator to 2024-03-11 00:00:00+00:00, run_after=2024-03-12 00:00:00+00:00
[2024-03-12T09:28:27.963+0000] {processor.py:183} INFO - Processing /usr/local/lib/python3.10/dist-packages/airflow/example_dags/example_branch_day_of_week_operator.py took 0.118 seconds
[2024-03-12T09:29:27.785+0000] {processor.py:161} INFO - Started process (PID=14393) to work on /usr/local/lib/python3.10/dist-packages/airflow/example_dags/example_branch_day_of_week_operator.py
[2024-03-12T09:29:27.787+0000] {processor.py:830} INFO - Processing file /usr/local/lib/python3.10/dist-packages/airflow/example_dags/example_branch_day_of_week_operator.py for tasks to queue
[2024-03-12T09:29:27.788+0000] {logging_mixin.py:188} INFO - [2024-03-12T09:29:27.787+0000] {dagbag.py:540} INFO - Filling up the DagBag from /usr/local/lib/python3.10/dist-packages/airflow/example_dags/example_branch_day_of_week_operator.py
[2024-03-12T09:29:27.799+0000] {processor.py:840} INFO - DAG(s) 'example_weekday_branch_operator' retrieved from /usr/local/lib/python3.10/dist-packages/airflow/example_dags/example_branch_day_of_week_operator.py
[2024-03-12T09:29:27.826+0000] {logging_mixin.py:188} INFO - [2024-03-12T09:29:27.826+0000] {dag.py:3047} INFO - Sync 1 DAGs
[2024-03-12T09:29:27.854+0000] {logging_mixin.py:188} INFO - [2024-03-12T09:29:27.854+0000] {dag.py:3834} INFO - Setting next_dagrun for example_weekday_branch_operator to 2024-03-11 00:00:00+00:00, run_after=2024-03-12 00:00:00+00:00
[2024-03-12T09:29:27.883+0000] {processor.py:183} INFO - Processing /usr/local/lib/python3.10/dist-packages/airflow/example_dags/example_branch_day_of_week_operator.py took 0.103 seconds
[2024-03-12T09:30:28.887+0000] {processor.py:161} INFO - Started process (PID=14453) to work on /usr/local/lib/python3.10/dist-packages/airflow/example_dags/example_branch_day_of_week_operator.py
[2024-03-12T09:30:28.888+0000] {processor.py:830} INFO - Processing file /usr/local/lib/python3.10/dist-packages/airflow/example_dags/example_branch_day_of_week_operator.py for tasks to queue
[2024-03-12T09:30:28.889+0000] {logging_mixin.py:188} INFO - [2024-03-12T09:30:28.889+0000] {dagbag.py:540} INFO - Filling up the DagBag from /usr/local/lib/python3.10/dist-packages/airflow/example_dags/example_branch_day_of_week_operator.py
[2024-03-12T09:30:28.899+0000] {processor.py:840} INFO - DAG(s) 'example_weekday_branch_operator' retrieved from /usr/local/lib/python3.10/dist-packages/airflow/example_dags/example_branch_day_of_week_operator.py
[2024-03-12T09:30:28.922+0000] {logging_mixin.py:188} INFO - [2024-03-12T09:30:28.921+0000] {dag.py:3047} INFO - Sync 1 DAGs
[2024-03-12T09:30:28.953+0000] {logging_mixin.py:188} INFO - [2024-03-12T09:30:28.953+0000] {dag.py:3834} INFO - Setting next_dagrun for example_weekday_branch_operator to 2024-03-11 00:00:00+00:00, run_after=2024-03-12 00:00:00+00:00
[2024-03-12T09:30:28.982+0000] {processor.py:183} INFO - Processing /usr/local/lib/python3.10/dist-packages/airflow/example_dags/example_branch_day_of_week_operator.py took 0.101 seconds
[2024-03-12T09:31:31.722+0000] {processor.py:161} INFO - Started process (PID=14513) to work on /usr/local/lib/python3.10/dist-packages/airflow/example_dags/example_branch_day_of_week_operator.py
[2024-03-12T09:31:31.725+0000] {processor.py:830} INFO - Processing file /usr/local/lib/python3.10/dist-packages/airflow/example_dags/example_branch_day_of_week_operator.py for tasks to queue
[2024-03-12T09:31:31.727+0000] {logging_mixin.py:188} INFO - [2024-03-12T09:31:31.726+0000] {dagbag.py:540} INFO - Filling up the DagBag from /usr/local/lib/python3.10/dist-packages/airflow/example_dags/example_branch_day_of_week_operator.py
[2024-03-12T09:31:31.736+0000] {processor.py:840} INFO - DAG(s) 'example_weekday_branch_operator' retrieved from /usr/local/lib/python3.10/dist-packages/airflow/example_dags/example_branch_day_of_week_operator.py
[2024-03-12T09:31:31.757+0000] {logging_mixin.py:188} INFO - [2024-03-12T09:31:31.757+0000] {dag.py:3047} INFO - Sync 1 DAGs
[2024-03-12T09:31:31.780+0000] {logging_mixin.py:188} INFO - [2024-03-12T09:31:31.779+0000] {dag.py:3834} INFO - Setting next_dagrun for example_weekday_branch_operator to 2024-03-11 00:00:00+00:00, run_after=2024-03-12 00:00:00+00:00
[2024-03-12T09:31:31.807+0000] {processor.py:183} INFO - Processing /usr/local/lib/python3.10/dist-packages/airflow/example_dags/example_branch_day_of_week_operator.py took 0.093 seconds
[2024-03-12T09:32:36.024+0000] {processor.py:161} INFO - Started process (PID=14575) to work on /usr/local/lib/python3.10/dist-packages/airflow/example_dags/example_branch_day_of_week_operator.py
[2024-03-12T09:32:36.026+0000] {processor.py:830} INFO - Processing file /usr/local/lib/python3.10/dist-packages/airflow/example_dags/example_branch_day_of_week_operator.py for tasks to queue
[2024-03-12T09:32:36.027+0000] {logging_mixin.py:188} INFO - [2024-03-12T09:32:36.027+0000] {dagbag.py:540} INFO - Filling up the DagBag from /usr/local/lib/python3.10/dist-packages/airflow/example_dags/example_branch_day_of_week_operator.py
[2024-03-12T09:32:36.039+0000] {processor.py:840} INFO - DAG(s) 'example_weekday_branch_operator' retrieved from /usr/local/lib/python3.10/dist-packages/airflow/example_dags/example_branch_day_of_week_operator.py
[2024-03-12T09:32:36.062+0000] {logging_mixin.py:188} INFO - [2024-03-12T09:32:36.062+0000] {dag.py:3047} INFO - Sync 1 DAGs
[2024-03-12T09:32:36.090+0000] {logging_mixin.py:188} INFO - [2024-03-12T09:32:36.090+0000] {dag.py:3834} INFO - Setting next_dagrun for example_weekday_branch_operator to 2024-03-11 00:00:00+00:00, run_after=2024-03-12 00:00:00+00:00
[2024-03-12T09:32:36.137+0000] {processor.py:183} INFO - Processing /usr/local/lib/python3.10/dist-packages/airflow/example_dags/example_branch_day_of_week_operator.py took 0.117 seconds
[2024-03-12T09:33:42.821+0000] {processor.py:161} INFO - Started process (PID=14640) to work on /usr/local/lib/python3.10/dist-packages/airflow/example_dags/example_branch_day_of_week_operator.py
[2024-03-12T09:33:42.823+0000] {processor.py:830} INFO - Processing file /usr/local/lib/python3.10/dist-packages/airflow/example_dags/example_branch_day_of_week_operator.py for tasks to queue
[2024-03-12T09:33:42.826+0000] {logging_mixin.py:188} INFO - [2024-03-12T09:33:42.825+0000] {dagbag.py:540} INFO - Filling up the DagBag from /usr/local/lib/python3.10/dist-packages/airflow/example_dags/example_branch_day_of_week_operator.py
[2024-03-12T09:33:42.842+0000] {processor.py:840} INFO - DAG(s) 'example_weekday_branch_operator' retrieved from /usr/local/lib/python3.10/dist-packages/airflow/example_dags/example_branch_day_of_week_operator.py
[2024-03-12T09:33:42.866+0000] {logging_mixin.py:188} INFO - [2024-03-12T09:33:42.866+0000] {dag.py:3047} INFO - Sync 1 DAGs
[2024-03-12T09:33:42.900+0000] {logging_mixin.py:188} INFO - [2024-03-12T09:33:42.899+0000] {dag.py:3834} INFO - Setting next_dagrun for example_weekday_branch_operator to 2024-03-11 00:00:00+00:00, run_after=2024-03-12 00:00:00+00:00
[2024-03-12T09:33:42.947+0000] {processor.py:183} INFO - Processing /usr/local/lib/python3.10/dist-packages/airflow/example_dags/example_branch_day_of_week_operator.py took 0.136 seconds
[2024-03-12T09:34:46.351+0000] {processor.py:161} INFO - Started process (PID=14702) to work on /usr/local/lib/python3.10/dist-packages/airflow/example_dags/example_branch_day_of_week_operator.py
[2024-03-12T09:34:46.353+0000] {processor.py:830} INFO - Processing file /usr/local/lib/python3.10/dist-packages/airflow/example_dags/example_branch_day_of_week_operator.py for tasks to queue
[2024-03-12T09:34:46.354+0000] {logging_mixin.py:188} INFO - [2024-03-12T09:34:46.354+0000] {dagbag.py:540} INFO - Filling up the DagBag from /usr/local/lib/python3.10/dist-packages/airflow/example_dags/example_branch_day_of_week_operator.py
[2024-03-12T09:34:46.364+0000] {processor.py:840} INFO - DAG(s) 'example_weekday_branch_operator' retrieved from /usr/local/lib/python3.10/dist-packages/airflow/example_dags/example_branch_day_of_week_operator.py
[2024-03-12T09:34:46.387+0000] {logging_mixin.py:188} INFO - [2024-03-12T09:34:46.387+0000] {dag.py:3047} INFO - Sync 1 DAGs
[2024-03-12T09:34:46.413+0000] {logging_mixin.py:188} INFO - [2024-03-12T09:34:46.411+0000] {dag.py:3834} INFO - Setting next_dagrun for example_weekday_branch_operator to 2024-03-11 00:00:00+00:00, run_after=2024-03-12 00:00:00+00:00
[2024-03-12T09:34:46.449+0000] {processor.py:183} INFO - Processing /usr/local/lib/python3.10/dist-packages/airflow/example_dags/example_branch_day_of_week_operator.py took 0.102 seconds
[2024-03-12T09:35:53.356+0000] {processor.py:161} INFO - Started process (PID=14766) to work on /usr/local/lib/python3.10/dist-packages/airflow/example_dags/example_branch_day_of_week_operator.py
[2024-03-12T09:35:53.358+0000] {processor.py:830} INFO - Processing file /usr/local/lib/python3.10/dist-packages/airflow/example_dags/example_branch_day_of_week_operator.py for tasks to queue
[2024-03-12T09:35:53.360+0000] {logging_mixin.py:188} INFO - [2024-03-12T09:35:53.359+0000] {dagbag.py:540} INFO - Filling up the DagBag from /usr/local/lib/python3.10/dist-packages/airflow/example_dags/example_branch_day_of_week_operator.py
[2024-03-12T09:35:53.372+0000] {processor.py:840} INFO - DAG(s) 'example_weekday_branch_operator' retrieved from /usr/local/lib/python3.10/dist-packages/airflow/example_dags/example_branch_day_of_week_operator.py
[2024-03-12T09:35:53.398+0000] {logging_mixin.py:188} INFO - [2024-03-12T09:35:53.398+0000] {dag.py:3047} INFO - Sync 1 DAGs
[2024-03-12T09:35:53.432+0000] {logging_mixin.py:188} INFO - [2024-03-12T09:35:53.431+0000] {dag.py:3834} INFO - Setting next_dagrun for example_weekday_branch_operator to 2024-03-11 00:00:00+00:00, run_after=2024-03-12 00:00:00+00:00
[2024-03-12T09:35:53.466+0000] {processor.py:183} INFO - Processing /usr/local/lib/python3.10/dist-packages/airflow/example_dags/example_branch_day_of_week_operator.py took 0.113 seconds
[2024-03-12T09:36:55.874+0000] {processor.py:161} INFO - Started process (PID=14825) to work on /usr/local/lib/python3.10/dist-packages/airflow/example_dags/example_branch_day_of_week_operator.py
[2024-03-12T09:36:55.875+0000] {processor.py:830} INFO - Processing file /usr/local/lib/python3.10/dist-packages/airflow/example_dags/example_branch_day_of_week_operator.py for tasks to queue
[2024-03-12T09:36:55.876+0000] {logging_mixin.py:188} INFO - [2024-03-12T09:36:55.876+0000] {dagbag.py:540} INFO - Filling up the DagBag from /usr/local/lib/python3.10/dist-packages/airflow/example_dags/example_branch_day_of_week_operator.py
[2024-03-12T09:36:55.884+0000] {processor.py:840} INFO - DAG(s) 'example_weekday_branch_operator' retrieved from /usr/local/lib/python3.10/dist-packages/airflow/example_dags/example_branch_day_of_week_operator.py
[2024-03-12T09:36:55.902+0000] {logging_mixin.py:188} INFO - [2024-03-12T09:36:55.901+0000] {dag.py:3047} INFO - Sync 1 DAGs
[2024-03-12T09:36:55.922+0000] {logging_mixin.py:188} INFO - [2024-03-12T09:36:55.922+0000] {dag.py:3834} INFO - Setting next_dagrun for example_weekday_branch_operator to 2024-03-11 00:00:00+00:00, run_after=2024-03-12 00:00:00+00:00
[2024-03-12T09:36:55.947+0000] {processor.py:183} INFO - Processing /usr/local/lib/python3.10/dist-packages/airflow/example_dags/example_branch_day_of_week_operator.py took 0.076 seconds
[2024-03-12T09:37:56.967+0000] {processor.py:161} INFO - Started process (PID=14887) to work on /usr/local/lib/python3.10/dist-packages/airflow/example_dags/example_branch_day_of_week_operator.py
[2024-03-12T09:37:56.970+0000] {processor.py:830} INFO - Processing file /usr/local/lib/python3.10/dist-packages/airflow/example_dags/example_branch_day_of_week_operator.py for tasks to queue
[2024-03-12T09:37:56.971+0000] {logging_mixin.py:188} INFO - [2024-03-12T09:37:56.970+0000] {dagbag.py:540} INFO - Filling up the DagBag from /usr/local/lib/python3.10/dist-packages/airflow/example_dags/example_branch_day_of_week_operator.py
[2024-03-12T09:37:56.980+0000] {processor.py:840} INFO - DAG(s) 'example_weekday_branch_operator' retrieved from /usr/local/lib/python3.10/dist-packages/airflow/example_dags/example_branch_day_of_week_operator.py
[2024-03-12T09:37:57.002+0000] {logging_mixin.py:188} INFO - [2024-03-12T09:37:57.002+0000] {dag.py:3047} INFO - Sync 1 DAGs
[2024-03-12T09:37:57.042+0000] {logging_mixin.py:188} INFO - [2024-03-12T09:37:57.042+0000] {dag.py:3834} INFO - Setting next_dagrun for example_weekday_branch_operator to 2024-03-11 00:00:00+00:00, run_after=2024-03-12 00:00:00+00:00
[2024-03-12T09:37:57.078+0000] {processor.py:183} INFO - Processing /usr/local/lib/python3.10/dist-packages/airflow/example_dags/example_branch_day_of_week_operator.py took 0.114 seconds
[2024-03-12T09:39:00.553+0000] {processor.py:161} INFO - Started process (PID=14947) to work on /usr/local/lib/python3.10/dist-packages/airflow/example_dags/example_branch_day_of_week_operator.py
[2024-03-12T09:39:00.555+0000] {processor.py:830} INFO - Processing file /usr/local/lib/python3.10/dist-packages/airflow/example_dags/example_branch_day_of_week_operator.py for tasks to queue
[2024-03-12T09:39:00.557+0000] {logging_mixin.py:188} INFO - [2024-03-12T09:39:00.556+0000] {dagbag.py:540} INFO - Filling up the DagBag from /usr/local/lib/python3.10/dist-packages/airflow/example_dags/example_branch_day_of_week_operator.py
[2024-03-12T09:39:00.575+0000] {processor.py:840} INFO - DAG(s) 'example_weekday_branch_operator' retrieved from /usr/local/lib/python3.10/dist-packages/airflow/example_dags/example_branch_day_of_week_operator.py
[2024-03-12T09:39:00.598+0000] {logging_mixin.py:188} INFO - [2024-03-12T09:39:00.598+0000] {dag.py:3047} INFO - Sync 1 DAGs
[2024-03-12T09:39:00.630+0000] {logging_mixin.py:188} INFO - [2024-03-12T09:39:00.629+0000] {dag.py:3834} INFO - Setting next_dagrun for example_weekday_branch_operator to 2024-03-11 00:00:00+00:00, run_after=2024-03-12 00:00:00+00:00
[2024-03-12T09:39:00.657+0000] {processor.py:183} INFO - Processing /usr/local/lib/python3.10/dist-packages/airflow/example_dags/example_branch_day_of_week_operator.py took 0.112 seconds
[2024-03-12T09:40:05.361+0000] {processor.py:161} INFO - Started process (PID=15009) to work on /usr/local/lib/python3.10/dist-packages/airflow/example_dags/example_branch_day_of_week_operator.py
[2024-03-12T09:40:05.365+0000] {processor.py:830} INFO - Processing file /usr/local/lib/python3.10/dist-packages/airflow/example_dags/example_branch_day_of_week_operator.py for tasks to queue
[2024-03-12T09:40:05.366+0000] {logging_mixin.py:188} INFO - [2024-03-12T09:40:05.366+0000] {dagbag.py:540} INFO - Filling up the DagBag from /usr/local/lib/python3.10/dist-packages/airflow/example_dags/example_branch_day_of_week_operator.py
[2024-03-12T09:40:05.394+0000] {processor.py:840} INFO - DAG(s) 'example_weekday_branch_operator' retrieved from /usr/local/lib/python3.10/dist-packages/airflow/example_dags/example_branch_day_of_week_operator.py
[2024-03-12T09:40:05.423+0000] {logging_mixin.py:188} INFO - [2024-03-12T09:40:05.423+0000] {dag.py:3047} INFO - Sync 1 DAGs
[2024-03-12T09:40:05.496+0000] {logging_mixin.py:188} INFO - [2024-03-12T09:40:05.495+0000] {dag.py:3834} INFO - Setting next_dagrun for example_weekday_branch_operator to 2024-03-11 00:00:00+00:00, run_after=2024-03-12 00:00:00+00:00
[2024-03-12T09:40:05.552+0000] {processor.py:183} INFO - Processing /usr/local/lib/python3.10/dist-packages/airflow/example_dags/example_branch_day_of_week_operator.py took 0.203 seconds
[2024-03-12T09:41:09.738+0000] {processor.py:161} INFO - Started process (PID=15072) to work on /usr/local/lib/python3.10/dist-packages/airflow/example_dags/example_branch_day_of_week_operator.py
[2024-03-12T09:41:09.740+0000] {processor.py:830} INFO - Processing file /usr/local/lib/python3.10/dist-packages/airflow/example_dags/example_branch_day_of_week_operator.py for tasks to queue
[2024-03-12T09:41:09.741+0000] {logging_mixin.py:188} INFO - [2024-03-12T09:41:09.741+0000] {dagbag.py:540} INFO - Filling up the DagBag from /usr/local/lib/python3.10/dist-packages/airflow/example_dags/example_branch_day_of_week_operator.py
[2024-03-12T09:41:09.753+0000] {processor.py:840} INFO - DAG(s) 'example_weekday_branch_operator' retrieved from /usr/local/lib/python3.10/dist-packages/airflow/example_dags/example_branch_day_of_week_operator.py
[2024-03-12T09:41:09.773+0000] {logging_mixin.py:188} INFO - [2024-03-12T09:41:09.772+0000] {dag.py:3047} INFO - Sync 1 DAGs
[2024-03-12T09:41:09.801+0000] {logging_mixin.py:188} INFO - [2024-03-12T09:41:09.801+0000] {dag.py:3834} INFO - Setting next_dagrun for example_weekday_branch_operator to 2024-03-11 00:00:00+00:00, run_after=2024-03-12 00:00:00+00:00
[2024-03-12T09:41:09.838+0000] {processor.py:183} INFO - Processing /usr/local/lib/python3.10/dist-packages/airflow/example_dags/example_branch_day_of_week_operator.py took 0.104 seconds
[2024-03-12T09:42:12.673+0000] {processor.py:161} INFO - Started process (PID=15133) to work on /usr/local/lib/python3.10/dist-packages/airflow/example_dags/example_branch_day_of_week_operator.py
[2024-03-12T09:42:12.678+0000] {processor.py:830} INFO - Processing file /usr/local/lib/python3.10/dist-packages/airflow/example_dags/example_branch_day_of_week_operator.py for tasks to queue
[2024-03-12T09:42:12.680+0000] {logging_mixin.py:188} INFO - [2024-03-12T09:42:12.680+0000] {dagbag.py:540} INFO - Filling up the DagBag from /usr/local/lib/python3.10/dist-packages/airflow/example_dags/example_branch_day_of_week_operator.py
[2024-03-12T09:42:12.695+0000] {processor.py:840} INFO - DAG(s) 'example_weekday_branch_operator' retrieved from /usr/local/lib/python3.10/dist-packages/airflow/example_dags/example_branch_day_of_week_operator.py
[2024-03-12T09:42:12.741+0000] {logging_mixin.py:188} INFO - [2024-03-12T09:42:12.740+0000] {dag.py:3047} INFO - Sync 1 DAGs
[2024-03-12T09:42:12.771+0000] {logging_mixin.py:188} INFO - [2024-03-12T09:42:12.770+0000] {dag.py:3834} INFO - Setting next_dagrun for example_weekday_branch_operator to 2024-03-11 00:00:00+00:00, run_after=2024-03-12 00:00:00+00:00
[2024-03-12T09:42:12.802+0000] {processor.py:183} INFO - Processing /usr/local/lib/python3.10/dist-packages/airflow/example_dags/example_branch_day_of_week_operator.py took 0.135 seconds
[2024-03-12T09:43:12.118+0000] {processor.py:161} INFO - Started process (PID=15264) to work on /usr/local/lib/python3.10/dist-packages/airflow/example_dags/example_branch_day_of_week_operator.py
[2024-03-12T09:43:12.120+0000] {processor.py:830} INFO - Processing file /usr/local/lib/python3.10/dist-packages/airflow/example_dags/example_branch_day_of_week_operator.py for tasks to queue
[2024-03-12T09:43:12.122+0000] {logging_mixin.py:188} INFO - [2024-03-12T09:43:12.121+0000] {dagbag.py:540} INFO - Filling up the DagBag from /usr/local/lib/python3.10/dist-packages/airflow/example_dags/example_branch_day_of_week_operator.py
[2024-03-12T09:43:12.135+0000] {processor.py:840} INFO - DAG(s) 'example_weekday_branch_operator' retrieved from /usr/local/lib/python3.10/dist-packages/airflow/example_dags/example_branch_day_of_week_operator.py
[2024-03-12T09:43:12.163+0000] {logging_mixin.py:188} INFO - [2024-03-12T09:43:12.163+0000] {dag.py:3047} INFO - Sync 1 DAGs
[2024-03-12T09:43:12.196+0000] {logging_mixin.py:188} INFO - [2024-03-12T09:43:12.195+0000] {dag.py:3834} INFO - Setting next_dagrun for example_weekday_branch_operator to 2024-03-11 00:00:00+00:00, run_after=2024-03-12 00:00:00+00:00
[2024-03-12T09:43:12.252+0000] {processor.py:183} INFO - Processing /usr/local/lib/python3.10/dist-packages/airflow/example_dags/example_branch_day_of_week_operator.py took 0.140 seconds
[2024-03-12T09:44:17.094+0000] {processor.py:161} INFO - Started process (PID=15342) to work on /usr/local/lib/python3.10/dist-packages/airflow/example_dags/example_branch_day_of_week_operator.py
[2024-03-12T09:44:17.096+0000] {processor.py:830} INFO - Processing file /usr/local/lib/python3.10/dist-packages/airflow/example_dags/example_branch_day_of_week_operator.py for tasks to queue
[2024-03-12T09:44:17.097+0000] {logging_mixin.py:188} INFO - [2024-03-12T09:44:17.097+0000] {dagbag.py:540} INFO - Filling up the DagBag from /usr/local/lib/python3.10/dist-packages/airflow/example_dags/example_branch_day_of_week_operator.py
[2024-03-12T09:44:17.107+0000] {processor.py:840} INFO - DAG(s) 'example_weekday_branch_operator' retrieved from /usr/local/lib/python3.10/dist-packages/airflow/example_dags/example_branch_day_of_week_operator.py
[2024-03-12T09:44:17.135+0000] {logging_mixin.py:188} INFO - [2024-03-12T09:44:17.135+0000] {dag.py:3047} INFO - Sync 1 DAGs
[2024-03-12T09:44:17.162+0000] {logging_mixin.py:188} INFO - [2024-03-12T09:44:17.162+0000] {dag.py:3834} INFO - Setting next_dagrun for example_weekday_branch_operator to 2024-03-11 00:00:00+00:00, run_after=2024-03-12 00:00:00+00:00
[2024-03-12T09:44:17.187+0000] {processor.py:183} INFO - Processing /usr/local/lib/python3.10/dist-packages/airflow/example_dags/example_branch_day_of_week_operator.py took 0.096 seconds
[2024-03-12T09:45:22.973+0000] {processor.py:161} INFO - Started process (PID=15406) to work on /usr/local/lib/python3.10/dist-packages/airflow/example_dags/example_branch_day_of_week_operator.py
[2024-03-12T09:45:22.975+0000] {processor.py:830} INFO - Processing file /usr/local/lib/python3.10/dist-packages/airflow/example_dags/example_branch_day_of_week_operator.py for tasks to queue
[2024-03-12T09:45:22.976+0000] {logging_mixin.py:188} INFO - [2024-03-12T09:45:22.975+0000] {dagbag.py:540} INFO - Filling up the DagBag from /usr/local/lib/python3.10/dist-packages/airflow/example_dags/example_branch_day_of_week_operator.py
[2024-03-12T09:45:22.987+0000] {processor.py:840} INFO - DAG(s) 'example_weekday_branch_operator' retrieved from /usr/local/lib/python3.10/dist-packages/airflow/example_dags/example_branch_day_of_week_operator.py
[2024-03-12T09:45:23.016+0000] {logging_mixin.py:188} INFO - [2024-03-12T09:45:23.015+0000] {dag.py:3047} INFO - Sync 1 DAGs
[2024-03-12T09:45:23.040+0000] {logging_mixin.py:188} INFO - [2024-03-12T09:45:23.040+0000] {dag.py:3834} INFO - Setting next_dagrun for example_weekday_branch_operator to 2024-03-11 00:00:00+00:00, run_after=2024-03-12 00:00:00+00:00
[2024-03-12T09:45:23.074+0000] {processor.py:183} INFO - Processing /usr/local/lib/python3.10/dist-packages/airflow/example_dags/example_branch_day_of_week_operator.py took 0.104 seconds
[2024-03-12T09:46:24.479+0000] {processor.py:161} INFO - Started process (PID=15466) to work on /usr/local/lib/python3.10/dist-packages/airflow/example_dags/example_branch_day_of_week_operator.py
[2024-03-12T09:46:24.481+0000] {processor.py:830} INFO - Processing file /usr/local/lib/python3.10/dist-packages/airflow/example_dags/example_branch_day_of_week_operator.py for tasks to queue
[2024-03-12T09:46:24.482+0000] {logging_mixin.py:188} INFO - [2024-03-12T09:46:24.481+0000] {dagbag.py:540} INFO - Filling up the DagBag from /usr/local/lib/python3.10/dist-packages/airflow/example_dags/example_branch_day_of_week_operator.py
[2024-03-12T09:46:24.491+0000] {processor.py:840} INFO - DAG(s) 'example_weekday_branch_operator' retrieved from /usr/local/lib/python3.10/dist-packages/airflow/example_dags/example_branch_day_of_week_operator.py
[2024-03-12T09:46:24.514+0000] {logging_mixin.py:188} INFO - [2024-03-12T09:46:24.514+0000] {dag.py:3047} INFO - Sync 1 DAGs
[2024-03-12T09:46:24.543+0000] {logging_mixin.py:188} INFO - [2024-03-12T09:46:24.543+0000] {dag.py:3834} INFO - Setting next_dagrun for example_weekday_branch_operator to 2024-03-11 00:00:00+00:00, run_after=2024-03-12 00:00:00+00:00
[2024-03-12T09:46:24.578+0000] {processor.py:183} INFO - Processing /usr/local/lib/python3.10/dist-packages/airflow/example_dags/example_branch_day_of_week_operator.py took 0.104 seconds
[2024-03-12T09:47:22.953+0000] {processor.py:161} INFO - Started process (PID=15524) to work on /usr/local/lib/python3.10/dist-packages/airflow/example_dags/example_branch_day_of_week_operator.py
[2024-03-12T09:47:22.955+0000] {processor.py:830} INFO - Processing file /usr/local/lib/python3.10/dist-packages/airflow/example_dags/example_branch_day_of_week_operator.py for tasks to queue
[2024-03-12T09:47:22.959+0000] {logging_mixin.py:188} INFO - [2024-03-12T09:47:22.957+0000] {dagbag.py:540} INFO - Filling up the DagBag from /usr/local/lib/python3.10/dist-packages/airflow/example_dags/example_branch_day_of_week_operator.py
[2024-03-12T09:47:22.975+0000] {processor.py:840} INFO - DAG(s) 'example_weekday_branch_operator' retrieved from /usr/local/lib/python3.10/dist-packages/airflow/example_dags/example_branch_day_of_week_operator.py
[2024-03-12T09:47:23.005+0000] {logging_mixin.py:188} INFO - [2024-03-12T09:47:23.000+0000] {dag.py:3047} INFO - Sync 1 DAGs
[2024-03-12T09:47:23.070+0000] {logging_mixin.py:188} INFO - [2024-03-12T09:47:23.070+0000] {dag.py:3834} INFO - Setting next_dagrun for example_weekday_branch_operator to 2024-03-11 00:00:00+00:00, run_after=2024-03-12 00:00:00+00:00
[2024-03-12T09:47:23.103+0000] {processor.py:183} INFO - Processing /usr/local/lib/python3.10/dist-packages/airflow/example_dags/example_branch_day_of_week_operator.py took 0.156 seconds
[2024-03-12T09:48:26.553+0000] {processor.py:161} INFO - Started process (PID=15592) to work on /usr/local/lib/python3.10/dist-packages/airflow/example_dags/example_branch_day_of_week_operator.py
[2024-03-12T09:48:26.555+0000] {processor.py:830} INFO - Processing file /usr/local/lib/python3.10/dist-packages/airflow/example_dags/example_branch_day_of_week_operator.py for tasks to queue
[2024-03-12T09:48:26.556+0000] {logging_mixin.py:188} INFO - [2024-03-12T09:48:26.556+0000] {dagbag.py:540} INFO - Filling up the DagBag from /usr/local/lib/python3.10/dist-packages/airflow/example_dags/example_branch_day_of_week_operator.py
[2024-03-12T09:48:26.565+0000] {processor.py:840} INFO - DAG(s) 'example_weekday_branch_operator' retrieved from /usr/local/lib/python3.10/dist-packages/airflow/example_dags/example_branch_day_of_week_operator.py
[2024-03-12T09:48:26.585+0000] {logging_mixin.py:188} INFO - [2024-03-12T09:48:26.584+0000] {dag.py:3047} INFO - Sync 1 DAGs
[2024-03-12T09:48:26.608+0000] {logging_mixin.py:188} INFO - [2024-03-12T09:48:26.608+0000] {dag.py:3834} INFO - Setting next_dagrun for example_weekday_branch_operator to 2024-03-11 00:00:00+00:00, run_after=2024-03-12 00:00:00+00:00
[2024-03-12T09:48:26.645+0000] {processor.py:183} INFO - Processing /usr/local/lib/python3.10/dist-packages/airflow/example_dags/example_branch_day_of_week_operator.py took 0.095 seconds
[2024-03-12T09:49:28.309+0000] {processor.py:161} INFO - Started process (PID=15652) to work on /usr/local/lib/python3.10/dist-packages/airflow/example_dags/example_branch_day_of_week_operator.py
[2024-03-12T09:49:28.311+0000] {processor.py:830} INFO - Processing file /usr/local/lib/python3.10/dist-packages/airflow/example_dags/example_branch_day_of_week_operator.py for tasks to queue
[2024-03-12T09:49:28.313+0000] {logging_mixin.py:188} INFO - [2024-03-12T09:49:28.313+0000] {dagbag.py:540} INFO - Filling up the DagBag from /usr/local/lib/python3.10/dist-packages/airflow/example_dags/example_branch_day_of_week_operator.py
[2024-03-12T09:49:28.337+0000] {processor.py:840} INFO - DAG(s) 'example_weekday_branch_operator' retrieved from /usr/local/lib/python3.10/dist-packages/airflow/example_dags/example_branch_day_of_week_operator.py
[2024-03-12T09:49:28.374+0000] {logging_mixin.py:188} INFO - [2024-03-12T09:49:28.374+0000] {dag.py:3047} INFO - Sync 1 DAGs
[2024-03-12T09:49:28.398+0000] {logging_mixin.py:188} INFO - [2024-03-12T09:49:28.397+0000] {dag.py:3834} INFO - Setting next_dagrun for example_weekday_branch_operator to 2024-03-11 00:00:00+00:00, run_after=2024-03-12 00:00:00+00:00
[2024-03-12T09:49:28.425+0000] {processor.py:183} INFO - Processing /usr/local/lib/python3.10/dist-packages/airflow/example_dags/example_branch_day_of_week_operator.py took 0.124 seconds
[2024-03-12T09:50:36.345+0000] {processor.py:161} INFO - Started process (PID=15715) to work on /usr/local/lib/python3.10/dist-packages/airflow/example_dags/example_branch_day_of_week_operator.py
[2024-03-12T09:50:36.347+0000] {processor.py:830} INFO - Processing file /usr/local/lib/python3.10/dist-packages/airflow/example_dags/example_branch_day_of_week_operator.py for tasks to queue
[2024-03-12T09:50:36.348+0000] {logging_mixin.py:188} INFO - [2024-03-12T09:50:36.348+0000] {dagbag.py:540} INFO - Filling up the DagBag from /usr/local/lib/python3.10/dist-packages/airflow/example_dags/example_branch_day_of_week_operator.py
[2024-03-12T09:50:36.357+0000] {processor.py:840} INFO - DAG(s) 'example_weekday_branch_operator' retrieved from /usr/local/lib/python3.10/dist-packages/airflow/example_dags/example_branch_day_of_week_operator.py
[2024-03-12T09:50:36.388+0000] {logging_mixin.py:188} INFO - [2024-03-12T09:50:36.388+0000] {dag.py:3047} INFO - Sync 1 DAGs
[2024-03-12T09:50:36.413+0000] {logging_mixin.py:188} INFO - [2024-03-12T09:50:36.412+0000] {dag.py:3834} INFO - Setting next_dagrun for example_weekday_branch_operator to 2024-03-11 00:00:00+00:00, run_after=2024-03-12 00:00:00+00:00
[2024-03-12T09:50:36.443+0000] {processor.py:183} INFO - Processing /usr/local/lib/python3.10/dist-packages/airflow/example_dags/example_branch_day_of_week_operator.py took 0.102 seconds
[2024-03-12T09:51:45.569+0000] {processor.py:161} INFO - Started process (PID=15781) to work on /usr/local/lib/python3.10/dist-packages/airflow/example_dags/example_branch_day_of_week_operator.py
[2024-03-12T09:51:45.573+0000] {processor.py:830} INFO - Processing file /usr/local/lib/python3.10/dist-packages/airflow/example_dags/example_branch_day_of_week_operator.py for tasks to queue
[2024-03-12T09:51:45.579+0000] {logging_mixin.py:188} INFO - [2024-03-12T09:51:45.576+0000] {dagbag.py:540} INFO - Filling up the DagBag from /usr/local/lib/python3.10/dist-packages/airflow/example_dags/example_branch_day_of_week_operator.py
[2024-03-12T09:51:45.589+0000] {processor.py:840} INFO - DAG(s) 'example_weekday_branch_operator' retrieved from /usr/local/lib/python3.10/dist-packages/airflow/example_dags/example_branch_day_of_week_operator.py
[2024-03-12T09:51:45.614+0000] {logging_mixin.py:188} INFO - [2024-03-12T09:51:45.613+0000] {dag.py:3047} INFO - Sync 1 DAGs
[2024-03-12T09:51:45.639+0000] {logging_mixin.py:188} INFO - [2024-03-12T09:51:45.638+0000] {dag.py:3834} INFO - Setting next_dagrun for example_weekday_branch_operator to 2024-03-11 00:00:00+00:00, run_after=2024-03-12 00:00:00+00:00
[2024-03-12T09:51:45.663+0000] {processor.py:183} INFO - Processing /usr/local/lib/python3.10/dist-packages/airflow/example_dags/example_branch_day_of_week_operator.py took 0.098 seconds
[2024-03-12T09:52:51.906+0000] {processor.py:161} INFO - Started process (PID=15846) to work on /usr/local/lib/python3.10/dist-packages/airflow/example_dags/example_branch_day_of_week_operator.py
[2024-03-12T09:52:51.909+0000] {processor.py:830} INFO - Processing file /usr/local/lib/python3.10/dist-packages/airflow/example_dags/example_branch_day_of_week_operator.py for tasks to queue
[2024-03-12T09:52:51.910+0000] {logging_mixin.py:188} INFO - [2024-03-12T09:52:51.910+0000] {dagbag.py:540} INFO - Filling up the DagBag from /usr/local/lib/python3.10/dist-packages/airflow/example_dags/example_branch_day_of_week_operator.py
[2024-03-12T09:52:51.928+0000] {processor.py:840} INFO - DAG(s) 'example_weekday_branch_operator' retrieved from /usr/local/lib/python3.10/dist-packages/airflow/example_dags/example_branch_day_of_week_operator.py
[2024-03-12T09:52:51.950+0000] {logging_mixin.py:188} INFO - [2024-03-12T09:52:51.950+0000] {dag.py:3047} INFO - Sync 1 DAGs
[2024-03-12T09:52:51.986+0000] {logging_mixin.py:188} INFO - [2024-03-12T09:52:51.986+0000] {dag.py:3834} INFO - Setting next_dagrun for example_weekday_branch_operator to 2024-03-11 00:00:00+00:00, run_after=2024-03-12 00:00:00+00:00
[2024-03-12T09:52:52.024+0000] {processor.py:183} INFO - Processing /usr/local/lib/python3.10/dist-packages/airflow/example_dags/example_branch_day_of_week_operator.py took 0.126 seconds
[2024-03-12T09:53:56.856+0000] {processor.py:161} INFO - Started process (PID=15909) to work on /usr/local/lib/python3.10/dist-packages/airflow/example_dags/example_branch_day_of_week_operator.py
[2024-03-12T09:53:56.859+0000] {processor.py:830} INFO - Processing file /usr/local/lib/python3.10/dist-packages/airflow/example_dags/example_branch_day_of_week_operator.py for tasks to queue
[2024-03-12T09:53:56.860+0000] {logging_mixin.py:188} INFO - [2024-03-12T09:53:56.860+0000] {dagbag.py:540} INFO - Filling up the DagBag from /usr/local/lib/python3.10/dist-packages/airflow/example_dags/example_branch_day_of_week_operator.py
[2024-03-12T09:53:56.871+0000] {processor.py:840} INFO - DAG(s) 'example_weekday_branch_operator' retrieved from /usr/local/lib/python3.10/dist-packages/airflow/example_dags/example_branch_day_of_week_operator.py
[2024-03-12T09:53:56.899+0000] {logging_mixin.py:188} INFO - [2024-03-12T09:53:56.899+0000] {dag.py:3047} INFO - Sync 1 DAGs
[2024-03-12T09:53:56.944+0000] {logging_mixin.py:188} INFO - [2024-03-12T09:53:56.943+0000] {dag.py:3834} INFO - Setting next_dagrun for example_weekday_branch_operator to 2024-03-11 00:00:00+00:00, run_after=2024-03-12 00:00:00+00:00
[2024-03-12T09:53:56.969+0000] {processor.py:183} INFO - Processing /usr/local/lib/python3.10/dist-packages/airflow/example_dags/example_branch_day_of_week_operator.py took 0.117 seconds
[2024-03-12T09:55:05.978+0000] {processor.py:161} INFO - Started process (PID=15976) to work on /usr/local/lib/python3.10/dist-packages/airflow/example_dags/example_branch_day_of_week_operator.py
[2024-03-12T09:55:05.980+0000] {processor.py:830} INFO - Processing file /usr/local/lib/python3.10/dist-packages/airflow/example_dags/example_branch_day_of_week_operator.py for tasks to queue
[2024-03-12T09:55:05.982+0000] {logging_mixin.py:188} INFO - [2024-03-12T09:55:05.982+0000] {dagbag.py:540} INFO - Filling up the DagBag from /usr/local/lib/python3.10/dist-packages/airflow/example_dags/example_branch_day_of_week_operator.py
[2024-03-12T09:55:06.005+0000] {processor.py:840} INFO - DAG(s) 'example_weekday_branch_operator' retrieved from /usr/local/lib/python3.10/dist-packages/airflow/example_dags/example_branch_day_of_week_operator.py
[2024-03-12T09:55:06.078+0000] {logging_mixin.py:188} INFO - [2024-03-12T09:55:06.077+0000] {dag.py:3047} INFO - Sync 1 DAGs
[2024-03-12T09:55:06.131+0000] {logging_mixin.py:188} INFO - [2024-03-12T09:55:06.130+0000] {dag.py:3834} INFO - Setting next_dagrun for example_weekday_branch_operator to 2024-03-11 00:00:00+00:00, run_after=2024-03-12 00:00:00+00:00
[2024-03-12T09:55:06.174+0000] {processor.py:183} INFO - Processing /usr/local/lib/python3.10/dist-packages/airflow/example_dags/example_branch_day_of_week_operator.py took 0.202 seconds
[2024-03-12T09:56:12.631+0000] {processor.py:161} INFO - Started process (PID=16043) to work on /usr/local/lib/python3.10/dist-packages/airflow/example_dags/example_branch_day_of_week_operator.py
[2024-03-12T09:56:12.637+0000] {processor.py:830} INFO - Processing file /usr/local/lib/python3.10/dist-packages/airflow/example_dags/example_branch_day_of_week_operator.py for tasks to queue
[2024-03-12T09:56:12.644+0000] {logging_mixin.py:188} INFO - [2024-03-12T09:56:12.643+0000] {dagbag.py:540} INFO - Filling up the DagBag from /usr/local/lib/python3.10/dist-packages/airflow/example_dags/example_branch_day_of_week_operator.py
[2024-03-12T09:56:12.670+0000] {processor.py:840} INFO - DAG(s) 'example_weekday_branch_operator' retrieved from /usr/local/lib/python3.10/dist-packages/airflow/example_dags/example_branch_day_of_week_operator.py
[2024-03-12T09:56:12.692+0000] {logging_mixin.py:188} INFO - [2024-03-12T09:56:12.691+0000] {dag.py:3047} INFO - Sync 1 DAGs
[2024-03-12T09:56:12.720+0000] {logging_mixin.py:188} INFO - [2024-03-12T09:56:12.720+0000] {dag.py:3834} INFO - Setting next_dagrun for example_weekday_branch_operator to 2024-03-11 00:00:00+00:00, run_after=2024-03-12 00:00:00+00:00
[2024-03-12T09:56:12.760+0000] {processor.py:183} INFO - Processing /usr/local/lib/python3.10/dist-packages/airflow/example_dags/example_branch_day_of_week_operator.py took 0.139 seconds
[2024-03-12T09:57:19.520+0000] {processor.py:161} INFO - Started process (PID=16106) to work on /usr/local/lib/python3.10/dist-packages/airflow/example_dags/example_branch_day_of_week_operator.py
[2024-03-12T09:57:19.522+0000] {processor.py:830} INFO - Processing file /usr/local/lib/python3.10/dist-packages/airflow/example_dags/example_branch_day_of_week_operator.py for tasks to queue
[2024-03-12T09:57:19.523+0000] {logging_mixin.py:188} INFO - [2024-03-12T09:57:19.522+0000] {dagbag.py:540} INFO - Filling up the DagBag from /usr/local/lib/python3.10/dist-packages/airflow/example_dags/example_branch_day_of_week_operator.py
[2024-03-12T09:57:19.532+0000] {processor.py:840} INFO - DAG(s) 'example_weekday_branch_operator' retrieved from /usr/local/lib/python3.10/dist-packages/airflow/example_dags/example_branch_day_of_week_operator.py
[2024-03-12T09:57:19.552+0000] {logging_mixin.py:188} INFO - [2024-03-12T09:57:19.552+0000] {dag.py:3047} INFO - Sync 1 DAGs
[2024-03-12T09:57:19.576+0000] {logging_mixin.py:188} INFO - [2024-03-12T09:57:19.575+0000] {dag.py:3834} INFO - Setting next_dagrun for example_weekday_branch_operator to 2024-03-11 00:00:00+00:00, run_after=2024-03-12 00:00:00+00:00
[2024-03-12T09:57:19.600+0000] {processor.py:183} INFO - Processing /usr/local/lib/python3.10/dist-packages/airflow/example_dags/example_branch_day_of_week_operator.py took 0.083 seconds
[2024-03-12T09:58:23.608+0000] {processor.py:161} INFO - Started process (PID=16177) to work on /usr/local/lib/python3.10/dist-packages/airflow/example_dags/example_branch_day_of_week_operator.py
[2024-03-12T09:58:23.610+0000] {processor.py:830} INFO - Processing file /usr/local/lib/python3.10/dist-packages/airflow/example_dags/example_branch_day_of_week_operator.py for tasks to queue
[2024-03-12T09:58:23.611+0000] {logging_mixin.py:188} INFO - [2024-03-12T09:58:23.610+0000] {dagbag.py:540} INFO - Filling up the DagBag from /usr/local/lib/python3.10/dist-packages/airflow/example_dags/example_branch_day_of_week_operator.py
[2024-03-12T09:58:23.621+0000] {processor.py:840} INFO - DAG(s) 'example_weekday_branch_operator' retrieved from /usr/local/lib/python3.10/dist-packages/airflow/example_dags/example_branch_day_of_week_operator.py
[2024-03-12T09:58:23.643+0000] {logging_mixin.py:188} INFO - [2024-03-12T09:58:23.643+0000] {dag.py:3047} INFO - Sync 1 DAGs
[2024-03-12T09:58:23.670+0000] {logging_mixin.py:188} INFO - [2024-03-12T09:58:23.670+0000] {dag.py:3834} INFO - Setting next_dagrun for example_weekday_branch_operator to 2024-03-11 00:00:00+00:00, run_after=2024-03-12 00:00:00+00:00
[2024-03-12T09:58:23.696+0000] {processor.py:183} INFO - Processing /usr/local/lib/python3.10/dist-packages/airflow/example_dags/example_branch_day_of_week_operator.py took 0.094 seconds
[2024-03-12T09:59:27.269+0000] {processor.py:161} INFO - Started process (PID=16246) to work on /usr/local/lib/python3.10/dist-packages/airflow/example_dags/example_branch_day_of_week_operator.py
[2024-03-12T09:59:27.271+0000] {processor.py:830} INFO - Processing file /usr/local/lib/python3.10/dist-packages/airflow/example_dags/example_branch_day_of_week_operator.py for tasks to queue
[2024-03-12T09:59:27.274+0000] {logging_mixin.py:188} INFO - [2024-03-12T09:59:27.273+0000] {dagbag.py:540} INFO - Filling up the DagBag from /usr/local/lib/python3.10/dist-packages/airflow/example_dags/example_branch_day_of_week_operator.py
[2024-03-12T09:59:27.287+0000] {processor.py:840} INFO - DAG(s) 'example_weekday_branch_operator' retrieved from /usr/local/lib/python3.10/dist-packages/airflow/example_dags/example_branch_day_of_week_operator.py
[2024-03-12T09:59:27.331+0000] {logging_mixin.py:188} INFO - [2024-03-12T09:59:27.330+0000] {dag.py:3047} INFO - Sync 1 DAGs
[2024-03-12T09:59:27.369+0000] {logging_mixin.py:188} INFO - [2024-03-12T09:59:27.368+0000] {dag.py:3834} INFO - Setting next_dagrun for example_weekday_branch_operator to 2024-03-11 00:00:00+00:00, run_after=2024-03-12 00:00:00+00:00
[2024-03-12T09:59:27.411+0000] {processor.py:183} INFO - Processing /usr/local/lib/python3.10/dist-packages/airflow/example_dags/example_branch_day_of_week_operator.py took 0.147 seconds
[2024-03-12T10:00:29.753+0000] {processor.py:161} INFO - Started process (PID=16313) to work on /usr/local/lib/python3.10/dist-packages/airflow/example_dags/example_branch_day_of_week_operator.py
[2024-03-12T10:00:29.755+0000] {processor.py:830} INFO - Processing file /usr/local/lib/python3.10/dist-packages/airflow/example_dags/example_branch_day_of_week_operator.py for tasks to queue
[2024-03-12T10:00:29.756+0000] {logging_mixin.py:188} INFO - [2024-03-12T10:00:29.756+0000] {dagbag.py:540} INFO - Filling up the DagBag from /usr/local/lib/python3.10/dist-packages/airflow/example_dags/example_branch_day_of_week_operator.py
[2024-03-12T10:00:29.766+0000] {processor.py:840} INFO - DAG(s) 'example_weekday_branch_operator' retrieved from /usr/local/lib/python3.10/dist-packages/airflow/example_dags/example_branch_day_of_week_operator.py
[2024-03-12T10:00:29.790+0000] {logging_mixin.py:188} INFO - [2024-03-12T10:00:29.790+0000] {dag.py:3047} INFO - Sync 1 DAGs
[2024-03-12T10:00:29.818+0000] {logging_mixin.py:188} INFO - [2024-03-12T10:00:29.817+0000] {dag.py:3834} INFO - Setting next_dagrun for example_weekday_branch_operator to 2024-03-11 00:00:00+00:00, run_after=2024-03-12 00:00:00+00:00
[2024-03-12T10:00:29.848+0000] {processor.py:183} INFO - Processing /usr/local/lib/python3.10/dist-packages/airflow/example_dags/example_branch_day_of_week_operator.py took 0.099 seconds
[2024-03-12T10:01:34.463+0000] {processor.py:161} INFO - Started process (PID=16384) to work on /usr/local/lib/python3.10/dist-packages/airflow/example_dags/example_branch_day_of_week_operator.py
[2024-03-12T10:01:34.464+0000] {processor.py:830} INFO - Processing file /usr/local/lib/python3.10/dist-packages/airflow/example_dags/example_branch_day_of_week_operator.py for tasks to queue
[2024-03-12T10:01:34.465+0000] {logging_mixin.py:188} INFO - [2024-03-12T10:01:34.465+0000] {dagbag.py:540} INFO - Filling up the DagBag from /usr/local/lib/python3.10/dist-packages/airflow/example_dags/example_branch_day_of_week_operator.py
[2024-03-12T10:01:34.473+0000] {processor.py:840} INFO - DAG(s) 'example_weekday_branch_operator' retrieved from /usr/local/lib/python3.10/dist-packages/airflow/example_dags/example_branch_day_of_week_operator.py
[2024-03-12T10:01:34.500+0000] {logging_mixin.py:188} INFO - [2024-03-12T10:01:34.499+0000] {dag.py:3047} INFO - Sync 1 DAGs
[2024-03-12T10:01:34.529+0000] {logging_mixin.py:188} INFO - [2024-03-12T10:01:34.528+0000] {dag.py:3834} INFO - Setting next_dagrun for example_weekday_branch_operator to 2024-03-11 00:00:00+00:00, run_after=2024-03-12 00:00:00+00:00
[2024-03-12T10:01:34.560+0000] {processor.py:183} INFO - Processing /usr/local/lib/python3.10/dist-packages/airflow/example_dags/example_branch_day_of_week_operator.py took 0.102 seconds
[2024-03-12T10:02:36.159+0000] {processor.py:161} INFO - Started process (PID=16449) to work on /usr/local/lib/python3.10/dist-packages/airflow/example_dags/example_branch_day_of_week_operator.py
[2024-03-12T10:02:36.161+0000] {processor.py:830} INFO - Processing file /usr/local/lib/python3.10/dist-packages/airflow/example_dags/example_branch_day_of_week_operator.py for tasks to queue
[2024-03-12T10:02:36.163+0000] {logging_mixin.py:188} INFO - [2024-03-12T10:02:36.162+0000] {dagbag.py:540} INFO - Filling up the DagBag from /usr/local/lib/python3.10/dist-packages/airflow/example_dags/example_branch_day_of_week_operator.py
[2024-03-12T10:02:36.182+0000] {processor.py:840} INFO - DAG(s) 'example_weekday_branch_operator' retrieved from /usr/local/lib/python3.10/dist-packages/airflow/example_dags/example_branch_day_of_week_operator.py
[2024-03-12T10:02:36.210+0000] {logging_mixin.py:188} INFO - [2024-03-12T10:02:36.210+0000] {dag.py:3047} INFO - Sync 1 DAGs
[2024-03-12T10:02:36.233+0000] {logging_mixin.py:188} INFO - [2024-03-12T10:02:36.233+0000] {dag.py:3834} INFO - Setting next_dagrun for example_weekday_branch_operator to 2024-03-11 00:00:00+00:00, run_after=2024-03-12 00:00:00+00:00
[2024-03-12T10:02:36.278+0000] {processor.py:183} INFO - Processing /usr/local/lib/python3.10/dist-packages/airflow/example_dags/example_branch_day_of_week_operator.py took 0.128 seconds
[2024-03-12T10:03:37.546+0000] {processor.py:161} INFO - Started process (PID=16511) to work on /usr/local/lib/python3.10/dist-packages/airflow/example_dags/example_branch_day_of_week_operator.py
[2024-03-12T10:03:37.551+0000] {processor.py:830} INFO - Processing file /usr/local/lib/python3.10/dist-packages/airflow/example_dags/example_branch_day_of_week_operator.py for tasks to queue
[2024-03-12T10:03:37.554+0000] {logging_mixin.py:188} INFO - [2024-03-12T10:03:37.553+0000] {dagbag.py:540} INFO - Filling up the DagBag from /usr/local/lib/python3.10/dist-packages/airflow/example_dags/example_branch_day_of_week_operator.py
[2024-03-12T10:03:37.569+0000] {processor.py:840} INFO - DAG(s) 'example_weekday_branch_operator' retrieved from /usr/local/lib/python3.10/dist-packages/airflow/example_dags/example_branch_day_of_week_operator.py
[2024-03-12T10:03:37.598+0000] {logging_mixin.py:188} INFO - [2024-03-12T10:03:37.597+0000] {dag.py:3047} INFO - Sync 1 DAGs
[2024-03-12T10:03:37.634+0000] {logging_mixin.py:188} INFO - [2024-03-12T10:03:37.634+0000] {dag.py:3834} INFO - Setting next_dagrun for example_weekday_branch_operator to 2024-03-11 00:00:00+00:00, run_after=2024-03-12 00:00:00+00:00
[2024-03-12T10:03:37.669+0000] {processor.py:183} INFO - Processing /usr/local/lib/python3.10/dist-packages/airflow/example_dags/example_branch_day_of_week_operator.py took 0.134 seconds
[2024-03-12T10:04:39.658+0000] {processor.py:161} INFO - Started process (PID=16574) to work on /usr/local/lib/python3.10/dist-packages/airflow/example_dags/example_branch_day_of_week_operator.py
[2024-03-12T10:04:39.663+0000] {processor.py:830} INFO - Processing file /usr/local/lib/python3.10/dist-packages/airflow/example_dags/example_branch_day_of_week_operator.py for tasks to queue
[2024-03-12T10:04:39.667+0000] {logging_mixin.py:188} INFO - [2024-03-12T10:04:39.666+0000] {dagbag.py:540} INFO - Filling up the DagBag from /usr/local/lib/python3.10/dist-packages/airflow/example_dags/example_branch_day_of_week_operator.py
[2024-03-12T10:04:39.700+0000] {processor.py:840} INFO - DAG(s) 'example_weekday_branch_operator' retrieved from /usr/local/lib/python3.10/dist-packages/airflow/example_dags/example_branch_day_of_week_operator.py
[2024-03-12T10:04:39.724+0000] {logging_mixin.py:188} INFO - [2024-03-12T10:04:39.724+0000] {dag.py:3047} INFO - Sync 1 DAGs
[2024-03-12T10:04:39.750+0000] {logging_mixin.py:188} INFO - [2024-03-12T10:04:39.750+0000] {dag.py:3834} INFO - Setting next_dagrun for example_weekday_branch_operator to 2024-03-11 00:00:00+00:00, run_after=2024-03-12 00:00:00+00:00
[2024-03-12T10:04:39.778+0000] {processor.py:183} INFO - Processing /usr/local/lib/python3.10/dist-packages/airflow/example_dags/example_branch_day_of_week_operator.py took 0.128 seconds
[2024-03-12T10:05:41.814+0000] {processor.py:161} INFO - Started process (PID=16639) to work on /usr/local/lib/python3.10/dist-packages/airflow/example_dags/example_branch_day_of_week_operator.py
[2024-03-12T10:05:41.816+0000] {processor.py:830} INFO - Processing file /usr/local/lib/python3.10/dist-packages/airflow/example_dags/example_branch_day_of_week_operator.py for tasks to queue
[2024-03-12T10:05:41.817+0000] {logging_mixin.py:188} INFO - [2024-03-12T10:05:41.816+0000] {dagbag.py:540} INFO - Filling up the DagBag from /usr/local/lib/python3.10/dist-packages/airflow/example_dags/example_branch_day_of_week_operator.py
[2024-03-12T10:05:41.829+0000] {processor.py:840} INFO - DAG(s) 'example_weekday_branch_operator' retrieved from /usr/local/lib/python3.10/dist-packages/airflow/example_dags/example_branch_day_of_week_operator.py
[2024-03-12T10:05:41.863+0000] {logging_mixin.py:188} INFO - [2024-03-12T10:05:41.862+0000] {dag.py:3047} INFO - Sync 1 DAGs
[2024-03-12T10:05:41.904+0000] {logging_mixin.py:188} INFO - [2024-03-12T10:05:41.904+0000] {dag.py:3834} INFO - Setting next_dagrun for example_weekday_branch_operator to 2024-03-11 00:00:00+00:00, run_after=2024-03-12 00:00:00+00:00
[2024-03-12T10:05:41.942+0000] {processor.py:183} INFO - Processing /usr/local/lib/python3.10/dist-packages/airflow/example_dags/example_branch_day_of_week_operator.py took 0.132 seconds
[2024-03-12T10:06:44.191+0000] {processor.py:161} INFO - Started process (PID=16704) to work on /usr/local/lib/python3.10/dist-packages/airflow/example_dags/example_branch_day_of_week_operator.py
[2024-03-12T10:06:44.192+0000] {processor.py:830} INFO - Processing file /usr/local/lib/python3.10/dist-packages/airflow/example_dags/example_branch_day_of_week_operator.py for tasks to queue
[2024-03-12T10:06:44.194+0000] {logging_mixin.py:188} INFO - [2024-03-12T10:06:44.193+0000] {dagbag.py:540} INFO - Filling up the DagBag from /usr/local/lib/python3.10/dist-packages/airflow/example_dags/example_branch_day_of_week_operator.py
[2024-03-12T10:06:44.203+0000] {processor.py:840} INFO - DAG(s) 'example_weekday_branch_operator' retrieved from /usr/local/lib/python3.10/dist-packages/airflow/example_dags/example_branch_day_of_week_operator.py
[2024-03-12T10:06:44.239+0000] {logging_mixin.py:188} INFO - [2024-03-12T10:06:44.239+0000] {dag.py:3047} INFO - Sync 1 DAGs
[2024-03-12T10:06:44.265+0000] {logging_mixin.py:188} INFO - [2024-03-12T10:06:44.265+0000] {dag.py:3834} INFO - Setting next_dagrun for example_weekday_branch_operator to 2024-03-11 00:00:00+00:00, run_after=2024-03-12 00:00:00+00:00
[2024-03-12T10:06:44.303+0000] {processor.py:183} INFO - Processing /usr/local/lib/python3.10/dist-packages/airflow/example_dags/example_branch_day_of_week_operator.py took 0.116 seconds
