[2024-03-12T09:19:52.642+0000] {processor.py:161} INFO - Started process (PID=13949) to work on /usr/local/lib/python3.10/dist-packages/airflow/example_dags/example_dynamic_task_mapping.py
[2024-03-12T09:19:52.646+0000] {processor.py:830} INFO - Processing file /usr/local/lib/python3.10/dist-packages/airflow/example_dags/example_dynamic_task_mapping.py for tasks to queue
[2024-03-12T09:19:52.649+0000] {logging_mixin.py:188} INFO - [2024-03-12T09:19:52.648+0000] {dagbag.py:540} INFO - Filling up the DagBag from /usr/local/lib/python3.10/dist-packages/airflow/example_dags/example_dynamic_task_mapping.py
[2024-03-12T09:19:52.665+0000] {processor.py:840} INFO - DAG(s) 'example_dynamic_task_mapping' retrieved from /usr/local/lib/python3.10/dist-packages/airflow/example_dags/example_dynamic_task_mapping.py
[2024-03-12T09:19:52.801+0000] {logging_mixin.py:188} INFO - [2024-03-12T09:19:52.800+0000] {override.py:1769} INFO - Created Permission View: can read on DAG:example_dynamic_task_mapping
[2024-03-12T09:19:52.823+0000] {logging_mixin.py:188} INFO - [2024-03-12T09:19:52.822+0000] {override.py:1769} INFO - Created Permission View: can edit on DAG:example_dynamic_task_mapping
[2024-03-12T09:19:52.835+0000] {logging_mixin.py:188} INFO - [2024-03-12T09:19:52.835+0000] {override.py:1769} INFO - Created Permission View: can delete on DAG:example_dynamic_task_mapping
[2024-03-12T09:19:52.836+0000] {logging_mixin.py:188} INFO - [2024-03-12T09:19:52.836+0000] {dag.py:3047} INFO - Sync 1 DAGs
[2024-03-12T09:19:52.852+0000] {logging_mixin.py:188} INFO - [2024-03-12T09:19:52.852+0000] {dag.py:3069} INFO - Creating ORM DAG for example_dynamic_task_mapping
[2024-03-12T09:19:53.061+0000] {logging_mixin.py:188} INFO - [2024-03-12T09:19:53.061+0000] {dag.py:3834} INFO - Setting next_dagrun for example_dynamic_task_mapping to 2022-03-04 00:00:00+00:00, run_after=2022-03-05 00:00:00+00:00
[2024-03-12T09:19:53.088+0000] {processor.py:183} INFO - Processing /usr/local/lib/python3.10/dist-packages/airflow/example_dags/example_dynamic_task_mapping.py took 0.460 seconds
[2024-03-12T09:22:43.870+0000] {processor.py:161} INFO - Started process (PID=14009) to work on /usr/local/lib/python3.10/dist-packages/airflow/example_dags/example_dynamic_task_mapping.py
[2024-03-12T09:22:43.873+0000] {processor.py:830} INFO - Processing file /usr/local/lib/python3.10/dist-packages/airflow/example_dags/example_dynamic_task_mapping.py for tasks to queue
[2024-03-12T09:22:43.874+0000] {logging_mixin.py:188} INFO - [2024-03-12T09:22:43.874+0000] {dagbag.py:540} INFO - Filling up the DagBag from /usr/local/lib/python3.10/dist-packages/airflow/example_dags/example_dynamic_task_mapping.py
[2024-03-12T09:22:43.884+0000] {processor.py:840} INFO - DAG(s) 'example_dynamic_task_mapping' retrieved from /usr/local/lib/python3.10/dist-packages/airflow/example_dags/example_dynamic_task_mapping.py
[2024-03-12T09:22:44.078+0000] {logging_mixin.py:188} INFO - [2024-03-12T09:22:44.077+0000] {dag.py:3047} INFO - Sync 1 DAGs
[2024-03-12T09:22:44.274+0000] {logging_mixin.py:188} INFO - [2024-03-12T09:22:44.274+0000] {dag.py:3834} INFO - Setting next_dagrun for example_dynamic_task_mapping to 2022-03-04 00:00:00+00:00, run_after=2022-03-05 00:00:00+00:00
[2024-03-12T09:22:44.299+0000] {processor.py:183} INFO - Processing /usr/local/lib/python3.10/dist-packages/airflow/example_dags/example_dynamic_task_mapping.py took 0.435 seconds
[2024-03-12T09:23:48.162+0000] {processor.py:161} INFO - Started process (PID=14063) to work on /usr/local/lib/python3.10/dist-packages/airflow/example_dags/example_dynamic_task_mapping.py
[2024-03-12T09:23:48.165+0000] {processor.py:830} INFO - Processing file /usr/local/lib/python3.10/dist-packages/airflow/example_dags/example_dynamic_task_mapping.py for tasks to queue
[2024-03-12T09:23:48.166+0000] {logging_mixin.py:188} INFO - [2024-03-12T09:23:48.166+0000] {dagbag.py:540} INFO - Filling up the DagBag from /usr/local/lib/python3.10/dist-packages/airflow/example_dags/example_dynamic_task_mapping.py
[2024-03-12T09:23:48.178+0000] {processor.py:840} INFO - DAG(s) 'example_dynamic_task_mapping' retrieved from /usr/local/lib/python3.10/dist-packages/airflow/example_dags/example_dynamic_task_mapping.py
[2024-03-12T09:23:48.210+0000] {logging_mixin.py:188} INFO - [2024-03-12T09:23:48.210+0000] {dag.py:3047} INFO - Sync 1 DAGs
[2024-03-12T09:23:48.262+0000] {logging_mixin.py:188} INFO - [2024-03-12T09:23:48.262+0000] {dag.py:3834} INFO - Setting next_dagrun for example_dynamic_task_mapping to 2022-03-04 00:00:00+00:00, run_after=2022-03-05 00:00:00+00:00
[2024-03-12T09:23:48.305+0000] {processor.py:183} INFO - Processing /usr/local/lib/python3.10/dist-packages/airflow/example_dags/example_dynamic_task_mapping.py took 0.147 seconds
[2024-03-12T09:24:41.238+0000] {processor.py:161} INFO - Started process (PID=14113) to work on /usr/local/lib/python3.10/dist-packages/airflow/example_dags/example_dynamic_task_mapping.py
[2024-03-12T09:24:41.240+0000] {processor.py:830} INFO - Processing file /usr/local/lib/python3.10/dist-packages/airflow/example_dags/example_dynamic_task_mapping.py for tasks to queue
[2024-03-12T09:24:41.241+0000] {logging_mixin.py:188} INFO - [2024-03-12T09:24:41.241+0000] {dagbag.py:540} INFO - Filling up the DagBag from /usr/local/lib/python3.10/dist-packages/airflow/example_dags/example_dynamic_task_mapping.py
[2024-03-12T09:24:41.266+0000] {processor.py:840} INFO - DAG(s) 'example_dynamic_task_mapping' retrieved from /usr/local/lib/python3.10/dist-packages/airflow/example_dags/example_dynamic_task_mapping.py
[2024-03-12T09:24:41.304+0000] {logging_mixin.py:188} INFO - [2024-03-12T09:24:41.304+0000] {dag.py:3047} INFO - Sync 1 DAGs
[2024-03-12T09:24:41.571+0000] {logging_mixin.py:188} INFO - [2024-03-12T09:24:41.571+0000] {dag.py:3834} INFO - Setting next_dagrun for example_dynamic_task_mapping to 2022-03-04 00:00:00+00:00, run_after=2022-03-05 00:00:00+00:00
[2024-03-12T09:24:41.600+0000] {processor.py:183} INFO - Processing /usr/local/lib/python3.10/dist-packages/airflow/example_dags/example_dynamic_task_mapping.py took 0.366 seconds
[2024-03-12T09:25:36.297+0000] {processor.py:161} INFO - Started process (PID=14162) to work on /usr/local/lib/python3.10/dist-packages/airflow/example_dags/example_dynamic_task_mapping.py
[2024-03-12T09:25:36.299+0000] {processor.py:830} INFO - Processing file /usr/local/lib/python3.10/dist-packages/airflow/example_dags/example_dynamic_task_mapping.py for tasks to queue
[2024-03-12T09:25:36.301+0000] {logging_mixin.py:188} INFO - [2024-03-12T09:25:36.301+0000] {dagbag.py:540} INFO - Filling up the DagBag from /usr/local/lib/python3.10/dist-packages/airflow/example_dags/example_dynamic_task_mapping.py
[2024-03-12T09:25:36.311+0000] {processor.py:840} INFO - DAG(s) 'example_dynamic_task_mapping' retrieved from /usr/local/lib/python3.10/dist-packages/airflow/example_dags/example_dynamic_task_mapping.py
[2024-03-12T09:25:36.339+0000] {logging_mixin.py:188} INFO - [2024-03-12T09:25:36.338+0000] {dag.py:3047} INFO - Sync 1 DAGs
[2024-03-12T09:25:36.372+0000] {logging_mixin.py:188} INFO - [2024-03-12T09:25:36.372+0000] {dag.py:3834} INFO - Setting next_dagrun for example_dynamic_task_mapping to 2022-03-04 00:00:00+00:00, run_after=2022-03-05 00:00:00+00:00
[2024-03-12T09:25:36.409+0000] {processor.py:183} INFO - Processing /usr/local/lib/python3.10/dist-packages/airflow/example_dags/example_dynamic_task_mapping.py took 0.119 seconds
[2024-03-12T09:26:18.510+0000] {processor.py:161} INFO - Started process (PID=14206) to work on /usr/local/lib/python3.10/dist-packages/airflow/example_dags/example_dynamic_task_mapping.py
[2024-03-12T09:26:18.512+0000] {processor.py:830} INFO - Processing file /usr/local/lib/python3.10/dist-packages/airflow/example_dags/example_dynamic_task_mapping.py for tasks to queue
[2024-03-12T09:26:18.514+0000] {logging_mixin.py:188} INFO - [2024-03-12T09:26:18.513+0000] {dagbag.py:540} INFO - Filling up the DagBag from /usr/local/lib/python3.10/dist-packages/airflow/example_dags/example_dynamic_task_mapping.py
[2024-03-12T09:26:18.523+0000] {processor.py:840} INFO - DAG(s) 'example_dynamic_task_mapping' retrieved from /usr/local/lib/python3.10/dist-packages/airflow/example_dags/example_dynamic_task_mapping.py
[2024-03-12T09:26:18.559+0000] {logging_mixin.py:188} INFO - [2024-03-12T09:26:18.559+0000] {dag.py:3047} INFO - Sync 1 DAGs
[2024-03-12T09:26:18.599+0000] {logging_mixin.py:188} INFO - [2024-03-12T09:26:18.599+0000] {dag.py:3834} INFO - Setting next_dagrun for example_dynamic_task_mapping to 2022-03-04 00:00:00+00:00, run_after=2022-03-05 00:00:00+00:00
[2024-03-12T09:26:18.635+0000] {processor.py:183} INFO - Processing /usr/local/lib/python3.10/dist-packages/airflow/example_dags/example_dynamic_task_mapping.py took 0.136 seconds
[2024-03-12T09:27:19.958+0000] {processor.py:161} INFO - Started process (PID=14266) to work on /usr/local/lib/python3.10/dist-packages/airflow/example_dags/example_dynamic_task_mapping.py
[2024-03-12T09:27:19.960+0000] {processor.py:830} INFO - Processing file /usr/local/lib/python3.10/dist-packages/airflow/example_dags/example_dynamic_task_mapping.py for tasks to queue
[2024-03-12T09:27:19.961+0000] {logging_mixin.py:188} INFO - [2024-03-12T09:27:19.961+0000] {dagbag.py:540} INFO - Filling up the DagBag from /usr/local/lib/python3.10/dist-packages/airflow/example_dags/example_dynamic_task_mapping.py
[2024-03-12T09:27:19.974+0000] {processor.py:840} INFO - DAG(s) 'example_dynamic_task_mapping' retrieved from /usr/local/lib/python3.10/dist-packages/airflow/example_dags/example_dynamic_task_mapping.py
[2024-03-12T09:27:20.016+0000] {logging_mixin.py:188} INFO - [2024-03-12T09:27:20.016+0000] {dag.py:3047} INFO - Sync 1 DAGs
[2024-03-12T09:27:20.056+0000] {logging_mixin.py:188} INFO - [2024-03-12T09:27:20.056+0000] {dag.py:3834} INFO - Setting next_dagrun for example_dynamic_task_mapping to 2022-03-04 00:00:00+00:00, run_after=2022-03-05 00:00:00+00:00
[2024-03-12T09:27:20.086+0000] {processor.py:183} INFO - Processing /usr/local/lib/python3.10/dist-packages/airflow/example_dags/example_dynamic_task_mapping.py took 0.136 seconds
[2024-03-12T09:28:04.862+0000] {processor.py:161} INFO - Started process (PID=14310) to work on /usr/local/lib/python3.10/dist-packages/airflow/example_dags/example_dynamic_task_mapping.py
[2024-03-12T09:28:04.863+0000] {processor.py:830} INFO - Processing file /usr/local/lib/python3.10/dist-packages/airflow/example_dags/example_dynamic_task_mapping.py for tasks to queue
[2024-03-12T09:28:04.864+0000] {logging_mixin.py:188} INFO - [2024-03-12T09:28:04.864+0000] {dagbag.py:540} INFO - Filling up the DagBag from /usr/local/lib/python3.10/dist-packages/airflow/example_dags/example_dynamic_task_mapping.py
[2024-03-12T09:28:04.875+0000] {processor.py:840} INFO - DAG(s) 'example_dynamic_task_mapping' retrieved from /usr/local/lib/python3.10/dist-packages/airflow/example_dags/example_dynamic_task_mapping.py
[2024-03-12T09:28:04.899+0000] {logging_mixin.py:188} INFO - [2024-03-12T09:28:04.899+0000] {dag.py:3047} INFO - Sync 1 DAGs
[2024-03-12T09:28:04.925+0000] {logging_mixin.py:188} INFO - [2024-03-12T09:28:04.924+0000] {dag.py:3834} INFO - Setting next_dagrun for example_dynamic_task_mapping to 2022-03-04 00:00:00+00:00, run_after=2022-03-05 00:00:00+00:00
[2024-03-12T09:28:04.959+0000] {processor.py:183} INFO - Processing /usr/local/lib/python3.10/dist-packages/airflow/example_dags/example_dynamic_task_mapping.py took 0.101 seconds
[2024-03-12T09:29:04.334+0000] {processor.py:161} INFO - Started process (PID=14370) to work on /usr/local/lib/python3.10/dist-packages/airflow/example_dags/example_dynamic_task_mapping.py
[2024-03-12T09:29:04.336+0000] {processor.py:830} INFO - Processing file /usr/local/lib/python3.10/dist-packages/airflow/example_dags/example_dynamic_task_mapping.py for tasks to queue
[2024-03-12T09:29:04.336+0000] {logging_mixin.py:188} INFO - [2024-03-12T09:29:04.336+0000] {dagbag.py:540} INFO - Filling up the DagBag from /usr/local/lib/python3.10/dist-packages/airflow/example_dags/example_dynamic_task_mapping.py
[2024-03-12T09:29:04.344+0000] {processor.py:840} INFO - DAG(s) 'example_dynamic_task_mapping' retrieved from /usr/local/lib/python3.10/dist-packages/airflow/example_dags/example_dynamic_task_mapping.py
[2024-03-12T09:29:04.362+0000] {logging_mixin.py:188} INFO - [2024-03-12T09:29:04.361+0000] {dag.py:3047} INFO - Sync 1 DAGs
[2024-03-12T09:29:04.384+0000] {logging_mixin.py:188} INFO - [2024-03-12T09:29:04.384+0000] {dag.py:3834} INFO - Setting next_dagrun for example_dynamic_task_mapping to 2022-03-04 00:00:00+00:00, run_after=2022-03-05 00:00:00+00:00
[2024-03-12T09:29:04.407+0000] {processor.py:183} INFO - Processing /usr/local/lib/python3.10/dist-packages/airflow/example_dags/example_dynamic_task_mapping.py took 0.076 seconds
[2024-03-12T09:30:03.856+0000] {processor.py:161} INFO - Started process (PID=14428) to work on /usr/local/lib/python3.10/dist-packages/airflow/example_dags/example_dynamic_task_mapping.py
[2024-03-12T09:30:03.857+0000] {processor.py:830} INFO - Processing file /usr/local/lib/python3.10/dist-packages/airflow/example_dags/example_dynamic_task_mapping.py for tasks to queue
[2024-03-12T09:30:03.858+0000] {logging_mixin.py:188} INFO - [2024-03-12T09:30:03.858+0000] {dagbag.py:540} INFO - Filling up the DagBag from /usr/local/lib/python3.10/dist-packages/airflow/example_dags/example_dynamic_task_mapping.py
[2024-03-12T09:30:03.867+0000] {processor.py:840} INFO - DAG(s) 'example_dynamic_task_mapping' retrieved from /usr/local/lib/python3.10/dist-packages/airflow/example_dags/example_dynamic_task_mapping.py
[2024-03-12T09:30:03.884+0000] {logging_mixin.py:188} INFO - [2024-03-12T09:30:03.884+0000] {dag.py:3047} INFO - Sync 1 DAGs
[2024-03-12T09:30:03.910+0000] {logging_mixin.py:188} INFO - [2024-03-12T09:30:03.908+0000] {dag.py:3834} INFO - Setting next_dagrun for example_dynamic_task_mapping to 2022-03-04 00:00:00+00:00, run_after=2022-03-05 00:00:00+00:00
[2024-03-12T09:30:03.952+0000] {processor.py:183} INFO - Processing /usr/local/lib/python3.10/dist-packages/airflow/example_dags/example_dynamic_task_mapping.py took 0.100 seconds
[2024-03-12T09:31:06.480+0000] {processor.py:161} INFO - Started process (PID=14489) to work on /usr/local/lib/python3.10/dist-packages/airflow/example_dags/example_dynamic_task_mapping.py
[2024-03-12T09:31:06.486+0000] {processor.py:830} INFO - Processing file /usr/local/lib/python3.10/dist-packages/airflow/example_dags/example_dynamic_task_mapping.py for tasks to queue
[2024-03-12T09:31:06.487+0000] {logging_mixin.py:188} INFO - [2024-03-12T09:31:06.486+0000] {dagbag.py:540} INFO - Filling up the DagBag from /usr/local/lib/python3.10/dist-packages/airflow/example_dags/example_dynamic_task_mapping.py
[2024-03-12T09:31:06.513+0000] {processor.py:840} INFO - DAG(s) 'example_dynamic_task_mapping' retrieved from /usr/local/lib/python3.10/dist-packages/airflow/example_dags/example_dynamic_task_mapping.py
[2024-03-12T09:31:06.550+0000] {logging_mixin.py:188} INFO - [2024-03-12T09:31:06.548+0000] {dag.py:3047} INFO - Sync 1 DAGs
[2024-03-12T09:31:06.613+0000] {logging_mixin.py:188} INFO - [2024-03-12T09:31:06.612+0000] {dag.py:3834} INFO - Setting next_dagrun for example_dynamic_task_mapping to 2022-03-04 00:00:00+00:00, run_after=2022-03-05 00:00:00+00:00
[2024-03-12T09:31:06.654+0000] {processor.py:183} INFO - Processing /usr/local/lib/python3.10/dist-packages/airflow/example_dags/example_dynamic_task_mapping.py took 0.186 seconds
[2024-03-12T09:32:09.649+0000] {processor.py:161} INFO - Started process (PID=14550) to work on /usr/local/lib/python3.10/dist-packages/airflow/example_dags/example_dynamic_task_mapping.py
[2024-03-12T09:32:09.653+0000] {processor.py:830} INFO - Processing file /usr/local/lib/python3.10/dist-packages/airflow/example_dags/example_dynamic_task_mapping.py for tasks to queue
[2024-03-12T09:32:09.655+0000] {logging_mixin.py:188} INFO - [2024-03-12T09:32:09.655+0000] {dagbag.py:540} INFO - Filling up the DagBag from /usr/local/lib/python3.10/dist-packages/airflow/example_dags/example_dynamic_task_mapping.py
[2024-03-12T09:32:09.672+0000] {processor.py:840} INFO - DAG(s) 'example_dynamic_task_mapping' retrieved from /usr/local/lib/python3.10/dist-packages/airflow/example_dags/example_dynamic_task_mapping.py
[2024-03-12T09:32:09.689+0000] {logging_mixin.py:188} INFO - [2024-03-12T09:32:09.689+0000] {dag.py:3047} INFO - Sync 1 DAGs
[2024-03-12T09:32:09.716+0000] {logging_mixin.py:188} INFO - [2024-03-12T09:32:09.716+0000] {dag.py:3834} INFO - Setting next_dagrun for example_dynamic_task_mapping to 2022-03-04 00:00:00+00:00, run_after=2022-03-05 00:00:00+00:00
[2024-03-12T09:32:09.744+0000] {processor.py:183} INFO - Processing /usr/local/lib/python3.10/dist-packages/airflow/example_dags/example_dynamic_task_mapping.py took 0.101 seconds
[2024-03-12T09:33:14.901+0000] {processor.py:161} INFO - Started process (PID=14613) to work on /usr/local/lib/python3.10/dist-packages/airflow/example_dags/example_dynamic_task_mapping.py
[2024-03-12T09:33:14.904+0000] {processor.py:830} INFO - Processing file /usr/local/lib/python3.10/dist-packages/airflow/example_dags/example_dynamic_task_mapping.py for tasks to queue
[2024-03-12T09:33:14.905+0000] {logging_mixin.py:188} INFO - [2024-03-12T09:33:14.905+0000] {dagbag.py:540} INFO - Filling up the DagBag from /usr/local/lib/python3.10/dist-packages/airflow/example_dags/example_dynamic_task_mapping.py
[2024-03-12T09:33:14.916+0000] {processor.py:840} INFO - DAG(s) 'example_dynamic_task_mapping' retrieved from /usr/local/lib/python3.10/dist-packages/airflow/example_dags/example_dynamic_task_mapping.py
[2024-03-12T09:33:14.935+0000] {logging_mixin.py:188} INFO - [2024-03-12T09:33:14.935+0000] {dag.py:3047} INFO - Sync 1 DAGs
[2024-03-12T09:33:14.960+0000] {logging_mixin.py:188} INFO - [2024-03-12T09:33:14.959+0000] {dag.py:3834} INFO - Setting next_dagrun for example_dynamic_task_mapping to 2022-03-04 00:00:00+00:00, run_after=2022-03-05 00:00:00+00:00
[2024-03-12T09:33:14.987+0000] {processor.py:183} INFO - Processing /usr/local/lib/python3.10/dist-packages/airflow/example_dags/example_dynamic_task_mapping.py took 0.093 seconds
[2024-03-12T09:33:57.981+0000] {processor.py:161} INFO - Started process (PID=14656) to work on /usr/local/lib/python3.10/dist-packages/airflow/example_dags/example_dynamic_task_mapping.py
[2024-03-12T09:33:57.982+0000] {processor.py:830} INFO - Processing file /usr/local/lib/python3.10/dist-packages/airflow/example_dags/example_dynamic_task_mapping.py for tasks to queue
[2024-03-12T09:33:57.983+0000] {logging_mixin.py:188} INFO - [2024-03-12T09:33:57.983+0000] {dagbag.py:540} INFO - Filling up the DagBag from /usr/local/lib/python3.10/dist-packages/airflow/example_dags/example_dynamic_task_mapping.py
[2024-03-12T09:33:57.992+0000] {processor.py:840} INFO - DAG(s) 'example_dynamic_task_mapping' retrieved from /usr/local/lib/python3.10/dist-packages/airflow/example_dags/example_dynamic_task_mapping.py
[2024-03-12T09:33:58.020+0000] {logging_mixin.py:188} INFO - [2024-03-12T09:33:58.020+0000] {dag.py:3047} INFO - Sync 1 DAGs
[2024-03-12T09:33:58.051+0000] {logging_mixin.py:188} INFO - [2024-03-12T09:33:58.050+0000] {dag.py:3834} INFO - Setting next_dagrun for example_dynamic_task_mapping to 2022-03-04 00:00:00+00:00, run_after=2022-03-05 00:00:00+00:00
[2024-03-12T09:33:58.078+0000] {processor.py:183} INFO - Processing /usr/local/lib/python3.10/dist-packages/airflow/example_dags/example_dynamic_task_mapping.py took 0.103 seconds
[2024-03-12T09:35:03.195+0000] {processor.py:161} INFO - Started process (PID=14717) to work on /usr/local/lib/python3.10/dist-packages/airflow/example_dags/example_dynamic_task_mapping.py
[2024-03-12T09:35:03.197+0000] {processor.py:830} INFO - Processing file /usr/local/lib/python3.10/dist-packages/airflow/example_dags/example_dynamic_task_mapping.py for tasks to queue
[2024-03-12T09:35:03.198+0000] {logging_mixin.py:188} INFO - [2024-03-12T09:35:03.197+0000] {dagbag.py:540} INFO - Filling up the DagBag from /usr/local/lib/python3.10/dist-packages/airflow/example_dags/example_dynamic_task_mapping.py
[2024-03-12T09:35:03.220+0000] {processor.py:840} INFO - DAG(s) 'example_dynamic_task_mapping' retrieved from /usr/local/lib/python3.10/dist-packages/airflow/example_dags/example_dynamic_task_mapping.py
[2024-03-12T09:35:03.245+0000] {logging_mixin.py:188} INFO - [2024-03-12T09:35:03.244+0000] {dag.py:3047} INFO - Sync 1 DAGs
[2024-03-12T09:35:03.276+0000] {logging_mixin.py:188} INFO - [2024-03-12T09:35:03.276+0000] {dag.py:3834} INFO - Setting next_dagrun for example_dynamic_task_mapping to 2022-03-04 00:00:00+00:00, run_after=2022-03-05 00:00:00+00:00
[2024-03-12T09:35:03.325+0000] {processor.py:183} INFO - Processing /usr/local/lib/python3.10/dist-packages/airflow/example_dags/example_dynamic_task_mapping.py took 0.136 seconds
[2024-03-12T09:35:48.470+0000] {processor.py:161} INFO - Started process (PID=14761) to work on /usr/local/lib/python3.10/dist-packages/airflow/example_dags/example_dynamic_task_mapping.py
[2024-03-12T09:35:48.471+0000] {processor.py:830} INFO - Processing file /usr/local/lib/python3.10/dist-packages/airflow/example_dags/example_dynamic_task_mapping.py for tasks to queue
[2024-03-12T09:35:48.472+0000] {logging_mixin.py:188} INFO - [2024-03-12T09:35:48.472+0000] {dagbag.py:540} INFO - Filling up the DagBag from /usr/local/lib/python3.10/dist-packages/airflow/example_dags/example_dynamic_task_mapping.py
[2024-03-12T09:35:48.481+0000] {processor.py:840} INFO - DAG(s) 'example_dynamic_task_mapping' retrieved from /usr/local/lib/python3.10/dist-packages/airflow/example_dags/example_dynamic_task_mapping.py
[2024-03-12T09:35:48.497+0000] {logging_mixin.py:188} INFO - [2024-03-12T09:35:48.497+0000] {dag.py:3047} INFO - Sync 1 DAGs
[2024-03-12T09:35:48.520+0000] {logging_mixin.py:188} INFO - [2024-03-12T09:35:48.520+0000] {dag.py:3834} INFO - Setting next_dagrun for example_dynamic_task_mapping to 2022-03-04 00:00:00+00:00, run_after=2022-03-05 00:00:00+00:00
[2024-03-12T09:35:48.545+0000] {processor.py:183} INFO - Processing /usr/local/lib/python3.10/dist-packages/airflow/example_dags/example_dynamic_task_mapping.py took 0.079 seconds
[2024-03-12T09:36:49.469+0000] {processor.py:161} INFO - Started process (PID=14820) to work on /usr/local/lib/python3.10/dist-packages/airflow/example_dags/example_dynamic_task_mapping.py
[2024-03-12T09:36:49.471+0000] {processor.py:830} INFO - Processing file /usr/local/lib/python3.10/dist-packages/airflow/example_dags/example_dynamic_task_mapping.py for tasks to queue
[2024-03-12T09:36:49.473+0000] {logging_mixin.py:188} INFO - [2024-03-12T09:36:49.472+0000] {dagbag.py:540} INFO - Filling up the DagBag from /usr/local/lib/python3.10/dist-packages/airflow/example_dags/example_dynamic_task_mapping.py
[2024-03-12T09:36:49.488+0000] {processor.py:840} INFO - DAG(s) 'example_dynamic_task_mapping' retrieved from /usr/local/lib/python3.10/dist-packages/airflow/example_dags/example_dynamic_task_mapping.py
[2024-03-12T09:36:49.505+0000] {logging_mixin.py:188} INFO - [2024-03-12T09:36:49.505+0000] {dag.py:3047} INFO - Sync 1 DAGs
[2024-03-12T09:36:49.534+0000] {logging_mixin.py:188} INFO - [2024-03-12T09:36:49.534+0000] {dag.py:3834} INFO - Setting next_dagrun for example_dynamic_task_mapping to 2022-03-04 00:00:00+00:00, run_after=2022-03-05 00:00:00+00:00
[2024-03-12T09:36:49.563+0000] {processor.py:183} INFO - Processing /usr/local/lib/python3.10/dist-packages/airflow/example_dags/example_dynamic_task_mapping.py took 0.098 seconds
[2024-03-12T09:37:52.295+0000] {processor.py:161} INFO - Started process (PID=14882) to work on /usr/local/lib/python3.10/dist-packages/airflow/example_dags/example_dynamic_task_mapping.py
[2024-03-12T09:37:52.298+0000] {processor.py:830} INFO - Processing file /usr/local/lib/python3.10/dist-packages/airflow/example_dags/example_dynamic_task_mapping.py for tasks to queue
[2024-03-12T09:37:52.299+0000] {logging_mixin.py:188} INFO - [2024-03-12T09:37:52.299+0000] {dagbag.py:540} INFO - Filling up the DagBag from /usr/local/lib/python3.10/dist-packages/airflow/example_dags/example_dynamic_task_mapping.py
[2024-03-12T09:37:52.316+0000] {processor.py:840} INFO - DAG(s) 'example_dynamic_task_mapping' retrieved from /usr/local/lib/python3.10/dist-packages/airflow/example_dags/example_dynamic_task_mapping.py
[2024-03-12T09:37:52.337+0000] {logging_mixin.py:188} INFO - [2024-03-12T09:37:52.337+0000] {dag.py:3047} INFO - Sync 1 DAGs
[2024-03-12T09:37:52.358+0000] {logging_mixin.py:188} INFO - [2024-03-12T09:37:52.358+0000] {dag.py:3834} INFO - Setting next_dagrun for example_dynamic_task_mapping to 2022-03-04 00:00:00+00:00, run_after=2022-03-05 00:00:00+00:00
[2024-03-12T09:37:52.383+0000] {processor.py:183} INFO - Processing /usr/local/lib/python3.10/dist-packages/airflow/example_dags/example_dynamic_task_mapping.py took 0.099 seconds
[2024-03-12T09:38:54.736+0000] {processor.py:161} INFO - Started process (PID=14942) to work on /usr/local/lib/python3.10/dist-packages/airflow/example_dags/example_dynamic_task_mapping.py
[2024-03-12T09:38:54.738+0000] {processor.py:830} INFO - Processing file /usr/local/lib/python3.10/dist-packages/airflow/example_dags/example_dynamic_task_mapping.py for tasks to queue
[2024-03-12T09:38:54.739+0000] {logging_mixin.py:188} INFO - [2024-03-12T09:38:54.738+0000] {dagbag.py:540} INFO - Filling up the DagBag from /usr/local/lib/python3.10/dist-packages/airflow/example_dags/example_dynamic_task_mapping.py
[2024-03-12T09:38:54.756+0000] {processor.py:840} INFO - DAG(s) 'example_dynamic_task_mapping' retrieved from /usr/local/lib/python3.10/dist-packages/airflow/example_dags/example_dynamic_task_mapping.py
[2024-03-12T09:38:54.791+0000] {logging_mixin.py:188} INFO - [2024-03-12T09:38:54.789+0000] {dag.py:3047} INFO - Sync 1 DAGs
[2024-03-12T09:38:54.836+0000] {logging_mixin.py:188} INFO - [2024-03-12T09:38:54.836+0000] {dag.py:3834} INFO - Setting next_dagrun for example_dynamic_task_mapping to 2022-03-04 00:00:00+00:00, run_after=2022-03-05 00:00:00+00:00
[2024-03-12T09:38:54.899+0000] {processor.py:183} INFO - Processing /usr/local/lib/python3.10/dist-packages/airflow/example_dags/example_dynamic_task_mapping.py took 0.173 seconds
[2024-03-12T09:39:58.875+0000] {processor.py:161} INFO - Started process (PID=15004) to work on /usr/local/lib/python3.10/dist-packages/airflow/example_dags/example_dynamic_task_mapping.py
[2024-03-12T09:39:58.877+0000] {processor.py:830} INFO - Processing file /usr/local/lib/python3.10/dist-packages/airflow/example_dags/example_dynamic_task_mapping.py for tasks to queue
[2024-03-12T09:39:58.879+0000] {logging_mixin.py:188} INFO - [2024-03-12T09:39:58.878+0000] {dagbag.py:540} INFO - Filling up the DagBag from /usr/local/lib/python3.10/dist-packages/airflow/example_dags/example_dynamic_task_mapping.py
[2024-03-12T09:39:58.887+0000] {processor.py:840} INFO - DAG(s) 'example_dynamic_task_mapping' retrieved from /usr/local/lib/python3.10/dist-packages/airflow/example_dags/example_dynamic_task_mapping.py
[2024-03-12T09:39:58.906+0000] {logging_mixin.py:188} INFO - [2024-03-12T09:39:58.905+0000] {dag.py:3047} INFO - Sync 1 DAGs
[2024-03-12T09:39:58.930+0000] {logging_mixin.py:188} INFO - [2024-03-12T09:39:58.930+0000] {dag.py:3834} INFO - Setting next_dagrun for example_dynamic_task_mapping to 2022-03-04 00:00:00+00:00, run_after=2022-03-05 00:00:00+00:00
[2024-03-12T09:39:58.992+0000] {processor.py:183} INFO - Processing /usr/local/lib/python3.10/dist-packages/airflow/example_dags/example_dynamic_task_mapping.py took 0.122 seconds
[2024-03-12T09:40:42.127+0000] {processor.py:161} INFO - Started process (PID=15045) to work on /usr/local/lib/python3.10/dist-packages/airflow/example_dags/example_dynamic_task_mapping.py
[2024-03-12T09:40:42.129+0000] {processor.py:830} INFO - Processing file /usr/local/lib/python3.10/dist-packages/airflow/example_dags/example_dynamic_task_mapping.py for tasks to queue
[2024-03-12T09:40:42.133+0000] {logging_mixin.py:188} INFO - [2024-03-12T09:40:42.130+0000] {dagbag.py:540} INFO - Filling up the DagBag from /usr/local/lib/python3.10/dist-packages/airflow/example_dags/example_dynamic_task_mapping.py
[2024-03-12T09:40:42.144+0000] {processor.py:840} INFO - DAG(s) 'example_dynamic_task_mapping' retrieved from /usr/local/lib/python3.10/dist-packages/airflow/example_dags/example_dynamic_task_mapping.py
[2024-03-12T09:40:42.166+0000] {logging_mixin.py:188} INFO - [2024-03-12T09:40:42.165+0000] {dag.py:3047} INFO - Sync 1 DAGs
[2024-03-12T09:40:42.192+0000] {logging_mixin.py:188} INFO - [2024-03-12T09:40:42.191+0000] {dag.py:3834} INFO - Setting next_dagrun for example_dynamic_task_mapping to 2022-03-04 00:00:00+00:00, run_after=2022-03-05 00:00:00+00:00
[2024-03-12T09:40:42.232+0000] {processor.py:183} INFO - Processing /usr/local/lib/python3.10/dist-packages/airflow/example_dags/example_dynamic_task_mapping.py took 0.116 seconds
[2024-03-12T09:41:44.375+0000] {processor.py:161} INFO - Started process (PID=15105) to work on /usr/local/lib/python3.10/dist-packages/airflow/example_dags/example_dynamic_task_mapping.py
[2024-03-12T09:41:44.377+0000] {processor.py:830} INFO - Processing file /usr/local/lib/python3.10/dist-packages/airflow/example_dags/example_dynamic_task_mapping.py for tasks to queue
[2024-03-12T09:41:44.378+0000] {logging_mixin.py:188} INFO - [2024-03-12T09:41:44.377+0000] {dagbag.py:540} INFO - Filling up the DagBag from /usr/local/lib/python3.10/dist-packages/airflow/example_dags/example_dynamic_task_mapping.py
[2024-03-12T09:41:44.392+0000] {processor.py:840} INFO - DAG(s) 'example_dynamic_task_mapping' retrieved from /usr/local/lib/python3.10/dist-packages/airflow/example_dags/example_dynamic_task_mapping.py
[2024-03-12T09:41:44.421+0000] {logging_mixin.py:188} INFO - [2024-03-12T09:41:44.420+0000] {dag.py:3047} INFO - Sync 1 DAGs
[2024-03-12T09:41:44.470+0000] {logging_mixin.py:188} INFO - [2024-03-12T09:41:44.470+0000] {dag.py:3834} INFO - Setting next_dagrun for example_dynamic_task_mapping to 2022-03-04 00:00:00+00:00, run_after=2022-03-05 00:00:00+00:00
[2024-03-12T09:41:44.536+0000] {processor.py:183} INFO - Processing /usr/local/lib/python3.10/dist-packages/airflow/example_dags/example_dynamic_task_mapping.py took 0.166 seconds
[2024-03-12T09:42:27.094+0000] {processor.py:161} INFO - Started process (PID=15150) to work on /usr/local/lib/python3.10/dist-packages/airflow/example_dags/example_dynamic_task_mapping.py
[2024-03-12T09:42:27.095+0000] {processor.py:830} INFO - Processing file /usr/local/lib/python3.10/dist-packages/airflow/example_dags/example_dynamic_task_mapping.py for tasks to queue
[2024-03-12T09:42:27.097+0000] {logging_mixin.py:188} INFO - [2024-03-12T09:42:27.096+0000] {dagbag.py:540} INFO - Filling up the DagBag from /usr/local/lib/python3.10/dist-packages/airflow/example_dags/example_dynamic_task_mapping.py
[2024-03-12T09:42:27.105+0000] {processor.py:840} INFO - DAG(s) 'example_dynamic_task_mapping' retrieved from /usr/local/lib/python3.10/dist-packages/airflow/example_dags/example_dynamic_task_mapping.py
[2024-03-12T09:42:27.123+0000] {logging_mixin.py:188} INFO - [2024-03-12T09:42:27.123+0000] {dag.py:3047} INFO - Sync 1 DAGs
[2024-03-12T09:42:27.147+0000] {logging_mixin.py:188} INFO - [2024-03-12T09:42:27.147+0000] {dag.py:3834} INFO - Setting next_dagrun for example_dynamic_task_mapping to 2022-03-04 00:00:00+00:00, run_after=2022-03-05 00:00:00+00:00
[2024-03-12T09:42:27.173+0000] {processor.py:183} INFO - Processing /usr/local/lib/python3.10/dist-packages/airflow/example_dags/example_dynamic_task_mapping.py took 0.085 seconds
[2024-03-12T09:43:26.843+0000] {processor.py:161} INFO - Started process (PID=15281) to work on /usr/local/lib/python3.10/dist-packages/airflow/example_dags/example_dynamic_task_mapping.py
[2024-03-12T09:43:26.845+0000] {processor.py:830} INFO - Processing file /usr/local/lib/python3.10/dist-packages/airflow/example_dags/example_dynamic_task_mapping.py for tasks to queue
[2024-03-12T09:43:26.846+0000] {logging_mixin.py:188} INFO - [2024-03-12T09:43:26.845+0000] {dagbag.py:540} INFO - Filling up the DagBag from /usr/local/lib/python3.10/dist-packages/airflow/example_dags/example_dynamic_task_mapping.py
[2024-03-12T09:43:26.853+0000] {processor.py:840} INFO - DAG(s) 'example_dynamic_task_mapping' retrieved from /usr/local/lib/python3.10/dist-packages/airflow/example_dags/example_dynamic_task_mapping.py
[2024-03-12T09:43:26.870+0000] {logging_mixin.py:188} INFO - [2024-03-12T09:43:26.869+0000] {dag.py:3047} INFO - Sync 1 DAGs
[2024-03-12T09:43:26.891+0000] {logging_mixin.py:188} INFO - [2024-03-12T09:43:26.891+0000] {dag.py:3834} INFO - Setting next_dagrun for example_dynamic_task_mapping to 2022-03-04 00:00:00+00:00, run_after=2022-03-05 00:00:00+00:00
[2024-03-12T09:43:26.914+0000] {processor.py:183} INFO - Processing /usr/local/lib/python3.10/dist-packages/airflow/example_dags/example_dynamic_task_mapping.py took 0.075 seconds
[2024-03-12T09:44:12.533+0000] {processor.py:161} INFO - Started process (PID=15337) to work on /usr/local/lib/python3.10/dist-packages/airflow/example_dags/example_dynamic_task_mapping.py
[2024-03-12T09:44:12.535+0000] {processor.py:830} INFO - Processing file /usr/local/lib/python3.10/dist-packages/airflow/example_dags/example_dynamic_task_mapping.py for tasks to queue
[2024-03-12T09:44:12.536+0000] {logging_mixin.py:188} INFO - [2024-03-12T09:44:12.535+0000] {dagbag.py:540} INFO - Filling up the DagBag from /usr/local/lib/python3.10/dist-packages/airflow/example_dags/example_dynamic_task_mapping.py
[2024-03-12T09:44:12.544+0000] {processor.py:840} INFO - DAG(s) 'example_dynamic_task_mapping' retrieved from /usr/local/lib/python3.10/dist-packages/airflow/example_dags/example_dynamic_task_mapping.py
[2024-03-12T09:44:12.561+0000] {logging_mixin.py:188} INFO - [2024-03-12T09:44:12.560+0000] {dag.py:3047} INFO - Sync 1 DAGs
[2024-03-12T09:44:12.583+0000] {logging_mixin.py:188} INFO - [2024-03-12T09:44:12.583+0000] {dag.py:3834} INFO - Setting next_dagrun for example_dynamic_task_mapping to 2022-03-04 00:00:00+00:00, run_after=2022-03-05 00:00:00+00:00
[2024-03-12T09:44:12.608+0000] {processor.py:183} INFO - Processing /usr/local/lib/python3.10/dist-packages/airflow/example_dags/example_dynamic_task_mapping.py took 0.078 seconds
[2024-03-12T09:45:17.678+0000] {processor.py:161} INFO - Started process (PID=15401) to work on /usr/local/lib/python3.10/dist-packages/airflow/example_dags/example_dynamic_task_mapping.py
[2024-03-12T09:45:17.684+0000] {processor.py:830} INFO - Processing file /usr/local/lib/python3.10/dist-packages/airflow/example_dags/example_dynamic_task_mapping.py for tasks to queue
[2024-03-12T09:45:17.687+0000] {logging_mixin.py:188} INFO - [2024-03-12T09:45:17.687+0000] {dagbag.py:540} INFO - Filling up the DagBag from /usr/local/lib/python3.10/dist-packages/airflow/example_dags/example_dynamic_task_mapping.py
[2024-03-12T09:45:17.706+0000] {processor.py:840} INFO - DAG(s) 'example_dynamic_task_mapping' retrieved from /usr/local/lib/python3.10/dist-packages/airflow/example_dags/example_dynamic_task_mapping.py
[2024-03-12T09:45:17.742+0000] {logging_mixin.py:188} INFO - [2024-03-12T09:45:17.742+0000] {dag.py:3047} INFO - Sync 1 DAGs
[2024-03-12T09:45:17.792+0000] {logging_mixin.py:188} INFO - [2024-03-12T09:45:17.792+0000] {dag.py:3834} INFO - Setting next_dagrun for example_dynamic_task_mapping to 2022-03-04 00:00:00+00:00, run_after=2022-03-05 00:00:00+00:00
[2024-03-12T09:45:17.841+0000] {processor.py:183} INFO - Processing /usr/local/lib/python3.10/dist-packages/airflow/example_dags/example_dynamic_task_mapping.py took 0.178 seconds
[2024-03-12T09:46:18.534+0000] {processor.py:161} INFO - Started process (PID=15461) to work on /usr/local/lib/python3.10/dist-packages/airflow/example_dags/example_dynamic_task_mapping.py
[2024-03-12T09:46:18.536+0000] {processor.py:830} INFO - Processing file /usr/local/lib/python3.10/dist-packages/airflow/example_dags/example_dynamic_task_mapping.py for tasks to queue
[2024-03-12T09:46:18.537+0000] {logging_mixin.py:188} INFO - [2024-03-12T09:46:18.536+0000] {dagbag.py:540} INFO - Filling up the DagBag from /usr/local/lib/python3.10/dist-packages/airflow/example_dags/example_dynamic_task_mapping.py
[2024-03-12T09:46:18.547+0000] {processor.py:840} INFO - DAG(s) 'example_dynamic_task_mapping' retrieved from /usr/local/lib/python3.10/dist-packages/airflow/example_dags/example_dynamic_task_mapping.py
[2024-03-12T09:46:18.579+0000] {logging_mixin.py:188} INFO - [2024-03-12T09:46:18.579+0000] {dag.py:3047} INFO - Sync 1 DAGs
[2024-03-12T09:46:18.621+0000] {logging_mixin.py:188} INFO - [2024-03-12T09:46:18.621+0000] {dag.py:3834} INFO - Setting next_dagrun for example_dynamic_task_mapping to 2022-03-04 00:00:00+00:00, run_after=2022-03-05 00:00:00+00:00
[2024-03-12T09:46:18.654+0000] {processor.py:183} INFO - Processing /usr/local/lib/python3.10/dist-packages/airflow/example_dags/example_dynamic_task_mapping.py took 0.125 seconds
[2024-03-12T09:47:17.749+0000] {processor.py:161} INFO - Started process (PID=15519) to work on /usr/local/lib/python3.10/dist-packages/airflow/example_dags/example_dynamic_task_mapping.py
[2024-03-12T09:47:17.751+0000] {processor.py:830} INFO - Processing file /usr/local/lib/python3.10/dist-packages/airflow/example_dags/example_dynamic_task_mapping.py for tasks to queue
[2024-03-12T09:47:17.752+0000] {logging_mixin.py:188} INFO - [2024-03-12T09:47:17.752+0000] {dagbag.py:540} INFO - Filling up the DagBag from /usr/local/lib/python3.10/dist-packages/airflow/example_dags/example_dynamic_task_mapping.py
[2024-03-12T09:47:17.767+0000] {processor.py:840} INFO - DAG(s) 'example_dynamic_task_mapping' retrieved from /usr/local/lib/python3.10/dist-packages/airflow/example_dags/example_dynamic_task_mapping.py
[2024-03-12T09:47:17.787+0000] {logging_mixin.py:188} INFO - [2024-03-12T09:47:17.786+0000] {dag.py:3047} INFO - Sync 1 DAGs
[2024-03-12T09:47:17.815+0000] {logging_mixin.py:188} INFO - [2024-03-12T09:47:17.814+0000] {dag.py:3834} INFO - Setting next_dagrun for example_dynamic_task_mapping to 2022-03-04 00:00:00+00:00, run_after=2022-03-05 00:00:00+00:00
[2024-03-12T09:47:17.840+0000] {processor.py:183} INFO - Processing /usr/local/lib/python3.10/dist-packages/airflow/example_dags/example_dynamic_task_mapping.py took 0.095 seconds
[2024-03-12T09:48:21.221+0000] {processor.py:161} INFO - Started process (PID=15584) to work on /usr/local/lib/python3.10/dist-packages/airflow/example_dags/example_dynamic_task_mapping.py
[2024-03-12T09:48:21.223+0000] {processor.py:830} INFO - Processing file /usr/local/lib/python3.10/dist-packages/airflow/example_dags/example_dynamic_task_mapping.py for tasks to queue
[2024-03-12T09:48:21.225+0000] {logging_mixin.py:188} INFO - [2024-03-12T09:48:21.224+0000] {dagbag.py:540} INFO - Filling up the DagBag from /usr/local/lib/python3.10/dist-packages/airflow/example_dags/example_dynamic_task_mapping.py
[2024-03-12T09:48:21.241+0000] {processor.py:840} INFO - DAG(s) 'example_dynamic_task_mapping' retrieved from /usr/local/lib/python3.10/dist-packages/airflow/example_dags/example_dynamic_task_mapping.py
[2024-03-12T09:48:21.271+0000] {logging_mixin.py:188} INFO - [2024-03-12T09:48:21.271+0000] {dag.py:3047} INFO - Sync 1 DAGs
[2024-03-12T09:48:21.300+0000] {logging_mixin.py:188} INFO - [2024-03-12T09:48:21.300+0000] {dag.py:3834} INFO - Setting next_dagrun for example_dynamic_task_mapping to 2022-03-04 00:00:00+00:00, run_after=2022-03-05 00:00:00+00:00
[2024-03-12T09:48:21.325+0000] {processor.py:183} INFO - Processing /usr/local/lib/python3.10/dist-packages/airflow/example_dags/example_dynamic_task_mapping.py took 0.107 seconds
[2024-03-12T09:49:22.123+0000] {processor.py:161} INFO - Started process (PID=15647) to work on /usr/local/lib/python3.10/dist-packages/airflow/example_dags/example_dynamic_task_mapping.py
[2024-03-12T09:49:22.128+0000] {processor.py:830} INFO - Processing file /usr/local/lib/python3.10/dist-packages/airflow/example_dags/example_dynamic_task_mapping.py for tasks to queue
[2024-03-12T09:49:22.130+0000] {logging_mixin.py:188} INFO - [2024-03-12T09:49:22.129+0000] {dagbag.py:540} INFO - Filling up the DagBag from /usr/local/lib/python3.10/dist-packages/airflow/example_dags/example_dynamic_task_mapping.py
[2024-03-12T09:49:22.140+0000] {processor.py:840} INFO - DAG(s) 'example_dynamic_task_mapping' retrieved from /usr/local/lib/python3.10/dist-packages/airflow/example_dags/example_dynamic_task_mapping.py
[2024-03-12T09:49:22.172+0000] {logging_mixin.py:188} INFO - [2024-03-12T09:49:22.172+0000] {dag.py:3047} INFO - Sync 1 DAGs
[2024-03-12T09:49:22.196+0000] {logging_mixin.py:188} INFO - [2024-03-12T09:49:22.196+0000] {dag.py:3834} INFO - Setting next_dagrun for example_dynamic_task_mapping to 2022-03-04 00:00:00+00:00, run_after=2022-03-05 00:00:00+00:00
[2024-03-12T09:49:22.225+0000] {processor.py:183} INFO - Processing /usr/local/lib/python3.10/dist-packages/airflow/example_dags/example_dynamic_task_mapping.py took 0.109 seconds
[2024-03-12T09:50:29.032+0000] {processor.py:161} INFO - Started process (PID=15709) to work on /usr/local/lib/python3.10/dist-packages/airflow/example_dags/example_dynamic_task_mapping.py
[2024-03-12T09:50:29.034+0000] {processor.py:830} INFO - Processing file /usr/local/lib/python3.10/dist-packages/airflow/example_dags/example_dynamic_task_mapping.py for tasks to queue
[2024-03-12T09:50:29.035+0000] {logging_mixin.py:188} INFO - [2024-03-12T09:50:29.034+0000] {dagbag.py:540} INFO - Filling up the DagBag from /usr/local/lib/python3.10/dist-packages/airflow/example_dags/example_dynamic_task_mapping.py
[2024-03-12T09:50:29.043+0000] {processor.py:840} INFO - DAG(s) 'example_dynamic_task_mapping' retrieved from /usr/local/lib/python3.10/dist-packages/airflow/example_dags/example_dynamic_task_mapping.py
[2024-03-12T09:50:29.065+0000] {logging_mixin.py:188} INFO - [2024-03-12T09:50:29.064+0000] {dag.py:3047} INFO - Sync 1 DAGs
[2024-03-12T09:50:29.103+0000] {logging_mixin.py:188} INFO - [2024-03-12T09:50:29.103+0000] {dag.py:3834} INFO - Setting next_dagrun for example_dynamic_task_mapping to 2022-03-04 00:00:00+00:00, run_after=2022-03-05 00:00:00+00:00
[2024-03-12T09:50:29.129+0000] {processor.py:183} INFO - Processing /usr/local/lib/python3.10/dist-packages/airflow/example_dags/example_dynamic_task_mapping.py took 0.101 seconds
[2024-03-12T09:51:14.532+0000] {processor.py:161} INFO - Started process (PID=15751) to work on /usr/local/lib/python3.10/dist-packages/airflow/example_dags/example_dynamic_task_mapping.py
[2024-03-12T09:51:14.534+0000] {processor.py:830} INFO - Processing file /usr/local/lib/python3.10/dist-packages/airflow/example_dags/example_dynamic_task_mapping.py for tasks to queue
[2024-03-12T09:51:14.535+0000] {logging_mixin.py:188} INFO - [2024-03-12T09:51:14.535+0000] {dagbag.py:540} INFO - Filling up the DagBag from /usr/local/lib/python3.10/dist-packages/airflow/example_dags/example_dynamic_task_mapping.py
[2024-03-12T09:51:14.544+0000] {processor.py:840} INFO - DAG(s) 'example_dynamic_task_mapping' retrieved from /usr/local/lib/python3.10/dist-packages/airflow/example_dags/example_dynamic_task_mapping.py
[2024-03-12T09:51:14.562+0000] {logging_mixin.py:188} INFO - [2024-03-12T09:51:14.562+0000] {dag.py:3047} INFO - Sync 1 DAGs
[2024-03-12T09:51:14.592+0000] {logging_mixin.py:188} INFO - [2024-03-12T09:51:14.592+0000] {dag.py:3834} INFO - Setting next_dagrun for example_dynamic_task_mapping to 2022-03-04 00:00:00+00:00, run_after=2022-03-05 00:00:00+00:00
[2024-03-12T09:51:14.629+0000] {processor.py:183} INFO - Processing /usr/local/lib/python3.10/dist-packages/airflow/example_dags/example_dynamic_task_mapping.py took 0.103 seconds
[2024-03-12T09:52:02.265+0000] {processor.py:161} INFO - Started process (PID=15796) to work on /usr/local/lib/python3.10/dist-packages/airflow/example_dags/example_dynamic_task_mapping.py
[2024-03-12T09:52:02.271+0000] {processor.py:830} INFO - Processing file /usr/local/lib/python3.10/dist-packages/airflow/example_dags/example_dynamic_task_mapping.py for tasks to queue
[2024-03-12T09:52:02.275+0000] {logging_mixin.py:188} INFO - [2024-03-12T09:52:02.275+0000] {dagbag.py:540} INFO - Filling up the DagBag from /usr/local/lib/python3.10/dist-packages/airflow/example_dags/example_dynamic_task_mapping.py
[2024-03-12T09:52:02.291+0000] {processor.py:840} INFO - DAG(s) 'example_dynamic_task_mapping' retrieved from /usr/local/lib/python3.10/dist-packages/airflow/example_dags/example_dynamic_task_mapping.py
[2024-03-12T09:52:02.331+0000] {logging_mixin.py:188} INFO - [2024-03-12T09:52:02.329+0000] {dag.py:3047} INFO - Sync 1 DAGs
[2024-03-12T09:52:02.382+0000] {logging_mixin.py:188} INFO - [2024-03-12T09:52:02.382+0000] {dag.py:3834} INFO - Setting next_dagrun for example_dynamic_task_mapping to 2022-03-04 00:00:00+00:00, run_after=2022-03-05 00:00:00+00:00
[2024-03-12T09:52:02.412+0000] {processor.py:183} INFO - Processing /usr/local/lib/python3.10/dist-packages/airflow/example_dags/example_dynamic_task_mapping.py took 0.161 seconds
[2024-03-12T09:52:46.805+0000] {processor.py:161} INFO - Started process (PID=15842) to work on /usr/local/lib/python3.10/dist-packages/airflow/example_dags/example_dynamic_task_mapping.py
[2024-03-12T09:52:46.808+0000] {processor.py:830} INFO - Processing file /usr/local/lib/python3.10/dist-packages/airflow/example_dags/example_dynamic_task_mapping.py for tasks to queue
[2024-03-12T09:52:46.810+0000] {logging_mixin.py:188} INFO - [2024-03-12T09:52:46.809+0000] {dagbag.py:540} INFO - Filling up the DagBag from /usr/local/lib/python3.10/dist-packages/airflow/example_dags/example_dynamic_task_mapping.py
[2024-03-12T09:52:46.831+0000] {processor.py:840} INFO - DAG(s) 'example_dynamic_task_mapping' retrieved from /usr/local/lib/python3.10/dist-packages/airflow/example_dags/example_dynamic_task_mapping.py
[2024-03-12T09:52:46.854+0000] {logging_mixin.py:188} INFO - [2024-03-12T09:52:46.854+0000] {dag.py:3047} INFO - Sync 1 DAGs
[2024-03-12T09:52:46.882+0000] {logging_mixin.py:188} INFO - [2024-03-12T09:52:46.881+0000] {dag.py:3834} INFO - Setting next_dagrun for example_dynamic_task_mapping to 2022-03-04 00:00:00+00:00, run_after=2022-03-05 00:00:00+00:00
[2024-03-12T09:52:46.919+0000] {processor.py:183} INFO - Processing /usr/local/lib/python3.10/dist-packages/airflow/example_dags/example_dynamic_task_mapping.py took 0.119 seconds
[2024-03-12T09:53:52.838+0000] {processor.py:161} INFO - Started process (PID=15905) to work on /usr/local/lib/python3.10/dist-packages/airflow/example_dags/example_dynamic_task_mapping.py
[2024-03-12T09:53:52.840+0000] {processor.py:830} INFO - Processing file /usr/local/lib/python3.10/dist-packages/airflow/example_dags/example_dynamic_task_mapping.py for tasks to queue
[2024-03-12T09:53:52.841+0000] {logging_mixin.py:188} INFO - [2024-03-12T09:53:52.840+0000] {dagbag.py:540} INFO - Filling up the DagBag from /usr/local/lib/python3.10/dist-packages/airflow/example_dags/example_dynamic_task_mapping.py
[2024-03-12T09:53:52.864+0000] {processor.py:840} INFO - DAG(s) 'example_dynamic_task_mapping' retrieved from /usr/local/lib/python3.10/dist-packages/airflow/example_dags/example_dynamic_task_mapping.py
[2024-03-12T09:53:52.898+0000] {logging_mixin.py:188} INFO - [2024-03-12T09:53:52.898+0000] {dag.py:3047} INFO - Sync 1 DAGs
[2024-03-12T09:53:52.930+0000] {logging_mixin.py:188} INFO - [2024-03-12T09:53:52.930+0000] {dag.py:3834} INFO - Setting next_dagrun for example_dynamic_task_mapping to 2022-03-04 00:00:00+00:00, run_after=2022-03-05 00:00:00+00:00
[2024-03-12T09:53:52.977+0000] {processor.py:183} INFO - Processing /usr/local/lib/python3.10/dist-packages/airflow/example_dags/example_dynamic_task_mapping.py took 0.150 seconds
[2024-03-12T09:54:38.877+0000] {processor.py:161} INFO - Started process (PID=15951) to work on /usr/local/lib/python3.10/dist-packages/airflow/example_dags/example_dynamic_task_mapping.py
[2024-03-12T09:54:38.879+0000] {processor.py:830} INFO - Processing file /usr/local/lib/python3.10/dist-packages/airflow/example_dags/example_dynamic_task_mapping.py for tasks to queue
[2024-03-12T09:54:38.881+0000] {logging_mixin.py:188} INFO - [2024-03-12T09:54:38.880+0000] {dagbag.py:540} INFO - Filling up the DagBag from /usr/local/lib/python3.10/dist-packages/airflow/example_dags/example_dynamic_task_mapping.py
[2024-03-12T09:54:38.893+0000] {processor.py:840} INFO - DAG(s) 'example_dynamic_task_mapping' retrieved from /usr/local/lib/python3.10/dist-packages/airflow/example_dags/example_dynamic_task_mapping.py
[2024-03-12T09:54:38.927+0000] {logging_mixin.py:188} INFO - [2024-03-12T09:54:38.927+0000] {dag.py:3047} INFO - Sync 1 DAGs
[2024-03-12T09:54:38.974+0000] {logging_mixin.py:188} INFO - [2024-03-12T09:54:38.973+0000] {dag.py:3834} INFO - Setting next_dagrun for example_dynamic_task_mapping to 2022-03-04 00:00:00+00:00, run_after=2022-03-05 00:00:00+00:00
[2024-03-12T09:54:39.012+0000] {processor.py:183} INFO - Processing /usr/local/lib/python3.10/dist-packages/airflow/example_dags/example_dynamic_task_mapping.py took 0.140 seconds
[2024-03-12T09:55:44.050+0000] {processor.py:161} INFO - Started process (PID=16015) to work on /usr/local/lib/python3.10/dist-packages/airflow/example_dags/example_dynamic_task_mapping.py
[2024-03-12T09:55:44.052+0000] {processor.py:830} INFO - Processing file /usr/local/lib/python3.10/dist-packages/airflow/example_dags/example_dynamic_task_mapping.py for tasks to queue
[2024-03-12T09:55:44.054+0000] {logging_mixin.py:188} INFO - [2024-03-12T09:55:44.053+0000] {dagbag.py:540} INFO - Filling up the DagBag from /usr/local/lib/python3.10/dist-packages/airflow/example_dags/example_dynamic_task_mapping.py
[2024-03-12T09:55:44.065+0000] {processor.py:840} INFO - DAG(s) 'example_dynamic_task_mapping' retrieved from /usr/local/lib/python3.10/dist-packages/airflow/example_dags/example_dynamic_task_mapping.py
[2024-03-12T09:55:44.093+0000] {logging_mixin.py:188} INFO - [2024-03-12T09:55:44.092+0000] {dag.py:3047} INFO - Sync 1 DAGs
[2024-03-12T09:55:44.140+0000] {logging_mixin.py:188} INFO - [2024-03-12T09:55:44.139+0000] {dag.py:3834} INFO - Setting next_dagrun for example_dynamic_task_mapping to 2022-03-04 00:00:00+00:00, run_after=2022-03-05 00:00:00+00:00
[2024-03-12T09:55:44.199+0000] {processor.py:183} INFO - Processing /usr/local/lib/python3.10/dist-packages/airflow/example_dags/example_dynamic_task_mapping.py took 0.153 seconds
[2024-03-12T09:56:28.896+0000] {processor.py:161} INFO - Started process (PID=16058) to work on /usr/local/lib/python3.10/dist-packages/airflow/example_dags/example_dynamic_task_mapping.py
[2024-03-12T09:56:28.898+0000] {processor.py:830} INFO - Processing file /usr/local/lib/python3.10/dist-packages/airflow/example_dags/example_dynamic_task_mapping.py for tasks to queue
[2024-03-12T09:56:28.899+0000] {logging_mixin.py:188} INFO - [2024-03-12T09:56:28.898+0000] {dagbag.py:540} INFO - Filling up the DagBag from /usr/local/lib/python3.10/dist-packages/airflow/example_dags/example_dynamic_task_mapping.py
[2024-03-12T09:56:28.906+0000] {processor.py:840} INFO - DAG(s) 'example_dynamic_task_mapping' retrieved from /usr/local/lib/python3.10/dist-packages/airflow/example_dags/example_dynamic_task_mapping.py
[2024-03-12T09:56:28.921+0000] {logging_mixin.py:188} INFO - [2024-03-12T09:56:28.921+0000] {dag.py:3047} INFO - Sync 1 DAGs
[2024-03-12T09:56:28.942+0000] {logging_mixin.py:188} INFO - [2024-03-12T09:56:28.942+0000] {dag.py:3834} INFO - Setting next_dagrun for example_dynamic_task_mapping to 2022-03-04 00:00:00+00:00, run_after=2022-03-05 00:00:00+00:00
[2024-03-12T09:56:28.969+0000] {processor.py:183} INFO - Processing /usr/local/lib/python3.10/dist-packages/airflow/example_dags/example_dynamic_task_mapping.py took 0.077 seconds
[2024-03-12T09:57:13.014+0000] {processor.py:161} INFO - Started process (PID=16100) to work on /usr/local/lib/python3.10/dist-packages/airflow/example_dags/example_dynamic_task_mapping.py
[2024-03-12T09:57:13.016+0000] {processor.py:830} INFO - Processing file /usr/local/lib/python3.10/dist-packages/airflow/example_dags/example_dynamic_task_mapping.py for tasks to queue
[2024-03-12T09:57:13.017+0000] {logging_mixin.py:188} INFO - [2024-03-12T09:57:13.017+0000] {dagbag.py:540} INFO - Filling up the DagBag from /usr/local/lib/python3.10/dist-packages/airflow/example_dags/example_dynamic_task_mapping.py
[2024-03-12T09:57:13.026+0000] {processor.py:840} INFO - DAG(s) 'example_dynamic_task_mapping' retrieved from /usr/local/lib/python3.10/dist-packages/airflow/example_dags/example_dynamic_task_mapping.py
[2024-03-12T09:57:13.045+0000] {logging_mixin.py:188} INFO - [2024-03-12T09:57:13.044+0000] {dag.py:3047} INFO - Sync 1 DAGs
[2024-03-12T09:57:13.068+0000] {logging_mixin.py:188} INFO - [2024-03-12T09:57:13.068+0000] {dag.py:3834} INFO - Setting next_dagrun for example_dynamic_task_mapping to 2022-03-04 00:00:00+00:00, run_after=2022-03-05 00:00:00+00:00
[2024-03-12T09:57:13.096+0000] {processor.py:183} INFO - Processing /usr/local/lib/python3.10/dist-packages/airflow/example_dags/example_dynamic_task_mapping.py took 0.085 seconds
[2024-03-12T09:57:57.224+0000] {processor.py:161} INFO - Started process (PID=16143) to work on /usr/local/lib/python3.10/dist-packages/airflow/example_dags/example_dynamic_task_mapping.py
[2024-03-12T09:57:57.226+0000] {processor.py:830} INFO - Processing file /usr/local/lib/python3.10/dist-packages/airflow/example_dags/example_dynamic_task_mapping.py for tasks to queue
[2024-03-12T09:57:57.228+0000] {logging_mixin.py:188} INFO - [2024-03-12T09:57:57.227+0000] {dagbag.py:540} INFO - Filling up the DagBag from /usr/local/lib/python3.10/dist-packages/airflow/example_dags/example_dynamic_task_mapping.py
[2024-03-12T09:57:57.239+0000] {processor.py:840} INFO - DAG(s) 'example_dynamic_task_mapping' retrieved from /usr/local/lib/python3.10/dist-packages/airflow/example_dags/example_dynamic_task_mapping.py
[2024-03-12T09:57:57.259+0000] {logging_mixin.py:188} INFO - [2024-03-12T09:57:57.259+0000] {dag.py:3047} INFO - Sync 1 DAGs
[2024-03-12T09:57:57.291+0000] {logging_mixin.py:188} INFO - [2024-03-12T09:57:57.290+0000] {dag.py:3834} INFO - Setting next_dagrun for example_dynamic_task_mapping to 2022-03-04 00:00:00+00:00, run_after=2022-03-05 00:00:00+00:00
[2024-03-12T09:57:57.324+0000] {processor.py:183} INFO - Processing /usr/local/lib/python3.10/dist-packages/airflow/example_dags/example_dynamic_task_mapping.py took 0.104 seconds
[2024-03-12T09:58:58.697+0000] {processor.py:161} INFO - Started process (PID=16215) to work on /usr/local/lib/python3.10/dist-packages/airflow/example_dags/example_dynamic_task_mapping.py
[2024-03-12T09:58:58.700+0000] {processor.py:830} INFO - Processing file /usr/local/lib/python3.10/dist-packages/airflow/example_dags/example_dynamic_task_mapping.py for tasks to queue
[2024-03-12T09:58:58.701+0000] {logging_mixin.py:188} INFO - [2024-03-12T09:58:58.701+0000] {dagbag.py:540} INFO - Filling up the DagBag from /usr/local/lib/python3.10/dist-packages/airflow/example_dags/example_dynamic_task_mapping.py
[2024-03-12T09:58:58.719+0000] {processor.py:840} INFO - DAG(s) 'example_dynamic_task_mapping' retrieved from /usr/local/lib/python3.10/dist-packages/airflow/example_dags/example_dynamic_task_mapping.py
[2024-03-12T09:58:58.739+0000] {logging_mixin.py:188} INFO - [2024-03-12T09:58:58.738+0000] {dag.py:3047} INFO - Sync 1 DAGs
[2024-03-12T09:58:58.797+0000] {logging_mixin.py:188} INFO - [2024-03-12T09:58:58.797+0000] {dag.py:3834} INFO - Setting next_dagrun for example_dynamic_task_mapping to 2022-03-04 00:00:00+00:00, run_after=2022-03-05 00:00:00+00:00
[2024-03-12T09:58:58.844+0000] {processor.py:183} INFO - Processing /usr/local/lib/python3.10/dist-packages/airflow/example_dags/example_dynamic_task_mapping.py took 0.151 seconds
[2024-03-12T09:59:43.900+0000] {processor.py:161} INFO - Started process (PID=16262) to work on /usr/local/lib/python3.10/dist-packages/airflow/example_dags/example_dynamic_task_mapping.py
[2024-03-12T09:59:43.902+0000] {processor.py:830} INFO - Processing file /usr/local/lib/python3.10/dist-packages/airflow/example_dags/example_dynamic_task_mapping.py for tasks to queue
[2024-03-12T09:59:43.903+0000] {logging_mixin.py:188} INFO - [2024-03-12T09:59:43.902+0000] {dagbag.py:540} INFO - Filling up the DagBag from /usr/local/lib/python3.10/dist-packages/airflow/example_dags/example_dynamic_task_mapping.py
[2024-03-12T09:59:43.911+0000] {processor.py:840} INFO - DAG(s) 'example_dynamic_task_mapping' retrieved from /usr/local/lib/python3.10/dist-packages/airflow/example_dags/example_dynamic_task_mapping.py
[2024-03-12T09:59:43.926+0000] {logging_mixin.py:188} INFO - [2024-03-12T09:59:43.926+0000] {dag.py:3047} INFO - Sync 1 DAGs
[2024-03-12T09:59:43.947+0000] {logging_mixin.py:188} INFO - [2024-03-12T09:59:43.947+0000] {dag.py:3834} INFO - Setting next_dagrun for example_dynamic_task_mapping to 2022-03-04 00:00:00+00:00, run_after=2022-03-05 00:00:00+00:00
[2024-03-12T09:59:43.991+0000] {processor.py:183} INFO - Processing /usr/local/lib/python3.10/dist-packages/airflow/example_dags/example_dynamic_task_mapping.py took 0.094 seconds
[2024-03-12T10:00:46.313+0000] {processor.py:161} INFO - Started process (PID=16330) to work on /usr/local/lib/python3.10/dist-packages/airflow/example_dags/example_dynamic_task_mapping.py
[2024-03-12T10:00:46.315+0000] {processor.py:830} INFO - Processing file /usr/local/lib/python3.10/dist-packages/airflow/example_dags/example_dynamic_task_mapping.py for tasks to queue
[2024-03-12T10:00:46.316+0000] {logging_mixin.py:188} INFO - [2024-03-12T10:00:46.315+0000] {dagbag.py:540} INFO - Filling up the DagBag from /usr/local/lib/python3.10/dist-packages/airflow/example_dags/example_dynamic_task_mapping.py
[2024-03-12T10:00:46.324+0000] {processor.py:840} INFO - DAG(s) 'example_dynamic_task_mapping' retrieved from /usr/local/lib/python3.10/dist-packages/airflow/example_dags/example_dynamic_task_mapping.py
[2024-03-12T10:00:46.341+0000] {logging_mixin.py:188} INFO - [2024-03-12T10:00:46.341+0000] {dag.py:3047} INFO - Sync 1 DAGs
[2024-03-12T10:00:46.365+0000] {logging_mixin.py:188} INFO - [2024-03-12T10:00:46.365+0000] {dag.py:3834} INFO - Setting next_dagrun for example_dynamic_task_mapping to 2022-03-04 00:00:00+00:00, run_after=2022-03-05 00:00:00+00:00
[2024-03-12T10:00:46.397+0000] {processor.py:183} INFO - Processing /usr/local/lib/python3.10/dist-packages/airflow/example_dags/example_dynamic_task_mapping.py took 0.088 seconds
[2024-03-12T10:01:48.668+0000] {processor.py:161} INFO - Started process (PID=16400) to work on /usr/local/lib/python3.10/dist-packages/airflow/example_dags/example_dynamic_task_mapping.py
[2024-03-12T10:01:48.669+0000] {processor.py:830} INFO - Processing file /usr/local/lib/python3.10/dist-packages/airflow/example_dags/example_dynamic_task_mapping.py for tasks to queue
[2024-03-12T10:01:48.670+0000] {logging_mixin.py:188} INFO - [2024-03-12T10:01:48.670+0000] {dagbag.py:540} INFO - Filling up the DagBag from /usr/local/lib/python3.10/dist-packages/airflow/example_dags/example_dynamic_task_mapping.py
[2024-03-12T10:01:48.680+0000] {processor.py:840} INFO - DAG(s) 'example_dynamic_task_mapping' retrieved from /usr/local/lib/python3.10/dist-packages/airflow/example_dags/example_dynamic_task_mapping.py
[2024-03-12T10:01:48.703+0000] {logging_mixin.py:188} INFO - [2024-03-12T10:01:48.703+0000] {dag.py:3047} INFO - Sync 1 DAGs
[2024-03-12T10:01:48.731+0000] {logging_mixin.py:188} INFO - [2024-03-12T10:01:48.731+0000] {dag.py:3834} INFO - Setting next_dagrun for example_dynamic_task_mapping to 2022-03-04 00:00:00+00:00, run_after=2022-03-05 00:00:00+00:00
[2024-03-12T10:01:48.756+0000] {processor.py:183} INFO - Processing /usr/local/lib/python3.10/dist-packages/airflow/example_dags/example_dynamic_task_mapping.py took 0.093 seconds
[2024-03-12T10:02:51.374+0000] {processor.py:161} INFO - Started process (PID=16464) to work on /usr/local/lib/python3.10/dist-packages/airflow/example_dags/example_dynamic_task_mapping.py
[2024-03-12T10:02:51.376+0000] {processor.py:830} INFO - Processing file /usr/local/lib/python3.10/dist-packages/airflow/example_dags/example_dynamic_task_mapping.py for tasks to queue
[2024-03-12T10:02:51.377+0000] {logging_mixin.py:188} INFO - [2024-03-12T10:02:51.376+0000] {dagbag.py:540} INFO - Filling up the DagBag from /usr/local/lib/python3.10/dist-packages/airflow/example_dags/example_dynamic_task_mapping.py
[2024-03-12T10:02:51.392+0000] {processor.py:840} INFO - DAG(s) 'example_dynamic_task_mapping' retrieved from /usr/local/lib/python3.10/dist-packages/airflow/example_dags/example_dynamic_task_mapping.py
[2024-03-12T10:02:51.409+0000] {logging_mixin.py:188} INFO - [2024-03-12T10:02:51.409+0000] {dag.py:3047} INFO - Sync 1 DAGs
[2024-03-12T10:02:51.434+0000] {logging_mixin.py:188} INFO - [2024-03-12T10:02:51.434+0000] {dag.py:3834} INFO - Setting next_dagrun for example_dynamic_task_mapping to 2022-03-04 00:00:00+00:00, run_after=2022-03-05 00:00:00+00:00
[2024-03-12T10:02:51.465+0000] {processor.py:183} INFO - Processing /usr/local/lib/python3.10/dist-packages/airflow/example_dags/example_dynamic_task_mapping.py took 0.103 seconds
[2024-03-12T10:03:53.957+0000] {processor.py:161} INFO - Started process (PID=16527) to work on /usr/local/lib/python3.10/dist-packages/airflow/example_dags/example_dynamic_task_mapping.py
[2024-03-12T10:03:53.959+0000] {processor.py:830} INFO - Processing file /usr/local/lib/python3.10/dist-packages/airflow/example_dags/example_dynamic_task_mapping.py for tasks to queue
[2024-03-12T10:03:53.960+0000] {logging_mixin.py:188} INFO - [2024-03-12T10:03:53.959+0000] {dagbag.py:540} INFO - Filling up the DagBag from /usr/local/lib/python3.10/dist-packages/airflow/example_dags/example_dynamic_task_mapping.py
[2024-03-12T10:03:53.968+0000] {processor.py:840} INFO - DAG(s) 'example_dynamic_task_mapping' retrieved from /usr/local/lib/python3.10/dist-packages/airflow/example_dags/example_dynamic_task_mapping.py
[2024-03-12T10:03:53.987+0000] {logging_mixin.py:188} INFO - [2024-03-12T10:03:53.986+0000] {dag.py:3047} INFO - Sync 1 DAGs
[2024-03-12T10:03:54.026+0000] {logging_mixin.py:188} INFO - [2024-03-12T10:03:54.026+0000] {dag.py:3834} INFO - Setting next_dagrun for example_dynamic_task_mapping to 2022-03-04 00:00:00+00:00, run_after=2022-03-05 00:00:00+00:00
[2024-03-12T10:03:54.062+0000] {processor.py:183} INFO - Processing /usr/local/lib/python3.10/dist-packages/airflow/example_dags/example_dynamic_task_mapping.py took 0.108 seconds
[2024-03-12T10:04:53.888+0000] {processor.py:161} INFO - Started process (PID=16588) to work on /usr/local/lib/python3.10/dist-packages/airflow/example_dags/example_dynamic_task_mapping.py
[2024-03-12T10:04:53.892+0000] {processor.py:830} INFO - Processing file /usr/local/lib/python3.10/dist-packages/airflow/example_dags/example_dynamic_task_mapping.py for tasks to queue
[2024-03-12T10:04:53.893+0000] {logging_mixin.py:188} INFO - [2024-03-12T10:04:53.892+0000] {dagbag.py:540} INFO - Filling up the DagBag from /usr/local/lib/python3.10/dist-packages/airflow/example_dags/example_dynamic_task_mapping.py
[2024-03-12T10:04:53.906+0000] {processor.py:840} INFO - DAG(s) 'example_dynamic_task_mapping' retrieved from /usr/local/lib/python3.10/dist-packages/airflow/example_dags/example_dynamic_task_mapping.py
[2024-03-12T10:04:53.939+0000] {logging_mixin.py:188} INFO - [2024-03-12T10:04:53.939+0000] {dag.py:3047} INFO - Sync 1 DAGs
[2024-03-12T10:04:53.972+0000] {logging_mixin.py:188} INFO - [2024-03-12T10:04:53.971+0000] {dag.py:3834} INFO - Setting next_dagrun for example_dynamic_task_mapping to 2022-03-04 00:00:00+00:00, run_after=2022-03-05 00:00:00+00:00
[2024-03-12T10:04:54.046+0000] {processor.py:183} INFO - Processing /usr/local/lib/python3.10/dist-packages/airflow/example_dags/example_dynamic_task_mapping.py took 0.162 seconds
[2024-03-12T10:05:58.291+0000] {processor.py:161} INFO - Started process (PID=16657) to work on /usr/local/lib/python3.10/dist-packages/airflow/example_dags/example_dynamic_task_mapping.py
[2024-03-12T10:05:58.292+0000] {processor.py:830} INFO - Processing file /usr/local/lib/python3.10/dist-packages/airflow/example_dags/example_dynamic_task_mapping.py for tasks to queue
[2024-03-12T10:05:58.293+0000] {logging_mixin.py:188} INFO - [2024-03-12T10:05:58.293+0000] {dagbag.py:540} INFO - Filling up the DagBag from /usr/local/lib/python3.10/dist-packages/airflow/example_dags/example_dynamic_task_mapping.py
[2024-03-12T10:05:58.302+0000] {processor.py:840} INFO - DAG(s) 'example_dynamic_task_mapping' retrieved from /usr/local/lib/python3.10/dist-packages/airflow/example_dags/example_dynamic_task_mapping.py
[2024-03-12T10:05:58.320+0000] {logging_mixin.py:188} INFO - [2024-03-12T10:05:58.320+0000] {dag.py:3047} INFO - Sync 1 DAGs
[2024-03-12T10:05:58.340+0000] {logging_mixin.py:188} INFO - [2024-03-12T10:05:58.340+0000] {dag.py:3834} INFO - Setting next_dagrun for example_dynamic_task_mapping to 2022-03-04 00:00:00+00:00, run_after=2022-03-05 00:00:00+00:00
[2024-03-12T10:05:58.365+0000] {processor.py:183} INFO - Processing /usr/local/lib/python3.10/dist-packages/airflow/example_dags/example_dynamic_task_mapping.py took 0.079 seconds
[2024-03-12T10:06:59.683+0000] {processor.py:161} INFO - Started process (PID=16721) to work on /usr/local/lib/python3.10/dist-packages/airflow/example_dags/example_dynamic_task_mapping.py
[2024-03-12T10:06:59.684+0000] {processor.py:830} INFO - Processing file /usr/local/lib/python3.10/dist-packages/airflow/example_dags/example_dynamic_task_mapping.py for tasks to queue
[2024-03-12T10:06:59.686+0000] {logging_mixin.py:188} INFO - [2024-03-12T10:06:59.685+0000] {dagbag.py:540} INFO - Filling up the DagBag from /usr/local/lib/python3.10/dist-packages/airflow/example_dags/example_dynamic_task_mapping.py
[2024-03-12T10:06:59.694+0000] {processor.py:840} INFO - DAG(s) 'example_dynamic_task_mapping' retrieved from /usr/local/lib/python3.10/dist-packages/airflow/example_dags/example_dynamic_task_mapping.py
[2024-03-12T10:06:59.716+0000] {logging_mixin.py:188} INFO - [2024-03-12T10:06:59.716+0000] {dag.py:3047} INFO - Sync 1 DAGs
[2024-03-12T10:06:59.746+0000] {logging_mixin.py:188} INFO - [2024-03-12T10:06:59.746+0000] {dag.py:3834} INFO - Setting next_dagrun for example_dynamic_task_mapping to 2022-03-04 00:00:00+00:00, run_after=2022-03-05 00:00:00+00:00
[2024-03-12T10:06:59.777+0000] {processor.py:183} INFO - Processing /usr/local/lib/python3.10/dist-packages/airflow/example_dags/example_dynamic_task_mapping.py took 0.100 seconds
