[2024-03-12T09:22:59.805+0000] {processor.py:161} INFO - Started process (PID=14021) to work on /usr/local/lib/python3.10/dist-packages/airflow/example_dags/example_branch_labels.py
[2024-03-12T09:22:59.807+0000] {processor.py:830} INFO - Processing file /usr/local/lib/python3.10/dist-packages/airflow/example_dags/example_branch_labels.py for tasks to queue
[2024-03-12T09:22:59.808+0000] {logging_mixin.py:188} INFO - [2024-03-12T09:22:59.808+0000] {dagbag.py:540} INFO - Filling up the DagBag from /usr/local/lib/python3.10/dist-packages/airflow/example_dags/example_branch_labels.py
[2024-03-12T09:22:59.818+0000] {processor.py:840} INFO - DAG(s) 'example_branch_labels' retrieved from /usr/local/lib/python3.10/dist-packages/airflow/example_dags/example_branch_labels.py
[2024-03-12T09:23:00.009+0000] {logging_mixin.py:188} INFO - [2024-03-12T09:23:00.006+0000] {dag.py:3047} INFO - Sync 1 DAGs
[2024-03-12T09:23:00.243+0000] {logging_mixin.py:188} INFO - [2024-03-12T09:23:00.242+0000] {dag.py:3834} INFO - Setting next_dagrun for example_branch_labels to 2024-03-11 00:00:00+00:00, run_after=2024-03-12 00:00:00+00:00
[2024-03-12T09:23:00.272+0000] {processor.py:183} INFO - Processing /usr/local/lib/python3.10/dist-packages/airflow/example_dags/example_branch_labels.py took 0.473 seconds
[2024-03-12T09:24:01.567+0000] {processor.py:161} INFO - Started process (PID=14076) to work on /usr/local/lib/python3.10/dist-packages/airflow/example_dags/example_branch_labels.py
[2024-03-12T09:24:01.569+0000] {processor.py:830} INFO - Processing file /usr/local/lib/python3.10/dist-packages/airflow/example_dags/example_branch_labels.py for tasks to queue
[2024-03-12T09:24:01.570+0000] {logging_mixin.py:188} INFO - [2024-03-12T09:24:01.569+0000] {dagbag.py:540} INFO - Filling up the DagBag from /usr/local/lib/python3.10/dist-packages/airflow/example_dags/example_branch_labels.py
[2024-03-12T09:24:01.580+0000] {processor.py:840} INFO - DAG(s) 'example_branch_labels' retrieved from /usr/local/lib/python3.10/dist-packages/airflow/example_dags/example_branch_labels.py
[2024-03-12T09:24:01.609+0000] {logging_mixin.py:188} INFO - [2024-03-12T09:24:01.609+0000] {dag.py:3047} INFO - Sync 1 DAGs
[2024-03-12T09:24:01.637+0000] {logging_mixin.py:188} INFO - [2024-03-12T09:24:01.637+0000] {dag.py:3834} INFO - Setting next_dagrun for example_branch_labels to 2024-03-11 00:00:00+00:00, run_after=2024-03-12 00:00:00+00:00
[2024-03-12T09:24:01.671+0000] {processor.py:183} INFO - Processing /usr/local/lib/python3.10/dist-packages/airflow/example_dags/example_branch_labels.py took 0.113 seconds
[2024-03-12T09:24:56.063+0000] {processor.py:161} INFO - Started process (PID=14125) to work on /usr/local/lib/python3.10/dist-packages/airflow/example_dags/example_branch_labels.py
[2024-03-12T09:24:56.064+0000] {processor.py:830} INFO - Processing file /usr/local/lib/python3.10/dist-packages/airflow/example_dags/example_branch_labels.py for tasks to queue
[2024-03-12T09:24:56.065+0000] {logging_mixin.py:188} INFO - [2024-03-12T09:24:56.064+0000] {dagbag.py:540} INFO - Filling up the DagBag from /usr/local/lib/python3.10/dist-packages/airflow/example_dags/example_branch_labels.py
[2024-03-12T09:24:56.075+0000] {processor.py:840} INFO - DAG(s) 'example_branch_labels' retrieved from /usr/local/lib/python3.10/dist-packages/airflow/example_dags/example_branch_labels.py
[2024-03-12T09:24:56.225+0000] {logging_mixin.py:188} INFO - [2024-03-12T09:24:56.225+0000] {dag.py:3047} INFO - Sync 1 DAGs
[2024-03-12T09:24:56.251+0000] {logging_mixin.py:188} INFO - [2024-03-12T09:24:56.250+0000] {dag.py:3834} INFO - Setting next_dagrun for example_branch_labels to 2024-03-11 00:00:00+00:00, run_after=2024-03-12 00:00:00+00:00
[2024-03-12T09:24:56.276+0000] {processor.py:183} INFO - Processing /usr/local/lib/python3.10/dist-packages/airflow/example_dags/example_branch_labels.py took 0.218 seconds
[2024-03-12T09:26:04.482+0000] {processor.py:161} INFO - Started process (PID=14190) to work on /usr/local/lib/python3.10/dist-packages/airflow/example_dags/example_branch_labels.py
[2024-03-12T09:26:04.484+0000] {processor.py:830} INFO - Processing file /usr/local/lib/python3.10/dist-packages/airflow/example_dags/example_branch_labels.py for tasks to queue
[2024-03-12T09:26:04.485+0000] {logging_mixin.py:188} INFO - [2024-03-12T09:26:04.484+0000] {dagbag.py:540} INFO - Filling up the DagBag from /usr/local/lib/python3.10/dist-packages/airflow/example_dags/example_branch_labels.py
[2024-03-12T09:26:04.494+0000] {processor.py:840} INFO - DAG(s) 'example_branch_labels' retrieved from /usr/local/lib/python3.10/dist-packages/airflow/example_dags/example_branch_labels.py
[2024-03-12T09:26:04.517+0000] {logging_mixin.py:188} INFO - [2024-03-12T09:26:04.517+0000] {dag.py:3047} INFO - Sync 1 DAGs
[2024-03-12T09:26:04.544+0000] {logging_mixin.py:188} INFO - [2024-03-12T09:26:04.544+0000] {dag.py:3834} INFO - Setting next_dagrun for example_branch_labels to 2024-03-11 00:00:00+00:00, run_after=2024-03-12 00:00:00+00:00
[2024-03-12T09:26:04.578+0000] {processor.py:183} INFO - Processing /usr/local/lib/python3.10/dist-packages/airflow/example_dags/example_branch_labels.py took 0.101 seconds
[2024-03-12T09:27:02.914+0000] {processor.py:161} INFO - Started process (PID=14250) to work on /usr/local/lib/python3.10/dist-packages/airflow/example_dags/example_branch_labels.py
[2024-03-12T09:27:02.916+0000] {processor.py:830} INFO - Processing file /usr/local/lib/python3.10/dist-packages/airflow/example_dags/example_branch_labels.py for tasks to queue
[2024-03-12T09:27:02.918+0000] {logging_mixin.py:188} INFO - [2024-03-12T09:27:02.917+0000] {dagbag.py:540} INFO - Filling up the DagBag from /usr/local/lib/python3.10/dist-packages/airflow/example_dags/example_branch_labels.py
[2024-03-12T09:27:02.931+0000] {processor.py:840} INFO - DAG(s) 'example_branch_labels' retrieved from /usr/local/lib/python3.10/dist-packages/airflow/example_dags/example_branch_labels.py
[2024-03-12T09:27:02.956+0000] {logging_mixin.py:188} INFO - [2024-03-12T09:27:02.956+0000] {dag.py:3047} INFO - Sync 1 DAGs
[2024-03-12T09:27:03.002+0000] {logging_mixin.py:188} INFO - [2024-03-12T09:27:03.001+0000] {dag.py:3834} INFO - Setting next_dagrun for example_branch_labels to 2024-03-11 00:00:00+00:00, run_after=2024-03-12 00:00:00+00:00
[2024-03-12T09:27:03.056+0000] {processor.py:183} INFO - Processing /usr/local/lib/python3.10/dist-packages/airflow/example_dags/example_branch_labels.py took 0.146 seconds
[2024-03-12T09:28:06.928+0000] {processor.py:161} INFO - Started process (PID=14312) to work on /usr/local/lib/python3.10/dist-packages/airflow/example_dags/example_branch_labels.py
[2024-03-12T09:28:06.931+0000] {processor.py:830} INFO - Processing file /usr/local/lib/python3.10/dist-packages/airflow/example_dags/example_branch_labels.py for tasks to queue
[2024-03-12T09:28:06.932+0000] {logging_mixin.py:188} INFO - [2024-03-12T09:28:06.931+0000] {dagbag.py:540} INFO - Filling up the DagBag from /usr/local/lib/python3.10/dist-packages/airflow/example_dags/example_branch_labels.py
[2024-03-12T09:28:06.940+0000] {processor.py:840} INFO - DAG(s) 'example_branch_labels' retrieved from /usr/local/lib/python3.10/dist-packages/airflow/example_dags/example_branch_labels.py
[2024-03-12T09:28:06.963+0000] {logging_mixin.py:188} INFO - [2024-03-12T09:28:06.962+0000] {dag.py:3047} INFO - Sync 1 DAGs
[2024-03-12T09:28:06.987+0000] {logging_mixin.py:188} INFO - [2024-03-12T09:28:06.986+0000] {dag.py:3834} INFO - Setting next_dagrun for example_branch_labels to 2024-03-11 00:00:00+00:00, run_after=2024-03-12 00:00:00+00:00
[2024-03-12T09:28:07.031+0000] {processor.py:183} INFO - Processing /usr/local/lib/python3.10/dist-packages/airflow/example_dags/example_branch_labels.py took 0.107 seconds
[2024-03-12T09:29:06.133+0000] {processor.py:161} INFO - Started process (PID=14372) to work on /usr/local/lib/python3.10/dist-packages/airflow/example_dags/example_branch_labels.py
[2024-03-12T09:29:06.135+0000] {processor.py:830} INFO - Processing file /usr/local/lib/python3.10/dist-packages/airflow/example_dags/example_branch_labels.py for tasks to queue
[2024-03-12T09:29:06.136+0000] {logging_mixin.py:188} INFO - [2024-03-12T09:29:06.136+0000] {dagbag.py:540} INFO - Filling up the DagBag from /usr/local/lib/python3.10/dist-packages/airflow/example_dags/example_branch_labels.py
[2024-03-12T09:29:06.151+0000] {processor.py:840} INFO - DAG(s) 'example_branch_labels' retrieved from /usr/local/lib/python3.10/dist-packages/airflow/example_dags/example_branch_labels.py
[2024-03-12T09:29:06.175+0000] {logging_mixin.py:188} INFO - [2024-03-12T09:29:06.175+0000] {dag.py:3047} INFO - Sync 1 DAGs
[2024-03-12T09:29:06.219+0000] {logging_mixin.py:188} INFO - [2024-03-12T09:29:06.219+0000] {dag.py:3834} INFO - Setting next_dagrun for example_branch_labels to 2024-03-11 00:00:00+00:00, run_after=2024-03-12 00:00:00+00:00
[2024-03-12T09:29:06.259+0000] {processor.py:183} INFO - Processing /usr/local/lib/python3.10/dist-packages/airflow/example_dags/example_branch_labels.py took 0.130 seconds
[2024-03-12T09:30:06.060+0000] {processor.py:161} INFO - Started process (PID=14430) to work on /usr/local/lib/python3.10/dist-packages/airflow/example_dags/example_branch_labels.py
[2024-03-12T09:30:06.062+0000] {processor.py:830} INFO - Processing file /usr/local/lib/python3.10/dist-packages/airflow/example_dags/example_branch_labels.py for tasks to queue
[2024-03-12T09:30:06.063+0000] {logging_mixin.py:188} INFO - [2024-03-12T09:30:06.062+0000] {dagbag.py:540} INFO - Filling up the DagBag from /usr/local/lib/python3.10/dist-packages/airflow/example_dags/example_branch_labels.py
[2024-03-12T09:30:06.073+0000] {processor.py:840} INFO - DAG(s) 'example_branch_labels' retrieved from /usr/local/lib/python3.10/dist-packages/airflow/example_dags/example_branch_labels.py
[2024-03-12T09:30:06.096+0000] {logging_mixin.py:188} INFO - [2024-03-12T09:30:06.096+0000] {dag.py:3047} INFO - Sync 1 DAGs
[2024-03-12T09:30:06.120+0000] {logging_mixin.py:188} INFO - [2024-03-12T09:30:06.120+0000] {dag.py:3834} INFO - Setting next_dagrun for example_branch_labels to 2024-03-11 00:00:00+00:00, run_after=2024-03-12 00:00:00+00:00
[2024-03-12T09:30:06.147+0000] {processor.py:183} INFO - Processing /usr/local/lib/python3.10/dist-packages/airflow/example_dags/example_branch_labels.py took 0.091 seconds
[2024-03-12T09:31:08.190+0000] {processor.py:161} INFO - Started process (PID=14491) to work on /usr/local/lib/python3.10/dist-packages/airflow/example_dags/example_branch_labels.py
[2024-03-12T09:31:08.192+0000] {processor.py:830} INFO - Processing file /usr/local/lib/python3.10/dist-packages/airflow/example_dags/example_branch_labels.py for tasks to queue
[2024-03-12T09:31:08.193+0000] {logging_mixin.py:188} INFO - [2024-03-12T09:31:08.193+0000] {dagbag.py:540} INFO - Filling up the DagBag from /usr/local/lib/python3.10/dist-packages/airflow/example_dags/example_branch_labels.py
[2024-03-12T09:31:08.204+0000] {processor.py:840} INFO - DAG(s) 'example_branch_labels' retrieved from /usr/local/lib/python3.10/dist-packages/airflow/example_dags/example_branch_labels.py
[2024-03-12T09:31:08.226+0000] {logging_mixin.py:188} INFO - [2024-03-12T09:31:08.226+0000] {dag.py:3047} INFO - Sync 1 DAGs
[2024-03-12T09:31:08.252+0000] {logging_mixin.py:188} INFO - [2024-03-12T09:31:08.251+0000] {dag.py:3834} INFO - Setting next_dagrun for example_branch_labels to 2024-03-11 00:00:00+00:00, run_after=2024-03-12 00:00:00+00:00
[2024-03-12T09:31:08.277+0000] {processor.py:183} INFO - Processing /usr/local/lib/python3.10/dist-packages/airflow/example_dags/example_branch_labels.py took 0.092 seconds
[2024-03-12T09:32:12.129+0000] {processor.py:161} INFO - Started process (PID=14552) to work on /usr/local/lib/python3.10/dist-packages/airflow/example_dags/example_branch_labels.py
[2024-03-12T09:32:12.130+0000] {processor.py:830} INFO - Processing file /usr/local/lib/python3.10/dist-packages/airflow/example_dags/example_branch_labels.py for tasks to queue
[2024-03-12T09:32:12.132+0000] {logging_mixin.py:188} INFO - [2024-03-12T09:32:12.131+0000] {dagbag.py:540} INFO - Filling up the DagBag from /usr/local/lib/python3.10/dist-packages/airflow/example_dags/example_branch_labels.py
[2024-03-12T09:32:12.143+0000] {processor.py:840} INFO - DAG(s) 'example_branch_labels' retrieved from /usr/local/lib/python3.10/dist-packages/airflow/example_dags/example_branch_labels.py
[2024-03-12T09:32:12.185+0000] {logging_mixin.py:188} INFO - [2024-03-12T09:32:12.184+0000] {dag.py:3047} INFO - Sync 1 DAGs
[2024-03-12T09:32:12.219+0000] {logging_mixin.py:188} INFO - [2024-03-12T09:32:12.219+0000] {dag.py:3834} INFO - Setting next_dagrun for example_branch_labels to 2024-03-11 00:00:00+00:00, run_after=2024-03-12 00:00:00+00:00
[2024-03-12T09:32:12.254+0000] {processor.py:183} INFO - Processing /usr/local/lib/python3.10/dist-packages/airflow/example_dags/example_branch_labels.py took 0.131 seconds
[2024-03-12T09:33:18.894+0000] {processor.py:161} INFO - Started process (PID=14617) to work on /usr/local/lib/python3.10/dist-packages/airflow/example_dags/example_branch_labels.py
[2024-03-12T09:33:18.896+0000] {processor.py:830} INFO - Processing file /usr/local/lib/python3.10/dist-packages/airflow/example_dags/example_branch_labels.py for tasks to queue
[2024-03-12T09:33:18.897+0000] {logging_mixin.py:188} INFO - [2024-03-12T09:33:18.897+0000] {dagbag.py:540} INFO - Filling up the DagBag from /usr/local/lib/python3.10/dist-packages/airflow/example_dags/example_branch_labels.py
[2024-03-12T09:33:18.912+0000] {processor.py:840} INFO - DAG(s) 'example_branch_labels' retrieved from /usr/local/lib/python3.10/dist-packages/airflow/example_dags/example_branch_labels.py
[2024-03-12T09:33:18.946+0000] {logging_mixin.py:188} INFO - [2024-03-12T09:33:18.944+0000] {dag.py:3047} INFO - Sync 1 DAGs
[2024-03-12T09:33:19.017+0000] {logging_mixin.py:188} INFO - [2024-03-12T09:33:19.016+0000] {dag.py:3834} INFO - Setting next_dagrun for example_branch_labels to 2024-03-11 00:00:00+00:00, run_after=2024-03-12 00:00:00+00:00
[2024-03-12T09:33:19.051+0000] {processor.py:183} INFO - Processing /usr/local/lib/python3.10/dist-packages/airflow/example_dags/example_branch_labels.py took 0.160 seconds
[2024-03-12T09:34:22.823+0000] {processor.py:161} INFO - Started process (PID=14679) to work on /usr/local/lib/python3.10/dist-packages/airflow/example_dags/example_branch_labels.py
[2024-03-12T09:34:22.824+0000] {processor.py:830} INFO - Processing file /usr/local/lib/python3.10/dist-packages/airflow/example_dags/example_branch_labels.py for tasks to queue
[2024-03-12T09:34:22.826+0000] {logging_mixin.py:188} INFO - [2024-03-12T09:34:22.825+0000] {dagbag.py:540} INFO - Filling up the DagBag from /usr/local/lib/python3.10/dist-packages/airflow/example_dags/example_branch_labels.py
[2024-03-12T09:34:22.849+0000] {processor.py:840} INFO - DAG(s) 'example_branch_labels' retrieved from /usr/local/lib/python3.10/dist-packages/airflow/example_dags/example_branch_labels.py
[2024-03-12T09:34:22.880+0000] {logging_mixin.py:188} INFO - [2024-03-12T09:34:22.880+0000] {dag.py:3047} INFO - Sync 1 DAGs
[2024-03-12T09:34:22.908+0000] {logging_mixin.py:188} INFO - [2024-03-12T09:34:22.908+0000] {dag.py:3834} INFO - Setting next_dagrun for example_branch_labels to 2024-03-11 00:00:00+00:00, run_after=2024-03-12 00:00:00+00:00
[2024-03-12T09:34:22.939+0000] {processor.py:183} INFO - Processing /usr/local/lib/python3.10/dist-packages/airflow/example_dags/example_branch_labels.py took 0.122 seconds
[2024-03-12T09:35:32.693+0000] {processor.py:161} INFO - Started process (PID=14744) to work on /usr/local/lib/python3.10/dist-packages/airflow/example_dags/example_branch_labels.py
[2024-03-12T09:35:32.702+0000] {processor.py:830} INFO - Processing file /usr/local/lib/python3.10/dist-packages/airflow/example_dags/example_branch_labels.py for tasks to queue
[2024-03-12T09:35:32.703+0000] {logging_mixin.py:188} INFO - [2024-03-12T09:35:32.703+0000] {dagbag.py:540} INFO - Filling up the DagBag from /usr/local/lib/python3.10/dist-packages/airflow/example_dags/example_branch_labels.py
[2024-03-12T09:35:32.713+0000] {processor.py:840} INFO - DAG(s) 'example_branch_labels' retrieved from /usr/local/lib/python3.10/dist-packages/airflow/example_dags/example_branch_labels.py
[2024-03-12T09:35:32.732+0000] {logging_mixin.py:188} INFO - [2024-03-12T09:35:32.731+0000] {dag.py:3047} INFO - Sync 1 DAGs
[2024-03-12T09:35:32.754+0000] {logging_mixin.py:188} INFO - [2024-03-12T09:35:32.753+0000] {dag.py:3834} INFO - Setting next_dagrun for example_branch_labels to 2024-03-11 00:00:00+00:00, run_after=2024-03-12 00:00:00+00:00
[2024-03-12T09:35:32.780+0000] {processor.py:183} INFO - Processing /usr/local/lib/python3.10/dist-packages/airflow/example_dags/example_branch_labels.py took 0.091 seconds
[2024-03-12T09:36:32.472+0000] {processor.py:161} INFO - Started process (PID=14804) to work on /usr/local/lib/python3.10/dist-packages/airflow/example_dags/example_branch_labels.py
[2024-03-12T09:36:32.474+0000] {processor.py:830} INFO - Processing file /usr/local/lib/python3.10/dist-packages/airflow/example_dags/example_branch_labels.py for tasks to queue
[2024-03-12T09:36:32.476+0000] {logging_mixin.py:188} INFO - [2024-03-12T09:36:32.475+0000] {dagbag.py:540} INFO - Filling up the DagBag from /usr/local/lib/python3.10/dist-packages/airflow/example_dags/example_branch_labels.py
[2024-03-12T09:36:32.487+0000] {processor.py:840} INFO - DAG(s) 'example_branch_labels' retrieved from /usr/local/lib/python3.10/dist-packages/airflow/example_dags/example_branch_labels.py
[2024-03-12T09:36:32.509+0000] {logging_mixin.py:188} INFO - [2024-03-12T09:36:32.508+0000] {dag.py:3047} INFO - Sync 1 DAGs
[2024-03-12T09:36:32.536+0000] {logging_mixin.py:188} INFO - [2024-03-12T09:36:32.536+0000] {dag.py:3834} INFO - Setting next_dagrun for example_branch_labels to 2024-03-11 00:00:00+00:00, run_after=2024-03-12 00:00:00+00:00
[2024-03-12T09:36:32.563+0000] {processor.py:183} INFO - Processing /usr/local/lib/python3.10/dist-packages/airflow/example_dags/example_branch_labels.py took 0.095 seconds
[2024-03-12T09:37:35.377+0000] {processor.py:161} INFO - Started process (PID=14864) to work on /usr/local/lib/python3.10/dist-packages/airflow/example_dags/example_branch_labels.py
[2024-03-12T09:37:35.381+0000] {processor.py:830} INFO - Processing file /usr/local/lib/python3.10/dist-packages/airflow/example_dags/example_branch_labels.py for tasks to queue
[2024-03-12T09:37:35.386+0000] {logging_mixin.py:188} INFO - [2024-03-12T09:37:35.384+0000] {dagbag.py:540} INFO - Filling up the DagBag from /usr/local/lib/python3.10/dist-packages/airflow/example_dags/example_branch_labels.py
[2024-03-12T09:37:35.400+0000] {processor.py:840} INFO - DAG(s) 'example_branch_labels' retrieved from /usr/local/lib/python3.10/dist-packages/airflow/example_dags/example_branch_labels.py
[2024-03-12T09:37:35.426+0000] {logging_mixin.py:188} INFO - [2024-03-12T09:37:35.426+0000] {dag.py:3047} INFO - Sync 1 DAGs
[2024-03-12T09:37:35.457+0000] {logging_mixin.py:188} INFO - [2024-03-12T09:37:35.457+0000] {dag.py:3834} INFO - Setting next_dagrun for example_branch_labels to 2024-03-11 00:00:00+00:00, run_after=2024-03-12 00:00:00+00:00
[2024-03-12T09:37:35.493+0000] {processor.py:183} INFO - Processing /usr/local/lib/python3.10/dist-packages/airflow/example_dags/example_branch_labels.py took 0.126 seconds
[2024-03-12T09:38:38.026+0000] {processor.py:161} INFO - Started process (PID=14926) to work on /usr/local/lib/python3.10/dist-packages/airflow/example_dags/example_branch_labels.py
[2024-03-12T09:38:38.029+0000] {processor.py:830} INFO - Processing file /usr/local/lib/python3.10/dist-packages/airflow/example_dags/example_branch_labels.py for tasks to queue
[2024-03-12T09:38:38.031+0000] {logging_mixin.py:188} INFO - [2024-03-12T09:38:38.030+0000] {dagbag.py:540} INFO - Filling up the DagBag from /usr/local/lib/python3.10/dist-packages/airflow/example_dags/example_branch_labels.py
[2024-03-12T09:38:38.051+0000] {processor.py:840} INFO - DAG(s) 'example_branch_labels' retrieved from /usr/local/lib/python3.10/dist-packages/airflow/example_dags/example_branch_labels.py
[2024-03-12T09:38:38.082+0000] {logging_mixin.py:188} INFO - [2024-03-12T09:38:38.082+0000] {dag.py:3047} INFO - Sync 1 DAGs
[2024-03-12T09:38:38.116+0000] {logging_mixin.py:188} INFO - [2024-03-12T09:38:38.116+0000] {dag.py:3834} INFO - Setting next_dagrun for example_branch_labels to 2024-03-11 00:00:00+00:00, run_after=2024-03-12 00:00:00+00:00
[2024-03-12T09:38:38.152+0000] {processor.py:183} INFO - Processing /usr/local/lib/python3.10/dist-packages/airflow/example_dags/example_branch_labels.py took 0.137 seconds
[2024-03-12T09:39:42.645+0000] {processor.py:161} INFO - Started process (PID=14987) to work on /usr/local/lib/python3.10/dist-packages/airflow/example_dags/example_branch_labels.py
[2024-03-12T09:39:42.647+0000] {processor.py:830} INFO - Processing file /usr/local/lib/python3.10/dist-packages/airflow/example_dags/example_branch_labels.py for tasks to queue
[2024-03-12T09:39:42.650+0000] {logging_mixin.py:188} INFO - [2024-03-12T09:39:42.648+0000] {dagbag.py:540} INFO - Filling up the DagBag from /usr/local/lib/python3.10/dist-packages/airflow/example_dags/example_branch_labels.py
[2024-03-12T09:39:42.667+0000] {processor.py:840} INFO - DAG(s) 'example_branch_labels' retrieved from /usr/local/lib/python3.10/dist-packages/airflow/example_dags/example_branch_labels.py
[2024-03-12T09:39:42.704+0000] {logging_mixin.py:188} INFO - [2024-03-12T09:39:42.704+0000] {dag.py:3047} INFO - Sync 1 DAGs
[2024-03-12T09:39:42.727+0000] {logging_mixin.py:188} INFO - [2024-03-12T09:39:42.727+0000] {dag.py:3834} INFO - Setting next_dagrun for example_branch_labels to 2024-03-11 00:00:00+00:00, run_after=2024-03-12 00:00:00+00:00
[2024-03-12T09:39:42.752+0000] {processor.py:183} INFO - Processing /usr/local/lib/python3.10/dist-packages/airflow/example_dags/example_branch_labels.py took 0.116 seconds
[2024-03-12T09:40:47.420+0000] {processor.py:161} INFO - Started process (PID=15050) to work on /usr/local/lib/python3.10/dist-packages/airflow/example_dags/example_branch_labels.py
[2024-03-12T09:40:47.422+0000] {processor.py:830} INFO - Processing file /usr/local/lib/python3.10/dist-packages/airflow/example_dags/example_branch_labels.py for tasks to queue
[2024-03-12T09:40:47.423+0000] {logging_mixin.py:188} INFO - [2024-03-12T09:40:47.422+0000] {dagbag.py:540} INFO - Filling up the DagBag from /usr/local/lib/python3.10/dist-packages/airflow/example_dags/example_branch_labels.py
[2024-03-12T09:40:47.439+0000] {processor.py:840} INFO - DAG(s) 'example_branch_labels' retrieved from /usr/local/lib/python3.10/dist-packages/airflow/example_dags/example_branch_labels.py
[2024-03-12T09:40:47.501+0000] {logging_mixin.py:188} INFO - [2024-03-12T09:40:47.501+0000] {dag.py:3047} INFO - Sync 1 DAGs
[2024-03-12T09:40:47.532+0000] {logging_mixin.py:188} INFO - [2024-03-12T09:40:47.532+0000] {dag.py:3834} INFO - Setting next_dagrun for example_branch_labels to 2024-03-11 00:00:00+00:00, run_after=2024-03-12 00:00:00+00:00
[2024-03-12T09:40:47.559+0000] {processor.py:183} INFO - Processing /usr/local/lib/python3.10/dist-packages/airflow/example_dags/example_branch_labels.py took 0.147 seconds
[2024-03-12T09:41:50.108+0000] {processor.py:161} INFO - Started process (PID=15110) to work on /usr/local/lib/python3.10/dist-packages/airflow/example_dags/example_branch_labels.py
[2024-03-12T09:41:50.109+0000] {processor.py:830} INFO - Processing file /usr/local/lib/python3.10/dist-packages/airflow/example_dags/example_branch_labels.py for tasks to queue
[2024-03-12T09:41:50.110+0000] {logging_mixin.py:188} INFO - [2024-03-12T09:41:50.110+0000] {dagbag.py:540} INFO - Filling up the DagBag from /usr/local/lib/python3.10/dist-packages/airflow/example_dags/example_branch_labels.py
[2024-03-12T09:41:50.118+0000] {processor.py:840} INFO - DAG(s) 'example_branch_labels' retrieved from /usr/local/lib/python3.10/dist-packages/airflow/example_dags/example_branch_labels.py
[2024-03-12T09:41:50.136+0000] {logging_mixin.py:188} INFO - [2024-03-12T09:41:50.136+0000] {dag.py:3047} INFO - Sync 1 DAGs
[2024-03-12T09:41:50.156+0000] {logging_mixin.py:188} INFO - [2024-03-12T09:41:50.156+0000] {dag.py:3834} INFO - Setting next_dagrun for example_branch_labels to 2024-03-11 00:00:00+00:00, run_after=2024-03-12 00:00:00+00:00
[2024-03-12T09:41:50.179+0000] {processor.py:183} INFO - Processing /usr/local/lib/python3.10/dist-packages/airflow/example_dags/example_branch_labels.py took 0.075 seconds
[2024-03-12T09:42:50.399+0000] {processor.py:161} INFO - Started process (PID=15243) to work on /usr/local/lib/python3.10/dist-packages/airflow/example_dags/example_branch_labels.py
[2024-03-12T09:42:50.404+0000] {processor.py:830} INFO - Processing file /usr/local/lib/python3.10/dist-packages/airflow/example_dags/example_branch_labels.py for tasks to queue
[2024-03-12T09:42:50.405+0000] {logging_mixin.py:188} INFO - [2024-03-12T09:42:50.404+0000] {dagbag.py:540} INFO - Filling up the DagBag from /usr/local/lib/python3.10/dist-packages/airflow/example_dags/example_branch_labels.py
[2024-03-12T09:42:50.417+0000] {processor.py:840} INFO - DAG(s) 'example_branch_labels' retrieved from /usr/local/lib/python3.10/dist-packages/airflow/example_dags/example_branch_labels.py
[2024-03-12T09:42:50.446+0000] {logging_mixin.py:188} INFO - [2024-03-12T09:42:50.446+0000] {dag.py:3047} INFO - Sync 1 DAGs
[2024-03-12T09:42:50.477+0000] {logging_mixin.py:188} INFO - [2024-03-12T09:42:50.477+0000] {dag.py:3834} INFO - Setting next_dagrun for example_branch_labels to 2024-03-11 00:00:00+00:00, run_after=2024-03-12 00:00:00+00:00
[2024-03-12T09:42:50.521+0000] {processor.py:183} INFO - Processing /usr/local/lib/python3.10/dist-packages/airflow/example_dags/example_branch_labels.py took 0.125 seconds
[2024-03-12T09:43:52.947+0000] {processor.py:161} INFO - Started process (PID=15308) to work on /usr/local/lib/python3.10/dist-packages/airflow/example_dags/example_branch_labels.py
[2024-03-12T09:43:52.948+0000] {processor.py:830} INFO - Processing file /usr/local/lib/python3.10/dist-packages/airflow/example_dags/example_branch_labels.py for tasks to queue
[2024-03-12T09:43:52.949+0000] {logging_mixin.py:188} INFO - [2024-03-12T09:43:52.949+0000] {dagbag.py:540} INFO - Filling up the DagBag from /usr/local/lib/python3.10/dist-packages/airflow/example_dags/example_branch_labels.py
[2024-03-12T09:43:52.960+0000] {processor.py:840} INFO - DAG(s) 'example_branch_labels' retrieved from /usr/local/lib/python3.10/dist-packages/airflow/example_dags/example_branch_labels.py
[2024-03-12T09:43:52.980+0000] {logging_mixin.py:188} INFO - [2024-03-12T09:43:52.980+0000] {dag.py:3047} INFO - Sync 1 DAGs
[2024-03-12T09:43:53.002+0000] {logging_mixin.py:188} INFO - [2024-03-12T09:43:53.002+0000] {dag.py:3834} INFO - Setting next_dagrun for example_branch_labels to 2024-03-11 00:00:00+00:00, run_after=2024-03-12 00:00:00+00:00
[2024-03-12T09:43:53.033+0000] {processor.py:183} INFO - Processing /usr/local/lib/python3.10/dist-packages/airflow/example_dags/example_branch_labels.py took 0.090 seconds
[2024-03-12T09:44:58.124+0000] {processor.py:161} INFO - Started process (PID=15382) to work on /usr/local/lib/python3.10/dist-packages/airflow/example_dags/example_branch_labels.py
[2024-03-12T09:44:58.126+0000] {processor.py:830} INFO - Processing file /usr/local/lib/python3.10/dist-packages/airflow/example_dags/example_branch_labels.py for tasks to queue
[2024-03-12T09:44:58.127+0000] {logging_mixin.py:188} INFO - [2024-03-12T09:44:58.126+0000] {dagbag.py:540} INFO - Filling up the DagBag from /usr/local/lib/python3.10/dist-packages/airflow/example_dags/example_branch_labels.py
[2024-03-12T09:44:58.139+0000] {processor.py:840} INFO - DAG(s) 'example_branch_labels' retrieved from /usr/local/lib/python3.10/dist-packages/airflow/example_dags/example_branch_labels.py
[2024-03-12T09:44:58.167+0000] {logging_mixin.py:188} INFO - [2024-03-12T09:44:58.167+0000] {dag.py:3047} INFO - Sync 1 DAGs
[2024-03-12T09:44:58.204+0000] {logging_mixin.py:188} INFO - [2024-03-12T09:44:58.204+0000] {dag.py:3834} INFO - Setting next_dagrun for example_branch_labels to 2024-03-11 00:00:00+00:00, run_after=2024-03-12 00:00:00+00:00
[2024-03-12T09:44:58.238+0000] {processor.py:183} INFO - Processing /usr/local/lib/python3.10/dist-packages/airflow/example_dags/example_branch_labels.py took 0.120 seconds
[2024-03-12T09:46:01.173+0000] {processor.py:161} INFO - Started process (PID=15444) to work on /usr/local/lib/python3.10/dist-packages/airflow/example_dags/example_branch_labels.py
[2024-03-12T09:46:01.175+0000] {processor.py:830} INFO - Processing file /usr/local/lib/python3.10/dist-packages/airflow/example_dags/example_branch_labels.py for tasks to queue
[2024-03-12T09:46:01.176+0000] {logging_mixin.py:188} INFO - [2024-03-12T09:46:01.176+0000] {dagbag.py:540} INFO - Filling up the DagBag from /usr/local/lib/python3.10/dist-packages/airflow/example_dags/example_branch_labels.py
[2024-03-12T09:46:01.187+0000] {processor.py:840} INFO - DAG(s) 'example_branch_labels' retrieved from /usr/local/lib/python3.10/dist-packages/airflow/example_dags/example_branch_labels.py
[2024-03-12T09:46:01.219+0000] {logging_mixin.py:188} INFO - [2024-03-12T09:46:01.219+0000] {dag.py:3047} INFO - Sync 1 DAGs
[2024-03-12T09:46:01.266+0000] {logging_mixin.py:188} INFO - [2024-03-12T09:46:01.264+0000] {dag.py:3834} INFO - Setting next_dagrun for example_branch_labels to 2024-03-11 00:00:00+00:00, run_after=2024-03-12 00:00:00+00:00
[2024-03-12T09:46:01.311+0000] {processor.py:183} INFO - Processing /usr/local/lib/python3.10/dist-packages/airflow/example_dags/example_branch_labels.py took 0.145 seconds
[2024-03-12T09:47:00.617+0000] {processor.py:161} INFO - Started process (PID=15503) to work on /usr/local/lib/python3.10/dist-packages/airflow/example_dags/example_branch_labels.py
[2024-03-12T09:47:00.619+0000] {processor.py:830} INFO - Processing file /usr/local/lib/python3.10/dist-packages/airflow/example_dags/example_branch_labels.py for tasks to queue
[2024-03-12T09:47:00.620+0000] {logging_mixin.py:188} INFO - [2024-03-12T09:47:00.620+0000] {dagbag.py:540} INFO - Filling up the DagBag from /usr/local/lib/python3.10/dist-packages/airflow/example_dags/example_branch_labels.py
[2024-03-12T09:47:00.629+0000] {processor.py:840} INFO - DAG(s) 'example_branch_labels' retrieved from /usr/local/lib/python3.10/dist-packages/airflow/example_dags/example_branch_labels.py
[2024-03-12T09:47:00.648+0000] {logging_mixin.py:188} INFO - [2024-03-12T09:47:00.648+0000] {dag.py:3047} INFO - Sync 1 DAGs
[2024-03-12T09:47:00.671+0000] {logging_mixin.py:188} INFO - [2024-03-12T09:47:00.671+0000] {dag.py:3834} INFO - Setting next_dagrun for example_branch_labels to 2024-03-11 00:00:00+00:00, run_after=2024-03-12 00:00:00+00:00
[2024-03-12T09:47:00.697+0000] {processor.py:183} INFO - Processing /usr/local/lib/python3.10/dist-packages/airflow/example_dags/example_branch_labels.py took 0.083 seconds
[2024-03-12T09:48:04.813+0000] {processor.py:161} INFO - Started process (PID=15566) to work on /usr/local/lib/python3.10/dist-packages/airflow/example_dags/example_branch_labels.py
[2024-03-12T09:48:04.815+0000] {processor.py:830} INFO - Processing file /usr/local/lib/python3.10/dist-packages/airflow/example_dags/example_branch_labels.py for tasks to queue
[2024-03-12T09:48:04.817+0000] {logging_mixin.py:188} INFO - [2024-03-12T09:48:04.816+0000] {dagbag.py:540} INFO - Filling up the DagBag from /usr/local/lib/python3.10/dist-packages/airflow/example_dags/example_branch_labels.py
[2024-03-12T09:48:04.837+0000] {processor.py:840} INFO - DAG(s) 'example_branch_labels' retrieved from /usr/local/lib/python3.10/dist-packages/airflow/example_dags/example_branch_labels.py
[2024-03-12T09:48:04.867+0000] {logging_mixin.py:188} INFO - [2024-03-12T09:48:04.867+0000] {dag.py:3047} INFO - Sync 1 DAGs
[2024-03-12T09:48:04.901+0000] {logging_mixin.py:188} INFO - [2024-03-12T09:48:04.901+0000] {dag.py:3834} INFO - Setting next_dagrun for example_branch_labels to 2024-03-11 00:00:00+00:00, run_after=2024-03-12 00:00:00+00:00
[2024-03-12T09:48:04.940+0000] {processor.py:183} INFO - Processing /usr/local/lib/python3.10/dist-packages/airflow/example_dags/example_branch_labels.py took 0.130 seconds
[2024-03-12T09:49:05.543+0000] {processor.py:161} INFO - Started process (PID=15629) to work on /usr/local/lib/python3.10/dist-packages/airflow/example_dags/example_branch_labels.py
[2024-03-12T09:49:05.544+0000] {processor.py:830} INFO - Processing file /usr/local/lib/python3.10/dist-packages/airflow/example_dags/example_branch_labels.py for tasks to queue
[2024-03-12T09:49:05.545+0000] {logging_mixin.py:188} INFO - [2024-03-12T09:49:05.545+0000] {dagbag.py:540} INFO - Filling up the DagBag from /usr/local/lib/python3.10/dist-packages/airflow/example_dags/example_branch_labels.py
[2024-03-12T09:49:05.554+0000] {processor.py:840} INFO - DAG(s) 'example_branch_labels' retrieved from /usr/local/lib/python3.10/dist-packages/airflow/example_dags/example_branch_labels.py
[2024-03-12T09:49:05.575+0000] {logging_mixin.py:188} INFO - [2024-03-12T09:49:05.575+0000] {dag.py:3047} INFO - Sync 1 DAGs
[2024-03-12T09:49:05.600+0000] {logging_mixin.py:188} INFO - [2024-03-12T09:49:05.599+0000] {dag.py:3834} INFO - Setting next_dagrun for example_branch_labels to 2024-03-11 00:00:00+00:00, run_after=2024-03-12 00:00:00+00:00
[2024-03-12T09:49:05.631+0000] {processor.py:183} INFO - Processing /usr/local/lib/python3.10/dist-packages/airflow/example_dags/example_branch_labels.py took 0.092 seconds
[2024-03-12T09:50:11.769+0000] {processor.py:161} INFO - Started process (PID=15692) to work on /usr/local/lib/python3.10/dist-packages/airflow/example_dags/example_branch_labels.py
[2024-03-12T09:50:11.772+0000] {processor.py:830} INFO - Processing file /usr/local/lib/python3.10/dist-packages/airflow/example_dags/example_branch_labels.py for tasks to queue
[2024-03-12T09:50:11.773+0000] {logging_mixin.py:188} INFO - [2024-03-12T09:50:11.773+0000] {dagbag.py:540} INFO - Filling up the DagBag from /usr/local/lib/python3.10/dist-packages/airflow/example_dags/example_branch_labels.py
[2024-03-12T09:50:11.788+0000] {processor.py:840} INFO - DAG(s) 'example_branch_labels' retrieved from /usr/local/lib/python3.10/dist-packages/airflow/example_dags/example_branch_labels.py
[2024-03-12T09:50:11.810+0000] {logging_mixin.py:188} INFO - [2024-03-12T09:50:11.809+0000] {dag.py:3047} INFO - Sync 1 DAGs
[2024-03-12T09:50:11.836+0000] {logging_mixin.py:188} INFO - [2024-03-12T09:50:11.836+0000] {dag.py:3834} INFO - Setting next_dagrun for example_branch_labels to 2024-03-11 00:00:00+00:00, run_after=2024-03-12 00:00:00+00:00
[2024-03-12T09:50:11.890+0000] {processor.py:183} INFO - Processing /usr/local/lib/python3.10/dist-packages/airflow/example_dags/example_branch_labels.py took 0.131 seconds
[2024-03-12T09:51:18.524+0000] {processor.py:161} INFO - Started process (PID=15756) to work on /usr/local/lib/python3.10/dist-packages/airflow/example_dags/example_branch_labels.py
[2024-03-12T09:51:18.526+0000] {processor.py:830} INFO - Processing file /usr/local/lib/python3.10/dist-packages/airflow/example_dags/example_branch_labels.py for tasks to queue
[2024-03-12T09:51:18.527+0000] {logging_mixin.py:188} INFO - [2024-03-12T09:51:18.527+0000] {dagbag.py:540} INFO - Filling up the DagBag from /usr/local/lib/python3.10/dist-packages/airflow/example_dags/example_branch_labels.py
[2024-03-12T09:51:18.535+0000] {processor.py:840} INFO - DAG(s) 'example_branch_labels' retrieved from /usr/local/lib/python3.10/dist-packages/airflow/example_dags/example_branch_labels.py
[2024-03-12T09:51:18.556+0000] {logging_mixin.py:188} INFO - [2024-03-12T09:51:18.556+0000] {dag.py:3047} INFO - Sync 1 DAGs
[2024-03-12T09:51:18.584+0000] {logging_mixin.py:188} INFO - [2024-03-12T09:51:18.583+0000] {dag.py:3834} INFO - Setting next_dagrun for example_branch_labels to 2024-03-11 00:00:00+00:00, run_after=2024-03-12 00:00:00+00:00
[2024-03-12T09:51:18.610+0000] {processor.py:183} INFO - Processing /usr/local/lib/python3.10/dist-packages/airflow/example_dags/example_branch_labels.py took 0.090 seconds
[2024-03-12T09:52:29.471+0000] {processor.py:161} INFO - Started process (PID=15825) to work on /usr/local/lib/python3.10/dist-packages/airflow/example_dags/example_branch_labels.py
[2024-03-12T09:52:29.473+0000] {processor.py:830} INFO - Processing file /usr/local/lib/python3.10/dist-packages/airflow/example_dags/example_branch_labels.py for tasks to queue
[2024-03-12T09:52:29.474+0000] {logging_mixin.py:188} INFO - [2024-03-12T09:52:29.473+0000] {dagbag.py:540} INFO - Filling up the DagBag from /usr/local/lib/python3.10/dist-packages/airflow/example_dags/example_branch_labels.py
[2024-03-12T09:52:29.482+0000] {processor.py:840} INFO - DAG(s) 'example_branch_labels' retrieved from /usr/local/lib/python3.10/dist-packages/airflow/example_dags/example_branch_labels.py
[2024-03-12T09:52:29.506+0000] {logging_mixin.py:188} INFO - [2024-03-12T09:52:29.506+0000] {dag.py:3047} INFO - Sync 1 DAGs
[2024-03-12T09:52:29.528+0000] {logging_mixin.py:188} INFO - [2024-03-12T09:52:29.528+0000] {dag.py:3834} INFO - Setting next_dagrun for example_branch_labels to 2024-03-11 00:00:00+00:00, run_after=2024-03-12 00:00:00+00:00
[2024-03-12T09:52:29.553+0000] {processor.py:183} INFO - Processing /usr/local/lib/python3.10/dist-packages/airflow/example_dags/example_branch_labels.py took 0.085 seconds
[2024-03-12T09:53:32.335+0000] {processor.py:161} INFO - Started process (PID=15886) to work on /usr/local/lib/python3.10/dist-packages/airflow/example_dags/example_branch_labels.py
[2024-03-12T09:53:32.337+0000] {processor.py:830} INFO - Processing file /usr/local/lib/python3.10/dist-packages/airflow/example_dags/example_branch_labels.py for tasks to queue
[2024-03-12T09:53:32.338+0000] {logging_mixin.py:188} INFO - [2024-03-12T09:53:32.337+0000] {dagbag.py:540} INFO - Filling up the DagBag from /usr/local/lib/python3.10/dist-packages/airflow/example_dags/example_branch_labels.py
[2024-03-12T09:53:32.350+0000] {processor.py:840} INFO - DAG(s) 'example_branch_labels' retrieved from /usr/local/lib/python3.10/dist-packages/airflow/example_dags/example_branch_labels.py
[2024-03-12T09:53:32.370+0000] {logging_mixin.py:188} INFO - [2024-03-12T09:53:32.370+0000] {dag.py:3047} INFO - Sync 1 DAGs
[2024-03-12T09:53:32.400+0000] {logging_mixin.py:188} INFO - [2024-03-12T09:53:32.400+0000] {dag.py:3834} INFO - Setting next_dagrun for example_branch_labels to 2024-03-11 00:00:00+00:00, run_after=2024-03-12 00:00:00+00:00
[2024-03-12T09:53:32.429+0000] {processor.py:183} INFO - Processing /usr/local/lib/python3.10/dist-packages/airflow/example_dags/example_branch_labels.py took 0.098 seconds
[2024-03-12T09:54:42.167+0000] {processor.py:161} INFO - Started process (PID=15954) to work on /usr/local/lib/python3.10/dist-packages/airflow/example_dags/example_branch_labels.py
[2024-03-12T09:54:42.168+0000] {processor.py:830} INFO - Processing file /usr/local/lib/python3.10/dist-packages/airflow/example_dags/example_branch_labels.py for tasks to queue
[2024-03-12T09:54:42.170+0000] {logging_mixin.py:188} INFO - [2024-03-12T09:54:42.169+0000] {dagbag.py:540} INFO - Filling up the DagBag from /usr/local/lib/python3.10/dist-packages/airflow/example_dags/example_branch_labels.py
[2024-03-12T09:54:42.180+0000] {processor.py:840} INFO - DAG(s) 'example_branch_labels' retrieved from /usr/local/lib/python3.10/dist-packages/airflow/example_dags/example_branch_labels.py
[2024-03-12T09:54:42.203+0000] {logging_mixin.py:188} INFO - [2024-03-12T09:54:42.203+0000] {dag.py:3047} INFO - Sync 1 DAGs
[2024-03-12T09:54:42.235+0000] {logging_mixin.py:188} INFO - [2024-03-12T09:54:42.234+0000] {dag.py:3834} INFO - Setting next_dagrun for example_branch_labels to 2024-03-11 00:00:00+00:00, run_after=2024-03-12 00:00:00+00:00
[2024-03-12T09:54:42.264+0000] {processor.py:183} INFO - Processing /usr/local/lib/python3.10/dist-packages/airflow/example_dags/example_branch_labels.py took 0.100 seconds
[2024-03-12T09:55:48.942+0000] {processor.py:161} INFO - Started process (PID=16019) to work on /usr/local/lib/python3.10/dist-packages/airflow/example_dags/example_branch_labels.py
[2024-03-12T09:55:48.944+0000] {processor.py:830} INFO - Processing file /usr/local/lib/python3.10/dist-packages/airflow/example_dags/example_branch_labels.py for tasks to queue
[2024-03-12T09:55:48.945+0000] {logging_mixin.py:188} INFO - [2024-03-12T09:55:48.945+0000] {dagbag.py:540} INFO - Filling up the DagBag from /usr/local/lib/python3.10/dist-packages/airflow/example_dags/example_branch_labels.py
[2024-03-12T09:55:48.955+0000] {processor.py:840} INFO - DAG(s) 'example_branch_labels' retrieved from /usr/local/lib/python3.10/dist-packages/airflow/example_dags/example_branch_labels.py
[2024-03-12T09:55:48.976+0000] {logging_mixin.py:188} INFO - [2024-03-12T09:55:48.975+0000] {dag.py:3047} INFO - Sync 1 DAGs
[2024-03-12T09:55:48.999+0000] {logging_mixin.py:188} INFO - [2024-03-12T09:55:48.999+0000] {dag.py:3834} INFO - Setting next_dagrun for example_branch_labels to 2024-03-11 00:00:00+00:00, run_after=2024-03-12 00:00:00+00:00
[2024-03-12T09:55:49.033+0000] {processor.py:183} INFO - Processing /usr/local/lib/python3.10/dist-packages/airflow/example_dags/example_branch_labels.py took 0.095 seconds
[2024-03-12T09:56:55.854+0000] {processor.py:161} INFO - Started process (PID=16083) to work on /usr/local/lib/python3.10/dist-packages/airflow/example_dags/example_branch_labels.py
[2024-03-12T09:56:55.856+0000] {processor.py:830} INFO - Processing file /usr/local/lib/python3.10/dist-packages/airflow/example_dags/example_branch_labels.py for tasks to queue
[2024-03-12T09:56:55.859+0000] {logging_mixin.py:188} INFO - [2024-03-12T09:56:55.858+0000] {dagbag.py:540} INFO - Filling up the DagBag from /usr/local/lib/python3.10/dist-packages/airflow/example_dags/example_branch_labels.py
[2024-03-12T09:56:55.876+0000] {processor.py:840} INFO - DAG(s) 'example_branch_labels' retrieved from /usr/local/lib/python3.10/dist-packages/airflow/example_dags/example_branch_labels.py
[2024-03-12T09:56:55.918+0000] {logging_mixin.py:188} INFO - [2024-03-12T09:56:55.917+0000] {dag.py:3047} INFO - Sync 1 DAGs
[2024-03-12T09:56:55.942+0000] {logging_mixin.py:188} INFO - [2024-03-12T09:56:55.942+0000] {dag.py:3834} INFO - Setting next_dagrun for example_branch_labels to 2024-03-11 00:00:00+00:00, run_after=2024-03-12 00:00:00+00:00
[2024-03-12T09:56:55.967+0000] {processor.py:183} INFO - Processing /usr/local/lib/python3.10/dist-packages/airflow/example_dags/example_branch_labels.py took 0.130 seconds
[2024-03-12T09:58:01.340+0000] {processor.py:161} INFO - Started process (PID=16147) to work on /usr/local/lib/python3.10/dist-packages/airflow/example_dags/example_branch_labels.py
[2024-03-12T09:58:01.342+0000] {processor.py:830} INFO - Processing file /usr/local/lib/python3.10/dist-packages/airflow/example_dags/example_branch_labels.py for tasks to queue
[2024-03-12T09:58:01.343+0000] {logging_mixin.py:188} INFO - [2024-03-12T09:58:01.343+0000] {dagbag.py:540} INFO - Filling up the DagBag from /usr/local/lib/python3.10/dist-packages/airflow/example_dags/example_branch_labels.py
[2024-03-12T09:58:01.353+0000] {processor.py:840} INFO - DAG(s) 'example_branch_labels' retrieved from /usr/local/lib/python3.10/dist-packages/airflow/example_dags/example_branch_labels.py
[2024-03-12T09:58:01.383+0000] {logging_mixin.py:188} INFO - [2024-03-12T09:58:01.382+0000] {dag.py:3047} INFO - Sync 1 DAGs
[2024-03-12T09:58:01.408+0000] {logging_mixin.py:188} INFO - [2024-03-12T09:58:01.408+0000] {dag.py:3834} INFO - Setting next_dagrun for example_branch_labels to 2024-03-11 00:00:00+00:00, run_after=2024-03-12 00:00:00+00:00
[2024-03-12T09:58:01.452+0000] {processor.py:183} INFO - Processing /usr/local/lib/python3.10/dist-packages/airflow/example_dags/example_branch_labels.py took 0.116 seconds
[2024-03-12T09:59:03.128+0000] {processor.py:161} INFO - Started process (PID=16220) to work on /usr/local/lib/python3.10/dist-packages/airflow/example_dags/example_branch_labels.py
[2024-03-12T09:59:03.130+0000] {processor.py:830} INFO - Processing file /usr/local/lib/python3.10/dist-packages/airflow/example_dags/example_branch_labels.py for tasks to queue
[2024-03-12T09:59:03.131+0000] {logging_mixin.py:188} INFO - [2024-03-12T09:59:03.131+0000] {dagbag.py:540} INFO - Filling up the DagBag from /usr/local/lib/python3.10/dist-packages/airflow/example_dags/example_branch_labels.py
[2024-03-12T09:59:03.145+0000] {processor.py:840} INFO - DAG(s) 'example_branch_labels' retrieved from /usr/local/lib/python3.10/dist-packages/airflow/example_dags/example_branch_labels.py
[2024-03-12T09:59:03.194+0000] {logging_mixin.py:188} INFO - [2024-03-12T09:59:03.194+0000] {dag.py:3047} INFO - Sync 1 DAGs
[2024-03-12T09:59:03.235+0000] {logging_mixin.py:188} INFO - [2024-03-12T09:59:03.234+0000] {dag.py:3834} INFO - Setting next_dagrun for example_branch_labels to 2024-03-11 00:00:00+00:00, run_after=2024-03-12 00:00:00+00:00
[2024-03-12T09:59:03.286+0000] {processor.py:183} INFO - Processing /usr/local/lib/python3.10/dist-packages/airflow/example_dags/example_branch_labels.py took 0.161 seconds
[2024-03-12T10:00:07.594+0000] {processor.py:161} INFO - Started process (PID=16289) to work on /usr/local/lib/python3.10/dist-packages/airflow/example_dags/example_branch_labels.py
[2024-03-12T10:00:07.596+0000] {processor.py:830} INFO - Processing file /usr/local/lib/python3.10/dist-packages/airflow/example_dags/example_branch_labels.py for tasks to queue
[2024-03-12T10:00:07.597+0000] {logging_mixin.py:188} INFO - [2024-03-12T10:00:07.596+0000] {dagbag.py:540} INFO - Filling up the DagBag from /usr/local/lib/python3.10/dist-packages/airflow/example_dags/example_branch_labels.py
[2024-03-12T10:00:07.607+0000] {processor.py:840} INFO - DAG(s) 'example_branch_labels' retrieved from /usr/local/lib/python3.10/dist-packages/airflow/example_dags/example_branch_labels.py
[2024-03-12T10:00:07.626+0000] {logging_mixin.py:188} INFO - [2024-03-12T10:00:07.626+0000] {dag.py:3047} INFO - Sync 1 DAGs
[2024-03-12T10:00:07.649+0000] {logging_mixin.py:188} INFO - [2024-03-12T10:00:07.649+0000] {dag.py:3834} INFO - Setting next_dagrun for example_branch_labels to 2024-03-11 00:00:00+00:00, run_after=2024-03-12 00:00:00+00:00
[2024-03-12T10:00:07.673+0000] {processor.py:183} INFO - Processing /usr/local/lib/python3.10/dist-packages/airflow/example_dags/example_branch_labels.py took 0.082 seconds
[2024-03-12T10:01:11.330+0000] {processor.py:161} INFO - Started process (PID=16360) to work on /usr/local/lib/python3.10/dist-packages/airflow/example_dags/example_branch_labels.py
[2024-03-12T10:01:11.332+0000] {processor.py:830} INFO - Processing file /usr/local/lib/python3.10/dist-packages/airflow/example_dags/example_branch_labels.py for tasks to queue
[2024-03-12T10:01:11.333+0000] {logging_mixin.py:188} INFO - [2024-03-12T10:01:11.332+0000] {dagbag.py:540} INFO - Filling up the DagBag from /usr/local/lib/python3.10/dist-packages/airflow/example_dags/example_branch_labels.py
[2024-03-12T10:01:11.341+0000] {processor.py:840} INFO - DAG(s) 'example_branch_labels' retrieved from /usr/local/lib/python3.10/dist-packages/airflow/example_dags/example_branch_labels.py
[2024-03-12T10:01:11.362+0000] {logging_mixin.py:188} INFO - [2024-03-12T10:01:11.362+0000] {dag.py:3047} INFO - Sync 1 DAGs
[2024-03-12T10:01:11.390+0000] {logging_mixin.py:188} INFO - [2024-03-12T10:01:11.390+0000] {dag.py:3834} INFO - Setting next_dagrun for example_branch_labels to 2024-03-11 00:00:00+00:00, run_after=2024-03-12 00:00:00+00:00
[2024-03-12T10:01:11.417+0000] {processor.py:183} INFO - Processing /usr/local/lib/python3.10/dist-packages/airflow/example_dags/example_branch_labels.py took 0.091 seconds
[2024-03-12T10:02:12.970+0000] {processor.py:161} INFO - Started process (PID=16423) to work on /usr/local/lib/python3.10/dist-packages/airflow/example_dags/example_branch_labels.py
[2024-03-12T10:02:12.972+0000] {processor.py:830} INFO - Processing file /usr/local/lib/python3.10/dist-packages/airflow/example_dags/example_branch_labels.py for tasks to queue
[2024-03-12T10:02:12.974+0000] {logging_mixin.py:188} INFO - [2024-03-12T10:02:12.973+0000] {dagbag.py:540} INFO - Filling up the DagBag from /usr/local/lib/python3.10/dist-packages/airflow/example_dags/example_branch_labels.py
[2024-03-12T10:02:12.992+0000] {processor.py:840} INFO - DAG(s) 'example_branch_labels' retrieved from /usr/local/lib/python3.10/dist-packages/airflow/example_dags/example_branch_labels.py
[2024-03-12T10:02:13.035+0000] {logging_mixin.py:188} INFO - [2024-03-12T10:02:13.035+0000] {dag.py:3047} INFO - Sync 1 DAGs
[2024-03-12T10:02:13.071+0000] {logging_mixin.py:188} INFO - [2024-03-12T10:02:13.071+0000] {dag.py:3834} INFO - Setting next_dagrun for example_branch_labels to 2024-03-11 00:00:00+00:00, run_after=2024-03-12 00:00:00+00:00
[2024-03-12T10:02:13.100+0000] {processor.py:183} INFO - Processing /usr/local/lib/python3.10/dist-packages/airflow/example_dags/example_branch_labels.py took 0.135 seconds
[2024-03-12T10:03:13.953+0000] {processor.py:161} INFO - Started process (PID=16489) to work on /usr/local/lib/python3.10/dist-packages/airflow/example_dags/example_branch_labels.py
[2024-03-12T10:03:13.955+0000] {processor.py:830} INFO - Processing file /usr/local/lib/python3.10/dist-packages/airflow/example_dags/example_branch_labels.py for tasks to queue
[2024-03-12T10:03:13.956+0000] {logging_mixin.py:188} INFO - [2024-03-12T10:03:13.956+0000] {dagbag.py:540} INFO - Filling up the DagBag from /usr/local/lib/python3.10/dist-packages/airflow/example_dags/example_branch_labels.py
[2024-03-12T10:03:13.972+0000] {processor.py:840} INFO - DAG(s) 'example_branch_labels' retrieved from /usr/local/lib/python3.10/dist-packages/airflow/example_dags/example_branch_labels.py
[2024-03-12T10:03:13.995+0000] {logging_mixin.py:188} INFO - [2024-03-12T10:03:13.994+0000] {dag.py:3047} INFO - Sync 1 DAGs
[2024-03-12T10:03:14.023+0000] {logging_mixin.py:188} INFO - [2024-03-12T10:03:14.023+0000] {dag.py:3834} INFO - Setting next_dagrun for example_branch_labels to 2024-03-11 00:00:00+00:00, run_after=2024-03-12 00:00:00+00:00
[2024-03-12T10:03:14.054+0000] {processor.py:183} INFO - Processing /usr/local/lib/python3.10/dist-packages/airflow/example_dags/example_branch_labels.py took 0.105 seconds
[2024-03-12T10:04:18.178+0000] {processor.py:161} INFO - Started process (PID=16552) to work on /usr/local/lib/python3.10/dist-packages/airflow/example_dags/example_branch_labels.py
[2024-03-12T10:04:18.180+0000] {processor.py:830} INFO - Processing file /usr/local/lib/python3.10/dist-packages/airflow/example_dags/example_branch_labels.py for tasks to queue
[2024-03-12T10:04:18.183+0000] {logging_mixin.py:188} INFO - [2024-03-12T10:04:18.180+0000] {dagbag.py:540} INFO - Filling up the DagBag from /usr/local/lib/python3.10/dist-packages/airflow/example_dags/example_branch_labels.py
[2024-03-12T10:04:18.193+0000] {processor.py:840} INFO - DAG(s) 'example_branch_labels' retrieved from /usr/local/lib/python3.10/dist-packages/airflow/example_dags/example_branch_labels.py
[2024-03-12T10:04:18.217+0000] {logging_mixin.py:188} INFO - [2024-03-12T10:04:18.217+0000] {dag.py:3047} INFO - Sync 1 DAGs
[2024-03-12T10:04:18.247+0000] {logging_mixin.py:188} INFO - [2024-03-12T10:04:18.246+0000] {dag.py:3834} INFO - Setting next_dagrun for example_branch_labels to 2024-03-11 00:00:00+00:00, run_after=2024-03-12 00:00:00+00:00
[2024-03-12T10:04:18.280+0000] {processor.py:183} INFO - Processing /usr/local/lib/python3.10/dist-packages/airflow/example_dags/example_branch_labels.py took 0.114 seconds
[2024-03-12T10:05:19.003+0000] {processor.py:161} INFO - Started process (PID=16617) to work on /usr/local/lib/python3.10/dist-packages/airflow/example_dags/example_branch_labels.py
[2024-03-12T10:05:19.004+0000] {processor.py:830} INFO - Processing file /usr/local/lib/python3.10/dist-packages/airflow/example_dags/example_branch_labels.py for tasks to queue
[2024-03-12T10:05:19.006+0000] {logging_mixin.py:188} INFO - [2024-03-12T10:05:19.005+0000] {dagbag.py:540} INFO - Filling up the DagBag from /usr/local/lib/python3.10/dist-packages/airflow/example_dags/example_branch_labels.py
[2024-03-12T10:05:19.019+0000] {processor.py:840} INFO - DAG(s) 'example_branch_labels' retrieved from /usr/local/lib/python3.10/dist-packages/airflow/example_dags/example_branch_labels.py
[2024-03-12T10:05:19.046+0000] {logging_mixin.py:188} INFO - [2024-03-12T10:05:19.045+0000] {dag.py:3047} INFO - Sync 1 DAGs
[2024-03-12T10:05:19.080+0000] {logging_mixin.py:188} INFO - [2024-03-12T10:05:19.080+0000] {dag.py:3834} INFO - Setting next_dagrun for example_branch_labels to 2024-03-11 00:00:00+00:00, run_after=2024-03-12 00:00:00+00:00
[2024-03-12T10:05:19.118+0000] {processor.py:183} INFO - Processing /usr/local/lib/python3.10/dist-packages/airflow/example_dags/example_branch_labels.py took 0.119 seconds
[2024-03-12T10:06:20.842+0000] {processor.py:161} INFO - Started process (PID=16680) to work on /usr/local/lib/python3.10/dist-packages/airflow/example_dags/example_branch_labels.py
[2024-03-12T10:06:20.843+0000] {processor.py:830} INFO - Processing file /usr/local/lib/python3.10/dist-packages/airflow/example_dags/example_branch_labels.py for tasks to queue
[2024-03-12T10:06:20.844+0000] {logging_mixin.py:188} INFO - [2024-03-12T10:06:20.844+0000] {dagbag.py:540} INFO - Filling up the DagBag from /usr/local/lib/python3.10/dist-packages/airflow/example_dags/example_branch_labels.py
[2024-03-12T10:06:20.853+0000] {processor.py:840} INFO - DAG(s) 'example_branch_labels' retrieved from /usr/local/lib/python3.10/dist-packages/airflow/example_dags/example_branch_labels.py
[2024-03-12T10:06:20.872+0000] {logging_mixin.py:188} INFO - [2024-03-12T10:06:20.872+0000] {dag.py:3047} INFO - Sync 1 DAGs
[2024-03-12T10:06:20.895+0000] {logging_mixin.py:188} INFO - [2024-03-12T10:06:20.894+0000] {dag.py:3834} INFO - Setting next_dagrun for example_branch_labels to 2024-03-11 00:00:00+00:00, run_after=2024-03-12 00:00:00+00:00
[2024-03-12T10:06:20.919+0000] {processor.py:183} INFO - Processing /usr/local/lib/python3.10/dist-packages/airflow/example_dags/example_branch_labels.py took 0.081 seconds
