[2024-03-12T09:19:58.764+0000] {processor.py:161} INFO - Started process (PID=13954) to work on /usr/local/lib/python3.10/dist-packages/airflow/example_dags/example_nested_branch_dag.py
[2024-03-12T09:19:58.766+0000] {processor.py:830} INFO - Processing file /usr/local/lib/python3.10/dist-packages/airflow/example_dags/example_nested_branch_dag.py for tasks to queue
[2024-03-12T09:19:58.769+0000] {logging_mixin.py:188} INFO - [2024-03-12T09:19:58.768+0000] {dagbag.py:540} INFO - Filling up the DagBag from /usr/local/lib/python3.10/dist-packages/airflow/example_dags/example_nested_branch_dag.py
[2024-03-12T09:19:58.802+0000] {processor.py:840} INFO - DAG(s) 'example_nested_branch_dag' retrieved from /usr/local/lib/python3.10/dist-packages/airflow/example_dags/example_nested_branch_dag.py
[2024-03-12T09:19:59.015+0000] {logging_mixin.py:188} INFO - [2024-03-12T09:19:59.014+0000] {override.py:1769} INFO - Created Permission View: can read on DAG:example_nested_branch_dag
[2024-03-12T09:19:59.033+0000] {logging_mixin.py:188} INFO - [2024-03-12T09:19:59.032+0000] {override.py:1769} INFO - Created Permission View: can edit on DAG:example_nested_branch_dag
[2024-03-12T09:19:59.043+0000] {logging_mixin.py:188} INFO - [2024-03-12T09:19:59.043+0000] {override.py:1769} INFO - Created Permission View: can delete on DAG:example_nested_branch_dag
[2024-03-12T09:19:59.044+0000] {logging_mixin.py:188} INFO - [2024-03-12T09:19:59.043+0000] {dag.py:3047} INFO - Sync 1 DAGs
[2024-03-12T09:19:59.191+0000] {logging_mixin.py:188} INFO - [2024-03-12T09:19:59.190+0000] {dag.py:3069} INFO - Creating ORM DAG for example_nested_branch_dag
[2024-03-12T09:19:59.202+0000] {logging_mixin.py:188} INFO - [2024-03-12T09:19:59.201+0000] {dag.py:3834} INFO - Setting next_dagrun for example_nested_branch_dag to 2024-03-11 00:00:00+00:00, run_after=2024-03-12 00:00:00+00:00
[2024-03-12T09:19:59.225+0000] {processor.py:183} INFO - Processing /usr/local/lib/python3.10/dist-packages/airflow/example_dags/example_nested_branch_dag.py took 0.471 seconds
[2024-03-12T09:22:50.611+0000] {processor.py:161} INFO - Started process (PID=14014) to work on /usr/local/lib/python3.10/dist-packages/airflow/example_dags/example_nested_branch_dag.py
[2024-03-12T09:22:50.613+0000] {processor.py:830} INFO - Processing file /usr/local/lib/python3.10/dist-packages/airflow/example_dags/example_nested_branch_dag.py for tasks to queue
[2024-03-12T09:22:50.614+0000] {logging_mixin.py:188} INFO - [2024-03-12T09:22:50.613+0000] {dagbag.py:540} INFO - Filling up the DagBag from /usr/local/lib/python3.10/dist-packages/airflow/example_dags/example_nested_branch_dag.py
[2024-03-12T09:22:50.628+0000] {processor.py:840} INFO - DAG(s) 'example_nested_branch_dag' retrieved from /usr/local/lib/python3.10/dist-packages/airflow/example_dags/example_nested_branch_dag.py
[2024-03-12T09:22:50.761+0000] {logging_mixin.py:188} INFO - [2024-03-12T09:22:50.761+0000] {dag.py:3047} INFO - Sync 1 DAGs
[2024-03-12T09:22:50.928+0000] {logging_mixin.py:188} INFO - [2024-03-12T09:22:50.928+0000] {dag.py:3834} INFO - Setting next_dagrun for example_nested_branch_dag to 2024-03-11 00:00:00+00:00, run_after=2024-03-12 00:00:00+00:00
[2024-03-12T09:22:50.973+0000] {processor.py:183} INFO - Processing /usr/local/lib/python3.10/dist-packages/airflow/example_dags/example_nested_branch_dag.py took 0.367 seconds
[2024-03-12T09:23:53.775+0000] {processor.py:161} INFO - Started process (PID=14069) to work on /usr/local/lib/python3.10/dist-packages/airflow/example_dags/example_nested_branch_dag.py
[2024-03-12T09:23:53.793+0000] {processor.py:830} INFO - Processing file /usr/local/lib/python3.10/dist-packages/airflow/example_dags/example_nested_branch_dag.py for tasks to queue
[2024-03-12T09:23:53.796+0000] {logging_mixin.py:188} INFO - [2024-03-12T09:23:53.795+0000] {dagbag.py:540} INFO - Filling up the DagBag from /usr/local/lib/python3.10/dist-packages/airflow/example_dags/example_nested_branch_dag.py
[2024-03-12T09:23:53.831+0000] {processor.py:840} INFO - DAG(s) 'example_nested_branch_dag' retrieved from /usr/local/lib/python3.10/dist-packages/airflow/example_dags/example_nested_branch_dag.py
[2024-03-12T09:23:53.879+0000] {logging_mixin.py:188} INFO - [2024-03-12T09:23:53.879+0000] {dag.py:3047} INFO - Sync 1 DAGs
[2024-03-12T09:23:53.913+0000] {logging_mixin.py:188} INFO - [2024-03-12T09:23:53.913+0000] {dag.py:3834} INFO - Setting next_dagrun for example_nested_branch_dag to 2024-03-11 00:00:00+00:00, run_after=2024-03-12 00:00:00+00:00
[2024-03-12T09:23:53.960+0000] {processor.py:183} INFO - Processing /usr/local/lib/python3.10/dist-packages/airflow/example_dags/example_nested_branch_dag.py took 0.188 seconds
[2024-03-12T09:24:46.728+0000] {processor.py:161} INFO - Started process (PID=14118) to work on /usr/local/lib/python3.10/dist-packages/airflow/example_dags/example_nested_branch_dag.py
[2024-03-12T09:24:46.729+0000] {processor.py:830} INFO - Processing file /usr/local/lib/python3.10/dist-packages/airflow/example_dags/example_nested_branch_dag.py for tasks to queue
[2024-03-12T09:24:46.734+0000] {logging_mixin.py:188} INFO - [2024-03-12T09:24:46.733+0000] {dagbag.py:540} INFO - Filling up the DagBag from /usr/local/lib/python3.10/dist-packages/airflow/example_dags/example_nested_branch_dag.py
[2024-03-12T09:24:46.761+0000] {processor.py:840} INFO - DAG(s) 'example_nested_branch_dag' retrieved from /usr/local/lib/python3.10/dist-packages/airflow/example_dags/example_nested_branch_dag.py
[2024-03-12T09:24:46.926+0000] {logging_mixin.py:188} INFO - [2024-03-12T09:24:46.926+0000] {dag.py:3047} INFO - Sync 1 DAGs
[2024-03-12T09:24:46.947+0000] {logging_mixin.py:188} INFO - [2024-03-12T09:24:46.947+0000] {dag.py:3834} INFO - Setting next_dagrun for example_nested_branch_dag to 2024-03-11 00:00:00+00:00, run_after=2024-03-12 00:00:00+00:00
[2024-03-12T09:24:46.972+0000] {processor.py:183} INFO - Processing /usr/local/lib/python3.10/dist-packages/airflow/example_dags/example_nested_branch_dag.py took 0.253 seconds
[2024-03-12T09:25:40.759+0000] {processor.py:161} INFO - Started process (PID=14167) to work on /usr/local/lib/python3.10/dist-packages/airflow/example_dags/example_nested_branch_dag.py
[2024-03-12T09:25:40.764+0000] {processor.py:830} INFO - Processing file /usr/local/lib/python3.10/dist-packages/airflow/example_dags/example_nested_branch_dag.py for tasks to queue
[2024-03-12T09:25:40.767+0000] {logging_mixin.py:188} INFO - [2024-03-12T09:25:40.765+0000] {dagbag.py:540} INFO - Filling up the DagBag from /usr/local/lib/python3.10/dist-packages/airflow/example_dags/example_nested_branch_dag.py
[2024-03-12T09:25:40.786+0000] {processor.py:840} INFO - DAG(s) 'example_nested_branch_dag' retrieved from /usr/local/lib/python3.10/dist-packages/airflow/example_dags/example_nested_branch_dag.py
[2024-03-12T09:25:40.813+0000] {logging_mixin.py:188} INFO - [2024-03-12T09:25:40.812+0000] {dag.py:3047} INFO - Sync 1 DAGs
[2024-03-12T09:25:40.834+0000] {logging_mixin.py:188} INFO - [2024-03-12T09:25:40.833+0000] {dag.py:3834} INFO - Setting next_dagrun for example_nested_branch_dag to 2024-03-11 00:00:00+00:00, run_after=2024-03-12 00:00:00+00:00
[2024-03-12T09:25:40.856+0000] {processor.py:183} INFO - Processing /usr/local/lib/python3.10/dist-packages/airflow/example_dags/example_nested_branch_dag.py took 0.104 seconds
[2024-03-12T09:26:39.244+0000] {processor.py:161} INFO - Started process (PID=14226) to work on /usr/local/lib/python3.10/dist-packages/airflow/example_dags/example_nested_branch_dag.py
[2024-03-12T09:26:39.246+0000] {processor.py:830} INFO - Processing file /usr/local/lib/python3.10/dist-packages/airflow/example_dags/example_nested_branch_dag.py for tasks to queue
[2024-03-12T09:26:39.247+0000] {logging_mixin.py:188} INFO - [2024-03-12T09:26:39.246+0000] {dagbag.py:540} INFO - Filling up the DagBag from /usr/local/lib/python3.10/dist-packages/airflow/example_dags/example_nested_branch_dag.py
[2024-03-12T09:26:39.257+0000] {processor.py:840} INFO - DAG(s) 'example_nested_branch_dag' retrieved from /usr/local/lib/python3.10/dist-packages/airflow/example_dags/example_nested_branch_dag.py
[2024-03-12T09:26:39.291+0000] {logging_mixin.py:188} INFO - [2024-03-12T09:26:39.290+0000] {dag.py:3047} INFO - Sync 1 DAGs
[2024-03-12T09:26:39.334+0000] {logging_mixin.py:188} INFO - [2024-03-12T09:26:39.334+0000] {dag.py:3834} INFO - Setting next_dagrun for example_nested_branch_dag to 2024-03-11 00:00:00+00:00, run_after=2024-03-12 00:00:00+00:00
[2024-03-12T09:26:39.361+0000] {processor.py:183} INFO - Processing /usr/local/lib/python3.10/dist-packages/airflow/example_dags/example_nested_branch_dag.py took 0.120 seconds
[2024-03-12T09:27:44.553+0000] {processor.py:161} INFO - Started process (PID=14290) to work on /usr/local/lib/python3.10/dist-packages/airflow/example_dags/example_nested_branch_dag.py
[2024-03-12T09:27:44.555+0000] {processor.py:830} INFO - Processing file /usr/local/lib/python3.10/dist-packages/airflow/example_dags/example_nested_branch_dag.py for tasks to queue
[2024-03-12T09:27:44.556+0000] {logging_mixin.py:188} INFO - [2024-03-12T09:27:44.555+0000] {dagbag.py:540} INFO - Filling up the DagBag from /usr/local/lib/python3.10/dist-packages/airflow/example_dags/example_nested_branch_dag.py
[2024-03-12T09:27:44.571+0000] {processor.py:840} INFO - DAG(s) 'example_nested_branch_dag' retrieved from /usr/local/lib/python3.10/dist-packages/airflow/example_dags/example_nested_branch_dag.py
[2024-03-12T09:27:44.601+0000] {logging_mixin.py:188} INFO - [2024-03-12T09:27:44.600+0000] {dag.py:3047} INFO - Sync 1 DAGs
[2024-03-12T09:27:44.627+0000] {logging_mixin.py:188} INFO - [2024-03-12T09:27:44.626+0000] {dag.py:3834} INFO - Setting next_dagrun for example_nested_branch_dag to 2024-03-11 00:00:00+00:00, run_after=2024-03-12 00:00:00+00:00
[2024-03-12T09:27:44.661+0000] {processor.py:183} INFO - Processing /usr/local/lib/python3.10/dist-packages/airflow/example_dags/example_nested_branch_dag.py took 0.111 seconds
[2024-03-12T09:28:43.345+0000] {processor.py:161} INFO - Started process (PID=14349) to work on /usr/local/lib/python3.10/dist-packages/airflow/example_dags/example_nested_branch_dag.py
[2024-03-12T09:28:43.348+0000] {processor.py:830} INFO - Processing file /usr/local/lib/python3.10/dist-packages/airflow/example_dags/example_nested_branch_dag.py for tasks to queue
[2024-03-12T09:28:43.350+0000] {logging_mixin.py:188} INFO - [2024-03-12T09:28:43.348+0000] {dagbag.py:540} INFO - Filling up the DagBag from /usr/local/lib/python3.10/dist-packages/airflow/example_dags/example_nested_branch_dag.py
[2024-03-12T09:28:43.364+0000] {processor.py:840} INFO - DAG(s) 'example_nested_branch_dag' retrieved from /usr/local/lib/python3.10/dist-packages/airflow/example_dags/example_nested_branch_dag.py
[2024-03-12T09:28:43.400+0000] {logging_mixin.py:188} INFO - [2024-03-12T09:28:43.399+0000] {dag.py:3047} INFO - Sync 1 DAGs
[2024-03-12T09:28:43.468+0000] {logging_mixin.py:188} INFO - [2024-03-12T09:28:43.468+0000] {dag.py:3834} INFO - Setting next_dagrun for example_nested_branch_dag to 2024-03-11 00:00:00+00:00, run_after=2024-03-12 00:00:00+00:00
[2024-03-12T09:28:43.501+0000] {processor.py:183} INFO - Processing /usr/local/lib/python3.10/dist-packages/airflow/example_dags/example_nested_branch_dag.py took 0.159 seconds
[2024-03-12T09:29:43.976+0000] {processor.py:161} INFO - Started process (PID=14409) to work on /usr/local/lib/python3.10/dist-packages/airflow/example_dags/example_nested_branch_dag.py
[2024-03-12T09:29:43.978+0000] {processor.py:830} INFO - Processing file /usr/local/lib/python3.10/dist-packages/airflow/example_dags/example_nested_branch_dag.py for tasks to queue
[2024-03-12T09:29:43.979+0000] {logging_mixin.py:188} INFO - [2024-03-12T09:29:43.978+0000] {dagbag.py:540} INFO - Filling up the DagBag from /usr/local/lib/python3.10/dist-packages/airflow/example_dags/example_nested_branch_dag.py
[2024-03-12T09:29:43.996+0000] {processor.py:840} INFO - DAG(s) 'example_nested_branch_dag' retrieved from /usr/local/lib/python3.10/dist-packages/airflow/example_dags/example_nested_branch_dag.py
[2024-03-12T09:29:44.028+0000] {logging_mixin.py:188} INFO - [2024-03-12T09:29:44.028+0000] {dag.py:3047} INFO - Sync 1 DAGs
[2024-03-12T09:29:44.063+0000] {logging_mixin.py:188} INFO - [2024-03-12T09:29:44.063+0000] {dag.py:3834} INFO - Setting next_dagrun for example_nested_branch_dag to 2024-03-11 00:00:00+00:00, run_after=2024-03-12 00:00:00+00:00
[2024-03-12T09:29:44.087+0000] {processor.py:183} INFO - Processing /usr/local/lib/python3.10/dist-packages/airflow/example_dags/example_nested_branch_dag.py took 0.115 seconds
[2024-03-12T09:30:46.433+0000] {processor.py:161} INFO - Started process (PID=14469) to work on /usr/local/lib/python3.10/dist-packages/airflow/example_dags/example_nested_branch_dag.py
[2024-03-12T09:30:46.435+0000] {processor.py:830} INFO - Processing file /usr/local/lib/python3.10/dist-packages/airflow/example_dags/example_nested_branch_dag.py for tasks to queue
[2024-03-12T09:30:46.436+0000] {logging_mixin.py:188} INFO - [2024-03-12T09:30:46.436+0000] {dagbag.py:540} INFO - Filling up the DagBag from /usr/local/lib/python3.10/dist-packages/airflow/example_dags/example_nested_branch_dag.py
[2024-03-12T09:30:46.449+0000] {processor.py:840} INFO - DAG(s) 'example_nested_branch_dag' retrieved from /usr/local/lib/python3.10/dist-packages/airflow/example_dags/example_nested_branch_dag.py
[2024-03-12T09:30:46.471+0000] {logging_mixin.py:188} INFO - [2024-03-12T09:30:46.470+0000] {dag.py:3047} INFO - Sync 1 DAGs
[2024-03-12T09:30:46.501+0000] {logging_mixin.py:188} INFO - [2024-03-12T09:30:46.500+0000] {dag.py:3834} INFO - Setting next_dagrun for example_nested_branch_dag to 2024-03-11 00:00:00+00:00, run_after=2024-03-12 00:00:00+00:00
[2024-03-12T09:30:46.528+0000] {processor.py:183} INFO - Processing /usr/local/lib/python3.10/dist-packages/airflow/example_dags/example_nested_branch_dag.py took 0.100 seconds
[2024-03-12T09:31:49.142+0000] {processor.py:161} INFO - Started process (PID=14530) to work on /usr/local/lib/python3.10/dist-packages/airflow/example_dags/example_nested_branch_dag.py
[2024-03-12T09:31:49.146+0000] {processor.py:830} INFO - Processing file /usr/local/lib/python3.10/dist-packages/airflow/example_dags/example_nested_branch_dag.py for tasks to queue
[2024-03-12T09:31:49.148+0000] {logging_mixin.py:188} INFO - [2024-03-12T09:31:49.148+0000] {dagbag.py:540} INFO - Filling up the DagBag from /usr/local/lib/python3.10/dist-packages/airflow/example_dags/example_nested_branch_dag.py
[2024-03-12T09:31:49.161+0000] {processor.py:840} INFO - DAG(s) 'example_nested_branch_dag' retrieved from /usr/local/lib/python3.10/dist-packages/airflow/example_dags/example_nested_branch_dag.py
[2024-03-12T09:31:49.180+0000] {logging_mixin.py:188} INFO - [2024-03-12T09:31:49.180+0000] {dag.py:3047} INFO - Sync 1 DAGs
[2024-03-12T09:31:49.214+0000] {logging_mixin.py:188} INFO - [2024-03-12T09:31:49.214+0000] {dag.py:3834} INFO - Setting next_dagrun for example_nested_branch_dag to 2024-03-11 00:00:00+00:00, run_after=2024-03-12 00:00:00+00:00
[2024-03-12T09:31:49.266+0000] {processor.py:183} INFO - Processing /usr/local/lib/python3.10/dist-packages/airflow/example_dags/example_nested_branch_dag.py took 0.130 seconds
[2024-03-12T09:32:54.132+0000] {processor.py:161} INFO - Started process (PID=14593) to work on /usr/local/lib/python3.10/dist-packages/airflow/example_dags/example_nested_branch_dag.py
[2024-03-12T09:32:54.133+0000] {processor.py:830} INFO - Processing file /usr/local/lib/python3.10/dist-packages/airflow/example_dags/example_nested_branch_dag.py for tasks to queue
[2024-03-12T09:32:54.134+0000] {logging_mixin.py:188} INFO - [2024-03-12T09:32:54.134+0000] {dagbag.py:540} INFO - Filling up the DagBag from /usr/local/lib/python3.10/dist-packages/airflow/example_dags/example_nested_branch_dag.py
[2024-03-12T09:32:54.146+0000] {processor.py:840} INFO - DAG(s) 'example_nested_branch_dag' retrieved from /usr/local/lib/python3.10/dist-packages/airflow/example_dags/example_nested_branch_dag.py
[2024-03-12T09:32:54.168+0000] {logging_mixin.py:188} INFO - [2024-03-12T09:32:54.168+0000] {dag.py:3047} INFO - Sync 1 DAGs
[2024-03-12T09:32:54.200+0000] {logging_mixin.py:188} INFO - [2024-03-12T09:32:54.200+0000] {dag.py:3834} INFO - Setting next_dagrun for example_nested_branch_dag to 2024-03-11 00:00:00+00:00, run_after=2024-03-12 00:00:00+00:00
[2024-03-12T09:32:54.236+0000] {processor.py:183} INFO - Processing /usr/local/lib/python3.10/dist-packages/airflow/example_dags/example_nested_branch_dag.py took 0.109 seconds
[2024-03-12T09:33:59.273+0000] {processor.py:161} INFO - Started process (PID=14657) to work on /usr/local/lib/python3.10/dist-packages/airflow/example_dags/example_nested_branch_dag.py
[2024-03-12T09:33:59.274+0000] {processor.py:830} INFO - Processing file /usr/local/lib/python3.10/dist-packages/airflow/example_dags/example_nested_branch_dag.py for tasks to queue
[2024-03-12T09:33:59.275+0000] {logging_mixin.py:188} INFO - [2024-03-12T09:33:59.275+0000] {dagbag.py:540} INFO - Filling up the DagBag from /usr/local/lib/python3.10/dist-packages/airflow/example_dags/example_nested_branch_dag.py
[2024-03-12T09:33:59.286+0000] {processor.py:840} INFO - DAG(s) 'example_nested_branch_dag' retrieved from /usr/local/lib/python3.10/dist-packages/airflow/example_dags/example_nested_branch_dag.py
[2024-03-12T09:33:59.305+0000] {logging_mixin.py:188} INFO - [2024-03-12T09:33:59.304+0000] {dag.py:3047} INFO - Sync 1 DAGs
[2024-03-12T09:33:59.333+0000] {logging_mixin.py:188} INFO - [2024-03-12T09:33:59.333+0000] {dag.py:3834} INFO - Setting next_dagrun for example_nested_branch_dag to 2024-03-11 00:00:00+00:00, run_after=2024-03-12 00:00:00+00:00
[2024-03-12T09:33:59.373+0000] {processor.py:183} INFO - Processing /usr/local/lib/python3.10/dist-packages/airflow/example_dags/example_nested_branch_dag.py took 0.103 seconds
[2024-03-12T09:35:04.489+0000] {processor.py:161} INFO - Started process (PID=14718) to work on /usr/local/lib/python3.10/dist-packages/airflow/example_dags/example_nested_branch_dag.py
[2024-03-12T09:35:04.491+0000] {processor.py:830} INFO - Processing file /usr/local/lib/python3.10/dist-packages/airflow/example_dags/example_nested_branch_dag.py for tasks to queue
[2024-03-12T09:35:04.492+0000] {logging_mixin.py:188} INFO - [2024-03-12T09:35:04.491+0000] {dagbag.py:540} INFO - Filling up the DagBag from /usr/local/lib/python3.10/dist-packages/airflow/example_dags/example_nested_branch_dag.py
[2024-03-12T09:35:04.510+0000] {processor.py:840} INFO - DAG(s) 'example_nested_branch_dag' retrieved from /usr/local/lib/python3.10/dist-packages/airflow/example_dags/example_nested_branch_dag.py
[2024-03-12T09:35:04.536+0000] {logging_mixin.py:188} INFO - [2024-03-12T09:35:04.535+0000] {dag.py:3047} INFO - Sync 1 DAGs
[2024-03-12T09:35:04.578+0000] {logging_mixin.py:188} INFO - [2024-03-12T09:35:04.578+0000] {dag.py:3834} INFO - Setting next_dagrun for example_nested_branch_dag to 2024-03-11 00:00:00+00:00, run_after=2024-03-12 00:00:00+00:00
[2024-03-12T09:35:04.618+0000] {processor.py:183} INFO - Processing /usr/local/lib/python3.10/dist-packages/airflow/example_dags/example_nested_branch_dag.py took 0.133 seconds
[2024-03-12T09:35:49.613+0000] {processor.py:161} INFO - Started process (PID=14762) to work on /usr/local/lib/python3.10/dist-packages/airflow/example_dags/example_nested_branch_dag.py
[2024-03-12T09:35:49.615+0000] {processor.py:830} INFO - Processing file /usr/local/lib/python3.10/dist-packages/airflow/example_dags/example_nested_branch_dag.py for tasks to queue
[2024-03-12T09:35:49.616+0000] {logging_mixin.py:188} INFO - [2024-03-12T09:35:49.615+0000] {dagbag.py:540} INFO - Filling up the DagBag from /usr/local/lib/python3.10/dist-packages/airflow/example_dags/example_nested_branch_dag.py
[2024-03-12T09:35:49.628+0000] {processor.py:840} INFO - DAG(s) 'example_nested_branch_dag' retrieved from /usr/local/lib/python3.10/dist-packages/airflow/example_dags/example_nested_branch_dag.py
[2024-03-12T09:35:49.649+0000] {logging_mixin.py:188} INFO - [2024-03-12T09:35:49.648+0000] {dag.py:3047} INFO - Sync 1 DAGs
[2024-03-12T09:35:49.674+0000] {logging_mixin.py:188} INFO - [2024-03-12T09:35:49.673+0000] {dag.py:3834} INFO - Setting next_dagrun for example_nested_branch_dag to 2024-03-11 00:00:00+00:00, run_after=2024-03-12 00:00:00+00:00
[2024-03-12T09:35:49.701+0000] {processor.py:183} INFO - Processing /usr/local/lib/python3.10/dist-packages/airflow/example_dags/example_nested_branch_dag.py took 0.092 seconds
[2024-03-12T09:36:50.741+0000] {processor.py:161} INFO - Started process (PID=14821) to work on /usr/local/lib/python3.10/dist-packages/airflow/example_dags/example_nested_branch_dag.py
[2024-03-12T09:36:50.744+0000] {processor.py:830} INFO - Processing file /usr/local/lib/python3.10/dist-packages/airflow/example_dags/example_nested_branch_dag.py for tasks to queue
[2024-03-12T09:36:50.747+0000] {logging_mixin.py:188} INFO - [2024-03-12T09:36:50.746+0000] {dagbag.py:540} INFO - Filling up the DagBag from /usr/local/lib/python3.10/dist-packages/airflow/example_dags/example_nested_branch_dag.py
[2024-03-12T09:36:50.787+0000] {processor.py:840} INFO - DAG(s) 'example_nested_branch_dag' retrieved from /usr/local/lib/python3.10/dist-packages/airflow/example_dags/example_nested_branch_dag.py
[2024-03-12T09:36:50.835+0000] {logging_mixin.py:188} INFO - [2024-03-12T09:36:50.833+0000] {dag.py:3047} INFO - Sync 1 DAGs
[2024-03-12T09:36:50.861+0000] {logging_mixin.py:188} INFO - [2024-03-12T09:36:50.861+0000] {dag.py:3834} INFO - Setting next_dagrun for example_nested_branch_dag to 2024-03-11 00:00:00+00:00, run_after=2024-03-12 00:00:00+00:00
[2024-03-12T09:36:50.890+0000] {processor.py:183} INFO - Processing /usr/local/lib/python3.10/dist-packages/airflow/example_dags/example_nested_branch_dag.py took 0.161 seconds
[2024-03-12T09:37:53.530+0000] {processor.py:161} INFO - Started process (PID=14883) to work on /usr/local/lib/python3.10/dist-packages/airflow/example_dags/example_nested_branch_dag.py
[2024-03-12T09:37:53.532+0000] {processor.py:830} INFO - Processing file /usr/local/lib/python3.10/dist-packages/airflow/example_dags/example_nested_branch_dag.py for tasks to queue
[2024-03-12T09:37:53.533+0000] {logging_mixin.py:188} INFO - [2024-03-12T09:37:53.533+0000] {dagbag.py:540} INFO - Filling up the DagBag from /usr/local/lib/python3.10/dist-packages/airflow/example_dags/example_nested_branch_dag.py
[2024-03-12T09:37:53.545+0000] {processor.py:840} INFO - DAG(s) 'example_nested_branch_dag' retrieved from /usr/local/lib/python3.10/dist-packages/airflow/example_dags/example_nested_branch_dag.py
[2024-03-12T09:37:53.564+0000] {logging_mixin.py:188} INFO - [2024-03-12T09:37:53.563+0000] {dag.py:3047} INFO - Sync 1 DAGs
[2024-03-12T09:37:53.586+0000] {logging_mixin.py:188} INFO - [2024-03-12T09:37:53.586+0000] {dag.py:3834} INFO - Setting next_dagrun for example_nested_branch_dag to 2024-03-11 00:00:00+00:00, run_after=2024-03-12 00:00:00+00:00
[2024-03-12T09:37:53.623+0000] {processor.py:183} INFO - Processing /usr/local/lib/python3.10/dist-packages/airflow/example_dags/example_nested_branch_dag.py took 0.096 seconds
[2024-03-12T09:38:55.977+0000] {processor.py:161} INFO - Started process (PID=14943) to work on /usr/local/lib/python3.10/dist-packages/airflow/example_dags/example_nested_branch_dag.py
[2024-03-12T09:38:55.979+0000] {processor.py:830} INFO - Processing file /usr/local/lib/python3.10/dist-packages/airflow/example_dags/example_nested_branch_dag.py for tasks to queue
[2024-03-12T09:38:55.981+0000] {logging_mixin.py:188} INFO - [2024-03-12T09:38:55.980+0000] {dagbag.py:540} INFO - Filling up the DagBag from /usr/local/lib/python3.10/dist-packages/airflow/example_dags/example_nested_branch_dag.py
[2024-03-12T09:38:55.998+0000] {processor.py:840} INFO - DAG(s) 'example_nested_branch_dag' retrieved from /usr/local/lib/python3.10/dist-packages/airflow/example_dags/example_nested_branch_dag.py
[2024-03-12T09:38:56.024+0000] {logging_mixin.py:188} INFO - [2024-03-12T09:38:56.023+0000] {dag.py:3047} INFO - Sync 1 DAGs
[2024-03-12T09:38:56.074+0000] {logging_mixin.py:188} INFO - [2024-03-12T09:38:56.073+0000] {dag.py:3834} INFO - Setting next_dagrun for example_nested_branch_dag to 2024-03-11 00:00:00+00:00, run_after=2024-03-12 00:00:00+00:00
[2024-03-12T09:38:56.125+0000] {processor.py:183} INFO - Processing /usr/local/lib/python3.10/dist-packages/airflow/example_dags/example_nested_branch_dag.py took 0.153 seconds
[2024-03-12T09:39:59.983+0000] {processor.py:161} INFO - Started process (PID=15005) to work on /usr/local/lib/python3.10/dist-packages/airflow/example_dags/example_nested_branch_dag.py
[2024-03-12T09:39:59.985+0000] {processor.py:830} INFO - Processing file /usr/local/lib/python3.10/dist-packages/airflow/example_dags/example_nested_branch_dag.py for tasks to queue
[2024-03-12T09:39:59.986+0000] {logging_mixin.py:188} INFO - [2024-03-12T09:39:59.986+0000] {dagbag.py:540} INFO - Filling up the DagBag from /usr/local/lib/python3.10/dist-packages/airflow/example_dags/example_nested_branch_dag.py
[2024-03-12T09:40:00.028+0000] {processor.py:840} INFO - DAG(s) 'example_nested_branch_dag' retrieved from /usr/local/lib/python3.10/dist-packages/airflow/example_dags/example_nested_branch_dag.py
[2024-03-12T09:40:00.086+0000] {logging_mixin.py:188} INFO - [2024-03-12T09:40:00.085+0000] {dag.py:3047} INFO - Sync 1 DAGs
[2024-03-12T09:40:00.142+0000] {logging_mixin.py:188} INFO - [2024-03-12T09:40:00.142+0000] {dag.py:3834} INFO - Setting next_dagrun for example_nested_branch_dag to 2024-03-11 00:00:00+00:00, run_after=2024-03-12 00:00:00+00:00
[2024-03-12T09:40:00.179+0000] {processor.py:183} INFO - Processing /usr/local/lib/python3.10/dist-packages/airflow/example_dags/example_nested_branch_dag.py took 0.200 seconds
[2024-03-12T09:41:05.636+0000] {processor.py:161} INFO - Started process (PID=15068) to work on /usr/local/lib/python3.10/dist-packages/airflow/example_dags/example_nested_branch_dag.py
[2024-03-12T09:41:05.638+0000] {processor.py:830} INFO - Processing file /usr/local/lib/python3.10/dist-packages/airflow/example_dags/example_nested_branch_dag.py for tasks to queue
[2024-03-12T09:41:05.639+0000] {logging_mixin.py:188} INFO - [2024-03-12T09:41:05.639+0000] {dagbag.py:540} INFO - Filling up the DagBag from /usr/local/lib/python3.10/dist-packages/airflow/example_dags/example_nested_branch_dag.py
[2024-03-12T09:41:05.666+0000] {processor.py:840} INFO - DAG(s) 'example_nested_branch_dag' retrieved from /usr/local/lib/python3.10/dist-packages/airflow/example_dags/example_nested_branch_dag.py
[2024-03-12T09:41:05.690+0000] {logging_mixin.py:188} INFO - [2024-03-12T09:41:05.690+0000] {dag.py:3047} INFO - Sync 1 DAGs
[2024-03-12T09:41:05.731+0000] {logging_mixin.py:188} INFO - [2024-03-12T09:41:05.731+0000] {dag.py:3834} INFO - Setting next_dagrun for example_nested_branch_dag to 2024-03-11 00:00:00+00:00, run_after=2024-03-12 00:00:00+00:00
[2024-03-12T09:41:05.771+0000] {processor.py:183} INFO - Processing /usr/local/lib/python3.10/dist-packages/airflow/example_dags/example_nested_branch_dag.py took 0.139 seconds
[2024-03-12T09:42:08.537+0000] {processor.py:161} INFO - Started process (PID=15129) to work on /usr/local/lib/python3.10/dist-packages/airflow/example_dags/example_nested_branch_dag.py
[2024-03-12T09:42:08.540+0000] {processor.py:830} INFO - Processing file /usr/local/lib/python3.10/dist-packages/airflow/example_dags/example_nested_branch_dag.py for tasks to queue
[2024-03-12T09:42:08.541+0000] {logging_mixin.py:188} INFO - [2024-03-12T09:42:08.540+0000] {dagbag.py:540} INFO - Filling up the DagBag from /usr/local/lib/python3.10/dist-packages/airflow/example_dags/example_nested_branch_dag.py
[2024-03-12T09:42:08.557+0000] {processor.py:840} INFO - DAG(s) 'example_nested_branch_dag' retrieved from /usr/local/lib/python3.10/dist-packages/airflow/example_dags/example_nested_branch_dag.py
[2024-03-12T09:42:08.588+0000] {logging_mixin.py:188} INFO - [2024-03-12T09:42:08.588+0000] {dag.py:3047} INFO - Sync 1 DAGs
[2024-03-12T09:42:08.630+0000] {logging_mixin.py:188} INFO - [2024-03-12T09:42:08.629+0000] {dag.py:3834} INFO - Setting next_dagrun for example_nested_branch_dag to 2024-03-11 00:00:00+00:00, run_after=2024-03-12 00:00:00+00:00
[2024-03-12T09:42:08.673+0000] {processor.py:183} INFO - Processing /usr/local/lib/python3.10/dist-packages/airflow/example_dags/example_nested_branch_dag.py took 0.142 seconds
[2024-03-12T09:43:07.370+0000] {processor.py:161} INFO - Started process (PID=15260) to work on /usr/local/lib/python3.10/dist-packages/airflow/example_dags/example_nested_branch_dag.py
[2024-03-12T09:43:07.373+0000] {processor.py:830} INFO - Processing file /usr/local/lib/python3.10/dist-packages/airflow/example_dags/example_nested_branch_dag.py for tasks to queue
[2024-03-12T09:43:07.375+0000] {logging_mixin.py:188} INFO - [2024-03-12T09:43:07.374+0000] {dagbag.py:540} INFO - Filling up the DagBag from /usr/local/lib/python3.10/dist-packages/airflow/example_dags/example_nested_branch_dag.py
[2024-03-12T09:43:07.402+0000] {processor.py:840} INFO - DAG(s) 'example_nested_branch_dag' retrieved from /usr/local/lib/python3.10/dist-packages/airflow/example_dags/example_nested_branch_dag.py
[2024-03-12T09:43:07.437+0000] {logging_mixin.py:188} INFO - [2024-03-12T09:43:07.437+0000] {dag.py:3047} INFO - Sync 1 DAGs
[2024-03-12T09:43:07.482+0000] {logging_mixin.py:188} INFO - [2024-03-12T09:43:07.481+0000] {dag.py:3834} INFO - Setting next_dagrun for example_nested_branch_dag to 2024-03-11 00:00:00+00:00, run_after=2024-03-12 00:00:00+00:00
[2024-03-12T09:43:07.528+0000] {processor.py:183} INFO - Processing /usr/local/lib/python3.10/dist-packages/airflow/example_dags/example_nested_branch_dag.py took 0.165 seconds
[2024-03-12T09:44:13.356+0000] {processor.py:161} INFO - Started process (PID=15338) to work on /usr/local/lib/python3.10/dist-packages/airflow/example_dags/example_nested_branch_dag.py
[2024-03-12T09:44:13.357+0000] {processor.py:830} INFO - Processing file /usr/local/lib/python3.10/dist-packages/airflow/example_dags/example_nested_branch_dag.py for tasks to queue
[2024-03-12T09:44:13.358+0000] {logging_mixin.py:188} INFO - [2024-03-12T09:44:13.358+0000] {dagbag.py:540} INFO - Filling up the DagBag from /usr/local/lib/python3.10/dist-packages/airflow/example_dags/example_nested_branch_dag.py
[2024-03-12T09:44:13.370+0000] {processor.py:840} INFO - DAG(s) 'example_nested_branch_dag' retrieved from /usr/local/lib/python3.10/dist-packages/airflow/example_dags/example_nested_branch_dag.py
[2024-03-12T09:44:13.391+0000] {logging_mixin.py:188} INFO - [2024-03-12T09:44:13.391+0000] {dag.py:3047} INFO - Sync 1 DAGs
[2024-03-12T09:44:13.415+0000] {logging_mixin.py:188} INFO - [2024-03-12T09:44:13.415+0000] {dag.py:3834} INFO - Setting next_dagrun for example_nested_branch_dag to 2024-03-11 00:00:00+00:00, run_after=2024-03-12 00:00:00+00:00
[2024-03-12T09:44:13.446+0000] {processor.py:183} INFO - Processing /usr/local/lib/python3.10/dist-packages/airflow/example_dags/example_nested_branch_dag.py took 0.095 seconds
[2024-03-12T09:45:18.024+0000] {processor.py:161} INFO - Started process (PID=15402) to work on /usr/local/lib/python3.10/dist-packages/airflow/example_dags/example_nested_branch_dag.py
[2024-03-12T09:45:18.026+0000] {processor.py:830} INFO - Processing file /usr/local/lib/python3.10/dist-packages/airflow/example_dags/example_nested_branch_dag.py for tasks to queue
[2024-03-12T09:45:18.027+0000] {logging_mixin.py:188} INFO - [2024-03-12T09:45:18.027+0000] {dagbag.py:540} INFO - Filling up the DagBag from /usr/local/lib/python3.10/dist-packages/airflow/example_dags/example_nested_branch_dag.py
[2024-03-12T09:45:18.041+0000] {processor.py:840} INFO - DAG(s) 'example_nested_branch_dag' retrieved from /usr/local/lib/python3.10/dist-packages/airflow/example_dags/example_nested_branch_dag.py
[2024-03-12T09:45:18.063+0000] {logging_mixin.py:188} INFO - [2024-03-12T09:45:18.062+0000] {dag.py:3047} INFO - Sync 1 DAGs
[2024-03-12T09:45:18.093+0000] {logging_mixin.py:188} INFO - [2024-03-12T09:45:18.092+0000] {dag.py:3834} INFO - Setting next_dagrun for example_nested_branch_dag to 2024-03-11 00:00:00+00:00, run_after=2024-03-12 00:00:00+00:00
[2024-03-12T09:45:18.117+0000] {processor.py:183} INFO - Processing /usr/local/lib/python3.10/dist-packages/airflow/example_dags/example_nested_branch_dag.py took 0.097 seconds
[2024-03-12T09:46:19.784+0000] {processor.py:161} INFO - Started process (PID=15462) to work on /usr/local/lib/python3.10/dist-packages/airflow/example_dags/example_nested_branch_dag.py
[2024-03-12T09:46:19.785+0000] {processor.py:830} INFO - Processing file /usr/local/lib/python3.10/dist-packages/airflow/example_dags/example_nested_branch_dag.py for tasks to queue
[2024-03-12T09:46:19.787+0000] {logging_mixin.py:188} INFO - [2024-03-12T09:46:19.786+0000] {dagbag.py:540} INFO - Filling up the DagBag from /usr/local/lib/python3.10/dist-packages/airflow/example_dags/example_nested_branch_dag.py
[2024-03-12T09:46:19.799+0000] {processor.py:840} INFO - DAG(s) 'example_nested_branch_dag' retrieved from /usr/local/lib/python3.10/dist-packages/airflow/example_dags/example_nested_branch_dag.py
[2024-03-12T09:46:19.830+0000] {logging_mixin.py:188} INFO - [2024-03-12T09:46:19.830+0000] {dag.py:3047} INFO - Sync 1 DAGs
[2024-03-12T09:46:19.863+0000] {logging_mixin.py:188} INFO - [2024-03-12T09:46:19.863+0000] {dag.py:3834} INFO - Setting next_dagrun for example_nested_branch_dag to 2024-03-11 00:00:00+00:00, run_after=2024-03-12 00:00:00+00:00
[2024-03-12T09:46:19.896+0000] {processor.py:183} INFO - Processing /usr/local/lib/python3.10/dist-packages/airflow/example_dags/example_nested_branch_dag.py took 0.116 seconds
[2024-03-12T09:47:18.439+0000] {processor.py:161} INFO - Started process (PID=15520) to work on /usr/local/lib/python3.10/dist-packages/airflow/example_dags/example_nested_branch_dag.py
[2024-03-12T09:47:18.442+0000] {processor.py:830} INFO - Processing file /usr/local/lib/python3.10/dist-packages/airflow/example_dags/example_nested_branch_dag.py for tasks to queue
[2024-03-12T09:47:18.443+0000] {logging_mixin.py:188} INFO - [2024-03-12T09:47:18.443+0000] {dagbag.py:540} INFO - Filling up the DagBag from /usr/local/lib/python3.10/dist-packages/airflow/example_dags/example_nested_branch_dag.py
[2024-03-12T09:47:18.454+0000] {processor.py:840} INFO - DAG(s) 'example_nested_branch_dag' retrieved from /usr/local/lib/python3.10/dist-packages/airflow/example_dags/example_nested_branch_dag.py
[2024-03-12T09:47:18.471+0000] {logging_mixin.py:188} INFO - [2024-03-12T09:47:18.471+0000] {dag.py:3047} INFO - Sync 1 DAGs
[2024-03-12T09:47:18.492+0000] {logging_mixin.py:188} INFO - [2024-03-12T09:47:18.492+0000] {dag.py:3834} INFO - Setting next_dagrun for example_nested_branch_dag to 2024-03-11 00:00:00+00:00, run_after=2024-03-12 00:00:00+00:00
[2024-03-12T09:47:18.516+0000] {processor.py:183} INFO - Processing /usr/local/lib/python3.10/dist-packages/airflow/example_dags/example_nested_branch_dag.py took 0.081 seconds
[2024-03-12T09:48:21.638+0000] {processor.py:161} INFO - Started process (PID=15585) to work on /usr/local/lib/python3.10/dist-packages/airflow/example_dags/example_nested_branch_dag.py
[2024-03-12T09:48:21.639+0000] {processor.py:830} INFO - Processing file /usr/local/lib/python3.10/dist-packages/airflow/example_dags/example_nested_branch_dag.py for tasks to queue
[2024-03-12T09:48:21.640+0000] {logging_mixin.py:188} INFO - [2024-03-12T09:48:21.640+0000] {dagbag.py:540} INFO - Filling up the DagBag from /usr/local/lib/python3.10/dist-packages/airflow/example_dags/example_nested_branch_dag.py
[2024-03-12T09:48:21.652+0000] {processor.py:840} INFO - DAG(s) 'example_nested_branch_dag' retrieved from /usr/local/lib/python3.10/dist-packages/airflow/example_dags/example_nested_branch_dag.py
[2024-03-12T09:48:21.670+0000] {logging_mixin.py:188} INFO - [2024-03-12T09:48:21.670+0000] {dag.py:3047} INFO - Sync 1 DAGs
[2024-03-12T09:48:21.693+0000] {logging_mixin.py:188} INFO - [2024-03-12T09:48:21.693+0000] {dag.py:3834} INFO - Setting next_dagrun for example_nested_branch_dag to 2024-03-11 00:00:00+00:00, run_after=2024-03-12 00:00:00+00:00
[2024-03-12T09:48:21.718+0000] {processor.py:183} INFO - Processing /usr/local/lib/python3.10/dist-packages/airflow/example_dags/example_nested_branch_dag.py took 0.084 seconds
[2024-03-12T09:49:23.368+0000] {processor.py:161} INFO - Started process (PID=15648) to work on /usr/local/lib/python3.10/dist-packages/airflow/example_dags/example_nested_branch_dag.py
[2024-03-12T09:49:23.369+0000] {processor.py:830} INFO - Processing file /usr/local/lib/python3.10/dist-packages/airflow/example_dags/example_nested_branch_dag.py for tasks to queue
[2024-03-12T09:49:23.370+0000] {logging_mixin.py:188} INFO - [2024-03-12T09:49:23.370+0000] {dagbag.py:540} INFO - Filling up the DagBag from /usr/local/lib/python3.10/dist-packages/airflow/example_dags/example_nested_branch_dag.py
[2024-03-12T09:49:23.383+0000] {processor.py:840} INFO - DAG(s) 'example_nested_branch_dag' retrieved from /usr/local/lib/python3.10/dist-packages/airflow/example_dags/example_nested_branch_dag.py
[2024-03-12T09:49:23.404+0000] {logging_mixin.py:188} INFO - [2024-03-12T09:49:23.404+0000] {dag.py:3047} INFO - Sync 1 DAGs
[2024-03-12T09:49:23.427+0000] {logging_mixin.py:188} INFO - [2024-03-12T09:49:23.427+0000] {dag.py:3834} INFO - Setting next_dagrun for example_nested_branch_dag to 2024-03-11 00:00:00+00:00, run_after=2024-03-12 00:00:00+00:00
[2024-03-12T09:49:23.475+0000] {processor.py:183} INFO - Processing /usr/local/lib/python3.10/dist-packages/airflow/example_dags/example_nested_branch_dag.py took 0.112 seconds
[2024-03-12T09:50:31.539+0000] {processor.py:161} INFO - Started process (PID=15711) to work on /usr/local/lib/python3.10/dist-packages/airflow/example_dags/example_nested_branch_dag.py
[2024-03-12T09:50:31.541+0000] {processor.py:830} INFO - Processing file /usr/local/lib/python3.10/dist-packages/airflow/example_dags/example_nested_branch_dag.py for tasks to queue
[2024-03-12T09:50:31.542+0000] {logging_mixin.py:188} INFO - [2024-03-12T09:50:31.542+0000] {dagbag.py:540} INFO - Filling up the DagBag from /usr/local/lib/python3.10/dist-packages/airflow/example_dags/example_nested_branch_dag.py
[2024-03-12T09:50:31.559+0000] {processor.py:840} INFO - DAG(s) 'example_nested_branch_dag' retrieved from /usr/local/lib/python3.10/dist-packages/airflow/example_dags/example_nested_branch_dag.py
[2024-03-12T09:50:31.583+0000] {logging_mixin.py:188} INFO - [2024-03-12T09:50:31.583+0000] {dag.py:3047} INFO - Sync 1 DAGs
[2024-03-12T09:50:31.608+0000] {logging_mixin.py:188} INFO - [2024-03-12T09:50:31.607+0000] {dag.py:3834} INFO - Setting next_dagrun for example_nested_branch_dag to 2024-03-11 00:00:00+00:00, run_after=2024-03-12 00:00:00+00:00
[2024-03-12T09:50:31.669+0000] {processor.py:183} INFO - Processing /usr/local/lib/python3.10/dist-packages/airflow/example_dags/example_nested_branch_dag.py took 0.136 seconds
[2024-03-12T09:51:40.329+0000] {processor.py:161} INFO - Started process (PID=15777) to work on /usr/local/lib/python3.10/dist-packages/airflow/example_dags/example_nested_branch_dag.py
[2024-03-12T09:51:40.331+0000] {processor.py:830} INFO - Processing file /usr/local/lib/python3.10/dist-packages/airflow/example_dags/example_nested_branch_dag.py for tasks to queue
[2024-03-12T09:51:40.335+0000] {logging_mixin.py:188} INFO - [2024-03-12T09:51:40.334+0000] {dagbag.py:540} INFO - Filling up the DagBag from /usr/local/lib/python3.10/dist-packages/airflow/example_dags/example_nested_branch_dag.py
[2024-03-12T09:51:40.354+0000] {processor.py:840} INFO - DAG(s) 'example_nested_branch_dag' retrieved from /usr/local/lib/python3.10/dist-packages/airflow/example_dags/example_nested_branch_dag.py
[2024-03-12T09:51:40.378+0000] {logging_mixin.py:188} INFO - [2024-03-12T09:51:40.377+0000] {dag.py:3047} INFO - Sync 1 DAGs
[2024-03-12T09:51:40.426+0000] {logging_mixin.py:188} INFO - [2024-03-12T09:51:40.426+0000] {dag.py:3834} INFO - Setting next_dagrun for example_nested_branch_dag to 2024-03-11 00:00:00+00:00, run_after=2024-03-12 00:00:00+00:00
[2024-03-12T09:51:40.463+0000] {processor.py:183} INFO - Processing /usr/local/lib/python3.10/dist-packages/airflow/example_dags/example_nested_branch_dag.py took 0.139 seconds
[2024-03-12T09:52:27.074+0000] {processor.py:161} INFO - Started process (PID=15823) to work on /usr/local/lib/python3.10/dist-packages/airflow/example_dags/example_nested_branch_dag.py
[2024-03-12T09:52:27.076+0000] {processor.py:830} INFO - Processing file /usr/local/lib/python3.10/dist-packages/airflow/example_dags/example_nested_branch_dag.py for tasks to queue
[2024-03-12T09:52:27.077+0000] {logging_mixin.py:188} INFO - [2024-03-12T09:52:27.076+0000] {dagbag.py:540} INFO - Filling up the DagBag from /usr/local/lib/python3.10/dist-packages/airflow/example_dags/example_nested_branch_dag.py
[2024-03-12T09:52:27.087+0000] {processor.py:840} INFO - DAG(s) 'example_nested_branch_dag' retrieved from /usr/local/lib/python3.10/dist-packages/airflow/example_dags/example_nested_branch_dag.py
[2024-03-12T09:52:27.105+0000] {logging_mixin.py:188} INFO - [2024-03-12T09:52:27.105+0000] {dag.py:3047} INFO - Sync 1 DAGs
[2024-03-12T09:52:27.126+0000] {logging_mixin.py:188} INFO - [2024-03-12T09:52:27.125+0000] {dag.py:3834} INFO - Setting next_dagrun for example_nested_branch_dag to 2024-03-11 00:00:00+00:00, run_after=2024-03-12 00:00:00+00:00
[2024-03-12T09:52:27.149+0000] {processor.py:183} INFO - Processing /usr/local/lib/python3.10/dist-packages/airflow/example_dags/example_nested_branch_dag.py took 0.078 seconds
[2024-03-12T09:53:29.828+0000] {processor.py:161} INFO - Started process (PID=15884) to work on /usr/local/lib/python3.10/dist-packages/airflow/example_dags/example_nested_branch_dag.py
[2024-03-12T09:53:29.829+0000] {processor.py:830} INFO - Processing file /usr/local/lib/python3.10/dist-packages/airflow/example_dags/example_nested_branch_dag.py for tasks to queue
[2024-03-12T09:53:29.830+0000] {logging_mixin.py:188} INFO - [2024-03-12T09:53:29.830+0000] {dagbag.py:540} INFO - Filling up the DagBag from /usr/local/lib/python3.10/dist-packages/airflow/example_dags/example_nested_branch_dag.py
[2024-03-12T09:53:29.843+0000] {processor.py:840} INFO - DAG(s) 'example_nested_branch_dag' retrieved from /usr/local/lib/python3.10/dist-packages/airflow/example_dags/example_nested_branch_dag.py
[2024-03-12T09:53:29.868+0000] {logging_mixin.py:188} INFO - [2024-03-12T09:53:29.868+0000] {dag.py:3047} INFO - Sync 1 DAGs
[2024-03-12T09:53:29.893+0000] {logging_mixin.py:188} INFO - [2024-03-12T09:53:29.893+0000] {dag.py:3834} INFO - Setting next_dagrun for example_nested_branch_dag to 2024-03-11 00:00:00+00:00, run_after=2024-03-12 00:00:00+00:00
[2024-03-12T09:53:29.929+0000] {processor.py:183} INFO - Processing /usr/local/lib/python3.10/dist-packages/airflow/example_dags/example_nested_branch_dag.py took 0.105 seconds
[2024-03-12T09:54:39.625+0000] {processor.py:161} INFO - Started process (PID=15952) to work on /usr/local/lib/python3.10/dist-packages/airflow/example_dags/example_nested_branch_dag.py
[2024-03-12T09:54:39.627+0000] {processor.py:830} INFO - Processing file /usr/local/lib/python3.10/dist-packages/airflow/example_dags/example_nested_branch_dag.py for tasks to queue
[2024-03-12T09:54:39.628+0000] {logging_mixin.py:188} INFO - [2024-03-12T09:54:39.627+0000] {dagbag.py:540} INFO - Filling up the DagBag from /usr/local/lib/python3.10/dist-packages/airflow/example_dags/example_nested_branch_dag.py
[2024-03-12T09:54:39.646+0000] {processor.py:840} INFO - DAG(s) 'example_nested_branch_dag' retrieved from /usr/local/lib/python3.10/dist-packages/airflow/example_dags/example_nested_branch_dag.py
[2024-03-12T09:54:39.675+0000] {logging_mixin.py:188} INFO - [2024-03-12T09:54:39.675+0000] {dag.py:3047} INFO - Sync 1 DAGs
[2024-03-12T09:54:39.706+0000] {logging_mixin.py:188} INFO - [2024-03-12T09:54:39.705+0000] {dag.py:3834} INFO - Setting next_dagrun for example_nested_branch_dag to 2024-03-11 00:00:00+00:00, run_after=2024-03-12 00:00:00+00:00
[2024-03-12T09:54:39.748+0000] {processor.py:183} INFO - Processing /usr/local/lib/python3.10/dist-packages/airflow/example_dags/example_nested_branch_dag.py took 0.128 seconds
[2024-03-12T09:55:46.568+0000] {processor.py:161} INFO - Started process (PID=16017) to work on /usr/local/lib/python3.10/dist-packages/airflow/example_dags/example_nested_branch_dag.py
[2024-03-12T09:55:46.570+0000] {processor.py:830} INFO - Processing file /usr/local/lib/python3.10/dist-packages/airflow/example_dags/example_nested_branch_dag.py for tasks to queue
[2024-03-12T09:55:46.571+0000] {logging_mixin.py:188} INFO - [2024-03-12T09:55:46.570+0000] {dagbag.py:540} INFO - Filling up the DagBag from /usr/local/lib/python3.10/dist-packages/airflow/example_dags/example_nested_branch_dag.py
[2024-03-12T09:55:46.598+0000] {processor.py:840} INFO - DAG(s) 'example_nested_branch_dag' retrieved from /usr/local/lib/python3.10/dist-packages/airflow/example_dags/example_nested_branch_dag.py
[2024-03-12T09:55:46.659+0000] {logging_mixin.py:188} INFO - [2024-03-12T09:55:46.659+0000] {dag.py:3047} INFO - Sync 1 DAGs
[2024-03-12T09:55:46.681+0000] {logging_mixin.py:188} INFO - [2024-03-12T09:55:46.681+0000] {dag.py:3834} INFO - Setting next_dagrun for example_nested_branch_dag to 2024-03-11 00:00:00+00:00, run_after=2024-03-12 00:00:00+00:00
[2024-03-12T09:55:46.717+0000] {processor.py:183} INFO - Processing /usr/local/lib/python3.10/dist-packages/airflow/example_dags/example_nested_branch_dag.py took 0.161 seconds
[2024-03-12T09:56:53.321+0000] {processor.py:161} INFO - Started process (PID=16081) to work on /usr/local/lib/python3.10/dist-packages/airflow/example_dags/example_nested_branch_dag.py
[2024-03-12T09:56:53.323+0000] {processor.py:830} INFO - Processing file /usr/local/lib/python3.10/dist-packages/airflow/example_dags/example_nested_branch_dag.py for tasks to queue
[2024-03-12T09:56:53.327+0000] {logging_mixin.py:188} INFO - [2024-03-12T09:56:53.324+0000] {dagbag.py:540} INFO - Filling up the DagBag from /usr/local/lib/python3.10/dist-packages/airflow/example_dags/example_nested_branch_dag.py
[2024-03-12T09:56:53.350+0000] {processor.py:840} INFO - DAG(s) 'example_nested_branch_dag' retrieved from /usr/local/lib/python3.10/dist-packages/airflow/example_dags/example_nested_branch_dag.py
[2024-03-12T09:56:53.393+0000] {logging_mixin.py:188} INFO - [2024-03-12T09:56:53.393+0000] {dag.py:3047} INFO - Sync 1 DAGs
[2024-03-12T09:56:53.418+0000] {logging_mixin.py:188} INFO - [2024-03-12T09:56:53.418+0000] {dag.py:3834} INFO - Setting next_dagrun for example_nested_branch_dag to 2024-03-11 00:00:00+00:00, run_after=2024-03-12 00:00:00+00:00
[2024-03-12T09:56:53.453+0000] {processor.py:183} INFO - Processing /usr/local/lib/python3.10/dist-packages/airflow/example_dags/example_nested_branch_dag.py took 0.136 seconds
[2024-03-12T09:57:59.103+0000] {processor.py:161} INFO - Started process (PID=16145) to work on /usr/local/lib/python3.10/dist-packages/airflow/example_dags/example_nested_branch_dag.py
[2024-03-12T09:57:59.104+0000] {processor.py:830} INFO - Processing file /usr/local/lib/python3.10/dist-packages/airflow/example_dags/example_nested_branch_dag.py for tasks to queue
[2024-03-12T09:57:59.106+0000] {logging_mixin.py:188} INFO - [2024-03-12T09:57:59.105+0000] {dagbag.py:540} INFO - Filling up the DagBag from /usr/local/lib/python3.10/dist-packages/airflow/example_dags/example_nested_branch_dag.py
[2024-03-12T09:57:59.124+0000] {processor.py:840} INFO - DAG(s) 'example_nested_branch_dag' retrieved from /usr/local/lib/python3.10/dist-packages/airflow/example_dags/example_nested_branch_dag.py
[2024-03-12T09:57:59.148+0000] {logging_mixin.py:188} INFO - [2024-03-12T09:57:59.148+0000] {dag.py:3047} INFO - Sync 1 DAGs
[2024-03-12T09:57:59.217+0000] {logging_mixin.py:188} INFO - [2024-03-12T09:57:59.217+0000] {dag.py:3834} INFO - Setting next_dagrun for example_nested_branch_dag to 2024-03-11 00:00:00+00:00, run_after=2024-03-12 00:00:00+00:00
[2024-03-12T09:57:59.245+0000] {processor.py:183} INFO - Processing /usr/local/lib/python3.10/dist-packages/airflow/example_dags/example_nested_branch_dag.py took 0.155 seconds
[2024-03-12T09:59:01.273+0000] {processor.py:161} INFO - Started process (PID=16218) to work on /usr/local/lib/python3.10/dist-packages/airflow/example_dags/example_nested_branch_dag.py
[2024-03-12T09:59:01.275+0000] {processor.py:830} INFO - Processing file /usr/local/lib/python3.10/dist-packages/airflow/example_dags/example_nested_branch_dag.py for tasks to queue
[2024-03-12T09:59:01.276+0000] {logging_mixin.py:188} INFO - [2024-03-12T09:59:01.275+0000] {dagbag.py:540} INFO - Filling up the DagBag from /usr/local/lib/python3.10/dist-packages/airflow/example_dags/example_nested_branch_dag.py
[2024-03-12T09:59:01.297+0000] {processor.py:840} INFO - DAG(s) 'example_nested_branch_dag' retrieved from /usr/local/lib/python3.10/dist-packages/airflow/example_dags/example_nested_branch_dag.py
[2024-03-12T09:59:01.341+0000] {logging_mixin.py:188} INFO - [2024-03-12T09:59:01.340+0000] {dag.py:3047} INFO - Sync 1 DAGs
[2024-03-12T09:59:01.371+0000] {logging_mixin.py:188} INFO - [2024-03-12T09:59:01.371+0000] {dag.py:3834} INFO - Setting next_dagrun for example_nested_branch_dag to 2024-03-11 00:00:00+00:00, run_after=2024-03-12 00:00:00+00:00
[2024-03-12T09:59:01.417+0000] {processor.py:183} INFO - Processing /usr/local/lib/python3.10/dist-packages/airflow/example_dags/example_nested_branch_dag.py took 0.148 seconds
[2024-03-12T10:00:05.191+0000] {processor.py:161} INFO - Started process (PID=16287) to work on /usr/local/lib/python3.10/dist-packages/airflow/example_dags/example_nested_branch_dag.py
[2024-03-12T10:00:05.193+0000] {processor.py:830} INFO - Processing file /usr/local/lib/python3.10/dist-packages/airflow/example_dags/example_nested_branch_dag.py for tasks to queue
[2024-03-12T10:00:05.194+0000] {logging_mixin.py:188} INFO - [2024-03-12T10:00:05.193+0000] {dagbag.py:540} INFO - Filling up the DagBag from /usr/local/lib/python3.10/dist-packages/airflow/example_dags/example_nested_branch_dag.py
[2024-03-12T10:00:05.205+0000] {processor.py:840} INFO - DAG(s) 'example_nested_branch_dag' retrieved from /usr/local/lib/python3.10/dist-packages/airflow/example_dags/example_nested_branch_dag.py
[2024-03-12T10:00:05.225+0000] {logging_mixin.py:188} INFO - [2024-03-12T10:00:05.225+0000] {dag.py:3047} INFO - Sync 1 DAGs
[2024-03-12T10:00:05.248+0000] {logging_mixin.py:188} INFO - [2024-03-12T10:00:05.248+0000] {dag.py:3834} INFO - Setting next_dagrun for example_nested_branch_dag to 2024-03-11 00:00:00+00:00, run_after=2024-03-12 00:00:00+00:00
[2024-03-12T10:00:05.273+0000] {processor.py:183} INFO - Processing /usr/local/lib/python3.10/dist-packages/airflow/example_dags/example_nested_branch_dag.py took 0.090 seconds
[2024-03-12T10:01:08.752+0000] {processor.py:161} INFO - Started process (PID=16358) to work on /usr/local/lib/python3.10/dist-packages/airflow/example_dags/example_nested_branch_dag.py
[2024-03-12T10:01:08.753+0000] {processor.py:830} INFO - Processing file /usr/local/lib/python3.10/dist-packages/airflow/example_dags/example_nested_branch_dag.py for tasks to queue
[2024-03-12T10:01:08.755+0000] {logging_mixin.py:188} INFO - [2024-03-12T10:01:08.754+0000] {dagbag.py:540} INFO - Filling up the DagBag from /usr/local/lib/python3.10/dist-packages/airflow/example_dags/example_nested_branch_dag.py
[2024-03-12T10:01:08.767+0000] {processor.py:840} INFO - DAG(s) 'example_nested_branch_dag' retrieved from /usr/local/lib/python3.10/dist-packages/airflow/example_dags/example_nested_branch_dag.py
[2024-03-12T10:01:08.799+0000] {logging_mixin.py:188} INFO - [2024-03-12T10:01:08.799+0000] {dag.py:3047} INFO - Sync 1 DAGs
[2024-03-12T10:01:08.829+0000] {logging_mixin.py:188} INFO - [2024-03-12T10:01:08.829+0000] {dag.py:3834} INFO - Setting next_dagrun for example_nested_branch_dag to 2024-03-11 00:00:00+00:00, run_after=2024-03-12 00:00:00+00:00
[2024-03-12T10:01:08.859+0000] {processor.py:183} INFO - Processing /usr/local/lib/python3.10/dist-packages/airflow/example_dags/example_nested_branch_dag.py took 0.111 seconds
[2024-03-12T10:02:11.415+0000] {processor.py:161} INFO - Started process (PID=16421) to work on /usr/local/lib/python3.10/dist-packages/airflow/example_dags/example_nested_branch_dag.py
[2024-03-12T10:02:11.417+0000] {processor.py:830} INFO - Processing file /usr/local/lib/python3.10/dist-packages/airflow/example_dags/example_nested_branch_dag.py for tasks to queue
[2024-03-12T10:02:11.421+0000] {logging_mixin.py:188} INFO - [2024-03-12T10:02:11.419+0000] {dagbag.py:540} INFO - Filling up the DagBag from /usr/local/lib/python3.10/dist-packages/airflow/example_dags/example_nested_branch_dag.py
[2024-03-12T10:02:11.447+0000] {processor.py:840} INFO - DAG(s) 'example_nested_branch_dag' retrieved from /usr/local/lib/python3.10/dist-packages/airflow/example_dags/example_nested_branch_dag.py
[2024-03-12T10:02:11.483+0000] {logging_mixin.py:188} INFO - [2024-03-12T10:02:11.483+0000] {dag.py:3047} INFO - Sync 1 DAGs
[2024-03-12T10:02:11.519+0000] {logging_mixin.py:188} INFO - [2024-03-12T10:02:11.518+0000] {dag.py:3834} INFO - Setting next_dagrun for example_nested_branch_dag to 2024-03-11 00:00:00+00:00, run_after=2024-03-12 00:00:00+00:00
[2024-03-12T10:02:11.548+0000] {processor.py:183} INFO - Processing /usr/local/lib/python3.10/dist-packages/airflow/example_dags/example_nested_branch_dag.py took 0.144 seconds
[2024-03-12T10:03:12.370+0000] {processor.py:161} INFO - Started process (PID=16487) to work on /usr/local/lib/python3.10/dist-packages/airflow/example_dags/example_nested_branch_dag.py
[2024-03-12T10:03:12.372+0000] {processor.py:830} INFO - Processing file /usr/local/lib/python3.10/dist-packages/airflow/example_dags/example_nested_branch_dag.py for tasks to queue
[2024-03-12T10:03:12.373+0000] {logging_mixin.py:188} INFO - [2024-03-12T10:03:12.373+0000] {dagbag.py:540} INFO - Filling up the DagBag from /usr/local/lib/python3.10/dist-packages/airflow/example_dags/example_nested_branch_dag.py
[2024-03-12T10:03:12.392+0000] {processor.py:840} INFO - DAG(s) 'example_nested_branch_dag' retrieved from /usr/local/lib/python3.10/dist-packages/airflow/example_dags/example_nested_branch_dag.py
[2024-03-12T10:03:12.416+0000] {logging_mixin.py:188} INFO - [2024-03-12T10:03:12.416+0000] {dag.py:3047} INFO - Sync 1 DAGs
[2024-03-12T10:03:12.442+0000] {logging_mixin.py:188} INFO - [2024-03-12T10:03:12.442+0000] {dag.py:3834} INFO - Setting next_dagrun for example_nested_branch_dag to 2024-03-11 00:00:00+00:00, run_after=2024-03-12 00:00:00+00:00
[2024-03-12T10:03:12.475+0000] {processor.py:183} INFO - Processing /usr/local/lib/python3.10/dist-packages/airflow/example_dags/example_nested_branch_dag.py took 0.110 seconds
[2024-03-12T10:04:16.041+0000] {processor.py:161} INFO - Started process (PID=16550) to work on /usr/local/lib/python3.10/dist-packages/airflow/example_dags/example_nested_branch_dag.py
[2024-03-12T10:04:16.046+0000] {processor.py:830} INFO - Processing file /usr/local/lib/python3.10/dist-packages/airflow/example_dags/example_nested_branch_dag.py for tasks to queue
[2024-03-12T10:04:16.049+0000] {logging_mixin.py:188} INFO - [2024-03-12T10:04:16.047+0000] {dagbag.py:540} INFO - Filling up the DagBag from /usr/local/lib/python3.10/dist-packages/airflow/example_dags/example_nested_branch_dag.py
[2024-03-12T10:04:16.087+0000] {processor.py:840} INFO - DAG(s) 'example_nested_branch_dag' retrieved from /usr/local/lib/python3.10/dist-packages/airflow/example_dags/example_nested_branch_dag.py
[2024-03-12T10:04:16.140+0000] {logging_mixin.py:188} INFO - [2024-03-12T10:04:16.138+0000] {dag.py:3047} INFO - Sync 1 DAGs
[2024-03-12T10:04:16.199+0000] {logging_mixin.py:188} INFO - [2024-03-12T10:04:16.199+0000] {dag.py:3834} INFO - Setting next_dagrun for example_nested_branch_dag to 2024-03-11 00:00:00+00:00, run_after=2024-03-12 00:00:00+00:00
[2024-03-12T10:04:16.242+0000] {processor.py:183} INFO - Processing /usr/local/lib/python3.10/dist-packages/airflow/example_dags/example_nested_branch_dag.py took 0.214 seconds
