[2024-03-12T09:19:58.079+0000] {processor.py:161} INFO - Started process (PID=13953) to work on /usr/local/lib/python3.10/dist-packages/airflow/example_dags/example_kubernetes_executor.py
[2024-03-12T09:19:58.081+0000] {processor.py:830} INFO - Processing file /usr/local/lib/python3.10/dist-packages/airflow/example_dags/example_kubernetes_executor.py for tasks to queue
[2024-03-12T09:19:58.083+0000] {logging_mixin.py:188} INFO - [2024-03-12T09:19:58.082+0000] {dagbag.py:540} INFO - Filling up the DagBag from /usr/local/lib/python3.10/dist-packages/airflow/example_dags/example_kubernetes_executor.py
[2024-03-12T09:19:58.086+0000] {logging_mixin.py:188} INFO - [2024-03-12T09:19:58.086+0000] {example_kubernetes_executor.py:38} WARNING - The example_kubernetes_executor example DAG requires the kubernetes provider. Please install it with: pip install apache-airflow[cncf.kubernetes]
[2024-03-12T09:19:58.087+0000] {processor.py:842} WARNING - No viable dags retrieved from /usr/local/lib/python3.10/dist-packages/airflow/example_dags/example_kubernetes_executor.py
[2024-03-12T09:19:58.099+0000] {processor.py:183} INFO - Processing /usr/local/lib/python3.10/dist-packages/airflow/example_dags/example_kubernetes_executor.py took 0.023 seconds
[2024-03-12T09:22:49.441+0000] {processor.py:161} INFO - Started process (PID=14013) to work on /usr/local/lib/python3.10/dist-packages/airflow/example_dags/example_kubernetes_executor.py
[2024-03-12T09:22:49.443+0000] {processor.py:830} INFO - Processing file /usr/local/lib/python3.10/dist-packages/airflow/example_dags/example_kubernetes_executor.py for tasks to queue
[2024-03-12T09:22:49.445+0000] {logging_mixin.py:188} INFO - [2024-03-12T09:22:49.444+0000] {dagbag.py:540} INFO - Filling up the DagBag from /usr/local/lib/python3.10/dist-packages/airflow/example_dags/example_kubernetes_executor.py
[2024-03-12T09:22:49.449+0000] {logging_mixin.py:188} INFO - [2024-03-12T09:22:49.448+0000] {example_kubernetes_executor.py:38} WARNING - The example_kubernetes_executor example DAG requires the kubernetes provider. Please install it with: pip install apache-airflow[cncf.kubernetes]
[2024-03-12T09:22:49.449+0000] {processor.py:842} WARNING - No viable dags retrieved from /usr/local/lib/python3.10/dist-packages/airflow/example_dags/example_kubernetes_executor.py
[2024-03-12T09:22:49.464+0000] {processor.py:183} INFO - Processing /usr/local/lib/python3.10/dist-packages/airflow/example_dags/example_kubernetes_executor.py took 0.028 seconds
[2024-03-12T09:23:52.597+0000] {processor.py:161} INFO - Started process (PID=14068) to work on /usr/local/lib/python3.10/dist-packages/airflow/example_dags/example_kubernetes_executor.py
[2024-03-12T09:23:52.599+0000] {processor.py:830} INFO - Processing file /usr/local/lib/python3.10/dist-packages/airflow/example_dags/example_kubernetes_executor.py for tasks to queue
[2024-03-12T09:23:52.601+0000] {logging_mixin.py:188} INFO - [2024-03-12T09:23:52.600+0000] {dagbag.py:540} INFO - Filling up the DagBag from /usr/local/lib/python3.10/dist-packages/airflow/example_dags/example_kubernetes_executor.py
[2024-03-12T09:23:52.606+0000] {logging_mixin.py:188} INFO - [2024-03-12T09:23:52.606+0000] {example_kubernetes_executor.py:38} WARNING - The example_kubernetes_executor example DAG requires the kubernetes provider. Please install it with: pip install apache-airflow[cncf.kubernetes]
[2024-03-12T09:23:52.607+0000] {processor.py:842} WARNING - No viable dags retrieved from /usr/local/lib/python3.10/dist-packages/airflow/example_dags/example_kubernetes_executor.py
[2024-03-12T09:23:52.622+0000] {processor.py:183} INFO - Processing /usr/local/lib/python3.10/dist-packages/airflow/example_dags/example_kubernetes_executor.py took 0.028 seconds
[2024-03-12T09:24:46.192+0000] {processor.py:161} INFO - Started process (PID=14117) to work on /usr/local/lib/python3.10/dist-packages/airflow/example_dags/example_kubernetes_executor.py
[2024-03-12T09:24:46.194+0000] {processor.py:830} INFO - Processing file /usr/local/lib/python3.10/dist-packages/airflow/example_dags/example_kubernetes_executor.py for tasks to queue
[2024-03-12T09:24:46.195+0000] {logging_mixin.py:188} INFO - [2024-03-12T09:24:46.195+0000] {dagbag.py:540} INFO - Filling up the DagBag from /usr/local/lib/python3.10/dist-packages/airflow/example_dags/example_kubernetes_executor.py
[2024-03-12T09:24:46.200+0000] {logging_mixin.py:188} INFO - [2024-03-12T09:24:46.200+0000] {example_kubernetes_executor.py:38} WARNING - The example_kubernetes_executor example DAG requires the kubernetes provider. Please install it with: pip install apache-airflow[cncf.kubernetes]
[2024-03-12T09:24:46.200+0000] {processor.py:842} WARNING - No viable dags retrieved from /usr/local/lib/python3.10/dist-packages/airflow/example_dags/example_kubernetes_executor.py
[2024-03-12T09:24:46.213+0000] {processor.py:183} INFO - Processing /usr/local/lib/python3.10/dist-packages/airflow/example_dags/example_kubernetes_executor.py took 0.026 seconds
[2024-03-12T09:25:40.311+0000] {processor.py:161} INFO - Started process (PID=14166) to work on /usr/local/lib/python3.10/dist-packages/airflow/example_dags/example_kubernetes_executor.py
[2024-03-12T09:25:40.313+0000] {processor.py:830} INFO - Processing file /usr/local/lib/python3.10/dist-packages/airflow/example_dags/example_kubernetes_executor.py for tasks to queue
[2024-03-12T09:25:40.314+0000] {logging_mixin.py:188} INFO - [2024-03-12T09:25:40.313+0000] {dagbag.py:540} INFO - Filling up the DagBag from /usr/local/lib/python3.10/dist-packages/airflow/example_dags/example_kubernetes_executor.py
[2024-03-12T09:25:40.317+0000] {logging_mixin.py:188} INFO - [2024-03-12T09:25:40.317+0000] {example_kubernetes_executor.py:38} WARNING - The example_kubernetes_executor example DAG requires the kubernetes provider. Please install it with: pip install apache-airflow[cncf.kubernetes]
[2024-03-12T09:25:40.317+0000] {processor.py:842} WARNING - No viable dags retrieved from /usr/local/lib/python3.10/dist-packages/airflow/example_dags/example_kubernetes_executor.py
[2024-03-12T09:25:40.328+0000] {processor.py:183} INFO - Processing /usr/local/lib/python3.10/dist-packages/airflow/example_dags/example_kubernetes_executor.py took 0.020 seconds
[2024-03-12T09:26:38.101+0000] {processor.py:161} INFO - Started process (PID=14225) to work on /usr/local/lib/python3.10/dist-packages/airflow/example_dags/example_kubernetes_executor.py
[2024-03-12T09:26:38.103+0000] {processor.py:830} INFO - Processing file /usr/local/lib/python3.10/dist-packages/airflow/example_dags/example_kubernetes_executor.py for tasks to queue
[2024-03-12T09:26:38.104+0000] {logging_mixin.py:188} INFO - [2024-03-12T09:26:38.103+0000] {dagbag.py:540} INFO - Filling up the DagBag from /usr/local/lib/python3.10/dist-packages/airflow/example_dags/example_kubernetes_executor.py
[2024-03-12T09:26:38.108+0000] {logging_mixin.py:188} INFO - [2024-03-12T09:26:38.108+0000] {example_kubernetes_executor.py:38} WARNING - The example_kubernetes_executor example DAG requires the kubernetes provider. Please install it with: pip install apache-airflow[cncf.kubernetes]
[2024-03-12T09:26:38.109+0000] {processor.py:842} WARNING - No viable dags retrieved from /usr/local/lib/python3.10/dist-packages/airflow/example_dags/example_kubernetes_executor.py
[2024-03-12T09:26:38.123+0000] {processor.py:183} INFO - Processing /usr/local/lib/python3.10/dist-packages/airflow/example_dags/example_kubernetes_executor.py took 0.026 seconds
[2024-03-12T09:27:43.391+0000] {processor.py:161} INFO - Started process (PID=14289) to work on /usr/local/lib/python3.10/dist-packages/airflow/example_dags/example_kubernetes_executor.py
[2024-03-12T09:27:43.393+0000] {processor.py:830} INFO - Processing file /usr/local/lib/python3.10/dist-packages/airflow/example_dags/example_kubernetes_executor.py for tasks to queue
[2024-03-12T09:27:43.394+0000] {logging_mixin.py:188} INFO - [2024-03-12T09:27:43.393+0000] {dagbag.py:540} INFO - Filling up the DagBag from /usr/local/lib/python3.10/dist-packages/airflow/example_dags/example_kubernetes_executor.py
[2024-03-12T09:27:43.398+0000] {logging_mixin.py:188} INFO - [2024-03-12T09:27:43.398+0000] {example_kubernetes_executor.py:38} WARNING - The example_kubernetes_executor example DAG requires the kubernetes provider. Please install it with: pip install apache-airflow[cncf.kubernetes]
[2024-03-12T09:27:43.398+0000] {processor.py:842} WARNING - No viable dags retrieved from /usr/local/lib/python3.10/dist-packages/airflow/example_dags/example_kubernetes_executor.py
[2024-03-12T09:27:43.414+0000] {processor.py:183} INFO - Processing /usr/local/lib/python3.10/dist-packages/airflow/example_dags/example_kubernetes_executor.py took 0.026 seconds
[2024-03-12T09:28:42.169+0000] {processor.py:161} INFO - Started process (PID=14348) to work on /usr/local/lib/python3.10/dist-packages/airflow/example_dags/example_kubernetes_executor.py
[2024-03-12T09:28:42.173+0000] {processor.py:830} INFO - Processing file /usr/local/lib/python3.10/dist-packages/airflow/example_dags/example_kubernetes_executor.py for tasks to queue
[2024-03-12T09:28:42.178+0000] {logging_mixin.py:188} INFO - [2024-03-12T09:28:42.176+0000] {dagbag.py:540} INFO - Filling up the DagBag from /usr/local/lib/python3.10/dist-packages/airflow/example_dags/example_kubernetes_executor.py
[2024-03-12T09:28:42.187+0000] {logging_mixin.py:188} INFO - [2024-03-12T09:28:42.186+0000] {example_kubernetes_executor.py:38} WARNING - The example_kubernetes_executor example DAG requires the kubernetes provider. Please install it with: pip install apache-airflow[cncf.kubernetes]
[2024-03-12T09:28:42.187+0000] {processor.py:842} WARNING - No viable dags retrieved from /usr/local/lib/python3.10/dist-packages/airflow/example_dags/example_kubernetes_executor.py
[2024-03-12T09:28:42.210+0000] {processor.py:183} INFO - Processing /usr/local/lib/python3.10/dist-packages/airflow/example_dags/example_kubernetes_executor.py took 0.047 seconds
[2024-03-12T09:29:42.828+0000] {processor.py:161} INFO - Started process (PID=14408) to work on /usr/local/lib/python3.10/dist-packages/airflow/example_dags/example_kubernetes_executor.py
[2024-03-12T09:29:42.829+0000] {processor.py:830} INFO - Processing file /usr/local/lib/python3.10/dist-packages/airflow/example_dags/example_kubernetes_executor.py for tasks to queue
[2024-03-12T09:29:42.830+0000] {logging_mixin.py:188} INFO - [2024-03-12T09:29:42.830+0000] {dagbag.py:540} INFO - Filling up the DagBag from /usr/local/lib/python3.10/dist-packages/airflow/example_dags/example_kubernetes_executor.py
[2024-03-12T09:29:42.834+0000] {logging_mixin.py:188} INFO - [2024-03-12T09:29:42.834+0000] {example_kubernetes_executor.py:38} WARNING - The example_kubernetes_executor example DAG requires the kubernetes provider. Please install it with: pip install apache-airflow[cncf.kubernetes]
[2024-03-12T09:29:42.834+0000] {processor.py:842} WARNING - No viable dags retrieved from /usr/local/lib/python3.10/dist-packages/airflow/example_dags/example_kubernetes_executor.py
[2024-03-12T09:29:42.845+0000] {processor.py:183} INFO - Processing /usr/local/lib/python3.10/dist-packages/airflow/example_dags/example_kubernetes_executor.py took 0.020 seconds
[2024-03-12T09:30:45.288+0000] {processor.py:161} INFO - Started process (PID=14468) to work on /usr/local/lib/python3.10/dist-packages/airflow/example_dags/example_kubernetes_executor.py
[2024-03-12T09:30:45.290+0000] {processor.py:830} INFO - Processing file /usr/local/lib/python3.10/dist-packages/airflow/example_dags/example_kubernetes_executor.py for tasks to queue
[2024-03-12T09:30:45.291+0000] {logging_mixin.py:188} INFO - [2024-03-12T09:30:45.291+0000] {dagbag.py:540} INFO - Filling up the DagBag from /usr/local/lib/python3.10/dist-packages/airflow/example_dags/example_kubernetes_executor.py
[2024-03-12T09:30:45.294+0000] {logging_mixin.py:188} INFO - [2024-03-12T09:30:45.294+0000] {example_kubernetes_executor.py:38} WARNING - The example_kubernetes_executor example DAG requires the kubernetes provider. Please install it with: pip install apache-airflow[cncf.kubernetes]
[2024-03-12T09:30:45.295+0000] {processor.py:842} WARNING - No viable dags retrieved from /usr/local/lib/python3.10/dist-packages/airflow/example_dags/example_kubernetes_executor.py
[2024-03-12T09:30:45.306+0000] {processor.py:183} INFO - Processing /usr/local/lib/python3.10/dist-packages/airflow/example_dags/example_kubernetes_executor.py took 0.021 seconds
[2024-03-12T09:31:47.973+0000] {processor.py:161} INFO - Started process (PID=14529) to work on /usr/local/lib/python3.10/dist-packages/airflow/example_dags/example_kubernetes_executor.py
[2024-03-12T09:31:47.975+0000] {processor.py:830} INFO - Processing file /usr/local/lib/python3.10/dist-packages/airflow/example_dags/example_kubernetes_executor.py for tasks to queue
[2024-03-12T09:31:47.976+0000] {logging_mixin.py:188} INFO - [2024-03-12T09:31:47.975+0000] {dagbag.py:540} INFO - Filling up the DagBag from /usr/local/lib/python3.10/dist-packages/airflow/example_dags/example_kubernetes_executor.py
[2024-03-12T09:31:47.979+0000] {logging_mixin.py:188} INFO - [2024-03-12T09:31:47.979+0000] {example_kubernetes_executor.py:38} WARNING - The example_kubernetes_executor example DAG requires the kubernetes provider. Please install it with: pip install apache-airflow[cncf.kubernetes]
[2024-03-12T09:31:47.979+0000] {processor.py:842} WARNING - No viable dags retrieved from /usr/local/lib/python3.10/dist-packages/airflow/example_dags/example_kubernetes_executor.py
[2024-03-12T09:31:47.993+0000] {processor.py:183} INFO - Processing /usr/local/lib/python3.10/dist-packages/airflow/example_dags/example_kubernetes_executor.py took 0.024 seconds
[2024-03-12T09:32:52.944+0000] {processor.py:161} INFO - Started process (PID=14592) to work on /usr/local/lib/python3.10/dist-packages/airflow/example_dags/example_kubernetes_executor.py
[2024-03-12T09:32:52.946+0000] {processor.py:830} INFO - Processing file /usr/local/lib/python3.10/dist-packages/airflow/example_dags/example_kubernetes_executor.py for tasks to queue
[2024-03-12T09:32:52.948+0000] {logging_mixin.py:188} INFO - [2024-03-12T09:32:52.947+0000] {dagbag.py:540} INFO - Filling up the DagBag from /usr/local/lib/python3.10/dist-packages/airflow/example_dags/example_kubernetes_executor.py
[2024-03-12T09:32:52.953+0000] {logging_mixin.py:188} INFO - [2024-03-12T09:32:52.953+0000] {example_kubernetes_executor.py:38} WARNING - The example_kubernetes_executor example DAG requires the kubernetes provider. Please install it with: pip install apache-airflow[cncf.kubernetes]
[2024-03-12T09:32:52.954+0000] {processor.py:842} WARNING - No viable dags retrieved from /usr/local/lib/python3.10/dist-packages/airflow/example_dags/example_kubernetes_executor.py
[2024-03-12T09:32:52.975+0000] {processor.py:183} INFO - Processing /usr/local/lib/python3.10/dist-packages/airflow/example_dags/example_kubernetes_executor.py took 0.039 seconds
[2024-03-12T09:33:39.680+0000] {processor.py:161} INFO - Started process (PID=14636) to work on /usr/local/lib/python3.10/dist-packages/airflow/example_dags/example_kubernetes_executor.py
[2024-03-12T09:33:39.684+0000] {processor.py:830} INFO - Processing file /usr/local/lib/python3.10/dist-packages/airflow/example_dags/example_kubernetes_executor.py for tasks to queue
[2024-03-12T09:33:39.685+0000] {logging_mixin.py:188} INFO - [2024-03-12T09:33:39.684+0000] {dagbag.py:540} INFO - Filling up the DagBag from /usr/local/lib/python3.10/dist-packages/airflow/example_dags/example_kubernetes_executor.py
[2024-03-12T09:33:39.690+0000] {logging_mixin.py:188} INFO - [2024-03-12T09:33:39.690+0000] {example_kubernetes_executor.py:38} WARNING - The example_kubernetes_executor example DAG requires the kubernetes provider. Please install it with: pip install apache-airflow[cncf.kubernetes]
[2024-03-12T09:33:39.691+0000] {processor.py:842} WARNING - No viable dags retrieved from /usr/local/lib/python3.10/dist-packages/airflow/example_dags/example_kubernetes_executor.py
[2024-03-12T09:33:39.719+0000] {processor.py:183} INFO - Processing /usr/local/lib/python3.10/dist-packages/airflow/example_dags/example_kubernetes_executor.py took 0.050 seconds
[2024-03-12T09:34:41.394+0000] {processor.py:161} INFO - Started process (PID=14698) to work on /usr/local/lib/python3.10/dist-packages/airflow/example_dags/example_kubernetes_executor.py
[2024-03-12T09:34:41.396+0000] {processor.py:830} INFO - Processing file /usr/local/lib/python3.10/dist-packages/airflow/example_dags/example_kubernetes_executor.py for tasks to queue
[2024-03-12T09:34:41.397+0000] {logging_mixin.py:188} INFO - [2024-03-12T09:34:41.396+0000] {dagbag.py:540} INFO - Filling up the DagBag from /usr/local/lib/python3.10/dist-packages/airflow/example_dags/example_kubernetes_executor.py
[2024-03-12T09:34:41.401+0000] {logging_mixin.py:188} INFO - [2024-03-12T09:34:41.401+0000] {example_kubernetes_executor.py:38} WARNING - The example_kubernetes_executor example DAG requires the kubernetes provider. Please install it with: pip install apache-airflow[cncf.kubernetes]
[2024-03-12T09:34:41.402+0000] {processor.py:842} WARNING - No viable dags retrieved from /usr/local/lib/python3.10/dist-packages/airflow/example_dags/example_kubernetes_executor.py
[2024-03-12T09:34:41.415+0000] {processor.py:183} INFO - Processing /usr/local/lib/python3.10/dist-packages/airflow/example_dags/example_kubernetes_executor.py took 0.025 seconds
[2024-03-12T09:35:30.283+0000] {processor.py:161} INFO - Started process (PID=14742) to work on /usr/local/lib/python3.10/dist-packages/airflow/example_dags/example_kubernetes_executor.py
[2024-03-12T09:35:30.286+0000] {processor.py:830} INFO - Processing file /usr/local/lib/python3.10/dist-packages/airflow/example_dags/example_kubernetes_executor.py for tasks to queue
[2024-03-12T09:35:30.288+0000] {logging_mixin.py:188} INFO - [2024-03-12T09:35:30.287+0000] {dagbag.py:540} INFO - Filling up the DagBag from /usr/local/lib/python3.10/dist-packages/airflow/example_dags/example_kubernetes_executor.py
[2024-03-12T09:35:30.292+0000] {logging_mixin.py:188} INFO - [2024-03-12T09:35:30.292+0000] {example_kubernetes_executor.py:38} WARNING - The example_kubernetes_executor example DAG requires the kubernetes provider. Please install it with: pip install apache-airflow[cncf.kubernetes]
[2024-03-12T09:35:30.293+0000] {processor.py:842} WARNING - No viable dags retrieved from /usr/local/lib/python3.10/dist-packages/airflow/example_dags/example_kubernetes_executor.py
[2024-03-12T09:35:30.310+0000] {processor.py:183} INFO - Processing /usr/local/lib/python3.10/dist-packages/airflow/example_dags/example_kubernetes_executor.py took 0.034 seconds
[2024-03-12T09:36:30.968+0000] {processor.py:161} INFO - Started process (PID=14802) to work on /usr/local/lib/python3.10/dist-packages/airflow/example_dags/example_kubernetes_executor.py
[2024-03-12T09:36:30.970+0000] {processor.py:830} INFO - Processing file /usr/local/lib/python3.10/dist-packages/airflow/example_dags/example_kubernetes_executor.py for tasks to queue
[2024-03-12T09:36:30.972+0000] {logging_mixin.py:188} INFO - [2024-03-12T09:36:30.971+0000] {dagbag.py:540} INFO - Filling up the DagBag from /usr/local/lib/python3.10/dist-packages/airflow/example_dags/example_kubernetes_executor.py
[2024-03-12T09:36:30.977+0000] {logging_mixin.py:188} INFO - [2024-03-12T09:36:30.977+0000] {example_kubernetes_executor.py:38} WARNING - The example_kubernetes_executor example DAG requires the kubernetes provider. Please install it with: pip install apache-airflow[cncf.kubernetes]
[2024-03-12T09:36:30.977+0000] {processor.py:842} WARNING - No viable dags retrieved from /usr/local/lib/python3.10/dist-packages/airflow/example_dags/example_kubernetes_executor.py
[2024-03-12T09:36:30.989+0000] {processor.py:183} INFO - Processing /usr/local/lib/python3.10/dist-packages/airflow/example_dags/example_kubernetes_executor.py took 0.025 seconds
[2024-03-12T09:37:33.813+0000] {processor.py:161} INFO - Started process (PID=14862) to work on /usr/local/lib/python3.10/dist-packages/airflow/example_dags/example_kubernetes_executor.py
[2024-03-12T09:37:33.816+0000] {processor.py:830} INFO - Processing file /usr/local/lib/python3.10/dist-packages/airflow/example_dags/example_kubernetes_executor.py for tasks to queue
[2024-03-12T09:37:33.819+0000] {logging_mixin.py:188} INFO - [2024-03-12T09:37:33.817+0000] {dagbag.py:540} INFO - Filling up the DagBag from /usr/local/lib/python3.10/dist-packages/airflow/example_dags/example_kubernetes_executor.py
[2024-03-12T09:37:33.826+0000] {logging_mixin.py:188} INFO - [2024-03-12T09:37:33.826+0000] {example_kubernetes_executor.py:38} WARNING - The example_kubernetes_executor example DAG requires the kubernetes provider. Please install it with: pip install apache-airflow[cncf.kubernetes]
[2024-03-12T09:37:33.827+0000] {processor.py:842} WARNING - No viable dags retrieved from /usr/local/lib/python3.10/dist-packages/airflow/example_dags/example_kubernetes_executor.py
[2024-03-12T09:37:33.852+0000] {processor.py:183} INFO - Processing /usr/local/lib/python3.10/dist-packages/airflow/example_dags/example_kubernetes_executor.py took 0.048 seconds
[2024-03-12T09:38:36.445+0000] {processor.py:161} INFO - Started process (PID=14924) to work on /usr/local/lib/python3.10/dist-packages/airflow/example_dags/example_kubernetes_executor.py
[2024-03-12T09:38:36.447+0000] {processor.py:830} INFO - Processing file /usr/local/lib/python3.10/dist-packages/airflow/example_dags/example_kubernetes_executor.py for tasks to queue
[2024-03-12T09:38:36.448+0000] {logging_mixin.py:188} INFO - [2024-03-12T09:38:36.448+0000] {dagbag.py:540} INFO - Filling up the DagBag from /usr/local/lib/python3.10/dist-packages/airflow/example_dags/example_kubernetes_executor.py
[2024-03-12T09:38:36.452+0000] {logging_mixin.py:188} INFO - [2024-03-12T09:38:36.451+0000] {example_kubernetes_executor.py:38} WARNING - The example_kubernetes_executor example DAG requires the kubernetes provider. Please install it with: pip install apache-airflow[cncf.kubernetes]
[2024-03-12T09:38:36.452+0000] {processor.py:842} WARNING - No viable dags retrieved from /usr/local/lib/python3.10/dist-packages/airflow/example_dags/example_kubernetes_executor.py
[2024-03-12T09:38:36.466+0000] {processor.py:183} INFO - Processing /usr/local/lib/python3.10/dist-packages/airflow/example_dags/example_kubernetes_executor.py took 0.026 seconds
[2024-03-12T09:39:40.244+0000] {processor.py:161} INFO - Started process (PID=14985) to work on /usr/local/lib/python3.10/dist-packages/airflow/example_dags/example_kubernetes_executor.py
[2024-03-12T09:39:40.246+0000] {processor.py:830} INFO - Processing file /usr/local/lib/python3.10/dist-packages/airflow/example_dags/example_kubernetes_executor.py for tasks to queue
[2024-03-12T09:39:40.247+0000] {logging_mixin.py:188} INFO - [2024-03-12T09:39:40.247+0000] {dagbag.py:540} INFO - Filling up the DagBag from /usr/local/lib/python3.10/dist-packages/airflow/example_dags/example_kubernetes_executor.py
[2024-03-12T09:39:40.251+0000] {logging_mixin.py:188} INFO - [2024-03-12T09:39:40.251+0000] {example_kubernetes_executor.py:38} WARNING - The example_kubernetes_executor example DAG requires the kubernetes provider. Please install it with: pip install apache-airflow[cncf.kubernetes]
[2024-03-12T09:39:40.251+0000] {processor.py:842} WARNING - No viable dags retrieved from /usr/local/lib/python3.10/dist-packages/airflow/example_dags/example_kubernetes_executor.py
[2024-03-12T09:39:40.266+0000] {processor.py:183} INFO - Processing /usr/local/lib/python3.10/dist-packages/airflow/example_dags/example_kubernetes_executor.py took 0.025 seconds
[2024-03-12T09:40:45.471+0000] {processor.py:161} INFO - Started process (PID=15048) to work on /usr/local/lib/python3.10/dist-packages/airflow/example_dags/example_kubernetes_executor.py
[2024-03-12T09:40:45.473+0000] {processor.py:830} INFO - Processing file /usr/local/lib/python3.10/dist-packages/airflow/example_dags/example_kubernetes_executor.py for tasks to queue
[2024-03-12T09:40:45.474+0000] {logging_mixin.py:188} INFO - [2024-03-12T09:40:45.474+0000] {dagbag.py:540} INFO - Filling up the DagBag from /usr/local/lib/python3.10/dist-packages/airflow/example_dags/example_kubernetes_executor.py
[2024-03-12T09:40:45.478+0000] {logging_mixin.py:188} INFO - [2024-03-12T09:40:45.478+0000] {example_kubernetes_executor.py:38} WARNING - The example_kubernetes_executor example DAG requires the kubernetes provider. Please install it with: pip install apache-airflow[cncf.kubernetes]
[2024-03-12T09:40:45.480+0000] {processor.py:842} WARNING - No viable dags retrieved from /usr/local/lib/python3.10/dist-packages/airflow/example_dags/example_kubernetes_executor.py
[2024-03-12T09:40:45.497+0000] {processor.py:183} INFO - Processing /usr/local/lib/python3.10/dist-packages/airflow/example_dags/example_kubernetes_executor.py took 0.031 seconds
[2024-03-12T09:41:47.708+0000] {processor.py:161} INFO - Started process (PID=15108) to work on /usr/local/lib/python3.10/dist-packages/airflow/example_dags/example_kubernetes_executor.py
[2024-03-12T09:41:47.711+0000] {processor.py:830} INFO - Processing file /usr/local/lib/python3.10/dist-packages/airflow/example_dags/example_kubernetes_executor.py for tasks to queue
[2024-03-12T09:41:47.715+0000] {logging_mixin.py:188} INFO - [2024-03-12T09:41:47.714+0000] {dagbag.py:540} INFO - Filling up the DagBag from /usr/local/lib/python3.10/dist-packages/airflow/example_dags/example_kubernetes_executor.py
[2024-03-12T09:41:47.720+0000] {logging_mixin.py:188} INFO - [2024-03-12T09:41:47.719+0000] {example_kubernetes_executor.py:38} WARNING - The example_kubernetes_executor example DAG requires the kubernetes provider. Please install it with: pip install apache-airflow[cncf.kubernetes]
[2024-03-12T09:41:47.720+0000] {processor.py:842} WARNING - No viable dags retrieved from /usr/local/lib/python3.10/dist-packages/airflow/example_dags/example_kubernetes_executor.py
[2024-03-12T09:41:47.735+0000] {processor.py:183} INFO - Processing /usr/local/lib/python3.10/dist-packages/airflow/example_dags/example_kubernetes_executor.py took 0.039 seconds
[2024-03-12T09:42:47.956+0000] {processor.py:161} INFO - Started process (PID=15241) to work on /usr/local/lib/python3.10/dist-packages/airflow/example_dags/example_kubernetes_executor.py
[2024-03-12T09:42:47.957+0000] {processor.py:830} INFO - Processing file /usr/local/lib/python3.10/dist-packages/airflow/example_dags/example_kubernetes_executor.py for tasks to queue
[2024-03-12T09:42:47.958+0000] {logging_mixin.py:188} INFO - [2024-03-12T09:42:47.958+0000] {dagbag.py:540} INFO - Filling up the DagBag from /usr/local/lib/python3.10/dist-packages/airflow/example_dags/example_kubernetes_executor.py
[2024-03-12T09:42:47.962+0000] {logging_mixin.py:188} INFO - [2024-03-12T09:42:47.962+0000] {example_kubernetes_executor.py:38} WARNING - The example_kubernetes_executor example DAG requires the kubernetes provider. Please install it with: pip install apache-airflow[cncf.kubernetes]
[2024-03-12T09:42:47.962+0000] {processor.py:842} WARNING - No viable dags retrieved from /usr/local/lib/python3.10/dist-packages/airflow/example_dags/example_kubernetes_executor.py
[2024-03-12T09:42:47.975+0000] {processor.py:183} INFO - Processing /usr/local/lib/python3.10/dist-packages/airflow/example_dags/example_kubernetes_executor.py took 0.023 seconds
[2024-03-12T09:43:50.780+0000] {processor.py:161} INFO - Started process (PID=15306) to work on /usr/local/lib/python3.10/dist-packages/airflow/example_dags/example_kubernetes_executor.py
[2024-03-12T09:43:50.782+0000] {processor.py:830} INFO - Processing file /usr/local/lib/python3.10/dist-packages/airflow/example_dags/example_kubernetes_executor.py for tasks to queue
[2024-03-12T09:43:50.783+0000] {logging_mixin.py:188} INFO - [2024-03-12T09:43:50.782+0000] {dagbag.py:540} INFO - Filling up the DagBag from /usr/local/lib/python3.10/dist-packages/airflow/example_dags/example_kubernetes_executor.py
[2024-03-12T09:43:50.787+0000] {logging_mixin.py:188} INFO - [2024-03-12T09:43:50.787+0000] {example_kubernetes_executor.py:38} WARNING - The example_kubernetes_executor example DAG requires the kubernetes provider. Please install it with: pip install apache-airflow[cncf.kubernetes]
[2024-03-12T09:43:50.788+0000] {processor.py:842} WARNING - No viable dags retrieved from /usr/local/lib/python3.10/dist-packages/airflow/example_dags/example_kubernetes_executor.py
[2024-03-12T09:43:50.800+0000] {processor.py:183} INFO - Processing /usr/local/lib/python3.10/dist-packages/airflow/example_dags/example_kubernetes_executor.py took 0.023 seconds
[2024-03-12T09:44:56.521+0000] {processor.py:161} INFO - Started process (PID=15380) to work on /usr/local/lib/python3.10/dist-packages/airflow/example_dags/example_kubernetes_executor.py
[2024-03-12T09:44:56.523+0000] {processor.py:830} INFO - Processing file /usr/local/lib/python3.10/dist-packages/airflow/example_dags/example_kubernetes_executor.py for tasks to queue
[2024-03-12T09:44:56.524+0000] {logging_mixin.py:188} INFO - [2024-03-12T09:44:56.524+0000] {dagbag.py:540} INFO - Filling up the DagBag from /usr/local/lib/python3.10/dist-packages/airflow/example_dags/example_kubernetes_executor.py
[2024-03-12T09:44:56.528+0000] {logging_mixin.py:188} INFO - [2024-03-12T09:44:56.528+0000] {example_kubernetes_executor.py:38} WARNING - The example_kubernetes_executor example DAG requires the kubernetes provider. Please install it with: pip install apache-airflow[cncf.kubernetes]
[2024-03-12T09:44:56.528+0000] {processor.py:842} WARNING - No viable dags retrieved from /usr/local/lib/python3.10/dist-packages/airflow/example_dags/example_kubernetes_executor.py
[2024-03-12T09:44:56.542+0000] {processor.py:183} INFO - Processing /usr/local/lib/python3.10/dist-packages/airflow/example_dags/example_kubernetes_executor.py took 0.025 seconds
[2024-03-12T09:45:59.461+0000] {processor.py:161} INFO - Started process (PID=15442) to work on /usr/local/lib/python3.10/dist-packages/airflow/example_dags/example_kubernetes_executor.py
[2024-03-12T09:45:59.463+0000] {processor.py:830} INFO - Processing file /usr/local/lib/python3.10/dist-packages/airflow/example_dags/example_kubernetes_executor.py for tasks to queue
[2024-03-12T09:45:59.464+0000] {logging_mixin.py:188} INFO - [2024-03-12T09:45:59.463+0000] {dagbag.py:540} INFO - Filling up the DagBag from /usr/local/lib/python3.10/dist-packages/airflow/example_dags/example_kubernetes_executor.py
[2024-03-12T09:45:59.468+0000] {logging_mixin.py:188} INFO - [2024-03-12T09:45:59.468+0000] {example_kubernetes_executor.py:38} WARNING - The example_kubernetes_executor example DAG requires the kubernetes provider. Please install it with: pip install apache-airflow[cncf.kubernetes]
[2024-03-12T09:45:59.468+0000] {processor.py:842} WARNING - No viable dags retrieved from /usr/local/lib/python3.10/dist-packages/airflow/example_dags/example_kubernetes_executor.py
[2024-03-12T09:45:59.481+0000] {processor.py:183} INFO - Processing /usr/local/lib/python3.10/dist-packages/airflow/example_dags/example_kubernetes_executor.py took 0.023 seconds
[2024-03-12T09:46:58.327+0000] {processor.py:161} INFO - Started process (PID=15501) to work on /usr/local/lib/python3.10/dist-packages/airflow/example_dags/example_kubernetes_executor.py
[2024-03-12T09:46:58.328+0000] {processor.py:830} INFO - Processing file /usr/local/lib/python3.10/dist-packages/airflow/example_dags/example_kubernetes_executor.py for tasks to queue
[2024-03-12T09:46:58.329+0000] {logging_mixin.py:188} INFO - [2024-03-12T09:46:58.329+0000] {dagbag.py:540} INFO - Filling up the DagBag from /usr/local/lib/python3.10/dist-packages/airflow/example_dags/example_kubernetes_executor.py
[2024-03-12T09:46:58.333+0000] {logging_mixin.py:188} INFO - [2024-03-12T09:46:58.332+0000] {example_kubernetes_executor.py:38} WARNING - The example_kubernetes_executor example DAG requires the kubernetes provider. Please install it with: pip install apache-airflow[cncf.kubernetes]
[2024-03-12T09:46:58.333+0000] {processor.py:842} WARNING - No viable dags retrieved from /usr/local/lib/python3.10/dist-packages/airflow/example_dags/example_kubernetes_executor.py
[2024-03-12T09:46:58.344+0000] {processor.py:183} INFO - Processing /usr/local/lib/python3.10/dist-packages/airflow/example_dags/example_kubernetes_executor.py took 0.021 seconds
[2024-03-12T09:48:03.098+0000] {processor.py:161} INFO - Started process (PID=15564) to work on /usr/local/lib/python3.10/dist-packages/airflow/example_dags/example_kubernetes_executor.py
[2024-03-12T09:48:03.100+0000] {processor.py:830} INFO - Processing file /usr/local/lib/python3.10/dist-packages/airflow/example_dags/example_kubernetes_executor.py for tasks to queue
[2024-03-12T09:48:03.106+0000] {logging_mixin.py:188} INFO - [2024-03-12T09:48:03.101+0000] {dagbag.py:540} INFO - Filling up the DagBag from /usr/local/lib/python3.10/dist-packages/airflow/example_dags/example_kubernetes_executor.py
[2024-03-12T09:48:03.116+0000] {logging_mixin.py:188} INFO - [2024-03-12T09:48:03.116+0000] {example_kubernetes_executor.py:38} WARNING - The example_kubernetes_executor example DAG requires the kubernetes provider. Please install it with: pip install apache-airflow[cncf.kubernetes]
[2024-03-12T09:48:03.116+0000] {processor.py:842} WARNING - No viable dags retrieved from /usr/local/lib/python3.10/dist-packages/airflow/example_dags/example_kubernetes_executor.py
[2024-03-12T09:48:03.147+0000] {processor.py:183} INFO - Processing /usr/local/lib/python3.10/dist-packages/airflow/example_dags/example_kubernetes_executor.py took 0.052 seconds
[2024-03-12T09:49:04.185+0000] {processor.py:161} INFO - Started process (PID=15627) to work on /usr/local/lib/python3.10/dist-packages/airflow/example_dags/example_kubernetes_executor.py
[2024-03-12T09:49:04.188+0000] {processor.py:830} INFO - Processing file /usr/local/lib/python3.10/dist-packages/airflow/example_dags/example_kubernetes_executor.py for tasks to queue
[2024-03-12T09:49:04.191+0000] {logging_mixin.py:188} INFO - [2024-03-12T09:49:04.188+0000] {dagbag.py:540} INFO - Filling up the DagBag from /usr/local/lib/python3.10/dist-packages/airflow/example_dags/example_kubernetes_executor.py
[2024-03-12T09:49:04.200+0000] {logging_mixin.py:188} INFO - [2024-03-12T09:49:04.200+0000] {example_kubernetes_executor.py:38} WARNING - The example_kubernetes_executor example DAG requires the kubernetes provider. Please install it with: pip install apache-airflow[cncf.kubernetes]
[2024-03-12T09:49:04.201+0000] {processor.py:842} WARNING - No viable dags retrieved from /usr/local/lib/python3.10/dist-packages/airflow/example_dags/example_kubernetes_executor.py
[2024-03-12T09:49:04.216+0000] {processor.py:183} INFO - Processing /usr/local/lib/python3.10/dist-packages/airflow/example_dags/example_kubernetes_executor.py took 0.034 seconds
[2024-03-12T09:50:09.977+0000] {processor.py:161} INFO - Started process (PID=15690) to work on /usr/local/lib/python3.10/dist-packages/airflow/example_dags/example_kubernetes_executor.py
[2024-03-12T09:50:09.980+0000] {processor.py:830} INFO - Processing file /usr/local/lib/python3.10/dist-packages/airflow/example_dags/example_kubernetes_executor.py for tasks to queue
[2024-03-12T09:50:09.981+0000] {logging_mixin.py:188} INFO - [2024-03-12T09:50:09.981+0000] {dagbag.py:540} INFO - Filling up the DagBag from /usr/local/lib/python3.10/dist-packages/airflow/example_dags/example_kubernetes_executor.py
[2024-03-12T09:50:09.990+0000] {logging_mixin.py:188} INFO - [2024-03-12T09:50:09.990+0000] {example_kubernetes_executor.py:38} WARNING - The example_kubernetes_executor example DAG requires the kubernetes provider. Please install it with: pip install apache-airflow[cncf.kubernetes]
[2024-03-12T09:50:09.991+0000] {processor.py:842} WARNING - No viable dags retrieved from /usr/local/lib/python3.10/dist-packages/airflow/example_dags/example_kubernetes_executor.py
[2024-03-12T09:50:10.016+0000] {processor.py:183} INFO - Processing /usr/local/lib/python3.10/dist-packages/airflow/example_dags/example_kubernetes_executor.py took 0.045 seconds
[2024-03-12T09:51:16.960+0000] {processor.py:161} INFO - Started process (PID=15753) to work on /usr/local/lib/python3.10/dist-packages/airflow/example_dags/example_kubernetes_executor.py
[2024-03-12T09:51:16.962+0000] {processor.py:830} INFO - Processing file /usr/local/lib/python3.10/dist-packages/airflow/example_dags/example_kubernetes_executor.py for tasks to queue
[2024-03-12T09:51:16.963+0000] {logging_mixin.py:188} INFO - [2024-03-12T09:51:16.962+0000] {dagbag.py:540} INFO - Filling up the DagBag from /usr/local/lib/python3.10/dist-packages/airflow/example_dags/example_kubernetes_executor.py
[2024-03-12T09:51:16.968+0000] {logging_mixin.py:188} INFO - [2024-03-12T09:51:16.967+0000] {example_kubernetes_executor.py:38} WARNING - The example_kubernetes_executor example DAG requires the kubernetes provider. Please install it with: pip install apache-airflow[cncf.kubernetes]
[2024-03-12T09:51:16.968+0000] {processor.py:842} WARNING - No viable dags retrieved from /usr/local/lib/python3.10/dist-packages/airflow/example_dags/example_kubernetes_executor.py
[2024-03-12T09:51:16.982+0000] {processor.py:183} INFO - Processing /usr/local/lib/python3.10/dist-packages/airflow/example_dags/example_kubernetes_executor.py took 0.031 seconds
[2024-03-12T09:52:04.709+0000] {processor.py:161} INFO - Started process (PID=15798) to work on /usr/local/lib/python3.10/dist-packages/airflow/example_dags/example_kubernetes_executor.py
[2024-03-12T09:52:04.711+0000] {processor.py:830} INFO - Processing file /usr/local/lib/python3.10/dist-packages/airflow/example_dags/example_kubernetes_executor.py for tasks to queue
[2024-03-12T09:52:04.712+0000] {logging_mixin.py:188} INFO - [2024-03-12T09:52:04.712+0000] {dagbag.py:540} INFO - Filling up the DagBag from /usr/local/lib/python3.10/dist-packages/airflow/example_dags/example_kubernetes_executor.py
[2024-03-12T09:52:04.724+0000] {logging_mixin.py:188} INFO - [2024-03-12T09:52:04.719+0000] {example_kubernetes_executor.py:38} WARNING - The example_kubernetes_executor example DAG requires the kubernetes provider. Please install it with: pip install apache-airflow[cncf.kubernetes]
[2024-03-12T09:52:04.725+0000] {processor.py:842} WARNING - No viable dags retrieved from /usr/local/lib/python3.10/dist-packages/airflow/example_dags/example_kubernetes_executor.py
[2024-03-12T09:52:04.755+0000] {processor.py:183} INFO - Processing /usr/local/lib/python3.10/dist-packages/airflow/example_dags/example_kubernetes_executor.py took 0.050 seconds
[2024-03-12T09:53:08.348+0000] {processor.py:161} INFO - Started process (PID=15864) to work on /usr/local/lib/python3.10/dist-packages/airflow/example_dags/example_kubernetes_executor.py
[2024-03-12T09:53:08.350+0000] {processor.py:830} INFO - Processing file /usr/local/lib/python3.10/dist-packages/airflow/example_dags/example_kubernetes_executor.py for tasks to queue
[2024-03-12T09:53:08.351+0000] {logging_mixin.py:188} INFO - [2024-03-12T09:53:08.351+0000] {dagbag.py:540} INFO - Filling up the DagBag from /usr/local/lib/python3.10/dist-packages/airflow/example_dags/example_kubernetes_executor.py
[2024-03-12T09:53:08.355+0000] {logging_mixin.py:188} INFO - [2024-03-12T09:53:08.355+0000] {example_kubernetes_executor.py:38} WARNING - The example_kubernetes_executor example DAG requires the kubernetes provider. Please install it with: pip install apache-airflow[cncf.kubernetes]
[2024-03-12T09:53:08.356+0000] {processor.py:842} WARNING - No viable dags retrieved from /usr/local/lib/python3.10/dist-packages/airflow/example_dags/example_kubernetes_executor.py
[2024-03-12T09:53:08.369+0000] {processor.py:183} INFO - Processing /usr/local/lib/python3.10/dist-packages/airflow/example_dags/example_kubernetes_executor.py took 0.025 seconds
[2024-03-12T09:54:17.168+0000] {processor.py:161} INFO - Started process (PID=15929) to work on /usr/local/lib/python3.10/dist-packages/airflow/example_dags/example_kubernetes_executor.py
[2024-03-12T09:54:17.170+0000] {processor.py:830} INFO - Processing file /usr/local/lib/python3.10/dist-packages/airflow/example_dags/example_kubernetes_executor.py for tasks to queue
[2024-03-12T09:54:17.171+0000] {logging_mixin.py:188} INFO - [2024-03-12T09:54:17.170+0000] {dagbag.py:540} INFO - Filling up the DagBag from /usr/local/lib/python3.10/dist-packages/airflow/example_dags/example_kubernetes_executor.py
[2024-03-12T09:54:17.175+0000] {logging_mixin.py:188} INFO - [2024-03-12T09:54:17.175+0000] {example_kubernetes_executor.py:38} WARNING - The example_kubernetes_executor example DAG requires the kubernetes provider. Please install it with: pip install apache-airflow[cncf.kubernetes]
[2024-03-12T09:54:17.175+0000] {processor.py:842} WARNING - No viable dags retrieved from /usr/local/lib/python3.10/dist-packages/airflow/example_dags/example_kubernetes_executor.py
[2024-03-12T09:54:17.201+0000] {processor.py:183} INFO - Processing /usr/local/lib/python3.10/dist-packages/airflow/example_dags/example_kubernetes_executor.py took 0.038 seconds
[2024-03-12T09:55:23.448+0000] {processor.py:161} INFO - Started process (PID=15995) to work on /usr/local/lib/python3.10/dist-packages/airflow/example_dags/example_kubernetes_executor.py
[2024-03-12T09:55:23.450+0000] {processor.py:830} INFO - Processing file /usr/local/lib/python3.10/dist-packages/airflow/example_dags/example_kubernetes_executor.py for tasks to queue
[2024-03-12T09:55:23.451+0000] {logging_mixin.py:188} INFO - [2024-03-12T09:55:23.450+0000] {dagbag.py:540} INFO - Filling up the DagBag from /usr/local/lib/python3.10/dist-packages/airflow/example_dags/example_kubernetes_executor.py
[2024-03-12T09:55:23.455+0000] {logging_mixin.py:188} INFO - [2024-03-12T09:55:23.455+0000] {example_kubernetes_executor.py:38} WARNING - The example_kubernetes_executor example DAG requires the kubernetes provider. Please install it with: pip install apache-airflow[cncf.kubernetes]
[2024-03-12T09:55:23.456+0000] {processor.py:842} WARNING - No viable dags retrieved from /usr/local/lib/python3.10/dist-packages/airflow/example_dags/example_kubernetes_executor.py
[2024-03-12T09:55:23.474+0000] {processor.py:183} INFO - Processing /usr/local/lib/python3.10/dist-packages/airflow/example_dags/example_kubernetes_executor.py took 0.030 seconds
[2024-03-12T09:56:29.788+0000] {processor.py:161} INFO - Started process (PID=16059) to work on /usr/local/lib/python3.10/dist-packages/airflow/example_dags/example_kubernetes_executor.py
[2024-03-12T09:56:29.789+0000] {processor.py:830} INFO - Processing file /usr/local/lib/python3.10/dist-packages/airflow/example_dags/example_kubernetes_executor.py for tasks to queue
[2024-03-12T09:56:29.790+0000] {logging_mixin.py:188} INFO - [2024-03-12T09:56:29.790+0000] {dagbag.py:540} INFO - Filling up the DagBag from /usr/local/lib/python3.10/dist-packages/airflow/example_dags/example_kubernetes_executor.py
[2024-03-12T09:56:29.794+0000] {logging_mixin.py:188} INFO - [2024-03-12T09:56:29.793+0000] {example_kubernetes_executor.py:38} WARNING - The example_kubernetes_executor example DAG requires the kubernetes provider. Please install it with: pip install apache-airflow[cncf.kubernetes]
[2024-03-12T09:56:29.794+0000] {processor.py:842} WARNING - No viable dags retrieved from /usr/local/lib/python3.10/dist-packages/airflow/example_dags/example_kubernetes_executor.py
[2024-03-12T09:56:29.805+0000] {processor.py:183} INFO - Processing /usr/local/lib/python3.10/dist-packages/airflow/example_dags/example_kubernetes_executor.py took 0.021 seconds
[2024-03-12T09:57:37.486+0000] {processor.py:161} INFO - Started process (PID=16123) to work on /usr/local/lib/python3.10/dist-packages/airflow/example_dags/example_kubernetes_executor.py
[2024-03-12T09:57:37.491+0000] {processor.py:830} INFO - Processing file /usr/local/lib/python3.10/dist-packages/airflow/example_dags/example_kubernetes_executor.py for tasks to queue
[2024-03-12T09:57:37.493+0000] {logging_mixin.py:188} INFO - [2024-03-12T09:57:37.492+0000] {dagbag.py:540} INFO - Filling up the DagBag from /usr/local/lib/python3.10/dist-packages/airflow/example_dags/example_kubernetes_executor.py
[2024-03-12T09:57:37.496+0000] {logging_mixin.py:188} INFO - [2024-03-12T09:57:37.496+0000] {example_kubernetes_executor.py:38} WARNING - The example_kubernetes_executor example DAG requires the kubernetes provider. Please install it with: pip install apache-airflow[cncf.kubernetes]
[2024-03-12T09:57:37.497+0000] {processor.py:842} WARNING - No viable dags retrieved from /usr/local/lib/python3.10/dist-packages/airflow/example_dags/example_kubernetes_executor.py
[2024-03-12T09:57:37.509+0000] {processor.py:183} INFO - Processing /usr/local/lib/python3.10/dist-packages/airflow/example_dags/example_kubernetes_executor.py took 0.037 seconds
[2024-03-12T09:58:40.190+0000] {processor.py:161} INFO - Started process (PID=16196) to work on /usr/local/lib/python3.10/dist-packages/airflow/example_dags/example_kubernetes_executor.py
[2024-03-12T09:58:40.192+0000] {processor.py:830} INFO - Processing file /usr/local/lib/python3.10/dist-packages/airflow/example_dags/example_kubernetes_executor.py for tasks to queue
[2024-03-12T09:58:40.193+0000] {logging_mixin.py:188} INFO - [2024-03-12T09:58:40.192+0000] {dagbag.py:540} INFO - Filling up the DagBag from /usr/local/lib/python3.10/dist-packages/airflow/example_dags/example_kubernetes_executor.py
[2024-03-12T09:58:40.196+0000] {logging_mixin.py:188} INFO - [2024-03-12T09:58:40.196+0000] {example_kubernetes_executor.py:38} WARNING - The example_kubernetes_executor example DAG requires the kubernetes provider. Please install it with: pip install apache-airflow[cncf.kubernetes]
[2024-03-12T09:58:40.196+0000] {processor.py:842} WARNING - No viable dags retrieved from /usr/local/lib/python3.10/dist-packages/airflow/example_dags/example_kubernetes_executor.py
[2024-03-12T09:58:40.208+0000] {processor.py:183} INFO - Processing /usr/local/lib/python3.10/dist-packages/airflow/example_dags/example_kubernetes_executor.py took 0.022 seconds
