[2024-03-12T09:23:04.796+0000] {processor.py:161} INFO - Started process (PID=14025) to work on /usr/local/lib/python3.10/dist-packages/airflow/example_dags/example_datasets.py
[2024-03-12T09:23:04.797+0000] {processor.py:830} INFO - Processing file /usr/local/lib/python3.10/dist-packages/airflow/example_dags/example_datasets.py for tasks to queue
[2024-03-12T09:23:04.798+0000] {logging_mixin.py:188} INFO - [2024-03-12T09:23:04.798+0000] {dagbag.py:540} INFO - Filling up the DagBag from /usr/local/lib/python3.10/dist-packages/airflow/example_dags/example_datasets.py
[2024-03-12T09:23:04.812+0000] {processor.py:840} INFO - DAG(s) 'dataset_consumes_unknown_never_scheduled', 'dataset_produces_2', 'dataset_consumes_1', 'dataset_consumes_1_never_scheduled', 'dataset_consumes_1_and_2', 'dataset_produces_1' retrieved from /usr/local/lib/python3.10/dist-packages/airflow/example_dags/example_datasets.py
[2024-03-12T09:23:05.202+0000] {logging_mixin.py:188} INFO - [2024-03-12T09:23:05.202+0000] {dag.py:3047} INFO - Sync 6 DAGs
[2024-03-12T09:23:05.248+0000] {logging_mixin.py:188} INFO - [2024-03-12T09:23:05.247+0000] {dag.py:3834} INFO - Setting next_dagrun for dataset_consumes_1 to None, run_after=None
[2024-03-12T09:23:05.252+0000] {logging_mixin.py:188} INFO - [2024-03-12T09:23:05.251+0000] {dag.py:3834} INFO - Setting next_dagrun for dataset_consumes_1_and_2 to None, run_after=None
[2024-03-12T09:23:05.253+0000] {logging_mixin.py:188} INFO - [2024-03-12T09:23:05.253+0000] {dag.py:3834} INFO - Setting next_dagrun for dataset_consumes_1_never_scheduled to None, run_after=None
[2024-03-12T09:23:05.254+0000] {logging_mixin.py:188} INFO - [2024-03-12T09:23:05.254+0000] {dag.py:3834} INFO - Setting next_dagrun for dataset_consumes_unknown_never_scheduled to None, run_after=None
[2024-03-12T09:23:05.257+0000] {logging_mixin.py:188} INFO - [2024-03-12T09:23:05.257+0000] {dag.py:3834} INFO - Setting next_dagrun for dataset_produces_1 to 2024-03-11 00:00:00+00:00, run_after=2024-03-12 00:00:00+00:00
[2024-03-12T09:23:05.259+0000] {logging_mixin.py:188} INFO - [2024-03-12T09:23:05.258+0000] {dag.py:3834} INFO - Setting next_dagrun for dataset_produces_2 to None, run_after=None
[2024-03-12T09:23:05.302+0000] {processor.py:183} INFO - Processing /usr/local/lib/python3.10/dist-packages/airflow/example_dags/example_datasets.py took 0.509 seconds
[2024-03-12T09:24:05.694+0000] {processor.py:161} INFO - Started process (PID=14080) to work on /usr/local/lib/python3.10/dist-packages/airflow/example_dags/example_datasets.py
[2024-03-12T09:24:05.695+0000] {processor.py:830} INFO - Processing file /usr/local/lib/python3.10/dist-packages/airflow/example_dags/example_datasets.py for tasks to queue
[2024-03-12T09:24:05.696+0000] {logging_mixin.py:188} INFO - [2024-03-12T09:24:05.696+0000] {dagbag.py:540} INFO - Filling up the DagBag from /usr/local/lib/python3.10/dist-packages/airflow/example_dags/example_datasets.py
[2024-03-12T09:24:05.706+0000] {processor.py:840} INFO - DAG(s) 'dataset_consumes_unknown_never_scheduled', 'dataset_consumes_1', 'dataset_consumes_1_never_scheduled', 'dataset_consumes_1_and_2', 'dataset_produces_2', 'dataset_produces_1' retrieved from /usr/local/lib/python3.10/dist-packages/airflow/example_dags/example_datasets.py
[2024-03-12T09:24:05.734+0000] {logging_mixin.py:188} INFO - [2024-03-12T09:24:05.733+0000] {dag.py:3047} INFO - Sync 6 DAGs
[2024-03-12T09:24:05.756+0000] {logging_mixin.py:188} INFO - [2024-03-12T09:24:05.755+0000] {dag.py:3834} INFO - Setting next_dagrun for dataset_consumes_1 to None, run_after=None
[2024-03-12T09:24:05.761+0000] {logging_mixin.py:188} INFO - [2024-03-12T09:24:05.761+0000] {dag.py:3834} INFO - Setting next_dagrun for dataset_consumes_1_and_2 to None, run_after=None
[2024-03-12T09:24:05.763+0000] {logging_mixin.py:188} INFO - [2024-03-12T09:24:05.763+0000] {dag.py:3834} INFO - Setting next_dagrun for dataset_consumes_1_never_scheduled to None, run_after=None
[2024-03-12T09:24:05.764+0000] {logging_mixin.py:188} INFO - [2024-03-12T09:24:05.764+0000] {dag.py:3834} INFO - Setting next_dagrun for dataset_consumes_unknown_never_scheduled to None, run_after=None
[2024-03-12T09:24:05.767+0000] {logging_mixin.py:188} INFO - [2024-03-12T09:24:05.767+0000] {dag.py:3834} INFO - Setting next_dagrun for dataset_produces_1 to 2024-03-11 00:00:00+00:00, run_after=2024-03-12 00:00:00+00:00
[2024-03-12T09:24:05.768+0000] {logging_mixin.py:188} INFO - [2024-03-12T09:24:05.768+0000] {dag.py:3834} INFO - Setting next_dagrun for dataset_produces_2 to None, run_after=None
[2024-03-12T09:24:05.916+0000] {processor.py:183} INFO - Processing /usr/local/lib/python3.10/dist-packages/airflow/example_dags/example_datasets.py took 0.225 seconds
[2024-03-12T09:25:18.415+0000] {processor.py:161} INFO - Started process (PID=14145) to work on /usr/local/lib/python3.10/dist-packages/airflow/example_dags/example_datasets.py
[2024-03-12T09:25:18.416+0000] {processor.py:830} INFO - Processing file /usr/local/lib/python3.10/dist-packages/airflow/example_dags/example_datasets.py for tasks to queue
[2024-03-12T09:25:18.417+0000] {logging_mixin.py:188} INFO - [2024-03-12T09:25:18.417+0000] {dagbag.py:540} INFO - Filling up the DagBag from /usr/local/lib/python3.10/dist-packages/airflow/example_dags/example_datasets.py
[2024-03-12T09:25:18.428+0000] {processor.py:840} INFO - DAG(s) 'dataset_produces_1', 'dataset_consumes_1_and_2', 'dataset_produces_2', 'dataset_consumes_1_never_scheduled', 'dataset_consumes_unknown_never_scheduled', 'dataset_consumes_1' retrieved from /usr/local/lib/python3.10/dist-packages/airflow/example_dags/example_datasets.py
[2024-03-12T09:25:18.463+0000] {logging_mixin.py:188} INFO - [2024-03-12T09:25:18.463+0000] {dag.py:3047} INFO - Sync 6 DAGs
[2024-03-12T09:25:18.484+0000] {logging_mixin.py:188} INFO - [2024-03-12T09:25:18.484+0000] {dag.py:3834} INFO - Setting next_dagrun for dataset_consumes_1 to None, run_after=None
[2024-03-12T09:25:18.488+0000] {logging_mixin.py:188} INFO - [2024-03-12T09:25:18.487+0000] {dag.py:3834} INFO - Setting next_dagrun for dataset_consumes_1_and_2 to None, run_after=None
[2024-03-12T09:25:18.489+0000] {logging_mixin.py:188} INFO - [2024-03-12T09:25:18.489+0000] {dag.py:3834} INFO - Setting next_dagrun for dataset_consumes_1_never_scheduled to None, run_after=None
[2024-03-12T09:25:18.490+0000] {logging_mixin.py:188} INFO - [2024-03-12T09:25:18.489+0000] {dag.py:3834} INFO - Setting next_dagrun for dataset_consumes_unknown_never_scheduled to None, run_after=None
[2024-03-12T09:25:18.495+0000] {logging_mixin.py:188} INFO - [2024-03-12T09:25:18.495+0000] {dag.py:3834} INFO - Setting next_dagrun for dataset_produces_1 to 2024-03-11 00:00:00+00:00, run_after=2024-03-12 00:00:00+00:00
[2024-03-12T09:25:18.497+0000] {logging_mixin.py:188} INFO - [2024-03-12T09:25:18.497+0000] {dag.py:3834} INFO - Setting next_dagrun for dataset_produces_2 to None, run_after=None
[2024-03-12T09:25:18.529+0000] {processor.py:183} INFO - Processing /usr/local/lib/python3.10/dist-packages/airflow/example_dags/example_datasets.py took 0.118 seconds
[2024-03-12T09:26:20.796+0000] {processor.py:161} INFO - Started process (PID=14208) to work on /usr/local/lib/python3.10/dist-packages/airflow/example_dags/example_datasets.py
[2024-03-12T09:26:20.798+0000] {processor.py:830} INFO - Processing file /usr/local/lib/python3.10/dist-packages/airflow/example_dags/example_datasets.py for tasks to queue
[2024-03-12T09:26:20.802+0000] {logging_mixin.py:188} INFO - [2024-03-12T09:26:20.799+0000] {dagbag.py:540} INFO - Filling up the DagBag from /usr/local/lib/python3.10/dist-packages/airflow/example_dags/example_datasets.py
[2024-03-12T09:26:20.822+0000] {processor.py:840} INFO - DAG(s) 'dataset_consumes_1_never_scheduled', 'dataset_produces_1', 'dataset_consumes_1', 'dataset_produces_2', 'dataset_consumes_1_and_2', 'dataset_consumes_unknown_never_scheduled' retrieved from /usr/local/lib/python3.10/dist-packages/airflow/example_dags/example_datasets.py
[2024-03-12T09:26:20.869+0000] {logging_mixin.py:188} INFO - [2024-03-12T09:26:20.869+0000] {dag.py:3047} INFO - Sync 6 DAGs
[2024-03-12T09:26:20.907+0000] {logging_mixin.py:188} INFO - [2024-03-12T09:26:20.906+0000] {dag.py:3834} INFO - Setting next_dagrun for dataset_consumes_1 to None, run_after=None
[2024-03-12T09:26:20.928+0000] {logging_mixin.py:188} INFO - [2024-03-12T09:26:20.927+0000] {dag.py:3834} INFO - Setting next_dagrun for dataset_consumes_1_and_2 to None, run_after=None
[2024-03-12T09:26:20.930+0000] {logging_mixin.py:188} INFO - [2024-03-12T09:26:20.930+0000] {dag.py:3834} INFO - Setting next_dagrun for dataset_consumes_1_never_scheduled to None, run_after=None
[2024-03-12T09:26:20.931+0000] {logging_mixin.py:188} INFO - [2024-03-12T09:26:20.931+0000] {dag.py:3834} INFO - Setting next_dagrun for dataset_consumes_unknown_never_scheduled to None, run_after=None
[2024-03-12T09:26:20.939+0000] {logging_mixin.py:188} INFO - [2024-03-12T09:26:20.938+0000] {dag.py:3834} INFO - Setting next_dagrun for dataset_produces_1 to 2024-03-11 00:00:00+00:00, run_after=2024-03-12 00:00:00+00:00
[2024-03-12T09:26:20.942+0000] {logging_mixin.py:188} INFO - [2024-03-12T09:26:20.941+0000] {dag.py:3834} INFO - Setting next_dagrun for dataset_produces_2 to None, run_after=None
[2024-03-12T09:26:21.008+0000] {processor.py:183} INFO - Processing /usr/local/lib/python3.10/dist-packages/airflow/example_dags/example_datasets.py took 0.219 seconds
[2024-03-12T09:27:23.952+0000] {processor.py:161} INFO - Started process (PID=14270) to work on /usr/local/lib/python3.10/dist-packages/airflow/example_dags/example_datasets.py
[2024-03-12T09:27:23.954+0000] {processor.py:830} INFO - Processing file /usr/local/lib/python3.10/dist-packages/airflow/example_dags/example_datasets.py for tasks to queue
[2024-03-12T09:27:23.959+0000] {logging_mixin.py:188} INFO - [2024-03-12T09:27:23.955+0000] {dagbag.py:540} INFO - Filling up the DagBag from /usr/local/lib/python3.10/dist-packages/airflow/example_dags/example_datasets.py
[2024-03-12T09:27:23.978+0000] {processor.py:840} INFO - DAG(s) 'dataset_produces_2', 'dataset_produces_1', 'dataset_consumes_1_never_scheduled', 'dataset_consumes_1_and_2', 'dataset_consumes_1', 'dataset_consumes_unknown_never_scheduled' retrieved from /usr/local/lib/python3.10/dist-packages/airflow/example_dags/example_datasets.py
[2024-03-12T09:27:24.047+0000] {logging_mixin.py:188} INFO - [2024-03-12T09:27:24.046+0000] {dag.py:3047} INFO - Sync 6 DAGs
[2024-03-12T09:27:24.076+0000] {logging_mixin.py:188} INFO - [2024-03-12T09:27:24.076+0000] {dag.py:3834} INFO - Setting next_dagrun for dataset_consumes_1 to None, run_after=None
[2024-03-12T09:27:24.081+0000] {logging_mixin.py:188} INFO - [2024-03-12T09:27:24.081+0000] {dag.py:3834} INFO - Setting next_dagrun for dataset_consumes_1_and_2 to None, run_after=None
[2024-03-12T09:27:24.082+0000] {logging_mixin.py:188} INFO - [2024-03-12T09:27:24.082+0000] {dag.py:3834} INFO - Setting next_dagrun for dataset_consumes_1_never_scheduled to None, run_after=None
[2024-03-12T09:27:24.083+0000] {logging_mixin.py:188} INFO - [2024-03-12T09:27:24.083+0000] {dag.py:3834} INFO - Setting next_dagrun for dataset_consumes_unknown_never_scheduled to None, run_after=None
[2024-03-12T09:27:24.086+0000] {logging_mixin.py:188} INFO - [2024-03-12T09:27:24.086+0000] {dag.py:3834} INFO - Setting next_dagrun for dataset_produces_1 to 2024-03-11 00:00:00+00:00, run_after=2024-03-12 00:00:00+00:00
[2024-03-12T09:27:24.088+0000] {logging_mixin.py:188} INFO - [2024-03-12T09:27:24.088+0000] {dag.py:3834} INFO - Setting next_dagrun for dataset_produces_2 to None, run_after=None
[2024-03-12T09:27:24.131+0000] {processor.py:183} INFO - Processing /usr/local/lib/python3.10/dist-packages/airflow/example_dags/example_datasets.py took 0.183 seconds
[2024-03-12T09:28:24.108+0000] {processor.py:161} INFO - Started process (PID=14331) to work on /usr/local/lib/python3.10/dist-packages/airflow/example_dags/example_datasets.py
[2024-03-12T09:28:24.109+0000] {processor.py:830} INFO - Processing file /usr/local/lib/python3.10/dist-packages/airflow/example_dags/example_datasets.py for tasks to queue
[2024-03-12T09:28:24.110+0000] {logging_mixin.py:188} INFO - [2024-03-12T09:28:24.110+0000] {dagbag.py:540} INFO - Filling up the DagBag from /usr/local/lib/python3.10/dist-packages/airflow/example_dags/example_datasets.py
[2024-03-12T09:28:24.122+0000] {processor.py:840} INFO - DAG(s) 'dataset_consumes_unknown_never_scheduled', 'dataset_produces_1', 'dataset_produces_2', 'dataset_consumes_1', 'dataset_consumes_1_and_2', 'dataset_consumes_1_never_scheduled' retrieved from /usr/local/lib/python3.10/dist-packages/airflow/example_dags/example_datasets.py
[2024-03-12T09:28:24.158+0000] {logging_mixin.py:188} INFO - [2024-03-12T09:28:24.157+0000] {dag.py:3047} INFO - Sync 6 DAGs
[2024-03-12T09:28:24.182+0000] {logging_mixin.py:188} INFO - [2024-03-12T09:28:24.182+0000] {dag.py:3834} INFO - Setting next_dagrun for dataset_consumes_1 to None, run_after=None
[2024-03-12T09:28:24.187+0000] {logging_mixin.py:188} INFO - [2024-03-12T09:28:24.186+0000] {dag.py:3834} INFO - Setting next_dagrun for dataset_consumes_1_and_2 to None, run_after=None
[2024-03-12T09:28:24.188+0000] {logging_mixin.py:188} INFO - [2024-03-12T09:28:24.188+0000] {dag.py:3834} INFO - Setting next_dagrun for dataset_consumes_1_never_scheduled to None, run_after=None
[2024-03-12T09:28:24.189+0000] {logging_mixin.py:188} INFO - [2024-03-12T09:28:24.189+0000] {dag.py:3834} INFO - Setting next_dagrun for dataset_consumes_unknown_never_scheduled to None, run_after=None
[2024-03-12T09:28:24.192+0000] {logging_mixin.py:188} INFO - [2024-03-12T09:28:24.191+0000] {dag.py:3834} INFO - Setting next_dagrun for dataset_produces_1 to 2024-03-11 00:00:00+00:00, run_after=2024-03-12 00:00:00+00:00
[2024-03-12T09:28:24.193+0000] {logging_mixin.py:188} INFO - [2024-03-12T09:28:24.193+0000] {dag.py:3834} INFO - Setting next_dagrun for dataset_produces_2 to None, run_after=None
[2024-03-12T09:28:24.227+0000] {processor.py:183} INFO - Processing /usr/local/lib/python3.10/dist-packages/airflow/example_dags/example_datasets.py took 0.122 seconds
[2024-03-12T09:29:24.820+0000] {processor.py:161} INFO - Started process (PID=14390) to work on /usr/local/lib/python3.10/dist-packages/airflow/example_dags/example_datasets.py
[2024-03-12T09:29:24.822+0000] {processor.py:830} INFO - Processing file /usr/local/lib/python3.10/dist-packages/airflow/example_dags/example_datasets.py for tasks to queue
[2024-03-12T09:29:24.823+0000] {logging_mixin.py:188} INFO - [2024-03-12T09:29:24.822+0000] {dagbag.py:540} INFO - Filling up the DagBag from /usr/local/lib/python3.10/dist-packages/airflow/example_dags/example_datasets.py
[2024-03-12T09:29:24.834+0000] {processor.py:840} INFO - DAG(s) 'dataset_consumes_1', 'dataset_produces_2', 'dataset_consumes_1_and_2', 'dataset_produces_1', 'dataset_consumes_unknown_never_scheduled', 'dataset_consumes_1_never_scheduled' retrieved from /usr/local/lib/python3.10/dist-packages/airflow/example_dags/example_datasets.py
[2024-03-12T09:29:24.867+0000] {logging_mixin.py:188} INFO - [2024-03-12T09:29:24.866+0000] {dag.py:3047} INFO - Sync 6 DAGs
[2024-03-12T09:29:24.901+0000] {logging_mixin.py:188} INFO - [2024-03-12T09:29:24.901+0000] {dag.py:3834} INFO - Setting next_dagrun for dataset_consumes_1 to None, run_after=None
[2024-03-12T09:29:24.906+0000] {logging_mixin.py:188} INFO - [2024-03-12T09:29:24.906+0000] {dag.py:3834} INFO - Setting next_dagrun for dataset_consumes_1_and_2 to None, run_after=None
[2024-03-12T09:29:24.907+0000] {logging_mixin.py:188} INFO - [2024-03-12T09:29:24.907+0000] {dag.py:3834} INFO - Setting next_dagrun for dataset_consumes_1_never_scheduled to None, run_after=None
[2024-03-12T09:29:24.908+0000] {logging_mixin.py:188} INFO - [2024-03-12T09:29:24.908+0000] {dag.py:3834} INFO - Setting next_dagrun for dataset_consumes_unknown_never_scheduled to None, run_after=None
[2024-03-12T09:29:24.911+0000] {logging_mixin.py:188} INFO - [2024-03-12T09:29:24.910+0000] {dag.py:3834} INFO - Setting next_dagrun for dataset_produces_1 to 2024-03-11 00:00:00+00:00, run_after=2024-03-12 00:00:00+00:00
[2024-03-12T09:29:24.912+0000] {logging_mixin.py:188} INFO - [2024-03-12T09:29:24.911+0000] {dag.py:3834} INFO - Setting next_dagrun for dataset_produces_2 to None, run_after=None
[2024-03-12T09:29:24.964+0000] {processor.py:183} INFO - Processing /usr/local/lib/python3.10/dist-packages/airflow/example_dags/example_datasets.py took 0.146 seconds
[2024-03-12T09:30:26.035+0000] {processor.py:161} INFO - Started process (PID=14450) to work on /usr/local/lib/python3.10/dist-packages/airflow/example_dags/example_datasets.py
[2024-03-12T09:30:26.037+0000] {processor.py:830} INFO - Processing file /usr/local/lib/python3.10/dist-packages/airflow/example_dags/example_datasets.py for tasks to queue
[2024-03-12T09:30:26.039+0000] {logging_mixin.py:188} INFO - [2024-03-12T09:30:26.038+0000] {dagbag.py:540} INFO - Filling up the DagBag from /usr/local/lib/python3.10/dist-packages/airflow/example_dags/example_datasets.py
[2024-03-12T09:30:26.056+0000] {processor.py:840} INFO - DAG(s) 'dataset_consumes_1_never_scheduled', 'dataset_consumes_1', 'dataset_consumes_unknown_never_scheduled', 'dataset_produces_2', 'dataset_produces_1', 'dataset_consumes_1_and_2' retrieved from /usr/local/lib/python3.10/dist-packages/airflow/example_dags/example_datasets.py
[2024-03-12T09:30:26.100+0000] {logging_mixin.py:188} INFO - [2024-03-12T09:30:26.100+0000] {dag.py:3047} INFO - Sync 6 DAGs
[2024-03-12T09:30:26.137+0000] {logging_mixin.py:188} INFO - [2024-03-12T09:30:26.137+0000] {dag.py:3834} INFO - Setting next_dagrun for dataset_consumes_1 to None, run_after=None
[2024-03-12T09:30:26.143+0000] {logging_mixin.py:188} INFO - [2024-03-12T09:30:26.143+0000] {dag.py:3834} INFO - Setting next_dagrun for dataset_consumes_1_and_2 to None, run_after=None
[2024-03-12T09:30:26.145+0000] {logging_mixin.py:188} INFO - [2024-03-12T09:30:26.144+0000] {dag.py:3834} INFO - Setting next_dagrun for dataset_consumes_1_never_scheduled to None, run_after=None
[2024-03-12T09:30:26.147+0000] {logging_mixin.py:188} INFO - [2024-03-12T09:30:26.147+0000] {dag.py:3834} INFO - Setting next_dagrun for dataset_consumes_unknown_never_scheduled to None, run_after=None
[2024-03-12T09:30:26.154+0000] {logging_mixin.py:188} INFO - [2024-03-12T09:30:26.153+0000] {dag.py:3834} INFO - Setting next_dagrun for dataset_produces_1 to 2024-03-11 00:00:00+00:00, run_after=2024-03-12 00:00:00+00:00
[2024-03-12T09:30:26.156+0000] {logging_mixin.py:188} INFO - [2024-03-12T09:30:26.156+0000] {dag.py:3834} INFO - Setting next_dagrun for dataset_produces_2 to None, run_after=None
[2024-03-12T09:30:26.210+0000] {processor.py:183} INFO - Processing /usr/local/lib/python3.10/dist-packages/airflow/example_dags/example_datasets.py took 0.182 seconds
[2024-03-12T09:31:28.818+0000] {processor.py:161} INFO - Started process (PID=14510) to work on /usr/local/lib/python3.10/dist-packages/airflow/example_dags/example_datasets.py
[2024-03-12T09:31:28.825+0000] {processor.py:830} INFO - Processing file /usr/local/lib/python3.10/dist-packages/airflow/example_dags/example_datasets.py for tasks to queue
[2024-03-12T09:31:28.829+0000] {logging_mixin.py:188} INFO - [2024-03-12T09:31:28.828+0000] {dagbag.py:540} INFO - Filling up the DagBag from /usr/local/lib/python3.10/dist-packages/airflow/example_dags/example_datasets.py
[2024-03-12T09:31:28.850+0000] {processor.py:840} INFO - DAG(s) 'dataset_consumes_unknown_never_scheduled', 'dataset_produces_2', 'dataset_consumes_1_and_2', 'dataset_consumes_1', 'dataset_consumes_1_never_scheduled', 'dataset_produces_1' retrieved from /usr/local/lib/python3.10/dist-packages/airflow/example_dags/example_datasets.py
[2024-03-12T09:31:28.904+0000] {logging_mixin.py:188} INFO - [2024-03-12T09:31:28.903+0000] {dag.py:3047} INFO - Sync 6 DAGs
[2024-03-12T09:31:28.943+0000] {logging_mixin.py:188} INFO - [2024-03-12T09:31:28.943+0000] {dag.py:3834} INFO - Setting next_dagrun for dataset_consumes_1 to None, run_after=None
[2024-03-12T09:31:28.949+0000] {logging_mixin.py:188} INFO - [2024-03-12T09:31:28.948+0000] {dag.py:3834} INFO - Setting next_dagrun for dataset_consumes_1_and_2 to None, run_after=None
[2024-03-12T09:31:28.950+0000] {logging_mixin.py:188} INFO - [2024-03-12T09:31:28.950+0000] {dag.py:3834} INFO - Setting next_dagrun for dataset_consumes_1_never_scheduled to None, run_after=None
[2024-03-12T09:31:28.952+0000] {logging_mixin.py:188} INFO - [2024-03-12T09:31:28.951+0000] {dag.py:3834} INFO - Setting next_dagrun for dataset_consumes_unknown_never_scheduled to None, run_after=None
[2024-03-12T09:31:28.954+0000] {logging_mixin.py:188} INFO - [2024-03-12T09:31:28.954+0000] {dag.py:3834} INFO - Setting next_dagrun for dataset_produces_1 to 2024-03-11 00:00:00+00:00, run_after=2024-03-12 00:00:00+00:00
[2024-03-12T09:31:28.955+0000] {logging_mixin.py:188} INFO - [2024-03-12T09:31:28.955+0000] {dag.py:3834} INFO - Setting next_dagrun for dataset_produces_2 to None, run_after=None
[2024-03-12T09:31:28.999+0000] {processor.py:183} INFO - Processing /usr/local/lib/python3.10/dist-packages/airflow/example_dags/example_datasets.py took 0.185 seconds
[2024-03-12T09:32:32.145+0000] {processor.py:161} INFO - Started process (PID=14572) to work on /usr/local/lib/python3.10/dist-packages/airflow/example_dags/example_datasets.py
[2024-03-12T09:32:32.146+0000] {processor.py:830} INFO - Processing file /usr/local/lib/python3.10/dist-packages/airflow/example_dags/example_datasets.py for tasks to queue
[2024-03-12T09:32:32.147+0000] {logging_mixin.py:188} INFO - [2024-03-12T09:32:32.147+0000] {dagbag.py:540} INFO - Filling up the DagBag from /usr/local/lib/python3.10/dist-packages/airflow/example_dags/example_datasets.py
[2024-03-12T09:32:32.158+0000] {processor.py:840} INFO - DAG(s) 'dataset_consumes_1_never_scheduled', 'dataset_produces_2', 'dataset_consumes_unknown_never_scheduled', 'dataset_produces_1', 'dataset_consumes_1', 'dataset_consumes_1_and_2' retrieved from /usr/local/lib/python3.10/dist-packages/airflow/example_dags/example_datasets.py
[2024-03-12T09:32:32.187+0000] {logging_mixin.py:188} INFO - [2024-03-12T09:32:32.187+0000] {dag.py:3047} INFO - Sync 6 DAGs
[2024-03-12T09:32:32.209+0000] {logging_mixin.py:188} INFO - [2024-03-12T09:32:32.209+0000] {dag.py:3834} INFO - Setting next_dagrun for dataset_consumes_1 to None, run_after=None
[2024-03-12T09:32:32.213+0000] {logging_mixin.py:188} INFO - [2024-03-12T09:32:32.213+0000] {dag.py:3834} INFO - Setting next_dagrun for dataset_consumes_1_and_2 to None, run_after=None
[2024-03-12T09:32:32.214+0000] {logging_mixin.py:188} INFO - [2024-03-12T09:32:32.214+0000] {dag.py:3834} INFO - Setting next_dagrun for dataset_consumes_1_never_scheduled to None, run_after=None
[2024-03-12T09:32:32.215+0000] {logging_mixin.py:188} INFO - [2024-03-12T09:32:32.215+0000] {dag.py:3834} INFO - Setting next_dagrun for dataset_consumes_unknown_never_scheduled to None, run_after=None
[2024-03-12T09:32:32.218+0000] {logging_mixin.py:188} INFO - [2024-03-12T09:32:32.217+0000] {dag.py:3834} INFO - Setting next_dagrun for dataset_produces_1 to 2024-03-11 00:00:00+00:00, run_after=2024-03-12 00:00:00+00:00
[2024-03-12T09:32:32.219+0000] {logging_mixin.py:188} INFO - [2024-03-12T09:32:32.219+0000] {dag.py:3834} INFO - Setting next_dagrun for dataset_produces_2 to None, run_after=None
[2024-03-12T09:32:32.252+0000] {processor.py:183} INFO - Processing /usr/local/lib/python3.10/dist-packages/airflow/example_dags/example_datasets.py took 0.110 seconds
[2024-03-12T09:33:39.917+0000] {processor.py:161} INFO - Started process (PID=14637) to work on /usr/local/lib/python3.10/dist-packages/airflow/example_dags/example_datasets.py
[2024-03-12T09:33:39.918+0000] {processor.py:830} INFO - Processing file /usr/local/lib/python3.10/dist-packages/airflow/example_dags/example_datasets.py for tasks to queue
[2024-03-12T09:33:39.919+0000] {logging_mixin.py:188} INFO - [2024-03-12T09:33:39.919+0000] {dagbag.py:540} INFO - Filling up the DagBag from /usr/local/lib/python3.10/dist-packages/airflow/example_dags/example_datasets.py
[2024-03-12T09:33:39.933+0000] {processor.py:840} INFO - DAG(s) 'dataset_consumes_unknown_never_scheduled', 'dataset_consumes_1_never_scheduled', 'dataset_consumes_1', 'dataset_produces_2', 'dataset_consumes_1_and_2', 'dataset_produces_1' retrieved from /usr/local/lib/python3.10/dist-packages/airflow/example_dags/example_datasets.py
[2024-03-12T09:33:39.971+0000] {logging_mixin.py:188} INFO - [2024-03-12T09:33:39.971+0000] {dag.py:3047} INFO - Sync 6 DAGs
[2024-03-12T09:33:40.003+0000] {logging_mixin.py:188} INFO - [2024-03-12T09:33:40.002+0000] {dag.py:3834} INFO - Setting next_dagrun for dataset_consumes_1 to None, run_after=None
[2024-03-12T09:33:40.012+0000] {logging_mixin.py:188} INFO - [2024-03-12T09:33:40.012+0000] {dag.py:3834} INFO - Setting next_dagrun for dataset_consumes_1_and_2 to None, run_after=None
[2024-03-12T09:33:40.014+0000] {logging_mixin.py:188} INFO - [2024-03-12T09:33:40.013+0000] {dag.py:3834} INFO - Setting next_dagrun for dataset_consumes_1_never_scheduled to None, run_after=None
[2024-03-12T09:33:40.020+0000] {logging_mixin.py:188} INFO - [2024-03-12T09:33:40.016+0000] {dag.py:3834} INFO - Setting next_dagrun for dataset_consumes_unknown_never_scheduled to None, run_after=None
[2024-03-12T09:33:40.023+0000] {logging_mixin.py:188} INFO - [2024-03-12T09:33:40.023+0000] {dag.py:3834} INFO - Setting next_dagrun for dataset_produces_1 to 2024-03-11 00:00:00+00:00, run_after=2024-03-12 00:00:00+00:00
[2024-03-12T09:33:40.025+0000] {logging_mixin.py:188} INFO - [2024-03-12T09:33:40.024+0000] {dag.py:3834} INFO - Setting next_dagrun for dataset_produces_2 to None, run_after=None
[2024-03-12T09:33:40.085+0000] {processor.py:183} INFO - Processing /usr/local/lib/python3.10/dist-packages/airflow/example_dags/example_datasets.py took 0.172 seconds
[2024-03-12T09:34:42.579+0000] {processor.py:161} INFO - Started process (PID=14699) to work on /usr/local/lib/python3.10/dist-packages/airflow/example_dags/example_datasets.py
[2024-03-12T09:34:42.581+0000] {processor.py:830} INFO - Processing file /usr/local/lib/python3.10/dist-packages/airflow/example_dags/example_datasets.py for tasks to queue
[2024-03-12T09:34:42.582+0000] {logging_mixin.py:188} INFO - [2024-03-12T09:34:42.582+0000] {dagbag.py:540} INFO - Filling up the DagBag from /usr/local/lib/python3.10/dist-packages/airflow/example_dags/example_datasets.py
[2024-03-12T09:34:42.594+0000] {processor.py:840} INFO - DAG(s) 'dataset_consumes_1_and_2', 'dataset_consumes_1_never_scheduled', 'dataset_consumes_unknown_never_scheduled', 'dataset_consumes_1', 'dataset_produces_2', 'dataset_produces_1' retrieved from /usr/local/lib/python3.10/dist-packages/airflow/example_dags/example_datasets.py
[2024-03-12T09:34:42.641+0000] {logging_mixin.py:188} INFO - [2024-03-12T09:34:42.640+0000] {dag.py:3047} INFO - Sync 6 DAGs
[2024-03-12T09:34:42.665+0000] {logging_mixin.py:188} INFO - [2024-03-12T09:34:42.665+0000] {dag.py:3834} INFO - Setting next_dagrun for dataset_consumes_1 to None, run_after=None
[2024-03-12T09:34:42.669+0000] {logging_mixin.py:188} INFO - [2024-03-12T09:34:42.669+0000] {dag.py:3834} INFO - Setting next_dagrun for dataset_consumes_1_and_2 to None, run_after=None
[2024-03-12T09:34:42.670+0000] {logging_mixin.py:188} INFO - [2024-03-12T09:34:42.670+0000] {dag.py:3834} INFO - Setting next_dagrun for dataset_consumes_1_never_scheduled to None, run_after=None
[2024-03-12T09:34:42.671+0000] {logging_mixin.py:188} INFO - [2024-03-12T09:34:42.671+0000] {dag.py:3834} INFO - Setting next_dagrun for dataset_consumes_unknown_never_scheduled to None, run_after=None
[2024-03-12T09:34:42.674+0000] {logging_mixin.py:188} INFO - [2024-03-12T09:34:42.674+0000] {dag.py:3834} INFO - Setting next_dagrun for dataset_produces_1 to 2024-03-11 00:00:00+00:00, run_after=2024-03-12 00:00:00+00:00
[2024-03-12T09:34:42.675+0000] {logging_mixin.py:188} INFO - [2024-03-12T09:34:42.675+0000] {dag.py:3834} INFO - Setting next_dagrun for dataset_produces_2 to None, run_after=None
[2024-03-12T09:34:42.710+0000] {processor.py:183} INFO - Processing /usr/local/lib/python3.10/dist-packages/airflow/example_dags/example_datasets.py took 0.134 seconds
[2024-03-12T09:35:49.945+0000] {processor.py:161} INFO - Started process (PID=14763) to work on /usr/local/lib/python3.10/dist-packages/airflow/example_dags/example_datasets.py
[2024-03-12T09:35:49.947+0000] {processor.py:830} INFO - Processing file /usr/local/lib/python3.10/dist-packages/airflow/example_dags/example_datasets.py for tasks to queue
[2024-03-12T09:35:49.948+0000] {logging_mixin.py:188} INFO - [2024-03-12T09:35:49.948+0000] {dagbag.py:540} INFO - Filling up the DagBag from /usr/local/lib/python3.10/dist-packages/airflow/example_dags/example_datasets.py
[2024-03-12T09:35:49.960+0000] {processor.py:840} INFO - DAG(s) 'dataset_consumes_1', 'dataset_produces_1', 'dataset_consumes_unknown_never_scheduled', 'dataset_consumes_1_and_2', 'dataset_produces_2', 'dataset_consumes_1_never_scheduled' retrieved from /usr/local/lib/python3.10/dist-packages/airflow/example_dags/example_datasets.py
[2024-03-12T09:35:49.991+0000] {logging_mixin.py:188} INFO - [2024-03-12T09:35:49.990+0000] {dag.py:3047} INFO - Sync 6 DAGs
[2024-03-12T09:35:50.014+0000] {logging_mixin.py:188} INFO - [2024-03-12T09:35:50.013+0000] {dag.py:3834} INFO - Setting next_dagrun for dataset_consumes_1 to None, run_after=None
[2024-03-12T09:35:50.017+0000] {logging_mixin.py:188} INFO - [2024-03-12T09:35:50.017+0000] {dag.py:3834} INFO - Setting next_dagrun for dataset_consumes_1_and_2 to None, run_after=None
[2024-03-12T09:35:50.018+0000] {logging_mixin.py:188} INFO - [2024-03-12T09:35:50.018+0000] {dag.py:3834} INFO - Setting next_dagrun for dataset_consumes_1_never_scheduled to None, run_after=None
[2024-03-12T09:35:50.019+0000] {logging_mixin.py:188} INFO - [2024-03-12T09:35:50.019+0000] {dag.py:3834} INFO - Setting next_dagrun for dataset_consumes_unknown_never_scheduled to None, run_after=None
[2024-03-12T09:35:50.026+0000] {logging_mixin.py:188} INFO - [2024-03-12T09:35:50.025+0000] {dag.py:3834} INFO - Setting next_dagrun for dataset_produces_1 to 2024-03-11 00:00:00+00:00, run_after=2024-03-12 00:00:00+00:00
[2024-03-12T09:35:50.028+0000] {logging_mixin.py:188} INFO - [2024-03-12T09:35:50.027+0000] {dag.py:3834} INFO - Setting next_dagrun for dataset_produces_2 to None, run_after=None
[2024-03-12T09:35:50.080+0000] {processor.py:183} INFO - Processing /usr/local/lib/python3.10/dist-packages/airflow/example_dags/example_datasets.py took 0.138 seconds
[2024-03-12T09:36:51.974+0000] {processor.py:161} INFO - Started process (PID=14822) to work on /usr/local/lib/python3.10/dist-packages/airflow/example_dags/example_datasets.py
[2024-03-12T09:36:51.975+0000] {processor.py:830} INFO - Processing file /usr/local/lib/python3.10/dist-packages/airflow/example_dags/example_datasets.py for tasks to queue
[2024-03-12T09:36:51.976+0000] {logging_mixin.py:188} INFO - [2024-03-12T09:36:51.976+0000] {dagbag.py:540} INFO - Filling up the DagBag from /usr/local/lib/python3.10/dist-packages/airflow/example_dags/example_datasets.py
[2024-03-12T09:36:51.987+0000] {processor.py:840} INFO - DAG(s) 'dataset_consumes_1_and_2', 'dataset_produces_2', 'dataset_produces_1', 'dataset_consumes_unknown_never_scheduled', 'dataset_consumes_1', 'dataset_consumes_1_never_scheduled' retrieved from /usr/local/lib/python3.10/dist-packages/airflow/example_dags/example_datasets.py
[2024-03-12T09:36:52.018+0000] {logging_mixin.py:188} INFO - [2024-03-12T09:36:52.018+0000] {dag.py:3047} INFO - Sync 6 DAGs
[2024-03-12T09:36:52.041+0000] {logging_mixin.py:188} INFO - [2024-03-12T09:36:52.041+0000] {dag.py:3834} INFO - Setting next_dagrun for dataset_consumes_1 to None, run_after=None
[2024-03-12T09:36:52.046+0000] {logging_mixin.py:188} INFO - [2024-03-12T09:36:52.046+0000] {dag.py:3834} INFO - Setting next_dagrun for dataset_consumes_1_and_2 to None, run_after=None
[2024-03-12T09:36:52.047+0000] {logging_mixin.py:188} INFO - [2024-03-12T09:36:52.047+0000] {dag.py:3834} INFO - Setting next_dagrun for dataset_consumes_1_never_scheduled to None, run_after=None
[2024-03-12T09:36:52.048+0000] {logging_mixin.py:188} INFO - [2024-03-12T09:36:52.048+0000] {dag.py:3834} INFO - Setting next_dagrun for dataset_consumes_unknown_never_scheduled to None, run_after=None
[2024-03-12T09:36:52.051+0000] {logging_mixin.py:188} INFO - [2024-03-12T09:36:52.050+0000] {dag.py:3834} INFO - Setting next_dagrun for dataset_produces_1 to 2024-03-11 00:00:00+00:00, run_after=2024-03-12 00:00:00+00:00
[2024-03-12T09:36:52.052+0000] {logging_mixin.py:188} INFO - [2024-03-12T09:36:52.051+0000] {dag.py:3834} INFO - Setting next_dagrun for dataset_produces_2 to None, run_after=None
[2024-03-12T09:36:52.084+0000] {processor.py:183} INFO - Processing /usr/local/lib/python3.10/dist-packages/airflow/example_dags/example_datasets.py took 0.114 seconds
[2024-03-12T09:37:54.747+0000] {processor.py:161} INFO - Started process (PID=14884) to work on /usr/local/lib/python3.10/dist-packages/airflow/example_dags/example_datasets.py
[2024-03-12T09:37:54.748+0000] {processor.py:830} INFO - Processing file /usr/local/lib/python3.10/dist-packages/airflow/example_dags/example_datasets.py for tasks to queue
[2024-03-12T09:37:54.754+0000] {logging_mixin.py:188} INFO - [2024-03-12T09:37:54.752+0000] {dagbag.py:540} INFO - Filling up the DagBag from /usr/local/lib/python3.10/dist-packages/airflow/example_dags/example_datasets.py
[2024-03-12T09:37:54.770+0000] {processor.py:840} INFO - DAG(s) 'dataset_consumes_1_and_2', 'dataset_produces_1', 'dataset_produces_2', 'dataset_consumes_unknown_never_scheduled', 'dataset_consumes_1', 'dataset_consumes_1_never_scheduled' retrieved from /usr/local/lib/python3.10/dist-packages/airflow/example_dags/example_datasets.py
[2024-03-12T09:37:54.808+0000] {logging_mixin.py:188} INFO - [2024-03-12T09:37:54.808+0000] {dag.py:3047} INFO - Sync 6 DAGs
[2024-03-12T09:37:54.833+0000] {logging_mixin.py:188} INFO - [2024-03-12T09:37:54.833+0000] {dag.py:3834} INFO - Setting next_dagrun for dataset_consumes_1 to None, run_after=None
[2024-03-12T09:37:54.837+0000] {logging_mixin.py:188} INFO - [2024-03-12T09:37:54.837+0000] {dag.py:3834} INFO - Setting next_dagrun for dataset_consumes_1_and_2 to None, run_after=None
[2024-03-12T09:37:54.838+0000] {logging_mixin.py:188} INFO - [2024-03-12T09:37:54.838+0000] {dag.py:3834} INFO - Setting next_dagrun for dataset_consumes_1_never_scheduled to None, run_after=None
[2024-03-12T09:37:54.839+0000] {logging_mixin.py:188} INFO - [2024-03-12T09:37:54.839+0000] {dag.py:3834} INFO - Setting next_dagrun for dataset_consumes_unknown_never_scheduled to None, run_after=None
[2024-03-12T09:37:54.841+0000] {logging_mixin.py:188} INFO - [2024-03-12T09:37:54.841+0000] {dag.py:3834} INFO - Setting next_dagrun for dataset_produces_1 to 2024-03-11 00:00:00+00:00, run_after=2024-03-12 00:00:00+00:00
[2024-03-12T09:37:54.842+0000] {logging_mixin.py:188} INFO - [2024-03-12T09:37:54.842+0000] {dag.py:3834} INFO - Setting next_dagrun for dataset_produces_2 to None, run_after=None
[2024-03-12T09:37:54.916+0000] {processor.py:183} INFO - Processing /usr/local/lib/python3.10/dist-packages/airflow/example_dags/example_datasets.py took 0.182 seconds
[2024-03-12T09:38:57.243+0000] {processor.py:161} INFO - Started process (PID=14944) to work on /usr/local/lib/python3.10/dist-packages/airflow/example_dags/example_datasets.py
[2024-03-12T09:38:57.245+0000] {processor.py:830} INFO - Processing file /usr/local/lib/python3.10/dist-packages/airflow/example_dags/example_datasets.py for tasks to queue
[2024-03-12T09:38:57.246+0000] {logging_mixin.py:188} INFO - [2024-03-12T09:38:57.246+0000] {dagbag.py:540} INFO - Filling up the DagBag from /usr/local/lib/python3.10/dist-packages/airflow/example_dags/example_datasets.py
[2024-03-12T09:38:57.287+0000] {processor.py:840} INFO - DAG(s) 'dataset_produces_1', 'dataset_consumes_1_and_2', 'dataset_consumes_1_never_scheduled', 'dataset_consumes_1', 'dataset_produces_2', 'dataset_consumes_unknown_never_scheduled' retrieved from /usr/local/lib/python3.10/dist-packages/airflow/example_dags/example_datasets.py
[2024-03-12T09:38:57.358+0000] {logging_mixin.py:188} INFO - [2024-03-12T09:38:57.357+0000] {dag.py:3047} INFO - Sync 6 DAGs
[2024-03-12T09:38:57.406+0000] {logging_mixin.py:188} INFO - [2024-03-12T09:38:57.404+0000] {dag.py:3834} INFO - Setting next_dagrun for dataset_consumes_1 to None, run_after=None
[2024-03-12T09:38:57.413+0000] {logging_mixin.py:188} INFO - [2024-03-12T09:38:57.413+0000] {dag.py:3834} INFO - Setting next_dagrun for dataset_consumes_1_and_2 to None, run_after=None
[2024-03-12T09:38:57.415+0000] {logging_mixin.py:188} INFO - [2024-03-12T09:38:57.414+0000] {dag.py:3834} INFO - Setting next_dagrun for dataset_consumes_1_never_scheduled to None, run_after=None
[2024-03-12T09:38:57.416+0000] {logging_mixin.py:188} INFO - [2024-03-12T09:38:57.416+0000] {dag.py:3834} INFO - Setting next_dagrun for dataset_consumes_unknown_never_scheduled to None, run_after=None
[2024-03-12T09:38:57.421+0000] {logging_mixin.py:188} INFO - [2024-03-12T09:38:57.421+0000] {dag.py:3834} INFO - Setting next_dagrun for dataset_produces_1 to 2024-03-11 00:00:00+00:00, run_after=2024-03-12 00:00:00+00:00
[2024-03-12T09:38:57.424+0000] {logging_mixin.py:188} INFO - [2024-03-12T09:38:57.424+0000] {dag.py:3834} INFO - Setting next_dagrun for dataset_produces_2 to None, run_after=None
[2024-03-12T09:38:57.459+0000] {processor.py:183} INFO - Processing /usr/local/lib/python3.10/dist-packages/airflow/example_dags/example_datasets.py took 0.226 seconds
[2024-03-12T09:40:01.374+0000] {processor.py:161} INFO - Started process (PID=15006) to work on /usr/local/lib/python3.10/dist-packages/airflow/example_dags/example_datasets.py
[2024-03-12T09:40:01.375+0000] {processor.py:830} INFO - Processing file /usr/local/lib/python3.10/dist-packages/airflow/example_dags/example_datasets.py for tasks to queue
[2024-03-12T09:40:01.379+0000] {logging_mixin.py:188} INFO - [2024-03-12T09:40:01.377+0000] {dagbag.py:540} INFO - Filling up the DagBag from /usr/local/lib/python3.10/dist-packages/airflow/example_dags/example_datasets.py
[2024-03-12T09:40:01.394+0000] {processor.py:840} INFO - DAG(s) 'dataset_produces_1', 'dataset_consumes_1_and_2', 'dataset_consumes_1_never_scheduled', 'dataset_consumes_1', 'dataset_produces_2', 'dataset_consumes_unknown_never_scheduled' retrieved from /usr/local/lib/python3.10/dist-packages/airflow/example_dags/example_datasets.py
[2024-03-12T09:40:01.439+0000] {logging_mixin.py:188} INFO - [2024-03-12T09:40:01.438+0000] {dag.py:3047} INFO - Sync 6 DAGs
[2024-03-12T09:40:01.491+0000] {logging_mixin.py:188} INFO - [2024-03-12T09:40:01.488+0000] {dag.py:3834} INFO - Setting next_dagrun for dataset_consumes_1 to None, run_after=None
[2024-03-12T09:40:01.502+0000] {logging_mixin.py:188} INFO - [2024-03-12T09:40:01.502+0000] {dag.py:3834} INFO - Setting next_dagrun for dataset_consumes_1_and_2 to None, run_after=None
[2024-03-12T09:40:01.504+0000] {logging_mixin.py:188} INFO - [2024-03-12T09:40:01.504+0000] {dag.py:3834} INFO - Setting next_dagrun for dataset_consumes_1_never_scheduled to None, run_after=None
[2024-03-12T09:40:01.505+0000] {logging_mixin.py:188} INFO - [2024-03-12T09:40:01.505+0000] {dag.py:3834} INFO - Setting next_dagrun for dataset_consumes_unknown_never_scheduled to None, run_after=None
[2024-03-12T09:40:01.508+0000] {logging_mixin.py:188} INFO - [2024-03-12T09:40:01.508+0000] {dag.py:3834} INFO - Setting next_dagrun for dataset_produces_1 to 2024-03-11 00:00:00+00:00, run_after=2024-03-12 00:00:00+00:00
[2024-03-12T09:40:01.510+0000] {logging_mixin.py:188} INFO - [2024-03-12T09:40:01.510+0000] {dag.py:3834} INFO - Setting next_dagrun for dataset_produces_2 to None, run_after=None
[2024-03-12T09:40:01.550+0000] {processor.py:183} INFO - Processing /usr/local/lib/python3.10/dist-packages/airflow/example_dags/example_datasets.py took 0.186 seconds
[2024-03-12T09:41:06.931+0000] {processor.py:161} INFO - Started process (PID=15069) to work on /usr/local/lib/python3.10/dist-packages/airflow/example_dags/example_datasets.py
[2024-03-12T09:41:06.935+0000] {processor.py:830} INFO - Processing file /usr/local/lib/python3.10/dist-packages/airflow/example_dags/example_datasets.py for tasks to queue
[2024-03-12T09:41:06.936+0000] {logging_mixin.py:188} INFO - [2024-03-12T09:41:06.936+0000] {dagbag.py:540} INFO - Filling up the DagBag from /usr/local/lib/python3.10/dist-packages/airflow/example_dags/example_datasets.py
[2024-03-12T09:41:06.963+0000] {processor.py:840} INFO - DAG(s) 'dataset_produces_2', 'dataset_consumes_1_and_2', 'dataset_produces_1', 'dataset_consumes_1_never_scheduled', 'dataset_consumes_1', 'dataset_consumes_unknown_never_scheduled' retrieved from /usr/local/lib/python3.10/dist-packages/airflow/example_dags/example_datasets.py
[2024-03-12T09:41:07.015+0000] {logging_mixin.py:188} INFO - [2024-03-12T09:41:07.015+0000] {dag.py:3047} INFO - Sync 6 DAGs
[2024-03-12T09:41:07.039+0000] {logging_mixin.py:188} INFO - [2024-03-12T09:41:07.038+0000] {dag.py:3834} INFO - Setting next_dagrun for dataset_consumes_1 to None, run_after=None
[2024-03-12T09:41:07.044+0000] {logging_mixin.py:188} INFO - [2024-03-12T09:41:07.043+0000] {dag.py:3834} INFO - Setting next_dagrun for dataset_consumes_1_and_2 to None, run_after=None
[2024-03-12T09:41:07.046+0000] {logging_mixin.py:188} INFO - [2024-03-12T09:41:07.045+0000] {dag.py:3834} INFO - Setting next_dagrun for dataset_consumes_1_never_scheduled to None, run_after=None
[2024-03-12T09:41:07.047+0000] {logging_mixin.py:188} INFO - [2024-03-12T09:41:07.047+0000] {dag.py:3834} INFO - Setting next_dagrun for dataset_consumes_unknown_never_scheduled to None, run_after=None
[2024-03-12T09:41:07.051+0000] {logging_mixin.py:188} INFO - [2024-03-12T09:41:07.050+0000] {dag.py:3834} INFO - Setting next_dagrun for dataset_produces_1 to 2024-03-11 00:00:00+00:00, run_after=2024-03-12 00:00:00+00:00
[2024-03-12T09:41:07.052+0000] {logging_mixin.py:188} INFO - [2024-03-12T09:41:07.052+0000] {dag.py:3834} INFO - Setting next_dagrun for dataset_produces_2 to None, run_after=None
[2024-03-12T09:41:07.089+0000] {processor.py:183} INFO - Processing /usr/local/lib/python3.10/dist-packages/airflow/example_dags/example_datasets.py took 0.176 seconds
[2024-03-12T09:42:09.805+0000] {processor.py:161} INFO - Started process (PID=15130) to work on /usr/local/lib/python3.10/dist-packages/airflow/example_dags/example_datasets.py
[2024-03-12T09:42:09.806+0000] {processor.py:830} INFO - Processing file /usr/local/lib/python3.10/dist-packages/airflow/example_dags/example_datasets.py for tasks to queue
[2024-03-12T09:42:09.807+0000] {logging_mixin.py:188} INFO - [2024-03-12T09:42:09.807+0000] {dagbag.py:540} INFO - Filling up the DagBag from /usr/local/lib/python3.10/dist-packages/airflow/example_dags/example_datasets.py
[2024-03-12T09:42:09.819+0000] {processor.py:840} INFO - DAG(s) 'dataset_consumes_1', 'dataset_consumes_1_never_scheduled', 'dataset_consumes_unknown_never_scheduled', 'dataset_consumes_1_and_2', 'dataset_produces_2', 'dataset_produces_1' retrieved from /usr/local/lib/python3.10/dist-packages/airflow/example_dags/example_datasets.py
[2024-03-12T09:42:09.856+0000] {logging_mixin.py:188} INFO - [2024-03-12T09:42:09.855+0000] {dag.py:3047} INFO - Sync 6 DAGs
[2024-03-12T09:42:09.888+0000] {logging_mixin.py:188} INFO - [2024-03-12T09:42:09.888+0000] {dag.py:3834} INFO - Setting next_dagrun for dataset_consumes_1 to None, run_after=None
[2024-03-12T09:42:09.891+0000] {logging_mixin.py:188} INFO - [2024-03-12T09:42:09.891+0000] {dag.py:3834} INFO - Setting next_dagrun for dataset_consumes_1_and_2 to None, run_after=None
[2024-03-12T09:42:09.893+0000] {logging_mixin.py:188} INFO - [2024-03-12T09:42:09.892+0000] {dag.py:3834} INFO - Setting next_dagrun for dataset_consumes_1_never_scheduled to None, run_after=None
[2024-03-12T09:42:09.893+0000] {logging_mixin.py:188} INFO - [2024-03-12T09:42:09.893+0000] {dag.py:3834} INFO - Setting next_dagrun for dataset_consumes_unknown_never_scheduled to None, run_after=None
[2024-03-12T09:42:09.896+0000] {logging_mixin.py:188} INFO - [2024-03-12T09:42:09.896+0000] {dag.py:3834} INFO - Setting next_dagrun for dataset_produces_1 to 2024-03-11 00:00:00+00:00, run_after=2024-03-12 00:00:00+00:00
[2024-03-12T09:42:09.898+0000] {logging_mixin.py:188} INFO - [2024-03-12T09:42:09.898+0000] {dag.py:3834} INFO - Setting next_dagrun for dataset_produces_2 to None, run_after=None
[2024-03-12T09:42:09.933+0000] {processor.py:183} INFO - Processing /usr/local/lib/python3.10/dist-packages/airflow/example_dags/example_datasets.py took 0.132 seconds
[2024-03-12T09:43:08.640+0000] {processor.py:161} INFO - Started process (PID=15261) to work on /usr/local/lib/python3.10/dist-packages/airflow/example_dags/example_datasets.py
[2024-03-12T09:43:08.643+0000] {processor.py:830} INFO - Processing file /usr/local/lib/python3.10/dist-packages/airflow/example_dags/example_datasets.py for tasks to queue
[2024-03-12T09:43:08.645+0000] {logging_mixin.py:188} INFO - [2024-03-12T09:43:08.644+0000] {dagbag.py:540} INFO - Filling up the DagBag from /usr/local/lib/python3.10/dist-packages/airflow/example_dags/example_datasets.py
[2024-03-12T09:43:08.660+0000] {processor.py:840} INFO - DAG(s) 'dataset_consumes_1_and_2', 'dataset_produces_1', 'dataset_consumes_unknown_never_scheduled', 'dataset_consumes_1_never_scheduled', 'dataset_consumes_1', 'dataset_produces_2' retrieved from /usr/local/lib/python3.10/dist-packages/airflow/example_dags/example_datasets.py
[2024-03-12T09:43:08.702+0000] {logging_mixin.py:188} INFO - [2024-03-12T09:43:08.701+0000] {dag.py:3047} INFO - Sync 6 DAGs
[2024-03-12T09:43:08.730+0000] {logging_mixin.py:188} INFO - [2024-03-12T09:43:08.730+0000] {dag.py:3834} INFO - Setting next_dagrun for dataset_consumes_1 to None, run_after=None
[2024-03-12T09:43:08.734+0000] {logging_mixin.py:188} INFO - [2024-03-12T09:43:08.734+0000] {dag.py:3834} INFO - Setting next_dagrun for dataset_consumes_1_and_2 to None, run_after=None
[2024-03-12T09:43:08.736+0000] {logging_mixin.py:188} INFO - [2024-03-12T09:43:08.736+0000] {dag.py:3834} INFO - Setting next_dagrun for dataset_consumes_1_never_scheduled to None, run_after=None
[2024-03-12T09:43:08.737+0000] {logging_mixin.py:188} INFO - [2024-03-12T09:43:08.737+0000] {dag.py:3834} INFO - Setting next_dagrun for dataset_consumes_unknown_never_scheduled to None, run_after=None
[2024-03-12T09:43:08.740+0000] {logging_mixin.py:188} INFO - [2024-03-12T09:43:08.740+0000] {dag.py:3834} INFO - Setting next_dagrun for dataset_produces_1 to 2024-03-11 00:00:00+00:00, run_after=2024-03-12 00:00:00+00:00
[2024-03-12T09:43:08.742+0000] {logging_mixin.py:188} INFO - [2024-03-12T09:43:08.742+0000] {dag.py:3834} INFO - Setting next_dagrun for dataset_produces_2 to None, run_after=None
[2024-03-12T09:43:08.814+0000] {processor.py:183} INFO - Processing /usr/local/lib/python3.10/dist-packages/airflow/example_dags/example_datasets.py took 0.180 seconds
[2024-03-12T09:44:14.507+0000] {processor.py:161} INFO - Started process (PID=15339) to work on /usr/local/lib/python3.10/dist-packages/airflow/example_dags/example_datasets.py
[2024-03-12T09:44:14.513+0000] {processor.py:830} INFO - Processing file /usr/local/lib/python3.10/dist-packages/airflow/example_dags/example_datasets.py for tasks to queue
[2024-03-12T09:44:14.514+0000] {logging_mixin.py:188} INFO - [2024-03-12T09:44:14.513+0000] {dagbag.py:540} INFO - Filling up the DagBag from /usr/local/lib/python3.10/dist-packages/airflow/example_dags/example_datasets.py
[2024-03-12T09:44:14.529+0000] {processor.py:840} INFO - DAG(s) 'dataset_produces_1', 'dataset_produces_2', 'dataset_consumes_unknown_never_scheduled', 'dataset_consumes_1_never_scheduled', 'dataset_consumes_1_and_2', 'dataset_consumes_1' retrieved from /usr/local/lib/python3.10/dist-packages/airflow/example_dags/example_datasets.py
[2024-03-12T09:44:14.568+0000] {logging_mixin.py:188} INFO - [2024-03-12T09:44:14.568+0000] {dag.py:3047} INFO - Sync 6 DAGs
[2024-03-12T09:44:14.596+0000] {logging_mixin.py:188} INFO - [2024-03-12T09:44:14.595+0000] {dag.py:3834} INFO - Setting next_dagrun for dataset_consumes_1 to None, run_after=None
[2024-03-12T09:44:14.599+0000] {logging_mixin.py:188} INFO - [2024-03-12T09:44:14.599+0000] {dag.py:3834} INFO - Setting next_dagrun for dataset_consumes_1_and_2 to None, run_after=None
[2024-03-12T09:44:14.600+0000] {logging_mixin.py:188} INFO - [2024-03-12T09:44:14.600+0000] {dag.py:3834} INFO - Setting next_dagrun for dataset_consumes_1_never_scheduled to None, run_after=None
[2024-03-12T09:44:14.602+0000] {logging_mixin.py:188} INFO - [2024-03-12T09:44:14.601+0000] {dag.py:3834} INFO - Setting next_dagrun for dataset_consumes_unknown_never_scheduled to None, run_after=None
[2024-03-12T09:44:14.605+0000] {logging_mixin.py:188} INFO - [2024-03-12T09:44:14.605+0000] {dag.py:3834} INFO - Setting next_dagrun for dataset_produces_1 to 2024-03-11 00:00:00+00:00, run_after=2024-03-12 00:00:00+00:00
[2024-03-12T09:44:14.606+0000] {logging_mixin.py:188} INFO - [2024-03-12T09:44:14.606+0000] {dag.py:3834} INFO - Setting next_dagrun for dataset_produces_2 to None, run_after=None
[2024-03-12T09:44:14.642+0000] {processor.py:183} INFO - Processing /usr/local/lib/python3.10/dist-packages/airflow/example_dags/example_datasets.py took 0.139 seconds
[2024-03-12T09:45:19.123+0000] {processor.py:161} INFO - Started process (PID=15403) to work on /usr/local/lib/python3.10/dist-packages/airflow/example_dags/example_datasets.py
[2024-03-12T09:45:19.124+0000] {processor.py:830} INFO - Processing file /usr/local/lib/python3.10/dist-packages/airflow/example_dags/example_datasets.py for tasks to queue
[2024-03-12T09:45:19.127+0000] {logging_mixin.py:188} INFO - [2024-03-12T09:45:19.126+0000] {dagbag.py:540} INFO - Filling up the DagBag from /usr/local/lib/python3.10/dist-packages/airflow/example_dags/example_datasets.py
[2024-03-12T09:45:19.144+0000] {processor.py:840} INFO - DAG(s) 'dataset_produces_1', 'dataset_consumes_1_and_2', 'dataset_consumes_unknown_never_scheduled', 'dataset_consumes_1_never_scheduled', 'dataset_consumes_1', 'dataset_produces_2' retrieved from /usr/local/lib/python3.10/dist-packages/airflow/example_dags/example_datasets.py
[2024-03-12T09:45:19.214+0000] {logging_mixin.py:188} INFO - [2024-03-12T09:45:19.213+0000] {dag.py:3047} INFO - Sync 6 DAGs
[2024-03-12T09:45:19.253+0000] {logging_mixin.py:188} INFO - [2024-03-12T09:45:19.253+0000] {dag.py:3834} INFO - Setting next_dagrun for dataset_consumes_1 to None, run_after=None
[2024-03-12T09:45:19.258+0000] {logging_mixin.py:188} INFO - [2024-03-12T09:45:19.258+0000] {dag.py:3834} INFO - Setting next_dagrun for dataset_consumes_1_and_2 to None, run_after=None
[2024-03-12T09:45:19.259+0000] {logging_mixin.py:188} INFO - [2024-03-12T09:45:19.259+0000] {dag.py:3834} INFO - Setting next_dagrun for dataset_consumes_1_never_scheduled to None, run_after=None
[2024-03-12T09:45:19.260+0000] {logging_mixin.py:188} INFO - [2024-03-12T09:45:19.260+0000] {dag.py:3834} INFO - Setting next_dagrun for dataset_consumes_unknown_never_scheduled to None, run_after=None
[2024-03-12T09:45:19.264+0000] {logging_mixin.py:188} INFO - [2024-03-12T09:45:19.263+0000] {dag.py:3834} INFO - Setting next_dagrun for dataset_produces_1 to 2024-03-11 00:00:00+00:00, run_after=2024-03-12 00:00:00+00:00
[2024-03-12T09:45:19.265+0000] {logging_mixin.py:188} INFO - [2024-03-12T09:45:19.264+0000] {dag.py:3834} INFO - Setting next_dagrun for dataset_produces_2 to None, run_after=None
[2024-03-12T09:45:19.299+0000] {processor.py:183} INFO - Processing /usr/local/lib/python3.10/dist-packages/airflow/example_dags/example_datasets.py took 0.185 seconds
[2024-03-12T09:46:21.042+0000] {processor.py:161} INFO - Started process (PID=15463) to work on /usr/local/lib/python3.10/dist-packages/airflow/example_dags/example_datasets.py
[2024-03-12T09:46:21.044+0000] {processor.py:830} INFO - Processing file /usr/local/lib/python3.10/dist-packages/airflow/example_dags/example_datasets.py for tasks to queue
[2024-03-12T09:46:21.045+0000] {logging_mixin.py:188} INFO - [2024-03-12T09:46:21.044+0000] {dagbag.py:540} INFO - Filling up the DagBag from /usr/local/lib/python3.10/dist-packages/airflow/example_dags/example_datasets.py
[2024-03-12T09:46:21.072+0000] {processor.py:840} INFO - DAG(s) 'dataset_consumes_1', 'dataset_produces_2', 'dataset_consumes_1_never_scheduled', 'dataset_consumes_unknown_never_scheduled', 'dataset_consumes_1_and_2', 'dataset_produces_1' retrieved from /usr/local/lib/python3.10/dist-packages/airflow/example_dags/example_datasets.py
[2024-03-12T09:46:21.122+0000] {logging_mixin.py:188} INFO - [2024-03-12T09:46:21.122+0000] {dag.py:3047} INFO - Sync 6 DAGs
[2024-03-12T09:46:21.149+0000] {logging_mixin.py:188} INFO - [2024-03-12T09:46:21.149+0000] {dag.py:3834} INFO - Setting next_dagrun for dataset_consumes_1 to None, run_after=None
[2024-03-12T09:46:21.157+0000] {logging_mixin.py:188} INFO - [2024-03-12T09:46:21.154+0000] {dag.py:3834} INFO - Setting next_dagrun for dataset_consumes_1_and_2 to None, run_after=None
[2024-03-12T09:46:21.170+0000] {logging_mixin.py:188} INFO - [2024-03-12T09:46:21.169+0000] {dag.py:3834} INFO - Setting next_dagrun for dataset_consumes_1_never_scheduled to None, run_after=None
[2024-03-12T09:46:21.177+0000] {logging_mixin.py:188} INFO - [2024-03-12T09:46:21.176+0000] {dag.py:3834} INFO - Setting next_dagrun for dataset_consumes_unknown_never_scheduled to None, run_after=None
[2024-03-12T09:46:21.183+0000] {logging_mixin.py:188} INFO - [2024-03-12T09:46:21.183+0000] {dag.py:3834} INFO - Setting next_dagrun for dataset_produces_1 to 2024-03-11 00:00:00+00:00, run_after=2024-03-12 00:00:00+00:00
[2024-03-12T09:46:21.184+0000] {logging_mixin.py:188} INFO - [2024-03-12T09:46:21.184+0000] {dag.py:3834} INFO - Setting next_dagrun for dataset_produces_2 to None, run_after=None
[2024-03-12T09:46:21.267+0000] {processor.py:183} INFO - Processing /usr/local/lib/python3.10/dist-packages/airflow/example_dags/example_datasets.py took 0.230 seconds
[2024-03-12T09:47:19.200+0000] {processor.py:161} INFO - Started process (PID=15521) to work on /usr/local/lib/python3.10/dist-packages/airflow/example_dags/example_datasets.py
[2024-03-12T09:47:19.202+0000] {processor.py:830} INFO - Processing file /usr/local/lib/python3.10/dist-packages/airflow/example_dags/example_datasets.py for tasks to queue
[2024-03-12T09:47:19.203+0000] {logging_mixin.py:188} INFO - [2024-03-12T09:47:19.203+0000] {dagbag.py:540} INFO - Filling up the DagBag from /usr/local/lib/python3.10/dist-packages/airflow/example_dags/example_datasets.py
[2024-03-12T09:47:19.228+0000] {processor.py:840} INFO - DAG(s) 'dataset_produces_2', 'dataset_consumes_unknown_never_scheduled', 'dataset_consumes_1_and_2', 'dataset_consumes_1', 'dataset_consumes_1_never_scheduled', 'dataset_produces_1' retrieved from /usr/local/lib/python3.10/dist-packages/airflow/example_dags/example_datasets.py
[2024-03-12T09:47:19.267+0000] {logging_mixin.py:188} INFO - [2024-03-12T09:47:19.267+0000] {dag.py:3047} INFO - Sync 6 DAGs
[2024-03-12T09:47:19.289+0000] {logging_mixin.py:188} INFO - [2024-03-12T09:47:19.288+0000] {dag.py:3834} INFO - Setting next_dagrun for dataset_consumes_1 to None, run_after=None
[2024-03-12T09:47:19.292+0000] {logging_mixin.py:188} INFO - [2024-03-12T09:47:19.292+0000] {dag.py:3834} INFO - Setting next_dagrun for dataset_consumes_1_and_2 to None, run_after=None
[2024-03-12T09:47:19.293+0000] {logging_mixin.py:188} INFO - [2024-03-12T09:47:19.293+0000] {dag.py:3834} INFO - Setting next_dagrun for dataset_consumes_1_never_scheduled to None, run_after=None
[2024-03-12T09:47:19.294+0000] {logging_mixin.py:188} INFO - [2024-03-12T09:47:19.294+0000] {dag.py:3834} INFO - Setting next_dagrun for dataset_consumes_unknown_never_scheduled to None, run_after=None
[2024-03-12T09:47:19.296+0000] {logging_mixin.py:188} INFO - [2024-03-12T09:47:19.296+0000] {dag.py:3834} INFO - Setting next_dagrun for dataset_produces_1 to 2024-03-11 00:00:00+00:00, run_after=2024-03-12 00:00:00+00:00
[2024-03-12T09:47:19.297+0000] {logging_mixin.py:188} INFO - [2024-03-12T09:47:19.297+0000] {dag.py:3834} INFO - Setting next_dagrun for dataset_produces_2 to None, run_after=None
[2024-03-12T09:47:19.330+0000] {processor.py:183} INFO - Processing /usr/local/lib/python3.10/dist-packages/airflow/example_dags/example_datasets.py took 0.139 seconds
[2024-03-12T09:48:22.794+0000] {processor.py:161} INFO - Started process (PID=15586) to work on /usr/local/lib/python3.10/dist-packages/airflow/example_dags/example_datasets.py
[2024-03-12T09:48:22.796+0000] {processor.py:830} INFO - Processing file /usr/local/lib/python3.10/dist-packages/airflow/example_dags/example_datasets.py for tasks to queue
[2024-03-12T09:48:22.797+0000] {logging_mixin.py:188} INFO - [2024-03-12T09:48:22.796+0000] {dagbag.py:540} INFO - Filling up the DagBag from /usr/local/lib/python3.10/dist-packages/airflow/example_dags/example_datasets.py
[2024-03-12T09:48:22.809+0000] {processor.py:840} INFO - DAG(s) 'dataset_consumes_1_and_2', 'dataset_consumes_1_never_scheduled', 'dataset_consumes_unknown_never_scheduled', 'dataset_produces_2', 'dataset_consumes_1', 'dataset_produces_1' retrieved from /usr/local/lib/python3.10/dist-packages/airflow/example_dags/example_datasets.py
[2024-03-12T09:48:22.843+0000] {logging_mixin.py:188} INFO - [2024-03-12T09:48:22.842+0000] {dag.py:3047} INFO - Sync 6 DAGs
[2024-03-12T09:48:22.868+0000] {logging_mixin.py:188} INFO - [2024-03-12T09:48:22.868+0000] {dag.py:3834} INFO - Setting next_dagrun for dataset_consumes_1 to None, run_after=None
[2024-03-12T09:48:22.874+0000] {logging_mixin.py:188} INFO - [2024-03-12T09:48:22.874+0000] {dag.py:3834} INFO - Setting next_dagrun for dataset_consumes_1_and_2 to None, run_after=None
[2024-03-12T09:48:22.875+0000] {logging_mixin.py:188} INFO - [2024-03-12T09:48:22.875+0000] {dag.py:3834} INFO - Setting next_dagrun for dataset_consumes_1_never_scheduled to None, run_after=None
[2024-03-12T09:48:22.877+0000] {logging_mixin.py:188} INFO - [2024-03-12T09:48:22.877+0000] {dag.py:3834} INFO - Setting next_dagrun for dataset_consumes_unknown_never_scheduled to None, run_after=None
[2024-03-12T09:48:22.886+0000] {logging_mixin.py:188} INFO - [2024-03-12T09:48:22.886+0000] {dag.py:3834} INFO - Setting next_dagrun for dataset_produces_1 to 2024-03-11 00:00:00+00:00, run_after=2024-03-12 00:00:00+00:00
[2024-03-12T09:48:22.891+0000] {logging_mixin.py:188} INFO - [2024-03-12T09:48:22.891+0000] {dag.py:3834} INFO - Setting next_dagrun for dataset_produces_2 to None, run_after=None
[2024-03-12T09:48:22.946+0000] {processor.py:183} INFO - Processing /usr/local/lib/python3.10/dist-packages/airflow/example_dags/example_datasets.py took 0.156 seconds
[2024-03-12T09:49:24.265+0000] {processor.py:161} INFO - Started process (PID=15649) to work on /usr/local/lib/python3.10/dist-packages/airflow/example_dags/example_datasets.py
[2024-03-12T09:49:24.270+0000] {processor.py:830} INFO - Processing file /usr/local/lib/python3.10/dist-packages/airflow/example_dags/example_datasets.py for tasks to queue
[2024-03-12T09:49:24.271+0000] {logging_mixin.py:188} INFO - [2024-03-12T09:49:24.270+0000] {dagbag.py:540} INFO - Filling up the DagBag from /usr/local/lib/python3.10/dist-packages/airflow/example_dags/example_datasets.py
[2024-03-12T09:49:24.307+0000] {processor.py:840} INFO - DAG(s) 'dataset_produces_2', 'dataset_consumes_1_and_2', 'dataset_produces_1', 'dataset_consumes_1_never_scheduled', 'dataset_consumes_1', 'dataset_consumes_unknown_never_scheduled' retrieved from /usr/local/lib/python3.10/dist-packages/airflow/example_dags/example_datasets.py
[2024-03-12T09:49:24.350+0000] {logging_mixin.py:188} INFO - [2024-03-12T09:49:24.350+0000] {dag.py:3047} INFO - Sync 6 DAGs
[2024-03-12T09:49:24.397+0000] {logging_mixin.py:188} INFO - [2024-03-12T09:49:24.396+0000] {dag.py:3834} INFO - Setting next_dagrun for dataset_consumes_1 to None, run_after=None
[2024-03-12T09:49:24.407+0000] {logging_mixin.py:188} INFO - [2024-03-12T09:49:24.407+0000] {dag.py:3834} INFO - Setting next_dagrun for dataset_consumes_1_and_2 to None, run_after=None
[2024-03-12T09:49:24.410+0000] {logging_mixin.py:188} INFO - [2024-03-12T09:49:24.409+0000] {dag.py:3834} INFO - Setting next_dagrun for dataset_consumes_1_never_scheduled to None, run_after=None
[2024-03-12T09:49:24.412+0000] {logging_mixin.py:188} INFO - [2024-03-12T09:49:24.411+0000] {dag.py:3834} INFO - Setting next_dagrun for dataset_consumes_unknown_never_scheduled to None, run_after=None
[2024-03-12T09:49:24.418+0000] {logging_mixin.py:188} INFO - [2024-03-12T09:49:24.418+0000] {dag.py:3834} INFO - Setting next_dagrun for dataset_produces_1 to 2024-03-11 00:00:00+00:00, run_after=2024-03-12 00:00:00+00:00
[2024-03-12T09:49:24.420+0000] {logging_mixin.py:188} INFO - [2024-03-12T09:49:24.419+0000] {dag.py:3834} INFO - Setting next_dagrun for dataset_produces_2 to None, run_after=None
[2024-03-12T09:49:24.463+0000] {processor.py:183} INFO - Processing /usr/local/lib/python3.10/dist-packages/airflow/example_dags/example_datasets.py took 0.205 seconds
[2024-03-12T09:50:32.334+0000] {processor.py:161} INFO - Started process (PID=15712) to work on /usr/local/lib/python3.10/dist-packages/airflow/example_dags/example_datasets.py
[2024-03-12T09:50:32.337+0000] {processor.py:830} INFO - Processing file /usr/local/lib/python3.10/dist-packages/airflow/example_dags/example_datasets.py for tasks to queue
[2024-03-12T09:50:32.340+0000] {logging_mixin.py:188} INFO - [2024-03-12T09:50:32.338+0000] {dagbag.py:540} INFO - Filling up the DagBag from /usr/local/lib/python3.10/dist-packages/airflow/example_dags/example_datasets.py
[2024-03-12T09:50:32.361+0000] {processor.py:840} INFO - DAG(s) 'dataset_consumes_unknown_never_scheduled', 'dataset_consumes_1_and_2', 'dataset_consumes_1', 'dataset_produces_1', 'dataset_produces_2', 'dataset_consumes_1_never_scheduled' retrieved from /usr/local/lib/python3.10/dist-packages/airflow/example_dags/example_datasets.py
[2024-03-12T09:50:32.431+0000] {logging_mixin.py:188} INFO - [2024-03-12T09:50:32.431+0000] {dag.py:3047} INFO - Sync 6 DAGs
[2024-03-12T09:50:32.465+0000] {logging_mixin.py:188} INFO - [2024-03-12T09:50:32.464+0000] {dag.py:3834} INFO - Setting next_dagrun for dataset_consumes_1 to None, run_after=None
[2024-03-12T09:50:32.471+0000] {logging_mixin.py:188} INFO - [2024-03-12T09:50:32.471+0000] {dag.py:3834} INFO - Setting next_dagrun for dataset_consumes_1_and_2 to None, run_after=None
[2024-03-12T09:50:32.472+0000] {logging_mixin.py:188} INFO - [2024-03-12T09:50:32.472+0000] {dag.py:3834} INFO - Setting next_dagrun for dataset_consumes_1_never_scheduled to None, run_after=None
[2024-03-12T09:50:32.473+0000] {logging_mixin.py:188} INFO - [2024-03-12T09:50:32.473+0000] {dag.py:3834} INFO - Setting next_dagrun for dataset_consumes_unknown_never_scheduled to None, run_after=None
[2024-03-12T09:50:32.476+0000] {logging_mixin.py:188} INFO - [2024-03-12T09:50:32.476+0000] {dag.py:3834} INFO - Setting next_dagrun for dataset_produces_1 to 2024-03-11 00:00:00+00:00, run_after=2024-03-12 00:00:00+00:00
[2024-03-12T09:50:32.478+0000] {logging_mixin.py:188} INFO - [2024-03-12T09:50:32.477+0000] {dag.py:3834} INFO - Setting next_dagrun for dataset_produces_2 to None, run_after=None
[2024-03-12T09:50:32.534+0000] {processor.py:183} INFO - Processing /usr/local/lib/python3.10/dist-packages/airflow/example_dags/example_datasets.py took 0.211 seconds
[2024-03-12T09:51:41.618+0000] {processor.py:161} INFO - Started process (PID=15778) to work on /usr/local/lib/python3.10/dist-packages/airflow/example_dags/example_datasets.py
[2024-03-12T09:51:41.623+0000] {processor.py:830} INFO - Processing file /usr/local/lib/python3.10/dist-packages/airflow/example_dags/example_datasets.py for tasks to queue
[2024-03-12T09:51:41.626+0000] {logging_mixin.py:188} INFO - [2024-03-12T09:51:41.625+0000] {dagbag.py:540} INFO - Filling up the DagBag from /usr/local/lib/python3.10/dist-packages/airflow/example_dags/example_datasets.py
[2024-03-12T09:51:41.650+0000] {processor.py:840} INFO - DAG(s) 'dataset_consumes_1_and_2', 'dataset_consumes_1_never_scheduled', 'dataset_produces_2', 'dataset_produces_1', 'dataset_consumes_unknown_never_scheduled', 'dataset_consumes_1' retrieved from /usr/local/lib/python3.10/dist-packages/airflow/example_dags/example_datasets.py
[2024-03-12T09:51:41.710+0000] {logging_mixin.py:188} INFO - [2024-03-12T09:51:41.710+0000] {dag.py:3047} INFO - Sync 6 DAGs
[2024-03-12T09:51:41.744+0000] {logging_mixin.py:188} INFO - [2024-03-12T09:51:41.744+0000] {dag.py:3834} INFO - Setting next_dagrun for dataset_consumes_1 to None, run_after=None
[2024-03-12T09:51:41.749+0000] {logging_mixin.py:188} INFO - [2024-03-12T09:51:41.749+0000] {dag.py:3834} INFO - Setting next_dagrun for dataset_consumes_1_and_2 to None, run_after=None
[2024-03-12T09:51:41.751+0000] {logging_mixin.py:188} INFO - [2024-03-12T09:51:41.750+0000] {dag.py:3834} INFO - Setting next_dagrun for dataset_consumes_1_never_scheduled to None, run_after=None
[2024-03-12T09:51:41.752+0000] {logging_mixin.py:188} INFO - [2024-03-12T09:51:41.752+0000] {dag.py:3834} INFO - Setting next_dagrun for dataset_consumes_unknown_never_scheduled to None, run_after=None
[2024-03-12T09:51:41.755+0000] {logging_mixin.py:188} INFO - [2024-03-12T09:51:41.755+0000] {dag.py:3834} INFO - Setting next_dagrun for dataset_produces_1 to 2024-03-11 00:00:00+00:00, run_after=2024-03-12 00:00:00+00:00
[2024-03-12T09:51:41.756+0000] {logging_mixin.py:188} INFO - [2024-03-12T09:51:41.756+0000] {dag.py:3834} INFO - Setting next_dagrun for dataset_produces_2 to None, run_after=None
[2024-03-12T09:51:41.803+0000] {processor.py:183} INFO - Processing /usr/local/lib/python3.10/dist-packages/airflow/example_dags/example_datasets.py took 0.193 seconds
[2024-03-12T09:52:48.098+0000] {processor.py:161} INFO - Started process (PID=15843) to work on /usr/local/lib/python3.10/dist-packages/airflow/example_dags/example_datasets.py
[2024-03-12T09:52:48.100+0000] {processor.py:830} INFO - Processing file /usr/local/lib/python3.10/dist-packages/airflow/example_dags/example_datasets.py for tasks to queue
[2024-03-12T09:52:48.101+0000] {logging_mixin.py:188} INFO - [2024-03-12T09:52:48.100+0000] {dagbag.py:540} INFO - Filling up the DagBag from /usr/local/lib/python3.10/dist-packages/airflow/example_dags/example_datasets.py
[2024-03-12T09:52:48.113+0000] {processor.py:840} INFO - DAG(s) 'dataset_produces_2', 'dataset_consumes_unknown_never_scheduled', 'dataset_produces_1', 'dataset_consumes_1_never_scheduled', 'dataset_consumes_1_and_2', 'dataset_consumes_1' retrieved from /usr/local/lib/python3.10/dist-packages/airflow/example_dags/example_datasets.py
[2024-03-12T09:52:48.148+0000] {logging_mixin.py:188} INFO - [2024-03-12T09:52:48.148+0000] {dag.py:3047} INFO - Sync 6 DAGs
[2024-03-12T09:52:48.189+0000] {logging_mixin.py:188} INFO - [2024-03-12T09:52:48.187+0000] {dag.py:3834} INFO - Setting next_dagrun for dataset_consumes_1 to None, run_after=None
[2024-03-12T09:52:48.200+0000] {logging_mixin.py:188} INFO - [2024-03-12T09:52:48.198+0000] {dag.py:3834} INFO - Setting next_dagrun for dataset_consumes_1_and_2 to None, run_after=None
[2024-03-12T09:52:48.202+0000] {logging_mixin.py:188} INFO - [2024-03-12T09:52:48.202+0000] {dag.py:3834} INFO - Setting next_dagrun for dataset_consumes_1_never_scheduled to None, run_after=None
[2024-03-12T09:52:48.206+0000] {logging_mixin.py:188} INFO - [2024-03-12T09:52:48.203+0000] {dag.py:3834} INFO - Setting next_dagrun for dataset_consumes_unknown_never_scheduled to None, run_after=None
[2024-03-12T09:52:48.210+0000] {logging_mixin.py:188} INFO - [2024-03-12T09:52:48.210+0000] {dag.py:3834} INFO - Setting next_dagrun for dataset_produces_1 to 2024-03-11 00:00:00+00:00, run_after=2024-03-12 00:00:00+00:00
[2024-03-12T09:52:48.216+0000] {logging_mixin.py:188} INFO - [2024-03-12T09:52:48.215+0000] {dag.py:3834} INFO - Setting next_dagrun for dataset_produces_2 to None, run_after=None
[2024-03-12T09:52:48.259+0000] {processor.py:183} INFO - Processing /usr/local/lib/python3.10/dist-packages/airflow/example_dags/example_datasets.py took 0.165 seconds
[2024-03-12T09:53:53.958+0000] {processor.py:161} INFO - Started process (PID=15906) to work on /usr/local/lib/python3.10/dist-packages/airflow/example_dags/example_datasets.py
[2024-03-12T09:53:53.960+0000] {processor.py:830} INFO - Processing file /usr/local/lib/python3.10/dist-packages/airflow/example_dags/example_datasets.py for tasks to queue
[2024-03-12T09:53:53.961+0000] {logging_mixin.py:188} INFO - [2024-03-12T09:53:53.961+0000] {dagbag.py:540} INFO - Filling up the DagBag from /usr/local/lib/python3.10/dist-packages/airflow/example_dags/example_datasets.py
[2024-03-12T09:53:53.976+0000] {processor.py:840} INFO - DAG(s) 'dataset_consumes_unknown_never_scheduled', 'dataset_produces_2', 'dataset_produces_1', 'dataset_consumes_1_and_2', 'dataset_consumes_1_never_scheduled', 'dataset_consumes_1' retrieved from /usr/local/lib/python3.10/dist-packages/airflow/example_dags/example_datasets.py
[2024-03-12T09:53:54.011+0000] {logging_mixin.py:188} INFO - [2024-03-12T09:53:54.010+0000] {dag.py:3047} INFO - Sync 6 DAGs
[2024-03-12T09:53:54.035+0000] {logging_mixin.py:188} INFO - [2024-03-12T09:53:54.035+0000] {dag.py:3834} INFO - Setting next_dagrun for dataset_consumes_1 to None, run_after=None
[2024-03-12T09:53:54.039+0000] {logging_mixin.py:188} INFO - [2024-03-12T09:53:54.039+0000] {dag.py:3834} INFO - Setting next_dagrun for dataset_consumes_1_and_2 to None, run_after=None
[2024-03-12T09:53:54.041+0000] {logging_mixin.py:188} INFO - [2024-03-12T09:53:54.041+0000] {dag.py:3834} INFO - Setting next_dagrun for dataset_consumes_1_never_scheduled to None, run_after=None
[2024-03-12T09:53:54.043+0000] {logging_mixin.py:188} INFO - [2024-03-12T09:53:54.043+0000] {dag.py:3834} INFO - Setting next_dagrun for dataset_consumes_unknown_never_scheduled to None, run_after=None
[2024-03-12T09:53:54.046+0000] {logging_mixin.py:188} INFO - [2024-03-12T09:53:54.046+0000] {dag.py:3834} INFO - Setting next_dagrun for dataset_produces_1 to 2024-03-11 00:00:00+00:00, run_after=2024-03-12 00:00:00+00:00
[2024-03-12T09:53:54.048+0000] {logging_mixin.py:188} INFO - [2024-03-12T09:53:54.047+0000] {dag.py:3834} INFO - Setting next_dagrun for dataset_produces_2 to None, run_after=None
[2024-03-12T09:53:54.084+0000] {processor.py:183} INFO - Processing /usr/local/lib/python3.10/dist-packages/airflow/example_dags/example_datasets.py took 0.129 seconds
[2024-03-12T09:55:01.852+0000] {processor.py:161} INFO - Started process (PID=15973) to work on /usr/local/lib/python3.10/dist-packages/airflow/example_dags/example_datasets.py
[2024-03-12T09:55:01.854+0000] {processor.py:830} INFO - Processing file /usr/local/lib/python3.10/dist-packages/airflow/example_dags/example_datasets.py for tasks to queue
[2024-03-12T09:55:01.855+0000] {logging_mixin.py:188} INFO - [2024-03-12T09:55:01.854+0000] {dagbag.py:540} INFO - Filling up the DagBag from /usr/local/lib/python3.10/dist-packages/airflow/example_dags/example_datasets.py
[2024-03-12T09:55:01.917+0000] {processor.py:840} INFO - DAG(s) 'dataset_produces_1', 'dataset_consumes_1_and_2', 'dataset_consumes_unknown_never_scheduled', 'dataset_consumes_1_never_scheduled', 'dataset_consumes_1', 'dataset_produces_2' retrieved from /usr/local/lib/python3.10/dist-packages/airflow/example_dags/example_datasets.py
[2024-03-12T09:55:02.004+0000] {logging_mixin.py:188} INFO - [2024-03-12T09:55:02.002+0000] {dag.py:3047} INFO - Sync 6 DAGs
[2024-03-12T09:55:02.086+0000] {logging_mixin.py:188} INFO - [2024-03-12T09:55:02.086+0000] {dag.py:3834} INFO - Setting next_dagrun for dataset_consumes_1 to None, run_after=None
[2024-03-12T09:55:02.099+0000] {logging_mixin.py:188} INFO - [2024-03-12T09:55:02.098+0000] {dag.py:3834} INFO - Setting next_dagrun for dataset_consumes_1_and_2 to None, run_after=None
[2024-03-12T09:55:02.100+0000] {logging_mixin.py:188} INFO - [2024-03-12T09:55:02.100+0000] {dag.py:3834} INFO - Setting next_dagrun for dataset_consumes_1_never_scheduled to None, run_after=None
[2024-03-12T09:55:02.102+0000] {logging_mixin.py:188} INFO - [2024-03-12T09:55:02.102+0000] {dag.py:3834} INFO - Setting next_dagrun for dataset_consumes_unknown_never_scheduled to None, run_after=None
[2024-03-12T09:55:02.106+0000] {logging_mixin.py:188} INFO - [2024-03-12T09:55:02.106+0000] {dag.py:3834} INFO - Setting next_dagrun for dataset_produces_1 to 2024-03-11 00:00:00+00:00, run_after=2024-03-12 00:00:00+00:00
[2024-03-12T09:55:02.110+0000] {logging_mixin.py:188} INFO - [2024-03-12T09:55:02.109+0000] {dag.py:3834} INFO - Setting next_dagrun for dataset_produces_2 to None, run_after=None
[2024-03-12T09:55:02.190+0000] {processor.py:183} INFO - Processing /usr/local/lib/python3.10/dist-packages/airflow/example_dags/example_datasets.py took 0.345 seconds
[2024-03-12T09:56:09.264+0000] {processor.py:161} INFO - Started process (PID=16040) to work on /usr/local/lib/python3.10/dist-packages/airflow/example_dags/example_datasets.py
[2024-03-12T09:56:09.268+0000] {processor.py:830} INFO - Processing file /usr/local/lib/python3.10/dist-packages/airflow/example_dags/example_datasets.py for tasks to queue
[2024-03-12T09:56:09.272+0000] {logging_mixin.py:188} INFO - [2024-03-12T09:56:09.271+0000] {dagbag.py:540} INFO - Filling up the DagBag from /usr/local/lib/python3.10/dist-packages/airflow/example_dags/example_datasets.py
[2024-03-12T09:56:09.305+0000] {processor.py:840} INFO - DAG(s) 'dataset_consumes_1', 'dataset_consumes_1_and_2', 'dataset_consumes_unknown_never_scheduled', 'dataset_produces_1', 'dataset_produces_2', 'dataset_consumes_1_never_scheduled' retrieved from /usr/local/lib/python3.10/dist-packages/airflow/example_dags/example_datasets.py
[2024-03-12T09:56:09.373+0000] {logging_mixin.py:188} INFO - [2024-03-12T09:56:09.373+0000] {dag.py:3047} INFO - Sync 6 DAGs
[2024-03-12T09:56:09.415+0000] {logging_mixin.py:188} INFO - [2024-03-12T09:56:09.414+0000] {dag.py:3834} INFO - Setting next_dagrun for dataset_consumes_1 to None, run_after=None
[2024-03-12T09:56:09.419+0000] {logging_mixin.py:188} INFO - [2024-03-12T09:56:09.419+0000] {dag.py:3834} INFO - Setting next_dagrun for dataset_consumes_1_and_2 to None, run_after=None
[2024-03-12T09:56:09.422+0000] {logging_mixin.py:188} INFO - [2024-03-12T09:56:09.421+0000] {dag.py:3834} INFO - Setting next_dagrun for dataset_consumes_1_never_scheduled to None, run_after=None
[2024-03-12T09:56:09.423+0000] {logging_mixin.py:188} INFO - [2024-03-12T09:56:09.423+0000] {dag.py:3834} INFO - Setting next_dagrun for dataset_consumes_unknown_never_scheduled to None, run_after=None
[2024-03-12T09:56:09.427+0000] {logging_mixin.py:188} INFO - [2024-03-12T09:56:09.427+0000] {dag.py:3834} INFO - Setting next_dagrun for dataset_produces_1 to 2024-03-11 00:00:00+00:00, run_after=2024-03-12 00:00:00+00:00
[2024-03-12T09:56:09.429+0000] {logging_mixin.py:188} INFO - [2024-03-12T09:56:09.429+0000] {dag.py:3834} INFO - Setting next_dagrun for dataset_produces_2 to None, run_after=None
[2024-03-12T09:56:09.477+0000] {processor.py:183} INFO - Processing /usr/local/lib/python3.10/dist-packages/airflow/example_dags/example_datasets.py took 0.220 seconds
[2024-03-12T09:57:15.714+0000] {processor.py:161} INFO - Started process (PID=16103) to work on /usr/local/lib/python3.10/dist-packages/airflow/example_dags/example_datasets.py
[2024-03-12T09:57:15.726+0000] {processor.py:830} INFO - Processing file /usr/local/lib/python3.10/dist-packages/airflow/example_dags/example_datasets.py for tasks to queue
[2024-03-12T09:57:15.727+0000] {logging_mixin.py:188} INFO - [2024-03-12T09:57:15.726+0000] {dagbag.py:540} INFO - Filling up the DagBag from /usr/local/lib/python3.10/dist-packages/airflow/example_dags/example_datasets.py
[2024-03-12T09:57:15.756+0000] {processor.py:840} INFO - DAG(s) 'dataset_produces_2', 'dataset_consumes_1', 'dataset_consumes_unknown_never_scheduled', 'dataset_produces_1', 'dataset_consumes_1_never_scheduled', 'dataset_consumes_1_and_2' retrieved from /usr/local/lib/python3.10/dist-packages/airflow/example_dags/example_datasets.py
[2024-03-12T09:57:15.825+0000] {logging_mixin.py:188} INFO - [2024-03-12T09:57:15.824+0000] {dag.py:3047} INFO - Sync 6 DAGs
[2024-03-12T09:57:15.856+0000] {logging_mixin.py:188} INFO - [2024-03-12T09:57:15.856+0000] {dag.py:3834} INFO - Setting next_dagrun for dataset_consumes_1 to None, run_after=None
[2024-03-12T09:57:15.860+0000] {logging_mixin.py:188} INFO - [2024-03-12T09:57:15.860+0000] {dag.py:3834} INFO - Setting next_dagrun for dataset_consumes_1_and_2 to None, run_after=None
[2024-03-12T09:57:15.862+0000] {logging_mixin.py:188} INFO - [2024-03-12T09:57:15.862+0000] {dag.py:3834} INFO - Setting next_dagrun for dataset_consumes_1_never_scheduled to None, run_after=None
[2024-03-12T09:57:15.863+0000] {logging_mixin.py:188} INFO - [2024-03-12T09:57:15.863+0000] {dag.py:3834} INFO - Setting next_dagrun for dataset_consumes_unknown_never_scheduled to None, run_after=None
[2024-03-12T09:57:15.869+0000] {logging_mixin.py:188} INFO - [2024-03-12T09:57:15.869+0000] {dag.py:3834} INFO - Setting next_dagrun for dataset_produces_1 to 2024-03-11 00:00:00+00:00, run_after=2024-03-12 00:00:00+00:00
[2024-03-12T09:57:15.870+0000] {logging_mixin.py:188} INFO - [2024-03-12T09:57:15.870+0000] {dag.py:3834} INFO - Setting next_dagrun for dataset_produces_2 to None, run_after=None
[2024-03-12T09:57:15.923+0000] {processor.py:183} INFO - Processing /usr/local/lib/python3.10/dist-packages/airflow/example_dags/example_datasets.py took 0.214 seconds
[2024-03-12T09:58:20.691+0000] {processor.py:161} INFO - Started process (PID=16174) to work on /usr/local/lib/python3.10/dist-packages/airflow/example_dags/example_datasets.py
[2024-03-12T09:58:20.693+0000] {processor.py:830} INFO - Processing file /usr/local/lib/python3.10/dist-packages/airflow/example_dags/example_datasets.py for tasks to queue
[2024-03-12T09:58:20.694+0000] {logging_mixin.py:188} INFO - [2024-03-12T09:58:20.694+0000] {dagbag.py:540} INFO - Filling up the DagBag from /usr/local/lib/python3.10/dist-packages/airflow/example_dags/example_datasets.py
[2024-03-12T09:58:20.713+0000] {processor.py:840} INFO - DAG(s) 'dataset_produces_2', 'dataset_consumes_1', 'dataset_produces_1', 'dataset_consumes_1_never_scheduled', 'dataset_consumes_unknown_never_scheduled', 'dataset_consumes_1_and_2' retrieved from /usr/local/lib/python3.10/dist-packages/airflow/example_dags/example_datasets.py
[2024-03-12T09:58:20.779+0000] {logging_mixin.py:188} INFO - [2024-03-12T09:58:20.779+0000] {dag.py:3047} INFO - Sync 6 DAGs
[2024-03-12T09:58:20.809+0000] {logging_mixin.py:188} INFO - [2024-03-12T09:58:20.808+0000] {dag.py:3834} INFO - Setting next_dagrun for dataset_consumes_1 to None, run_after=None
[2024-03-12T09:58:20.813+0000] {logging_mixin.py:188} INFO - [2024-03-12T09:58:20.813+0000] {dag.py:3834} INFO - Setting next_dagrun for dataset_consumes_1_and_2 to None, run_after=None
[2024-03-12T09:58:20.816+0000] {logging_mixin.py:188} INFO - [2024-03-12T09:58:20.815+0000] {dag.py:3834} INFO - Setting next_dagrun for dataset_consumes_1_never_scheduled to None, run_after=None
[2024-03-12T09:58:20.817+0000] {logging_mixin.py:188} INFO - [2024-03-12T09:58:20.817+0000] {dag.py:3834} INFO - Setting next_dagrun for dataset_consumes_unknown_never_scheduled to None, run_after=None
[2024-03-12T09:58:20.824+0000] {logging_mixin.py:188} INFO - [2024-03-12T09:58:20.823+0000] {dag.py:3834} INFO - Setting next_dagrun for dataset_produces_1 to 2024-03-11 00:00:00+00:00, run_after=2024-03-12 00:00:00+00:00
[2024-03-12T09:58:20.826+0000] {logging_mixin.py:188} INFO - [2024-03-12T09:58:20.826+0000] {dag.py:3834} INFO - Setting next_dagrun for dataset_produces_2 to None, run_after=None
[2024-03-12T09:58:20.888+0000] {processor.py:183} INFO - Processing /usr/local/lib/python3.10/dist-packages/airflow/example_dags/example_datasets.py took 0.205 seconds
[2024-03-12T09:59:23.476+0000] {processor.py:161} INFO - Started process (PID=16243) to work on /usr/local/lib/python3.10/dist-packages/airflow/example_dags/example_datasets.py
[2024-03-12T09:59:23.478+0000] {processor.py:830} INFO - Processing file /usr/local/lib/python3.10/dist-packages/airflow/example_dags/example_datasets.py for tasks to queue
[2024-03-12T09:59:23.479+0000] {logging_mixin.py:188} INFO - [2024-03-12T09:59:23.479+0000] {dagbag.py:540} INFO - Filling up the DagBag from /usr/local/lib/python3.10/dist-packages/airflow/example_dags/example_datasets.py
[2024-03-12T09:59:23.491+0000] {processor.py:840} INFO - DAG(s) 'dataset_produces_2', 'dataset_consumes_1', 'dataset_consumes_1_never_scheduled', 'dataset_consumes_1_and_2', 'dataset_consumes_unknown_never_scheduled', 'dataset_produces_1' retrieved from /usr/local/lib/python3.10/dist-packages/airflow/example_dags/example_datasets.py
[2024-03-12T09:59:23.523+0000] {logging_mixin.py:188} INFO - [2024-03-12T09:59:23.523+0000] {dag.py:3047} INFO - Sync 6 DAGs
[2024-03-12T09:59:23.549+0000] {logging_mixin.py:188} INFO - [2024-03-12T09:59:23.548+0000] {dag.py:3834} INFO - Setting next_dagrun for dataset_consumes_1 to None, run_after=None
[2024-03-12T09:59:23.552+0000] {logging_mixin.py:188} INFO - [2024-03-12T09:59:23.552+0000] {dag.py:3834} INFO - Setting next_dagrun for dataset_consumes_1_and_2 to None, run_after=None
[2024-03-12T09:59:23.554+0000] {logging_mixin.py:188} INFO - [2024-03-12T09:59:23.553+0000] {dag.py:3834} INFO - Setting next_dagrun for dataset_consumes_1_never_scheduled to None, run_after=None
[2024-03-12T09:59:23.555+0000] {logging_mixin.py:188} INFO - [2024-03-12T09:59:23.555+0000] {dag.py:3834} INFO - Setting next_dagrun for dataset_consumes_unknown_never_scheduled to None, run_after=None
[2024-03-12T09:59:23.558+0000] {logging_mixin.py:188} INFO - [2024-03-12T09:59:23.557+0000] {dag.py:3834} INFO - Setting next_dagrun for dataset_produces_1 to 2024-03-11 00:00:00+00:00, run_after=2024-03-12 00:00:00+00:00
[2024-03-12T09:59:23.559+0000] {logging_mixin.py:188} INFO - [2024-03-12T09:59:23.558+0000] {dag.py:3834} INFO - Setting next_dagrun for dataset_produces_2 to None, run_after=None
[2024-03-12T09:59:23.618+0000] {processor.py:183} INFO - Processing /usr/local/lib/python3.10/dist-packages/airflow/example_dags/example_datasets.py took 0.146 seconds
[2024-03-12T10:00:26.679+0000] {processor.py:161} INFO - Started process (PID=16310) to work on /usr/local/lib/python3.10/dist-packages/airflow/example_dags/example_datasets.py
[2024-03-12T10:00:26.681+0000] {processor.py:830} INFO - Processing file /usr/local/lib/python3.10/dist-packages/airflow/example_dags/example_datasets.py for tasks to queue
[2024-03-12T10:00:26.682+0000] {logging_mixin.py:188} INFO - [2024-03-12T10:00:26.682+0000] {dagbag.py:540} INFO - Filling up the DagBag from /usr/local/lib/python3.10/dist-packages/airflow/example_dags/example_datasets.py
[2024-03-12T10:00:26.696+0000] {processor.py:840} INFO - DAG(s) 'dataset_consumes_1_never_scheduled', 'dataset_consumes_unknown_never_scheduled', 'dataset_produces_1', 'dataset_produces_2', 'dataset_consumes_1_and_2', 'dataset_consumes_1' retrieved from /usr/local/lib/python3.10/dist-packages/airflow/example_dags/example_datasets.py
[2024-03-12T10:00:26.731+0000] {logging_mixin.py:188} INFO - [2024-03-12T10:00:26.731+0000] {dag.py:3047} INFO - Sync 6 DAGs
[2024-03-12T10:00:26.758+0000] {logging_mixin.py:188} INFO - [2024-03-12T10:00:26.758+0000] {dag.py:3834} INFO - Setting next_dagrun for dataset_consumes_1 to None, run_after=None
[2024-03-12T10:00:26.763+0000] {logging_mixin.py:188} INFO - [2024-03-12T10:00:26.763+0000] {dag.py:3834} INFO - Setting next_dagrun for dataset_consumes_1_and_2 to None, run_after=None
[2024-03-12T10:00:26.765+0000] {logging_mixin.py:188} INFO - [2024-03-12T10:00:26.765+0000] {dag.py:3834} INFO - Setting next_dagrun for dataset_consumes_1_never_scheduled to None, run_after=None
[2024-03-12T10:00:26.767+0000] {logging_mixin.py:188} INFO - [2024-03-12T10:00:26.766+0000] {dag.py:3834} INFO - Setting next_dagrun for dataset_consumes_unknown_never_scheduled to None, run_after=None
[2024-03-12T10:00:26.769+0000] {logging_mixin.py:188} INFO - [2024-03-12T10:00:26.769+0000] {dag.py:3834} INFO - Setting next_dagrun for dataset_produces_1 to 2024-03-11 00:00:00+00:00, run_after=2024-03-12 00:00:00+00:00
[2024-03-12T10:00:26.771+0000] {logging_mixin.py:188} INFO - [2024-03-12T10:00:26.771+0000] {dag.py:3834} INFO - Setting next_dagrun for dataset_produces_2 to None, run_after=None
[2024-03-12T10:00:26.810+0000] {processor.py:183} INFO - Processing /usr/local/lib/python3.10/dist-packages/airflow/example_dags/example_datasets.py took 0.135 seconds
[2024-03-12T10:01:30.699+0000] {processor.py:161} INFO - Started process (PID=16380) to work on /usr/local/lib/python3.10/dist-packages/airflow/example_dags/example_datasets.py
[2024-03-12T10:01:30.701+0000] {processor.py:830} INFO - Processing file /usr/local/lib/python3.10/dist-packages/airflow/example_dags/example_datasets.py for tasks to queue
[2024-03-12T10:01:30.702+0000] {logging_mixin.py:188} INFO - [2024-03-12T10:01:30.702+0000] {dagbag.py:540} INFO - Filling up the DagBag from /usr/local/lib/python3.10/dist-packages/airflow/example_dags/example_datasets.py
[2024-03-12T10:01:30.715+0000] {processor.py:840} INFO - DAG(s) 'dataset_consumes_1_and_2', 'dataset_consumes_unknown_never_scheduled', 'dataset_consumes_1', 'dataset_produces_2', 'dataset_produces_1', 'dataset_consumes_1_never_scheduled' retrieved from /usr/local/lib/python3.10/dist-packages/airflow/example_dags/example_datasets.py
[2024-03-12T10:01:30.749+0000] {logging_mixin.py:188} INFO - [2024-03-12T10:01:30.748+0000] {dag.py:3047} INFO - Sync 6 DAGs
[2024-03-12T10:01:30.791+0000] {logging_mixin.py:188} INFO - [2024-03-12T10:01:30.791+0000] {dag.py:3834} INFO - Setting next_dagrun for dataset_consumes_1 to None, run_after=None
[2024-03-12T10:01:30.796+0000] {logging_mixin.py:188} INFO - [2024-03-12T10:01:30.796+0000] {dag.py:3834} INFO - Setting next_dagrun for dataset_consumes_1_and_2 to None, run_after=None
[2024-03-12T10:01:30.798+0000] {logging_mixin.py:188} INFO - [2024-03-12T10:01:30.797+0000] {dag.py:3834} INFO - Setting next_dagrun for dataset_consumes_1_never_scheduled to None, run_after=None
[2024-03-12T10:01:30.799+0000] {logging_mixin.py:188} INFO - [2024-03-12T10:01:30.798+0000] {dag.py:3834} INFO - Setting next_dagrun for dataset_consumes_unknown_never_scheduled to None, run_after=None
[2024-03-12T10:01:30.803+0000] {logging_mixin.py:188} INFO - [2024-03-12T10:01:30.803+0000] {dag.py:3834} INFO - Setting next_dagrun for dataset_produces_1 to 2024-03-11 00:00:00+00:00, run_after=2024-03-12 00:00:00+00:00
[2024-03-12T10:01:30.806+0000] {logging_mixin.py:188} INFO - [2024-03-12T10:01:30.805+0000] {dag.py:3834} INFO - Setting next_dagrun for dataset_produces_2 to None, run_after=None
[2024-03-12T10:01:30.840+0000] {processor.py:183} INFO - Processing /usr/local/lib/python3.10/dist-packages/airflow/example_dags/example_datasets.py took 0.146 seconds
[2024-03-12T10:02:32.281+0000] {processor.py:161} INFO - Started process (PID=16444) to work on /usr/local/lib/python3.10/dist-packages/airflow/example_dags/example_datasets.py
[2024-03-12T10:02:32.283+0000] {processor.py:830} INFO - Processing file /usr/local/lib/python3.10/dist-packages/airflow/example_dags/example_datasets.py for tasks to queue
[2024-03-12T10:02:32.285+0000] {logging_mixin.py:188} INFO - [2024-03-12T10:02:32.284+0000] {dagbag.py:540} INFO - Filling up the DagBag from /usr/local/lib/python3.10/dist-packages/airflow/example_dags/example_datasets.py
[2024-03-12T10:02:32.296+0000] {processor.py:840} INFO - DAG(s) 'dataset_consumes_unknown_never_scheduled', 'dataset_consumes_1', 'dataset_produces_2', 'dataset_consumes_1_and_2', 'dataset_consumes_1_never_scheduled', 'dataset_produces_1' retrieved from /usr/local/lib/python3.10/dist-packages/airflow/example_dags/example_datasets.py
[2024-03-12T10:02:32.335+0000] {logging_mixin.py:188} INFO - [2024-03-12T10:02:32.335+0000] {dag.py:3047} INFO - Sync 6 DAGs
[2024-03-12T10:02:32.361+0000] {logging_mixin.py:188} INFO - [2024-03-12T10:02:32.360+0000] {dag.py:3834} INFO - Setting next_dagrun for dataset_consumes_1 to None, run_after=None
[2024-03-12T10:02:32.366+0000] {logging_mixin.py:188} INFO - [2024-03-12T10:02:32.366+0000] {dag.py:3834} INFO - Setting next_dagrun for dataset_consumes_1_and_2 to None, run_after=None
[2024-03-12T10:02:32.368+0000] {logging_mixin.py:188} INFO - [2024-03-12T10:02:32.367+0000] {dag.py:3834} INFO - Setting next_dagrun for dataset_consumes_1_never_scheduled to None, run_after=None
[2024-03-12T10:02:32.369+0000] {logging_mixin.py:188} INFO - [2024-03-12T10:02:32.369+0000] {dag.py:3834} INFO - Setting next_dagrun for dataset_consumes_unknown_never_scheduled to None, run_after=None
[2024-03-12T10:02:32.372+0000] {logging_mixin.py:188} INFO - [2024-03-12T10:02:32.371+0000] {dag.py:3834} INFO - Setting next_dagrun for dataset_produces_1 to 2024-03-11 00:00:00+00:00, run_after=2024-03-12 00:00:00+00:00
[2024-03-12T10:02:32.373+0000] {logging_mixin.py:188} INFO - [2024-03-12T10:02:32.373+0000] {dag.py:3834} INFO - Setting next_dagrun for dataset_produces_2 to None, run_after=None
[2024-03-12T10:02:32.410+0000] {processor.py:183} INFO - Processing /usr/local/lib/python3.10/dist-packages/airflow/example_dags/example_datasets.py took 0.135 seconds
[2024-03-12T10:03:34.017+0000] {processor.py:161} INFO - Started process (PID=16508) to work on /usr/local/lib/python3.10/dist-packages/airflow/example_dags/example_datasets.py
[2024-03-12T10:03:34.019+0000] {processor.py:830} INFO - Processing file /usr/local/lib/python3.10/dist-packages/airflow/example_dags/example_datasets.py for tasks to queue
[2024-03-12T10:03:34.020+0000] {logging_mixin.py:188} INFO - [2024-03-12T10:03:34.020+0000] {dagbag.py:540} INFO - Filling up the DagBag from /usr/local/lib/python3.10/dist-packages/airflow/example_dags/example_datasets.py
[2024-03-12T10:03:34.034+0000] {processor.py:840} INFO - DAG(s) 'dataset_consumes_1_never_scheduled', 'dataset_produces_2', 'dataset_consumes_1_and_2', 'dataset_consumes_unknown_never_scheduled', 'dataset_consumes_1', 'dataset_produces_1' retrieved from /usr/local/lib/python3.10/dist-packages/airflow/example_dags/example_datasets.py
[2024-03-12T10:03:34.076+0000] {logging_mixin.py:188} INFO - [2024-03-12T10:03:34.076+0000] {dag.py:3047} INFO - Sync 6 DAGs
[2024-03-12T10:03:34.100+0000] {logging_mixin.py:188} INFO - [2024-03-12T10:03:34.100+0000] {dag.py:3834} INFO - Setting next_dagrun for dataset_consumes_1 to None, run_after=None
[2024-03-12T10:03:34.105+0000] {logging_mixin.py:188} INFO - [2024-03-12T10:03:34.105+0000] {dag.py:3834} INFO - Setting next_dagrun for dataset_consumes_1_and_2 to None, run_after=None
[2024-03-12T10:03:34.106+0000] {logging_mixin.py:188} INFO - [2024-03-12T10:03:34.106+0000] {dag.py:3834} INFO - Setting next_dagrun for dataset_consumes_1_never_scheduled to None, run_after=None
[2024-03-12T10:03:34.107+0000] {logging_mixin.py:188} INFO - [2024-03-12T10:03:34.107+0000] {dag.py:3834} INFO - Setting next_dagrun for dataset_consumes_unknown_never_scheduled to None, run_after=None
[2024-03-12T10:03:34.110+0000] {logging_mixin.py:188} INFO - [2024-03-12T10:03:34.110+0000] {dag.py:3834} INFO - Setting next_dagrun for dataset_produces_1 to 2024-03-11 00:00:00+00:00, run_after=2024-03-12 00:00:00+00:00
[2024-03-12T10:03:34.111+0000] {logging_mixin.py:188} INFO - [2024-03-12T10:03:34.111+0000] {dag.py:3834} INFO - Setting next_dagrun for dataset_produces_2 to None, run_after=None
[2024-03-12T10:03:34.159+0000] {processor.py:183} INFO - Processing /usr/local/lib/python3.10/dist-packages/airflow/example_dags/example_datasets.py took 0.145 seconds
[2024-03-12T10:04:36.095+0000] {processor.py:161} INFO - Started process (PID=16571) to work on /usr/local/lib/python3.10/dist-packages/airflow/example_dags/example_datasets.py
[2024-03-12T10:04:36.096+0000] {processor.py:830} INFO - Processing file /usr/local/lib/python3.10/dist-packages/airflow/example_dags/example_datasets.py for tasks to queue
[2024-03-12T10:04:36.097+0000] {logging_mixin.py:188} INFO - [2024-03-12T10:04:36.097+0000] {dagbag.py:540} INFO - Filling up the DagBag from /usr/local/lib/python3.10/dist-packages/airflow/example_dags/example_datasets.py
[2024-03-12T10:04:36.113+0000] {processor.py:840} INFO - DAG(s) 'dataset_produces_2', 'dataset_consumes_1', 'dataset_consumes_1_and_2', 'dataset_consumes_unknown_never_scheduled', 'dataset_consumes_1_never_scheduled', 'dataset_produces_1' retrieved from /usr/local/lib/python3.10/dist-packages/airflow/example_dags/example_datasets.py
[2024-03-12T10:04:36.151+0000] {logging_mixin.py:188} INFO - [2024-03-12T10:04:36.151+0000] {dag.py:3047} INFO - Sync 6 DAGs
[2024-03-12T10:04:36.187+0000] {logging_mixin.py:188} INFO - [2024-03-12T10:04:36.187+0000] {dag.py:3834} INFO - Setting next_dagrun for dataset_consumes_1 to None, run_after=None
[2024-03-12T10:04:36.191+0000] {logging_mixin.py:188} INFO - [2024-03-12T10:04:36.191+0000] {dag.py:3834} INFO - Setting next_dagrun for dataset_consumes_1_and_2 to None, run_after=None
[2024-03-12T10:04:36.193+0000] {logging_mixin.py:188} INFO - [2024-03-12T10:04:36.192+0000] {dag.py:3834} INFO - Setting next_dagrun for dataset_consumes_1_never_scheduled to None, run_after=None
[2024-03-12T10:04:36.194+0000] {logging_mixin.py:188} INFO - [2024-03-12T10:04:36.194+0000] {dag.py:3834} INFO - Setting next_dagrun for dataset_consumes_unknown_never_scheduled to None, run_after=None
[2024-03-12T10:04:36.196+0000] {logging_mixin.py:188} INFO - [2024-03-12T10:04:36.196+0000] {dag.py:3834} INFO - Setting next_dagrun for dataset_produces_1 to 2024-03-11 00:00:00+00:00, run_after=2024-03-12 00:00:00+00:00
[2024-03-12T10:04:36.197+0000] {logging_mixin.py:188} INFO - [2024-03-12T10:04:36.197+0000] {dag.py:3834} INFO - Setting next_dagrun for dataset_produces_2 to None, run_after=None
[2024-03-12T10:04:36.242+0000] {processor.py:183} INFO - Processing /usr/local/lib/python3.10/dist-packages/airflow/example_dags/example_datasets.py took 0.151 seconds
