[2024-03-12T09:19:32.469+0000] {processor.py:161} INFO - Started process (PID=13932) to work on /usr/local/lib/python3.10/dist-packages/airflow/example_dags/example_sla_dag.py
[2024-03-12T09:19:32.470+0000] {processor.py:830} INFO - Processing file /usr/local/lib/python3.10/dist-packages/airflow/example_dags/example_sla_dag.py for tasks to queue
[2024-03-12T09:19:32.471+0000] {logging_mixin.py:188} INFO - [2024-03-12T09:19:32.471+0000] {dagbag.py:540} INFO - Filling up the DagBag from /usr/local/lib/python3.10/dist-packages/airflow/example_dags/example_sla_dag.py
[2024-03-12T09:19:32.484+0000] {processor.py:840} INFO - DAG(s) 'example_sla_dag' retrieved from /usr/local/lib/python3.10/dist-packages/airflow/example_dags/example_sla_dag.py
[2024-03-12T09:19:32.617+0000] {logging_mixin.py:188} INFO - [2024-03-12T09:19:32.616+0000] {override.py:1769} INFO - Created Permission View: can read on DAG:example_sla_dag
[2024-03-12T09:19:32.631+0000] {logging_mixin.py:188} INFO - [2024-03-12T09:19:32.630+0000] {override.py:1769} INFO - Created Permission View: can edit on DAG:example_sla_dag
[2024-03-12T09:19:32.641+0000] {logging_mixin.py:188} INFO - [2024-03-12T09:19:32.640+0000] {override.py:1769} INFO - Created Permission View: can delete on DAG:example_sla_dag
[2024-03-12T09:19:32.641+0000] {logging_mixin.py:188} INFO - [2024-03-12T09:19:32.641+0000] {dag.py:3047} INFO - Sync 1 DAGs
[2024-03-12T09:19:32.652+0000] {logging_mixin.py:188} INFO - [2024-03-12T09:19:32.652+0000] {dag.py:3069} INFO - Creating ORM DAG for example_sla_dag
[2024-03-12T09:19:32.666+0000] {logging_mixin.py:188} INFO - [2024-03-12T09:19:32.666+0000] {dag.py:3834} INFO - Setting next_dagrun for example_sla_dag to 2024-03-12 09:16:00+00:00, run_after=2024-03-12 09:18:00+00:00
[2024-03-12T09:19:32.692+0000] {processor.py:183} INFO - Processing /usr/local/lib/python3.10/dist-packages/airflow/example_dags/example_sla_dag.py took 0.226 seconds
[2024-03-12T09:22:24.384+0000] {processor.py:161} INFO - Started process (PID=13990) to work on /usr/local/lib/python3.10/dist-packages/airflow/example_dags/example_sla_dag.py
[2024-03-12T09:22:24.385+0000] {processor.py:830} INFO - Processing file /usr/local/lib/python3.10/dist-packages/airflow/example_dags/example_sla_dag.py for tasks to queue
[2024-03-12T09:22:24.386+0000] {logging_mixin.py:188} INFO - [2024-03-12T09:22:24.386+0000] {dagbag.py:540} INFO - Filling up the DagBag from /usr/local/lib/python3.10/dist-packages/airflow/example_dags/example_sla_dag.py
[2024-03-12T09:22:24.402+0000] {processor.py:840} INFO - DAG(s) 'example_sla_dag' retrieved from /usr/local/lib/python3.10/dist-packages/airflow/example_dags/example_sla_dag.py
[2024-03-12T09:22:24.415+0000] {logging_mixin.py:188} INFO - [2024-03-12T09:22:24.414+0000] {dag.py:3047} INFO - Sync 1 DAGs
[2024-03-12T09:22:24.452+0000] {logging_mixin.py:188} INFO - [2024-03-12T09:22:24.452+0000] {dag.py:3834} INFO - Setting next_dagrun for example_sla_dag to 2024-03-12 09:20:00+00:00, run_after=2024-03-12 09:22:00+00:00
[2024-03-12T09:22:24.482+0000] {processor.py:183} INFO - Processing /usr/local/lib/python3.10/dist-packages/airflow/example_dags/example_sla_dag.py took 0.108 seconds
[2024-03-12T09:23:25.867+0000] {processor.py:161} INFO - Started process (PID=14041) to work on /usr/local/lib/python3.10/dist-packages/airflow/example_dags/example_sla_dag.py
[2024-03-12T09:23:25.869+0000] {processor.py:830} INFO - Processing file /usr/local/lib/python3.10/dist-packages/airflow/example_dags/example_sla_dag.py for tasks to queue
[2024-03-12T09:23:25.870+0000] {logging_mixin.py:188} INFO - [2024-03-12T09:23:25.869+0000] {dagbag.py:540} INFO - Filling up the DagBag from /usr/local/lib/python3.10/dist-packages/airflow/example_dags/example_sla_dag.py
[2024-03-12T09:23:25.880+0000] {processor.py:840} INFO - DAG(s) 'example_sla_dag' retrieved from /usr/local/lib/python3.10/dist-packages/airflow/example_dags/example_sla_dag.py
[2024-03-12T09:23:26.154+0000] {logging_mixin.py:188} INFO - [2024-03-12T09:23:26.154+0000] {dag.py:3047} INFO - Sync 1 DAGs
[2024-03-12T09:23:26.175+0000] {logging_mixin.py:188} INFO - [2024-03-12T09:23:26.175+0000] {dag.py:3834} INFO - Setting next_dagrun for example_sla_dag to 2024-03-12 09:20:00+00:00, run_after=2024-03-12 09:22:00+00:00
[2024-03-12T09:23:26.198+0000] {processor.py:183} INFO - Processing /usr/local/lib/python3.10/dist-packages/airflow/example_dags/example_sla_dag.py took 0.334 seconds
[2024-03-12T09:24:17.943+0000] {processor.py:161} INFO - Started process (PID=14093) to work on /usr/local/lib/python3.10/dist-packages/airflow/example_dags/example_sla_dag.py
[2024-03-12T09:24:17.944+0000] {processor.py:830} INFO - Processing file /usr/local/lib/python3.10/dist-packages/airflow/example_dags/example_sla_dag.py for tasks to queue
[2024-03-12T09:24:17.945+0000] {logging_mixin.py:188} INFO - [2024-03-12T09:24:17.945+0000] {dagbag.py:540} INFO - Filling up the DagBag from /usr/local/lib/python3.10/dist-packages/airflow/example_dags/example_sla_dag.py
[2024-03-12T09:24:17.955+0000] {processor.py:840} INFO - DAG(s) 'example_sla_dag' retrieved from /usr/local/lib/python3.10/dist-packages/airflow/example_dags/example_sla_dag.py
[2024-03-12T09:24:17.971+0000] {logging_mixin.py:188} INFO - [2024-03-12T09:24:17.971+0000] {dag.py:3047} INFO - Sync 1 DAGs
[2024-03-12T09:24:17.995+0000] {logging_mixin.py:188} INFO - [2024-03-12T09:24:17.995+0000] {dag.py:3834} INFO - Setting next_dagrun for example_sla_dag to 2024-03-12 09:22:00+00:00, run_after=2024-03-12 09:24:00+00:00
[2024-03-12T09:24:18.131+0000] {processor.py:183} INFO - Processing /usr/local/lib/python3.10/dist-packages/airflow/example_dags/example_sla_dag.py took 0.191 seconds
[2024-03-12T09:25:06.455+0000] {processor.py:161} INFO - Started process (PID=14134) to work on /usr/local/lib/python3.10/dist-packages/airflow/example_dags/example_sla_dag.py
[2024-03-12T09:25:06.457+0000] {processor.py:830} INFO - Processing file /usr/local/lib/python3.10/dist-packages/airflow/example_dags/example_sla_dag.py for tasks to queue
[2024-03-12T09:25:06.458+0000] {logging_mixin.py:188} INFO - [2024-03-12T09:25:06.458+0000] {dagbag.py:540} INFO - Filling up the DagBag from /usr/local/lib/python3.10/dist-packages/airflow/example_dags/example_sla_dag.py
[2024-03-12T09:25:06.468+0000] {processor.py:840} INFO - DAG(s) 'example_sla_dag' retrieved from /usr/local/lib/python3.10/dist-packages/airflow/example_dags/example_sla_dag.py
[2024-03-12T09:25:06.620+0000] {logging_mixin.py:188} INFO - [2024-03-12T09:25:06.620+0000] {dag.py:3047} INFO - Sync 1 DAGs
[2024-03-12T09:25:06.639+0000] {logging_mixin.py:188} INFO - [2024-03-12T09:25:06.639+0000] {dag.py:3834} INFO - Setting next_dagrun for example_sla_dag to 2024-03-12 09:22:00+00:00, run_after=2024-03-12 09:24:00+00:00
[2024-03-12T09:25:06.660+0000] {processor.py:183} INFO - Processing /usr/local/lib/python3.10/dist-packages/airflow/example_dags/example_sla_dag.py took 0.220 seconds
[2024-03-12T09:25:54.737+0000] {processor.py:161} INFO - Started process (PID=14181) to work on /usr/local/lib/python3.10/dist-packages/airflow/example_dags/example_sla_dag.py
[2024-03-12T09:25:54.738+0000] {processor.py:830} INFO - Processing file /usr/local/lib/python3.10/dist-packages/airflow/example_dags/example_sla_dag.py for tasks to queue
[2024-03-12T09:25:54.739+0000] {logging_mixin.py:188} INFO - [2024-03-12T09:25:54.739+0000] {dagbag.py:540} INFO - Filling up the DagBag from /usr/local/lib/python3.10/dist-packages/airflow/example_dags/example_sla_dag.py
[2024-03-12T09:25:54.748+0000] {processor.py:840} INFO - DAG(s) 'example_sla_dag' retrieved from /usr/local/lib/python3.10/dist-packages/airflow/example_dags/example_sla_dag.py
[2024-03-12T09:25:54.765+0000] {logging_mixin.py:188} INFO - [2024-03-12T09:25:54.765+0000] {dag.py:3047} INFO - Sync 1 DAGs
[2024-03-12T09:25:54.788+0000] {logging_mixin.py:188} INFO - [2024-03-12T09:25:54.788+0000] {dag.py:3834} INFO - Setting next_dagrun for example_sla_dag to 2024-03-12 09:22:00+00:00, run_after=2024-03-12 09:24:00+00:00
[2024-03-12T09:25:54.819+0000] {processor.py:183} INFO - Processing /usr/local/lib/python3.10/dist-packages/airflow/example_dags/example_sla_dag.py took 0.086 seconds
[2024-03-12T09:26:33.652+0000] {processor.py:161} INFO - Started process (PID=14221) to work on /usr/local/lib/python3.10/dist-packages/airflow/example_dags/example_sla_dag.py
[2024-03-12T09:26:33.654+0000] {processor.py:830} INFO - Processing file /usr/local/lib/python3.10/dist-packages/airflow/example_dags/example_sla_dag.py for tasks to queue
[2024-03-12T09:26:33.655+0000] {logging_mixin.py:188} INFO - [2024-03-12T09:26:33.654+0000] {dagbag.py:540} INFO - Filling up the DagBag from /usr/local/lib/python3.10/dist-packages/airflow/example_dags/example_sla_dag.py
[2024-03-12T09:26:33.678+0000] {processor.py:840} INFO - DAG(s) 'example_sla_dag' retrieved from /usr/local/lib/python3.10/dist-packages/airflow/example_dags/example_sla_dag.py
[2024-03-12T09:26:33.708+0000] {logging_mixin.py:188} INFO - [2024-03-12T09:26:33.708+0000] {dag.py:3047} INFO - Sync 1 DAGs
[2024-03-12T09:26:33.762+0000] {logging_mixin.py:188} INFO - [2024-03-12T09:26:33.760+0000] {dag.py:3834} INFO - Setting next_dagrun for example_sla_dag to 2024-03-12 09:24:00+00:00, run_after=2024-03-12 09:26:00+00:00
[2024-03-12T09:26:33.801+0000] {processor.py:183} INFO - Processing /usr/local/lib/python3.10/dist-packages/airflow/example_dags/example_sla_dag.py took 0.153 seconds
[2024-03-12T09:27:15.568+0000] {processor.py:161} INFO - Started process (PID=14262) to work on /usr/local/lib/python3.10/dist-packages/airflow/example_dags/example_sla_dag.py
[2024-03-12T09:27:15.574+0000] {processor.py:830} INFO - Processing file /usr/local/lib/python3.10/dist-packages/airflow/example_dags/example_sla_dag.py for tasks to queue
[2024-03-12T09:27:15.577+0000] {logging_mixin.py:188} INFO - [2024-03-12T09:27:15.576+0000] {dagbag.py:540} INFO - Filling up the DagBag from /usr/local/lib/python3.10/dist-packages/airflow/example_dags/example_sla_dag.py
[2024-03-12T09:27:15.595+0000] {processor.py:840} INFO - DAG(s) 'example_sla_dag' retrieved from /usr/local/lib/python3.10/dist-packages/airflow/example_dags/example_sla_dag.py
[2024-03-12T09:27:15.618+0000] {logging_mixin.py:188} INFO - [2024-03-12T09:27:15.617+0000] {dag.py:3047} INFO - Sync 1 DAGs
[2024-03-12T09:27:15.651+0000] {logging_mixin.py:188} INFO - [2024-03-12T09:27:15.650+0000] {dag.py:3834} INFO - Setting next_dagrun for example_sla_dag to 2024-03-12 09:24:00+00:00, run_after=2024-03-12 09:26:00+00:00
[2024-03-12T09:27:15.699+0000] {processor.py:183} INFO - Processing /usr/local/lib/python3.10/dist-packages/airflow/example_dags/example_sla_dag.py took 0.135 seconds
[2024-03-12T09:27:58.901+0000] {processor.py:161} INFO - Started process (PID=14304) to work on /usr/local/lib/python3.10/dist-packages/airflow/example_dags/example_sla_dag.py
[2024-03-12T09:27:58.903+0000] {processor.py:830} INFO - Processing file /usr/local/lib/python3.10/dist-packages/airflow/example_dags/example_sla_dag.py for tasks to queue
[2024-03-12T09:27:58.903+0000] {logging_mixin.py:188} INFO - [2024-03-12T09:27:58.903+0000] {dagbag.py:540} INFO - Filling up the DagBag from /usr/local/lib/python3.10/dist-packages/airflow/example_dags/example_sla_dag.py
[2024-03-12T09:27:58.913+0000] {processor.py:840} INFO - DAG(s) 'example_sla_dag' retrieved from /usr/local/lib/python3.10/dist-packages/airflow/example_dags/example_sla_dag.py
[2024-03-12T09:27:58.931+0000] {logging_mixin.py:188} INFO - [2024-03-12T09:27:58.930+0000] {dag.py:3047} INFO - Sync 1 DAGs
[2024-03-12T09:27:58.959+0000] {logging_mixin.py:188} INFO - [2024-03-12T09:27:58.959+0000] {dag.py:3834} INFO - Setting next_dagrun for example_sla_dag to 2024-03-12 09:24:00+00:00, run_after=2024-03-12 09:26:00+00:00
[2024-03-12T09:27:58.987+0000] {processor.py:183} INFO - Processing /usr/local/lib/python3.10/dist-packages/airflow/example_dags/example_sla_dag.py took 0.089 seconds
[2024-03-12T09:28:38.170+0000] {processor.py:161} INFO - Started process (PID=14344) to work on /usr/local/lib/python3.10/dist-packages/airflow/example_dags/example_sla_dag.py
[2024-03-12T09:28:38.172+0000] {processor.py:830} INFO - Processing file /usr/local/lib/python3.10/dist-packages/airflow/example_dags/example_sla_dag.py for tasks to queue
[2024-03-12T09:28:38.173+0000] {logging_mixin.py:188} INFO - [2024-03-12T09:28:38.173+0000] {dagbag.py:540} INFO - Filling up the DagBag from /usr/local/lib/python3.10/dist-packages/airflow/example_dags/example_sla_dag.py
[2024-03-12T09:28:38.183+0000] {processor.py:840} INFO - DAG(s) 'example_sla_dag' retrieved from /usr/local/lib/python3.10/dist-packages/airflow/example_dags/example_sla_dag.py
[2024-03-12T09:28:38.200+0000] {logging_mixin.py:188} INFO - [2024-03-12T09:28:38.200+0000] {dag.py:3047} INFO - Sync 1 DAGs
[2024-03-12T09:28:38.224+0000] {logging_mixin.py:188} INFO - [2024-03-12T09:28:38.224+0000] {dag.py:3834} INFO - Setting next_dagrun for example_sla_dag to 2024-03-12 09:26:00+00:00, run_after=2024-03-12 09:28:00+00:00
[2024-03-12T09:28:38.248+0000] {processor.py:183} INFO - Processing /usr/local/lib/python3.10/dist-packages/airflow/example_dags/example_sla_dag.py took 0.081 seconds
[2024-03-12T09:29:18.188+0000] {processor.py:161} INFO - Started process (PID=14384) to work on /usr/local/lib/python3.10/dist-packages/airflow/example_dags/example_sla_dag.py
[2024-03-12T09:29:18.194+0000] {processor.py:830} INFO - Processing file /usr/local/lib/python3.10/dist-packages/airflow/example_dags/example_sla_dag.py for tasks to queue
[2024-03-12T09:29:18.195+0000] {logging_mixin.py:188} INFO - [2024-03-12T09:29:18.195+0000] {dagbag.py:540} INFO - Filling up the DagBag from /usr/local/lib/python3.10/dist-packages/airflow/example_dags/example_sla_dag.py
[2024-03-12T09:29:18.225+0000] {processor.py:840} INFO - DAG(s) 'example_sla_dag' retrieved from /usr/local/lib/python3.10/dist-packages/airflow/example_dags/example_sla_dag.py
[2024-03-12T09:29:18.254+0000] {logging_mixin.py:188} INFO - [2024-03-12T09:29:18.254+0000] {dag.py:3047} INFO - Sync 1 DAGs
[2024-03-12T09:29:18.322+0000] {logging_mixin.py:188} INFO - [2024-03-12T09:29:18.322+0000] {dag.py:3834} INFO - Setting next_dagrun for example_sla_dag to 2024-03-12 09:26:00+00:00, run_after=2024-03-12 09:28:00+00:00
[2024-03-12T09:29:18.377+0000] {processor.py:183} INFO - Processing /usr/local/lib/python3.10/dist-packages/airflow/example_dags/example_sla_dag.py took 0.208 seconds
[2024-03-12T09:29:58.324+0000] {processor.py:161} INFO - Started process (PID=14423) to work on /usr/local/lib/python3.10/dist-packages/airflow/example_dags/example_sla_dag.py
[2024-03-12T09:29:58.326+0000] {processor.py:830} INFO - Processing file /usr/local/lib/python3.10/dist-packages/airflow/example_dags/example_sla_dag.py for tasks to queue
[2024-03-12T09:29:58.327+0000] {logging_mixin.py:188} INFO - [2024-03-12T09:29:58.327+0000] {dagbag.py:540} INFO - Filling up the DagBag from /usr/local/lib/python3.10/dist-packages/airflow/example_dags/example_sla_dag.py
[2024-03-12T09:29:58.342+0000] {processor.py:840} INFO - DAG(s) 'example_sla_dag' retrieved from /usr/local/lib/python3.10/dist-packages/airflow/example_dags/example_sla_dag.py
[2024-03-12T09:29:58.369+0000] {logging_mixin.py:188} INFO - [2024-03-12T09:29:58.369+0000] {dag.py:3047} INFO - Sync 1 DAGs
[2024-03-12T09:29:58.405+0000] {logging_mixin.py:188} INFO - [2024-03-12T09:29:58.404+0000] {dag.py:3834} INFO - Setting next_dagrun for example_sla_dag to 2024-03-12 09:26:00+00:00, run_after=2024-03-12 09:28:00+00:00
[2024-03-12T09:29:58.470+0000] {processor.py:183} INFO - Processing /usr/local/lib/python3.10/dist-packages/airflow/example_dags/example_sla_dag.py took 0.151 seconds
[2024-03-12T09:30:40.154+0000] {processor.py:161} INFO - Started process (PID=14463) to work on /usr/local/lib/python3.10/dist-packages/airflow/example_dags/example_sla_dag.py
[2024-03-12T09:30:40.160+0000] {processor.py:830} INFO - Processing file /usr/local/lib/python3.10/dist-packages/airflow/example_dags/example_sla_dag.py for tasks to queue
[2024-03-12T09:30:40.162+0000] {logging_mixin.py:188} INFO - [2024-03-12T09:30:40.161+0000] {dagbag.py:540} INFO - Filling up the DagBag from /usr/local/lib/python3.10/dist-packages/airflow/example_dags/example_sla_dag.py
[2024-03-12T09:30:40.195+0000] {processor.py:840} INFO - DAG(s) 'example_sla_dag' retrieved from /usr/local/lib/python3.10/dist-packages/airflow/example_dags/example_sla_dag.py
[2024-03-12T09:30:40.224+0000] {logging_mixin.py:188} INFO - [2024-03-12T09:30:40.224+0000] {dag.py:3047} INFO - Sync 1 DAGs
[2024-03-12T09:30:40.276+0000] {logging_mixin.py:188} INFO - [2024-03-12T09:30:40.275+0000] {dag.py:3834} INFO - Setting next_dagrun for example_sla_dag to 2024-03-12 09:28:00+00:00, run_after=2024-03-12 09:30:00+00:00
[2024-03-12T09:30:40.323+0000] {processor.py:183} INFO - Processing /usr/local/lib/python3.10/dist-packages/airflow/example_dags/example_sla_dag.py took 0.176 seconds
[2024-03-12T09:31:21.155+0000] {processor.py:161} INFO - Started process (PID=14503) to work on /usr/local/lib/python3.10/dist-packages/airflow/example_dags/example_sla_dag.py
[2024-03-12T09:31:21.157+0000] {processor.py:830} INFO - Processing file /usr/local/lib/python3.10/dist-packages/airflow/example_dags/example_sla_dag.py for tasks to queue
[2024-03-12T09:31:21.158+0000] {logging_mixin.py:188} INFO - [2024-03-12T09:31:21.158+0000] {dagbag.py:540} INFO - Filling up the DagBag from /usr/local/lib/python3.10/dist-packages/airflow/example_dags/example_sla_dag.py
[2024-03-12T09:31:21.171+0000] {processor.py:840} INFO - DAG(s) 'example_sla_dag' retrieved from /usr/local/lib/python3.10/dist-packages/airflow/example_dags/example_sla_dag.py
[2024-03-12T09:31:21.193+0000] {logging_mixin.py:188} INFO - [2024-03-12T09:31:21.193+0000] {dag.py:3047} INFO - Sync 1 DAGs
[2024-03-12T09:31:21.225+0000] {logging_mixin.py:188} INFO - [2024-03-12T09:31:21.224+0000] {dag.py:3834} INFO - Setting next_dagrun for example_sla_dag to 2024-03-12 09:28:00+00:00, run_after=2024-03-12 09:30:00+00:00
[2024-03-12T09:31:21.259+0000] {processor.py:183} INFO - Processing /usr/local/lib/python3.10/dist-packages/airflow/example_dags/example_sla_dag.py took 0.109 seconds
[2024-03-12T09:32:04.035+0000] {processor.py:161} INFO - Started process (PID=14544) to work on /usr/local/lib/python3.10/dist-packages/airflow/example_dags/example_sla_dag.py
[2024-03-12T09:32:04.037+0000] {processor.py:830} INFO - Processing file /usr/local/lib/python3.10/dist-packages/airflow/example_dags/example_sla_dag.py for tasks to queue
[2024-03-12T09:32:04.038+0000] {logging_mixin.py:188} INFO - [2024-03-12T09:32:04.038+0000] {dagbag.py:540} INFO - Filling up the DagBag from /usr/local/lib/python3.10/dist-packages/airflow/example_dags/example_sla_dag.py
[2024-03-12T09:32:04.064+0000] {processor.py:840} INFO - DAG(s) 'example_sla_dag' retrieved from /usr/local/lib/python3.10/dist-packages/airflow/example_dags/example_sla_dag.py
[2024-03-12T09:32:04.098+0000] {logging_mixin.py:188} INFO - [2024-03-12T09:32:04.097+0000] {dag.py:3047} INFO - Sync 1 DAGs
[2024-03-12T09:32:04.128+0000] {logging_mixin.py:188} INFO - [2024-03-12T09:32:04.128+0000] {dag.py:3834} INFO - Setting next_dagrun for example_sla_dag to 2024-03-12 09:30:00+00:00, run_after=2024-03-12 09:32:00+00:00
[2024-03-12T09:32:04.158+0000] {processor.py:183} INFO - Processing /usr/local/lib/python3.10/dist-packages/airflow/example_dags/example_sla_dag.py took 0.127 seconds
[2024-03-12T09:32:47.299+0000] {processor.py:161} INFO - Started process (PID=14586) to work on /usr/local/lib/python3.10/dist-packages/airflow/example_dags/example_sla_dag.py
[2024-03-12T09:32:47.305+0000] {processor.py:830} INFO - Processing file /usr/local/lib/python3.10/dist-packages/airflow/example_dags/example_sla_dag.py for tasks to queue
[2024-03-12T09:32:47.307+0000] {logging_mixin.py:188} INFO - [2024-03-12T09:32:47.306+0000] {dagbag.py:540} INFO - Filling up the DagBag from /usr/local/lib/python3.10/dist-packages/airflow/example_dags/example_sla_dag.py
[2024-03-12T09:32:47.329+0000] {processor.py:840} INFO - DAG(s) 'example_sla_dag' retrieved from /usr/local/lib/python3.10/dist-packages/airflow/example_dags/example_sla_dag.py
[2024-03-12T09:32:47.362+0000] {logging_mixin.py:188} INFO - [2024-03-12T09:32:47.362+0000] {dag.py:3047} INFO - Sync 1 DAGs
[2024-03-12T09:32:47.389+0000] {logging_mixin.py:188} INFO - [2024-03-12T09:32:47.389+0000] {dag.py:3834} INFO - Setting next_dagrun for example_sla_dag to 2024-03-12 09:30:00+00:00, run_after=2024-03-12 09:32:00+00:00
[2024-03-12T09:32:47.422+0000] {processor.py:183} INFO - Processing /usr/local/lib/python3.10/dist-packages/airflow/example_dags/example_sla_dag.py took 0.130 seconds
[2024-03-12T09:33:31.416+0000] {processor.py:161} INFO - Started process (PID=14629) to work on /usr/local/lib/python3.10/dist-packages/airflow/example_dags/example_sla_dag.py
[2024-03-12T09:33:31.418+0000] {processor.py:830} INFO - Processing file /usr/local/lib/python3.10/dist-packages/airflow/example_dags/example_sla_dag.py for tasks to queue
[2024-03-12T09:33:31.420+0000] {logging_mixin.py:188} INFO - [2024-03-12T09:33:31.419+0000] {dagbag.py:540} INFO - Filling up the DagBag from /usr/local/lib/python3.10/dist-packages/airflow/example_dags/example_sla_dag.py
[2024-03-12T09:33:31.432+0000] {processor.py:840} INFO - DAG(s) 'example_sla_dag' retrieved from /usr/local/lib/python3.10/dist-packages/airflow/example_dags/example_sla_dag.py
[2024-03-12T09:33:31.450+0000] {logging_mixin.py:188} INFO - [2024-03-12T09:33:31.449+0000] {dag.py:3047} INFO - Sync 1 DAGs
[2024-03-12T09:33:31.475+0000] {logging_mixin.py:188} INFO - [2024-03-12T09:33:31.474+0000] {dag.py:3834} INFO - Setting next_dagrun for example_sla_dag to 2024-03-12 09:30:00+00:00, run_after=2024-03-12 09:32:00+00:00
[2024-03-12T09:33:31.500+0000] {processor.py:183} INFO - Processing /usr/local/lib/python3.10/dist-packages/airflow/example_dags/example_sla_dag.py took 0.090 seconds
[2024-03-12T09:34:14.305+0000] {processor.py:161} INFO - Started process (PID=14671) to work on /usr/local/lib/python3.10/dist-packages/airflow/example_dags/example_sla_dag.py
[2024-03-12T09:34:14.306+0000] {processor.py:830} INFO - Processing file /usr/local/lib/python3.10/dist-packages/airflow/example_dags/example_sla_dag.py for tasks to queue
[2024-03-12T09:34:14.308+0000] {logging_mixin.py:188} INFO - [2024-03-12T09:34:14.307+0000] {dagbag.py:540} INFO - Filling up the DagBag from /usr/local/lib/python3.10/dist-packages/airflow/example_dags/example_sla_dag.py
[2024-03-12T09:34:14.330+0000] {processor.py:840} INFO - DAG(s) 'example_sla_dag' retrieved from /usr/local/lib/python3.10/dist-packages/airflow/example_dags/example_sla_dag.py
[2024-03-12T09:34:14.371+0000] {logging_mixin.py:188} INFO - [2024-03-12T09:34:14.371+0000] {dag.py:3047} INFO - Sync 1 DAGs
[2024-03-12T09:34:14.425+0000] {logging_mixin.py:188} INFO - [2024-03-12T09:34:14.423+0000] {dag.py:3834} INFO - Setting next_dagrun for example_sla_dag to 2024-03-12 09:32:00+00:00, run_after=2024-03-12 09:34:00+00:00
[2024-03-12T09:34:14.470+0000] {processor.py:183} INFO - Processing /usr/local/lib/python3.10/dist-packages/airflow/example_dags/example_sla_dag.py took 0.172 seconds
[2024-03-12T09:34:57.057+0000] {processor.py:161} INFO - Started process (PID=14712) to work on /usr/local/lib/python3.10/dist-packages/airflow/example_dags/example_sla_dag.py
[2024-03-12T09:34:57.061+0000] {processor.py:830} INFO - Processing file /usr/local/lib/python3.10/dist-packages/airflow/example_dags/example_sla_dag.py for tasks to queue
[2024-03-12T09:34:57.062+0000] {logging_mixin.py:188} INFO - [2024-03-12T09:34:57.062+0000] {dagbag.py:540} INFO - Filling up the DagBag from /usr/local/lib/python3.10/dist-packages/airflow/example_dags/example_sla_dag.py
[2024-03-12T09:34:57.085+0000] {processor.py:840} INFO - DAG(s) 'example_sla_dag' retrieved from /usr/local/lib/python3.10/dist-packages/airflow/example_dags/example_sla_dag.py
[2024-03-12T09:34:57.127+0000] {logging_mixin.py:188} INFO - [2024-03-12T09:34:57.125+0000] {dag.py:3047} INFO - Sync 1 DAGs
[2024-03-12T09:34:57.168+0000] {logging_mixin.py:188} INFO - [2024-03-12T09:34:57.168+0000] {dag.py:3834} INFO - Setting next_dagrun for example_sla_dag to 2024-03-12 09:32:00+00:00, run_after=2024-03-12 09:34:00+00:00
[2024-03-12T09:34:57.248+0000] {processor.py:183} INFO - Processing /usr/local/lib/python3.10/dist-packages/airflow/example_dags/example_sla_dag.py took 0.201 seconds
[2024-03-12T09:35:43.101+0000] {processor.py:161} INFO - Started process (PID=14756) to work on /usr/local/lib/python3.10/dist-packages/airflow/example_dags/example_sla_dag.py
[2024-03-12T09:35:43.103+0000] {processor.py:830} INFO - Processing file /usr/local/lib/python3.10/dist-packages/airflow/example_dags/example_sla_dag.py for tasks to queue
[2024-03-12T09:35:43.104+0000] {logging_mixin.py:188} INFO - [2024-03-12T09:35:43.104+0000] {dagbag.py:540} INFO - Filling up the DagBag from /usr/local/lib/python3.10/dist-packages/airflow/example_dags/example_sla_dag.py
[2024-03-12T09:35:43.117+0000] {processor.py:840} INFO - DAG(s) 'example_sla_dag' retrieved from /usr/local/lib/python3.10/dist-packages/airflow/example_dags/example_sla_dag.py
[2024-03-12T09:35:43.143+0000] {logging_mixin.py:188} INFO - [2024-03-12T09:35:43.143+0000] {dag.py:3047} INFO - Sync 1 DAGs
[2024-03-12T09:35:43.173+0000] {logging_mixin.py:188} INFO - [2024-03-12T09:35:43.173+0000] {dag.py:3834} INFO - Setting next_dagrun for example_sla_dag to 2024-03-12 09:32:00+00:00, run_after=2024-03-12 09:34:00+00:00
[2024-03-12T09:35:43.212+0000] {processor.py:183} INFO - Processing /usr/local/lib/python3.10/dist-packages/airflow/example_dags/example_sla_dag.py took 0.116 seconds
[2024-03-12T09:36:24.065+0000] {processor.py:161} INFO - Started process (PID=14795) to work on /usr/local/lib/python3.10/dist-packages/airflow/example_dags/example_sla_dag.py
[2024-03-12T09:36:24.066+0000] {processor.py:830} INFO - Processing file /usr/local/lib/python3.10/dist-packages/airflow/example_dags/example_sla_dag.py for tasks to queue
[2024-03-12T09:36:24.068+0000] {logging_mixin.py:188} INFO - [2024-03-12T09:36:24.068+0000] {dagbag.py:540} INFO - Filling up the DagBag from /usr/local/lib/python3.10/dist-packages/airflow/example_dags/example_sla_dag.py
[2024-03-12T09:36:24.080+0000] {processor.py:840} INFO - DAG(s) 'example_sla_dag' retrieved from /usr/local/lib/python3.10/dist-packages/airflow/example_dags/example_sla_dag.py
[2024-03-12T09:36:24.100+0000] {logging_mixin.py:188} INFO - [2024-03-12T09:36:24.099+0000] {dag.py:3047} INFO - Sync 1 DAGs
[2024-03-12T09:36:24.131+0000] {logging_mixin.py:188} INFO - [2024-03-12T09:36:24.131+0000] {dag.py:3834} INFO - Setting next_dagrun for example_sla_dag to 2024-03-12 09:34:00+00:00, run_after=2024-03-12 09:36:00+00:00
[2024-03-12T09:36:24.163+0000] {processor.py:183} INFO - Processing /usr/local/lib/python3.10/dist-packages/airflow/example_dags/example_sla_dag.py took 0.103 seconds
[2024-03-12T09:37:06.132+0000] {processor.py:161} INFO - Started process (PID=14835) to work on /usr/local/lib/python3.10/dist-packages/airflow/example_dags/example_sla_dag.py
[2024-03-12T09:37:06.134+0000] {processor.py:830} INFO - Processing file /usr/local/lib/python3.10/dist-packages/airflow/example_dags/example_sla_dag.py for tasks to queue
[2024-03-12T09:37:06.135+0000] {logging_mixin.py:188} INFO - [2024-03-12T09:37:06.135+0000] {dagbag.py:540} INFO - Filling up the DagBag from /usr/local/lib/python3.10/dist-packages/airflow/example_dags/example_sla_dag.py
[2024-03-12T09:37:06.146+0000] {processor.py:840} INFO - DAG(s) 'example_sla_dag' retrieved from /usr/local/lib/python3.10/dist-packages/airflow/example_dags/example_sla_dag.py
[2024-03-12T09:37:06.165+0000] {logging_mixin.py:188} INFO - [2024-03-12T09:37:06.165+0000] {dag.py:3047} INFO - Sync 1 DAGs
[2024-03-12T09:37:06.196+0000] {logging_mixin.py:188} INFO - [2024-03-12T09:37:06.196+0000] {dag.py:3834} INFO - Setting next_dagrun for example_sla_dag to 2024-03-12 09:34:00+00:00, run_after=2024-03-12 09:36:00+00:00
[2024-03-12T09:37:06.243+0000] {processor.py:183} INFO - Processing /usr/local/lib/python3.10/dist-packages/airflow/example_dags/example_sla_dag.py took 0.115 seconds
[2024-03-12T09:37:48.032+0000] {processor.py:161} INFO - Started process (PID=14877) to work on /usr/local/lib/python3.10/dist-packages/airflow/example_dags/example_sla_dag.py
[2024-03-12T09:37:48.033+0000] {processor.py:830} INFO - Processing file /usr/local/lib/python3.10/dist-packages/airflow/example_dags/example_sla_dag.py for tasks to queue
[2024-03-12T09:37:48.034+0000] {logging_mixin.py:188} INFO - [2024-03-12T09:37:48.034+0000] {dagbag.py:540} INFO - Filling up the DagBag from /usr/local/lib/python3.10/dist-packages/airflow/example_dags/example_sla_dag.py
[2024-03-12T09:37:48.044+0000] {processor.py:840} INFO - DAG(s) 'example_sla_dag' retrieved from /usr/local/lib/python3.10/dist-packages/airflow/example_dags/example_sla_dag.py
[2024-03-12T09:37:48.061+0000] {logging_mixin.py:188} INFO - [2024-03-12T09:37:48.061+0000] {dag.py:3047} INFO - Sync 1 DAGs
[2024-03-12T09:37:48.088+0000] {logging_mixin.py:188} INFO - [2024-03-12T09:37:48.087+0000] {dag.py:3834} INFO - Setting next_dagrun for example_sla_dag to 2024-03-12 09:34:00+00:00, run_after=2024-03-12 09:36:00+00:00
[2024-03-12T09:37:48.116+0000] {processor.py:183} INFO - Processing /usr/local/lib/python3.10/dist-packages/airflow/example_dags/example_sla_dag.py took 0.088 seconds
[2024-03-12T09:38:28.670+0000] {processor.py:161} INFO - Started process (PID=14917) to work on /usr/local/lib/python3.10/dist-packages/airflow/example_dags/example_sla_dag.py
[2024-03-12T09:38:28.671+0000] {processor.py:830} INFO - Processing file /usr/local/lib/python3.10/dist-packages/airflow/example_dags/example_sla_dag.py for tasks to queue
[2024-03-12T09:38:28.673+0000] {logging_mixin.py:188} INFO - [2024-03-12T09:38:28.672+0000] {dagbag.py:540} INFO - Filling up the DagBag from /usr/local/lib/python3.10/dist-packages/airflow/example_dags/example_sla_dag.py
[2024-03-12T09:38:28.687+0000] {processor.py:840} INFO - DAG(s) 'example_sla_dag' retrieved from /usr/local/lib/python3.10/dist-packages/airflow/example_dags/example_sla_dag.py
[2024-03-12T09:38:28.721+0000] {logging_mixin.py:188} INFO - [2024-03-12T09:38:28.720+0000] {dag.py:3047} INFO - Sync 1 DAGs
[2024-03-12T09:38:28.760+0000] {logging_mixin.py:188} INFO - [2024-03-12T09:38:28.759+0000] {dag.py:3834} INFO - Setting next_dagrun for example_sla_dag to 2024-03-12 09:36:00+00:00, run_after=2024-03-12 09:38:00+00:00
[2024-03-12T09:38:28.795+0000] {processor.py:183} INFO - Processing /usr/local/lib/python3.10/dist-packages/airflow/example_dags/example_sla_dag.py took 0.131 seconds
[2024-03-12T09:39:11.306+0000] {processor.py:161} INFO - Started process (PID=14957) to work on /usr/local/lib/python3.10/dist-packages/airflow/example_dags/example_sla_dag.py
[2024-03-12T09:39:11.309+0000] {processor.py:830} INFO - Processing file /usr/local/lib/python3.10/dist-packages/airflow/example_dags/example_sla_dag.py for tasks to queue
[2024-03-12T09:39:11.311+0000] {logging_mixin.py:188} INFO - [2024-03-12T09:39:11.310+0000] {dagbag.py:540} INFO - Filling up the DagBag from /usr/local/lib/python3.10/dist-packages/airflow/example_dags/example_sla_dag.py
[2024-03-12T09:39:11.331+0000] {processor.py:840} INFO - DAG(s) 'example_sla_dag' retrieved from /usr/local/lib/python3.10/dist-packages/airflow/example_dags/example_sla_dag.py
[2024-03-12T09:39:11.374+0000] {logging_mixin.py:188} INFO - [2024-03-12T09:39:11.373+0000] {dag.py:3047} INFO - Sync 1 DAGs
[2024-03-12T09:39:11.412+0000] {logging_mixin.py:188} INFO - [2024-03-12T09:39:11.412+0000] {dag.py:3834} INFO - Setting next_dagrun for example_sla_dag to 2024-03-12 09:36:00+00:00, run_after=2024-03-12 09:38:00+00:00
[2024-03-12T09:39:11.464+0000] {processor.py:183} INFO - Processing /usr/local/lib/python3.10/dist-packages/airflow/example_dags/example_sla_dag.py took 0.163 seconds
[2024-03-12T09:39:54.707+0000] {processor.py:161} INFO - Started process (PID=14999) to work on /usr/local/lib/python3.10/dist-packages/airflow/example_dags/example_sla_dag.py
[2024-03-12T09:39:54.710+0000] {processor.py:830} INFO - Processing file /usr/local/lib/python3.10/dist-packages/airflow/example_dags/example_sla_dag.py for tasks to queue
[2024-03-12T09:39:54.711+0000] {logging_mixin.py:188} INFO - [2024-03-12T09:39:54.711+0000] {dagbag.py:540} INFO - Filling up the DagBag from /usr/local/lib/python3.10/dist-packages/airflow/example_dags/example_sla_dag.py
[2024-03-12T09:39:54.733+0000] {processor.py:840} INFO - DAG(s) 'example_sla_dag' retrieved from /usr/local/lib/python3.10/dist-packages/airflow/example_dags/example_sla_dag.py
[2024-03-12T09:39:54.761+0000] {logging_mixin.py:188} INFO - [2024-03-12T09:39:54.761+0000] {dag.py:3047} INFO - Sync 1 DAGs
[2024-03-12T09:39:54.816+0000] {logging_mixin.py:188} INFO - [2024-03-12T09:39:54.816+0000] {dag.py:3834} INFO - Setting next_dagrun for example_sla_dag to 2024-03-12 09:36:00+00:00, run_after=2024-03-12 09:38:00+00:00
[2024-03-12T09:39:54.888+0000] {processor.py:183} INFO - Processing /usr/local/lib/python3.10/dist-packages/airflow/example_dags/example_sla_dag.py took 0.185 seconds
[2024-03-12T09:40:36.817+0000] {processor.py:161} INFO - Started process (PID=15040) to work on /usr/local/lib/python3.10/dist-packages/airflow/example_dags/example_sla_dag.py
[2024-03-12T09:40:36.819+0000] {processor.py:830} INFO - Processing file /usr/local/lib/python3.10/dist-packages/airflow/example_dags/example_sla_dag.py for tasks to queue
[2024-03-12T09:40:36.820+0000] {logging_mixin.py:188} INFO - [2024-03-12T09:40:36.820+0000] {dagbag.py:540} INFO - Filling up the DagBag from /usr/local/lib/python3.10/dist-packages/airflow/example_dags/example_sla_dag.py
[2024-03-12T09:40:36.831+0000] {processor.py:840} INFO - DAG(s) 'example_sla_dag' retrieved from /usr/local/lib/python3.10/dist-packages/airflow/example_dags/example_sla_dag.py
[2024-03-12T09:40:36.856+0000] {logging_mixin.py:188} INFO - [2024-03-12T09:40:36.855+0000] {dag.py:3047} INFO - Sync 1 DAGs
[2024-03-12T09:40:36.892+0000] {logging_mixin.py:188} INFO - [2024-03-12T09:40:36.892+0000] {dag.py:3834} INFO - Setting next_dagrun for example_sla_dag to 2024-03-12 09:38:00+00:00, run_after=2024-03-12 09:40:00+00:00
[2024-03-12T09:40:36.927+0000] {processor.py:183} INFO - Processing /usr/local/lib/python3.10/dist-packages/airflow/example_dags/example_sla_dag.py took 0.115 seconds
[2024-03-12T09:41:20.260+0000] {processor.py:161} INFO - Started process (PID=15082) to work on /usr/local/lib/python3.10/dist-packages/airflow/example_dags/example_sla_dag.py
[2024-03-12T09:41:20.262+0000] {processor.py:830} INFO - Processing file /usr/local/lib/python3.10/dist-packages/airflow/example_dags/example_sla_dag.py for tasks to queue
[2024-03-12T09:41:20.265+0000] {logging_mixin.py:188} INFO - [2024-03-12T09:41:20.263+0000] {dagbag.py:540} INFO - Filling up the DagBag from /usr/local/lib/python3.10/dist-packages/airflow/example_dags/example_sla_dag.py
[2024-03-12T09:41:20.282+0000] {processor.py:840} INFO - DAG(s) 'example_sla_dag' retrieved from /usr/local/lib/python3.10/dist-packages/airflow/example_dags/example_sla_dag.py
[2024-03-12T09:41:20.307+0000] {logging_mixin.py:188} INFO - [2024-03-12T09:41:20.306+0000] {dag.py:3047} INFO - Sync 1 DAGs
[2024-03-12T09:41:20.340+0000] {logging_mixin.py:188} INFO - [2024-03-12T09:41:20.340+0000] {dag.py:3834} INFO - Setting next_dagrun for example_sla_dag to 2024-03-12 09:38:00+00:00, run_after=2024-03-12 09:40:00+00:00
[2024-03-12T09:41:20.378+0000] {processor.py:183} INFO - Processing /usr/local/lib/python3.10/dist-packages/airflow/example_dags/example_sla_dag.py took 0.123 seconds
[2024-03-12T09:42:01.073+0000] {processor.py:161} INFO - Started process (PID=15122) to work on /usr/local/lib/python3.10/dist-packages/airflow/example_dags/example_sla_dag.py
[2024-03-12T09:42:01.074+0000] {processor.py:830} INFO - Processing file /usr/local/lib/python3.10/dist-packages/airflow/example_dags/example_sla_dag.py for tasks to queue
[2024-03-12T09:42:01.075+0000] {logging_mixin.py:188} INFO - [2024-03-12T09:42:01.075+0000] {dagbag.py:540} INFO - Filling up the DagBag from /usr/local/lib/python3.10/dist-packages/airflow/example_dags/example_sla_dag.py
[2024-03-12T09:42:01.087+0000] {processor.py:840} INFO - DAG(s) 'example_sla_dag' retrieved from /usr/local/lib/python3.10/dist-packages/airflow/example_dags/example_sla_dag.py
[2024-03-12T09:42:01.106+0000] {logging_mixin.py:188} INFO - [2024-03-12T09:42:01.106+0000] {dag.py:3047} INFO - Sync 1 DAGs
[2024-03-12T09:42:01.132+0000] {logging_mixin.py:188} INFO - [2024-03-12T09:42:01.131+0000] {dag.py:3834} INFO - Setting next_dagrun for example_sla_dag to 2024-03-12 09:40:00+00:00, run_after=2024-03-12 09:42:00+00:00
[2024-03-12T09:42:01.156+0000] {processor.py:183} INFO - Processing /usr/local/lib/python3.10/dist-packages/airflow/example_dags/example_sla_dag.py took 0.087 seconds
[2024-03-12T09:42:42.702+0000] {processor.py:161} INFO - Started process (PID=15166) to work on /usr/local/lib/python3.10/dist-packages/airflow/example_dags/example_sla_dag.py
[2024-03-12T09:42:42.707+0000] {processor.py:830} INFO - Processing file /usr/local/lib/python3.10/dist-packages/airflow/example_dags/example_sla_dag.py for tasks to queue
[2024-03-12T09:42:42.712+0000] {logging_mixin.py:188} INFO - [2024-03-12T09:42:42.708+0000] {dagbag.py:540} INFO - Filling up the DagBag from /usr/local/lib/python3.10/dist-packages/airflow/example_dags/example_sla_dag.py
[2024-03-12T09:42:42.739+0000] {processor.py:840} INFO - DAG(s) 'example_sla_dag' retrieved from /usr/local/lib/python3.10/dist-packages/airflow/example_dags/example_sla_dag.py
[2024-03-12T09:42:42.775+0000] {logging_mixin.py:188} INFO - [2024-03-12T09:42:42.775+0000] {dag.py:3047} INFO - Sync 1 DAGs
[2024-03-12T09:42:42.827+0000] {logging_mixin.py:188} INFO - [2024-03-12T09:42:42.827+0000] {dag.py:3834} INFO - Setting next_dagrun for example_sla_dag to 2024-03-12 09:40:00+00:00, run_after=2024-03-12 09:42:00+00:00
[2024-03-12T09:42:42.856+0000] {processor.py:183} INFO - Processing /usr/local/lib/python3.10/dist-packages/airflow/example_dags/example_sla_dag.py took 0.166 seconds
[2024-03-12T09:43:22.386+0000] {processor.py:161} INFO - Started process (PID=15274) to work on /usr/local/lib/python3.10/dist-packages/airflow/example_dags/example_sla_dag.py
[2024-03-12T09:43:22.388+0000] {processor.py:830} INFO - Processing file /usr/local/lib/python3.10/dist-packages/airflow/example_dags/example_sla_dag.py for tasks to queue
[2024-03-12T09:43:22.392+0000] {logging_mixin.py:188} INFO - [2024-03-12T09:43:22.389+0000] {dagbag.py:540} INFO - Filling up the DagBag from /usr/local/lib/python3.10/dist-packages/airflow/example_dags/example_sla_dag.py
[2024-03-12T09:43:22.427+0000] {processor.py:840} INFO - DAG(s) 'example_sla_dag' retrieved from /usr/local/lib/python3.10/dist-packages/airflow/example_dags/example_sla_dag.py
[2024-03-12T09:43:22.453+0000] {logging_mixin.py:188} INFO - [2024-03-12T09:43:22.453+0000] {dag.py:3047} INFO - Sync 1 DAGs
[2024-03-12T09:43:22.503+0000] {logging_mixin.py:188} INFO - [2024-03-12T09:43:22.503+0000] {dag.py:3834} INFO - Setting next_dagrun for example_sla_dag to 2024-03-12 09:40:00+00:00, run_after=2024-03-12 09:42:00+00:00
[2024-03-12T09:43:22.566+0000] {processor.py:183} INFO - Processing /usr/local/lib/python3.10/dist-packages/airflow/example_dags/example_sla_dag.py took 0.186 seconds
[2024-03-12T09:44:06.227+0000] {processor.py:161} INFO - Started process (PID=15331) to work on /usr/local/lib/python3.10/dist-packages/airflow/example_dags/example_sla_dag.py
[2024-03-12T09:44:06.229+0000] {processor.py:830} INFO - Processing file /usr/local/lib/python3.10/dist-packages/airflow/example_dags/example_sla_dag.py for tasks to queue
[2024-03-12T09:44:06.230+0000] {logging_mixin.py:188} INFO - [2024-03-12T09:44:06.229+0000] {dagbag.py:540} INFO - Filling up the DagBag from /usr/local/lib/python3.10/dist-packages/airflow/example_dags/example_sla_dag.py
[2024-03-12T09:44:06.239+0000] {processor.py:840} INFO - DAG(s) 'example_sla_dag' retrieved from /usr/local/lib/python3.10/dist-packages/airflow/example_dags/example_sla_dag.py
[2024-03-12T09:44:06.255+0000] {logging_mixin.py:188} INFO - [2024-03-12T09:44:06.255+0000] {dag.py:3047} INFO - Sync 1 DAGs
[2024-03-12T09:44:06.278+0000] {logging_mixin.py:188} INFO - [2024-03-12T09:44:06.277+0000] {dag.py:3834} INFO - Setting next_dagrun for example_sla_dag to 2024-03-12 09:42:00+00:00, run_after=2024-03-12 09:44:00+00:00
[2024-03-12T09:44:06.300+0000] {processor.py:183} INFO - Processing /usr/local/lib/python3.10/dist-packages/airflow/example_dags/example_sla_dag.py took 0.076 seconds
[2024-03-12T09:44:49.050+0000] {processor.py:161} INFO - Started process (PID=15374) to work on /usr/local/lib/python3.10/dist-packages/airflow/example_dags/example_sla_dag.py
[2024-03-12T09:44:49.052+0000] {processor.py:830} INFO - Processing file /usr/local/lib/python3.10/dist-packages/airflow/example_dags/example_sla_dag.py for tasks to queue
[2024-03-12T09:44:49.053+0000] {logging_mixin.py:188} INFO - [2024-03-12T09:44:49.053+0000] {dagbag.py:540} INFO - Filling up the DagBag from /usr/local/lib/python3.10/dist-packages/airflow/example_dags/example_sla_dag.py
[2024-03-12T09:44:49.067+0000] {processor.py:840} INFO - DAG(s) 'example_sla_dag' retrieved from /usr/local/lib/python3.10/dist-packages/airflow/example_dags/example_sla_dag.py
[2024-03-12T09:44:49.094+0000] {logging_mixin.py:188} INFO - [2024-03-12T09:44:49.094+0000] {dag.py:3047} INFO - Sync 1 DAGs
[2024-03-12T09:44:49.123+0000] {logging_mixin.py:188} INFO - [2024-03-12T09:44:49.123+0000] {dag.py:3834} INFO - Setting next_dagrun for example_sla_dag to 2024-03-12 09:42:00+00:00, run_after=2024-03-12 09:44:00+00:00
[2024-03-12T09:44:49.158+0000] {processor.py:183} INFO - Processing /usr/local/lib/python3.10/dist-packages/airflow/example_dags/example_sla_dag.py took 0.112 seconds
[2024-03-12T09:45:34.086+0000] {processor.py:161} INFO - Started process (PID=15416) to work on /usr/local/lib/python3.10/dist-packages/airflow/example_dags/example_sla_dag.py
[2024-03-12T09:45:34.087+0000] {processor.py:830} INFO - Processing file /usr/local/lib/python3.10/dist-packages/airflow/example_dags/example_sla_dag.py for tasks to queue
[2024-03-12T09:45:34.088+0000] {logging_mixin.py:188} INFO - [2024-03-12T09:45:34.088+0000] {dagbag.py:540} INFO - Filling up the DagBag from /usr/local/lib/python3.10/dist-packages/airflow/example_dags/example_sla_dag.py
[2024-03-12T09:45:34.099+0000] {processor.py:840} INFO - DAG(s) 'example_sla_dag' retrieved from /usr/local/lib/python3.10/dist-packages/airflow/example_dags/example_sla_dag.py
[2024-03-12T09:45:34.118+0000] {logging_mixin.py:188} INFO - [2024-03-12T09:45:34.118+0000] {dag.py:3047} INFO - Sync 1 DAGs
[2024-03-12T09:45:34.145+0000] {logging_mixin.py:188} INFO - [2024-03-12T09:45:34.144+0000] {dag.py:3834} INFO - Setting next_dagrun for example_sla_dag to 2024-03-12 09:42:00+00:00, run_after=2024-03-12 09:44:00+00:00
[2024-03-12T09:45:34.177+0000] {processor.py:183} INFO - Processing /usr/local/lib/python3.10/dist-packages/airflow/example_dags/example_sla_dag.py took 0.094 seconds
[2024-03-12T09:46:14.032+0000] {processor.py:161} INFO - Started process (PID=15456) to work on /usr/local/lib/python3.10/dist-packages/airflow/example_dags/example_sla_dag.py
[2024-03-12T09:46:14.034+0000] {processor.py:830} INFO - Processing file /usr/local/lib/python3.10/dist-packages/airflow/example_dags/example_sla_dag.py for tasks to queue
[2024-03-12T09:46:14.041+0000] {logging_mixin.py:188} INFO - [2024-03-12T09:46:14.037+0000] {dagbag.py:540} INFO - Filling up the DagBag from /usr/local/lib/python3.10/dist-packages/airflow/example_dags/example_sla_dag.py
[2024-03-12T09:46:14.077+0000] {processor.py:840} INFO - DAG(s) 'example_sla_dag' retrieved from /usr/local/lib/python3.10/dist-packages/airflow/example_dags/example_sla_dag.py
[2024-03-12T09:46:14.127+0000] {logging_mixin.py:188} INFO - [2024-03-12T09:46:14.127+0000] {dag.py:3047} INFO - Sync 1 DAGs
[2024-03-12T09:46:14.173+0000] {logging_mixin.py:188} INFO - [2024-03-12T09:46:14.172+0000] {dag.py:3834} INFO - Setting next_dagrun for example_sla_dag to 2024-03-12 09:44:00+00:00, run_after=2024-03-12 09:46:00+00:00
[2024-03-12T09:46:14.225+0000] {processor.py:183} INFO - Processing /usr/local/lib/python3.10/dist-packages/airflow/example_dags/example_sla_dag.py took 0.203 seconds
[2024-03-12T09:46:54.331+0000] {processor.py:161} INFO - Started process (PID=15497) to work on /usr/local/lib/python3.10/dist-packages/airflow/example_dags/example_sla_dag.py
[2024-03-12T09:46:54.333+0000] {processor.py:830} INFO - Processing file /usr/local/lib/python3.10/dist-packages/airflow/example_dags/example_sla_dag.py for tasks to queue
[2024-03-12T09:46:54.335+0000] {logging_mixin.py:188} INFO - [2024-03-12T09:46:54.334+0000] {dagbag.py:540} INFO - Filling up the DagBag from /usr/local/lib/python3.10/dist-packages/airflow/example_dags/example_sla_dag.py
[2024-03-12T09:46:54.359+0000] {processor.py:840} INFO - DAG(s) 'example_sla_dag' retrieved from /usr/local/lib/python3.10/dist-packages/airflow/example_dags/example_sla_dag.py
[2024-03-12T09:46:54.390+0000] {logging_mixin.py:188} INFO - [2024-03-12T09:46:54.390+0000] {dag.py:3047} INFO - Sync 1 DAGs
[2024-03-12T09:46:54.437+0000] {logging_mixin.py:188} INFO - [2024-03-12T09:46:54.436+0000] {dag.py:3834} INFO - Setting next_dagrun for example_sla_dag to 2024-03-12 09:44:00+00:00, run_after=2024-03-12 09:46:00+00:00
[2024-03-12T09:46:54.470+0000] {processor.py:183} INFO - Processing /usr/local/lib/python3.10/dist-packages/airflow/example_dags/example_sla_dag.py took 0.145 seconds
[2024-03-12T09:47:34.450+0000] {processor.py:161} INFO - Started process (PID=15534) to work on /usr/local/lib/python3.10/dist-packages/airflow/example_dags/example_sla_dag.py
[2024-03-12T09:47:34.452+0000] {processor.py:830} INFO - Processing file /usr/local/lib/python3.10/dist-packages/airflow/example_dags/example_sla_dag.py for tasks to queue
[2024-03-12T09:47:34.453+0000] {logging_mixin.py:188} INFO - [2024-03-12T09:47:34.452+0000] {dagbag.py:540} INFO - Filling up the DagBag from /usr/local/lib/python3.10/dist-packages/airflow/example_dags/example_sla_dag.py
[2024-03-12T09:47:34.468+0000] {processor.py:840} INFO - DAG(s) 'example_sla_dag' retrieved from /usr/local/lib/python3.10/dist-packages/airflow/example_dags/example_sla_dag.py
[2024-03-12T09:47:34.490+0000] {logging_mixin.py:188} INFO - [2024-03-12T09:47:34.489+0000] {dag.py:3047} INFO - Sync 1 DAGs
[2024-03-12T09:47:34.524+0000] {logging_mixin.py:188} INFO - [2024-03-12T09:47:34.524+0000] {dag.py:3834} INFO - Setting next_dagrun for example_sla_dag to 2024-03-12 09:44:00+00:00, run_after=2024-03-12 09:46:00+00:00
[2024-03-12T09:47:34.589+0000] {processor.py:183} INFO - Processing /usr/local/lib/python3.10/dist-packages/airflow/example_dags/example_sla_dag.py took 0.143 seconds
[2024-03-12T09:48:17.638+0000] {processor.py:161} INFO - Started process (PID=15578) to work on /usr/local/lib/python3.10/dist-packages/airflow/example_dags/example_sla_dag.py
[2024-03-12T09:48:17.639+0000] {processor.py:830} INFO - Processing file /usr/local/lib/python3.10/dist-packages/airflow/example_dags/example_sla_dag.py for tasks to queue
[2024-03-12T09:48:17.640+0000] {logging_mixin.py:188} INFO - [2024-03-12T09:48:17.640+0000] {dagbag.py:540} INFO - Filling up the DagBag from /usr/local/lib/python3.10/dist-packages/airflow/example_dags/example_sla_dag.py
[2024-03-12T09:48:17.652+0000] {processor.py:840} INFO - DAG(s) 'example_sla_dag' retrieved from /usr/local/lib/python3.10/dist-packages/airflow/example_dags/example_sla_dag.py
[2024-03-12T09:48:17.670+0000] {logging_mixin.py:188} INFO - [2024-03-12T09:48:17.670+0000] {dag.py:3047} INFO - Sync 1 DAGs
[2024-03-12T09:48:17.707+0000] {logging_mixin.py:188} INFO - [2024-03-12T09:48:17.707+0000] {dag.py:3834} INFO - Setting next_dagrun for example_sla_dag to 2024-03-12 09:46:00+00:00, run_after=2024-03-12 09:48:00+00:00
[2024-03-12T09:48:17.737+0000] {processor.py:183} INFO - Processing /usr/local/lib/python3.10/dist-packages/airflow/example_dags/example_sla_dag.py took 0.103 seconds
[2024-03-12T09:48:57.462+0000] {processor.py:161} INFO - Started process (PID=15621) to work on /usr/local/lib/python3.10/dist-packages/airflow/example_dags/example_sla_dag.py
[2024-03-12T09:48:57.464+0000] {processor.py:830} INFO - Processing file /usr/local/lib/python3.10/dist-packages/airflow/example_dags/example_sla_dag.py for tasks to queue
[2024-03-12T09:48:57.465+0000] {logging_mixin.py:188} INFO - [2024-03-12T09:48:57.464+0000] {dagbag.py:540} INFO - Filling up the DagBag from /usr/local/lib/python3.10/dist-packages/airflow/example_dags/example_sla_dag.py
[2024-03-12T09:48:57.474+0000] {processor.py:840} INFO - DAG(s) 'example_sla_dag' retrieved from /usr/local/lib/python3.10/dist-packages/airflow/example_dags/example_sla_dag.py
[2024-03-12T09:48:57.506+0000] {logging_mixin.py:188} INFO - [2024-03-12T09:48:57.505+0000] {dag.py:3047} INFO - Sync 1 DAGs
[2024-03-12T09:48:57.551+0000] {logging_mixin.py:188} INFO - [2024-03-12T09:48:57.549+0000] {dag.py:3834} INFO - Setting next_dagrun for example_sla_dag to 2024-03-12 09:46:00+00:00, run_after=2024-03-12 09:48:00+00:00
[2024-03-12T09:48:57.602+0000] {processor.py:183} INFO - Processing /usr/local/lib/python3.10/dist-packages/airflow/example_dags/example_sla_dag.py took 0.143 seconds
[2024-03-12T09:49:39.455+0000] {processor.py:161} INFO - Started process (PID=15662) to work on /usr/local/lib/python3.10/dist-packages/airflow/example_dags/example_sla_dag.py
[2024-03-12T09:49:39.457+0000] {processor.py:830} INFO - Processing file /usr/local/lib/python3.10/dist-packages/airflow/example_dags/example_sla_dag.py for tasks to queue
[2024-03-12T09:49:39.459+0000] {logging_mixin.py:188} INFO - [2024-03-12T09:49:39.458+0000] {dagbag.py:540} INFO - Filling up the DagBag from /usr/local/lib/python3.10/dist-packages/airflow/example_dags/example_sla_dag.py
[2024-03-12T09:49:39.472+0000] {processor.py:840} INFO - DAG(s) 'example_sla_dag' retrieved from /usr/local/lib/python3.10/dist-packages/airflow/example_dags/example_sla_dag.py
[2024-03-12T09:49:39.512+0000] {logging_mixin.py:188} INFO - [2024-03-12T09:49:39.512+0000] {dag.py:3047} INFO - Sync 1 DAGs
[2024-03-12T09:49:39.551+0000] {logging_mixin.py:188} INFO - [2024-03-12T09:49:39.550+0000] {dag.py:3834} INFO - Setting next_dagrun for example_sla_dag to 2024-03-12 09:46:00+00:00, run_after=2024-03-12 09:48:00+00:00
[2024-03-12T09:49:39.576+0000] {processor.py:183} INFO - Processing /usr/local/lib/python3.10/dist-packages/airflow/example_dags/example_sla_dag.py took 0.128 seconds
[2024-03-12T09:50:23.324+0000] {processor.py:161} INFO - Started process (PID=15704) to work on /usr/local/lib/python3.10/dist-packages/airflow/example_dags/example_sla_dag.py
[2024-03-12T09:50:23.326+0000] {processor.py:830} INFO - Processing file /usr/local/lib/python3.10/dist-packages/airflow/example_dags/example_sla_dag.py for tasks to queue
[2024-03-12T09:50:23.328+0000] {logging_mixin.py:188} INFO - [2024-03-12T09:50:23.327+0000] {dagbag.py:540} INFO - Filling up the DagBag from /usr/local/lib/python3.10/dist-packages/airflow/example_dags/example_sla_dag.py
[2024-03-12T09:50:23.340+0000] {processor.py:840} INFO - DAG(s) 'example_sla_dag' retrieved from /usr/local/lib/python3.10/dist-packages/airflow/example_dags/example_sla_dag.py
[2024-03-12T09:50:23.363+0000] {logging_mixin.py:188} INFO - [2024-03-12T09:50:23.362+0000] {dag.py:3047} INFO - Sync 1 DAGs
[2024-03-12T09:50:23.392+0000] {logging_mixin.py:188} INFO - [2024-03-12T09:50:23.391+0000] {dag.py:3834} INFO - Setting next_dagrun for example_sla_dag to 2024-03-12 09:48:00+00:00, run_after=2024-03-12 09:50:00+00:00
[2024-03-12T09:50:23.424+0000] {processor.py:183} INFO - Processing /usr/local/lib/python3.10/dist-packages/airflow/example_dags/example_sla_dag.py took 0.104 seconds
[2024-03-12T09:51:08.311+0000] {processor.py:161} INFO - Started process (PID=15746) to work on /usr/local/lib/python3.10/dist-packages/airflow/example_dags/example_sla_dag.py
[2024-03-12T09:51:08.312+0000] {processor.py:830} INFO - Processing file /usr/local/lib/python3.10/dist-packages/airflow/example_dags/example_sla_dag.py for tasks to queue
[2024-03-12T09:51:08.313+0000] {logging_mixin.py:188} INFO - [2024-03-12T09:51:08.313+0000] {dagbag.py:540} INFO - Filling up the DagBag from /usr/local/lib/python3.10/dist-packages/airflow/example_dags/example_sla_dag.py
[2024-03-12T09:51:08.324+0000] {processor.py:840} INFO - DAG(s) 'example_sla_dag' retrieved from /usr/local/lib/python3.10/dist-packages/airflow/example_dags/example_sla_dag.py
[2024-03-12T09:51:08.341+0000] {logging_mixin.py:188} INFO - [2024-03-12T09:51:08.341+0000] {dag.py:3047} INFO - Sync 1 DAGs
[2024-03-12T09:51:08.367+0000] {logging_mixin.py:188} INFO - [2024-03-12T09:51:08.366+0000] {dag.py:3834} INFO - Setting next_dagrun for example_sla_dag to 2024-03-12 09:48:00+00:00, run_after=2024-03-12 09:50:00+00:00
[2024-03-12T09:51:08.390+0000] {processor.py:183} INFO - Processing /usr/local/lib/python3.10/dist-packages/airflow/example_dags/example_sla_dag.py took 0.083 seconds
[2024-03-12T09:51:56.864+0000] {processor.py:161} INFO - Started process (PID=15791) to work on /usr/local/lib/python3.10/dist-packages/airflow/example_dags/example_sla_dag.py
[2024-03-12T09:51:56.865+0000] {processor.py:830} INFO - Processing file /usr/local/lib/python3.10/dist-packages/airflow/example_dags/example_sla_dag.py for tasks to queue
[2024-03-12T09:51:56.866+0000] {logging_mixin.py:188} INFO - [2024-03-12T09:51:56.866+0000] {dagbag.py:540} INFO - Filling up the DagBag from /usr/local/lib/python3.10/dist-packages/airflow/example_dags/example_sla_dag.py
[2024-03-12T09:51:56.878+0000] {processor.py:840} INFO - DAG(s) 'example_sla_dag' retrieved from /usr/local/lib/python3.10/dist-packages/airflow/example_dags/example_sla_dag.py
[2024-03-12T09:51:56.896+0000] {logging_mixin.py:188} INFO - [2024-03-12T09:51:56.896+0000] {dag.py:3047} INFO - Sync 1 DAGs
[2024-03-12T09:51:56.929+0000] {logging_mixin.py:188} INFO - [2024-03-12T09:51:56.929+0000] {dag.py:3834} INFO - Setting next_dagrun for example_sla_dag to 2024-03-12 09:48:00+00:00, run_after=2024-03-12 09:50:00+00:00
[2024-03-12T09:51:56.972+0000] {processor.py:183} INFO - Processing /usr/local/lib/python3.10/dist-packages/airflow/example_dags/example_sla_dag.py took 0.112 seconds
[2024-03-12T09:52:41.560+0000] {processor.py:161} INFO - Started process (PID=15837) to work on /usr/local/lib/python3.10/dist-packages/airflow/example_dags/example_sla_dag.py
[2024-03-12T09:52:41.563+0000] {processor.py:830} INFO - Processing file /usr/local/lib/python3.10/dist-packages/airflow/example_dags/example_sla_dag.py for tasks to queue
[2024-03-12T09:52:41.565+0000] {logging_mixin.py:188} INFO - [2024-03-12T09:52:41.564+0000] {dagbag.py:540} INFO - Filling up the DagBag from /usr/local/lib/python3.10/dist-packages/airflow/example_dags/example_sla_dag.py
[2024-03-12T09:52:41.586+0000] {processor.py:840} INFO - DAG(s) 'example_sla_dag' retrieved from /usr/local/lib/python3.10/dist-packages/airflow/example_dags/example_sla_dag.py
[2024-03-12T09:52:41.630+0000] {logging_mixin.py:188} INFO - [2024-03-12T09:52:41.630+0000] {dag.py:3047} INFO - Sync 1 DAGs
[2024-03-12T09:52:41.679+0000] {logging_mixin.py:188} INFO - [2024-03-12T09:52:41.679+0000] {dag.py:3834} INFO - Setting next_dagrun for example_sla_dag to 2024-03-12 09:50:00+00:00, run_after=2024-03-12 09:52:00+00:00
[2024-03-12T09:52:41.720+0000] {processor.py:183} INFO - Processing /usr/local/lib/python3.10/dist-packages/airflow/example_dags/example_sla_dag.py took 0.164 seconds
[2024-03-12T09:53:23.501+0000] {processor.py:161} INFO - Started process (PID=15878) to work on /usr/local/lib/python3.10/dist-packages/airflow/example_dags/example_sla_dag.py
[2024-03-12T09:53:23.503+0000] {processor.py:830} INFO - Processing file /usr/local/lib/python3.10/dist-packages/airflow/example_dags/example_sla_dag.py for tasks to queue
[2024-03-12T09:53:23.504+0000] {logging_mixin.py:188} INFO - [2024-03-12T09:53:23.504+0000] {dagbag.py:540} INFO - Filling up the DagBag from /usr/local/lib/python3.10/dist-packages/airflow/example_dags/example_sla_dag.py
[2024-03-12T09:53:23.515+0000] {processor.py:840} INFO - DAG(s) 'example_sla_dag' retrieved from /usr/local/lib/python3.10/dist-packages/airflow/example_dags/example_sla_dag.py
[2024-03-12T09:53:23.533+0000] {logging_mixin.py:188} INFO - [2024-03-12T09:53:23.532+0000] {dag.py:3047} INFO - Sync 1 DAGs
[2024-03-12T09:53:23.557+0000] {logging_mixin.py:188} INFO - [2024-03-12T09:53:23.557+0000] {dag.py:3834} INFO - Setting next_dagrun for example_sla_dag to 2024-03-12 09:50:00+00:00, run_after=2024-03-12 09:52:00+00:00
[2024-03-12T09:53:23.584+0000] {processor.py:183} INFO - Processing /usr/local/lib/python3.10/dist-packages/airflow/example_dags/example_sla_dag.py took 0.087 seconds
[2024-03-12T09:54:08.174+0000] {processor.py:161} INFO - Started process (PID=15919) to work on /usr/local/lib/python3.10/dist-packages/airflow/example_dags/example_sla_dag.py
[2024-03-12T09:54:08.176+0000] {processor.py:830} INFO - Processing file /usr/local/lib/python3.10/dist-packages/airflow/example_dags/example_sla_dag.py for tasks to queue
[2024-03-12T09:54:08.177+0000] {logging_mixin.py:188} INFO - [2024-03-12T09:54:08.176+0000] {dagbag.py:540} INFO - Filling up the DagBag from /usr/local/lib/python3.10/dist-packages/airflow/example_dags/example_sla_dag.py
[2024-03-12T09:54:08.195+0000] {processor.py:840} INFO - DAG(s) 'example_sla_dag' retrieved from /usr/local/lib/python3.10/dist-packages/airflow/example_dags/example_sla_dag.py
[2024-03-12T09:54:08.247+0000] {logging_mixin.py:188} INFO - [2024-03-12T09:54:08.246+0000] {dag.py:3047} INFO - Sync 1 DAGs
[2024-03-12T09:54:08.280+0000] {logging_mixin.py:188} INFO - [2024-03-12T09:54:08.280+0000] {dag.py:3834} INFO - Setting next_dagrun for example_sla_dag to 2024-03-12 09:52:00+00:00, run_after=2024-03-12 09:54:00+00:00
[2024-03-12T09:54:08.318+0000] {processor.py:183} INFO - Processing /usr/local/lib/python3.10/dist-packages/airflow/example_dags/example_sla_dag.py took 0.151 seconds
[2024-03-12T09:54:54.907+0000] {processor.py:161} INFO - Started process (PID=15966) to work on /usr/local/lib/python3.10/dist-packages/airflow/example_dags/example_sla_dag.py
[2024-03-12T09:54:54.909+0000] {processor.py:830} INFO - Processing file /usr/local/lib/python3.10/dist-packages/airflow/example_dags/example_sla_dag.py for tasks to queue
[2024-03-12T09:54:54.910+0000] {logging_mixin.py:188} INFO - [2024-03-12T09:54:54.909+0000] {dagbag.py:540} INFO - Filling up the DagBag from /usr/local/lib/python3.10/dist-packages/airflow/example_dags/example_sla_dag.py
[2024-03-12T09:54:54.923+0000] {processor.py:840} INFO - DAG(s) 'example_sla_dag' retrieved from /usr/local/lib/python3.10/dist-packages/airflow/example_dags/example_sla_dag.py
[2024-03-12T09:54:54.942+0000] {logging_mixin.py:188} INFO - [2024-03-12T09:54:54.942+0000] {dag.py:3047} INFO - Sync 1 DAGs
[2024-03-12T09:54:54.977+0000] {logging_mixin.py:188} INFO - [2024-03-12T09:54:54.977+0000] {dag.py:3834} INFO - Setting next_dagrun for example_sla_dag to 2024-03-12 09:52:00+00:00, run_after=2024-03-12 09:54:00+00:00
[2024-03-12T09:54:55.010+0000] {processor.py:183} INFO - Processing /usr/local/lib/python3.10/dist-packages/airflow/example_dags/example_sla_dag.py took 0.108 seconds
[2024-03-12T09:55:38.787+0000] {processor.py:161} INFO - Started process (PID=16010) to work on /usr/local/lib/python3.10/dist-packages/airflow/example_dags/example_sla_dag.py
[2024-03-12T09:55:38.788+0000] {processor.py:830} INFO - Processing file /usr/local/lib/python3.10/dist-packages/airflow/example_dags/example_sla_dag.py for tasks to queue
[2024-03-12T09:55:38.790+0000] {logging_mixin.py:188} INFO - [2024-03-12T09:55:38.789+0000] {dagbag.py:540} INFO - Filling up the DagBag from /usr/local/lib/python3.10/dist-packages/airflow/example_dags/example_sla_dag.py
[2024-03-12T09:55:38.801+0000] {processor.py:840} INFO - DAG(s) 'example_sla_dag' retrieved from /usr/local/lib/python3.10/dist-packages/airflow/example_dags/example_sla_dag.py
[2024-03-12T09:55:38.820+0000] {logging_mixin.py:188} INFO - [2024-03-12T09:55:38.820+0000] {dag.py:3047} INFO - Sync 1 DAGs
[2024-03-12T09:55:38.851+0000] {logging_mixin.py:188} INFO - [2024-03-12T09:55:38.850+0000] {dag.py:3834} INFO - Setting next_dagrun for example_sla_dag to 2024-03-12 09:52:00+00:00, run_after=2024-03-12 09:54:00+00:00
[2024-03-12T09:55:38.879+0000] {processor.py:183} INFO - Processing /usr/local/lib/python3.10/dist-packages/airflow/example_dags/example_sla_dag.py took 0.096 seconds
[2024-03-12T09:56:23.979+0000] {processor.py:161} INFO - Started process (PID=16053) to work on /usr/local/lib/python3.10/dist-packages/airflow/example_dags/example_sla_dag.py
[2024-03-12T09:56:23.981+0000] {processor.py:830} INFO - Processing file /usr/local/lib/python3.10/dist-packages/airflow/example_dags/example_sla_dag.py for tasks to queue
[2024-03-12T09:56:23.982+0000] {logging_mixin.py:188} INFO - [2024-03-12T09:56:23.981+0000] {dagbag.py:540} INFO - Filling up the DagBag from /usr/local/lib/python3.10/dist-packages/airflow/example_dags/example_sla_dag.py
[2024-03-12T09:56:23.994+0000] {processor.py:840} INFO - DAG(s) 'example_sla_dag' retrieved from /usr/local/lib/python3.10/dist-packages/airflow/example_dags/example_sla_dag.py
[2024-03-12T09:56:24.013+0000] {logging_mixin.py:188} INFO - [2024-03-12T09:56:24.013+0000] {dag.py:3047} INFO - Sync 1 DAGs
[2024-03-12T09:56:24.042+0000] {logging_mixin.py:188} INFO - [2024-03-12T09:56:24.042+0000] {dag.py:3834} INFO - Setting next_dagrun for example_sla_dag to 2024-03-12 09:54:00+00:00, run_after=2024-03-12 09:56:00+00:00
[2024-03-12T09:56:24.072+0000] {processor.py:183} INFO - Processing /usr/local/lib/python3.10/dist-packages/airflow/example_dags/example_sla_dag.py took 0.100 seconds
[2024-03-12T09:57:07.754+0000] {processor.py:161} INFO - Started process (PID=16095) to work on /usr/local/lib/python3.10/dist-packages/airflow/example_dags/example_sla_dag.py
[2024-03-12T09:57:07.755+0000] {processor.py:830} INFO - Processing file /usr/local/lib/python3.10/dist-packages/airflow/example_dags/example_sla_dag.py for tasks to queue
[2024-03-12T09:57:07.756+0000] {logging_mixin.py:188} INFO - [2024-03-12T09:57:07.756+0000] {dagbag.py:540} INFO - Filling up the DagBag from /usr/local/lib/python3.10/dist-packages/airflow/example_dags/example_sla_dag.py
[2024-03-12T09:57:07.766+0000] {processor.py:840} INFO - DAG(s) 'example_sla_dag' retrieved from /usr/local/lib/python3.10/dist-packages/airflow/example_dags/example_sla_dag.py
[2024-03-12T09:57:07.803+0000] {logging_mixin.py:188} INFO - [2024-03-12T09:57:07.802+0000] {dag.py:3047} INFO - Sync 1 DAGs
[2024-03-12T09:57:07.827+0000] {logging_mixin.py:188} INFO - [2024-03-12T09:57:07.827+0000] {dag.py:3834} INFO - Setting next_dagrun for example_sla_dag to 2024-03-12 09:54:00+00:00, run_after=2024-03-12 09:56:00+00:00
[2024-03-12T09:57:07.862+0000] {processor.py:183} INFO - Processing /usr/local/lib/python3.10/dist-packages/airflow/example_dags/example_sla_dag.py took 0.112 seconds
[2024-03-12T09:57:51.689+0000] {processor.py:161} INFO - Started process (PID=16138) to work on /usr/local/lib/python3.10/dist-packages/airflow/example_dags/example_sla_dag.py
[2024-03-12T09:57:51.691+0000] {processor.py:830} INFO - Processing file /usr/local/lib/python3.10/dist-packages/airflow/example_dags/example_sla_dag.py for tasks to queue
[2024-03-12T09:57:51.692+0000] {logging_mixin.py:188} INFO - [2024-03-12T09:57:51.691+0000] {dagbag.py:540} INFO - Filling up the DagBag from /usr/local/lib/python3.10/dist-packages/airflow/example_dags/example_sla_dag.py
[2024-03-12T09:57:51.706+0000] {processor.py:840} INFO - DAG(s) 'example_sla_dag' retrieved from /usr/local/lib/python3.10/dist-packages/airflow/example_dags/example_sla_dag.py
[2024-03-12T09:57:51.727+0000] {logging_mixin.py:188} INFO - [2024-03-12T09:57:51.727+0000] {dag.py:3047} INFO - Sync 1 DAGs
[2024-03-12T09:57:51.760+0000] {logging_mixin.py:188} INFO - [2024-03-12T09:57:51.760+0000] {dag.py:3834} INFO - Setting next_dagrun for example_sla_dag to 2024-03-12 09:54:00+00:00, run_after=2024-03-12 09:56:00+00:00
[2024-03-12T09:57:51.789+0000] {processor.py:183} INFO - Processing /usr/local/lib/python3.10/dist-packages/airflow/example_dags/example_sla_dag.py took 0.106 seconds
[2024-03-12T09:58:34.869+0000] {processor.py:161} INFO - Started process (PID=16190) to work on /usr/local/lib/python3.10/dist-packages/airflow/example_dags/example_sla_dag.py
[2024-03-12T09:58:34.871+0000] {processor.py:830} INFO - Processing file /usr/local/lib/python3.10/dist-packages/airflow/example_dags/example_sla_dag.py for tasks to queue
[2024-03-12T09:58:34.872+0000] {logging_mixin.py:188} INFO - [2024-03-12T09:58:34.871+0000] {dagbag.py:540} INFO - Filling up the DagBag from /usr/local/lib/python3.10/dist-packages/airflow/example_dags/example_sla_dag.py
[2024-03-12T09:58:34.885+0000] {processor.py:840} INFO - DAG(s) 'example_sla_dag' retrieved from /usr/local/lib/python3.10/dist-packages/airflow/example_dags/example_sla_dag.py
[2024-03-12T09:58:34.910+0000] {logging_mixin.py:188} INFO - [2024-03-12T09:58:34.910+0000] {dag.py:3047} INFO - Sync 1 DAGs
[2024-03-12T09:58:34.941+0000] {logging_mixin.py:188} INFO - [2024-03-12T09:58:34.940+0000] {dag.py:3834} INFO - Setting next_dagrun for example_sla_dag to 2024-03-12 09:56:00+00:00, run_after=2024-03-12 09:58:00+00:00
[2024-03-12T09:58:34.971+0000] {processor.py:183} INFO - Processing /usr/local/lib/python3.10/dist-packages/airflow/example_dags/example_sla_dag.py took 0.106 seconds
[2024-03-12T09:59:15.241+0000] {processor.py:161} INFO - Started process (PID=16233) to work on /usr/local/lib/python3.10/dist-packages/airflow/example_dags/example_sla_dag.py
[2024-03-12T09:59:15.249+0000] {processor.py:830} INFO - Processing file /usr/local/lib/python3.10/dist-packages/airflow/example_dags/example_sla_dag.py for tasks to queue
[2024-03-12T09:59:15.251+0000] {logging_mixin.py:188} INFO - [2024-03-12T09:59:15.250+0000] {dagbag.py:540} INFO - Filling up the DagBag from /usr/local/lib/python3.10/dist-packages/airflow/example_dags/example_sla_dag.py
[2024-03-12T09:59:15.276+0000] {processor.py:840} INFO - DAG(s) 'example_sla_dag' retrieved from /usr/local/lib/python3.10/dist-packages/airflow/example_dags/example_sla_dag.py
[2024-03-12T09:59:15.309+0000] {logging_mixin.py:188} INFO - [2024-03-12T09:59:15.309+0000] {dag.py:3047} INFO - Sync 1 DAGs
[2024-03-12T09:59:15.349+0000] {logging_mixin.py:188} INFO - [2024-03-12T09:59:15.348+0000] {dag.py:3834} INFO - Setting next_dagrun for example_sla_dag to 2024-03-12 09:56:00+00:00, run_after=2024-03-12 09:58:00+00:00
[2024-03-12T09:59:15.411+0000] {processor.py:183} INFO - Processing /usr/local/lib/python3.10/dist-packages/airflow/example_dags/example_sla_dag.py took 0.175 seconds
[2024-03-12T09:59:59.555+0000] {processor.py:161} INFO - Started process (PID=16280) to work on /usr/local/lib/python3.10/dist-packages/airflow/example_dags/example_sla_dag.py
[2024-03-12T09:59:59.557+0000] {processor.py:830} INFO - Processing file /usr/local/lib/python3.10/dist-packages/airflow/example_dags/example_sla_dag.py for tasks to queue
[2024-03-12T09:59:59.558+0000] {logging_mixin.py:188} INFO - [2024-03-12T09:59:59.558+0000] {dagbag.py:540} INFO - Filling up the DagBag from /usr/local/lib/python3.10/dist-packages/airflow/example_dags/example_sla_dag.py
[2024-03-12T09:59:59.568+0000] {processor.py:840} INFO - DAG(s) 'example_sla_dag' retrieved from /usr/local/lib/python3.10/dist-packages/airflow/example_dags/example_sla_dag.py
[2024-03-12T09:59:59.590+0000] {logging_mixin.py:188} INFO - [2024-03-12T09:59:59.589+0000] {dag.py:3047} INFO - Sync 1 DAGs
[2024-03-12T09:59:59.616+0000] {logging_mixin.py:188} INFO - [2024-03-12T09:59:59.616+0000] {dag.py:3834} INFO - Setting next_dagrun for example_sla_dag to 2024-03-12 09:56:00+00:00, run_after=2024-03-12 09:58:00+00:00
[2024-03-12T09:59:59.641+0000] {processor.py:183} INFO - Processing /usr/local/lib/python3.10/dist-packages/airflow/example_dags/example_sla_dag.py took 0.090 seconds
[2024-03-12T10:00:40.872+0000] {processor.py:161} INFO - Started process (PID=16325) to work on /usr/local/lib/python3.10/dist-packages/airflow/example_dags/example_sla_dag.py
[2024-03-12T10:00:40.873+0000] {processor.py:830} INFO - Processing file /usr/local/lib/python3.10/dist-packages/airflow/example_dags/example_sla_dag.py for tasks to queue
[2024-03-12T10:00:40.874+0000] {logging_mixin.py:188} INFO - [2024-03-12T10:00:40.874+0000] {dagbag.py:540} INFO - Filling up the DagBag from /usr/local/lib/python3.10/dist-packages/airflow/example_dags/example_sla_dag.py
[2024-03-12T10:00:40.884+0000] {processor.py:840} INFO - DAG(s) 'example_sla_dag' retrieved from /usr/local/lib/python3.10/dist-packages/airflow/example_dags/example_sla_dag.py
[2024-03-12T10:00:40.901+0000] {logging_mixin.py:188} INFO - [2024-03-12T10:00:40.900+0000] {dag.py:3047} INFO - Sync 1 DAGs
[2024-03-12T10:00:40.927+0000] {logging_mixin.py:188} INFO - [2024-03-12T10:00:40.926+0000] {dag.py:3834} INFO - Setting next_dagrun for example_sla_dag to 2024-03-12 09:58:00+00:00, run_after=2024-03-12 10:00:00+00:00
[2024-03-12T10:00:40.953+0000] {processor.py:183} INFO - Processing /usr/local/lib/python3.10/dist-packages/airflow/example_dags/example_sla_dag.py took 0.085 seconds
[2024-03-12T10:01:22.966+0000] {processor.py:161} INFO - Started process (PID=16372) to work on /usr/local/lib/python3.10/dist-packages/airflow/example_dags/example_sla_dag.py
[2024-03-12T10:01:22.968+0000] {processor.py:830} INFO - Processing file /usr/local/lib/python3.10/dist-packages/airflow/example_dags/example_sla_dag.py for tasks to queue
[2024-03-12T10:01:22.969+0000] {logging_mixin.py:188} INFO - [2024-03-12T10:01:22.969+0000] {dagbag.py:540} INFO - Filling up the DagBag from /usr/local/lib/python3.10/dist-packages/airflow/example_dags/example_sla_dag.py
[2024-03-12T10:01:22.982+0000] {processor.py:840} INFO - DAG(s) 'example_sla_dag' retrieved from /usr/local/lib/python3.10/dist-packages/airflow/example_dags/example_sla_dag.py
[2024-03-12T10:01:23.026+0000] {logging_mixin.py:188} INFO - [2024-03-12T10:01:23.026+0000] {dag.py:3047} INFO - Sync 1 DAGs
[2024-03-12T10:01:23.072+0000] {logging_mixin.py:188} INFO - [2024-03-12T10:01:23.072+0000] {dag.py:3834} INFO - Setting next_dagrun for example_sla_dag to 2024-03-12 09:58:00+00:00, run_after=2024-03-12 10:00:00+00:00
[2024-03-12T10:01:23.101+0000] {processor.py:183} INFO - Processing /usr/local/lib/python3.10/dist-packages/airflow/example_dags/example_sla_dag.py took 0.142 seconds
[2024-03-12T10:02:04.951+0000] {processor.py:161} INFO - Started process (PID=16415) to work on /usr/local/lib/python3.10/dist-packages/airflow/example_dags/example_sla_dag.py
[2024-03-12T10:02:04.955+0000] {processor.py:830} INFO - Processing file /usr/local/lib/python3.10/dist-packages/airflow/example_dags/example_sla_dag.py for tasks to queue
[2024-03-12T10:02:04.959+0000] {logging_mixin.py:188} INFO - [2024-03-12T10:02:04.956+0000] {dagbag.py:540} INFO - Filling up the DagBag from /usr/local/lib/python3.10/dist-packages/airflow/example_dags/example_sla_dag.py
[2024-03-12T10:02:04.975+0000] {processor.py:840} INFO - DAG(s) 'example_sla_dag' retrieved from /usr/local/lib/python3.10/dist-packages/airflow/example_dags/example_sla_dag.py
[2024-03-12T10:02:04.996+0000] {logging_mixin.py:188} INFO - [2024-03-12T10:02:04.996+0000] {dag.py:3047} INFO - Sync 1 DAGs
[2024-03-12T10:02:05.023+0000] {logging_mixin.py:188} INFO - [2024-03-12T10:02:05.023+0000] {dag.py:3834} INFO - Setting next_dagrun for example_sla_dag to 2024-03-12 10:00:00+00:00, run_after=2024-03-12 10:02:00+00:00
[2024-03-12T10:02:05.056+0000] {processor.py:183} INFO - Processing /usr/local/lib/python3.10/dist-packages/airflow/example_dags/example_sla_dag.py took 0.117 seconds
[2024-03-12T10:02:46.845+0000] {processor.py:161} INFO - Started process (PID=16459) to work on /usr/local/lib/python3.10/dist-packages/airflow/example_dags/example_sla_dag.py
[2024-03-12T10:02:46.848+0000] {processor.py:830} INFO - Processing file /usr/local/lib/python3.10/dist-packages/airflow/example_dags/example_sla_dag.py for tasks to queue
[2024-03-12T10:02:46.850+0000] {logging_mixin.py:188} INFO - [2024-03-12T10:02:46.850+0000] {dagbag.py:540} INFO - Filling up the DagBag from /usr/local/lib/python3.10/dist-packages/airflow/example_dags/example_sla_dag.py
[2024-03-12T10:02:46.868+0000] {processor.py:840} INFO - DAG(s) 'example_sla_dag' retrieved from /usr/local/lib/python3.10/dist-packages/airflow/example_dags/example_sla_dag.py
[2024-03-12T10:02:46.928+0000] {logging_mixin.py:188} INFO - [2024-03-12T10:02:46.928+0000] {dag.py:3047} INFO - Sync 1 DAGs
[2024-03-12T10:02:47.000+0000] {logging_mixin.py:188} INFO - [2024-03-12T10:02:47.000+0000] {dag.py:3834} INFO - Setting next_dagrun for example_sla_dag to 2024-03-12 10:00:00+00:00, run_after=2024-03-12 10:02:00+00:00
[2024-03-12T10:02:47.039+0000] {processor.py:183} INFO - Processing /usr/local/lib/python3.10/dist-packages/airflow/example_dags/example_sla_dag.py took 0.202 seconds
[2024-03-12T10:03:26.918+0000] {processor.py:161} INFO - Started process (PID=16501) to work on /usr/local/lib/python3.10/dist-packages/airflow/example_dags/example_sla_dag.py
[2024-03-12T10:03:26.919+0000] {processor.py:830} INFO - Processing file /usr/local/lib/python3.10/dist-packages/airflow/example_dags/example_sla_dag.py for tasks to queue
[2024-03-12T10:03:26.920+0000] {logging_mixin.py:188} INFO - [2024-03-12T10:03:26.920+0000] {dagbag.py:540} INFO - Filling up the DagBag from /usr/local/lib/python3.10/dist-packages/airflow/example_dags/example_sla_dag.py
[2024-03-12T10:03:26.931+0000] {processor.py:840} INFO - DAG(s) 'example_sla_dag' retrieved from /usr/local/lib/python3.10/dist-packages/airflow/example_dags/example_sla_dag.py
[2024-03-12T10:03:26.950+0000] {logging_mixin.py:188} INFO - [2024-03-12T10:03:26.949+0000] {dag.py:3047} INFO - Sync 1 DAGs
[2024-03-12T10:03:26.983+0000] {logging_mixin.py:188} INFO - [2024-03-12T10:03:26.983+0000] {dag.py:3834} INFO - Setting next_dagrun for example_sla_dag to 2024-03-12 10:00:00+00:00, run_after=2024-03-12 10:02:00+00:00
[2024-03-12T10:03:27.021+0000] {processor.py:183} INFO - Processing /usr/local/lib/python3.10/dist-packages/airflow/example_dags/example_sla_dag.py took 0.108 seconds
[2024-03-12T10:04:09.696+0000] {processor.py:161} INFO - Started process (PID=16543) to work on /usr/local/lib/python3.10/dist-packages/airflow/example_dags/example_sla_dag.py
[2024-03-12T10:04:09.699+0000] {processor.py:830} INFO - Processing file /usr/local/lib/python3.10/dist-packages/airflow/example_dags/example_sla_dag.py for tasks to queue
[2024-03-12T10:04:09.700+0000] {logging_mixin.py:188} INFO - [2024-03-12T10:04:09.700+0000] {dagbag.py:540} INFO - Filling up the DagBag from /usr/local/lib/python3.10/dist-packages/airflow/example_dags/example_sla_dag.py
[2024-03-12T10:04:09.719+0000] {processor.py:840} INFO - DAG(s) 'example_sla_dag' retrieved from /usr/local/lib/python3.10/dist-packages/airflow/example_dags/example_sla_dag.py
[2024-03-12T10:04:09.744+0000] {logging_mixin.py:188} INFO - [2024-03-12T10:04:09.743+0000] {dag.py:3047} INFO - Sync 1 DAGs
[2024-03-12T10:04:09.795+0000] {logging_mixin.py:188} INFO - [2024-03-12T10:04:09.795+0000] {dag.py:3834} INFO - Setting next_dagrun for example_sla_dag to 2024-03-12 10:02:00+00:00, run_after=2024-03-12 10:04:00+00:00
[2024-03-12T10:04:09.835+0000] {processor.py:183} INFO - Processing /usr/local/lib/python3.10/dist-packages/airflow/example_dags/example_sla_dag.py took 0.147 seconds
[2024-03-12T10:04:49.845+0000] {processor.py:161} INFO - Started process (PID=16584) to work on /usr/local/lib/python3.10/dist-packages/airflow/example_dags/example_sla_dag.py
[2024-03-12T10:04:49.847+0000] {processor.py:830} INFO - Processing file /usr/local/lib/python3.10/dist-packages/airflow/example_dags/example_sla_dag.py for tasks to queue
[2024-03-12T10:04:49.848+0000] {logging_mixin.py:188} INFO - [2024-03-12T10:04:49.847+0000] {dagbag.py:540} INFO - Filling up the DagBag from /usr/local/lib/python3.10/dist-packages/airflow/example_dags/example_sla_dag.py
[2024-03-12T10:04:49.858+0000] {processor.py:840} INFO - DAG(s) 'example_sla_dag' retrieved from /usr/local/lib/python3.10/dist-packages/airflow/example_dags/example_sla_dag.py
[2024-03-12T10:04:49.889+0000] {logging_mixin.py:188} INFO - [2024-03-12T10:04:49.889+0000] {dag.py:3047} INFO - Sync 1 DAGs
[2024-03-12T10:04:49.935+0000] {logging_mixin.py:188} INFO - [2024-03-12T10:04:49.934+0000] {dag.py:3834} INFO - Setting next_dagrun for example_sla_dag to 2024-03-12 10:02:00+00:00, run_after=2024-03-12 10:04:00+00:00
[2024-03-12T10:04:49.970+0000] {processor.py:183} INFO - Processing /usr/local/lib/python3.10/dist-packages/airflow/example_dags/example_sla_dag.py took 0.128 seconds
