[2024-03-12T09:19:48.204+0000] {processor.py:161} INFO - Started process (PID=13946) to work on /usr/local/lib/python3.10/dist-packages/airflow/example_dags/example_latest_only_with_trigger.py
[2024-03-12T09:19:48.205+0000] {processor.py:830} INFO - Processing file /usr/local/lib/python3.10/dist-packages/airflow/example_dags/example_latest_only_with_trigger.py for tasks to queue
[2024-03-12T09:19:48.206+0000] {logging_mixin.py:188} INFO - [2024-03-12T09:19:48.205+0000] {dagbag.py:540} INFO - Filling up the DagBag from /usr/local/lib/python3.10/dist-packages/airflow/example_dags/example_latest_only_with_trigger.py
[2024-03-12T09:19:48.217+0000] {processor.py:840} INFO - DAG(s) 'latest_only_with_trigger' retrieved from /usr/local/lib/python3.10/dist-packages/airflow/example_dags/example_latest_only_with_trigger.py
[2024-03-12T09:19:48.346+0000] {logging_mixin.py:188} INFO - [2024-03-12T09:19:48.346+0000] {override.py:1769} INFO - Created Permission View: can read on DAG:latest_only_with_trigger
[2024-03-12T09:19:48.369+0000] {logging_mixin.py:188} INFO - [2024-03-12T09:19:48.369+0000] {override.py:1769} INFO - Created Permission View: can edit on DAG:latest_only_with_trigger
[2024-03-12T09:19:48.387+0000] {logging_mixin.py:188} INFO - [2024-03-12T09:19:48.386+0000] {override.py:1769} INFO - Created Permission View: can delete on DAG:latest_only_with_trigger
[2024-03-12T09:19:48.387+0000] {logging_mixin.py:188} INFO - [2024-03-12T09:19:48.387+0000] {dag.py:3047} INFO - Sync 1 DAGs
[2024-03-12T09:19:48.400+0000] {logging_mixin.py:188} INFO - [2024-03-12T09:19:48.400+0000] {dag.py:3069} INFO - Creating ORM DAG for latest_only_with_trigger
[2024-03-12T09:19:48.597+0000] {logging_mixin.py:188} INFO - [2024-03-12T09:19:48.597+0000] {dag.py:3834} INFO - Setting next_dagrun for latest_only_with_trigger to 2024-03-12 04:00:00+00:00, run_after=2024-03-12 08:00:00+00:00
[2024-03-12T09:19:48.657+0000] {processor.py:183} INFO - Processing /usr/local/lib/python3.10/dist-packages/airflow/example_dags/example_latest_only_with_trigger.py took 0.460 seconds
[2024-03-12T09:22:39.962+0000] {processor.py:161} INFO - Started process (PID=14006) to work on /usr/local/lib/python3.10/dist-packages/airflow/example_dags/example_latest_only_with_trigger.py
[2024-03-12T09:22:39.967+0000] {processor.py:830} INFO - Processing file /usr/local/lib/python3.10/dist-packages/airflow/example_dags/example_latest_only_with_trigger.py for tasks to queue
[2024-03-12T09:22:39.970+0000] {logging_mixin.py:188} INFO - [2024-03-12T09:22:39.969+0000] {dagbag.py:540} INFO - Filling up the DagBag from /usr/local/lib/python3.10/dist-packages/airflow/example_dags/example_latest_only_with_trigger.py
[2024-03-12T09:22:39.987+0000] {processor.py:840} INFO - DAG(s) 'latest_only_with_trigger' retrieved from /usr/local/lib/python3.10/dist-packages/airflow/example_dags/example_latest_only_with_trigger.py
[2024-03-12T09:22:40.104+0000] {logging_mixin.py:188} INFO - [2024-03-12T09:22:40.103+0000] {dag.py:3047} INFO - Sync 1 DAGs
[2024-03-12T09:22:40.128+0000] {logging_mixin.py:188} INFO - [2024-03-12T09:22:40.127+0000] {dag.py:3834} INFO - Setting next_dagrun for latest_only_with_trigger to 2024-03-12 04:00:00+00:00, run_after=2024-03-12 08:00:00+00:00
[2024-03-12T09:22:40.318+0000] {processor.py:183} INFO - Processing /usr/local/lib/python3.10/dist-packages/airflow/example_dags/example_latest_only_with_trigger.py took 0.372 seconds
[2024-03-12T09:23:43.118+0000] {processor.py:161} INFO - Started process (PID=14057) to work on /usr/local/lib/python3.10/dist-packages/airflow/example_dags/example_latest_only_with_trigger.py
[2024-03-12T09:23:43.119+0000] {processor.py:830} INFO - Processing file /usr/local/lib/python3.10/dist-packages/airflow/example_dags/example_latest_only_with_trigger.py for tasks to queue
[2024-03-12T09:23:43.120+0000] {logging_mixin.py:188} INFO - [2024-03-12T09:23:43.120+0000] {dagbag.py:540} INFO - Filling up the DagBag from /usr/local/lib/python3.10/dist-packages/airflow/example_dags/example_latest_only_with_trigger.py
[2024-03-12T09:23:43.127+0000] {processor.py:840} INFO - DAG(s) 'latest_only_with_trigger' retrieved from /usr/local/lib/python3.10/dist-packages/airflow/example_dags/example_latest_only_with_trigger.py
[2024-03-12T09:23:43.145+0000] {logging_mixin.py:188} INFO - [2024-03-12T09:23:43.145+0000] {dag.py:3047} INFO - Sync 1 DAGs
[2024-03-12T09:23:43.168+0000] {logging_mixin.py:188} INFO - [2024-03-12T09:23:43.167+0000] {dag.py:3834} INFO - Setting next_dagrun for latest_only_with_trigger to 2024-03-12 04:00:00+00:00, run_after=2024-03-12 08:00:00+00:00
[2024-03-12T09:23:43.192+0000] {processor.py:183} INFO - Processing /usr/local/lib/python3.10/dist-packages/airflow/example_dags/example_latest_only_with_trigger.py took 0.078 seconds
[2024-03-12T09:24:37.375+0000] {processor.py:161} INFO - Started process (PID=14110) to work on /usr/local/lib/python3.10/dist-packages/airflow/example_dags/example_latest_only_with_trigger.py
[2024-03-12T09:24:37.379+0000] {processor.py:830} INFO - Processing file /usr/local/lib/python3.10/dist-packages/airflow/example_dags/example_latest_only_with_trigger.py for tasks to queue
[2024-03-12T09:24:37.381+0000] {logging_mixin.py:188} INFO - [2024-03-12T09:24:37.380+0000] {dagbag.py:540} INFO - Filling up the DagBag from /usr/local/lib/python3.10/dist-packages/airflow/example_dags/example_latest_only_with_trigger.py
[2024-03-12T09:24:37.397+0000] {processor.py:840} INFO - DAG(s) 'latest_only_with_trigger' retrieved from /usr/local/lib/python3.10/dist-packages/airflow/example_dags/example_latest_only_with_trigger.py
[2024-03-12T09:24:37.436+0000] {logging_mixin.py:188} INFO - [2024-03-12T09:24:37.436+0000] {dag.py:3047} INFO - Sync 1 DAGs
[2024-03-12T09:24:37.635+0000] {logging_mixin.py:188} INFO - [2024-03-12T09:24:37.635+0000] {dag.py:3834} INFO - Setting next_dagrun for latest_only_with_trigger to 2024-03-12 04:00:00+00:00, run_after=2024-03-12 08:00:00+00:00
[2024-03-12T09:24:37.664+0000] {processor.py:183} INFO - Processing /usr/local/lib/python3.10/dist-packages/airflow/example_dags/example_latest_only_with_trigger.py took 0.299 seconds
[2024-03-12T09:25:32.651+0000] {processor.py:161} INFO - Started process (PID=14159) to work on /usr/local/lib/python3.10/dist-packages/airflow/example_dags/example_latest_only_with_trigger.py
[2024-03-12T09:25:32.655+0000] {processor.py:830} INFO - Processing file /usr/local/lib/python3.10/dist-packages/airflow/example_dags/example_latest_only_with_trigger.py for tasks to queue
[2024-03-12T09:25:32.657+0000] {logging_mixin.py:188} INFO - [2024-03-12T09:25:32.657+0000] {dagbag.py:540} INFO - Filling up the DagBag from /usr/local/lib/python3.10/dist-packages/airflow/example_dags/example_latest_only_with_trigger.py
[2024-03-12T09:25:32.679+0000] {processor.py:840} INFO - DAG(s) 'latest_only_with_trigger' retrieved from /usr/local/lib/python3.10/dist-packages/airflow/example_dags/example_latest_only_with_trigger.py
[2024-03-12T09:25:32.704+0000] {logging_mixin.py:188} INFO - [2024-03-12T09:25:32.703+0000] {dag.py:3047} INFO - Sync 1 DAGs
[2024-03-12T09:25:32.727+0000] {logging_mixin.py:188} INFO - [2024-03-12T09:25:32.727+0000] {dag.py:3834} INFO - Setting next_dagrun for latest_only_with_trigger to 2024-03-12 04:00:00+00:00, run_after=2024-03-12 08:00:00+00:00
[2024-03-12T09:25:32.754+0000] {processor.py:183} INFO - Processing /usr/local/lib/python3.10/dist-packages/airflow/example_dags/example_latest_only_with_trigger.py took 0.110 seconds
[2024-03-12T09:26:15.507+0000] {processor.py:161} INFO - Started process (PID=14203) to work on /usr/local/lib/python3.10/dist-packages/airflow/example_dags/example_latest_only_with_trigger.py
[2024-03-12T09:26:15.509+0000] {processor.py:830} INFO - Processing file /usr/local/lib/python3.10/dist-packages/airflow/example_dags/example_latest_only_with_trigger.py for tasks to queue
[2024-03-12T09:26:15.510+0000] {logging_mixin.py:188} INFO - [2024-03-12T09:26:15.510+0000] {dagbag.py:540} INFO - Filling up the DagBag from /usr/local/lib/python3.10/dist-packages/airflow/example_dags/example_latest_only_with_trigger.py
[2024-03-12T09:26:15.528+0000] {processor.py:840} INFO - DAG(s) 'latest_only_with_trigger' retrieved from /usr/local/lib/python3.10/dist-packages/airflow/example_dags/example_latest_only_with_trigger.py
[2024-03-12T09:26:15.570+0000] {logging_mixin.py:188} INFO - [2024-03-12T09:26:15.569+0000] {dag.py:3047} INFO - Sync 1 DAGs
[2024-03-12T09:26:15.606+0000] {logging_mixin.py:188} INFO - [2024-03-12T09:26:15.606+0000] {dag.py:3834} INFO - Setting next_dagrun for latest_only_with_trigger to 2024-03-12 04:00:00+00:00, run_after=2024-03-12 08:00:00+00:00
[2024-03-12T09:26:15.642+0000] {processor.py:183} INFO - Processing /usr/local/lib/python3.10/dist-packages/airflow/example_dags/example_latest_only_with_trigger.py took 0.142 seconds
[2024-03-12T09:27:01.349+0000] {processor.py:161} INFO - Started process (PID=14248) to work on /usr/local/lib/python3.10/dist-packages/airflow/example_dags/example_latest_only_with_trigger.py
[2024-03-12T09:27:01.351+0000] {processor.py:830} INFO - Processing file /usr/local/lib/python3.10/dist-packages/airflow/example_dags/example_latest_only_with_trigger.py for tasks to queue
[2024-03-12T09:27:01.352+0000] {logging_mixin.py:188} INFO - [2024-03-12T09:27:01.352+0000] {dagbag.py:540} INFO - Filling up the DagBag from /usr/local/lib/python3.10/dist-packages/airflow/example_dags/example_latest_only_with_trigger.py
[2024-03-12T09:27:01.370+0000] {processor.py:840} INFO - DAG(s) 'latest_only_with_trigger' retrieved from /usr/local/lib/python3.10/dist-packages/airflow/example_dags/example_latest_only_with_trigger.py
[2024-03-12T09:27:01.390+0000] {logging_mixin.py:188} INFO - [2024-03-12T09:27:01.389+0000] {dag.py:3047} INFO - Sync 1 DAGs
[2024-03-12T09:27:01.442+0000] {logging_mixin.py:188} INFO - [2024-03-12T09:27:01.442+0000] {dag.py:3834} INFO - Setting next_dagrun for latest_only_with_trigger to 2024-03-12 04:00:00+00:00, run_after=2024-03-12 08:00:00+00:00
[2024-03-12T09:27:01.480+0000] {processor.py:183} INFO - Processing /usr/local/lib/python3.10/dist-packages/airflow/example_dags/example_latest_only_with_trigger.py took 0.142 seconds
[2024-03-12T09:28:01.679+0000] {processor.py:161} INFO - Started process (PID=14307) to work on /usr/local/lib/python3.10/dist-packages/airflow/example_dags/example_latest_only_with_trigger.py
[2024-03-12T09:28:01.680+0000] {processor.py:830} INFO - Processing file /usr/local/lib/python3.10/dist-packages/airflow/example_dags/example_latest_only_with_trigger.py for tasks to queue
[2024-03-12T09:28:01.681+0000] {logging_mixin.py:188} INFO - [2024-03-12T09:28:01.681+0000] {dagbag.py:540} INFO - Filling up the DagBag from /usr/local/lib/python3.10/dist-packages/airflow/example_dags/example_latest_only_with_trigger.py
[2024-03-12T09:28:01.688+0000] {processor.py:840} INFO - DAG(s) 'latest_only_with_trigger' retrieved from /usr/local/lib/python3.10/dist-packages/airflow/example_dags/example_latest_only_with_trigger.py
[2024-03-12T09:28:01.707+0000] {logging_mixin.py:188} INFO - [2024-03-12T09:28:01.707+0000] {dag.py:3047} INFO - Sync 1 DAGs
[2024-03-12T09:28:01.729+0000] {logging_mixin.py:188} INFO - [2024-03-12T09:28:01.729+0000] {dag.py:3834} INFO - Setting next_dagrun for latest_only_with_trigger to 2024-03-12 04:00:00+00:00, run_after=2024-03-12 08:00:00+00:00
[2024-03-12T09:28:01.757+0000] {processor.py:183} INFO - Processing /usr/local/lib/python3.10/dist-packages/airflow/example_dags/example_latest_only_with_trigger.py took 0.089 seconds
[2024-03-12T09:29:01.413+0000] {processor.py:161} INFO - Started process (PID=14367) to work on /usr/local/lib/python3.10/dist-packages/airflow/example_dags/example_latest_only_with_trigger.py
[2024-03-12T09:29:01.415+0000] {processor.py:830} INFO - Processing file /usr/local/lib/python3.10/dist-packages/airflow/example_dags/example_latest_only_with_trigger.py for tasks to queue
[2024-03-12T09:29:01.419+0000] {logging_mixin.py:188} INFO - [2024-03-12T09:29:01.415+0000] {dagbag.py:540} INFO - Filling up the DagBag from /usr/local/lib/python3.10/dist-packages/airflow/example_dags/example_latest_only_with_trigger.py
[2024-03-12T09:29:01.438+0000] {processor.py:840} INFO - DAG(s) 'latest_only_with_trigger' retrieved from /usr/local/lib/python3.10/dist-packages/airflow/example_dags/example_latest_only_with_trigger.py
[2024-03-12T09:29:01.475+0000] {logging_mixin.py:188} INFO - [2024-03-12T09:29:01.474+0000] {dag.py:3047} INFO - Sync 1 DAGs
[2024-03-12T09:29:01.512+0000] {logging_mixin.py:188} INFO - [2024-03-12T09:29:01.511+0000] {dag.py:3834} INFO - Setting next_dagrun for latest_only_with_trigger to 2024-03-12 04:00:00+00:00, run_after=2024-03-12 08:00:00+00:00
[2024-03-12T09:29:01.557+0000] {processor.py:183} INFO - Processing /usr/local/lib/python3.10/dist-packages/airflow/example_dags/example_latest_only_with_trigger.py took 0.149 seconds
[2024-03-12T09:29:59.910+0000] {processor.py:161} INFO - Started process (PID=14425) to work on /usr/local/lib/python3.10/dist-packages/airflow/example_dags/example_latest_only_with_trigger.py
[2024-03-12T09:29:59.912+0000] {processor.py:830} INFO - Processing file /usr/local/lib/python3.10/dist-packages/airflow/example_dags/example_latest_only_with_trigger.py for tasks to queue
[2024-03-12T09:29:59.913+0000] {logging_mixin.py:188} INFO - [2024-03-12T09:29:59.913+0000] {dagbag.py:540} INFO - Filling up the DagBag from /usr/local/lib/python3.10/dist-packages/airflow/example_dags/example_latest_only_with_trigger.py
[2024-03-12T09:29:59.931+0000] {processor.py:840} INFO - DAG(s) 'latest_only_with_trigger' retrieved from /usr/local/lib/python3.10/dist-packages/airflow/example_dags/example_latest_only_with_trigger.py
[2024-03-12T09:29:59.960+0000] {logging_mixin.py:188} INFO - [2024-03-12T09:29:59.959+0000] {dag.py:3047} INFO - Sync 1 DAGs
[2024-03-12T09:29:59.999+0000] {logging_mixin.py:188} INFO - [2024-03-12T09:29:59.999+0000] {dag.py:3834} INFO - Setting next_dagrun for latest_only_with_trigger to 2024-03-12 04:00:00+00:00, run_after=2024-03-12 08:00:00+00:00
[2024-03-12T09:30:00.161+0000] {processor.py:183} INFO - Processing /usr/local/lib/python3.10/dist-packages/airflow/example_dags/example_latest_only_with_trigger.py took 0.255 seconds
[2024-03-12T09:30:44.149+0000] {processor.py:161} INFO - Started process (PID=14467) to work on /usr/local/lib/python3.10/dist-packages/airflow/example_dags/example_latest_only_with_trigger.py
[2024-03-12T09:30:44.151+0000] {processor.py:830} INFO - Processing file /usr/local/lib/python3.10/dist-packages/airflow/example_dags/example_latest_only_with_trigger.py for tasks to queue
[2024-03-12T09:30:44.152+0000] {logging_mixin.py:188} INFO - [2024-03-12T09:30:44.151+0000] {dagbag.py:540} INFO - Filling up the DagBag from /usr/local/lib/python3.10/dist-packages/airflow/example_dags/example_latest_only_with_trigger.py
[2024-03-12T09:30:44.158+0000] {processor.py:840} INFO - DAG(s) 'latest_only_with_trigger' retrieved from /usr/local/lib/python3.10/dist-packages/airflow/example_dags/example_latest_only_with_trigger.py
[2024-03-12T09:30:44.176+0000] {logging_mixin.py:188} INFO - [2024-03-12T09:30:44.175+0000] {dag.py:3047} INFO - Sync 1 DAGs
[2024-03-12T09:30:44.196+0000] {logging_mixin.py:188} INFO - [2024-03-12T09:30:44.196+0000] {dag.py:3834} INFO - Setting next_dagrun for latest_only_with_trigger to 2024-03-12 04:00:00+00:00, run_after=2024-03-12 08:00:00+00:00
[2024-03-12T09:30:44.220+0000] {processor.py:183} INFO - Processing /usr/local/lib/python3.10/dist-packages/airflow/example_dags/example_latest_only_with_trigger.py took 0.073 seconds
[2024-03-12T09:31:47.154+0000] {processor.py:161} INFO - Started process (PID=14528) to work on /usr/local/lib/python3.10/dist-packages/airflow/example_dags/example_latest_only_with_trigger.py
[2024-03-12T09:31:47.156+0000] {processor.py:830} INFO - Processing file /usr/local/lib/python3.10/dist-packages/airflow/example_dags/example_latest_only_with_trigger.py for tasks to queue
[2024-03-12T09:31:47.157+0000] {logging_mixin.py:188} INFO - [2024-03-12T09:31:47.156+0000] {dagbag.py:540} INFO - Filling up the DagBag from /usr/local/lib/python3.10/dist-packages/airflow/example_dags/example_latest_only_with_trigger.py
[2024-03-12T09:31:47.164+0000] {processor.py:840} INFO - DAG(s) 'latest_only_with_trigger' retrieved from /usr/local/lib/python3.10/dist-packages/airflow/example_dags/example_latest_only_with_trigger.py
[2024-03-12T09:31:47.195+0000] {logging_mixin.py:188} INFO - [2024-03-12T09:31:47.194+0000] {dag.py:3047} INFO - Sync 1 DAGs
[2024-03-12T09:31:47.226+0000] {logging_mixin.py:188} INFO - [2024-03-12T09:31:47.225+0000] {dag.py:3834} INFO - Setting next_dagrun for latest_only_with_trigger to 2024-03-12 04:00:00+00:00, run_after=2024-03-12 08:00:00+00:00
[2024-03-12T09:31:47.263+0000] {processor.py:183} INFO - Processing /usr/local/lib/python3.10/dist-packages/airflow/example_dags/example_latest_only_with_trigger.py took 0.113 seconds
[2024-03-12T09:32:50.536+0000] {processor.py:161} INFO - Started process (PID=14590) to work on /usr/local/lib/python3.10/dist-packages/airflow/example_dags/example_latest_only_with_trigger.py
[2024-03-12T09:32:50.537+0000] {processor.py:830} INFO - Processing file /usr/local/lib/python3.10/dist-packages/airflow/example_dags/example_latest_only_with_trigger.py for tasks to queue
[2024-03-12T09:32:50.538+0000] {logging_mixin.py:188} INFO - [2024-03-12T09:32:50.538+0000] {dagbag.py:540} INFO - Filling up the DagBag from /usr/local/lib/python3.10/dist-packages/airflow/example_dags/example_latest_only_with_trigger.py
[2024-03-12T09:32:50.546+0000] {processor.py:840} INFO - DAG(s) 'latest_only_with_trigger' retrieved from /usr/local/lib/python3.10/dist-packages/airflow/example_dags/example_latest_only_with_trigger.py
[2024-03-12T09:32:50.571+0000] {logging_mixin.py:188} INFO - [2024-03-12T09:32:50.571+0000] {dag.py:3047} INFO - Sync 1 DAGs
[2024-03-12T09:32:50.599+0000] {logging_mixin.py:188} INFO - [2024-03-12T09:32:50.599+0000] {dag.py:3834} INFO - Setting next_dagrun for latest_only_with_trigger to 2024-03-12 04:00:00+00:00, run_after=2024-03-12 08:00:00+00:00
[2024-03-12T09:32:50.632+0000] {processor.py:183} INFO - Processing /usr/local/lib/python3.10/dist-packages/airflow/example_dags/example_latest_only_with_trigger.py took 0.108 seconds
[2024-03-12T09:33:35.918+0000] {processor.py:161} INFO - Started process (PID=14633) to work on /usr/local/lib/python3.10/dist-packages/airflow/example_dags/example_latest_only_with_trigger.py
[2024-03-12T09:33:35.920+0000] {processor.py:830} INFO - Processing file /usr/local/lib/python3.10/dist-packages/airflow/example_dags/example_latest_only_with_trigger.py for tasks to queue
[2024-03-12T09:33:35.925+0000] {logging_mixin.py:188} INFO - [2024-03-12T09:33:35.924+0000] {dagbag.py:540} INFO - Filling up the DagBag from /usr/local/lib/python3.10/dist-packages/airflow/example_dags/example_latest_only_with_trigger.py
[2024-03-12T09:33:35.932+0000] {processor.py:840} INFO - DAG(s) 'latest_only_with_trigger' retrieved from /usr/local/lib/python3.10/dist-packages/airflow/example_dags/example_latest_only_with_trigger.py
[2024-03-12T09:33:35.960+0000] {logging_mixin.py:188} INFO - [2024-03-12T09:33:35.959+0000] {dag.py:3047} INFO - Sync 1 DAGs
[2024-03-12T09:33:35.987+0000] {logging_mixin.py:188} INFO - [2024-03-12T09:33:35.987+0000] {dag.py:3834} INFO - Setting next_dagrun for latest_only_with_trigger to 2024-03-12 04:00:00+00:00, run_after=2024-03-12 08:00:00+00:00
[2024-03-12T09:33:36.031+0000] {processor.py:183} INFO - Processing /usr/local/lib/python3.10/dist-packages/airflow/example_dags/example_latest_only_with_trigger.py took 0.116 seconds
[2024-03-12T09:34:18.802+0000] {processor.py:161} INFO - Started process (PID=14675) to work on /usr/local/lib/python3.10/dist-packages/airflow/example_dags/example_latest_only_with_trigger.py
[2024-03-12T09:34:18.804+0000] {processor.py:830} INFO - Processing file /usr/local/lib/python3.10/dist-packages/airflow/example_dags/example_latest_only_with_trigger.py for tasks to queue
[2024-03-12T09:34:18.806+0000] {logging_mixin.py:188} INFO - [2024-03-12T09:34:18.805+0000] {dagbag.py:540} INFO - Filling up the DagBag from /usr/local/lib/python3.10/dist-packages/airflow/example_dags/example_latest_only_with_trigger.py
[2024-03-12T09:34:18.819+0000] {processor.py:840} INFO - DAG(s) 'latest_only_with_trigger' retrieved from /usr/local/lib/python3.10/dist-packages/airflow/example_dags/example_latest_only_with_trigger.py
[2024-03-12T09:34:18.839+0000] {logging_mixin.py:188} INFO - [2024-03-12T09:34:18.839+0000] {dag.py:3047} INFO - Sync 1 DAGs
[2024-03-12T09:34:18.864+0000] {logging_mixin.py:188} INFO - [2024-03-12T09:34:18.864+0000] {dag.py:3834} INFO - Setting next_dagrun for latest_only_with_trigger to 2024-03-12 04:00:00+00:00, run_after=2024-03-12 08:00:00+00:00
[2024-03-12T09:34:18.892+0000] {processor.py:183} INFO - Processing /usr/local/lib/python3.10/dist-packages/airflow/example_dags/example_latest_only_with_trigger.py took 0.107 seconds
[2024-03-12T09:35:24.774+0000] {processor.py:161} INFO - Started process (PID=14737) to work on /usr/local/lib/python3.10/dist-packages/airflow/example_dags/example_latest_only_with_trigger.py
[2024-03-12T09:35:24.776+0000] {processor.py:830} INFO - Processing file /usr/local/lib/python3.10/dist-packages/airflow/example_dags/example_latest_only_with_trigger.py for tasks to queue
[2024-03-12T09:35:24.778+0000] {logging_mixin.py:188} INFO - [2024-03-12T09:35:24.777+0000] {dagbag.py:540} INFO - Filling up the DagBag from /usr/local/lib/python3.10/dist-packages/airflow/example_dags/example_latest_only_with_trigger.py
[2024-03-12T09:35:24.786+0000] {processor.py:840} INFO - DAG(s) 'latest_only_with_trigger' retrieved from /usr/local/lib/python3.10/dist-packages/airflow/example_dags/example_latest_only_with_trigger.py
[2024-03-12T09:35:24.809+0000] {logging_mixin.py:188} INFO - [2024-03-12T09:35:24.808+0000] {dag.py:3047} INFO - Sync 1 DAGs
[2024-03-12T09:35:24.834+0000] {logging_mixin.py:188} INFO - [2024-03-12T09:35:24.833+0000] {dag.py:3834} INFO - Setting next_dagrun for latest_only_with_trigger to 2024-03-12 04:00:00+00:00, run_after=2024-03-12 08:00:00+00:00
[2024-03-12T09:35:24.868+0000] {processor.py:183} INFO - Processing /usr/local/lib/python3.10/dist-packages/airflow/example_dags/example_latest_only_with_trigger.py took 0.096 seconds
[2024-03-12T09:36:09.482+0000] {processor.py:161} INFO - Started process (PID=14781) to work on /usr/local/lib/python3.10/dist-packages/airflow/example_dags/example_latest_only_with_trigger.py
[2024-03-12T09:36:09.485+0000] {processor.py:830} INFO - Processing file /usr/local/lib/python3.10/dist-packages/airflow/example_dags/example_latest_only_with_trigger.py for tasks to queue
[2024-03-12T09:36:09.488+0000] {logging_mixin.py:188} INFO - [2024-03-12T09:36:09.486+0000] {dagbag.py:540} INFO - Filling up the DagBag from /usr/local/lib/python3.10/dist-packages/airflow/example_dags/example_latest_only_with_trigger.py
[2024-03-12T09:36:09.505+0000] {processor.py:840} INFO - DAG(s) 'latest_only_with_trigger' retrieved from /usr/local/lib/python3.10/dist-packages/airflow/example_dags/example_latest_only_with_trigger.py
[2024-03-12T09:36:09.539+0000] {logging_mixin.py:188} INFO - [2024-03-12T09:36:09.539+0000] {dag.py:3047} INFO - Sync 1 DAGs
[2024-03-12T09:36:09.604+0000] {logging_mixin.py:188} INFO - [2024-03-12T09:36:09.604+0000] {dag.py:3834} INFO - Setting next_dagrun for latest_only_with_trigger to 2024-03-12 04:00:00+00:00, run_after=2024-03-12 08:00:00+00:00
[2024-03-12T09:36:09.671+0000] {processor.py:183} INFO - Processing /usr/local/lib/python3.10/dist-packages/airflow/example_dags/example_latest_only_with_trigger.py took 0.195 seconds
[2024-03-12T09:37:12.600+0000] {processor.py:161} INFO - Started process (PID=14841) to work on /usr/local/lib/python3.10/dist-packages/airflow/example_dags/example_latest_only_with_trigger.py
[2024-03-12T09:37:12.602+0000] {processor.py:830} INFO - Processing file /usr/local/lib/python3.10/dist-packages/airflow/example_dags/example_latest_only_with_trigger.py for tasks to queue
[2024-03-12T09:37:12.603+0000] {logging_mixin.py:188} INFO - [2024-03-12T09:37:12.602+0000] {dagbag.py:540} INFO - Filling up the DagBag from /usr/local/lib/python3.10/dist-packages/airflow/example_dags/example_latest_only_with_trigger.py
[2024-03-12T09:37:12.610+0000] {processor.py:840} INFO - DAG(s) 'latest_only_with_trigger' retrieved from /usr/local/lib/python3.10/dist-packages/airflow/example_dags/example_latest_only_with_trigger.py
[2024-03-12T09:37:12.630+0000] {logging_mixin.py:188} INFO - [2024-03-12T09:37:12.629+0000] {dag.py:3047} INFO - Sync 1 DAGs
[2024-03-12T09:37:12.654+0000] {logging_mixin.py:188} INFO - [2024-03-12T09:37:12.653+0000] {dag.py:3834} INFO - Setting next_dagrun for latest_only_with_trigger to 2024-03-12 04:00:00+00:00, run_after=2024-03-12 08:00:00+00:00
[2024-03-12T09:37:12.694+0000] {processor.py:183} INFO - Processing /usr/local/lib/python3.10/dist-packages/airflow/example_dags/example_latest_only_with_trigger.py took 0.098 seconds
[2024-03-12T09:38:13.379+0000] {processor.py:161} INFO - Started process (PID=14902) to work on /usr/local/lib/python3.10/dist-packages/airflow/example_dags/example_latest_only_with_trigger.py
[2024-03-12T09:38:13.381+0000] {processor.py:830} INFO - Processing file /usr/local/lib/python3.10/dist-packages/airflow/example_dags/example_latest_only_with_trigger.py for tasks to queue
[2024-03-12T09:38:13.384+0000] {logging_mixin.py:188} INFO - [2024-03-12T09:38:13.383+0000] {dagbag.py:540} INFO - Filling up the DagBag from /usr/local/lib/python3.10/dist-packages/airflow/example_dags/example_latest_only_with_trigger.py
[2024-03-12T09:38:13.394+0000] {processor.py:840} INFO - DAG(s) 'latest_only_with_trigger' retrieved from /usr/local/lib/python3.10/dist-packages/airflow/example_dags/example_latest_only_with_trigger.py
[2024-03-12T09:38:13.418+0000] {logging_mixin.py:188} INFO - [2024-03-12T09:38:13.417+0000] {dag.py:3047} INFO - Sync 1 DAGs
[2024-03-12T09:38:13.447+0000] {logging_mixin.py:188} INFO - [2024-03-12T09:38:13.447+0000] {dag.py:3834} INFO - Setting next_dagrun for latest_only_with_trigger to 2024-03-12 04:00:00+00:00, run_after=2024-03-12 08:00:00+00:00
[2024-03-12T09:38:13.483+0000] {processor.py:183} INFO - Processing /usr/local/lib/python3.10/dist-packages/airflow/example_dags/example_latest_only_with_trigger.py took 0.107 seconds
[2024-03-12T09:39:17.859+0000] {processor.py:161} INFO - Started process (PID=14963) to work on /usr/local/lib/python3.10/dist-packages/airflow/example_dags/example_latest_only_with_trigger.py
[2024-03-12T09:39:17.861+0000] {processor.py:830} INFO - Processing file /usr/local/lib/python3.10/dist-packages/airflow/example_dags/example_latest_only_with_trigger.py for tasks to queue
[2024-03-12T09:39:17.863+0000] {logging_mixin.py:188} INFO - [2024-03-12T09:39:17.862+0000] {dagbag.py:540} INFO - Filling up the DagBag from /usr/local/lib/python3.10/dist-packages/airflow/example_dags/example_latest_only_with_trigger.py
[2024-03-12T09:39:17.873+0000] {processor.py:840} INFO - DAG(s) 'latest_only_with_trigger' retrieved from /usr/local/lib/python3.10/dist-packages/airflow/example_dags/example_latest_only_with_trigger.py
[2024-03-12T09:39:17.893+0000] {logging_mixin.py:188} INFO - [2024-03-12T09:39:17.892+0000] {dag.py:3047} INFO - Sync 1 DAGs
[2024-03-12T09:39:17.917+0000] {logging_mixin.py:188} INFO - [2024-03-12T09:39:17.916+0000] {dag.py:3834} INFO - Setting next_dagrun for latest_only_with_trigger to 2024-03-12 04:00:00+00:00, run_after=2024-03-12 08:00:00+00:00
[2024-03-12T09:39:17.942+0000] {processor.py:183} INFO - Processing /usr/local/lib/python3.10/dist-packages/airflow/example_dags/example_latest_only_with_trigger.py took 0.092 seconds
[2024-03-12T09:40:20.422+0000] {processor.py:161} INFO - Started process (PID=15023) to work on /usr/local/lib/python3.10/dist-packages/airflow/example_dags/example_latest_only_with_trigger.py
[2024-03-12T09:40:20.424+0000] {processor.py:830} INFO - Processing file /usr/local/lib/python3.10/dist-packages/airflow/example_dags/example_latest_only_with_trigger.py for tasks to queue
[2024-03-12T09:40:20.427+0000] {logging_mixin.py:188} INFO - [2024-03-12T09:40:20.426+0000] {dagbag.py:540} INFO - Filling up the DagBag from /usr/local/lib/python3.10/dist-packages/airflow/example_dags/example_latest_only_with_trigger.py
[2024-03-12T09:40:20.443+0000] {processor.py:840} INFO - DAG(s) 'latest_only_with_trigger' retrieved from /usr/local/lib/python3.10/dist-packages/airflow/example_dags/example_latest_only_with_trigger.py
[2024-03-12T09:40:20.485+0000] {logging_mixin.py:188} INFO - [2024-03-12T09:40:20.485+0000] {dag.py:3047} INFO - Sync 1 DAGs
[2024-03-12T09:40:20.524+0000] {logging_mixin.py:188} INFO - [2024-03-12T09:40:20.524+0000] {dag.py:3834} INFO - Setting next_dagrun for latest_only_with_trigger to 2024-03-12 04:00:00+00:00, run_after=2024-03-12 08:00:00+00:00
[2024-03-12T09:40:20.557+0000] {processor.py:183} INFO - Processing /usr/local/lib/python3.10/dist-packages/airflow/example_dags/example_latest_only_with_trigger.py took 0.142 seconds
[2024-03-12T09:41:03.114+0000] {processor.py:161} INFO - Started process (PID=15066) to work on /usr/local/lib/python3.10/dist-packages/airflow/example_dags/example_latest_only_with_trigger.py
[2024-03-12T09:41:03.115+0000] {processor.py:830} INFO - Processing file /usr/local/lib/python3.10/dist-packages/airflow/example_dags/example_latest_only_with_trigger.py for tasks to queue
[2024-03-12T09:41:03.121+0000] {logging_mixin.py:188} INFO - [2024-03-12T09:41:03.121+0000] {dagbag.py:540} INFO - Filling up the DagBag from /usr/local/lib/python3.10/dist-packages/airflow/example_dags/example_latest_only_with_trigger.py
[2024-03-12T09:41:03.132+0000] {processor.py:840} INFO - DAG(s) 'latest_only_with_trigger' retrieved from /usr/local/lib/python3.10/dist-packages/airflow/example_dags/example_latest_only_with_trigger.py
[2024-03-12T09:41:03.161+0000] {logging_mixin.py:188} INFO - [2024-03-12T09:41:03.161+0000] {dag.py:3047} INFO - Sync 1 DAGs
[2024-03-12T09:41:03.196+0000] {logging_mixin.py:188} INFO - [2024-03-12T09:41:03.196+0000] {dag.py:3834} INFO - Setting next_dagrun for latest_only_with_trigger to 2024-03-12 04:00:00+00:00, run_after=2024-03-12 08:00:00+00:00
[2024-03-12T09:41:03.236+0000] {processor.py:183} INFO - Processing /usr/local/lib/python3.10/dist-packages/airflow/example_dags/example_latest_only_with_trigger.py took 0.129 seconds
[2024-03-12T09:42:06.006+0000] {processor.py:161} INFO - Started process (PID=15127) to work on /usr/local/lib/python3.10/dist-packages/airflow/example_dags/example_latest_only_with_trigger.py
[2024-03-12T09:42:06.008+0000] {processor.py:830} INFO - Processing file /usr/local/lib/python3.10/dist-packages/airflow/example_dags/example_latest_only_with_trigger.py for tasks to queue
[2024-03-12T09:42:06.009+0000] {logging_mixin.py:188} INFO - [2024-03-12T09:42:06.008+0000] {dagbag.py:540} INFO - Filling up the DagBag from /usr/local/lib/python3.10/dist-packages/airflow/example_dags/example_latest_only_with_trigger.py
[2024-03-12T09:42:06.017+0000] {processor.py:840} INFO - DAG(s) 'latest_only_with_trigger' retrieved from /usr/local/lib/python3.10/dist-packages/airflow/example_dags/example_latest_only_with_trigger.py
[2024-03-12T09:42:06.048+0000] {logging_mixin.py:188} INFO - [2024-03-12T09:42:06.048+0000] {dag.py:3047} INFO - Sync 1 DAGs
[2024-03-12T09:42:06.080+0000] {logging_mixin.py:188} INFO - [2024-03-12T09:42:06.079+0000] {dag.py:3834} INFO - Setting next_dagrun for latest_only_with_trigger to 2024-03-12 04:00:00+00:00, run_after=2024-03-12 08:00:00+00:00
[2024-03-12T09:42:06.120+0000] {processor.py:183} INFO - Processing /usr/local/lib/python3.10/dist-packages/airflow/example_dags/example_latest_only_with_trigger.py took 0.120 seconds
[2024-03-12T09:43:04.847+0000] {processor.py:161} INFO - Started process (PID=15258) to work on /usr/local/lib/python3.10/dist-packages/airflow/example_dags/example_latest_only_with_trigger.py
[2024-03-12T09:43:04.849+0000] {processor.py:830} INFO - Processing file /usr/local/lib/python3.10/dist-packages/airflow/example_dags/example_latest_only_with_trigger.py for tasks to queue
[2024-03-12T09:43:04.850+0000] {logging_mixin.py:188} INFO - [2024-03-12T09:43:04.850+0000] {dagbag.py:540} INFO - Filling up the DagBag from /usr/local/lib/python3.10/dist-packages/airflow/example_dags/example_latest_only_with_trigger.py
[2024-03-12T09:43:04.859+0000] {processor.py:840} INFO - DAG(s) 'latest_only_with_trigger' retrieved from /usr/local/lib/python3.10/dist-packages/airflow/example_dags/example_latest_only_with_trigger.py
[2024-03-12T09:43:04.884+0000] {logging_mixin.py:188} INFO - [2024-03-12T09:43:04.884+0000] {dag.py:3047} INFO - Sync 1 DAGs
[2024-03-12T09:43:04.913+0000] {logging_mixin.py:188} INFO - [2024-03-12T09:43:04.913+0000] {dag.py:3834} INFO - Setting next_dagrun for latest_only_with_trigger to 2024-03-12 04:00:00+00:00, run_after=2024-03-12 08:00:00+00:00
[2024-03-12T09:43:04.951+0000] {processor.py:183} INFO - Processing /usr/local/lib/python3.10/dist-packages/airflow/example_dags/example_latest_only_with_trigger.py took 0.112 seconds
[2024-03-12T09:44:09.769+0000] {processor.py:161} INFO - Started process (PID=15334) to work on /usr/local/lib/python3.10/dist-packages/airflow/example_dags/example_latest_only_with_trigger.py
[2024-03-12T09:44:09.771+0000] {processor.py:830} INFO - Processing file /usr/local/lib/python3.10/dist-packages/airflow/example_dags/example_latest_only_with_trigger.py for tasks to queue
[2024-03-12T09:44:09.772+0000] {logging_mixin.py:188} INFO - [2024-03-12T09:44:09.771+0000] {dagbag.py:540} INFO - Filling up the DagBag from /usr/local/lib/python3.10/dist-packages/airflow/example_dags/example_latest_only_with_trigger.py
[2024-03-12T09:44:09.778+0000] {processor.py:840} INFO - DAG(s) 'latest_only_with_trigger' retrieved from /usr/local/lib/python3.10/dist-packages/airflow/example_dags/example_latest_only_with_trigger.py
[2024-03-12T09:44:09.795+0000] {logging_mixin.py:188} INFO - [2024-03-12T09:44:09.794+0000] {dag.py:3047} INFO - Sync 1 DAGs
[2024-03-12T09:44:09.814+0000] {logging_mixin.py:188} INFO - [2024-03-12T09:44:09.814+0000] {dag.py:3834} INFO - Setting next_dagrun for latest_only_with_trigger to 2024-03-12 04:00:00+00:00, run_after=2024-03-12 08:00:00+00:00
[2024-03-12T09:44:09.838+0000] {processor.py:183} INFO - Processing /usr/local/lib/python3.10/dist-packages/airflow/example_dags/example_latest_only_with_trigger.py took 0.072 seconds
[2024-03-12T09:44:52.833+0000] {processor.py:161} INFO - Started process (PID=15377) to work on /usr/local/lib/python3.10/dist-packages/airflow/example_dags/example_latest_only_with_trigger.py
[2024-03-12T09:44:52.835+0000] {processor.py:830} INFO - Processing file /usr/local/lib/python3.10/dist-packages/airflow/example_dags/example_latest_only_with_trigger.py for tasks to queue
[2024-03-12T09:44:52.836+0000] {logging_mixin.py:188} INFO - [2024-03-12T09:44:52.836+0000] {dagbag.py:540} INFO - Filling up the DagBag from /usr/local/lib/python3.10/dist-packages/airflow/example_dags/example_latest_only_with_trigger.py
[2024-03-12T09:44:52.846+0000] {processor.py:840} INFO - DAG(s) 'latest_only_with_trigger' retrieved from /usr/local/lib/python3.10/dist-packages/airflow/example_dags/example_latest_only_with_trigger.py
[2024-03-12T09:44:52.869+0000] {logging_mixin.py:188} INFO - [2024-03-12T09:44:52.869+0000] {dag.py:3047} INFO - Sync 1 DAGs
[2024-03-12T09:44:52.896+0000] {logging_mixin.py:188} INFO - [2024-03-12T09:44:52.895+0000] {dag.py:3834} INFO - Setting next_dagrun for latest_only_with_trigger to 2024-03-12 04:00:00+00:00, run_after=2024-03-12 08:00:00+00:00
[2024-03-12T09:44:52.938+0000] {processor.py:183} INFO - Processing /usr/local/lib/python3.10/dist-packages/airflow/example_dags/example_latest_only_with_trigger.py took 0.109 seconds
[2024-03-12T09:45:37.306+0000] {processor.py:161} INFO - Started process (PID=15420) to work on /usr/local/lib/python3.10/dist-packages/airflow/example_dags/example_latest_only_with_trigger.py
[2024-03-12T09:45:37.308+0000] {processor.py:830} INFO - Processing file /usr/local/lib/python3.10/dist-packages/airflow/example_dags/example_latest_only_with_trigger.py for tasks to queue
[2024-03-12T09:45:37.309+0000] {logging_mixin.py:188} INFO - [2024-03-12T09:45:37.309+0000] {dagbag.py:540} INFO - Filling up the DagBag from /usr/local/lib/python3.10/dist-packages/airflow/example_dags/example_latest_only_with_trigger.py
[2024-03-12T09:45:37.316+0000] {processor.py:840} INFO - DAG(s) 'latest_only_with_trigger' retrieved from /usr/local/lib/python3.10/dist-packages/airflow/example_dags/example_latest_only_with_trigger.py
[2024-03-12T09:45:37.376+0000] {logging_mixin.py:188} INFO - [2024-03-12T09:45:37.374+0000] {dag.py:3047} INFO - Sync 1 DAGs
[2024-03-12T09:45:37.402+0000] {logging_mixin.py:188} INFO - [2024-03-12T09:45:37.401+0000] {dag.py:3834} INFO - Setting next_dagrun for latest_only_with_trigger to 2024-03-12 04:00:00+00:00, run_after=2024-03-12 08:00:00+00:00
[2024-03-12T09:45:37.426+0000] {processor.py:183} INFO - Processing /usr/local/lib/python3.10/dist-packages/airflow/example_dags/example_latest_only_with_trigger.py took 0.123 seconds
[2024-03-12T09:46:37.342+0000] {processor.py:161} INFO - Started process (PID=15481) to work on /usr/local/lib/python3.10/dist-packages/airflow/example_dags/example_latest_only_with_trigger.py
[2024-03-12T09:46:37.343+0000] {processor.py:830} INFO - Processing file /usr/local/lib/python3.10/dist-packages/airflow/example_dags/example_latest_only_with_trigger.py for tasks to queue
[2024-03-12T09:46:37.345+0000] {logging_mixin.py:188} INFO - [2024-03-12T09:46:37.344+0000] {dagbag.py:540} INFO - Filling up the DagBag from /usr/local/lib/python3.10/dist-packages/airflow/example_dags/example_latest_only_with_trigger.py
[2024-03-12T09:46:37.353+0000] {processor.py:840} INFO - DAG(s) 'latest_only_with_trigger' retrieved from /usr/local/lib/python3.10/dist-packages/airflow/example_dags/example_latest_only_with_trigger.py
[2024-03-12T09:46:37.374+0000] {logging_mixin.py:188} INFO - [2024-03-12T09:46:37.374+0000] {dag.py:3047} INFO - Sync 1 DAGs
[2024-03-12T09:46:37.403+0000] {logging_mixin.py:188} INFO - [2024-03-12T09:46:37.402+0000] {dag.py:3834} INFO - Setting next_dagrun for latest_only_with_trigger to 2024-03-12 04:00:00+00:00, run_after=2024-03-12 08:00:00+00:00
[2024-03-12T09:46:37.432+0000] {processor.py:183} INFO - Processing /usr/local/lib/python3.10/dist-packages/airflow/example_dags/example_latest_only_with_trigger.py took 0.094 seconds
[2024-03-12T09:47:39.415+0000] {processor.py:161} INFO - Started process (PID=15539) to work on /usr/local/lib/python3.10/dist-packages/airflow/example_dags/example_latest_only_with_trigger.py
[2024-03-12T09:47:39.417+0000] {processor.py:830} INFO - Processing file /usr/local/lib/python3.10/dist-packages/airflow/example_dags/example_latest_only_with_trigger.py for tasks to queue
[2024-03-12T09:47:39.418+0000] {logging_mixin.py:188} INFO - [2024-03-12T09:47:39.418+0000] {dagbag.py:540} INFO - Filling up the DagBag from /usr/local/lib/python3.10/dist-packages/airflow/example_dags/example_latest_only_with_trigger.py
[2024-03-12T09:47:39.425+0000] {processor.py:840} INFO - DAG(s) 'latest_only_with_trigger' retrieved from /usr/local/lib/python3.10/dist-packages/airflow/example_dags/example_latest_only_with_trigger.py
[2024-03-12T09:47:39.445+0000] {logging_mixin.py:188} INFO - [2024-03-12T09:47:39.445+0000] {dag.py:3047} INFO - Sync 1 DAGs
[2024-03-12T09:47:39.472+0000] {logging_mixin.py:188} INFO - [2024-03-12T09:47:39.472+0000] {dag.py:3834} INFO - Setting next_dagrun for latest_only_with_trigger to 2024-03-12 04:00:00+00:00, run_after=2024-03-12 08:00:00+00:00
[2024-03-12T09:47:39.500+0000] {processor.py:183} INFO - Processing /usr/local/lib/python3.10/dist-packages/airflow/example_dags/example_latest_only_with_trigger.py took 0.089 seconds
[2024-03-12T09:48:39.790+0000] {processor.py:161} INFO - Started process (PID=15605) to work on /usr/local/lib/python3.10/dist-packages/airflow/example_dags/example_latest_only_with_trigger.py
[2024-03-12T09:48:39.792+0000] {processor.py:830} INFO - Processing file /usr/local/lib/python3.10/dist-packages/airflow/example_dags/example_latest_only_with_trigger.py for tasks to queue
[2024-03-12T09:48:39.793+0000] {logging_mixin.py:188} INFO - [2024-03-12T09:48:39.792+0000] {dagbag.py:540} INFO - Filling up the DagBag from /usr/local/lib/python3.10/dist-packages/airflow/example_dags/example_latest_only_with_trigger.py
[2024-03-12T09:48:39.800+0000] {processor.py:840} INFO - DAG(s) 'latest_only_with_trigger' retrieved from /usr/local/lib/python3.10/dist-packages/airflow/example_dags/example_latest_only_with_trigger.py
[2024-03-12T09:48:39.824+0000] {logging_mixin.py:188} INFO - [2024-03-12T09:48:39.823+0000] {dag.py:3047} INFO - Sync 1 DAGs
[2024-03-12T09:48:39.848+0000] {logging_mixin.py:188} INFO - [2024-03-12T09:48:39.848+0000] {dag.py:3834} INFO - Setting next_dagrun for latest_only_with_trigger to 2024-03-12 04:00:00+00:00, run_after=2024-03-12 08:00:00+00:00
[2024-03-12T09:48:39.882+0000] {processor.py:183} INFO - Processing /usr/local/lib/python3.10/dist-packages/airflow/example_dags/example_latest_only_with_trigger.py took 0.095 seconds
[2024-03-12T09:49:42.463+0000] {processor.py:161} INFO - Started process (PID=15665) to work on /usr/local/lib/python3.10/dist-packages/airflow/example_dags/example_latest_only_with_trigger.py
[2024-03-12T09:49:42.465+0000] {processor.py:830} INFO - Processing file /usr/local/lib/python3.10/dist-packages/airflow/example_dags/example_latest_only_with_trigger.py for tasks to queue
[2024-03-12T09:49:42.466+0000] {logging_mixin.py:188} INFO - [2024-03-12T09:49:42.466+0000] {dagbag.py:540} INFO - Filling up the DagBag from /usr/local/lib/python3.10/dist-packages/airflow/example_dags/example_latest_only_with_trigger.py
[2024-03-12T09:49:42.473+0000] {processor.py:840} INFO - DAG(s) 'latest_only_with_trigger' retrieved from /usr/local/lib/python3.10/dist-packages/airflow/example_dags/example_latest_only_with_trigger.py
[2024-03-12T09:49:42.514+0000] {logging_mixin.py:188} INFO - [2024-03-12T09:49:42.514+0000] {dag.py:3047} INFO - Sync 1 DAGs
[2024-03-12T09:49:42.547+0000] {logging_mixin.py:188} INFO - [2024-03-12T09:49:42.546+0000] {dag.py:3834} INFO - Setting next_dagrun for latest_only_with_trigger to 2024-03-12 04:00:00+00:00, run_after=2024-03-12 08:00:00+00:00
[2024-03-12T09:49:42.577+0000] {processor.py:183} INFO - Processing /usr/local/lib/python3.10/dist-packages/airflow/example_dags/example_latest_only_with_trigger.py took 0.118 seconds
[2024-03-12T09:50:26.476+0000] {processor.py:161} INFO - Started process (PID=15707) to work on /usr/local/lib/python3.10/dist-packages/airflow/example_dags/example_latest_only_with_trigger.py
[2024-03-12T09:50:26.478+0000] {processor.py:830} INFO - Processing file /usr/local/lib/python3.10/dist-packages/airflow/example_dags/example_latest_only_with_trigger.py for tasks to queue
[2024-03-12T09:50:26.480+0000] {logging_mixin.py:188} INFO - [2024-03-12T09:50:26.479+0000] {dagbag.py:540} INFO - Filling up the DagBag from /usr/local/lib/python3.10/dist-packages/airflow/example_dags/example_latest_only_with_trigger.py
[2024-03-12T09:50:26.490+0000] {processor.py:840} INFO - DAG(s) 'latest_only_with_trigger' retrieved from /usr/local/lib/python3.10/dist-packages/airflow/example_dags/example_latest_only_with_trigger.py
[2024-03-12T09:50:26.531+0000] {logging_mixin.py:188} INFO - [2024-03-12T09:50:26.530+0000] {dag.py:3047} INFO - Sync 1 DAGs
[2024-03-12T09:50:26.575+0000] {logging_mixin.py:188} INFO - [2024-03-12T09:50:26.574+0000] {dag.py:3834} INFO - Setting next_dagrun for latest_only_with_trigger to 2024-03-12 04:00:00+00:00, run_after=2024-03-12 08:00:00+00:00
[2024-03-12T09:50:26.605+0000] {processor.py:183} INFO - Processing /usr/local/lib/python3.10/dist-packages/airflow/example_dags/example_latest_only_with_trigger.py took 0.133 seconds
[2024-03-12T09:51:11.888+0000] {processor.py:161} INFO - Started process (PID=15749) to work on /usr/local/lib/python3.10/dist-packages/airflow/example_dags/example_latest_only_with_trigger.py
[2024-03-12T09:51:11.890+0000] {processor.py:830} INFO - Processing file /usr/local/lib/python3.10/dist-packages/airflow/example_dags/example_latest_only_with_trigger.py for tasks to queue
[2024-03-12T09:51:11.891+0000] {logging_mixin.py:188} INFO - [2024-03-12T09:51:11.891+0000] {dagbag.py:540} INFO - Filling up the DagBag from /usr/local/lib/python3.10/dist-packages/airflow/example_dags/example_latest_only_with_trigger.py
[2024-03-12T09:51:11.897+0000] {processor.py:840} INFO - DAG(s) 'latest_only_with_trigger' retrieved from /usr/local/lib/python3.10/dist-packages/airflow/example_dags/example_latest_only_with_trigger.py
[2024-03-12T09:51:11.918+0000] {logging_mixin.py:188} INFO - [2024-03-12T09:51:11.917+0000] {dag.py:3047} INFO - Sync 1 DAGs
[2024-03-12T09:51:11.953+0000] {logging_mixin.py:188} INFO - [2024-03-12T09:51:11.953+0000] {dag.py:3834} INFO - Setting next_dagrun for latest_only_with_trigger to 2024-03-12 04:00:00+00:00, run_after=2024-03-12 08:00:00+00:00
[2024-03-12T09:51:11.986+0000] {processor.py:183} INFO - Processing /usr/local/lib/python3.10/dist-packages/airflow/example_dags/example_latest_only_with_trigger.py took 0.101 seconds
[2024-03-12T09:51:59.704+0000] {processor.py:161} INFO - Started process (PID=15794) to work on /usr/local/lib/python3.10/dist-packages/airflow/example_dags/example_latest_only_with_trigger.py
[2024-03-12T09:51:59.705+0000] {processor.py:830} INFO - Processing file /usr/local/lib/python3.10/dist-packages/airflow/example_dags/example_latest_only_with_trigger.py for tasks to queue
[2024-03-12T09:51:59.707+0000] {logging_mixin.py:188} INFO - [2024-03-12T09:51:59.706+0000] {dagbag.py:540} INFO - Filling up the DagBag from /usr/local/lib/python3.10/dist-packages/airflow/example_dags/example_latest_only_with_trigger.py
[2024-03-12T09:51:59.714+0000] {processor.py:840} INFO - DAG(s) 'latest_only_with_trigger' retrieved from /usr/local/lib/python3.10/dist-packages/airflow/example_dags/example_latest_only_with_trigger.py
[2024-03-12T09:51:59.734+0000] {logging_mixin.py:188} INFO - [2024-03-12T09:51:59.734+0000] {dag.py:3047} INFO - Sync 1 DAGs
[2024-03-12T09:51:59.775+0000] {logging_mixin.py:188} INFO - [2024-03-12T09:51:59.775+0000] {dag.py:3834} INFO - Setting next_dagrun for latest_only_with_trigger to 2024-03-12 04:00:00+00:00, run_after=2024-03-12 08:00:00+00:00
[2024-03-12T09:51:59.818+0000] {processor.py:183} INFO - Processing /usr/local/lib/python3.10/dist-packages/airflow/example_dags/example_latest_only_with_trigger.py took 0.118 seconds
[2024-03-12T09:52:45.269+0000] {processor.py:161} INFO - Started process (PID=15840) to work on /usr/local/lib/python3.10/dist-packages/airflow/example_dags/example_latest_only_with_trigger.py
[2024-03-12T09:52:45.273+0000] {processor.py:830} INFO - Processing file /usr/local/lib/python3.10/dist-packages/airflow/example_dags/example_latest_only_with_trigger.py for tasks to queue
[2024-03-12T09:52:45.274+0000] {logging_mixin.py:188} INFO - [2024-03-12T09:52:45.274+0000] {dagbag.py:540} INFO - Filling up the DagBag from /usr/local/lib/python3.10/dist-packages/airflow/example_dags/example_latest_only_with_trigger.py
[2024-03-12T09:52:45.281+0000] {processor.py:840} INFO - DAG(s) 'latest_only_with_trigger' retrieved from /usr/local/lib/python3.10/dist-packages/airflow/example_dags/example_latest_only_with_trigger.py
[2024-03-12T09:52:45.318+0000] {logging_mixin.py:188} INFO - [2024-03-12T09:52:45.318+0000] {dag.py:3047} INFO - Sync 1 DAGs
[2024-03-12T09:52:45.346+0000] {logging_mixin.py:188} INFO - [2024-03-12T09:52:45.346+0000] {dag.py:3834} INFO - Setting next_dagrun for latest_only_with_trigger to 2024-03-12 04:00:00+00:00, run_after=2024-03-12 08:00:00+00:00
[2024-03-12T09:52:45.386+0000] {processor.py:183} INFO - Processing /usr/local/lib/python3.10/dist-packages/airflow/example_dags/example_latest_only_with_trigger.py took 0.129 seconds
[2024-03-12T09:53:26.260+0000] {processor.py:161} INFO - Started process (PID=15881) to work on /usr/local/lib/python3.10/dist-packages/airflow/example_dags/example_latest_only_with_trigger.py
[2024-03-12T09:53:26.261+0000] {processor.py:830} INFO - Processing file /usr/local/lib/python3.10/dist-packages/airflow/example_dags/example_latest_only_with_trigger.py for tasks to queue
[2024-03-12T09:53:26.262+0000] {logging_mixin.py:188} INFO - [2024-03-12T09:53:26.262+0000] {dagbag.py:540} INFO - Filling up the DagBag from /usr/local/lib/python3.10/dist-packages/airflow/example_dags/example_latest_only_with_trigger.py
[2024-03-12T09:53:26.270+0000] {processor.py:840} INFO - DAG(s) 'latest_only_with_trigger' retrieved from /usr/local/lib/python3.10/dist-packages/airflow/example_dags/example_latest_only_with_trigger.py
[2024-03-12T09:53:26.291+0000] {logging_mixin.py:188} INFO - [2024-03-12T09:53:26.291+0000] {dag.py:3047} INFO - Sync 1 DAGs
[2024-03-12T09:53:26.317+0000] {logging_mixin.py:188} INFO - [2024-03-12T09:53:26.316+0000] {dag.py:3834} INFO - Setting next_dagrun for latest_only_with_trigger to 2024-03-12 04:00:00+00:00, run_after=2024-03-12 08:00:00+00:00
[2024-03-12T09:53:26.344+0000] {processor.py:183} INFO - Processing /usr/local/lib/python3.10/dist-packages/airflow/example_dags/example_latest_only_with_trigger.py took 0.088 seconds
[2024-03-12T09:54:11.148+0000] {processor.py:161} INFO - Started process (PID=15922) to work on /usr/local/lib/python3.10/dist-packages/airflow/example_dags/example_latest_only_with_trigger.py
[2024-03-12T09:54:11.150+0000] {processor.py:830} INFO - Processing file /usr/local/lib/python3.10/dist-packages/airflow/example_dags/example_latest_only_with_trigger.py for tasks to queue
[2024-03-12T09:54:11.151+0000] {logging_mixin.py:188} INFO - [2024-03-12T09:54:11.150+0000] {dagbag.py:540} INFO - Filling up the DagBag from /usr/local/lib/python3.10/dist-packages/airflow/example_dags/example_latest_only_with_trigger.py
[2024-03-12T09:54:11.168+0000] {processor.py:840} INFO - DAG(s) 'latest_only_with_trigger' retrieved from /usr/local/lib/python3.10/dist-packages/airflow/example_dags/example_latest_only_with_trigger.py
[2024-03-12T09:54:11.194+0000] {logging_mixin.py:188} INFO - [2024-03-12T09:54:11.193+0000] {dag.py:3047} INFO - Sync 1 DAGs
[2024-03-12T09:54:11.229+0000] {logging_mixin.py:188} INFO - [2024-03-12T09:54:11.229+0000] {dag.py:3834} INFO - Setting next_dagrun for latest_only_with_trigger to 2024-03-12 04:00:00+00:00, run_after=2024-03-12 08:00:00+00:00
[2024-03-12T09:54:11.267+0000] {processor.py:183} INFO - Processing /usr/local/lib/python3.10/dist-packages/airflow/example_dags/example_latest_only_with_trigger.py took 0.128 seconds
[2024-03-12T09:54:57.869+0000] {processor.py:161} INFO - Started process (PID=15969) to work on /usr/local/lib/python3.10/dist-packages/airflow/example_dags/example_latest_only_with_trigger.py
[2024-03-12T09:54:57.870+0000] {processor.py:830} INFO - Processing file /usr/local/lib/python3.10/dist-packages/airflow/example_dags/example_latest_only_with_trigger.py for tasks to queue
[2024-03-12T09:54:57.871+0000] {logging_mixin.py:188} INFO - [2024-03-12T09:54:57.871+0000] {dagbag.py:540} INFO - Filling up the DagBag from /usr/local/lib/python3.10/dist-packages/airflow/example_dags/example_latest_only_with_trigger.py
[2024-03-12T09:54:57.887+0000] {processor.py:840} INFO - DAG(s) 'latest_only_with_trigger' retrieved from /usr/local/lib/python3.10/dist-packages/airflow/example_dags/example_latest_only_with_trigger.py
[2024-03-12T09:54:57.918+0000] {logging_mixin.py:188} INFO - [2024-03-12T09:54:57.918+0000] {dag.py:3047} INFO - Sync 1 DAGs
[2024-03-12T09:54:57.955+0000] {logging_mixin.py:188} INFO - [2024-03-12T09:54:57.955+0000] {dag.py:3834} INFO - Setting next_dagrun for latest_only_with_trigger to 2024-03-12 04:00:00+00:00, run_after=2024-03-12 08:00:00+00:00
[2024-03-12T09:54:58.012+0000] {processor.py:183} INFO - Processing /usr/local/lib/python3.10/dist-packages/airflow/example_dags/example_latest_only_with_trigger.py took 0.150 seconds
[2024-03-12T09:55:41.986+0000] {processor.py:161} INFO - Started process (PID=16013) to work on /usr/local/lib/python3.10/dist-packages/airflow/example_dags/example_latest_only_with_trigger.py
[2024-03-12T09:55:41.988+0000] {processor.py:830} INFO - Processing file /usr/local/lib/python3.10/dist-packages/airflow/example_dags/example_latest_only_with_trigger.py for tasks to queue
[2024-03-12T09:55:41.989+0000] {logging_mixin.py:188} INFO - [2024-03-12T09:55:41.988+0000] {dagbag.py:540} INFO - Filling up the DagBag from /usr/local/lib/python3.10/dist-packages/airflow/example_dags/example_latest_only_with_trigger.py
[2024-03-12T09:55:41.996+0000] {processor.py:840} INFO - DAG(s) 'latest_only_with_trigger' retrieved from /usr/local/lib/python3.10/dist-packages/airflow/example_dags/example_latest_only_with_trigger.py
[2024-03-12T09:55:42.050+0000] {logging_mixin.py:188} INFO - [2024-03-12T09:55:42.049+0000] {dag.py:3047} INFO - Sync 1 DAGs
[2024-03-12T09:55:42.099+0000] {logging_mixin.py:188} INFO - [2024-03-12T09:55:42.098+0000] {dag.py:3834} INFO - Setting next_dagrun for latest_only_with_trigger to 2024-03-12 04:00:00+00:00, run_after=2024-03-12 08:00:00+00:00
[2024-03-12T09:55:42.134+0000] {processor.py:183} INFO - Processing /usr/local/lib/python3.10/dist-packages/airflow/example_dags/example_latest_only_with_trigger.py took 0.151 seconds
[2024-03-12T09:56:26.601+0000] {processor.py:161} INFO - Started process (PID=16056) to work on /usr/local/lib/python3.10/dist-packages/airflow/example_dags/example_latest_only_with_trigger.py
[2024-03-12T09:56:26.602+0000] {processor.py:830} INFO - Processing file /usr/local/lib/python3.10/dist-packages/airflow/example_dags/example_latest_only_with_trigger.py for tasks to queue
[2024-03-12T09:56:26.603+0000] {logging_mixin.py:188} INFO - [2024-03-12T09:56:26.603+0000] {dagbag.py:540} INFO - Filling up the DagBag from /usr/local/lib/python3.10/dist-packages/airflow/example_dags/example_latest_only_with_trigger.py
[2024-03-12T09:56:26.610+0000] {processor.py:840} INFO - DAG(s) 'latest_only_with_trigger' retrieved from /usr/local/lib/python3.10/dist-packages/airflow/example_dags/example_latest_only_with_trigger.py
[2024-03-12T09:56:26.631+0000] {logging_mixin.py:188} INFO - [2024-03-12T09:56:26.631+0000] {dag.py:3047} INFO - Sync 1 DAGs
[2024-03-12T09:56:26.660+0000] {logging_mixin.py:188} INFO - [2024-03-12T09:56:26.660+0000] {dag.py:3834} INFO - Setting next_dagrun for latest_only_with_trigger to 2024-03-12 04:00:00+00:00, run_after=2024-03-12 08:00:00+00:00
[2024-03-12T09:56:26.691+0000] {processor.py:183} INFO - Processing /usr/local/lib/python3.10/dist-packages/airflow/example_dags/example_latest_only_with_trigger.py took 0.095 seconds
[2024-03-12T09:57:11.424+0000] {processor.py:161} INFO - Started process (PID=16098) to work on /usr/local/lib/python3.10/dist-packages/airflow/example_dags/example_latest_only_with_trigger.py
[2024-03-12T09:57:11.425+0000] {processor.py:830} INFO - Processing file /usr/local/lib/python3.10/dist-packages/airflow/example_dags/example_latest_only_with_trigger.py for tasks to queue
[2024-03-12T09:57:11.426+0000] {logging_mixin.py:188} INFO - [2024-03-12T09:57:11.426+0000] {dagbag.py:540} INFO - Filling up the DagBag from /usr/local/lib/python3.10/dist-packages/airflow/example_dags/example_latest_only_with_trigger.py
[2024-03-12T09:57:11.435+0000] {processor.py:840} INFO - DAG(s) 'latest_only_with_trigger' retrieved from /usr/local/lib/python3.10/dist-packages/airflow/example_dags/example_latest_only_with_trigger.py
[2024-03-12T09:57:11.456+0000] {logging_mixin.py:188} INFO - [2024-03-12T09:57:11.456+0000] {dag.py:3047} INFO - Sync 1 DAGs
[2024-03-12T09:57:11.483+0000] {logging_mixin.py:188} INFO - [2024-03-12T09:57:11.482+0000] {dag.py:3834} INFO - Setting next_dagrun for latest_only_with_trigger to 2024-03-12 04:00:00+00:00, run_after=2024-03-12 08:00:00+00:00
[2024-03-12T09:57:11.517+0000] {processor.py:183} INFO - Processing /usr/local/lib/python3.10/dist-packages/airflow/example_dags/example_latest_only_with_trigger.py took 0.097 seconds
[2024-03-12T09:57:54.785+0000] {processor.py:161} INFO - Started process (PID=16141) to work on /usr/local/lib/python3.10/dist-packages/airflow/example_dags/example_latest_only_with_trigger.py
[2024-03-12T09:57:54.787+0000] {processor.py:830} INFO - Processing file /usr/local/lib/python3.10/dist-packages/airflow/example_dags/example_latest_only_with_trigger.py for tasks to queue
[2024-03-12T09:57:54.788+0000] {logging_mixin.py:188} INFO - [2024-03-12T09:57:54.788+0000] {dagbag.py:540} INFO - Filling up the DagBag from /usr/local/lib/python3.10/dist-packages/airflow/example_dags/example_latest_only_with_trigger.py
[2024-03-12T09:57:54.795+0000] {processor.py:840} INFO - DAG(s) 'latest_only_with_trigger' retrieved from /usr/local/lib/python3.10/dist-packages/airflow/example_dags/example_latest_only_with_trigger.py
[2024-03-12T09:57:54.820+0000] {logging_mixin.py:188} INFO - [2024-03-12T09:57:54.819+0000] {dag.py:3047} INFO - Sync 1 DAGs
[2024-03-12T09:57:54.843+0000] {logging_mixin.py:188} INFO - [2024-03-12T09:57:54.843+0000] {dag.py:3834} INFO - Setting next_dagrun for latest_only_with_trigger to 2024-03-12 04:00:00+00:00, run_after=2024-03-12 08:00:00+00:00
[2024-03-12T09:57:54.874+0000] {processor.py:183} INFO - Processing /usr/local/lib/python3.10/dist-packages/airflow/example_dags/example_latest_only_with_trigger.py took 0.093 seconds
[2024-03-12T09:58:37.700+0000] {processor.py:161} INFO - Started process (PID=16194) to work on /usr/local/lib/python3.10/dist-packages/airflow/example_dags/example_latest_only_with_trigger.py
[2024-03-12T09:58:37.706+0000] {processor.py:830} INFO - Processing file /usr/local/lib/python3.10/dist-packages/airflow/example_dags/example_latest_only_with_trigger.py for tasks to queue
[2024-03-12T09:58:37.708+0000] {logging_mixin.py:188} INFO - [2024-03-12T09:58:37.707+0000] {dagbag.py:540} INFO - Filling up the DagBag from /usr/local/lib/python3.10/dist-packages/airflow/example_dags/example_latest_only_with_trigger.py
[2024-03-12T09:58:37.716+0000] {processor.py:840} INFO - DAG(s) 'latest_only_with_trigger' retrieved from /usr/local/lib/python3.10/dist-packages/airflow/example_dags/example_latest_only_with_trigger.py
[2024-03-12T09:58:37.739+0000] {logging_mixin.py:188} INFO - [2024-03-12T09:58:37.738+0000] {dag.py:3047} INFO - Sync 1 DAGs
[2024-03-12T09:58:37.765+0000] {logging_mixin.py:188} INFO - [2024-03-12T09:58:37.765+0000] {dag.py:3834} INFO - Setting next_dagrun for latest_only_with_trigger to 2024-03-12 04:00:00+00:00, run_after=2024-03-12 08:00:00+00:00
[2024-03-12T09:58:37.795+0000] {processor.py:183} INFO - Processing /usr/local/lib/python3.10/dist-packages/airflow/example_dags/example_latest_only_with_trigger.py took 0.101 seconds
