[2024-03-12T09:19:35.268+0000] {processor.py:161} INFO - Started process (PID=13935) to work on /usr/local/lib/python3.10/dist-packages/airflow/example_dags/example_trigger_controller_dag.py
[2024-03-12T09:19:35.269+0000] {processor.py:830} INFO - Processing file /usr/local/lib/python3.10/dist-packages/airflow/example_dags/example_trigger_controller_dag.py for tasks to queue
[2024-03-12T09:19:35.271+0000] {logging_mixin.py:188} INFO - [2024-03-12T09:19:35.270+0000] {dagbag.py:540} INFO - Filling up the DagBag from /usr/local/lib/python3.10/dist-packages/airflow/example_dags/example_trigger_controller_dag.py
[2024-03-12T09:19:35.282+0000] {processor.py:840} INFO - DAG(s) 'example_trigger_controller_dag' retrieved from /usr/local/lib/python3.10/dist-packages/airflow/example_dags/example_trigger_controller_dag.py
[2024-03-12T09:19:35.447+0000] {logging_mixin.py:188} INFO - [2024-03-12T09:19:35.446+0000] {override.py:1769} INFO - Created Permission View: can read on DAG:example_trigger_controller_dag
[2024-03-12T09:19:35.464+0000] {logging_mixin.py:188} INFO - [2024-03-12T09:19:35.463+0000] {override.py:1769} INFO - Created Permission View: can edit on DAG:example_trigger_controller_dag
[2024-03-12T09:19:35.474+0000] {logging_mixin.py:188} INFO - [2024-03-12T09:19:35.474+0000] {override.py:1769} INFO - Created Permission View: can delete on DAG:example_trigger_controller_dag
[2024-03-12T09:19:35.475+0000] {logging_mixin.py:188} INFO - [2024-03-12T09:19:35.475+0000] {dag.py:3047} INFO - Sync 1 DAGs
[2024-03-12T09:19:35.486+0000] {logging_mixin.py:188} INFO - [2024-03-12T09:19:35.486+0000] {dag.py:3069} INFO - Creating ORM DAG for example_trigger_controller_dag
[2024-03-12T09:19:35.498+0000] {logging_mixin.py:188} INFO - [2024-03-12T09:19:35.498+0000] {dag.py:3834} INFO - Setting next_dagrun for example_trigger_controller_dag to 2021-01-01 00:00:00+00:00, run_after=2021-01-01 00:00:00+00:00
[2024-03-12T09:19:35.525+0000] {processor.py:183} INFO - Processing /usr/local/lib/python3.10/dist-packages/airflow/example_dags/example_trigger_controller_dag.py took 0.261 seconds
[2024-03-12T09:22:27.940+0000] {processor.py:161} INFO - Started process (PID=13993) to work on /usr/local/lib/python3.10/dist-packages/airflow/example_dags/example_trigger_controller_dag.py
[2024-03-12T09:22:27.942+0000] {processor.py:830} INFO - Processing file /usr/local/lib/python3.10/dist-packages/airflow/example_dags/example_trigger_controller_dag.py for tasks to queue
[2024-03-12T09:22:27.943+0000] {logging_mixin.py:188} INFO - [2024-03-12T09:22:27.942+0000] {dagbag.py:540} INFO - Filling up the DagBag from /usr/local/lib/python3.10/dist-packages/airflow/example_dags/example_trigger_controller_dag.py
[2024-03-12T09:22:27.949+0000] {processor.py:840} INFO - DAG(s) 'example_trigger_controller_dag' retrieved from /usr/local/lib/python3.10/dist-packages/airflow/example_dags/example_trigger_controller_dag.py
[2024-03-12T09:22:27.962+0000] {logging_mixin.py:188} INFO - [2024-03-12T09:22:27.961+0000] {dag.py:3047} INFO - Sync 1 DAGs
[2024-03-12T09:22:27.992+0000] {logging_mixin.py:188} INFO - [2024-03-12T09:22:27.991+0000] {dag.py:3834} INFO - Setting next_dagrun for example_trigger_controller_dag to 2021-01-01 00:00:00+00:00, run_after=2021-01-01 00:00:00+00:00
[2024-03-12T09:22:28.029+0000] {processor.py:183} INFO - Processing /usr/local/lib/python3.10/dist-packages/airflow/example_dags/example_trigger_controller_dag.py took 0.095 seconds
[2024-03-12T09:23:29.432+0000] {processor.py:161} INFO - Started process (PID=14044) to work on /usr/local/lib/python3.10/dist-packages/airflow/example_dags/example_trigger_controller_dag.py
[2024-03-12T09:23:29.437+0000] {processor.py:830} INFO - Processing file /usr/local/lib/python3.10/dist-packages/airflow/example_dags/example_trigger_controller_dag.py for tasks to queue
[2024-03-12T09:23:29.438+0000] {logging_mixin.py:188} INFO - [2024-03-12T09:23:29.437+0000] {dagbag.py:540} INFO - Filling up the DagBag from /usr/local/lib/python3.10/dist-packages/airflow/example_dags/example_trigger_controller_dag.py
[2024-03-12T09:23:29.447+0000] {processor.py:840} INFO - DAG(s) 'example_trigger_controller_dag' retrieved from /usr/local/lib/python3.10/dist-packages/airflow/example_dags/example_trigger_controller_dag.py
[2024-03-12T09:23:29.775+0000] {logging_mixin.py:188} INFO - [2024-03-12T09:23:29.774+0000] {dag.py:3047} INFO - Sync 1 DAGs
[2024-03-12T09:23:29.809+0000] {logging_mixin.py:188} INFO - [2024-03-12T09:23:29.809+0000] {dag.py:3834} INFO - Setting next_dagrun for example_trigger_controller_dag to 2021-01-01 00:00:00+00:00, run_after=2021-01-01 00:00:00+00:00
[2024-03-12T09:23:29.851+0000] {processor.py:183} INFO - Processing /usr/local/lib/python3.10/dist-packages/airflow/example_dags/example_trigger_controller_dag.py took 0.423 seconds
[2024-03-12T09:24:21.561+0000] {processor.py:161} INFO - Started process (PID=14096) to work on /usr/local/lib/python3.10/dist-packages/airflow/example_dags/example_trigger_controller_dag.py
[2024-03-12T09:24:21.563+0000] {processor.py:830} INFO - Processing file /usr/local/lib/python3.10/dist-packages/airflow/example_dags/example_trigger_controller_dag.py for tasks to queue
[2024-03-12T09:24:21.567+0000] {logging_mixin.py:188} INFO - [2024-03-12T09:24:21.565+0000] {dagbag.py:540} INFO - Filling up the DagBag from /usr/local/lib/python3.10/dist-packages/airflow/example_dags/example_trigger_controller_dag.py
[2024-03-12T09:24:21.574+0000] {processor.py:840} INFO - DAG(s) 'example_trigger_controller_dag' retrieved from /usr/local/lib/python3.10/dist-packages/airflow/example_dags/example_trigger_controller_dag.py
[2024-03-12T09:24:21.602+0000] {logging_mixin.py:188} INFO - [2024-03-12T09:24:21.602+0000] {dag.py:3047} INFO - Sync 1 DAGs
[2024-03-12T09:24:21.622+0000] {logging_mixin.py:188} INFO - [2024-03-12T09:24:21.622+0000] {dag.py:3834} INFO - Setting next_dagrun for example_trigger_controller_dag to 2021-01-01 00:00:00+00:00, run_after=2021-01-01 00:00:00+00:00
[2024-03-12T09:24:21.764+0000] {processor.py:183} INFO - Processing /usr/local/lib/python3.10/dist-packages/airflow/example_dags/example_trigger_controller_dag.py took 0.212 seconds
[2024-03-12T09:25:09.588+0000] {processor.py:161} INFO - Started process (PID=14137) to work on /usr/local/lib/python3.10/dist-packages/airflow/example_dags/example_trigger_controller_dag.py
[2024-03-12T09:25:09.590+0000] {processor.py:830} INFO - Processing file /usr/local/lib/python3.10/dist-packages/airflow/example_dags/example_trigger_controller_dag.py for tasks to queue
[2024-03-12T09:25:09.592+0000] {logging_mixin.py:188} INFO - [2024-03-12T09:25:09.591+0000] {dagbag.py:540} INFO - Filling up the DagBag from /usr/local/lib/python3.10/dist-packages/airflow/example_dags/example_trigger_controller_dag.py
[2024-03-12T09:25:09.600+0000] {processor.py:840} INFO - DAG(s) 'example_trigger_controller_dag' retrieved from /usr/local/lib/python3.10/dist-packages/airflow/example_dags/example_trigger_controller_dag.py
[2024-03-12T09:25:09.788+0000] {logging_mixin.py:188} INFO - [2024-03-12T09:25:09.788+0000] {dag.py:3047} INFO - Sync 1 DAGs
[2024-03-12T09:25:09.813+0000] {logging_mixin.py:188} INFO - [2024-03-12T09:25:09.812+0000] {dag.py:3834} INFO - Setting next_dagrun for example_trigger_controller_dag to 2021-01-01 00:00:00+00:00, run_after=2021-01-01 00:00:00+00:00
[2024-03-12T09:25:09.838+0000] {processor.py:183} INFO - Processing /usr/local/lib/python3.10/dist-packages/airflow/example_dags/example_trigger_controller_dag.py took 0.253 seconds
[2024-03-12T09:25:58.171+0000] {processor.py:161} INFO - Started process (PID=14184) to work on /usr/local/lib/python3.10/dist-packages/airflow/example_dags/example_trigger_controller_dag.py
[2024-03-12T09:25:58.173+0000] {processor.py:830} INFO - Processing file /usr/local/lib/python3.10/dist-packages/airflow/example_dags/example_trigger_controller_dag.py for tasks to queue
[2024-03-12T09:25:58.174+0000] {logging_mixin.py:188} INFO - [2024-03-12T09:25:58.173+0000] {dagbag.py:540} INFO - Filling up the DagBag from /usr/local/lib/python3.10/dist-packages/airflow/example_dags/example_trigger_controller_dag.py
[2024-03-12T09:25:58.180+0000] {processor.py:840} INFO - DAG(s) 'example_trigger_controller_dag' retrieved from /usr/local/lib/python3.10/dist-packages/airflow/example_dags/example_trigger_controller_dag.py
[2024-03-12T09:25:58.213+0000] {logging_mixin.py:188} INFO - [2024-03-12T09:25:58.213+0000] {dag.py:3047} INFO - Sync 1 DAGs
[2024-03-12T09:25:58.240+0000] {logging_mixin.py:188} INFO - [2024-03-12T09:25:58.240+0000] {dag.py:3834} INFO - Setting next_dagrun for example_trigger_controller_dag to 2021-01-01 00:00:00+00:00, run_after=2021-01-01 00:00:00+00:00
[2024-03-12T09:25:58.276+0000] {processor.py:183} INFO - Processing /usr/local/lib/python3.10/dist-packages/airflow/example_dags/example_trigger_controller_dag.py took 0.108 seconds
[2024-03-12T09:26:48.810+0000] {processor.py:161} INFO - Started process (PID=14236) to work on /usr/local/lib/python3.10/dist-packages/airflow/example_dags/example_trigger_controller_dag.py
[2024-03-12T09:26:48.812+0000] {processor.py:830} INFO - Processing file /usr/local/lib/python3.10/dist-packages/airflow/example_dags/example_trigger_controller_dag.py for tasks to queue
[2024-03-12T09:26:48.814+0000] {logging_mixin.py:188} INFO - [2024-03-12T09:26:48.813+0000] {dagbag.py:540} INFO - Filling up the DagBag from /usr/local/lib/python3.10/dist-packages/airflow/example_dags/example_trigger_controller_dag.py
[2024-03-12T09:26:48.824+0000] {processor.py:840} INFO - DAG(s) 'example_trigger_controller_dag' retrieved from /usr/local/lib/python3.10/dist-packages/airflow/example_dags/example_trigger_controller_dag.py
[2024-03-12T09:26:48.845+0000] {logging_mixin.py:188} INFO - [2024-03-12T09:26:48.844+0000] {dag.py:3047} INFO - Sync 1 DAGs
[2024-03-12T09:26:48.875+0000] {logging_mixin.py:188} INFO - [2024-03-12T09:26:48.875+0000] {dag.py:3834} INFO - Setting next_dagrun for example_trigger_controller_dag to 2021-01-01 00:00:00+00:00, run_after=2021-01-01 00:00:00+00:00
[2024-03-12T09:26:48.908+0000] {processor.py:183} INFO - Processing /usr/local/lib/python3.10/dist-packages/airflow/example_dags/example_trigger_controller_dag.py took 0.102 seconds
[2024-03-12T09:27:33.111+0000] {processor.py:161} INFO - Started process (PID=14279) to work on /usr/local/lib/python3.10/dist-packages/airflow/example_dags/example_trigger_controller_dag.py
[2024-03-12T09:27:33.113+0000] {processor.py:830} INFO - Processing file /usr/local/lib/python3.10/dist-packages/airflow/example_dags/example_trigger_controller_dag.py for tasks to queue
[2024-03-12T09:27:33.115+0000] {logging_mixin.py:188} INFO - [2024-03-12T09:27:33.114+0000] {dagbag.py:540} INFO - Filling up the DagBag from /usr/local/lib/python3.10/dist-packages/airflow/example_dags/example_trigger_controller_dag.py
[2024-03-12T09:27:33.132+0000] {processor.py:840} INFO - DAG(s) 'example_trigger_controller_dag' retrieved from /usr/local/lib/python3.10/dist-packages/airflow/example_dags/example_trigger_controller_dag.py
[2024-03-12T09:27:33.169+0000] {logging_mixin.py:188} INFO - [2024-03-12T09:27:33.168+0000] {dag.py:3047} INFO - Sync 1 DAGs
[2024-03-12T09:27:33.198+0000] {logging_mixin.py:188} INFO - [2024-03-12T09:27:33.198+0000] {dag.py:3834} INFO - Setting next_dagrun for example_trigger_controller_dag to 2021-01-01 00:00:00+00:00, run_after=2021-01-01 00:00:00+00:00
[2024-03-12T09:27:33.248+0000] {processor.py:183} INFO - Processing /usr/local/lib/python3.10/dist-packages/airflow/example_dags/example_trigger_controller_dag.py took 0.142 seconds
[2024-03-12T09:28:13.859+0000] {processor.py:161} INFO - Started process (PID=14320) to work on /usr/local/lib/python3.10/dist-packages/airflow/example_dags/example_trigger_controller_dag.py
[2024-03-12T09:28:13.861+0000] {processor.py:830} INFO - Processing file /usr/local/lib/python3.10/dist-packages/airflow/example_dags/example_trigger_controller_dag.py for tasks to queue
[2024-03-12T09:28:13.863+0000] {logging_mixin.py:188} INFO - [2024-03-12T09:28:13.862+0000] {dagbag.py:540} INFO - Filling up the DagBag from /usr/local/lib/python3.10/dist-packages/airflow/example_dags/example_trigger_controller_dag.py
[2024-03-12T09:28:13.871+0000] {processor.py:840} INFO - DAG(s) 'example_trigger_controller_dag' retrieved from /usr/local/lib/python3.10/dist-packages/airflow/example_dags/example_trigger_controller_dag.py
[2024-03-12T09:28:13.892+0000] {logging_mixin.py:188} INFO - [2024-03-12T09:28:13.892+0000] {dag.py:3047} INFO - Sync 1 DAGs
[2024-03-12T09:28:13.932+0000] {logging_mixin.py:188} INFO - [2024-03-12T09:28:13.930+0000] {dag.py:3834} INFO - Setting next_dagrun for example_trigger_controller_dag to 2021-01-01 00:00:00+00:00, run_after=2021-01-01 00:00:00+00:00
[2024-03-12T09:28:13.988+0000] {processor.py:183} INFO - Processing /usr/local/lib/python3.10/dist-packages/airflow/example_dags/example_trigger_controller_dag.py took 0.134 seconds
[2024-03-12T09:28:53.682+0000] {processor.py:161} INFO - Started process (PID=14359) to work on /usr/local/lib/python3.10/dist-packages/airflow/example_dags/example_trigger_controller_dag.py
[2024-03-12T09:28:53.684+0000] {processor.py:830} INFO - Processing file /usr/local/lib/python3.10/dist-packages/airflow/example_dags/example_trigger_controller_dag.py for tasks to queue
[2024-03-12T09:28:53.687+0000] {logging_mixin.py:188} INFO - [2024-03-12T09:28:53.685+0000] {dagbag.py:540} INFO - Filling up the DagBag from /usr/local/lib/python3.10/dist-packages/airflow/example_dags/example_trigger_controller_dag.py
[2024-03-12T09:28:53.707+0000] {processor.py:840} INFO - DAG(s) 'example_trigger_controller_dag' retrieved from /usr/local/lib/python3.10/dist-packages/airflow/example_dags/example_trigger_controller_dag.py
[2024-03-12T09:28:53.740+0000] {logging_mixin.py:188} INFO - [2024-03-12T09:28:53.739+0000] {dag.py:3047} INFO - Sync 1 DAGs
[2024-03-12T09:28:53.761+0000] {logging_mixin.py:188} INFO - [2024-03-12T09:28:53.761+0000] {dag.py:3834} INFO - Setting next_dagrun for example_trigger_controller_dag to 2021-01-01 00:00:00+00:00, run_after=2021-01-01 00:00:00+00:00
[2024-03-12T09:28:53.787+0000] {processor.py:183} INFO - Processing /usr/local/lib/python3.10/dist-packages/airflow/example_dags/example_trigger_controller_dag.py took 0.113 seconds
[2024-03-12T09:29:34.096+0000] {processor.py:161} INFO - Started process (PID=14399) to work on /usr/local/lib/python3.10/dist-packages/airflow/example_dags/example_trigger_controller_dag.py
[2024-03-12T09:29:34.097+0000] {processor.py:830} INFO - Processing file /usr/local/lib/python3.10/dist-packages/airflow/example_dags/example_trigger_controller_dag.py for tasks to queue
[2024-03-12T09:29:34.098+0000] {logging_mixin.py:188} INFO - [2024-03-12T09:29:34.098+0000] {dagbag.py:540} INFO - Filling up the DagBag from /usr/local/lib/python3.10/dist-packages/airflow/example_dags/example_trigger_controller_dag.py
[2024-03-12T09:29:34.104+0000] {processor.py:840} INFO - DAG(s) 'example_trigger_controller_dag' retrieved from /usr/local/lib/python3.10/dist-packages/airflow/example_dags/example_trigger_controller_dag.py
[2024-03-12T09:29:34.120+0000] {logging_mixin.py:188} INFO - [2024-03-12T09:29:34.120+0000] {dag.py:3047} INFO - Sync 1 DAGs
[2024-03-12T09:29:34.139+0000] {logging_mixin.py:188} INFO - [2024-03-12T09:29:34.138+0000] {dag.py:3834} INFO - Setting next_dagrun for example_trigger_controller_dag to 2021-01-01 00:00:00+00:00, run_after=2021-01-01 00:00:00+00:00
[2024-03-12T09:29:34.162+0000] {processor.py:183} INFO - Processing /usr/local/lib/python3.10/dist-packages/airflow/example_dags/example_trigger_controller_dag.py took 0.069 seconds
[2024-03-12T09:30:15.524+0000] {processor.py:161} INFO - Started process (PID=14439) to work on /usr/local/lib/python3.10/dist-packages/airflow/example_dags/example_trigger_controller_dag.py
[2024-03-12T09:30:15.527+0000] {processor.py:830} INFO - Processing file /usr/local/lib/python3.10/dist-packages/airflow/example_dags/example_trigger_controller_dag.py for tasks to queue
[2024-03-12T09:30:15.537+0000] {logging_mixin.py:188} INFO - [2024-03-12T09:30:15.533+0000] {dagbag.py:540} INFO - Filling up the DagBag from /usr/local/lib/python3.10/dist-packages/airflow/example_dags/example_trigger_controller_dag.py
[2024-03-12T09:30:15.547+0000] {processor.py:840} INFO - DAG(s) 'example_trigger_controller_dag' retrieved from /usr/local/lib/python3.10/dist-packages/airflow/example_dags/example_trigger_controller_dag.py
[2024-03-12T09:30:15.589+0000] {logging_mixin.py:188} INFO - [2024-03-12T09:30:15.588+0000] {dag.py:3047} INFO - Sync 1 DAGs
[2024-03-12T09:30:15.645+0000] {logging_mixin.py:188} INFO - [2024-03-12T09:30:15.645+0000] {dag.py:3834} INFO - Setting next_dagrun for example_trigger_controller_dag to 2021-01-01 00:00:00+00:00, run_after=2021-01-01 00:00:00+00:00
[2024-03-12T09:30:15.712+0000] {processor.py:183} INFO - Processing /usr/local/lib/python3.10/dist-packages/airflow/example_dags/example_trigger_controller_dag.py took 0.197 seconds
[2024-03-12T09:30:56.980+0000] {processor.py:161} INFO - Started process (PID=14480) to work on /usr/local/lib/python3.10/dist-packages/airflow/example_dags/example_trigger_controller_dag.py
[2024-03-12T09:30:56.983+0000] {processor.py:830} INFO - Processing file /usr/local/lib/python3.10/dist-packages/airflow/example_dags/example_trigger_controller_dag.py for tasks to queue
[2024-03-12T09:30:56.984+0000] {logging_mixin.py:188} INFO - [2024-03-12T09:30:56.984+0000] {dagbag.py:540} INFO - Filling up the DagBag from /usr/local/lib/python3.10/dist-packages/airflow/example_dags/example_trigger_controller_dag.py
[2024-03-12T09:30:57.004+0000] {processor.py:840} INFO - DAG(s) 'example_trigger_controller_dag' retrieved from /usr/local/lib/python3.10/dist-packages/airflow/example_dags/example_trigger_controller_dag.py
[2024-03-12T09:30:57.032+0000] {logging_mixin.py:188} INFO - [2024-03-12T09:30:57.032+0000] {dag.py:3047} INFO - Sync 1 DAGs
[2024-03-12T09:30:57.069+0000] {logging_mixin.py:188} INFO - [2024-03-12T09:30:57.068+0000] {dag.py:3834} INFO - Setting next_dagrun for example_trigger_controller_dag to 2021-01-01 00:00:00+00:00, run_after=2021-01-01 00:00:00+00:00
[2024-03-12T09:30:57.138+0000] {processor.py:183} INFO - Processing /usr/local/lib/python3.10/dist-packages/airflow/example_dags/example_trigger_controller_dag.py took 0.167 seconds
[2024-03-12T09:31:38.996+0000] {processor.py:161} INFO - Started process (PID=14520) to work on /usr/local/lib/python3.10/dist-packages/airflow/example_dags/example_trigger_controller_dag.py
[2024-03-12T09:31:38.999+0000] {processor.py:830} INFO - Processing file /usr/local/lib/python3.10/dist-packages/airflow/example_dags/example_trigger_controller_dag.py for tasks to queue
[2024-03-12T09:31:39.000+0000] {logging_mixin.py:188} INFO - [2024-03-12T09:31:39.000+0000] {dagbag.py:540} INFO - Filling up the DagBag from /usr/local/lib/python3.10/dist-packages/airflow/example_dags/example_trigger_controller_dag.py
[2024-03-12T09:31:39.016+0000] {processor.py:840} INFO - DAG(s) 'example_trigger_controller_dag' retrieved from /usr/local/lib/python3.10/dist-packages/airflow/example_dags/example_trigger_controller_dag.py
[2024-03-12T09:31:39.060+0000] {logging_mixin.py:188} INFO - [2024-03-12T09:31:39.060+0000] {dag.py:3047} INFO - Sync 1 DAGs
[2024-03-12T09:31:39.093+0000] {logging_mixin.py:188} INFO - [2024-03-12T09:31:39.093+0000] {dag.py:3834} INFO - Setting next_dagrun for example_trigger_controller_dag to 2021-01-01 00:00:00+00:00, run_after=2021-01-01 00:00:00+00:00
[2024-03-12T09:31:39.122+0000] {processor.py:183} INFO - Processing /usr/local/lib/python3.10/dist-packages/airflow/example_dags/example_trigger_controller_dag.py took 0.136 seconds
[2024-03-12T09:32:21.308+0000] {processor.py:161} INFO - Started process (PID=14561) to work on /usr/local/lib/python3.10/dist-packages/airflow/example_dags/example_trigger_controller_dag.py
[2024-03-12T09:32:21.311+0000] {processor.py:830} INFO - Processing file /usr/local/lib/python3.10/dist-packages/airflow/example_dags/example_trigger_controller_dag.py for tasks to queue
[2024-03-12T09:32:21.312+0000] {logging_mixin.py:188} INFO - [2024-03-12T09:32:21.311+0000] {dagbag.py:540} INFO - Filling up the DagBag from /usr/local/lib/python3.10/dist-packages/airflow/example_dags/example_trigger_controller_dag.py
[2024-03-12T09:32:21.319+0000] {processor.py:840} INFO - DAG(s) 'example_trigger_controller_dag' retrieved from /usr/local/lib/python3.10/dist-packages/airflow/example_dags/example_trigger_controller_dag.py
[2024-03-12T09:32:21.339+0000] {logging_mixin.py:188} INFO - [2024-03-12T09:32:21.339+0000] {dag.py:3047} INFO - Sync 1 DAGs
[2024-03-12T09:32:21.384+0000] {logging_mixin.py:188} INFO - [2024-03-12T09:32:21.383+0000] {dag.py:3834} INFO - Setting next_dagrun for example_trigger_controller_dag to 2021-01-01 00:00:00+00:00, run_after=2021-01-01 00:00:00+00:00
[2024-03-12T09:32:21.412+0000] {processor.py:183} INFO - Processing /usr/local/lib/python3.10/dist-packages/airflow/example_dags/example_trigger_controller_dag.py took 0.108 seconds
[2024-03-12T09:33:06.749+0000] {processor.py:161} INFO - Started process (PID=14604) to work on /usr/local/lib/python3.10/dist-packages/airflow/example_dags/example_trigger_controller_dag.py
[2024-03-12T09:33:06.751+0000] {processor.py:830} INFO - Processing file /usr/local/lib/python3.10/dist-packages/airflow/example_dags/example_trigger_controller_dag.py for tasks to queue
[2024-03-12T09:33:06.753+0000] {logging_mixin.py:188} INFO - [2024-03-12T09:33:06.752+0000] {dagbag.py:540} INFO - Filling up the DagBag from /usr/local/lib/python3.10/dist-packages/airflow/example_dags/example_trigger_controller_dag.py
[2024-03-12T09:33:06.761+0000] {processor.py:840} INFO - DAG(s) 'example_trigger_controller_dag' retrieved from /usr/local/lib/python3.10/dist-packages/airflow/example_dags/example_trigger_controller_dag.py
[2024-03-12T09:33:06.789+0000] {logging_mixin.py:188} INFO - [2024-03-12T09:33:06.789+0000] {dag.py:3047} INFO - Sync 1 DAGs
[2024-03-12T09:33:06.818+0000] {logging_mixin.py:188} INFO - [2024-03-12T09:33:06.817+0000] {dag.py:3834} INFO - Setting next_dagrun for example_trigger_controller_dag to 2021-01-01 00:00:00+00:00, run_after=2021-01-01 00:00:00+00:00
[2024-03-12T09:33:06.854+0000] {processor.py:183} INFO - Processing /usr/local/lib/python3.10/dist-packages/airflow/example_dags/example_trigger_controller_dag.py took 0.108 seconds
[2024-03-12T09:33:50.348+0000] {processor.py:161} INFO - Started process (PID=14647) to work on /usr/local/lib/python3.10/dist-packages/airflow/example_dags/example_trigger_controller_dag.py
[2024-03-12T09:33:50.350+0000] {processor.py:830} INFO - Processing file /usr/local/lib/python3.10/dist-packages/airflow/example_dags/example_trigger_controller_dag.py for tasks to queue
[2024-03-12T09:33:50.351+0000] {logging_mixin.py:188} INFO - [2024-03-12T09:33:50.351+0000] {dagbag.py:540} INFO - Filling up the DagBag from /usr/local/lib/python3.10/dist-packages/airflow/example_dags/example_trigger_controller_dag.py
[2024-03-12T09:33:50.359+0000] {processor.py:840} INFO - DAG(s) 'example_trigger_controller_dag' retrieved from /usr/local/lib/python3.10/dist-packages/airflow/example_dags/example_trigger_controller_dag.py
[2024-03-12T09:33:50.376+0000] {logging_mixin.py:188} INFO - [2024-03-12T09:33:50.375+0000] {dag.py:3047} INFO - Sync 1 DAGs
[2024-03-12T09:33:50.399+0000] {logging_mixin.py:188} INFO - [2024-03-12T09:33:50.399+0000] {dag.py:3834} INFO - Setting next_dagrun for example_trigger_controller_dag to 2021-01-01 00:00:00+00:00, run_after=2021-01-01 00:00:00+00:00
[2024-03-12T09:33:50.423+0000] {processor.py:183} INFO - Processing /usr/local/lib/python3.10/dist-packages/airflow/example_dags/example_trigger_controller_dag.py took 0.081 seconds
[2024-03-12T09:34:31.972+0000] {processor.py:161} INFO - Started process (PID=14688) to work on /usr/local/lib/python3.10/dist-packages/airflow/example_dags/example_trigger_controller_dag.py
[2024-03-12T09:34:31.974+0000] {processor.py:830} INFO - Processing file /usr/local/lib/python3.10/dist-packages/airflow/example_dags/example_trigger_controller_dag.py for tasks to queue
[2024-03-12T09:34:31.975+0000] {logging_mixin.py:188} INFO - [2024-03-12T09:34:31.974+0000] {dagbag.py:540} INFO - Filling up the DagBag from /usr/local/lib/python3.10/dist-packages/airflow/example_dags/example_trigger_controller_dag.py
[2024-03-12T09:34:31.981+0000] {processor.py:840} INFO - DAG(s) 'example_trigger_controller_dag' retrieved from /usr/local/lib/python3.10/dist-packages/airflow/example_dags/example_trigger_controller_dag.py
[2024-03-12T09:34:32.031+0000] {logging_mixin.py:188} INFO - [2024-03-12T09:34:32.030+0000] {dag.py:3047} INFO - Sync 1 DAGs
[2024-03-12T09:34:32.080+0000] {logging_mixin.py:188} INFO - [2024-03-12T09:34:32.079+0000] {dag.py:3834} INFO - Setting next_dagrun for example_trigger_controller_dag to 2021-01-01 00:00:00+00:00, run_after=2021-01-01 00:00:00+00:00
[2024-03-12T09:34:32.118+0000] {processor.py:183} INFO - Processing /usr/local/lib/python3.10/dist-packages/airflow/example_dags/example_trigger_controller_dag.py took 0.149 seconds
[2024-03-12T09:35:16.990+0000] {processor.py:161} INFO - Started process (PID=14729) to work on /usr/local/lib/python3.10/dist-packages/airflow/example_dags/example_trigger_controller_dag.py
[2024-03-12T09:35:16.997+0000] {processor.py:830} INFO - Processing file /usr/local/lib/python3.10/dist-packages/airflow/example_dags/example_trigger_controller_dag.py for tasks to queue
[2024-03-12T09:35:16.999+0000] {logging_mixin.py:188} INFO - [2024-03-12T09:35:16.998+0000] {dagbag.py:540} INFO - Filling up the DagBag from /usr/local/lib/python3.10/dist-packages/airflow/example_dags/example_trigger_controller_dag.py
[2024-03-12T09:35:17.021+0000] {processor.py:840} INFO - DAG(s) 'example_trigger_controller_dag' retrieved from /usr/local/lib/python3.10/dist-packages/airflow/example_dags/example_trigger_controller_dag.py
[2024-03-12T09:35:17.050+0000] {logging_mixin.py:188} INFO - [2024-03-12T09:35:17.048+0000] {dag.py:3047} INFO - Sync 1 DAGs
[2024-03-12T09:35:17.101+0000] {logging_mixin.py:188} INFO - [2024-03-12T09:35:17.098+0000] {dag.py:3834} INFO - Setting next_dagrun for example_trigger_controller_dag to 2021-01-01 00:00:00+00:00, run_after=2021-01-01 00:00:00+00:00
[2024-03-12T09:35:17.156+0000] {processor.py:183} INFO - Processing /usr/local/lib/python3.10/dist-packages/airflow/example_dags/example_trigger_controller_dag.py took 0.179 seconds
[2024-03-12T09:36:01.458+0000] {processor.py:161} INFO - Started process (PID=14773) to work on /usr/local/lib/python3.10/dist-packages/airflow/example_dags/example_trigger_controller_dag.py
[2024-03-12T09:36:01.460+0000] {processor.py:830} INFO - Processing file /usr/local/lib/python3.10/dist-packages/airflow/example_dags/example_trigger_controller_dag.py for tasks to queue
[2024-03-12T09:36:01.462+0000] {logging_mixin.py:188} INFO - [2024-03-12T09:36:01.461+0000] {dagbag.py:540} INFO - Filling up the DagBag from /usr/local/lib/python3.10/dist-packages/airflow/example_dags/example_trigger_controller_dag.py
[2024-03-12T09:36:01.470+0000] {processor.py:840} INFO - DAG(s) 'example_trigger_controller_dag' retrieved from /usr/local/lib/python3.10/dist-packages/airflow/example_dags/example_trigger_controller_dag.py
[2024-03-12T09:36:01.498+0000] {logging_mixin.py:188} INFO - [2024-03-12T09:36:01.498+0000] {dag.py:3047} INFO - Sync 1 DAGs
[2024-03-12T09:36:01.538+0000] {logging_mixin.py:188} INFO - [2024-03-12T09:36:01.537+0000] {dag.py:3834} INFO - Setting next_dagrun for example_trigger_controller_dag to 2021-01-01 00:00:00+00:00, run_after=2021-01-01 00:00:00+00:00
[2024-03-12T09:36:01.585+0000] {processor.py:183} INFO - Processing /usr/local/lib/python3.10/dist-packages/airflow/example_dags/example_trigger_controller_dag.py took 0.150 seconds
[2024-03-12T09:36:41.641+0000] {processor.py:161} INFO - Started process (PID=14813) to work on /usr/local/lib/python3.10/dist-packages/airflow/example_dags/example_trigger_controller_dag.py
[2024-03-12T09:36:41.643+0000] {processor.py:830} INFO - Processing file /usr/local/lib/python3.10/dist-packages/airflow/example_dags/example_trigger_controller_dag.py for tasks to queue
[2024-03-12T09:36:41.644+0000] {logging_mixin.py:188} INFO - [2024-03-12T09:36:41.643+0000] {dagbag.py:540} INFO - Filling up the DagBag from /usr/local/lib/python3.10/dist-packages/airflow/example_dags/example_trigger_controller_dag.py
[2024-03-12T09:36:41.652+0000] {processor.py:840} INFO - DAG(s) 'example_trigger_controller_dag' retrieved from /usr/local/lib/python3.10/dist-packages/airflow/example_dags/example_trigger_controller_dag.py
[2024-03-12T09:36:41.675+0000] {logging_mixin.py:188} INFO - [2024-03-12T09:36:41.675+0000] {dag.py:3047} INFO - Sync 1 DAGs
[2024-03-12T09:36:41.703+0000] {logging_mixin.py:188} INFO - [2024-03-12T09:36:41.702+0000] {dag.py:3834} INFO - Setting next_dagrun for example_trigger_controller_dag to 2021-01-01 00:00:00+00:00, run_after=2021-01-01 00:00:00+00:00
[2024-03-12T09:36:41.741+0000] {processor.py:183} INFO - Processing /usr/local/lib/python3.10/dist-packages/airflow/example_dags/example_trigger_controller_dag.py took 0.104 seconds
[2024-03-12T09:37:23.528+0000] {processor.py:161} INFO - Started process (PID=14853) to work on /usr/local/lib/python3.10/dist-packages/airflow/example_dags/example_trigger_controller_dag.py
[2024-03-12T09:37:23.530+0000] {processor.py:830} INFO - Processing file /usr/local/lib/python3.10/dist-packages/airflow/example_dags/example_trigger_controller_dag.py for tasks to queue
[2024-03-12T09:37:23.531+0000] {logging_mixin.py:188} INFO - [2024-03-12T09:37:23.530+0000] {dagbag.py:540} INFO - Filling up the DagBag from /usr/local/lib/python3.10/dist-packages/airflow/example_dags/example_trigger_controller_dag.py
[2024-03-12T09:37:23.538+0000] {processor.py:840} INFO - DAG(s) 'example_trigger_controller_dag' retrieved from /usr/local/lib/python3.10/dist-packages/airflow/example_dags/example_trigger_controller_dag.py
[2024-03-12T09:37:23.558+0000] {logging_mixin.py:188} INFO - [2024-03-12T09:37:23.558+0000] {dag.py:3047} INFO - Sync 1 DAGs
[2024-03-12T09:37:23.580+0000] {logging_mixin.py:188} INFO - [2024-03-12T09:37:23.580+0000] {dag.py:3834} INFO - Setting next_dagrun for example_trigger_controller_dag to 2021-01-01 00:00:00+00:00, run_after=2021-01-01 00:00:00+00:00
[2024-03-12T09:37:23.609+0000] {processor.py:183} INFO - Processing /usr/local/lib/python3.10/dist-packages/airflow/example_dags/example_trigger_controller_dag.py took 0.085 seconds
[2024-03-12T09:38:05.315+0000] {processor.py:161} INFO - Started process (PID=14894) to work on /usr/local/lib/python3.10/dist-packages/airflow/example_dags/example_trigger_controller_dag.py
[2024-03-12T09:38:05.317+0000] {processor.py:830} INFO - Processing file /usr/local/lib/python3.10/dist-packages/airflow/example_dags/example_trigger_controller_dag.py for tasks to queue
[2024-03-12T09:38:05.318+0000] {logging_mixin.py:188} INFO - [2024-03-12T09:38:05.318+0000] {dagbag.py:540} INFO - Filling up the DagBag from /usr/local/lib/python3.10/dist-packages/airflow/example_dags/example_trigger_controller_dag.py
[2024-03-12T09:38:05.325+0000] {processor.py:840} INFO - DAG(s) 'example_trigger_controller_dag' retrieved from /usr/local/lib/python3.10/dist-packages/airflow/example_dags/example_trigger_controller_dag.py
[2024-03-12T09:38:05.353+0000] {logging_mixin.py:188} INFO - [2024-03-12T09:38:05.353+0000] {dag.py:3047} INFO - Sync 1 DAGs
[2024-03-12T09:38:05.382+0000] {logging_mixin.py:188} INFO - [2024-03-12T09:38:05.381+0000] {dag.py:3834} INFO - Setting next_dagrun for example_trigger_controller_dag to 2021-01-01 00:00:00+00:00, run_after=2021-01-01 00:00:00+00:00
[2024-03-12T09:38:05.413+0000] {processor.py:183} INFO - Processing /usr/local/lib/python3.10/dist-packages/airflow/example_dags/example_trigger_controller_dag.py took 0.103 seconds
[2024-03-12T09:38:47.034+0000] {processor.py:161} INFO - Started process (PID=14935) to work on /usr/local/lib/python3.10/dist-packages/airflow/example_dags/example_trigger_controller_dag.py
[2024-03-12T09:38:47.038+0000] {processor.py:830} INFO - Processing file /usr/local/lib/python3.10/dist-packages/airflow/example_dags/example_trigger_controller_dag.py for tasks to queue
[2024-03-12T09:38:47.041+0000] {logging_mixin.py:188} INFO - [2024-03-12T09:38:47.040+0000] {dagbag.py:540} INFO - Filling up the DagBag from /usr/local/lib/python3.10/dist-packages/airflow/example_dags/example_trigger_controller_dag.py
[2024-03-12T09:38:47.063+0000] {processor.py:840} INFO - DAG(s) 'example_trigger_controller_dag' retrieved from /usr/local/lib/python3.10/dist-packages/airflow/example_dags/example_trigger_controller_dag.py
[2024-03-12T09:38:47.100+0000] {logging_mixin.py:188} INFO - [2024-03-12T09:38:47.099+0000] {dag.py:3047} INFO - Sync 1 DAGs
[2024-03-12T09:38:47.157+0000] {logging_mixin.py:188} INFO - [2024-03-12T09:38:47.156+0000] {dag.py:3834} INFO - Setting next_dagrun for example_trigger_controller_dag to 2021-01-01 00:00:00+00:00, run_after=2021-01-01 00:00:00+00:00
[2024-03-12T09:38:47.209+0000] {processor.py:183} INFO - Processing /usr/local/lib/python3.10/dist-packages/airflow/example_dags/example_trigger_controller_dag.py took 0.190 seconds
[2024-03-12T09:39:29.838+0000] {processor.py:161} INFO - Started process (PID=14975) to work on /usr/local/lib/python3.10/dist-packages/airflow/example_dags/example_trigger_controller_dag.py
[2024-03-12T09:39:29.842+0000] {processor.py:830} INFO - Processing file /usr/local/lib/python3.10/dist-packages/airflow/example_dags/example_trigger_controller_dag.py for tasks to queue
[2024-03-12T09:39:29.847+0000] {logging_mixin.py:188} INFO - [2024-03-12T09:39:29.844+0000] {dagbag.py:540} INFO - Filling up the DagBag from /usr/local/lib/python3.10/dist-packages/airflow/example_dags/example_trigger_controller_dag.py
[2024-03-12T09:39:29.867+0000] {processor.py:840} INFO - DAG(s) 'example_trigger_controller_dag' retrieved from /usr/local/lib/python3.10/dist-packages/airflow/example_dags/example_trigger_controller_dag.py
[2024-03-12T09:39:29.896+0000] {logging_mixin.py:188} INFO - [2024-03-12T09:39:29.895+0000] {dag.py:3047} INFO - Sync 1 DAGs
[2024-03-12T09:39:29.936+0000] {logging_mixin.py:188} INFO - [2024-03-12T09:39:29.935+0000] {dag.py:3834} INFO - Setting next_dagrun for example_trigger_controller_dag to 2021-01-01 00:00:00+00:00, run_after=2021-01-01 00:00:00+00:00
[2024-03-12T09:39:29.967+0000] {processor.py:183} INFO - Processing /usr/local/lib/python3.10/dist-packages/airflow/example_dags/example_trigger_controller_dag.py took 0.135 seconds
[2024-03-12T09:40:13.198+0000] {processor.py:161} INFO - Started process (PID=15016) to work on /usr/local/lib/python3.10/dist-packages/airflow/example_dags/example_trigger_controller_dag.py
[2024-03-12T09:40:13.199+0000] {processor.py:830} INFO - Processing file /usr/local/lib/python3.10/dist-packages/airflow/example_dags/example_trigger_controller_dag.py for tasks to queue
[2024-03-12T09:40:13.202+0000] {logging_mixin.py:188} INFO - [2024-03-12T09:40:13.201+0000] {dagbag.py:540} INFO - Filling up the DagBag from /usr/local/lib/python3.10/dist-packages/airflow/example_dags/example_trigger_controller_dag.py
[2024-03-12T09:40:13.212+0000] {processor.py:840} INFO - DAG(s) 'example_trigger_controller_dag' retrieved from /usr/local/lib/python3.10/dist-packages/airflow/example_dags/example_trigger_controller_dag.py
[2024-03-12T09:40:13.235+0000] {logging_mixin.py:188} INFO - [2024-03-12T09:40:13.235+0000] {dag.py:3047} INFO - Sync 1 DAGs
[2024-03-12T09:40:13.271+0000] {logging_mixin.py:188} INFO - [2024-03-12T09:40:13.270+0000] {dag.py:3834} INFO - Setting next_dagrun for example_trigger_controller_dag to 2021-01-01 00:00:00+00:00, run_after=2021-01-01 00:00:00+00:00
[2024-03-12T09:40:13.309+0000] {processor.py:183} INFO - Processing /usr/local/lib/python3.10/dist-packages/airflow/example_dags/example_trigger_controller_dag.py took 0.116 seconds
[2024-03-12T09:40:57.506+0000] {processor.py:161} INFO - Started process (PID=15059) to work on /usr/local/lib/python3.10/dist-packages/airflow/example_dags/example_trigger_controller_dag.py
[2024-03-12T09:40:57.510+0000] {processor.py:830} INFO - Processing file /usr/local/lib/python3.10/dist-packages/airflow/example_dags/example_trigger_controller_dag.py for tasks to queue
[2024-03-12T09:40:57.511+0000] {logging_mixin.py:188} INFO - [2024-03-12T09:40:57.510+0000] {dagbag.py:540} INFO - Filling up the DagBag from /usr/local/lib/python3.10/dist-packages/airflow/example_dags/example_trigger_controller_dag.py
[2024-03-12T09:40:57.522+0000] {processor.py:840} INFO - DAG(s) 'example_trigger_controller_dag' retrieved from /usr/local/lib/python3.10/dist-packages/airflow/example_dags/example_trigger_controller_dag.py
[2024-03-12T09:40:57.542+0000] {logging_mixin.py:188} INFO - [2024-03-12T09:40:57.542+0000] {dag.py:3047} INFO - Sync 1 DAGs
[2024-03-12T09:40:57.566+0000] {logging_mixin.py:188} INFO - [2024-03-12T09:40:57.566+0000] {dag.py:3834} INFO - Setting next_dagrun for example_trigger_controller_dag to 2021-01-01 00:00:00+00:00, run_after=2021-01-01 00:00:00+00:00
[2024-03-12T09:40:57.597+0000] {processor.py:183} INFO - Processing /usr/local/lib/python3.10/dist-packages/airflow/example_dags/example_trigger_controller_dag.py took 0.101 seconds
[2024-03-12T09:41:37.351+0000] {processor.py:161} INFO - Started process (PID=15099) to work on /usr/local/lib/python3.10/dist-packages/airflow/example_dags/example_trigger_controller_dag.py
[2024-03-12T09:41:37.352+0000] {processor.py:830} INFO - Processing file /usr/local/lib/python3.10/dist-packages/airflow/example_dags/example_trigger_controller_dag.py for tasks to queue
[2024-03-12T09:41:37.355+0000] {logging_mixin.py:188} INFO - [2024-03-12T09:41:37.355+0000] {dagbag.py:540} INFO - Filling up the DagBag from /usr/local/lib/python3.10/dist-packages/airflow/example_dags/example_trigger_controller_dag.py
[2024-03-12T09:41:37.370+0000] {processor.py:840} INFO - DAG(s) 'example_trigger_controller_dag' retrieved from /usr/local/lib/python3.10/dist-packages/airflow/example_dags/example_trigger_controller_dag.py
[2024-03-12T09:41:37.411+0000] {logging_mixin.py:188} INFO - [2024-03-12T09:41:37.410+0000] {dag.py:3047} INFO - Sync 1 DAGs
[2024-03-12T09:41:37.457+0000] {logging_mixin.py:188} INFO - [2024-03-12T09:41:37.456+0000] {dag.py:3834} INFO - Setting next_dagrun for example_trigger_controller_dag to 2021-01-01 00:00:00+00:00, run_after=2021-01-01 00:00:00+00:00
[2024-03-12T09:41:37.493+0000] {processor.py:183} INFO - Processing /usr/local/lib/python3.10/dist-packages/airflow/example_dags/example_trigger_controller_dag.py took 0.150 seconds
[2024-03-12T09:42:19.657+0000] {processor.py:161} INFO - Started process (PID=15140) to work on /usr/local/lib/python3.10/dist-packages/airflow/example_dags/example_trigger_controller_dag.py
[2024-03-12T09:42:19.659+0000] {processor.py:830} INFO - Processing file /usr/local/lib/python3.10/dist-packages/airflow/example_dags/example_trigger_controller_dag.py for tasks to queue
[2024-03-12T09:42:19.660+0000] {logging_mixin.py:188} INFO - [2024-03-12T09:42:19.660+0000] {dagbag.py:540} INFO - Filling up the DagBag from /usr/local/lib/python3.10/dist-packages/airflow/example_dags/example_trigger_controller_dag.py
[2024-03-12T09:42:19.667+0000] {processor.py:840} INFO - DAG(s) 'example_trigger_controller_dag' retrieved from /usr/local/lib/python3.10/dist-packages/airflow/example_dags/example_trigger_controller_dag.py
[2024-03-12T09:42:19.684+0000] {logging_mixin.py:188} INFO - [2024-03-12T09:42:19.684+0000] {dag.py:3047} INFO - Sync 1 DAGs
[2024-03-12T09:42:19.704+0000] {logging_mixin.py:188} INFO - [2024-03-12T09:42:19.703+0000] {dag.py:3834} INFO - Setting next_dagrun for example_trigger_controller_dag to 2021-01-01 00:00:00+00:00, run_after=2021-01-01 00:00:00+00:00
[2024-03-12T09:42:19.742+0000] {processor.py:183} INFO - Processing /usr/local/lib/python3.10/dist-packages/airflow/example_dags/example_trigger_controller_dag.py took 0.088 seconds
[2024-03-12T09:42:59.652+0000] {processor.py:161} INFO - Started process (PID=15252) to work on /usr/local/lib/python3.10/dist-packages/airflow/example_dags/example_trigger_controller_dag.py
[2024-03-12T09:42:59.653+0000] {processor.py:830} INFO - Processing file /usr/local/lib/python3.10/dist-packages/airflow/example_dags/example_trigger_controller_dag.py for tasks to queue
[2024-03-12T09:42:59.654+0000] {logging_mixin.py:188} INFO - [2024-03-12T09:42:59.653+0000] {dagbag.py:540} INFO - Filling up the DagBag from /usr/local/lib/python3.10/dist-packages/airflow/example_dags/example_trigger_controller_dag.py
[2024-03-12T09:42:59.662+0000] {processor.py:840} INFO - DAG(s) 'example_trigger_controller_dag' retrieved from /usr/local/lib/python3.10/dist-packages/airflow/example_dags/example_trigger_controller_dag.py
[2024-03-12T09:42:59.682+0000] {logging_mixin.py:188} INFO - [2024-03-12T09:42:59.682+0000] {dag.py:3047} INFO - Sync 1 DAGs
[2024-03-12T09:42:59.704+0000] {logging_mixin.py:188} INFO - [2024-03-12T09:42:59.704+0000] {dag.py:3834} INFO - Setting next_dagrun for example_trigger_controller_dag to 2021-01-01 00:00:00+00:00, run_after=2021-01-01 00:00:00+00:00
[2024-03-12T09:42:59.766+0000] {processor.py:183} INFO - Processing /usr/local/lib/python3.10/dist-packages/airflow/example_dags/example_trigger_controller_dag.py took 0.118 seconds
[2024-03-12T09:43:39.846+0000] {processor.py:161} INFO - Started process (PID=15293) to work on /usr/local/lib/python3.10/dist-packages/airflow/example_dags/example_trigger_controller_dag.py
[2024-03-12T09:43:39.848+0000] {processor.py:830} INFO - Processing file /usr/local/lib/python3.10/dist-packages/airflow/example_dags/example_trigger_controller_dag.py for tasks to queue
[2024-03-12T09:43:39.849+0000] {logging_mixin.py:188} INFO - [2024-03-12T09:43:39.848+0000] {dagbag.py:540} INFO - Filling up the DagBag from /usr/local/lib/python3.10/dist-packages/airflow/example_dags/example_trigger_controller_dag.py
[2024-03-12T09:43:39.859+0000] {processor.py:840} INFO - DAG(s) 'example_trigger_controller_dag' retrieved from /usr/local/lib/python3.10/dist-packages/airflow/example_dags/example_trigger_controller_dag.py
[2024-03-12T09:43:39.888+0000] {logging_mixin.py:188} INFO - [2024-03-12T09:43:39.887+0000] {dag.py:3047} INFO - Sync 1 DAGs
[2024-03-12T09:43:39.917+0000] {logging_mixin.py:188} INFO - [2024-03-12T09:43:39.917+0000] {dag.py:3834} INFO - Setting next_dagrun for example_trigger_controller_dag to 2021-01-01 00:00:00+00:00, run_after=2021-01-01 00:00:00+00:00
[2024-03-12T09:43:39.961+0000] {processor.py:183} INFO - Processing /usr/local/lib/python3.10/dist-packages/airflow/example_dags/example_trigger_controller_dag.py took 0.118 seconds
[2024-03-12T09:44:24.669+0000] {processor.py:161} INFO - Started process (PID=15350) to work on /usr/local/lib/python3.10/dist-packages/airflow/example_dags/example_trigger_controller_dag.py
[2024-03-12T09:44:24.671+0000] {processor.py:830} INFO - Processing file /usr/local/lib/python3.10/dist-packages/airflow/example_dags/example_trigger_controller_dag.py for tasks to queue
[2024-03-12T09:44:24.673+0000] {logging_mixin.py:188} INFO - [2024-03-12T09:44:24.672+0000] {dagbag.py:540} INFO - Filling up the DagBag from /usr/local/lib/python3.10/dist-packages/airflow/example_dags/example_trigger_controller_dag.py
[2024-03-12T09:44:24.686+0000] {processor.py:840} INFO - DAG(s) 'example_trigger_controller_dag' retrieved from /usr/local/lib/python3.10/dist-packages/airflow/example_dags/example_trigger_controller_dag.py
[2024-03-12T09:44:24.712+0000] {logging_mixin.py:188} INFO - [2024-03-12T09:44:24.712+0000] {dag.py:3047} INFO - Sync 1 DAGs
[2024-03-12T09:44:24.747+0000] {logging_mixin.py:188} INFO - [2024-03-12T09:44:24.746+0000] {dag.py:3834} INFO - Setting next_dagrun for example_trigger_controller_dag to 2021-01-01 00:00:00+00:00, run_after=2021-01-01 00:00:00+00:00
[2024-03-12T09:44:24.788+0000] {processor.py:183} INFO - Processing /usr/local/lib/python3.10/dist-packages/airflow/example_dags/example_trigger_controller_dag.py took 0.125 seconds
[2024-03-12T09:45:07.904+0000] {processor.py:161} INFO - Started process (PID=15391) to work on /usr/local/lib/python3.10/dist-packages/airflow/example_dags/example_trigger_controller_dag.py
[2024-03-12T09:45:07.906+0000] {processor.py:830} INFO - Processing file /usr/local/lib/python3.10/dist-packages/airflow/example_dags/example_trigger_controller_dag.py for tasks to queue
[2024-03-12T09:45:07.907+0000] {logging_mixin.py:188} INFO - [2024-03-12T09:45:07.906+0000] {dagbag.py:540} INFO - Filling up the DagBag from /usr/local/lib/python3.10/dist-packages/airflow/example_dags/example_trigger_controller_dag.py
[2024-03-12T09:45:07.915+0000] {processor.py:840} INFO - DAG(s) 'example_trigger_controller_dag' retrieved from /usr/local/lib/python3.10/dist-packages/airflow/example_dags/example_trigger_controller_dag.py
[2024-03-12T09:45:07.939+0000] {logging_mixin.py:188} INFO - [2024-03-12T09:45:07.939+0000] {dag.py:3047} INFO - Sync 1 DAGs
[2024-03-12T09:45:07.969+0000] {logging_mixin.py:188} INFO - [2024-03-12T09:45:07.968+0000] {dag.py:3834} INFO - Setting next_dagrun for example_trigger_controller_dag to 2021-01-01 00:00:00+00:00, run_after=2021-01-01 00:00:00+00:00
[2024-03-12T09:45:08.005+0000] {processor.py:183} INFO - Processing /usr/local/lib/python3.10/dist-packages/airflow/example_dags/example_trigger_controller_dag.py took 0.105 seconds
[2024-03-12T09:45:50.124+0000] {processor.py:161} INFO - Started process (PID=15433) to work on /usr/local/lib/python3.10/dist-packages/airflow/example_dags/example_trigger_controller_dag.py
[2024-03-12T09:45:50.129+0000] {processor.py:830} INFO - Processing file /usr/local/lib/python3.10/dist-packages/airflow/example_dags/example_trigger_controller_dag.py for tasks to queue
[2024-03-12T09:45:50.134+0000] {logging_mixin.py:188} INFO - [2024-03-12T09:45:50.132+0000] {dagbag.py:540} INFO - Filling up the DagBag from /usr/local/lib/python3.10/dist-packages/airflow/example_dags/example_trigger_controller_dag.py
[2024-03-12T09:45:50.148+0000] {processor.py:840} INFO - DAG(s) 'example_trigger_controller_dag' retrieved from /usr/local/lib/python3.10/dist-packages/airflow/example_dags/example_trigger_controller_dag.py
[2024-03-12T09:45:50.185+0000] {logging_mixin.py:188} INFO - [2024-03-12T09:45:50.185+0000] {dag.py:3047} INFO - Sync 1 DAGs
[2024-03-12T09:45:50.225+0000] {logging_mixin.py:188} INFO - [2024-03-12T09:45:50.224+0000] {dag.py:3834} INFO - Setting next_dagrun for example_trigger_controller_dag to 2021-01-01 00:00:00+00:00, run_after=2021-01-01 00:00:00+00:00
[2024-03-12T09:45:50.261+0000] {processor.py:183} INFO - Processing /usr/local/lib/python3.10/dist-packages/airflow/example_dags/example_trigger_controller_dag.py took 0.144 seconds
[2024-03-12T09:46:31.623+0000] {processor.py:161} INFO - Started process (PID=15473) to work on /usr/local/lib/python3.10/dist-packages/airflow/example_dags/example_trigger_controller_dag.py
[2024-03-12T09:46:31.624+0000] {processor.py:830} INFO - Processing file /usr/local/lib/python3.10/dist-packages/airflow/example_dags/example_trigger_controller_dag.py for tasks to queue
[2024-03-12T09:46:31.625+0000] {logging_mixin.py:188} INFO - [2024-03-12T09:46:31.625+0000] {dagbag.py:540} INFO - Filling up the DagBag from /usr/local/lib/python3.10/dist-packages/airflow/example_dags/example_trigger_controller_dag.py
[2024-03-12T09:46:31.631+0000] {processor.py:840} INFO - DAG(s) 'example_trigger_controller_dag' retrieved from /usr/local/lib/python3.10/dist-packages/airflow/example_dags/example_trigger_controller_dag.py
[2024-03-12T09:46:31.649+0000] {logging_mixin.py:188} INFO - [2024-03-12T09:46:31.649+0000] {dag.py:3047} INFO - Sync 1 DAGs
[2024-03-12T09:46:31.671+0000] {logging_mixin.py:188} INFO - [2024-03-12T09:46:31.671+0000] {dag.py:3834} INFO - Setting next_dagrun for example_trigger_controller_dag to 2021-01-01 00:00:00+00:00, run_after=2021-01-01 00:00:00+00:00
[2024-03-12T09:46:31.699+0000] {processor.py:183} INFO - Processing /usr/local/lib/python3.10/dist-packages/airflow/example_dags/example_trigger_controller_dag.py took 0.079 seconds
[2024-03-12T09:47:09.946+0000] {processor.py:161} INFO - Started process (PID=15512) to work on /usr/local/lib/python3.10/dist-packages/airflow/example_dags/example_trigger_controller_dag.py
[2024-03-12T09:47:09.949+0000] {processor.py:830} INFO - Processing file /usr/local/lib/python3.10/dist-packages/airflow/example_dags/example_trigger_controller_dag.py for tasks to queue
[2024-03-12T09:47:09.952+0000] {logging_mixin.py:188} INFO - [2024-03-12T09:47:09.952+0000] {dagbag.py:540} INFO - Filling up the DagBag from /usr/local/lib/python3.10/dist-packages/airflow/example_dags/example_trigger_controller_dag.py
[2024-03-12T09:47:09.962+0000] {processor.py:840} INFO - DAG(s) 'example_trigger_controller_dag' retrieved from /usr/local/lib/python3.10/dist-packages/airflow/example_dags/example_trigger_controller_dag.py
[2024-03-12T09:47:10.016+0000] {logging_mixin.py:188} INFO - [2024-03-12T09:47:10.015+0000] {dag.py:3047} INFO - Sync 1 DAGs
[2024-03-12T09:47:10.060+0000] {logging_mixin.py:188} INFO - [2024-03-12T09:47:10.060+0000] {dag.py:3834} INFO - Setting next_dagrun for example_trigger_controller_dag to 2021-01-01 00:00:00+00:00, run_after=2021-01-01 00:00:00+00:00
[2024-03-12T09:47:10.102+0000] {processor.py:183} INFO - Processing /usr/local/lib/python3.10/dist-packages/airflow/example_dags/example_trigger_controller_dag.py took 0.164 seconds
[2024-03-12T09:47:52.708+0000] {processor.py:161} INFO - Started process (PID=15553) to work on /usr/local/lib/python3.10/dist-packages/airflow/example_dags/example_trigger_controller_dag.py
[2024-03-12T09:47:52.710+0000] {processor.py:830} INFO - Processing file /usr/local/lib/python3.10/dist-packages/airflow/example_dags/example_trigger_controller_dag.py for tasks to queue
[2024-03-12T09:47:52.713+0000] {logging_mixin.py:188} INFO - [2024-03-12T09:47:52.712+0000] {dagbag.py:540} INFO - Filling up the DagBag from /usr/local/lib/python3.10/dist-packages/airflow/example_dags/example_trigger_controller_dag.py
[2024-03-12T09:47:52.722+0000] {processor.py:840} INFO - DAG(s) 'example_trigger_controller_dag' retrieved from /usr/local/lib/python3.10/dist-packages/airflow/example_dags/example_trigger_controller_dag.py
[2024-03-12T09:47:52.750+0000] {logging_mixin.py:188} INFO - [2024-03-12T09:47:52.750+0000] {dag.py:3047} INFO - Sync 1 DAGs
[2024-03-12T09:47:52.776+0000] {logging_mixin.py:188} INFO - [2024-03-12T09:47:52.776+0000] {dag.py:3834} INFO - Setting next_dagrun for example_trigger_controller_dag to 2021-01-01 00:00:00+00:00, run_after=2021-01-01 00:00:00+00:00
[2024-03-12T09:47:52.807+0000] {processor.py:183} INFO - Processing /usr/local/lib/python3.10/dist-packages/airflow/example_dags/example_trigger_controller_dag.py took 0.104 seconds
[2024-03-12T09:48:33.219+0000] {processor.py:161} INFO - Started process (PID=15599) to work on /usr/local/lib/python3.10/dist-packages/airflow/example_dags/example_trigger_controller_dag.py
[2024-03-12T09:48:33.221+0000] {processor.py:830} INFO - Processing file /usr/local/lib/python3.10/dist-packages/airflow/example_dags/example_trigger_controller_dag.py for tasks to queue
[2024-03-12T09:48:33.223+0000] {logging_mixin.py:188} INFO - [2024-03-12T09:48:33.222+0000] {dagbag.py:540} INFO - Filling up the DagBag from /usr/local/lib/python3.10/dist-packages/airflow/example_dags/example_trigger_controller_dag.py
[2024-03-12T09:48:33.229+0000] {processor.py:840} INFO - DAG(s) 'example_trigger_controller_dag' retrieved from /usr/local/lib/python3.10/dist-packages/airflow/example_dags/example_trigger_controller_dag.py
[2024-03-12T09:48:33.250+0000] {logging_mixin.py:188} INFO - [2024-03-12T09:48:33.250+0000] {dag.py:3047} INFO - Sync 1 DAGs
[2024-03-12T09:48:33.282+0000] {logging_mixin.py:188} INFO - [2024-03-12T09:48:33.282+0000] {dag.py:3834} INFO - Setting next_dagrun for example_trigger_controller_dag to 2021-01-01 00:00:00+00:00, run_after=2021-01-01 00:00:00+00:00
[2024-03-12T09:48:33.317+0000] {processor.py:183} INFO - Processing /usr/local/lib/python3.10/dist-packages/airflow/example_dags/example_trigger_controller_dag.py took 0.103 seconds
[2024-03-12T09:49:14.579+0000] {processor.py:161} INFO - Started process (PID=15638) to work on /usr/local/lib/python3.10/dist-packages/airflow/example_dags/example_trigger_controller_dag.py
[2024-03-12T09:49:14.580+0000] {processor.py:830} INFO - Processing file /usr/local/lib/python3.10/dist-packages/airflow/example_dags/example_trigger_controller_dag.py for tasks to queue
[2024-03-12T09:49:14.581+0000] {logging_mixin.py:188} INFO - [2024-03-12T09:49:14.581+0000] {dagbag.py:540} INFO - Filling up the DagBag from /usr/local/lib/python3.10/dist-packages/airflow/example_dags/example_trigger_controller_dag.py
[2024-03-12T09:49:14.587+0000] {processor.py:840} INFO - DAG(s) 'example_trigger_controller_dag' retrieved from /usr/local/lib/python3.10/dist-packages/airflow/example_dags/example_trigger_controller_dag.py
[2024-03-12T09:49:14.604+0000] {logging_mixin.py:188} INFO - [2024-03-12T09:49:14.604+0000] {dag.py:3047} INFO - Sync 1 DAGs
[2024-03-12T09:49:14.624+0000] {logging_mixin.py:188} INFO - [2024-03-12T09:49:14.624+0000] {dag.py:3834} INFO - Setting next_dagrun for example_trigger_controller_dag to 2021-01-01 00:00:00+00:00, run_after=2021-01-01 00:00:00+00:00
[2024-03-12T09:49:14.648+0000] {processor.py:183} INFO - Processing /usr/local/lib/python3.10/dist-packages/airflow/example_dags/example_trigger_controller_dag.py took 0.074 seconds
[2024-03-12T09:49:57.788+0000] {processor.py:161} INFO - Started process (PID=15679) to work on /usr/local/lib/python3.10/dist-packages/airflow/example_dags/example_trigger_controller_dag.py
[2024-03-12T09:49:57.790+0000] {processor.py:830} INFO - Processing file /usr/local/lib/python3.10/dist-packages/airflow/example_dags/example_trigger_controller_dag.py for tasks to queue
[2024-03-12T09:49:57.791+0000] {logging_mixin.py:188} INFO - [2024-03-12T09:49:57.791+0000] {dagbag.py:540} INFO - Filling up the DagBag from /usr/local/lib/python3.10/dist-packages/airflow/example_dags/example_trigger_controller_dag.py
[2024-03-12T09:49:57.798+0000] {processor.py:840} INFO - DAG(s) 'example_trigger_controller_dag' retrieved from /usr/local/lib/python3.10/dist-packages/airflow/example_dags/example_trigger_controller_dag.py
[2024-03-12T09:49:57.828+0000] {logging_mixin.py:188} INFO - [2024-03-12T09:49:57.827+0000] {dag.py:3047} INFO - Sync 1 DAGs
[2024-03-12T09:49:57.887+0000] {logging_mixin.py:188} INFO - [2024-03-12T09:49:57.886+0000] {dag.py:3834} INFO - Setting next_dagrun for example_trigger_controller_dag to 2021-01-01 00:00:00+00:00, run_after=2021-01-01 00:00:00+00:00
[2024-03-12T09:49:57.920+0000] {processor.py:183} INFO - Processing /usr/local/lib/python3.10/dist-packages/airflow/example_dags/example_trigger_controller_dag.py took 0.137 seconds
[2024-03-12T09:50:42.723+0000] {processor.py:161} INFO - Started process (PID=15722) to work on /usr/local/lib/python3.10/dist-packages/airflow/example_dags/example_trigger_controller_dag.py
[2024-03-12T09:50:42.725+0000] {processor.py:830} INFO - Processing file /usr/local/lib/python3.10/dist-packages/airflow/example_dags/example_trigger_controller_dag.py for tasks to queue
[2024-03-12T09:50:42.726+0000] {logging_mixin.py:188} INFO - [2024-03-12T09:50:42.726+0000] {dagbag.py:540} INFO - Filling up the DagBag from /usr/local/lib/python3.10/dist-packages/airflow/example_dags/example_trigger_controller_dag.py
[2024-03-12T09:50:42.737+0000] {processor.py:840} INFO - DAG(s) 'example_trigger_controller_dag' retrieved from /usr/local/lib/python3.10/dist-packages/airflow/example_dags/example_trigger_controller_dag.py
[2024-03-12T09:50:42.761+0000] {logging_mixin.py:188} INFO - [2024-03-12T09:50:42.761+0000] {dag.py:3047} INFO - Sync 1 DAGs
[2024-03-12T09:50:42.792+0000] {logging_mixin.py:188} INFO - [2024-03-12T09:50:42.792+0000] {dag.py:3834} INFO - Setting next_dagrun for example_trigger_controller_dag to 2021-01-01 00:00:00+00:00, run_after=2021-01-01 00:00:00+00:00
[2024-03-12T09:50:42.837+0000] {processor.py:183} INFO - Processing /usr/local/lib/python3.10/dist-packages/airflow/example_dags/example_trigger_controller_dag.py took 0.132 seconds
[2024-03-12T09:51:28.443+0000] {processor.py:161} INFO - Started process (PID=15765) to work on /usr/local/lib/python3.10/dist-packages/airflow/example_dags/example_trigger_controller_dag.py
[2024-03-12T09:51:28.445+0000] {processor.py:830} INFO - Processing file /usr/local/lib/python3.10/dist-packages/airflow/example_dags/example_trigger_controller_dag.py for tasks to queue
[2024-03-12T09:51:28.447+0000] {logging_mixin.py:188} INFO - [2024-03-12T09:51:28.446+0000] {dagbag.py:540} INFO - Filling up the DagBag from /usr/local/lib/python3.10/dist-packages/airflow/example_dags/example_trigger_controller_dag.py
[2024-03-12T09:51:28.455+0000] {processor.py:840} INFO - DAG(s) 'example_trigger_controller_dag' retrieved from /usr/local/lib/python3.10/dist-packages/airflow/example_dags/example_trigger_controller_dag.py
[2024-03-12T09:51:28.476+0000] {logging_mixin.py:188} INFO - [2024-03-12T09:51:28.476+0000] {dag.py:3047} INFO - Sync 1 DAGs
[2024-03-12T09:51:28.500+0000] {logging_mixin.py:188} INFO - [2024-03-12T09:51:28.499+0000] {dag.py:3834} INFO - Setting next_dagrun for example_trigger_controller_dag to 2021-01-01 00:00:00+00:00, run_after=2021-01-01 00:00:00+00:00
[2024-03-12T09:51:28.526+0000] {processor.py:183} INFO - Processing /usr/local/lib/python3.10/dist-packages/airflow/example_dags/example_trigger_controller_dag.py took 0.089 seconds
[2024-03-12T09:52:15.336+0000] {processor.py:161} INFO - Started process (PID=15809) to work on /usr/local/lib/python3.10/dist-packages/airflow/example_dags/example_trigger_controller_dag.py
[2024-03-12T09:52:15.338+0000] {processor.py:830} INFO - Processing file /usr/local/lib/python3.10/dist-packages/airflow/example_dags/example_trigger_controller_dag.py for tasks to queue
[2024-03-12T09:52:15.339+0000] {logging_mixin.py:188} INFO - [2024-03-12T09:52:15.339+0000] {dagbag.py:540} INFO - Filling up the DagBag from /usr/local/lib/python3.10/dist-packages/airflow/example_dags/example_trigger_controller_dag.py
[2024-03-12T09:52:15.346+0000] {processor.py:840} INFO - DAG(s) 'example_trigger_controller_dag' retrieved from /usr/local/lib/python3.10/dist-packages/airflow/example_dags/example_trigger_controller_dag.py
[2024-03-12T09:52:15.365+0000] {logging_mixin.py:188} INFO - [2024-03-12T09:52:15.365+0000] {dag.py:3047} INFO - Sync 1 DAGs
[2024-03-12T09:52:15.386+0000] {logging_mixin.py:188} INFO - [2024-03-12T09:52:15.386+0000] {dag.py:3834} INFO - Setting next_dagrun for example_trigger_controller_dag to 2021-01-01 00:00:00+00:00, run_after=2021-01-01 00:00:00+00:00
[2024-03-12T09:52:15.412+0000] {processor.py:183} INFO - Processing /usr/local/lib/python3.10/dist-packages/airflow/example_dags/example_trigger_controller_dag.py took 0.079 seconds
[2024-03-12T09:52:58.339+0000] {processor.py:161} INFO - Started process (PID=15853) to work on /usr/local/lib/python3.10/dist-packages/airflow/example_dags/example_trigger_controller_dag.py
[2024-03-12T09:52:58.341+0000] {processor.py:830} INFO - Processing file /usr/local/lib/python3.10/dist-packages/airflow/example_dags/example_trigger_controller_dag.py for tasks to queue
[2024-03-12T09:52:58.342+0000] {logging_mixin.py:188} INFO - [2024-03-12T09:52:58.342+0000] {dagbag.py:540} INFO - Filling up the DagBag from /usr/local/lib/python3.10/dist-packages/airflow/example_dags/example_trigger_controller_dag.py
[2024-03-12T09:52:58.350+0000] {processor.py:840} INFO - DAG(s) 'example_trigger_controller_dag' retrieved from /usr/local/lib/python3.10/dist-packages/airflow/example_dags/example_trigger_controller_dag.py
[2024-03-12T09:52:58.371+0000] {logging_mixin.py:188} INFO - [2024-03-12T09:52:58.371+0000] {dag.py:3047} INFO - Sync 1 DAGs
[2024-03-12T09:52:58.401+0000] {logging_mixin.py:188} INFO - [2024-03-12T09:52:58.400+0000] {dag.py:3834} INFO - Setting next_dagrun for example_trigger_controller_dag to 2021-01-01 00:00:00+00:00, run_after=2021-01-01 00:00:00+00:00
[2024-03-12T09:52:58.436+0000] {processor.py:183} INFO - Processing /usr/local/lib/python3.10/dist-packages/airflow/example_dags/example_trigger_controller_dag.py took 0.101 seconds
[2024-03-12T09:53:42.367+0000] {processor.py:161} INFO - Started process (PID=15895) to work on /usr/local/lib/python3.10/dist-packages/airflow/example_dags/example_trigger_controller_dag.py
[2024-03-12T09:53:42.368+0000] {processor.py:830} INFO - Processing file /usr/local/lib/python3.10/dist-packages/airflow/example_dags/example_trigger_controller_dag.py for tasks to queue
[2024-03-12T09:53:42.369+0000] {logging_mixin.py:188} INFO - [2024-03-12T09:53:42.369+0000] {dagbag.py:540} INFO - Filling up the DagBag from /usr/local/lib/python3.10/dist-packages/airflow/example_dags/example_trigger_controller_dag.py
[2024-03-12T09:53:42.377+0000] {processor.py:840} INFO - DAG(s) 'example_trigger_controller_dag' retrieved from /usr/local/lib/python3.10/dist-packages/airflow/example_dags/example_trigger_controller_dag.py
[2024-03-12T09:53:42.411+0000] {logging_mixin.py:188} INFO - [2024-03-12T09:53:42.410+0000] {dag.py:3047} INFO - Sync 1 DAGs
[2024-03-12T09:53:42.442+0000] {logging_mixin.py:188} INFO - [2024-03-12T09:53:42.441+0000] {dag.py:3834} INFO - Setting next_dagrun for example_trigger_controller_dag to 2021-01-01 00:00:00+00:00, run_after=2021-01-01 00:00:00+00:00
[2024-03-12T09:53:42.475+0000] {processor.py:183} INFO - Processing /usr/local/lib/python3.10/dist-packages/airflow/example_dags/example_trigger_controller_dag.py took 0.113 seconds
[2024-03-12T09:54:28.492+0000] {processor.py:161} INFO - Started process (PID=15940) to work on /usr/local/lib/python3.10/dist-packages/airflow/example_dags/example_trigger_controller_dag.py
[2024-03-12T09:54:28.493+0000] {processor.py:830} INFO - Processing file /usr/local/lib/python3.10/dist-packages/airflow/example_dags/example_trigger_controller_dag.py for tasks to queue
[2024-03-12T09:54:28.494+0000] {logging_mixin.py:188} INFO - [2024-03-12T09:54:28.494+0000] {dagbag.py:540} INFO - Filling up the DagBag from /usr/local/lib/python3.10/dist-packages/airflow/example_dags/example_trigger_controller_dag.py
[2024-03-12T09:54:28.500+0000] {processor.py:840} INFO - DAG(s) 'example_trigger_controller_dag' retrieved from /usr/local/lib/python3.10/dist-packages/airflow/example_dags/example_trigger_controller_dag.py
[2024-03-12T09:54:28.522+0000] {logging_mixin.py:188} INFO - [2024-03-12T09:54:28.522+0000] {dag.py:3047} INFO - Sync 1 DAGs
[2024-03-12T09:54:28.547+0000] {logging_mixin.py:188} INFO - [2024-03-12T09:54:28.547+0000] {dag.py:3834} INFO - Setting next_dagrun for example_trigger_controller_dag to 2021-01-01 00:00:00+00:00, run_after=2021-01-01 00:00:00+00:00
[2024-03-12T09:54:28.574+0000] {processor.py:183} INFO - Processing /usr/local/lib/python3.10/dist-packages/airflow/example_dags/example_trigger_controller_dag.py took 0.086 seconds
[2024-03-12T09:55:13.859+0000] {processor.py:161} INFO - Started process (PID=15983) to work on /usr/local/lib/python3.10/dist-packages/airflow/example_dags/example_trigger_controller_dag.py
[2024-03-12T09:55:13.860+0000] {processor.py:830} INFO - Processing file /usr/local/lib/python3.10/dist-packages/airflow/example_dags/example_trigger_controller_dag.py for tasks to queue
[2024-03-12T09:55:13.861+0000] {logging_mixin.py:188} INFO - [2024-03-12T09:55:13.861+0000] {dagbag.py:540} INFO - Filling up the DagBag from /usr/local/lib/python3.10/dist-packages/airflow/example_dags/example_trigger_controller_dag.py
[2024-03-12T09:55:13.869+0000] {processor.py:840} INFO - DAG(s) 'example_trigger_controller_dag' retrieved from /usr/local/lib/python3.10/dist-packages/airflow/example_dags/example_trigger_controller_dag.py
[2024-03-12T09:55:13.890+0000] {logging_mixin.py:188} INFO - [2024-03-12T09:55:13.890+0000] {dag.py:3047} INFO - Sync 1 DAGs
[2024-03-12T09:55:13.914+0000] {logging_mixin.py:188} INFO - [2024-03-12T09:55:13.914+0000] {dag.py:3834} INFO - Setting next_dagrun for example_trigger_controller_dag to 2021-01-01 00:00:00+00:00, run_after=2021-01-01 00:00:00+00:00
[2024-03-12T09:55:13.942+0000] {processor.py:183} INFO - Processing /usr/local/lib/python3.10/dist-packages/airflow/example_dags/example_trigger_controller_dag.py took 0.088 seconds
[2024-03-12T09:55:57.140+0000] {processor.py:161} INFO - Started process (PID=16028) to work on /usr/local/lib/python3.10/dist-packages/airflow/example_dags/example_trigger_controller_dag.py
[2024-03-12T09:55:57.142+0000] {processor.py:830} INFO - Processing file /usr/local/lib/python3.10/dist-packages/airflow/example_dags/example_trigger_controller_dag.py for tasks to queue
[2024-03-12T09:55:57.144+0000] {logging_mixin.py:188} INFO - [2024-03-12T09:55:57.143+0000] {dagbag.py:540} INFO - Filling up the DagBag from /usr/local/lib/python3.10/dist-packages/airflow/example_dags/example_trigger_controller_dag.py
[2024-03-12T09:55:57.158+0000] {processor.py:840} INFO - DAG(s) 'example_trigger_controller_dag' retrieved from /usr/local/lib/python3.10/dist-packages/airflow/example_dags/example_trigger_controller_dag.py
[2024-03-12T09:55:57.181+0000] {logging_mixin.py:188} INFO - [2024-03-12T09:55:57.180+0000] {dag.py:3047} INFO - Sync 1 DAGs
[2024-03-12T09:55:57.204+0000] {logging_mixin.py:188} INFO - [2024-03-12T09:55:57.204+0000] {dag.py:3834} INFO - Setting next_dagrun for example_trigger_controller_dag to 2021-01-01 00:00:00+00:00, run_after=2021-01-01 00:00:00+00:00
[2024-03-12T09:55:57.255+0000] {processor.py:183} INFO - Processing /usr/local/lib/python3.10/dist-packages/airflow/example_dags/example_trigger_controller_dag.py took 0.119 seconds
[2024-03-12T09:56:41.768+0000] {processor.py:161} INFO - Started process (PID=16070) to work on /usr/local/lib/python3.10/dist-packages/airflow/example_dags/example_trigger_controller_dag.py
[2024-03-12T09:56:41.770+0000] {processor.py:830} INFO - Processing file /usr/local/lib/python3.10/dist-packages/airflow/example_dags/example_trigger_controller_dag.py for tasks to queue
[2024-03-12T09:56:41.771+0000] {logging_mixin.py:188} INFO - [2024-03-12T09:56:41.771+0000] {dagbag.py:540} INFO - Filling up the DagBag from /usr/local/lib/python3.10/dist-packages/airflow/example_dags/example_trigger_controller_dag.py
[2024-03-12T09:56:41.778+0000] {processor.py:840} INFO - DAG(s) 'example_trigger_controller_dag' retrieved from /usr/local/lib/python3.10/dist-packages/airflow/example_dags/example_trigger_controller_dag.py
[2024-03-12T09:56:41.801+0000] {logging_mixin.py:188} INFO - [2024-03-12T09:56:41.801+0000] {dag.py:3047} INFO - Sync 1 DAGs
[2024-03-12T09:56:41.826+0000] {logging_mixin.py:188} INFO - [2024-03-12T09:56:41.826+0000] {dag.py:3834} INFO - Setting next_dagrun for example_trigger_controller_dag to 2021-01-01 00:00:00+00:00, run_after=2021-01-01 00:00:00+00:00
[2024-03-12T09:56:41.861+0000] {processor.py:183} INFO - Processing /usr/local/lib/python3.10/dist-packages/airflow/example_dags/example_trigger_controller_dag.py took 0.097 seconds
[2024-03-12T09:57:27.153+0000] {processor.py:161} INFO - Started process (PID=16113) to work on /usr/local/lib/python3.10/dist-packages/airflow/example_dags/example_trigger_controller_dag.py
[2024-03-12T09:57:27.155+0000] {processor.py:830} INFO - Processing file /usr/local/lib/python3.10/dist-packages/airflow/example_dags/example_trigger_controller_dag.py for tasks to queue
[2024-03-12T09:57:27.157+0000] {logging_mixin.py:188} INFO - [2024-03-12T09:57:27.156+0000] {dagbag.py:540} INFO - Filling up the DagBag from /usr/local/lib/python3.10/dist-packages/airflow/example_dags/example_trigger_controller_dag.py
[2024-03-12T09:57:27.163+0000] {processor.py:840} INFO - DAG(s) 'example_trigger_controller_dag' retrieved from /usr/local/lib/python3.10/dist-packages/airflow/example_dags/example_trigger_controller_dag.py
[2024-03-12T09:57:27.186+0000] {logging_mixin.py:188} INFO - [2024-03-12T09:57:27.185+0000] {dag.py:3047} INFO - Sync 1 DAGs
[2024-03-12T09:57:27.210+0000] {logging_mixin.py:188} INFO - [2024-03-12T09:57:27.210+0000] {dag.py:3834} INFO - Setting next_dagrun for example_trigger_controller_dag to 2021-01-01 00:00:00+00:00, run_after=2021-01-01 00:00:00+00:00
[2024-03-12T09:57:27.241+0000] {processor.py:183} INFO - Processing /usr/local/lib/python3.10/dist-packages/airflow/example_dags/example_trigger_controller_dag.py took 0.092 seconds
[2024-03-12T09:58:10.493+0000] {processor.py:161} INFO - Started process (PID=16160) to work on /usr/local/lib/python3.10/dist-packages/airflow/example_dags/example_trigger_controller_dag.py
[2024-03-12T09:58:10.494+0000] {processor.py:830} INFO - Processing file /usr/local/lib/python3.10/dist-packages/airflow/example_dags/example_trigger_controller_dag.py for tasks to queue
[2024-03-12T09:58:10.496+0000] {logging_mixin.py:188} INFO - [2024-03-12T09:58:10.495+0000] {dagbag.py:540} INFO - Filling up the DagBag from /usr/local/lib/python3.10/dist-packages/airflow/example_dags/example_trigger_controller_dag.py
[2024-03-12T09:58:10.502+0000] {processor.py:840} INFO - DAG(s) 'example_trigger_controller_dag' retrieved from /usr/local/lib/python3.10/dist-packages/airflow/example_dags/example_trigger_controller_dag.py
[2024-03-12T09:58:10.521+0000] {logging_mixin.py:188} INFO - [2024-03-12T09:58:10.520+0000] {dag.py:3047} INFO - Sync 1 DAGs
[2024-03-12T09:58:10.543+0000] {logging_mixin.py:188} INFO - [2024-03-12T09:58:10.543+0000] {dag.py:3834} INFO - Setting next_dagrun for example_trigger_controller_dag to 2021-01-01 00:00:00+00:00, run_after=2021-01-01 00:00:00+00:00
[2024-03-12T09:58:10.570+0000] {processor.py:183} INFO - Processing /usr/local/lib/python3.10/dist-packages/airflow/example_dags/example_trigger_controller_dag.py took 0.080 seconds
[2024-03-12T09:58:51.721+0000] {processor.py:161} INFO - Started process (PID=16207) to work on /usr/local/lib/python3.10/dist-packages/airflow/example_dags/example_trigger_controller_dag.py
[2024-03-12T09:58:51.722+0000] {processor.py:830} INFO - Processing file /usr/local/lib/python3.10/dist-packages/airflow/example_dags/example_trigger_controller_dag.py for tasks to queue
[2024-03-12T09:58:51.724+0000] {logging_mixin.py:188} INFO - [2024-03-12T09:58:51.723+0000] {dagbag.py:540} INFO - Filling up the DagBag from /usr/local/lib/python3.10/dist-packages/airflow/example_dags/example_trigger_controller_dag.py
[2024-03-12T09:58:51.731+0000] {processor.py:840} INFO - DAG(s) 'example_trigger_controller_dag' retrieved from /usr/local/lib/python3.10/dist-packages/airflow/example_dags/example_trigger_controller_dag.py
[2024-03-12T09:58:51.753+0000] {logging_mixin.py:188} INFO - [2024-03-12T09:58:51.753+0000] {dag.py:3047} INFO - Sync 1 DAGs
[2024-03-12T09:58:51.779+0000] {logging_mixin.py:188} INFO - [2024-03-12T09:58:51.779+0000] {dag.py:3834} INFO - Setting next_dagrun for example_trigger_controller_dag to 2021-01-01 00:00:00+00:00, run_after=2021-01-01 00:00:00+00:00
[2024-03-12T09:58:51.812+0000] {processor.py:183} INFO - Processing /usr/local/lib/python3.10/dist-packages/airflow/example_dags/example_trigger_controller_dag.py took 0.095 seconds
[2024-03-12T09:59:34.904+0000] {processor.py:161} INFO - Started process (PID=16253) to work on /usr/local/lib/python3.10/dist-packages/airflow/example_dags/example_trigger_controller_dag.py
[2024-03-12T09:59:34.906+0000] {processor.py:830} INFO - Processing file /usr/local/lib/python3.10/dist-packages/airflow/example_dags/example_trigger_controller_dag.py for tasks to queue
[2024-03-12T09:59:34.907+0000] {logging_mixin.py:188} INFO - [2024-03-12T09:59:34.906+0000] {dagbag.py:540} INFO - Filling up the DagBag from /usr/local/lib/python3.10/dist-packages/airflow/example_dags/example_trigger_controller_dag.py
[2024-03-12T09:59:34.913+0000] {processor.py:840} INFO - DAG(s) 'example_trigger_controller_dag' retrieved from /usr/local/lib/python3.10/dist-packages/airflow/example_dags/example_trigger_controller_dag.py
[2024-03-12T09:59:34.931+0000] {logging_mixin.py:188} INFO - [2024-03-12T09:59:34.931+0000] {dag.py:3047} INFO - Sync 1 DAGs
[2024-03-12T09:59:34.967+0000] {logging_mixin.py:188} INFO - [2024-03-12T09:59:34.967+0000] {dag.py:3834} INFO - Setting next_dagrun for example_trigger_controller_dag to 2021-01-01 00:00:00+00:00, run_after=2021-01-01 00:00:00+00:00
[2024-03-12T09:59:34.994+0000] {processor.py:183} INFO - Processing /usr/local/lib/python3.10/dist-packages/airflow/example_dags/example_trigger_controller_dag.py took 0.094 seconds
[2024-03-12T10:00:16.596+0000] {processor.py:161} INFO - Started process (PID=16300) to work on /usr/local/lib/python3.10/dist-packages/airflow/example_dags/example_trigger_controller_dag.py
[2024-03-12T10:00:16.598+0000] {processor.py:830} INFO - Processing file /usr/local/lib/python3.10/dist-packages/airflow/example_dags/example_trigger_controller_dag.py for tasks to queue
[2024-03-12T10:00:16.599+0000] {logging_mixin.py:188} INFO - [2024-03-12T10:00:16.598+0000] {dagbag.py:540} INFO - Filling up the DagBag from /usr/local/lib/python3.10/dist-packages/airflow/example_dags/example_trigger_controller_dag.py
[2024-03-12T10:00:16.606+0000] {processor.py:840} INFO - DAG(s) 'example_trigger_controller_dag' retrieved from /usr/local/lib/python3.10/dist-packages/airflow/example_dags/example_trigger_controller_dag.py
[2024-03-12T10:00:16.631+0000] {logging_mixin.py:188} INFO - [2024-03-12T10:00:16.631+0000] {dag.py:3047} INFO - Sync 1 DAGs
[2024-03-12T10:00:16.659+0000] {logging_mixin.py:188} INFO - [2024-03-12T10:00:16.659+0000] {dag.py:3834} INFO - Setting next_dagrun for example_trigger_controller_dag to 2021-01-01 00:00:00+00:00, run_after=2021-01-01 00:00:00+00:00
[2024-03-12T10:00:16.699+0000] {processor.py:183} INFO - Processing /usr/local/lib/python3.10/dist-packages/airflow/example_dags/example_trigger_controller_dag.py took 0.106 seconds
[2024-03-12T10:00:59.190+0000] {processor.py:161} INFO - Started process (PID=16348) to work on /usr/local/lib/python3.10/dist-packages/airflow/example_dags/example_trigger_controller_dag.py
[2024-03-12T10:00:59.191+0000] {processor.py:830} INFO - Processing file /usr/local/lib/python3.10/dist-packages/airflow/example_dags/example_trigger_controller_dag.py for tasks to queue
[2024-03-12T10:00:59.192+0000] {logging_mixin.py:188} INFO - [2024-03-12T10:00:59.192+0000] {dagbag.py:540} INFO - Filling up the DagBag from /usr/local/lib/python3.10/dist-packages/airflow/example_dags/example_trigger_controller_dag.py
[2024-03-12T10:00:59.199+0000] {processor.py:840} INFO - DAG(s) 'example_trigger_controller_dag' retrieved from /usr/local/lib/python3.10/dist-packages/airflow/example_dags/example_trigger_controller_dag.py
[2024-03-12T10:00:59.219+0000] {logging_mixin.py:188} INFO - [2024-03-12T10:00:59.218+0000] {dag.py:3047} INFO - Sync 1 DAGs
[2024-03-12T10:00:59.248+0000] {logging_mixin.py:188} INFO - [2024-03-12T10:00:59.248+0000] {dag.py:3834} INFO - Setting next_dagrun for example_trigger_controller_dag to 2021-01-01 00:00:00+00:00, run_after=2021-01-01 00:00:00+00:00
[2024-03-12T10:00:59.277+0000] {processor.py:183} INFO - Processing /usr/local/lib/python3.10/dist-packages/airflow/example_dags/example_trigger_controller_dag.py took 0.091 seconds
[2024-03-12T10:01:41.535+0000] {processor.py:161} INFO - Started process (PID=16392) to work on /usr/local/lib/python3.10/dist-packages/airflow/example_dags/example_trigger_controller_dag.py
[2024-03-12T10:01:41.537+0000] {processor.py:830} INFO - Processing file /usr/local/lib/python3.10/dist-packages/airflow/example_dags/example_trigger_controller_dag.py for tasks to queue
[2024-03-12T10:01:41.539+0000] {logging_mixin.py:188} INFO - [2024-03-12T10:01:41.538+0000] {dagbag.py:540} INFO - Filling up the DagBag from /usr/local/lib/python3.10/dist-packages/airflow/example_dags/example_trigger_controller_dag.py
[2024-03-12T10:01:41.545+0000] {processor.py:840} INFO - DAG(s) 'example_trigger_controller_dag' retrieved from /usr/local/lib/python3.10/dist-packages/airflow/example_dags/example_trigger_controller_dag.py
[2024-03-12T10:01:41.571+0000] {logging_mixin.py:188} INFO - [2024-03-12T10:01:41.571+0000] {dag.py:3047} INFO - Sync 1 DAGs
[2024-03-12T10:01:41.596+0000] {logging_mixin.py:188} INFO - [2024-03-12T10:01:41.595+0000] {dag.py:3834} INFO - Setting next_dagrun for example_trigger_controller_dag to 2021-01-01 00:00:00+00:00, run_after=2021-01-01 00:00:00+00:00
[2024-03-12T10:01:41.628+0000] {processor.py:183} INFO - Processing /usr/local/lib/python3.10/dist-packages/airflow/example_dags/example_trigger_controller_dag.py took 0.101 seconds
[2024-03-12T10:02:21.713+0000] {processor.py:161} INFO - Started process (PID=16432) to work on /usr/local/lib/python3.10/dist-packages/airflow/example_dags/example_trigger_controller_dag.py
[2024-03-12T10:02:21.715+0000] {processor.py:830} INFO - Processing file /usr/local/lib/python3.10/dist-packages/airflow/example_dags/example_trigger_controller_dag.py for tasks to queue
[2024-03-12T10:02:21.716+0000] {logging_mixin.py:188} INFO - [2024-03-12T10:02:21.716+0000] {dagbag.py:540} INFO - Filling up the DagBag from /usr/local/lib/python3.10/dist-packages/airflow/example_dags/example_trigger_controller_dag.py
[2024-03-12T10:02:21.723+0000] {processor.py:840} INFO - DAG(s) 'example_trigger_controller_dag' retrieved from /usr/local/lib/python3.10/dist-packages/airflow/example_dags/example_trigger_controller_dag.py
[2024-03-12T10:02:21.744+0000] {logging_mixin.py:188} INFO - [2024-03-12T10:02:21.744+0000] {dag.py:3047} INFO - Sync 1 DAGs
[2024-03-12T10:02:21.768+0000] {logging_mixin.py:188} INFO - [2024-03-12T10:02:21.768+0000] {dag.py:3834} INFO - Setting next_dagrun for example_trigger_controller_dag to 2021-01-01 00:00:00+00:00, run_after=2021-01-01 00:00:00+00:00
[2024-03-12T10:02:21.795+0000] {processor.py:183} INFO - Processing /usr/local/lib/python3.10/dist-packages/airflow/example_dags/example_trigger_controller_dag.py took 0.086 seconds
[2024-03-12T10:03:03.422+0000] {processor.py:161} INFO - Started process (PID=16478) to work on /usr/local/lib/python3.10/dist-packages/airflow/example_dags/example_trigger_controller_dag.py
[2024-03-12T10:03:03.426+0000] {processor.py:830} INFO - Processing file /usr/local/lib/python3.10/dist-packages/airflow/example_dags/example_trigger_controller_dag.py for tasks to queue
[2024-03-12T10:03:03.428+0000] {logging_mixin.py:188} INFO - [2024-03-12T10:03:03.427+0000] {dagbag.py:540} INFO - Filling up the DagBag from /usr/local/lib/python3.10/dist-packages/airflow/example_dags/example_trigger_controller_dag.py
[2024-03-12T10:03:03.439+0000] {processor.py:840} INFO - DAG(s) 'example_trigger_controller_dag' retrieved from /usr/local/lib/python3.10/dist-packages/airflow/example_dags/example_trigger_controller_dag.py
[2024-03-12T10:03:03.460+0000] {logging_mixin.py:188} INFO - [2024-03-12T10:03:03.459+0000] {dag.py:3047} INFO - Sync 1 DAGs
[2024-03-12T10:03:03.496+0000] {logging_mixin.py:188} INFO - [2024-03-12T10:03:03.495+0000] {dag.py:3834} INFO - Setting next_dagrun for example_trigger_controller_dag to 2021-01-01 00:00:00+00:00, run_after=2021-01-01 00:00:00+00:00
[2024-03-12T10:03:03.526+0000] {processor.py:183} INFO - Processing /usr/local/lib/python3.10/dist-packages/airflow/example_dags/example_trigger_controller_dag.py took 0.110 seconds
[2024-03-12T10:03:45.236+0000] {processor.py:161} INFO - Started process (PID=16518) to work on /usr/local/lib/python3.10/dist-packages/airflow/example_dags/example_trigger_controller_dag.py
[2024-03-12T10:03:45.237+0000] {processor.py:830} INFO - Processing file /usr/local/lib/python3.10/dist-packages/airflow/example_dags/example_trigger_controller_dag.py for tasks to queue
[2024-03-12T10:03:45.238+0000] {logging_mixin.py:188} INFO - [2024-03-12T10:03:45.238+0000] {dagbag.py:540} INFO - Filling up the DagBag from /usr/local/lib/python3.10/dist-packages/airflow/example_dags/example_trigger_controller_dag.py
[2024-03-12T10:03:45.245+0000] {processor.py:840} INFO - DAG(s) 'example_trigger_controller_dag' retrieved from /usr/local/lib/python3.10/dist-packages/airflow/example_dags/example_trigger_controller_dag.py
[2024-03-12T10:03:45.265+0000] {logging_mixin.py:188} INFO - [2024-03-12T10:03:45.264+0000] {dag.py:3047} INFO - Sync 1 DAGs
[2024-03-12T10:03:45.287+0000] {logging_mixin.py:188} INFO - [2024-03-12T10:03:45.286+0000] {dag.py:3834} INFO - Setting next_dagrun for example_trigger_controller_dag to 2021-01-01 00:00:00+00:00, run_after=2021-01-01 00:00:00+00:00
[2024-03-12T10:03:45.318+0000] {processor.py:183} INFO - Processing /usr/local/lib/python3.10/dist-packages/airflow/example_dags/example_trigger_controller_dag.py took 0.087 seconds
[2024-03-12T10:04:26.588+0000] {processor.py:161} INFO - Started process (PID=16561) to work on /usr/local/lib/python3.10/dist-packages/airflow/example_dags/example_trigger_controller_dag.py
[2024-03-12T10:04:26.589+0000] {processor.py:830} INFO - Processing file /usr/local/lib/python3.10/dist-packages/airflow/example_dags/example_trigger_controller_dag.py for tasks to queue
[2024-03-12T10:04:26.591+0000] {logging_mixin.py:188} INFO - [2024-03-12T10:04:26.590+0000] {dagbag.py:540} INFO - Filling up the DagBag from /usr/local/lib/python3.10/dist-packages/airflow/example_dags/example_trigger_controller_dag.py
[2024-03-12T10:04:26.608+0000] {processor.py:840} INFO - DAG(s) 'example_trigger_controller_dag' retrieved from /usr/local/lib/python3.10/dist-packages/airflow/example_dags/example_trigger_controller_dag.py
[2024-03-12T10:04:26.631+0000] {logging_mixin.py:188} INFO - [2024-03-12T10:04:26.631+0000] {dag.py:3047} INFO - Sync 1 DAGs
[2024-03-12T10:04:26.655+0000] {logging_mixin.py:188} INFO - [2024-03-12T10:04:26.655+0000] {dag.py:3834} INFO - Setting next_dagrun for example_trigger_controller_dag to 2021-01-01 00:00:00+00:00, run_after=2021-01-01 00:00:00+00:00
[2024-03-12T10:04:26.697+0000] {processor.py:183} INFO - Processing /usr/local/lib/python3.10/dist-packages/airflow/example_dags/example_trigger_controller_dag.py took 0.120 seconds
