[2024-03-12T09:19:55.088+0000] {processor.py:161} INFO - Started process (PID=13951) to work on /usr/local/lib/python3.10/dist-packages/airflow/example_dags/example_python_operator.py
[2024-03-12T09:19:55.090+0000] {processor.py:830} INFO - Processing file /usr/local/lib/python3.10/dist-packages/airflow/example_dags/example_python_operator.py for tasks to queue
[2024-03-12T09:19:55.091+0000] {logging_mixin.py:188} INFO - [2024-03-12T09:19:55.090+0000] {dagbag.py:540} INFO - Filling up the DagBag from /usr/local/lib/python3.10/dist-packages/airflow/example_dags/example_python_operator.py
[2024-03-12T09:19:55.104+0000] {logging_mixin.py:188} INFO - [2024-03-12T09:19:55.103+0000] {example_python_operator.py:88} WARNING - The virtalenv_python example task requires virtualenv, please install it.
[2024-03-12T09:19:55.105+0000] {processor.py:840} INFO - DAG(s) 'example_python_operator' retrieved from /usr/local/lib/python3.10/dist-packages/airflow/example_dags/example_python_operator.py
[2024-03-12T09:19:55.273+0000] {logging_mixin.py:188} INFO - [2024-03-12T09:19:55.272+0000] {override.py:1769} INFO - Created Permission View: can read on DAG:example_python_operator
[2024-03-12T09:19:55.287+0000] {logging_mixin.py:188} INFO - [2024-03-12T09:19:55.286+0000] {override.py:1769} INFO - Created Permission View: can edit on DAG:example_python_operator
[2024-03-12T09:19:55.296+0000] {logging_mixin.py:188} INFO - [2024-03-12T09:19:55.296+0000] {override.py:1769} INFO - Created Permission View: can delete on DAG:example_python_operator
[2024-03-12T09:19:55.297+0000] {logging_mixin.py:188} INFO - [2024-03-12T09:19:55.297+0000] {dag.py:3047} INFO - Sync 1 DAGs
[2024-03-12T09:19:55.312+0000] {logging_mixin.py:188} INFO - [2024-03-12T09:19:55.311+0000] {dag.py:3069} INFO - Creating ORM DAG for example_python_operator
[2024-03-12T09:19:55.313+0000] {logging_mixin.py:188} INFO - [2024-03-12T09:19:55.312+0000] {dag.py:3834} INFO - Setting next_dagrun for example_python_operator to None, run_after=None
[2024-03-12T09:19:55.487+0000] {processor.py:183} INFO - Processing /usr/local/lib/python3.10/dist-packages/airflow/example_dags/example_python_operator.py took 0.405 seconds
[2024-03-12T09:22:47.014+0000] {processor.py:161} INFO - Started process (PID=14011) to work on /usr/local/lib/python3.10/dist-packages/airflow/example_dags/example_python_operator.py
[2024-03-12T09:22:47.016+0000] {processor.py:830} INFO - Processing file /usr/local/lib/python3.10/dist-packages/airflow/example_dags/example_python_operator.py for tasks to queue
[2024-03-12T09:22:47.017+0000] {logging_mixin.py:188} INFO - [2024-03-12T09:22:47.016+0000] {dagbag.py:540} INFO - Filling up the DagBag from /usr/local/lib/python3.10/dist-packages/airflow/example_dags/example_python_operator.py
[2024-03-12T09:22:47.028+0000] {logging_mixin.py:188} INFO - [2024-03-12T09:22:47.028+0000] {example_python_operator.py:88} WARNING - The virtalenv_python example task requires virtualenv, please install it.
[2024-03-12T09:22:47.029+0000] {processor.py:840} INFO - DAG(s) 'example_python_operator' retrieved from /usr/local/lib/python3.10/dist-packages/airflow/example_dags/example_python_operator.py
[2024-03-12T09:22:47.167+0000] {logging_mixin.py:188} INFO - [2024-03-12T09:22:47.167+0000] {dag.py:3047} INFO - Sync 1 DAGs
[2024-03-12T09:22:47.182+0000] {logging_mixin.py:188} INFO - [2024-03-12T09:22:47.181+0000] {dag.py:3834} INFO - Setting next_dagrun for example_python_operator to None, run_after=None
[2024-03-12T09:22:47.381+0000] {processor.py:183} INFO - Processing /usr/local/lib/python3.10/dist-packages/airflow/example_dags/example_python_operator.py took 0.371 seconds
[2024-03-12T09:23:49.934+0000] {processor.py:161} INFO - Started process (PID=14066) to work on /usr/local/lib/python3.10/dist-packages/airflow/example_dags/example_python_operator.py
[2024-03-12T09:23:49.937+0000] {processor.py:830} INFO - Processing file /usr/local/lib/python3.10/dist-packages/airflow/example_dags/example_python_operator.py for tasks to queue
[2024-03-12T09:23:49.939+0000] {logging_mixin.py:188} INFO - [2024-03-12T09:23:49.938+0000] {dagbag.py:540} INFO - Filling up the DagBag from /usr/local/lib/python3.10/dist-packages/airflow/example_dags/example_python_operator.py
[2024-03-12T09:23:49.952+0000] {logging_mixin.py:188} INFO - [2024-03-12T09:23:49.952+0000] {example_python_operator.py:88} WARNING - The virtalenv_python example task requires virtualenv, please install it.
[2024-03-12T09:23:49.953+0000] {processor.py:840} INFO - DAG(s) 'example_python_operator' retrieved from /usr/local/lib/python3.10/dist-packages/airflow/example_dags/example_python_operator.py
[2024-03-12T09:23:50.002+0000] {logging_mixin.py:188} INFO - [2024-03-12T09:23:50.001+0000] {dag.py:3047} INFO - Sync 1 DAGs
[2024-03-12T09:23:50.024+0000] {logging_mixin.py:188} INFO - [2024-03-12T09:23:50.023+0000] {dag.py:3834} INFO - Setting next_dagrun for example_python_operator to None, run_after=None
[2024-03-12T09:23:50.058+0000] {processor.py:183} INFO - Processing /usr/local/lib/python3.10/dist-packages/airflow/example_dags/example_python_operator.py took 0.129 seconds
[2024-03-12T09:24:44.114+0000] {processor.py:161} INFO - Started process (PID=14115) to work on /usr/local/lib/python3.10/dist-packages/airflow/example_dags/example_python_operator.py
[2024-03-12T09:24:44.116+0000] {processor.py:830} INFO - Processing file /usr/local/lib/python3.10/dist-packages/airflow/example_dags/example_python_operator.py for tasks to queue
[2024-03-12T09:24:44.119+0000] {logging_mixin.py:188} INFO - [2024-03-12T09:24:44.119+0000] {dagbag.py:540} INFO - Filling up the DagBag from /usr/local/lib/python3.10/dist-packages/airflow/example_dags/example_python_operator.py
[2024-03-12T09:24:44.138+0000] {logging_mixin.py:188} INFO - [2024-03-12T09:24:44.137+0000] {example_python_operator.py:88} WARNING - The virtalenv_python example task requires virtualenv, please install it.
[2024-03-12T09:24:44.139+0000] {processor.py:840} INFO - DAG(s) 'example_python_operator' retrieved from /usr/local/lib/python3.10/dist-packages/airflow/example_dags/example_python_operator.py
[2024-03-12T09:24:44.169+0000] {logging_mixin.py:188} INFO - [2024-03-12T09:24:44.169+0000] {dag.py:3047} INFO - Sync 1 DAGs
[2024-03-12T09:24:44.353+0000] {logging_mixin.py:188} INFO - [2024-03-12T09:24:44.352+0000] {dag.py:3834} INFO - Setting next_dagrun for example_python_operator to None, run_after=None
[2024-03-12T09:24:44.391+0000] {processor.py:183} INFO - Processing /usr/local/lib/python3.10/dist-packages/airflow/example_dags/example_python_operator.py took 0.288 seconds
[2024-03-12T09:25:38.817+0000] {processor.py:161} INFO - Started process (PID=14164) to work on /usr/local/lib/python3.10/dist-packages/airflow/example_dags/example_python_operator.py
[2024-03-12T09:25:38.819+0000] {processor.py:830} INFO - Processing file /usr/local/lib/python3.10/dist-packages/airflow/example_dags/example_python_operator.py for tasks to queue
[2024-03-12T09:25:38.821+0000] {logging_mixin.py:188} INFO - [2024-03-12T09:25:38.820+0000] {dagbag.py:540} INFO - Filling up the DagBag from /usr/local/lib/python3.10/dist-packages/airflow/example_dags/example_python_operator.py
[2024-03-12T09:25:38.835+0000] {logging_mixin.py:188} INFO - [2024-03-12T09:25:38.834+0000] {example_python_operator.py:88} WARNING - The virtalenv_python example task requires virtualenv, please install it.
[2024-03-12T09:25:38.835+0000] {processor.py:840} INFO - DAG(s) 'example_python_operator' retrieved from /usr/local/lib/python3.10/dist-packages/airflow/example_dags/example_python_operator.py
[2024-03-12T09:25:38.861+0000] {logging_mixin.py:188} INFO - [2024-03-12T09:25:38.860+0000] {dag.py:3047} INFO - Sync 1 DAGs
[2024-03-12T09:25:38.875+0000] {logging_mixin.py:188} INFO - [2024-03-12T09:25:38.875+0000] {dag.py:3834} INFO - Setting next_dagrun for example_python_operator to None, run_after=None
[2024-03-12T09:25:38.911+0000] {processor.py:183} INFO - Processing /usr/local/lib/python3.10/dist-packages/airflow/example_dags/example_python_operator.py took 0.099 seconds
[2024-03-12T09:26:36.151+0000] {processor.py:161} INFO - Started process (PID=14223) to work on /usr/local/lib/python3.10/dist-packages/airflow/example_dags/example_python_operator.py
[2024-03-12T09:26:36.153+0000] {processor.py:830} INFO - Processing file /usr/local/lib/python3.10/dist-packages/airflow/example_dags/example_python_operator.py for tasks to queue
[2024-03-12T09:26:36.155+0000] {logging_mixin.py:188} INFO - [2024-03-12T09:26:36.155+0000] {dagbag.py:540} INFO - Filling up the DagBag from /usr/local/lib/python3.10/dist-packages/airflow/example_dags/example_python_operator.py
[2024-03-12T09:26:36.168+0000] {logging_mixin.py:188} INFO - [2024-03-12T09:26:36.168+0000] {example_python_operator.py:88} WARNING - The virtalenv_python example task requires virtualenv, please install it.
[2024-03-12T09:26:36.169+0000] {processor.py:840} INFO - DAG(s) 'example_python_operator' retrieved from /usr/local/lib/python3.10/dist-packages/airflow/example_dags/example_python_operator.py
[2024-03-12T09:26:36.199+0000] {logging_mixin.py:188} INFO - [2024-03-12T09:26:36.199+0000] {dag.py:3047} INFO - Sync 1 DAGs
[2024-03-12T09:26:36.217+0000] {logging_mixin.py:188} INFO - [2024-03-12T09:26:36.217+0000] {dag.py:3834} INFO - Setting next_dagrun for example_python_operator to None, run_after=None
[2024-03-12T09:26:36.256+0000] {processor.py:183} INFO - Processing /usr/local/lib/python3.10/dist-packages/airflow/example_dags/example_python_operator.py took 0.110 seconds
[2024-03-12T09:27:22.490+0000] {processor.py:161} INFO - Started process (PID=14268) to work on /usr/local/lib/python3.10/dist-packages/airflow/example_dags/example_python_operator.py
[2024-03-12T09:27:22.491+0000] {processor.py:830} INFO - Processing file /usr/local/lib/python3.10/dist-packages/airflow/example_dags/example_python_operator.py for tasks to queue
[2024-03-12T09:27:22.493+0000] {logging_mixin.py:188} INFO - [2024-03-12T09:27:22.492+0000] {dagbag.py:540} INFO - Filling up the DagBag from /usr/local/lib/python3.10/dist-packages/airflow/example_dags/example_python_operator.py
[2024-03-12T09:27:22.504+0000] {logging_mixin.py:188} INFO - [2024-03-12T09:27:22.503+0000] {example_python_operator.py:88} WARNING - The virtalenv_python example task requires virtualenv, please install it.
[2024-03-12T09:27:22.505+0000] {processor.py:840} INFO - DAG(s) 'example_python_operator' retrieved from /usr/local/lib/python3.10/dist-packages/airflow/example_dags/example_python_operator.py
[2024-03-12T09:27:22.531+0000] {logging_mixin.py:188} INFO - [2024-03-12T09:27:22.530+0000] {dag.py:3047} INFO - Sync 1 DAGs
[2024-03-12T09:27:22.545+0000] {logging_mixin.py:188} INFO - [2024-03-12T09:27:22.544+0000] {dag.py:3834} INFO - Setting next_dagrun for example_python_operator to None, run_after=None
[2024-03-12T09:27:22.575+0000] {processor.py:183} INFO - Processing /usr/local/lib/python3.10/dist-packages/airflow/example_dags/example_python_operator.py took 0.089 seconds
[2024-03-12T09:28:22.499+0000] {processor.py:161} INFO - Started process (PID=14329) to work on /usr/local/lib/python3.10/dist-packages/airflow/example_dags/example_python_operator.py
[2024-03-12T09:28:22.501+0000] {processor.py:830} INFO - Processing file /usr/local/lib/python3.10/dist-packages/airflow/example_dags/example_python_operator.py for tasks to queue
[2024-03-12T09:28:22.503+0000] {logging_mixin.py:188} INFO - [2024-03-12T09:28:22.503+0000] {dagbag.py:540} INFO - Filling up the DagBag from /usr/local/lib/python3.10/dist-packages/airflow/example_dags/example_python_operator.py
[2024-03-12T09:28:22.524+0000] {logging_mixin.py:188} INFO - [2024-03-12T09:28:22.524+0000] {example_python_operator.py:88} WARNING - The virtalenv_python example task requires virtualenv, please install it.
[2024-03-12T09:28:22.525+0000] {processor.py:840} INFO - DAG(s) 'example_python_operator' retrieved from /usr/local/lib/python3.10/dist-packages/airflow/example_dags/example_python_operator.py
[2024-03-12T09:28:22.552+0000] {logging_mixin.py:188} INFO - [2024-03-12T09:28:22.552+0000] {dag.py:3047} INFO - Sync 1 DAGs
[2024-03-12T09:28:22.568+0000] {logging_mixin.py:188} INFO - [2024-03-12T09:28:22.568+0000] {dag.py:3834} INFO - Setting next_dagrun for example_python_operator to None, run_after=None
[2024-03-12T09:28:22.602+0000] {processor.py:183} INFO - Processing /usr/local/lib/python3.10/dist-packages/airflow/example_dags/example_python_operator.py took 0.111 seconds
[2024-03-12T09:29:23.185+0000] {processor.py:161} INFO - Started process (PID=14388) to work on /usr/local/lib/python3.10/dist-packages/airflow/example_dags/example_python_operator.py
[2024-03-12T09:29:23.187+0000] {processor.py:830} INFO - Processing file /usr/local/lib/python3.10/dist-packages/airflow/example_dags/example_python_operator.py for tasks to queue
[2024-03-12T09:29:23.189+0000] {logging_mixin.py:188} INFO - [2024-03-12T09:29:23.188+0000] {dagbag.py:540} INFO - Filling up the DagBag from /usr/local/lib/python3.10/dist-packages/airflow/example_dags/example_python_operator.py
[2024-03-12T09:29:23.224+0000] {logging_mixin.py:188} INFO - [2024-03-12T09:29:23.223+0000] {example_python_operator.py:88} WARNING - The virtalenv_python example task requires virtualenv, please install it.
[2024-03-12T09:29:23.225+0000] {processor.py:840} INFO - DAG(s) 'example_python_operator' retrieved from /usr/local/lib/python3.10/dist-packages/airflow/example_dags/example_python_operator.py
[2024-03-12T09:29:23.271+0000] {logging_mixin.py:188} INFO - [2024-03-12T09:29:23.268+0000] {dag.py:3047} INFO - Sync 1 DAGs
[2024-03-12T09:29:23.294+0000] {logging_mixin.py:188} INFO - [2024-03-12T09:29:23.294+0000] {dag.py:3834} INFO - Setting next_dagrun for example_python_operator to None, run_after=None
[2024-03-12T09:29:23.340+0000] {processor.py:183} INFO - Processing /usr/local/lib/python3.10/dist-packages/airflow/example_dags/example_python_operator.py took 0.158 seconds
[2024-03-12T09:30:24.557+0000] {processor.py:161} INFO - Started process (PID=14448) to work on /usr/local/lib/python3.10/dist-packages/airflow/example_dags/example_python_operator.py
[2024-03-12T09:30:24.559+0000] {processor.py:830} INFO - Processing file /usr/local/lib/python3.10/dist-packages/airflow/example_dags/example_python_operator.py for tasks to queue
[2024-03-12T09:30:24.560+0000] {logging_mixin.py:188} INFO - [2024-03-12T09:30:24.559+0000] {dagbag.py:540} INFO - Filling up the DagBag from /usr/local/lib/python3.10/dist-packages/airflow/example_dags/example_python_operator.py
[2024-03-12T09:30:24.568+0000] {logging_mixin.py:188} INFO - [2024-03-12T09:30:24.568+0000] {example_python_operator.py:88} WARNING - The virtalenv_python example task requires virtualenv, please install it.
[2024-03-12T09:30:24.569+0000] {processor.py:840} INFO - DAG(s) 'example_python_operator' retrieved from /usr/local/lib/python3.10/dist-packages/airflow/example_dags/example_python_operator.py
[2024-03-12T09:30:24.593+0000] {logging_mixin.py:188} INFO - [2024-03-12T09:30:24.593+0000] {dag.py:3047} INFO - Sync 1 DAGs
[2024-03-12T09:30:24.608+0000] {logging_mixin.py:188} INFO - [2024-03-12T09:30:24.608+0000] {dag.py:3834} INFO - Setting next_dagrun for example_python_operator to None, run_after=None
[2024-03-12T09:30:24.635+0000] {processor.py:183} INFO - Processing /usr/local/lib/python3.10/dist-packages/airflow/example_dags/example_python_operator.py took 0.082 seconds
[2024-03-12T09:31:26.423+0000] {processor.py:161} INFO - Started process (PID=14508) to work on /usr/local/lib/python3.10/dist-packages/airflow/example_dags/example_python_operator.py
[2024-03-12T09:31:26.425+0000] {processor.py:830} INFO - Processing file /usr/local/lib/python3.10/dist-packages/airflow/example_dags/example_python_operator.py for tasks to queue
[2024-03-12T09:31:26.426+0000] {logging_mixin.py:188} INFO - [2024-03-12T09:31:26.425+0000] {dagbag.py:540} INFO - Filling up the DagBag from /usr/local/lib/python3.10/dist-packages/airflow/example_dags/example_python_operator.py
[2024-03-12T09:31:26.435+0000] {logging_mixin.py:188} INFO - [2024-03-12T09:31:26.434+0000] {example_python_operator.py:88} WARNING - The virtalenv_python example task requires virtualenv, please install it.
[2024-03-12T09:31:26.435+0000] {processor.py:840} INFO - DAG(s) 'example_python_operator' retrieved from /usr/local/lib/python3.10/dist-packages/airflow/example_dags/example_python_operator.py
[2024-03-12T09:31:26.461+0000] {logging_mixin.py:188} INFO - [2024-03-12T09:31:26.460+0000] {dag.py:3047} INFO - Sync 1 DAGs
[2024-03-12T09:31:26.478+0000] {logging_mixin.py:188} INFO - [2024-03-12T09:31:26.478+0000] {dag.py:3834} INFO - Setting next_dagrun for example_python_operator to None, run_after=None
[2024-03-12T09:31:26.508+0000] {processor.py:183} INFO - Processing /usr/local/lib/python3.10/dist-packages/airflow/example_dags/example_python_operator.py took 0.089 seconds
[2024-03-12T09:32:29.970+0000] {processor.py:161} INFO - Started process (PID=14570) to work on /usr/local/lib/python3.10/dist-packages/airflow/example_dags/example_python_operator.py
[2024-03-12T09:32:29.972+0000] {processor.py:830} INFO - Processing file /usr/local/lib/python3.10/dist-packages/airflow/example_dags/example_python_operator.py for tasks to queue
[2024-03-12T09:32:29.974+0000] {logging_mixin.py:188} INFO - [2024-03-12T09:32:29.972+0000] {dagbag.py:540} INFO - Filling up the DagBag from /usr/local/lib/python3.10/dist-packages/airflow/example_dags/example_python_operator.py
[2024-03-12T09:32:29.983+0000] {logging_mixin.py:188} INFO - [2024-03-12T09:32:29.983+0000] {example_python_operator.py:88} WARNING - The virtalenv_python example task requires virtualenv, please install it.
[2024-03-12T09:32:29.984+0000] {processor.py:840} INFO - DAG(s) 'example_python_operator' retrieved from /usr/local/lib/python3.10/dist-packages/airflow/example_dags/example_python_operator.py
[2024-03-12T09:32:30.006+0000] {logging_mixin.py:188} INFO - [2024-03-12T09:32:30.006+0000] {dag.py:3047} INFO - Sync 1 DAGs
[2024-03-12T09:32:30.022+0000] {logging_mixin.py:188} INFO - [2024-03-12T09:32:30.022+0000] {dag.py:3834} INFO - Setting next_dagrun for example_python_operator to None, run_after=None
[2024-03-12T09:32:30.063+0000] {processor.py:183} INFO - Processing /usr/local/lib/python3.10/dist-packages/airflow/example_dags/example_python_operator.py took 0.100 seconds
[2024-03-12T09:33:16.725+0000] {processor.py:161} INFO - Started process (PID=14615) to work on /usr/local/lib/python3.10/dist-packages/airflow/example_dags/example_python_operator.py
[2024-03-12T09:33:16.727+0000] {processor.py:830} INFO - Processing file /usr/local/lib/python3.10/dist-packages/airflow/example_dags/example_python_operator.py for tasks to queue
[2024-03-12T09:33:16.729+0000] {logging_mixin.py:188} INFO - [2024-03-12T09:33:16.729+0000] {dagbag.py:540} INFO - Filling up the DagBag from /usr/local/lib/python3.10/dist-packages/airflow/example_dags/example_python_operator.py
[2024-03-12T09:33:16.741+0000] {logging_mixin.py:188} INFO - [2024-03-12T09:33:16.741+0000] {example_python_operator.py:88} WARNING - The virtalenv_python example task requires virtualenv, please install it.
[2024-03-12T09:33:16.741+0000] {processor.py:840} INFO - DAG(s) 'example_python_operator' retrieved from /usr/local/lib/python3.10/dist-packages/airflow/example_dags/example_python_operator.py
[2024-03-12T09:33:16.762+0000] {logging_mixin.py:188} INFO - [2024-03-12T09:33:16.761+0000] {dag.py:3047} INFO - Sync 1 DAGs
[2024-03-12T09:33:16.779+0000] {logging_mixin.py:188} INFO - [2024-03-12T09:33:16.779+0000] {dag.py:3834} INFO - Setting next_dagrun for example_python_operator to None, run_after=None
[2024-03-12T09:33:16.811+0000] {processor.py:183} INFO - Processing /usr/local/lib/python3.10/dist-packages/airflow/example_dags/example_python_operator.py took 0.094 seconds
[2024-03-12T09:34:20.983+0000] {processor.py:161} INFO - Started process (PID=14677) to work on /usr/local/lib/python3.10/dist-packages/airflow/example_dags/example_python_operator.py
[2024-03-12T09:34:20.985+0000] {processor.py:830} INFO - Processing file /usr/local/lib/python3.10/dist-packages/airflow/example_dags/example_python_operator.py for tasks to queue
[2024-03-12T09:34:20.986+0000] {logging_mixin.py:188} INFO - [2024-03-12T09:34:20.986+0000] {dagbag.py:540} INFO - Filling up the DagBag from /usr/local/lib/python3.10/dist-packages/airflow/example_dags/example_python_operator.py
[2024-03-12T09:34:21.005+0000] {logging_mixin.py:188} INFO - [2024-03-12T09:34:21.005+0000] {example_python_operator.py:88} WARNING - The virtalenv_python example task requires virtualenv, please install it.
[2024-03-12T09:34:21.006+0000] {processor.py:840} INFO - DAG(s) 'example_python_operator' retrieved from /usr/local/lib/python3.10/dist-packages/airflow/example_dags/example_python_operator.py
[2024-03-12T09:34:21.032+0000] {logging_mixin.py:188} INFO - [2024-03-12T09:34:21.031+0000] {dag.py:3047} INFO - Sync 1 DAGs
[2024-03-12T09:34:21.048+0000] {logging_mixin.py:188} INFO - [2024-03-12T09:34:21.046+0000] {dag.py:3834} INFO - Setting next_dagrun for example_python_operator to None, run_after=None
[2024-03-12T09:34:21.079+0000] {processor.py:183} INFO - Processing /usr/local/lib/python3.10/dist-packages/airflow/example_dags/example_python_operator.py took 0.100 seconds
[2024-03-12T09:35:28.480+0000] {processor.py:161} INFO - Started process (PID=14740) to work on /usr/local/lib/python3.10/dist-packages/airflow/example_dags/example_python_operator.py
[2024-03-12T09:35:28.482+0000] {processor.py:830} INFO - Processing file /usr/local/lib/python3.10/dist-packages/airflow/example_dags/example_python_operator.py for tasks to queue
[2024-03-12T09:35:28.483+0000] {logging_mixin.py:188} INFO - [2024-03-12T09:35:28.483+0000] {dagbag.py:540} INFO - Filling up the DagBag from /usr/local/lib/python3.10/dist-packages/airflow/example_dags/example_python_operator.py
[2024-03-12T09:35:28.492+0000] {logging_mixin.py:188} INFO - [2024-03-12T09:35:28.492+0000] {example_python_operator.py:88} WARNING - The virtalenv_python example task requires virtualenv, please install it.
[2024-03-12T09:35:28.493+0000] {processor.py:840} INFO - DAG(s) 'example_python_operator' retrieved from /usr/local/lib/python3.10/dist-packages/airflow/example_dags/example_python_operator.py
[2024-03-12T09:35:28.516+0000] {logging_mixin.py:188} INFO - [2024-03-12T09:35:28.515+0000] {dag.py:3047} INFO - Sync 1 DAGs
[2024-03-12T09:35:28.533+0000] {logging_mixin.py:188} INFO - [2024-03-12T09:35:28.533+0000] {dag.py:3834} INFO - Setting next_dagrun for example_python_operator to None, run_after=None
[2024-03-12T09:35:28.575+0000] {processor.py:183} INFO - Processing /usr/local/lib/python3.10/dist-packages/airflow/example_dags/example_python_operator.py took 0.100 seconds
[2024-03-12T09:36:28.584+0000] {processor.py:161} INFO - Started process (PID=14800) to work on /usr/local/lib/python3.10/dist-packages/airflow/example_dags/example_python_operator.py
[2024-03-12T09:36:28.586+0000] {processor.py:830} INFO - Processing file /usr/local/lib/python3.10/dist-packages/airflow/example_dags/example_python_operator.py for tasks to queue
[2024-03-12T09:36:28.587+0000] {logging_mixin.py:188} INFO - [2024-03-12T09:36:28.586+0000] {dagbag.py:540} INFO - Filling up the DagBag from /usr/local/lib/python3.10/dist-packages/airflow/example_dags/example_python_operator.py
[2024-03-12T09:36:28.597+0000] {logging_mixin.py:188} INFO - [2024-03-12T09:36:28.597+0000] {example_python_operator.py:88} WARNING - The virtalenv_python example task requires virtualenv, please install it.
[2024-03-12T09:36:28.598+0000] {processor.py:840} INFO - DAG(s) 'example_python_operator' retrieved from /usr/local/lib/python3.10/dist-packages/airflow/example_dags/example_python_operator.py
[2024-03-12T09:36:28.628+0000] {logging_mixin.py:188} INFO - [2024-03-12T09:36:28.628+0000] {dag.py:3047} INFO - Sync 1 DAGs
[2024-03-12T09:36:28.643+0000] {logging_mixin.py:188} INFO - [2024-03-12T09:36:28.642+0000] {dag.py:3834} INFO - Setting next_dagrun for example_python_operator to None, run_after=None
[2024-03-12T09:36:28.677+0000] {processor.py:183} INFO - Processing /usr/local/lib/python3.10/dist-packages/airflow/example_dags/example_python_operator.py took 0.096 seconds
[2024-03-12T09:37:31.405+0000] {processor.py:161} INFO - Started process (PID=14860) to work on /usr/local/lib/python3.10/dist-packages/airflow/example_dags/example_python_operator.py
[2024-03-12T09:37:31.407+0000] {processor.py:830} INFO - Processing file /usr/local/lib/python3.10/dist-packages/airflow/example_dags/example_python_operator.py for tasks to queue
[2024-03-12T09:37:31.410+0000] {logging_mixin.py:188} INFO - [2024-03-12T09:37:31.408+0000] {dagbag.py:540} INFO - Filling up the DagBag from /usr/local/lib/python3.10/dist-packages/airflow/example_dags/example_python_operator.py
[2024-03-12T09:37:31.423+0000] {logging_mixin.py:188} INFO - [2024-03-12T09:37:31.423+0000] {example_python_operator.py:88} WARNING - The virtalenv_python example task requires virtualenv, please install it.
[2024-03-12T09:37:31.423+0000] {processor.py:840} INFO - DAG(s) 'example_python_operator' retrieved from /usr/local/lib/python3.10/dist-packages/airflow/example_dags/example_python_operator.py
[2024-03-12T09:37:31.452+0000] {logging_mixin.py:188} INFO - [2024-03-12T09:37:31.451+0000] {dag.py:3047} INFO - Sync 1 DAGs
[2024-03-12T09:37:31.469+0000] {logging_mixin.py:188} INFO - [2024-03-12T09:37:31.469+0000] {dag.py:3834} INFO - Setting next_dagrun for example_python_operator to None, run_after=None
[2024-03-12T09:37:31.502+0000] {processor.py:183} INFO - Processing /usr/local/lib/python3.10/dist-packages/airflow/example_dags/example_python_operator.py took 0.101 seconds
[2024-03-12T09:38:33.907+0000] {processor.py:161} INFO - Started process (PID=14922) to work on /usr/local/lib/python3.10/dist-packages/airflow/example_dags/example_python_operator.py
[2024-03-12T09:38:33.909+0000] {processor.py:830} INFO - Processing file /usr/local/lib/python3.10/dist-packages/airflow/example_dags/example_python_operator.py for tasks to queue
[2024-03-12T09:38:33.912+0000] {logging_mixin.py:188} INFO - [2024-03-12T09:38:33.911+0000] {dagbag.py:540} INFO - Filling up the DagBag from /usr/local/lib/python3.10/dist-packages/airflow/example_dags/example_python_operator.py
[2024-03-12T09:38:33.925+0000] {logging_mixin.py:188} INFO - [2024-03-12T09:38:33.925+0000] {example_python_operator.py:88} WARNING - The virtalenv_python example task requires virtualenv, please install it.
[2024-03-12T09:38:33.926+0000] {processor.py:840} INFO - DAG(s) 'example_python_operator' retrieved from /usr/local/lib/python3.10/dist-packages/airflow/example_dags/example_python_operator.py
[2024-03-12T09:38:33.958+0000] {logging_mixin.py:188} INFO - [2024-03-12T09:38:33.958+0000] {dag.py:3047} INFO - Sync 1 DAGs
[2024-03-12T09:38:33.983+0000] {logging_mixin.py:188} INFO - [2024-03-12T09:38:33.983+0000] {dag.py:3834} INFO - Setting next_dagrun for example_python_operator to None, run_after=None
[2024-03-12T09:38:34.025+0000] {processor.py:183} INFO - Processing /usr/local/lib/python3.10/dist-packages/airflow/example_dags/example_python_operator.py took 0.128 seconds
[2024-03-12T09:39:38.354+0000] {processor.py:161} INFO - Started process (PID=14983) to work on /usr/local/lib/python3.10/dist-packages/airflow/example_dags/example_python_operator.py
[2024-03-12T09:39:38.358+0000] {processor.py:830} INFO - Processing file /usr/local/lib/python3.10/dist-packages/airflow/example_dags/example_python_operator.py for tasks to queue
[2024-03-12T09:39:38.360+0000] {logging_mixin.py:188} INFO - [2024-03-12T09:39:38.359+0000] {dagbag.py:540} INFO - Filling up the DagBag from /usr/local/lib/python3.10/dist-packages/airflow/example_dags/example_python_operator.py
[2024-03-12T09:39:38.373+0000] {logging_mixin.py:188} INFO - [2024-03-12T09:39:38.373+0000] {example_python_operator.py:88} WARNING - The virtalenv_python example task requires virtualenv, please install it.
[2024-03-12T09:39:38.375+0000] {processor.py:840} INFO - DAG(s) 'example_python_operator' retrieved from /usr/local/lib/python3.10/dist-packages/airflow/example_dags/example_python_operator.py
[2024-03-12T09:39:38.407+0000] {logging_mixin.py:188} INFO - [2024-03-12T09:39:38.407+0000] {dag.py:3047} INFO - Sync 1 DAGs
[2024-03-12T09:39:38.424+0000] {logging_mixin.py:188} INFO - [2024-03-12T09:39:38.424+0000] {dag.py:3834} INFO - Setting next_dagrun for example_python_operator to None, run_after=None
[2024-03-12T09:39:38.460+0000] {processor.py:183} INFO - Processing /usr/local/lib/python3.10/dist-packages/airflow/example_dags/example_python_operator.py took 0.112 seconds
[2024-03-12T09:40:43.420+0000] {processor.py:161} INFO - Started process (PID=15046) to work on /usr/local/lib/python3.10/dist-packages/airflow/example_dags/example_python_operator.py
[2024-03-12T09:40:43.423+0000] {processor.py:830} INFO - Processing file /usr/local/lib/python3.10/dist-packages/airflow/example_dags/example_python_operator.py for tasks to queue
[2024-03-12T09:40:43.425+0000] {logging_mixin.py:188} INFO - [2024-03-12T09:40:43.424+0000] {dagbag.py:540} INFO - Filling up the DagBag from /usr/local/lib/python3.10/dist-packages/airflow/example_dags/example_python_operator.py
[2024-03-12T09:40:43.442+0000] {logging_mixin.py:188} INFO - [2024-03-12T09:40:43.442+0000] {example_python_operator.py:88} WARNING - The virtalenv_python example task requires virtualenv, please install it.
[2024-03-12T09:40:43.443+0000] {processor.py:840} INFO - DAG(s) 'example_python_operator' retrieved from /usr/local/lib/python3.10/dist-packages/airflow/example_dags/example_python_operator.py
[2024-03-12T09:40:43.485+0000] {logging_mixin.py:188} INFO - [2024-03-12T09:40:43.484+0000] {dag.py:3047} INFO - Sync 1 DAGs
[2024-03-12T09:40:43.497+0000] {logging_mixin.py:188} INFO - [2024-03-12T09:40:43.496+0000] {dag.py:3834} INFO - Setting next_dagrun for example_python_operator to None, run_after=None
[2024-03-12T09:40:43.521+0000] {processor.py:183} INFO - Processing /usr/local/lib/python3.10/dist-packages/airflow/example_dags/example_python_operator.py took 0.109 seconds
[2024-03-12T09:41:45.153+0000] {processor.py:161} INFO - Started process (PID=15106) to work on /usr/local/lib/python3.10/dist-packages/airflow/example_dags/example_python_operator.py
[2024-03-12T09:41:45.157+0000] {processor.py:830} INFO - Processing file /usr/local/lib/python3.10/dist-packages/airflow/example_dags/example_python_operator.py for tasks to queue
[2024-03-12T09:41:45.158+0000] {logging_mixin.py:188} INFO - [2024-03-12T09:41:45.157+0000] {dagbag.py:540} INFO - Filling up the DagBag from /usr/local/lib/python3.10/dist-packages/airflow/example_dags/example_python_operator.py
[2024-03-12T09:41:45.180+0000] {logging_mixin.py:188} INFO - [2024-03-12T09:41:45.180+0000] {example_python_operator.py:88} WARNING - The virtalenv_python example task requires virtualenv, please install it.
[2024-03-12T09:41:45.181+0000] {processor.py:840} INFO - DAG(s) 'example_python_operator' retrieved from /usr/local/lib/python3.10/dist-packages/airflow/example_dags/example_python_operator.py
[2024-03-12T09:41:45.209+0000] {logging_mixin.py:188} INFO - [2024-03-12T09:41:45.209+0000] {dag.py:3047} INFO - Sync 1 DAGs
[2024-03-12T09:41:45.221+0000] {logging_mixin.py:188} INFO - [2024-03-12T09:41:45.221+0000] {dag.py:3834} INFO - Setting next_dagrun for example_python_operator to None, run_after=None
[2024-03-12T09:41:45.254+0000] {processor.py:183} INFO - Processing /usr/local/lib/python3.10/dist-packages/airflow/example_dags/example_python_operator.py took 0.111 seconds
[2024-03-12T09:42:46.019+0000] {processor.py:161} INFO - Started process (PID=15234) to work on /usr/local/lib/python3.10/dist-packages/airflow/example_dags/example_python_operator.py
[2024-03-12T09:42:46.021+0000] {processor.py:830} INFO - Processing file /usr/local/lib/python3.10/dist-packages/airflow/example_dags/example_python_operator.py for tasks to queue
[2024-03-12T09:42:46.022+0000] {logging_mixin.py:188} INFO - [2024-03-12T09:42:46.022+0000] {dagbag.py:540} INFO - Filling up the DagBag from /usr/local/lib/python3.10/dist-packages/airflow/example_dags/example_python_operator.py
[2024-03-12T09:42:46.033+0000] {logging_mixin.py:188} INFO - [2024-03-12T09:42:46.032+0000] {example_python_operator.py:88} WARNING - The virtalenv_python example task requires virtualenv, please install it.
[2024-03-12T09:42:46.033+0000] {processor.py:840} INFO - DAG(s) 'example_python_operator' retrieved from /usr/local/lib/python3.10/dist-packages/airflow/example_dags/example_python_operator.py
[2024-03-12T09:42:46.058+0000] {logging_mixin.py:188} INFO - [2024-03-12T09:42:46.057+0000] {dag.py:3047} INFO - Sync 1 DAGs
[2024-03-12T09:42:46.077+0000] {logging_mixin.py:188} INFO - [2024-03-12T09:42:46.076+0000] {dag.py:3834} INFO - Setting next_dagrun for example_python_operator to None, run_after=None
[2024-03-12T09:42:46.110+0000] {processor.py:183} INFO - Processing /usr/local/lib/python3.10/dist-packages/airflow/example_dags/example_python_operator.py took 0.096 seconds
[2024-03-12T09:43:49.072+0000] {processor.py:161} INFO - Started process (PID=15304) to work on /usr/local/lib/python3.10/dist-packages/airflow/example_dags/example_python_operator.py
[2024-03-12T09:43:49.073+0000] {processor.py:830} INFO - Processing file /usr/local/lib/python3.10/dist-packages/airflow/example_dags/example_python_operator.py for tasks to queue
[2024-03-12T09:43:49.075+0000] {logging_mixin.py:188} INFO - [2024-03-12T09:43:49.075+0000] {dagbag.py:540} INFO - Filling up the DagBag from /usr/local/lib/python3.10/dist-packages/airflow/example_dags/example_python_operator.py
[2024-03-12T09:43:49.084+0000] {logging_mixin.py:188} INFO - [2024-03-12T09:43:49.083+0000] {example_python_operator.py:88} WARNING - The virtalenv_python example task requires virtualenv, please install it.
[2024-03-12T09:43:49.086+0000] {processor.py:840} INFO - DAG(s) 'example_python_operator' retrieved from /usr/local/lib/python3.10/dist-packages/airflow/example_dags/example_python_operator.py
[2024-03-12T09:43:49.107+0000] {logging_mixin.py:188} INFO - [2024-03-12T09:43:49.106+0000] {dag.py:3047} INFO - Sync 1 DAGs
[2024-03-12T09:43:49.120+0000] {logging_mixin.py:188} INFO - [2024-03-12T09:43:49.119+0000] {dag.py:3834} INFO - Setting next_dagrun for example_python_operator to None, run_after=None
[2024-03-12T09:43:49.149+0000] {processor.py:183} INFO - Processing /usr/local/lib/python3.10/dist-packages/airflow/example_dags/example_python_operator.py took 0.080 seconds
[2024-03-12T09:44:53.959+0000] {processor.py:161} INFO - Started process (PID=15378) to work on /usr/local/lib/python3.10/dist-packages/airflow/example_dags/example_python_operator.py
[2024-03-12T09:44:53.962+0000] {processor.py:830} INFO - Processing file /usr/local/lib/python3.10/dist-packages/airflow/example_dags/example_python_operator.py for tasks to queue
[2024-03-12T09:44:53.964+0000] {logging_mixin.py:188} INFO - [2024-03-12T09:44:53.962+0000] {dagbag.py:540} INFO - Filling up the DagBag from /usr/local/lib/python3.10/dist-packages/airflow/example_dags/example_python_operator.py
[2024-03-12T09:44:53.977+0000] {logging_mixin.py:188} INFO - [2024-03-12T09:44:53.977+0000] {example_python_operator.py:88} WARNING - The virtalenv_python example task requires virtualenv, please install it.
[2024-03-12T09:44:53.980+0000] {processor.py:840} INFO - DAG(s) 'example_python_operator' retrieved from /usr/local/lib/python3.10/dist-packages/airflow/example_dags/example_python_operator.py
[2024-03-12T09:44:54.020+0000] {logging_mixin.py:188} INFO - [2024-03-12T09:44:54.020+0000] {dag.py:3047} INFO - Sync 1 DAGs
[2024-03-12T09:44:54.042+0000] {logging_mixin.py:188} INFO - [2024-03-12T09:44:54.040+0000] {dag.py:3834} INFO - Setting next_dagrun for example_python_operator to None, run_after=None
[2024-03-12T09:44:54.093+0000] {processor.py:183} INFO - Processing /usr/local/lib/python3.10/dist-packages/airflow/example_dags/example_python_operator.py took 0.139 seconds
[2024-03-12T09:45:39.696+0000] {processor.py:161} INFO - Started process (PID=15422) to work on /usr/local/lib/python3.10/dist-packages/airflow/example_dags/example_python_operator.py
[2024-03-12T09:45:39.698+0000] {processor.py:830} INFO - Processing file /usr/local/lib/python3.10/dist-packages/airflow/example_dags/example_python_operator.py for tasks to queue
[2024-03-12T09:45:39.700+0000] {logging_mixin.py:188} INFO - [2024-03-12T09:45:39.699+0000] {dagbag.py:540} INFO - Filling up the DagBag from /usr/local/lib/python3.10/dist-packages/airflow/example_dags/example_python_operator.py
[2024-03-12T09:45:39.711+0000] {logging_mixin.py:188} INFO - [2024-03-12T09:45:39.711+0000] {example_python_operator.py:88} WARNING - The virtalenv_python example task requires virtualenv, please install it.
[2024-03-12T09:45:39.712+0000] {processor.py:840} INFO - DAG(s) 'example_python_operator' retrieved from /usr/local/lib/python3.10/dist-packages/airflow/example_dags/example_python_operator.py
[2024-03-12T09:45:39.738+0000] {logging_mixin.py:188} INFO - [2024-03-12T09:45:39.738+0000] {dag.py:3047} INFO - Sync 1 DAGs
[2024-03-12T09:45:39.753+0000] {logging_mixin.py:188} INFO - [2024-03-12T09:45:39.752+0000] {dag.py:3834} INFO - Setting next_dagrun for example_python_operator to None, run_after=None
[2024-03-12T09:45:39.780+0000] {processor.py:183} INFO - Processing /usr/local/lib/python3.10/dist-packages/airflow/example_dags/example_python_operator.py took 0.088 seconds
[2024-03-12T09:46:39.773+0000] {processor.py:161} INFO - Started process (PID=15483) to work on /usr/local/lib/python3.10/dist-packages/airflow/example_dags/example_python_operator.py
[2024-03-12T09:46:39.775+0000] {processor.py:830} INFO - Processing file /usr/local/lib/python3.10/dist-packages/airflow/example_dags/example_python_operator.py for tasks to queue
[2024-03-12T09:46:39.776+0000] {logging_mixin.py:188} INFO - [2024-03-12T09:46:39.776+0000] {dagbag.py:540} INFO - Filling up the DagBag from /usr/local/lib/python3.10/dist-packages/airflow/example_dags/example_python_operator.py
[2024-03-12T09:46:39.783+0000] {logging_mixin.py:188} INFO - [2024-03-12T09:46:39.783+0000] {example_python_operator.py:88} WARNING - The virtalenv_python example task requires virtualenv, please install it.
[2024-03-12T09:46:39.785+0000] {processor.py:840} INFO - DAG(s) 'example_python_operator' retrieved from /usr/local/lib/python3.10/dist-packages/airflow/example_dags/example_python_operator.py
[2024-03-12T09:46:39.805+0000] {logging_mixin.py:188} INFO - [2024-03-12T09:46:39.804+0000] {dag.py:3047} INFO - Sync 1 DAGs
[2024-03-12T09:46:39.817+0000] {logging_mixin.py:188} INFO - [2024-03-12T09:46:39.817+0000] {dag.py:3834} INFO - Setting next_dagrun for example_python_operator to None, run_after=None
[2024-03-12T09:46:39.848+0000] {processor.py:183} INFO - Processing /usr/local/lib/python3.10/dist-packages/airflow/example_dags/example_python_operator.py took 0.077 seconds
[2024-03-12T09:47:40.898+0000] {processor.py:161} INFO - Started process (PID=15541) to work on /usr/local/lib/python3.10/dist-packages/airflow/example_dags/example_python_operator.py
[2024-03-12T09:47:40.899+0000] {processor.py:830} INFO - Processing file /usr/local/lib/python3.10/dist-packages/airflow/example_dags/example_python_operator.py for tasks to queue
[2024-03-12T09:47:40.903+0000] {logging_mixin.py:188} INFO - [2024-03-12T09:47:40.901+0000] {dagbag.py:540} INFO - Filling up the DagBag from /usr/local/lib/python3.10/dist-packages/airflow/example_dags/example_python_operator.py
[2024-03-12T09:47:40.911+0000] {logging_mixin.py:188} INFO - [2024-03-12T09:47:40.911+0000] {example_python_operator.py:88} WARNING - The virtalenv_python example task requires virtualenv, please install it.
[2024-03-12T09:47:40.912+0000] {processor.py:840} INFO - DAG(s) 'example_python_operator' retrieved from /usr/local/lib/python3.10/dist-packages/airflow/example_dags/example_python_operator.py
[2024-03-12T09:47:40.934+0000] {logging_mixin.py:188} INFO - [2024-03-12T09:47:40.934+0000] {dag.py:3047} INFO - Sync 1 DAGs
[2024-03-12T09:47:40.950+0000] {logging_mixin.py:188} INFO - [2024-03-12T09:47:40.949+0000] {dag.py:3834} INFO - Setting next_dagrun for example_python_operator to None, run_after=None
[2024-03-12T09:47:40.977+0000] {processor.py:183} INFO - Processing /usr/local/lib/python3.10/dist-packages/airflow/example_dags/example_python_operator.py took 0.085 seconds
[2024-03-12T09:48:41.290+0000] {processor.py:161} INFO - Started process (PID=15607) to work on /usr/local/lib/python3.10/dist-packages/airflow/example_dags/example_python_operator.py
[2024-03-12T09:48:41.291+0000] {processor.py:830} INFO - Processing file /usr/local/lib/python3.10/dist-packages/airflow/example_dags/example_python_operator.py for tasks to queue
[2024-03-12T09:48:41.293+0000] {logging_mixin.py:188} INFO - [2024-03-12T09:48:41.292+0000] {dagbag.py:540} INFO - Filling up the DagBag from /usr/local/lib/python3.10/dist-packages/airflow/example_dags/example_python_operator.py
[2024-03-12T09:48:41.307+0000] {logging_mixin.py:188} INFO - [2024-03-12T09:48:41.306+0000] {example_python_operator.py:88} WARNING - The virtalenv_python example task requires virtualenv, please install it.
[2024-03-12T09:48:41.307+0000] {processor.py:840} INFO - DAG(s) 'example_python_operator' retrieved from /usr/local/lib/python3.10/dist-packages/airflow/example_dags/example_python_operator.py
[2024-03-12T09:48:41.330+0000] {logging_mixin.py:188} INFO - [2024-03-12T09:48:41.330+0000] {dag.py:3047} INFO - Sync 1 DAGs
[2024-03-12T09:48:41.347+0000] {logging_mixin.py:188} INFO - [2024-03-12T09:48:41.347+0000] {dag.py:3834} INFO - Setting next_dagrun for example_python_operator to None, run_after=None
[2024-03-12T09:48:41.387+0000] {processor.py:183} INFO - Processing /usr/local/lib/python3.10/dist-packages/airflow/example_dags/example_python_operator.py took 0.102 seconds
[2024-03-12T09:49:46.218+0000] {processor.py:161} INFO - Started process (PID=15668) to work on /usr/local/lib/python3.10/dist-packages/airflow/example_dags/example_python_operator.py
[2024-03-12T09:49:46.223+0000] {processor.py:830} INFO - Processing file /usr/local/lib/python3.10/dist-packages/airflow/example_dags/example_python_operator.py for tasks to queue
[2024-03-12T09:49:46.224+0000] {logging_mixin.py:188} INFO - [2024-03-12T09:49:46.223+0000] {dagbag.py:540} INFO - Filling up the DagBag from /usr/local/lib/python3.10/dist-packages/airflow/example_dags/example_python_operator.py
[2024-03-12T09:49:46.243+0000] {logging_mixin.py:188} INFO - [2024-03-12T09:49:46.243+0000] {example_python_operator.py:88} WARNING - The virtalenv_python example task requires virtualenv, please install it.
[2024-03-12T09:49:46.243+0000] {processor.py:840} INFO - DAG(s) 'example_python_operator' retrieved from /usr/local/lib/python3.10/dist-packages/airflow/example_dags/example_python_operator.py
[2024-03-12T09:49:46.276+0000] {logging_mixin.py:188} INFO - [2024-03-12T09:49:46.276+0000] {dag.py:3047} INFO - Sync 1 DAGs
[2024-03-12T09:49:46.292+0000] {logging_mixin.py:188} INFO - [2024-03-12T09:49:46.291+0000] {dag.py:3834} INFO - Setting next_dagrun for example_python_operator to None, run_after=None
[2024-03-12T09:49:46.317+0000] {processor.py:183} INFO - Processing /usr/local/lib/python3.10/dist-packages/airflow/example_dags/example_python_operator.py took 0.105 seconds
[2024-03-12T09:50:52.716+0000] {processor.py:161} INFO - Started process (PID=15732) to work on /usr/local/lib/python3.10/dist-packages/airflow/example_dags/example_python_operator.py
[2024-03-12T09:50:52.717+0000] {processor.py:830} INFO - Processing file /usr/local/lib/python3.10/dist-packages/airflow/example_dags/example_python_operator.py for tasks to queue
[2024-03-12T09:50:52.719+0000] {logging_mixin.py:188} INFO - [2024-03-12T09:50:52.718+0000] {dagbag.py:540} INFO - Filling up the DagBag from /usr/local/lib/python3.10/dist-packages/airflow/example_dags/example_python_operator.py
[2024-03-12T09:50:52.736+0000] {logging_mixin.py:188} INFO - [2024-03-12T09:50:52.730+0000] {example_python_operator.py:88} WARNING - The virtalenv_python example task requires virtualenv, please install it.
[2024-03-12T09:50:52.738+0000] {processor.py:840} INFO - DAG(s) 'example_python_operator' retrieved from /usr/local/lib/python3.10/dist-packages/airflow/example_dags/example_python_operator.py
[2024-03-12T09:50:52.780+0000] {logging_mixin.py:188} INFO - [2024-03-12T09:50:52.779+0000] {dag.py:3047} INFO - Sync 1 DAGs
[2024-03-12T09:50:52.797+0000] {logging_mixin.py:188} INFO - [2024-03-12T09:50:52.797+0000] {dag.py:3834} INFO - Setting next_dagrun for example_python_operator to None, run_after=None
[2024-03-12T09:50:52.834+0000] {processor.py:183} INFO - Processing /usr/local/lib/python3.10/dist-packages/airflow/example_dags/example_python_operator.py took 0.123 seconds
[2024-03-12T09:51:39.064+0000] {processor.py:161} INFO - Started process (PID=15776) to work on /usr/local/lib/python3.10/dist-packages/airflow/example_dags/example_python_operator.py
[2024-03-12T09:51:39.066+0000] {processor.py:830} INFO - Processing file /usr/local/lib/python3.10/dist-packages/airflow/example_dags/example_python_operator.py for tasks to queue
[2024-03-12T09:51:39.067+0000] {logging_mixin.py:188} INFO - [2024-03-12T09:51:39.067+0000] {dagbag.py:540} INFO - Filling up the DagBag from /usr/local/lib/python3.10/dist-packages/airflow/example_dags/example_python_operator.py
[2024-03-12T09:51:39.077+0000] {logging_mixin.py:188} INFO - [2024-03-12T09:51:39.076+0000] {example_python_operator.py:88} WARNING - The virtalenv_python example task requires virtualenv, please install it.
[2024-03-12T09:51:39.078+0000] {processor.py:840} INFO - DAG(s) 'example_python_operator' retrieved from /usr/local/lib/python3.10/dist-packages/airflow/example_dags/example_python_operator.py
[2024-03-12T09:51:39.126+0000] {logging_mixin.py:188} INFO - [2024-03-12T09:51:39.125+0000] {dag.py:3047} INFO - Sync 1 DAGs
[2024-03-12T09:51:39.147+0000] {logging_mixin.py:188} INFO - [2024-03-12T09:51:39.147+0000] {dag.py:3834} INFO - Setting next_dagrun for example_python_operator to None, run_after=None
[2024-03-12T09:51:39.213+0000] {processor.py:183} INFO - Processing /usr/local/lib/python3.10/dist-packages/airflow/example_dags/example_python_operator.py took 0.154 seconds
[2024-03-12T09:52:25.754+0000] {processor.py:161} INFO - Started process (PID=15821) to work on /usr/local/lib/python3.10/dist-packages/airflow/example_dags/example_python_operator.py
[2024-03-12T09:52:25.760+0000] {processor.py:830} INFO - Processing file /usr/local/lib/python3.10/dist-packages/airflow/example_dags/example_python_operator.py for tasks to queue
[2024-03-12T09:52:25.764+0000] {logging_mixin.py:188} INFO - [2024-03-12T09:52:25.761+0000] {dagbag.py:540} INFO - Filling up the DagBag from /usr/local/lib/python3.10/dist-packages/airflow/example_dags/example_python_operator.py
[2024-03-12T09:52:25.776+0000] {logging_mixin.py:188} INFO - [2024-03-12T09:52:25.776+0000] {example_python_operator.py:88} WARNING - The virtalenv_python example task requires virtualenv, please install it.
[2024-03-12T09:52:25.777+0000] {processor.py:840} INFO - DAG(s) 'example_python_operator' retrieved from /usr/local/lib/python3.10/dist-packages/airflow/example_dags/example_python_operator.py
[2024-03-12T09:52:25.822+0000] {logging_mixin.py:188} INFO - [2024-03-12T09:52:25.822+0000] {dag.py:3047} INFO - Sync 1 DAGs
[2024-03-12T09:52:25.855+0000] {logging_mixin.py:188} INFO - [2024-03-12T09:52:25.854+0000] {dag.py:3834} INFO - Setting next_dagrun for example_python_operator to None, run_after=None
[2024-03-12T09:52:25.900+0000] {processor.py:183} INFO - Processing /usr/local/lib/python3.10/dist-packages/airflow/example_dags/example_python_operator.py took 0.150 seconds
[2024-03-12T09:53:28.557+0000] {processor.py:161} INFO - Started process (PID=15883) to work on /usr/local/lib/python3.10/dist-packages/airflow/example_dags/example_python_operator.py
[2024-03-12T09:53:28.559+0000] {processor.py:830} INFO - Processing file /usr/local/lib/python3.10/dist-packages/airflow/example_dags/example_python_operator.py for tasks to queue
[2024-03-12T09:53:28.560+0000] {logging_mixin.py:188} INFO - [2024-03-12T09:53:28.560+0000] {dagbag.py:540} INFO - Filling up the DagBag from /usr/local/lib/python3.10/dist-packages/airflow/example_dags/example_python_operator.py
[2024-03-12T09:53:28.582+0000] {logging_mixin.py:188} INFO - [2024-03-12T09:53:28.581+0000] {example_python_operator.py:88} WARNING - The virtalenv_python example task requires virtualenv, please install it.
[2024-03-12T09:53:28.582+0000] {processor.py:840} INFO - DAG(s) 'example_python_operator' retrieved from /usr/local/lib/python3.10/dist-packages/airflow/example_dags/example_python_operator.py
[2024-03-12T09:53:28.613+0000] {logging_mixin.py:188} INFO - [2024-03-12T09:53:28.613+0000] {dag.py:3047} INFO - Sync 1 DAGs
[2024-03-12T09:53:28.631+0000] {logging_mixin.py:188} INFO - [2024-03-12T09:53:28.630+0000] {dag.py:3834} INFO - Setting next_dagrun for example_python_operator to None, run_after=None
[2024-03-12T09:53:28.664+0000] {processor.py:183} INFO - Processing /usr/local/lib/python3.10/dist-packages/airflow/example_dags/example_python_operator.py took 0.113 seconds
[2024-03-12T09:54:14.944+0000] {processor.py:161} INFO - Started process (PID=15927) to work on /usr/local/lib/python3.10/dist-packages/airflow/example_dags/example_python_operator.py
[2024-03-12T09:54:14.946+0000] {processor.py:830} INFO - Processing file /usr/local/lib/python3.10/dist-packages/airflow/example_dags/example_python_operator.py for tasks to queue
[2024-03-12T09:54:14.948+0000] {logging_mixin.py:188} INFO - [2024-03-12T09:54:14.947+0000] {dagbag.py:540} INFO - Filling up the DagBag from /usr/local/lib/python3.10/dist-packages/airflow/example_dags/example_python_operator.py
[2024-03-12T09:54:14.980+0000] {logging_mixin.py:188} INFO - [2024-03-12T09:54:14.979+0000] {example_python_operator.py:88} WARNING - The virtalenv_python example task requires virtualenv, please install it.
[2024-03-12T09:54:14.981+0000] {processor.py:840} INFO - DAG(s) 'example_python_operator' retrieved from /usr/local/lib/python3.10/dist-packages/airflow/example_dags/example_python_operator.py
[2024-03-12T09:54:15.009+0000] {logging_mixin.py:188} INFO - [2024-03-12T09:54:15.009+0000] {dag.py:3047} INFO - Sync 1 DAGs
[2024-03-12T09:54:15.027+0000] {logging_mixin.py:188} INFO - [2024-03-12T09:54:15.026+0000] {dag.py:3834} INFO - Setting next_dagrun for example_python_operator to None, run_after=None
[2024-03-12T09:54:15.089+0000] {processor.py:183} INFO - Processing /usr/local/lib/python3.10/dist-packages/airflow/example_dags/example_python_operator.py took 0.149 seconds
[2024-03-12T09:55:00.598+0000] {processor.py:161} INFO - Started process (PID=15972) to work on /usr/local/lib/python3.10/dist-packages/airflow/example_dags/example_python_operator.py
[2024-03-12T09:55:00.600+0000] {processor.py:830} INFO - Processing file /usr/local/lib/python3.10/dist-packages/airflow/example_dags/example_python_operator.py for tasks to queue
[2024-03-12T09:55:00.601+0000] {logging_mixin.py:188} INFO - [2024-03-12T09:55:00.600+0000] {dagbag.py:540} INFO - Filling up the DagBag from /usr/local/lib/python3.10/dist-packages/airflow/example_dags/example_python_operator.py
[2024-03-12T09:55:00.625+0000] {logging_mixin.py:188} INFO - [2024-03-12T09:55:00.624+0000] {example_python_operator.py:88} WARNING - The virtalenv_python example task requires virtualenv, please install it.
[2024-03-12T09:55:00.625+0000] {processor.py:840} INFO - DAG(s) 'example_python_operator' retrieved from /usr/local/lib/python3.10/dist-packages/airflow/example_dags/example_python_operator.py
[2024-03-12T09:55:00.660+0000] {logging_mixin.py:188} INFO - [2024-03-12T09:55:00.660+0000] {dag.py:3047} INFO - Sync 1 DAGs
[2024-03-12T09:55:00.696+0000] {logging_mixin.py:188} INFO - [2024-03-12T09:55:00.695+0000] {dag.py:3834} INFO - Setting next_dagrun for example_python_operator to None, run_after=None
[2024-03-12T09:55:00.724+0000] {processor.py:183} INFO - Processing /usr/local/lib/python3.10/dist-packages/airflow/example_dags/example_python_operator.py took 0.133 seconds
[2024-03-12T09:56:07.231+0000] {processor.py:161} INFO - Started process (PID=16038) to work on /usr/local/lib/python3.10/dist-packages/airflow/example_dags/example_python_operator.py
[2024-03-12T09:56:07.232+0000] {processor.py:830} INFO - Processing file /usr/local/lib/python3.10/dist-packages/airflow/example_dags/example_python_operator.py for tasks to queue
[2024-03-12T09:56:07.233+0000] {logging_mixin.py:188} INFO - [2024-03-12T09:56:07.233+0000] {dagbag.py:540} INFO - Filling up the DagBag from /usr/local/lib/python3.10/dist-packages/airflow/example_dags/example_python_operator.py
[2024-03-12T09:56:07.248+0000] {logging_mixin.py:188} INFO - [2024-03-12T09:56:07.247+0000] {example_python_operator.py:88} WARNING - The virtalenv_python example task requires virtualenv, please install it.
[2024-03-12T09:56:07.249+0000] {processor.py:840} INFO - DAG(s) 'example_python_operator' retrieved from /usr/local/lib/python3.10/dist-packages/airflow/example_dags/example_python_operator.py
[2024-03-12T09:56:07.314+0000] {logging_mixin.py:188} INFO - [2024-03-12T09:56:07.313+0000] {dag.py:3047} INFO - Sync 1 DAGs
[2024-03-12T09:56:07.334+0000] {logging_mixin.py:188} INFO - [2024-03-12T09:56:07.334+0000] {dag.py:3834} INFO - Setting next_dagrun for example_python_operator to None, run_after=None
[2024-03-12T09:56:07.367+0000] {processor.py:183} INFO - Processing /usr/local/lib/python3.10/dist-packages/airflow/example_dags/example_python_operator.py took 0.141 seconds
[2024-03-12T09:57:14.168+0000] {processor.py:161} INFO - Started process (PID=16101) to work on /usr/local/lib/python3.10/dist-packages/airflow/example_dags/example_python_operator.py
[2024-03-12T09:57:14.170+0000] {processor.py:830} INFO - Processing file /usr/local/lib/python3.10/dist-packages/airflow/example_dags/example_python_operator.py for tasks to queue
[2024-03-12T09:57:14.171+0000] {logging_mixin.py:188} INFO - [2024-03-12T09:57:14.170+0000] {dagbag.py:540} INFO - Filling up the DagBag from /usr/local/lib/python3.10/dist-packages/airflow/example_dags/example_python_operator.py
[2024-03-12T09:57:14.180+0000] {logging_mixin.py:188} INFO - [2024-03-12T09:57:14.180+0000] {example_python_operator.py:88} WARNING - The virtalenv_python example task requires virtualenv, please install it.
[2024-03-12T09:57:14.180+0000] {processor.py:840} INFO - DAG(s) 'example_python_operator' retrieved from /usr/local/lib/python3.10/dist-packages/airflow/example_dags/example_python_operator.py
[2024-03-12T09:57:14.201+0000] {logging_mixin.py:188} INFO - [2024-03-12T09:57:14.201+0000] {dag.py:3047} INFO - Sync 1 DAGs
[2024-03-12T09:57:14.214+0000] {logging_mixin.py:188} INFO - [2024-03-12T09:57:14.214+0000] {dag.py:3834} INFO - Setting next_dagrun for example_python_operator to None, run_after=None
[2024-03-12T09:57:14.245+0000] {processor.py:183} INFO - Processing /usr/local/lib/python3.10/dist-packages/airflow/example_dags/example_python_operator.py took 0.080 seconds
[2024-03-12T09:58:18.756+0000] {processor.py:161} INFO - Started process (PID=16172) to work on /usr/local/lib/python3.10/dist-packages/airflow/example_dags/example_python_operator.py
[2024-03-12T09:58:18.758+0000] {processor.py:830} INFO - Processing file /usr/local/lib/python3.10/dist-packages/airflow/example_dags/example_python_operator.py for tasks to queue
[2024-03-12T09:58:18.759+0000] {logging_mixin.py:188} INFO - [2024-03-12T09:58:18.759+0000] {dagbag.py:540} INFO - Filling up the DagBag from /usr/local/lib/python3.10/dist-packages/airflow/example_dags/example_python_operator.py
[2024-03-12T09:58:18.769+0000] {logging_mixin.py:188} INFO - [2024-03-12T09:58:18.769+0000] {example_python_operator.py:88} WARNING - The virtalenv_python example task requires virtualenv, please install it.
[2024-03-12T09:58:18.770+0000] {processor.py:840} INFO - DAG(s) 'example_python_operator' retrieved from /usr/local/lib/python3.10/dist-packages/airflow/example_dags/example_python_operator.py
[2024-03-12T09:58:18.797+0000] {logging_mixin.py:188} INFO - [2024-03-12T09:58:18.797+0000] {dag.py:3047} INFO - Sync 1 DAGs
[2024-03-12T09:58:18.811+0000] {logging_mixin.py:188} INFO - [2024-03-12T09:58:18.811+0000] {dag.py:3834} INFO - Setting next_dagrun for example_python_operator to None, run_after=None
[2024-03-12T09:58:18.845+0000] {processor.py:183} INFO - Processing /usr/local/lib/python3.10/dist-packages/airflow/example_dags/example_python_operator.py took 0.094 seconds
