[2024-03-12T09:22:54.434+0000] {processor.py:161} INFO - Started process (PID=14017) to work on /usr/local/lib/python3.10/dist-packages/airflow/example_dags/example_python_decorator.py
[2024-03-12T09:22:54.435+0000] {processor.py:830} INFO - Processing file /usr/local/lib/python3.10/dist-packages/airflow/example_dags/example_python_decorator.py for tasks to queue
[2024-03-12T09:22:54.437+0000] {logging_mixin.py:188} INFO - [2024-03-12T09:22:54.436+0000] {dagbag.py:540} INFO - Filling up the DagBag from /usr/local/lib/python3.10/dist-packages/airflow/example_dags/example_python_decorator.py
[2024-03-12T09:22:54.448+0000] {logging_mixin.py:188} INFO - [2024-03-12T09:22:54.447+0000] {example_python_decorator.py:79} WARNING - The virtalenv_python example task requires virtualenv, please install it.
[2024-03-12T09:22:54.449+0000] {processor.py:840} INFO - DAG(s) 'example_python_decorator' retrieved from /usr/local/lib/python3.10/dist-packages/airflow/example_dags/example_python_decorator.py
[2024-03-12T09:22:54.555+0000] {logging_mixin.py:188} INFO - [2024-03-12T09:22:54.555+0000] {dag.py:3047} INFO - Sync 1 DAGs
[2024-03-12T09:22:54.700+0000] {logging_mixin.py:188} INFO - [2024-03-12T09:22:54.700+0000] {dag.py:3834} INFO - Setting next_dagrun for example_python_decorator to None, run_after=None
[2024-03-12T09:22:54.724+0000] {processor.py:183} INFO - Processing /usr/local/lib/python3.10/dist-packages/airflow/example_dags/example_python_decorator.py took 0.294 seconds
[2024-03-12T09:23:57.162+0000] {processor.py:161} INFO - Started process (PID=14072) to work on /usr/local/lib/python3.10/dist-packages/airflow/example_dags/example_python_decorator.py
[2024-03-12T09:23:57.164+0000] {processor.py:830} INFO - Processing file /usr/local/lib/python3.10/dist-packages/airflow/example_dags/example_python_decorator.py for tasks to queue
[2024-03-12T09:23:57.166+0000] {logging_mixin.py:188} INFO - [2024-03-12T09:23:57.165+0000] {dagbag.py:540} INFO - Filling up the DagBag from /usr/local/lib/python3.10/dist-packages/airflow/example_dags/example_python_decorator.py
[2024-03-12T09:23:57.185+0000] {logging_mixin.py:188} INFO - [2024-03-12T09:23:57.183+0000] {example_python_decorator.py:79} WARNING - The virtalenv_python example task requires virtualenv, please install it.
[2024-03-12T09:23:57.186+0000] {processor.py:840} INFO - DAG(s) 'example_python_decorator' retrieved from /usr/local/lib/python3.10/dist-packages/airflow/example_dags/example_python_decorator.py
[2024-03-12T09:23:57.216+0000] {logging_mixin.py:188} INFO - [2024-03-12T09:23:57.216+0000] {dag.py:3047} INFO - Sync 1 DAGs
[2024-03-12T09:23:57.239+0000] {logging_mixin.py:188} INFO - [2024-03-12T09:23:57.238+0000] {dag.py:3834} INFO - Setting next_dagrun for example_python_decorator to None, run_after=None
[2024-03-12T09:23:57.283+0000] {processor.py:183} INFO - Processing /usr/local/lib/python3.10/dist-packages/airflow/example_dags/example_python_decorator.py took 0.126 seconds
[2024-03-12T09:24:50.268+0000] {processor.py:161} INFO - Started process (PID=14121) to work on /usr/local/lib/python3.10/dist-packages/airflow/example_dags/example_python_decorator.py
[2024-03-12T09:24:50.270+0000] {processor.py:830} INFO - Processing file /usr/local/lib/python3.10/dist-packages/airflow/example_dags/example_python_decorator.py for tasks to queue
[2024-03-12T09:24:50.272+0000] {logging_mixin.py:188} INFO - [2024-03-12T09:24:50.271+0000] {dagbag.py:540} INFO - Filling up the DagBag from /usr/local/lib/python3.10/dist-packages/airflow/example_dags/example_python_decorator.py
[2024-03-12T09:24:50.287+0000] {logging_mixin.py:188} INFO - [2024-03-12T09:24:50.287+0000] {example_python_decorator.py:79} WARNING - The virtalenv_python example task requires virtualenv, please install it.
[2024-03-12T09:24:50.289+0000] {processor.py:840} INFO - DAG(s) 'example_python_decorator' retrieved from /usr/local/lib/python3.10/dist-packages/airflow/example_dags/example_python_decorator.py
[2024-03-12T09:24:50.481+0000] {logging_mixin.py:188} INFO - [2024-03-12T09:24:50.480+0000] {dag.py:3047} INFO - Sync 1 DAGs
[2024-03-12T09:24:50.503+0000] {logging_mixin.py:188} INFO - [2024-03-12T09:24:50.503+0000] {dag.py:3834} INFO - Setting next_dagrun for example_python_decorator to None, run_after=None
[2024-03-12T09:24:50.549+0000] {processor.py:183} INFO - Processing /usr/local/lib/python3.10/dist-packages/airflow/example_dags/example_python_decorator.py took 0.287 seconds
[2024-03-12T09:25:44.313+0000] {processor.py:161} INFO - Started process (PID=14170) to work on /usr/local/lib/python3.10/dist-packages/airflow/example_dags/example_python_decorator.py
[2024-03-12T09:25:44.315+0000] {processor.py:830} INFO - Processing file /usr/local/lib/python3.10/dist-packages/airflow/example_dags/example_python_decorator.py for tasks to queue
[2024-03-12T09:25:44.316+0000] {logging_mixin.py:188} INFO - [2024-03-12T09:25:44.315+0000] {dagbag.py:540} INFO - Filling up the DagBag from /usr/local/lib/python3.10/dist-packages/airflow/example_dags/example_python_decorator.py
[2024-03-12T09:25:44.329+0000] {logging_mixin.py:188} INFO - [2024-03-12T09:25:44.329+0000] {example_python_decorator.py:79} WARNING - The virtalenv_python example task requires virtualenv, please install it.
[2024-03-12T09:25:44.330+0000] {processor.py:840} INFO - DAG(s) 'example_python_decorator' retrieved from /usr/local/lib/python3.10/dist-packages/airflow/example_dags/example_python_decorator.py
[2024-03-12T09:25:44.354+0000] {logging_mixin.py:188} INFO - [2024-03-12T09:25:44.354+0000] {dag.py:3047} INFO - Sync 1 DAGs
[2024-03-12T09:25:44.370+0000] {logging_mixin.py:188} INFO - [2024-03-12T09:25:44.370+0000] {dag.py:3834} INFO - Setting next_dagrun for example_python_decorator to None, run_after=None
[2024-03-12T09:25:44.396+0000] {processor.py:183} INFO - Processing /usr/local/lib/python3.10/dist-packages/airflow/example_dags/example_python_decorator.py took 0.087 seconds
[2024-03-12T09:26:42.127+0000] {processor.py:161} INFO - Started process (PID=14229) to work on /usr/local/lib/python3.10/dist-packages/airflow/example_dags/example_python_decorator.py
[2024-03-12T09:26:42.134+0000] {processor.py:830} INFO - Processing file /usr/local/lib/python3.10/dist-packages/airflow/example_dags/example_python_decorator.py for tasks to queue
[2024-03-12T09:26:42.136+0000] {logging_mixin.py:188} INFO - [2024-03-12T09:26:42.135+0000] {dagbag.py:540} INFO - Filling up the DagBag from /usr/local/lib/python3.10/dist-packages/airflow/example_dags/example_python_decorator.py
[2024-03-12T09:26:42.153+0000] {logging_mixin.py:188} INFO - [2024-03-12T09:26:42.152+0000] {example_python_decorator.py:79} WARNING - The virtalenv_python example task requires virtualenv, please install it.
[2024-03-12T09:26:42.154+0000] {processor.py:840} INFO - DAG(s) 'example_python_decorator' retrieved from /usr/local/lib/python3.10/dist-packages/airflow/example_dags/example_python_decorator.py
[2024-03-12T09:26:42.190+0000] {logging_mixin.py:188} INFO - [2024-03-12T09:26:42.190+0000] {dag.py:3047} INFO - Sync 1 DAGs
[2024-03-12T09:26:42.203+0000] {logging_mixin.py:188} INFO - [2024-03-12T09:26:42.202+0000] {dag.py:3834} INFO - Setting next_dagrun for example_python_decorator to None, run_after=None
[2024-03-12T09:26:42.232+0000] {processor.py:183} INFO - Processing /usr/local/lib/python3.10/dist-packages/airflow/example_dags/example_python_decorator.py took 0.112 seconds
[2024-03-12T09:27:47.438+0000] {processor.py:161} INFO - Started process (PID=14293) to work on /usr/local/lib/python3.10/dist-packages/airflow/example_dags/example_python_decorator.py
[2024-03-12T09:27:47.439+0000] {processor.py:830} INFO - Processing file /usr/local/lib/python3.10/dist-packages/airflow/example_dags/example_python_decorator.py for tasks to queue
[2024-03-12T09:27:47.441+0000] {logging_mixin.py:188} INFO - [2024-03-12T09:27:47.440+0000] {dagbag.py:540} INFO - Filling up the DagBag from /usr/local/lib/python3.10/dist-packages/airflow/example_dags/example_python_decorator.py
[2024-03-12T09:27:47.452+0000] {logging_mixin.py:188} INFO - [2024-03-12T09:27:47.451+0000] {example_python_decorator.py:79} WARNING - The virtalenv_python example task requires virtualenv, please install it.
[2024-03-12T09:27:47.452+0000] {processor.py:840} INFO - DAG(s) 'example_python_decorator' retrieved from /usr/local/lib/python3.10/dist-packages/airflow/example_dags/example_python_decorator.py
[2024-03-12T09:27:47.475+0000] {logging_mixin.py:188} INFO - [2024-03-12T09:27:47.474+0000] {dag.py:3047} INFO - Sync 1 DAGs
[2024-03-12T09:27:47.489+0000] {logging_mixin.py:188} INFO - [2024-03-12T09:27:47.489+0000] {dag.py:3834} INFO - Setting next_dagrun for example_python_decorator to None, run_after=None
[2024-03-12T09:27:47.516+0000] {processor.py:183} INFO - Processing /usr/local/lib/python3.10/dist-packages/airflow/example_dags/example_python_decorator.py took 0.082 seconds
[2024-03-12T09:28:46.882+0000] {processor.py:161} INFO - Started process (PID=14352) to work on /usr/local/lib/python3.10/dist-packages/airflow/example_dags/example_python_decorator.py
[2024-03-12T09:28:46.883+0000] {processor.py:830} INFO - Processing file /usr/local/lib/python3.10/dist-packages/airflow/example_dags/example_python_decorator.py for tasks to queue
[2024-03-12T09:28:46.884+0000] {logging_mixin.py:188} INFO - [2024-03-12T09:28:46.884+0000] {dagbag.py:540} INFO - Filling up the DagBag from /usr/local/lib/python3.10/dist-packages/airflow/example_dags/example_python_decorator.py
[2024-03-12T09:28:46.911+0000] {logging_mixin.py:188} INFO - [2024-03-12T09:28:46.911+0000] {example_python_decorator.py:79} WARNING - The virtalenv_python example task requires virtualenv, please install it.
[2024-03-12T09:28:46.911+0000] {processor.py:840} INFO - DAG(s) 'example_python_decorator' retrieved from /usr/local/lib/python3.10/dist-packages/airflow/example_dags/example_python_decorator.py
[2024-03-12T09:28:46.956+0000] {logging_mixin.py:188} INFO - [2024-03-12T09:28:46.956+0000] {dag.py:3047} INFO - Sync 1 DAGs
[2024-03-12T09:28:46.985+0000] {logging_mixin.py:188} INFO - [2024-03-12T09:28:46.985+0000] {dag.py:3834} INFO - Setting next_dagrun for example_python_decorator to None, run_after=None
[2024-03-12T09:28:47.011+0000] {processor.py:183} INFO - Processing /usr/local/lib/python3.10/dist-packages/airflow/example_dags/example_python_decorator.py took 0.134 seconds
[2024-03-12T09:29:46.929+0000] {processor.py:161} INFO - Started process (PID=14412) to work on /usr/local/lib/python3.10/dist-packages/airflow/example_dags/example_python_decorator.py
[2024-03-12T09:29:46.931+0000] {processor.py:830} INFO - Processing file /usr/local/lib/python3.10/dist-packages/airflow/example_dags/example_python_decorator.py for tasks to queue
[2024-03-12T09:29:46.932+0000] {logging_mixin.py:188} INFO - [2024-03-12T09:29:46.931+0000] {dagbag.py:540} INFO - Filling up the DagBag from /usr/local/lib/python3.10/dist-packages/airflow/example_dags/example_python_decorator.py
[2024-03-12T09:29:46.941+0000] {logging_mixin.py:188} INFO - [2024-03-12T09:29:46.941+0000] {example_python_decorator.py:79} WARNING - The virtalenv_python example task requires virtualenv, please install it.
[2024-03-12T09:29:46.942+0000] {processor.py:840} INFO - DAG(s) 'example_python_decorator' retrieved from /usr/local/lib/python3.10/dist-packages/airflow/example_dags/example_python_decorator.py
[2024-03-12T09:29:46.959+0000] {logging_mixin.py:188} INFO - [2024-03-12T09:29:46.959+0000] {dag.py:3047} INFO - Sync 1 DAGs
[2024-03-12T09:29:46.971+0000] {logging_mixin.py:188} INFO - [2024-03-12T09:29:46.970+0000] {dag.py:3834} INFO - Setting next_dagrun for example_python_decorator to None, run_after=None
[2024-03-12T09:29:46.993+0000] {processor.py:183} INFO - Processing /usr/local/lib/python3.10/dist-packages/airflow/example_dags/example_python_decorator.py took 0.067 seconds
[2024-03-12T09:30:48.260+0000] {processor.py:161} INFO - Started process (PID=14472) to work on /usr/local/lib/python3.10/dist-packages/airflow/example_dags/example_python_decorator.py
[2024-03-12T09:30:48.262+0000] {processor.py:830} INFO - Processing file /usr/local/lib/python3.10/dist-packages/airflow/example_dags/example_python_decorator.py for tasks to queue
[2024-03-12T09:30:48.263+0000] {logging_mixin.py:188} INFO - [2024-03-12T09:30:48.262+0000] {dagbag.py:540} INFO - Filling up the DagBag from /usr/local/lib/python3.10/dist-packages/airflow/example_dags/example_python_decorator.py
[2024-03-12T09:30:48.274+0000] {logging_mixin.py:188} INFO - [2024-03-12T09:30:48.274+0000] {example_python_decorator.py:79} WARNING - The virtalenv_python example task requires virtualenv, please install it.
[2024-03-12T09:30:48.275+0000] {processor.py:840} INFO - DAG(s) 'example_python_decorator' retrieved from /usr/local/lib/python3.10/dist-packages/airflow/example_dags/example_python_decorator.py
[2024-03-12T09:30:48.296+0000] {logging_mixin.py:188} INFO - [2024-03-12T09:30:48.295+0000] {dag.py:3047} INFO - Sync 1 DAGs
[2024-03-12T09:30:48.310+0000] {logging_mixin.py:188} INFO - [2024-03-12T09:30:48.310+0000] {dag.py:3834} INFO - Setting next_dagrun for example_python_decorator to None, run_after=None
[2024-03-12T09:30:48.340+0000] {processor.py:183} INFO - Processing /usr/local/lib/python3.10/dist-packages/airflow/example_dags/example_python_decorator.py took 0.084 seconds
[2024-03-12T09:31:52.244+0000] {processor.py:161} INFO - Started process (PID=14533) to work on /usr/local/lib/python3.10/dist-packages/airflow/example_dags/example_python_decorator.py
[2024-03-12T09:31:52.245+0000] {processor.py:830} INFO - Processing file /usr/local/lib/python3.10/dist-packages/airflow/example_dags/example_python_decorator.py for tasks to queue
[2024-03-12T09:31:52.246+0000] {logging_mixin.py:188} INFO - [2024-03-12T09:31:52.246+0000] {dagbag.py:540} INFO - Filling up the DagBag from /usr/local/lib/python3.10/dist-packages/airflow/example_dags/example_python_decorator.py
[2024-03-12T09:31:52.256+0000] {logging_mixin.py:188} INFO - [2024-03-12T09:31:52.256+0000] {example_python_decorator.py:79} WARNING - The virtalenv_python example task requires virtualenv, please install it.
[2024-03-12T09:31:52.257+0000] {processor.py:840} INFO - DAG(s) 'example_python_decorator' retrieved from /usr/local/lib/python3.10/dist-packages/airflow/example_dags/example_python_decorator.py
[2024-03-12T09:31:52.276+0000] {logging_mixin.py:188} INFO - [2024-03-12T09:31:52.276+0000] {dag.py:3047} INFO - Sync 1 DAGs
[2024-03-12T09:31:52.290+0000] {logging_mixin.py:188} INFO - [2024-03-12T09:31:52.290+0000] {dag.py:3834} INFO - Setting next_dagrun for example_python_decorator to None, run_after=None
[2024-03-12T09:31:52.321+0000] {processor.py:183} INFO - Processing /usr/local/lib/python3.10/dist-packages/airflow/example_dags/example_python_decorator.py took 0.081 seconds
[2024-03-12T09:32:57.903+0000] {processor.py:161} INFO - Started process (PID=14596) to work on /usr/local/lib/python3.10/dist-packages/airflow/example_dags/example_python_decorator.py
[2024-03-12T09:32:57.906+0000] {processor.py:830} INFO - Processing file /usr/local/lib/python3.10/dist-packages/airflow/example_dags/example_python_decorator.py for tasks to queue
[2024-03-12T09:32:57.907+0000] {logging_mixin.py:188} INFO - [2024-03-12T09:32:57.906+0000] {dagbag.py:540} INFO - Filling up the DagBag from /usr/local/lib/python3.10/dist-packages/airflow/example_dags/example_python_decorator.py
[2024-03-12T09:32:57.933+0000] {logging_mixin.py:188} INFO - [2024-03-12T09:32:57.933+0000] {example_python_decorator.py:79} WARNING - The virtalenv_python example task requires virtualenv, please install it.
[2024-03-12T09:32:57.937+0000] {processor.py:840} INFO - DAG(s) 'example_python_decorator' retrieved from /usr/local/lib/python3.10/dist-packages/airflow/example_dags/example_python_decorator.py
[2024-03-12T09:32:57.962+0000] {logging_mixin.py:188} INFO - [2024-03-12T09:32:57.961+0000] {dag.py:3047} INFO - Sync 1 DAGs
[2024-03-12T09:32:57.976+0000] {logging_mixin.py:188} INFO - [2024-03-12T09:32:57.976+0000] {dag.py:3834} INFO - Setting next_dagrun for example_python_decorator to None, run_after=None
[2024-03-12T09:32:58.008+0000] {processor.py:183} INFO - Processing /usr/local/lib/python3.10/dist-packages/airflow/example_dags/example_python_decorator.py took 0.112 seconds
[2024-03-12T09:34:03.216+0000] {processor.py:161} INFO - Started process (PID=14660) to work on /usr/local/lib/python3.10/dist-packages/airflow/example_dags/example_python_decorator.py
[2024-03-12T09:34:03.217+0000] {processor.py:830} INFO - Processing file /usr/local/lib/python3.10/dist-packages/airflow/example_dags/example_python_decorator.py for tasks to queue
[2024-03-12T09:34:03.219+0000] {logging_mixin.py:188} INFO - [2024-03-12T09:34:03.218+0000] {dagbag.py:540} INFO - Filling up the DagBag from /usr/local/lib/python3.10/dist-packages/airflow/example_dags/example_python_decorator.py
[2024-03-12T09:34:03.233+0000] {logging_mixin.py:188} INFO - [2024-03-12T09:34:03.232+0000] {example_python_decorator.py:79} WARNING - The virtalenv_python example task requires virtualenv, please install it.
[2024-03-12T09:34:03.233+0000] {processor.py:840} INFO - DAG(s) 'example_python_decorator' retrieved from /usr/local/lib/python3.10/dist-packages/airflow/example_dags/example_python_decorator.py
[2024-03-12T09:34:03.286+0000] {logging_mixin.py:188} INFO - [2024-03-12T09:34:03.279+0000] {dag.py:3047} INFO - Sync 1 DAGs
[2024-03-12T09:34:03.307+0000] {logging_mixin.py:188} INFO - [2024-03-12T09:34:03.306+0000] {dag.py:3834} INFO - Setting next_dagrun for example_python_decorator to None, run_after=None
[2024-03-12T09:34:03.360+0000] {processor.py:183} INFO - Processing /usr/local/lib/python3.10/dist-packages/airflow/example_dags/example_python_decorator.py took 0.148 seconds
[2024-03-12T09:35:08.267+0000] {processor.py:161} INFO - Started process (PID=14721) to work on /usr/local/lib/python3.10/dist-packages/airflow/example_dags/example_python_decorator.py
[2024-03-12T09:35:08.269+0000] {processor.py:830} INFO - Processing file /usr/local/lib/python3.10/dist-packages/airflow/example_dags/example_python_decorator.py for tasks to queue
[2024-03-12T09:35:08.270+0000] {logging_mixin.py:188} INFO - [2024-03-12T09:35:08.269+0000] {dagbag.py:540} INFO - Filling up the DagBag from /usr/local/lib/python3.10/dist-packages/airflow/example_dags/example_python_decorator.py
[2024-03-12T09:35:08.286+0000] {logging_mixin.py:188} INFO - [2024-03-12T09:35:08.286+0000] {example_python_decorator.py:79} WARNING - The virtalenv_python example task requires virtualenv, please install it.
[2024-03-12T09:35:08.287+0000] {processor.py:840} INFO - DAG(s) 'example_python_decorator' retrieved from /usr/local/lib/python3.10/dist-packages/airflow/example_dags/example_python_decorator.py
[2024-03-12T09:35:08.320+0000] {logging_mixin.py:188} INFO - [2024-03-12T09:35:08.320+0000] {dag.py:3047} INFO - Sync 1 DAGs
[2024-03-12T09:35:08.336+0000] {logging_mixin.py:188} INFO - [2024-03-12T09:35:08.336+0000] {dag.py:3834} INFO - Setting next_dagrun for example_python_decorator to None, run_after=None
[2024-03-12T09:35:08.367+0000] {processor.py:183} INFO - Processing /usr/local/lib/python3.10/dist-packages/airflow/example_dags/example_python_decorator.py took 0.109 seconds
[2024-03-12T09:36:12.960+0000] {processor.py:161} INFO - Started process (PID=14784) to work on /usr/local/lib/python3.10/dist-packages/airflow/example_dags/example_python_decorator.py
[2024-03-12T09:36:12.962+0000] {processor.py:830} INFO - Processing file /usr/local/lib/python3.10/dist-packages/airflow/example_dags/example_python_decorator.py for tasks to queue
[2024-03-12T09:36:12.963+0000] {logging_mixin.py:188} INFO - [2024-03-12T09:36:12.962+0000] {dagbag.py:540} INFO - Filling up the DagBag from /usr/local/lib/python3.10/dist-packages/airflow/example_dags/example_python_decorator.py
[2024-03-12T09:36:12.973+0000] {logging_mixin.py:188} INFO - [2024-03-12T09:36:12.973+0000] {example_python_decorator.py:79} WARNING - The virtalenv_python example task requires virtualenv, please install it.
[2024-03-12T09:36:12.974+0000] {processor.py:840} INFO - DAG(s) 'example_python_decorator' retrieved from /usr/local/lib/python3.10/dist-packages/airflow/example_dags/example_python_decorator.py
[2024-03-12T09:36:12.994+0000] {logging_mixin.py:188} INFO - [2024-03-12T09:36:12.993+0000] {dag.py:3047} INFO - Sync 1 DAGs
[2024-03-12T09:36:13.006+0000] {logging_mixin.py:188} INFO - [2024-03-12T09:36:13.005+0000] {dag.py:3834} INFO - Setting next_dagrun for example_python_decorator to None, run_after=None
[2024-03-12T09:36:13.032+0000] {processor.py:183} INFO - Processing /usr/local/lib/python3.10/dist-packages/airflow/example_dags/example_python_decorator.py took 0.076 seconds
[2024-03-12T09:37:15.144+0000] {processor.py:161} INFO - Started process (PID=14845) to work on /usr/local/lib/python3.10/dist-packages/airflow/example_dags/example_python_decorator.py
[2024-03-12T09:37:15.146+0000] {processor.py:830} INFO - Processing file /usr/local/lib/python3.10/dist-packages/airflow/example_dags/example_python_decorator.py for tasks to queue
[2024-03-12T09:37:15.147+0000] {logging_mixin.py:188} INFO - [2024-03-12T09:37:15.147+0000] {dagbag.py:540} INFO - Filling up the DagBag from /usr/local/lib/python3.10/dist-packages/airflow/example_dags/example_python_decorator.py
[2024-03-12T09:37:15.165+0000] {logging_mixin.py:188} INFO - [2024-03-12T09:37:15.165+0000] {example_python_decorator.py:79} WARNING - The virtalenv_python example task requires virtualenv, please install it.
[2024-03-12T09:37:15.166+0000] {processor.py:840} INFO - DAG(s) 'example_python_decorator' retrieved from /usr/local/lib/python3.10/dist-packages/airflow/example_dags/example_python_decorator.py
[2024-03-12T09:37:15.192+0000] {logging_mixin.py:188} INFO - [2024-03-12T09:37:15.192+0000] {dag.py:3047} INFO - Sync 1 DAGs
[2024-03-12T09:37:15.223+0000] {logging_mixin.py:188} INFO - [2024-03-12T09:37:15.223+0000] {dag.py:3834} INFO - Setting next_dagrun for example_python_decorator to None, run_after=None
[2024-03-12T09:37:15.278+0000] {processor.py:183} INFO - Processing /usr/local/lib/python3.10/dist-packages/airflow/example_dags/example_python_decorator.py took 0.141 seconds
[2024-03-12T09:38:17.642+0000] {processor.py:161} INFO - Started process (PID=14906) to work on /usr/local/lib/python3.10/dist-packages/airflow/example_dags/example_python_decorator.py
[2024-03-12T09:38:17.645+0000] {processor.py:830} INFO - Processing file /usr/local/lib/python3.10/dist-packages/airflow/example_dags/example_python_decorator.py for tasks to queue
[2024-03-12T09:38:17.646+0000] {logging_mixin.py:188} INFO - [2024-03-12T09:38:17.646+0000] {dagbag.py:540} INFO - Filling up the DagBag from /usr/local/lib/python3.10/dist-packages/airflow/example_dags/example_python_decorator.py
[2024-03-12T09:38:17.664+0000] {logging_mixin.py:188} INFO - [2024-03-12T09:38:17.663+0000] {example_python_decorator.py:79} WARNING - The virtalenv_python example task requires virtualenv, please install it.
[2024-03-12T09:38:17.665+0000] {processor.py:840} INFO - DAG(s) 'example_python_decorator' retrieved from /usr/local/lib/python3.10/dist-packages/airflow/example_dags/example_python_decorator.py
[2024-03-12T09:38:17.692+0000] {logging_mixin.py:188} INFO - [2024-03-12T09:38:17.692+0000] {dag.py:3047} INFO - Sync 1 DAGs
[2024-03-12T09:38:17.711+0000] {logging_mixin.py:188} INFO - [2024-03-12T09:38:17.711+0000] {dag.py:3834} INFO - Setting next_dagrun for example_python_decorator to None, run_after=None
[2024-03-12T09:38:17.750+0000] {processor.py:183} INFO - Processing /usr/local/lib/python3.10/dist-packages/airflow/example_dags/example_python_decorator.py took 0.112 seconds
[2024-03-12T09:39:21.838+0000] {processor.py:161} INFO - Started process (PID=14967) to work on /usr/local/lib/python3.10/dist-packages/airflow/example_dags/example_python_decorator.py
[2024-03-12T09:39:21.842+0000] {processor.py:830} INFO - Processing file /usr/local/lib/python3.10/dist-packages/airflow/example_dags/example_python_decorator.py for tasks to queue
[2024-03-12T09:39:21.844+0000] {logging_mixin.py:188} INFO - [2024-03-12T09:39:21.843+0000] {dagbag.py:540} INFO - Filling up the DagBag from /usr/local/lib/python3.10/dist-packages/airflow/example_dags/example_python_decorator.py
[2024-03-12T09:39:21.875+0000] {logging_mixin.py:188} INFO - [2024-03-12T09:39:21.875+0000] {example_python_decorator.py:79} WARNING - The virtalenv_python example task requires virtualenv, please install it.
[2024-03-12T09:39:21.876+0000] {processor.py:840} INFO - DAG(s) 'example_python_decorator' retrieved from /usr/local/lib/python3.10/dist-packages/airflow/example_dags/example_python_decorator.py
[2024-03-12T09:39:21.923+0000] {logging_mixin.py:188} INFO - [2024-03-12T09:39:21.922+0000] {dag.py:3047} INFO - Sync 1 DAGs
[2024-03-12T09:39:21.946+0000] {logging_mixin.py:188} INFO - [2024-03-12T09:39:21.945+0000] {dag.py:3834} INFO - Setting next_dagrun for example_python_decorator to None, run_after=None
[2024-03-12T09:39:21.983+0000] {processor.py:183} INFO - Processing /usr/local/lib/python3.10/dist-packages/airflow/example_dags/example_python_decorator.py took 0.157 seconds
[2024-03-12T09:40:26.355+0000] {processor.py:161} INFO - Started process (PID=15029) to work on /usr/local/lib/python3.10/dist-packages/airflow/example_dags/example_python_decorator.py
[2024-03-12T09:40:26.357+0000] {processor.py:830} INFO - Processing file /usr/local/lib/python3.10/dist-packages/airflow/example_dags/example_python_decorator.py for tasks to queue
[2024-03-12T09:40:26.358+0000] {logging_mixin.py:188} INFO - [2024-03-12T09:40:26.357+0000] {dagbag.py:540} INFO - Filling up the DagBag from /usr/local/lib/python3.10/dist-packages/airflow/example_dags/example_python_decorator.py
[2024-03-12T09:40:26.368+0000] {logging_mixin.py:188} INFO - [2024-03-12T09:40:26.368+0000] {example_python_decorator.py:79} WARNING - The virtalenv_python example task requires virtualenv, please install it.
[2024-03-12T09:40:26.368+0000] {processor.py:840} INFO - DAG(s) 'example_python_decorator' retrieved from /usr/local/lib/python3.10/dist-packages/airflow/example_dags/example_python_decorator.py
[2024-03-12T09:40:26.393+0000] {logging_mixin.py:188} INFO - [2024-03-12T09:40:26.393+0000] {dag.py:3047} INFO - Sync 1 DAGs
[2024-03-12T09:40:26.410+0000] {logging_mixin.py:188} INFO - [2024-03-12T09:40:26.409+0000] {dag.py:3834} INFO - Setting next_dagrun for example_python_decorator to None, run_after=None
[2024-03-12T09:40:26.447+0000] {processor.py:183} INFO - Processing /usr/local/lib/python3.10/dist-packages/airflow/example_dags/example_python_decorator.py took 0.099 seconds
[2024-03-12T09:41:29.569+0000] {processor.py:161} INFO - Started process (PID=15091) to work on /usr/local/lib/python3.10/dist-packages/airflow/example_dags/example_python_decorator.py
[2024-03-12T09:41:29.571+0000] {processor.py:830} INFO - Processing file /usr/local/lib/python3.10/dist-packages/airflow/example_dags/example_python_decorator.py for tasks to queue
[2024-03-12T09:41:29.572+0000] {logging_mixin.py:188} INFO - [2024-03-12T09:41:29.571+0000] {dagbag.py:540} INFO - Filling up the DagBag from /usr/local/lib/python3.10/dist-packages/airflow/example_dags/example_python_decorator.py
[2024-03-12T09:41:29.587+0000] {logging_mixin.py:188} INFO - [2024-03-12T09:41:29.587+0000] {example_python_decorator.py:79} WARNING - The virtalenv_python example task requires virtualenv, please install it.
[2024-03-12T09:41:29.588+0000] {processor.py:840} INFO - DAG(s) 'example_python_decorator' retrieved from /usr/local/lib/python3.10/dist-packages/airflow/example_dags/example_python_decorator.py
[2024-03-12T09:41:29.619+0000] {logging_mixin.py:188} INFO - [2024-03-12T09:41:29.618+0000] {dag.py:3047} INFO - Sync 1 DAGs
[2024-03-12T09:41:29.638+0000] {logging_mixin.py:188} INFO - [2024-03-12T09:41:29.638+0000] {dag.py:3834} INFO - Setting next_dagrun for example_python_decorator to None, run_after=None
[2024-03-12T09:41:29.668+0000] {processor.py:183} INFO - Processing /usr/local/lib/python3.10/dist-packages/airflow/example_dags/example_python_decorator.py took 0.103 seconds
[2024-03-12T09:42:31.409+0000] {processor.py:161} INFO - Started process (PID=15154) to work on /usr/local/lib/python3.10/dist-packages/airflow/example_dags/example_python_decorator.py
[2024-03-12T09:42:31.411+0000] {processor.py:830} INFO - Processing file /usr/local/lib/python3.10/dist-packages/airflow/example_dags/example_python_decorator.py for tasks to queue
[2024-03-12T09:42:31.412+0000] {logging_mixin.py:188} INFO - [2024-03-12T09:42:31.411+0000] {dagbag.py:540} INFO - Filling up the DagBag from /usr/local/lib/python3.10/dist-packages/airflow/example_dags/example_python_decorator.py
[2024-03-12T09:42:31.423+0000] {logging_mixin.py:188} INFO - [2024-03-12T09:42:31.422+0000] {example_python_decorator.py:79} WARNING - The virtalenv_python example task requires virtualenv, please install it.
[2024-03-12T09:42:31.423+0000] {processor.py:840} INFO - DAG(s) 'example_python_decorator' retrieved from /usr/local/lib/python3.10/dist-packages/airflow/example_dags/example_python_decorator.py
[2024-03-12T09:42:31.445+0000] {logging_mixin.py:188} INFO - [2024-03-12T09:42:31.445+0000] {dag.py:3047} INFO - Sync 1 DAGs
[2024-03-12T09:42:31.461+0000] {logging_mixin.py:188} INFO - [2024-03-12T09:42:31.460+0000] {dag.py:3834} INFO - Setting next_dagrun for example_python_decorator to None, run_after=None
[2024-03-12T09:42:31.494+0000] {processor.py:183} INFO - Processing /usr/local/lib/python3.10/dist-packages/airflow/example_dags/example_python_decorator.py took 0.088 seconds
[2024-03-12T09:43:30.995+0000] {processor.py:161} INFO - Started process (PID=15285) to work on /usr/local/lib/python3.10/dist-packages/airflow/example_dags/example_python_decorator.py
[2024-03-12T09:43:30.997+0000] {processor.py:830} INFO - Processing file /usr/local/lib/python3.10/dist-packages/airflow/example_dags/example_python_decorator.py for tasks to queue
[2024-03-12T09:43:30.999+0000] {logging_mixin.py:188} INFO - [2024-03-12T09:43:30.998+0000] {dagbag.py:540} INFO - Filling up the DagBag from /usr/local/lib/python3.10/dist-packages/airflow/example_dags/example_python_decorator.py
[2024-03-12T09:43:31.020+0000] {logging_mixin.py:188} INFO - [2024-03-12T09:43:31.020+0000] {example_python_decorator.py:79} WARNING - The virtalenv_python example task requires virtualenv, please install it.
[2024-03-12T09:43:31.021+0000] {processor.py:840} INFO - DAG(s) 'example_python_decorator' retrieved from /usr/local/lib/python3.10/dist-packages/airflow/example_dags/example_python_decorator.py
[2024-03-12T09:43:31.059+0000] {logging_mixin.py:188} INFO - [2024-03-12T09:43:31.059+0000] {dag.py:3047} INFO - Sync 1 DAGs
[2024-03-12T09:43:31.074+0000] {logging_mixin.py:188} INFO - [2024-03-12T09:43:31.074+0000] {dag.py:3834} INFO - Setting next_dagrun for example_python_decorator to None, run_after=None
[2024-03-12T09:43:31.109+0000] {processor.py:183} INFO - Processing /usr/local/lib/python3.10/dist-packages/airflow/example_dags/example_python_decorator.py took 0.119 seconds
[2024-03-12T09:44:37.260+0000] {processor.py:161} INFO - Started process (PID=15363) to work on /usr/local/lib/python3.10/dist-packages/airflow/example_dags/example_python_decorator.py
[2024-03-12T09:44:37.263+0000] {processor.py:830} INFO - Processing file /usr/local/lib/python3.10/dist-packages/airflow/example_dags/example_python_decorator.py for tasks to queue
[2024-03-12T09:44:37.266+0000] {logging_mixin.py:188} INFO - [2024-03-12T09:44:37.264+0000] {dagbag.py:540} INFO - Filling up the DagBag from /usr/local/lib/python3.10/dist-packages/airflow/example_dags/example_python_decorator.py
[2024-03-12T09:44:37.285+0000] {logging_mixin.py:188} INFO - [2024-03-12T09:44:37.284+0000] {example_python_decorator.py:79} WARNING - The virtalenv_python example task requires virtualenv, please install it.
[2024-03-12T09:44:37.285+0000] {processor.py:840} INFO - DAG(s) 'example_python_decorator' retrieved from /usr/local/lib/python3.10/dist-packages/airflow/example_dags/example_python_decorator.py
[2024-03-12T09:44:37.317+0000] {logging_mixin.py:188} INFO - [2024-03-12T09:44:37.317+0000] {dag.py:3047} INFO - Sync 1 DAGs
[2024-03-12T09:44:37.330+0000] {logging_mixin.py:188} INFO - [2024-03-12T09:44:37.329+0000] {dag.py:3834} INFO - Setting next_dagrun for example_python_decorator to None, run_after=None
[2024-03-12T09:44:37.356+0000] {processor.py:183} INFO - Processing /usr/local/lib/python3.10/dist-packages/airflow/example_dags/example_python_decorator.py took 0.103 seconds
[2024-03-12T09:45:42.267+0000] {processor.py:161} INFO - Started process (PID=15425) to work on /usr/local/lib/python3.10/dist-packages/airflow/example_dags/example_python_decorator.py
[2024-03-12T09:45:42.269+0000] {processor.py:830} INFO - Processing file /usr/local/lib/python3.10/dist-packages/airflow/example_dags/example_python_decorator.py for tasks to queue
[2024-03-12T09:45:42.270+0000] {logging_mixin.py:188} INFO - [2024-03-12T09:45:42.269+0000] {dagbag.py:540} INFO - Filling up the DagBag from /usr/local/lib/python3.10/dist-packages/airflow/example_dags/example_python_decorator.py
[2024-03-12T09:45:42.293+0000] {logging_mixin.py:188} INFO - [2024-03-12T09:45:42.293+0000] {example_python_decorator.py:79} WARNING - The virtalenv_python example task requires virtualenv, please install it.
[2024-03-12T09:45:42.294+0000] {processor.py:840} INFO - DAG(s) 'example_python_decorator' retrieved from /usr/local/lib/python3.10/dist-packages/airflow/example_dags/example_python_decorator.py
[2024-03-12T09:45:42.323+0000] {logging_mixin.py:188} INFO - [2024-03-12T09:45:42.322+0000] {dag.py:3047} INFO - Sync 1 DAGs
[2024-03-12T09:45:42.358+0000] {logging_mixin.py:188} INFO - [2024-03-12T09:45:42.357+0000] {dag.py:3834} INFO - Setting next_dagrun for example_python_decorator to None, run_after=None
[2024-03-12T09:45:42.401+0000] {processor.py:183} INFO - Processing /usr/local/lib/python3.10/dist-packages/airflow/example_dags/example_python_decorator.py took 0.138 seconds
[2024-03-12T09:46:42.516+0000] {processor.py:161} INFO - Started process (PID=15486) to work on /usr/local/lib/python3.10/dist-packages/airflow/example_dags/example_python_decorator.py
[2024-03-12T09:46:42.518+0000] {processor.py:830} INFO - Processing file /usr/local/lib/python3.10/dist-packages/airflow/example_dags/example_python_decorator.py for tasks to queue
[2024-03-12T09:46:42.521+0000] {logging_mixin.py:188} INFO - [2024-03-12T09:46:42.520+0000] {dagbag.py:540} INFO - Filling up the DagBag from /usr/local/lib/python3.10/dist-packages/airflow/example_dags/example_python_decorator.py
[2024-03-12T09:46:42.543+0000] {logging_mixin.py:188} INFO - [2024-03-12T09:46:42.542+0000] {example_python_decorator.py:79} WARNING - The virtalenv_python example task requires virtualenv, please install it.
[2024-03-12T09:46:42.543+0000] {processor.py:840} INFO - DAG(s) 'example_python_decorator' retrieved from /usr/local/lib/python3.10/dist-packages/airflow/example_dags/example_python_decorator.py
[2024-03-12T09:46:42.572+0000] {logging_mixin.py:188} INFO - [2024-03-12T09:46:42.572+0000] {dag.py:3047} INFO - Sync 1 DAGs
[2024-03-12T09:46:42.589+0000] {logging_mixin.py:188} INFO - [2024-03-12T09:46:42.588+0000] {dag.py:3834} INFO - Setting next_dagrun for example_python_decorator to None, run_after=None
[2024-03-12T09:46:42.660+0000] {processor.py:183} INFO - Processing /usr/local/lib/python3.10/dist-packages/airflow/example_dags/example_python_decorator.py took 0.154 seconds
[2024-03-12T09:47:44.598+0000] {processor.py:161} INFO - Started process (PID=15544) to work on /usr/local/lib/python3.10/dist-packages/airflow/example_dags/example_python_decorator.py
[2024-03-12T09:47:44.601+0000] {processor.py:830} INFO - Processing file /usr/local/lib/python3.10/dist-packages/airflow/example_dags/example_python_decorator.py for tasks to queue
[2024-03-12T09:47:44.604+0000] {logging_mixin.py:188} INFO - [2024-03-12T09:47:44.602+0000] {dagbag.py:540} INFO - Filling up the DagBag from /usr/local/lib/python3.10/dist-packages/airflow/example_dags/example_python_decorator.py
[2024-03-12T09:47:44.620+0000] {logging_mixin.py:188} INFO - [2024-03-12T09:47:44.619+0000] {example_python_decorator.py:79} WARNING - The virtalenv_python example task requires virtualenv, please install it.
[2024-03-12T09:47:44.620+0000] {processor.py:840} INFO - DAG(s) 'example_python_decorator' retrieved from /usr/local/lib/python3.10/dist-packages/airflow/example_dags/example_python_decorator.py
[2024-03-12T09:47:44.653+0000] {logging_mixin.py:188} INFO - [2024-03-12T09:47:44.653+0000] {dag.py:3047} INFO - Sync 1 DAGs
[2024-03-12T09:47:44.670+0000] {logging_mixin.py:188} INFO - [2024-03-12T09:47:44.670+0000] {dag.py:3834} INFO - Setting next_dagrun for example_python_decorator to None, run_after=None
[2024-03-12T09:47:44.716+0000] {processor.py:183} INFO - Processing /usr/local/lib/python3.10/dist-packages/airflow/example_dags/example_python_decorator.py took 0.138 seconds
[2024-03-12T09:48:45.091+0000] {processor.py:161} INFO - Started process (PID=15610) to work on /usr/local/lib/python3.10/dist-packages/airflow/example_dags/example_python_decorator.py
[2024-03-12T09:48:45.092+0000] {processor.py:830} INFO - Processing file /usr/local/lib/python3.10/dist-packages/airflow/example_dags/example_python_decorator.py for tasks to queue
[2024-03-12T09:48:45.093+0000] {logging_mixin.py:188} INFO - [2024-03-12T09:48:45.093+0000] {dagbag.py:540} INFO - Filling up the DagBag from /usr/local/lib/python3.10/dist-packages/airflow/example_dags/example_python_decorator.py
[2024-03-12T09:48:45.107+0000] {logging_mixin.py:188} INFO - [2024-03-12T09:48:45.106+0000] {example_python_decorator.py:79} WARNING - The virtalenv_python example task requires virtualenv, please install it.
[2024-03-12T09:48:45.108+0000] {processor.py:840} INFO - DAG(s) 'example_python_decorator' retrieved from /usr/local/lib/python3.10/dist-packages/airflow/example_dags/example_python_decorator.py
[2024-03-12T09:48:45.133+0000] {logging_mixin.py:188} INFO - [2024-03-12T09:48:45.133+0000] {dag.py:3047} INFO - Sync 1 DAGs
[2024-03-12T09:48:45.146+0000] {logging_mixin.py:188} INFO - [2024-03-12T09:48:45.146+0000] {dag.py:3834} INFO - Setting next_dagrun for example_python_decorator to None, run_after=None
[2024-03-12T09:48:45.171+0000] {processor.py:183} INFO - Processing /usr/local/lib/python3.10/dist-packages/airflow/example_dags/example_python_decorator.py took 0.089 seconds
[2024-03-12T09:49:49.746+0000] {processor.py:161} INFO - Started process (PID=15671) to work on /usr/local/lib/python3.10/dist-packages/airflow/example_dags/example_python_decorator.py
[2024-03-12T09:49:49.747+0000] {processor.py:830} INFO - Processing file /usr/local/lib/python3.10/dist-packages/airflow/example_dags/example_python_decorator.py for tasks to queue
[2024-03-12T09:49:49.748+0000] {logging_mixin.py:188} INFO - [2024-03-12T09:49:49.748+0000] {dagbag.py:540} INFO - Filling up the DagBag from /usr/local/lib/python3.10/dist-packages/airflow/example_dags/example_python_decorator.py
[2024-03-12T09:49:49.757+0000] {logging_mixin.py:188} INFO - [2024-03-12T09:49:49.757+0000] {example_python_decorator.py:79} WARNING - The virtalenv_python example task requires virtualenv, please install it.
[2024-03-12T09:49:49.758+0000] {processor.py:840} INFO - DAG(s) 'example_python_decorator' retrieved from /usr/local/lib/python3.10/dist-packages/airflow/example_dags/example_python_decorator.py
[2024-03-12T09:49:49.782+0000] {logging_mixin.py:188} INFO - [2024-03-12T09:49:49.782+0000] {dag.py:3047} INFO - Sync 1 DAGs
[2024-03-12T09:49:49.797+0000] {logging_mixin.py:188} INFO - [2024-03-12T09:49:49.797+0000] {dag.py:3834} INFO - Setting next_dagrun for example_python_decorator to None, run_after=None
[2024-03-12T09:49:49.823+0000] {processor.py:183} INFO - Processing /usr/local/lib/python3.10/dist-packages/airflow/example_dags/example_python_decorator.py took 0.080 seconds
[2024-03-12T09:50:56.561+0000] {processor.py:161} INFO - Started process (PID=15735) to work on /usr/local/lib/python3.10/dist-packages/airflow/example_dags/example_python_decorator.py
[2024-03-12T09:50:56.564+0000] {processor.py:830} INFO - Processing file /usr/local/lib/python3.10/dist-packages/airflow/example_dags/example_python_decorator.py for tasks to queue
[2024-03-12T09:50:56.567+0000] {logging_mixin.py:188} INFO - [2024-03-12T09:50:56.566+0000] {dagbag.py:540} INFO - Filling up the DagBag from /usr/local/lib/python3.10/dist-packages/airflow/example_dags/example_python_decorator.py
[2024-03-12T09:50:56.584+0000] {logging_mixin.py:188} INFO - [2024-03-12T09:50:56.583+0000] {example_python_decorator.py:79} WARNING - The virtalenv_python example task requires virtualenv, please install it.
[2024-03-12T09:50:56.585+0000] {processor.py:840} INFO - DAG(s) 'example_python_decorator' retrieved from /usr/local/lib/python3.10/dist-packages/airflow/example_dags/example_python_decorator.py
[2024-03-12T09:50:56.628+0000] {logging_mixin.py:188} INFO - [2024-03-12T09:50:56.627+0000] {dag.py:3047} INFO - Sync 1 DAGs
[2024-03-12T09:50:56.657+0000] {logging_mixin.py:188} INFO - [2024-03-12T09:50:56.657+0000] {dag.py:3834} INFO - Setting next_dagrun for example_python_decorator to None, run_after=None
[2024-03-12T09:50:56.703+0000] {processor.py:183} INFO - Processing /usr/local/lib/python3.10/dist-packages/airflow/example_dags/example_python_decorator.py took 0.156 seconds
[2024-03-12T09:52:07.389+0000] {processor.py:161} INFO - Started process (PID=15801) to work on /usr/local/lib/python3.10/dist-packages/airflow/example_dags/example_python_decorator.py
[2024-03-12T09:52:07.392+0000] {processor.py:830} INFO - Processing file /usr/local/lib/python3.10/dist-packages/airflow/example_dags/example_python_decorator.py for tasks to queue
[2024-03-12T09:52:07.394+0000] {logging_mixin.py:188} INFO - [2024-03-12T09:52:07.393+0000] {dagbag.py:540} INFO - Filling up the DagBag from /usr/local/lib/python3.10/dist-packages/airflow/example_dags/example_python_decorator.py
[2024-03-12T09:52:07.413+0000] {logging_mixin.py:188} INFO - [2024-03-12T09:52:07.412+0000] {example_python_decorator.py:79} WARNING - The virtalenv_python example task requires virtualenv, please install it.
[2024-03-12T09:52:07.418+0000] {processor.py:840} INFO - DAG(s) 'example_python_decorator' retrieved from /usr/local/lib/python3.10/dist-packages/airflow/example_dags/example_python_decorator.py
[2024-03-12T09:52:07.466+0000] {logging_mixin.py:188} INFO - [2024-03-12T09:52:07.466+0000] {dag.py:3047} INFO - Sync 1 DAGs
[2024-03-12T09:52:07.493+0000] {logging_mixin.py:188} INFO - [2024-03-12T09:52:07.493+0000] {dag.py:3834} INFO - Setting next_dagrun for example_python_decorator to None, run_after=None
[2024-03-12T09:52:07.536+0000] {processor.py:183} INFO - Processing /usr/local/lib/python3.10/dist-packages/airflow/example_dags/example_python_decorator.py took 0.151 seconds
[2024-03-12T09:53:12.021+0000] {processor.py:161} INFO - Started process (PID=15867) to work on /usr/local/lib/python3.10/dist-packages/airflow/example_dags/example_python_decorator.py
[2024-03-12T09:53:12.023+0000] {processor.py:830} INFO - Processing file /usr/local/lib/python3.10/dist-packages/airflow/example_dags/example_python_decorator.py for tasks to queue
[2024-03-12T09:53:12.024+0000] {logging_mixin.py:188} INFO - [2024-03-12T09:53:12.024+0000] {dagbag.py:540} INFO - Filling up the DagBag from /usr/local/lib/python3.10/dist-packages/airflow/example_dags/example_python_decorator.py
[2024-03-12T09:53:12.036+0000] {logging_mixin.py:188} INFO - [2024-03-12T09:53:12.035+0000] {example_python_decorator.py:79} WARNING - The virtalenv_python example task requires virtualenv, please install it.
[2024-03-12T09:53:12.036+0000] {processor.py:840} INFO - DAG(s) 'example_python_decorator' retrieved from /usr/local/lib/python3.10/dist-packages/airflow/example_dags/example_python_decorator.py
[2024-03-12T09:53:12.055+0000] {logging_mixin.py:188} INFO - [2024-03-12T09:53:12.055+0000] {dag.py:3047} INFO - Sync 1 DAGs
[2024-03-12T09:53:12.066+0000] {logging_mixin.py:188} INFO - [2024-03-12T09:53:12.066+0000] {dag.py:3834} INFO - Setting next_dagrun for example_python_decorator to None, run_after=None
[2024-03-12T09:53:12.090+0000] {processor.py:183} INFO - Processing /usr/local/lib/python3.10/dist-packages/airflow/example_dags/example_python_decorator.py took 0.071 seconds
[2024-03-12T09:54:20.165+0000] {processor.py:161} INFO - Started process (PID=15932) to work on /usr/local/lib/python3.10/dist-packages/airflow/example_dags/example_python_decorator.py
[2024-03-12T09:54:20.167+0000] {processor.py:830} INFO - Processing file /usr/local/lib/python3.10/dist-packages/airflow/example_dags/example_python_decorator.py for tasks to queue
[2024-03-12T09:54:20.168+0000] {logging_mixin.py:188} INFO - [2024-03-12T09:54:20.168+0000] {dagbag.py:540} INFO - Filling up the DagBag from /usr/local/lib/python3.10/dist-packages/airflow/example_dags/example_python_decorator.py
[2024-03-12T09:54:20.180+0000] {logging_mixin.py:188} INFO - [2024-03-12T09:54:20.179+0000] {example_python_decorator.py:79} WARNING - The virtalenv_python example task requires virtualenv, please install it.
[2024-03-12T09:54:20.180+0000] {processor.py:840} INFO - DAG(s) 'example_python_decorator' retrieved from /usr/local/lib/python3.10/dist-packages/airflow/example_dags/example_python_decorator.py
[2024-03-12T09:54:20.202+0000] {logging_mixin.py:188} INFO - [2024-03-12T09:54:20.202+0000] {dag.py:3047} INFO - Sync 1 DAGs
[2024-03-12T09:54:20.217+0000] {logging_mixin.py:188} INFO - [2024-03-12T09:54:20.217+0000] {dag.py:3834} INFO - Setting next_dagrun for example_python_decorator to None, run_after=None
[2024-03-12T09:54:20.254+0000] {processor.py:183} INFO - Processing /usr/local/lib/python3.10/dist-packages/airflow/example_dags/example_python_decorator.py took 0.093 seconds
[2024-03-12T09:55:26.721+0000] {processor.py:161} INFO - Started process (PID=15998) to work on /usr/local/lib/python3.10/dist-packages/airflow/example_dags/example_python_decorator.py
[2024-03-12T09:55:26.727+0000] {processor.py:830} INFO - Processing file /usr/local/lib/python3.10/dist-packages/airflow/example_dags/example_python_decorator.py for tasks to queue
[2024-03-12T09:55:26.728+0000] {logging_mixin.py:188} INFO - [2024-03-12T09:55:26.728+0000] {dagbag.py:540} INFO - Filling up the DagBag from /usr/local/lib/python3.10/dist-packages/airflow/example_dags/example_python_decorator.py
[2024-03-12T09:55:26.752+0000] {logging_mixin.py:188} INFO - [2024-03-12T09:55:26.752+0000] {example_python_decorator.py:79} WARNING - The virtalenv_python example task requires virtualenv, please install it.
[2024-03-12T09:55:26.753+0000] {processor.py:840} INFO - DAG(s) 'example_python_decorator' retrieved from /usr/local/lib/python3.10/dist-packages/airflow/example_dags/example_python_decorator.py
[2024-03-12T09:55:26.779+0000] {logging_mixin.py:188} INFO - [2024-03-12T09:55:26.779+0000] {dag.py:3047} INFO - Sync 1 DAGs
[2024-03-12T09:55:26.792+0000] {logging_mixin.py:188} INFO - [2024-03-12T09:55:26.792+0000] {dag.py:3834} INFO - Setting next_dagrun for example_python_decorator to None, run_after=None
[2024-03-12T09:55:26.830+0000] {processor.py:183} INFO - Processing /usr/local/lib/python3.10/dist-packages/airflow/example_dags/example_python_decorator.py took 0.119 seconds
[2024-03-12T09:56:33.374+0000] {processor.py:161} INFO - Started process (PID=16062) to work on /usr/local/lib/python3.10/dist-packages/airflow/example_dags/example_python_decorator.py
[2024-03-12T09:56:33.375+0000] {processor.py:830} INFO - Processing file /usr/local/lib/python3.10/dist-packages/airflow/example_dags/example_python_decorator.py for tasks to queue
[2024-03-12T09:56:33.377+0000] {logging_mixin.py:188} INFO - [2024-03-12T09:56:33.376+0000] {dagbag.py:540} INFO - Filling up the DagBag from /usr/local/lib/python3.10/dist-packages/airflow/example_dags/example_python_decorator.py
[2024-03-12T09:56:33.398+0000] {logging_mixin.py:188} INFO - [2024-03-12T09:56:33.397+0000] {example_python_decorator.py:79} WARNING - The virtalenv_python example task requires virtualenv, please install it.
[2024-03-12T09:56:33.399+0000] {processor.py:840} INFO - DAG(s) 'example_python_decorator' retrieved from /usr/local/lib/python3.10/dist-packages/airflow/example_dags/example_python_decorator.py
[2024-03-12T09:56:33.425+0000] {logging_mixin.py:188} INFO - [2024-03-12T09:56:33.424+0000] {dag.py:3047} INFO - Sync 1 DAGs
[2024-03-12T09:56:33.449+0000] {logging_mixin.py:188} INFO - [2024-03-12T09:56:33.449+0000] {dag.py:3834} INFO - Setting next_dagrun for example_python_decorator to None, run_after=None
[2024-03-12T09:56:33.492+0000] {processor.py:183} INFO - Processing /usr/local/lib/python3.10/dist-packages/airflow/example_dags/example_python_decorator.py took 0.123 seconds
[2024-03-12T09:57:40.348+0000] {processor.py:161} INFO - Started process (PID=16126) to work on /usr/local/lib/python3.10/dist-packages/airflow/example_dags/example_python_decorator.py
[2024-03-12T09:57:40.350+0000] {processor.py:830} INFO - Processing file /usr/local/lib/python3.10/dist-packages/airflow/example_dags/example_python_decorator.py for tasks to queue
[2024-03-12T09:57:40.356+0000] {logging_mixin.py:188} INFO - [2024-03-12T09:57:40.354+0000] {dagbag.py:540} INFO - Filling up the DagBag from /usr/local/lib/python3.10/dist-packages/airflow/example_dags/example_python_decorator.py
[2024-03-12T09:57:40.383+0000] {logging_mixin.py:188} INFO - [2024-03-12T09:57:40.380+0000] {example_python_decorator.py:79} WARNING - The virtalenv_python example task requires virtualenv, please install it.
[2024-03-12T09:57:40.384+0000] {processor.py:840} INFO - DAG(s) 'example_python_decorator' retrieved from /usr/local/lib/python3.10/dist-packages/airflow/example_dags/example_python_decorator.py
[2024-03-12T09:57:40.409+0000] {logging_mixin.py:188} INFO - [2024-03-12T09:57:40.408+0000] {dag.py:3047} INFO - Sync 1 DAGs
[2024-03-12T09:57:40.428+0000] {logging_mixin.py:188} INFO - [2024-03-12T09:57:40.427+0000] {dag.py:3834} INFO - Setting next_dagrun for example_python_decorator to None, run_after=None
[2024-03-12T09:57:40.486+0000] {processor.py:183} INFO - Processing /usr/local/lib/python3.10/dist-packages/airflow/example_dags/example_python_decorator.py took 0.143 seconds
[2024-03-12T09:58:42.727+0000] {processor.py:161} INFO - Started process (PID=16199) to work on /usr/local/lib/python3.10/dist-packages/airflow/example_dags/example_python_decorator.py
[2024-03-12T09:58:42.729+0000] {processor.py:830} INFO - Processing file /usr/local/lib/python3.10/dist-packages/airflow/example_dags/example_python_decorator.py for tasks to queue
[2024-03-12T09:58:42.730+0000] {logging_mixin.py:188} INFO - [2024-03-12T09:58:42.729+0000] {dagbag.py:540} INFO - Filling up the DagBag from /usr/local/lib/python3.10/dist-packages/airflow/example_dags/example_python_decorator.py
[2024-03-12T09:58:42.744+0000] {logging_mixin.py:188} INFO - [2024-03-12T09:58:42.743+0000] {example_python_decorator.py:79} WARNING - The virtalenv_python example task requires virtualenv, please install it.
[2024-03-12T09:58:42.744+0000] {processor.py:840} INFO - DAG(s) 'example_python_decorator' retrieved from /usr/local/lib/python3.10/dist-packages/airflow/example_dags/example_python_decorator.py
[2024-03-12T09:58:42.792+0000] {logging_mixin.py:188} INFO - [2024-03-12T09:58:42.792+0000] {dag.py:3047} INFO - Sync 1 DAGs
[2024-03-12T09:58:42.807+0000] {logging_mixin.py:188} INFO - [2024-03-12T09:58:42.806+0000] {dag.py:3834} INFO - Setting next_dagrun for example_python_decorator to None, run_after=None
[2024-03-12T09:58:42.833+0000] {processor.py:183} INFO - Processing /usr/local/lib/python3.10/dist-packages/airflow/example_dags/example_python_decorator.py took 0.110 seconds
[2024-03-12T09:59:48.070+0000] {processor.py:161} INFO - Started process (PID=16269) to work on /usr/local/lib/python3.10/dist-packages/airflow/example_dags/example_python_decorator.py
[2024-03-12T09:59:48.073+0000] {processor.py:830} INFO - Processing file /usr/local/lib/python3.10/dist-packages/airflow/example_dags/example_python_decorator.py for tasks to queue
[2024-03-12T09:59:48.074+0000] {logging_mixin.py:188} INFO - [2024-03-12T09:59:48.074+0000] {dagbag.py:540} INFO - Filling up the DagBag from /usr/local/lib/python3.10/dist-packages/airflow/example_dags/example_python_decorator.py
[2024-03-12T09:59:48.087+0000] {logging_mixin.py:188} INFO - [2024-03-12T09:59:48.087+0000] {example_python_decorator.py:79} WARNING - The virtalenv_python example task requires virtualenv, please install it.
[2024-03-12T09:59:48.088+0000] {processor.py:840} INFO - DAG(s) 'example_python_decorator' retrieved from /usr/local/lib/python3.10/dist-packages/airflow/example_dags/example_python_decorator.py
[2024-03-12T09:59:48.112+0000] {logging_mixin.py:188} INFO - [2024-03-12T09:59:48.111+0000] {dag.py:3047} INFO - Sync 1 DAGs
[2024-03-12T09:59:48.126+0000] {logging_mixin.py:188} INFO - [2024-03-12T09:59:48.125+0000] {dag.py:3834} INFO - Setting next_dagrun for example_python_decorator to None, run_after=None
[2024-03-12T09:59:48.157+0000] {processor.py:183} INFO - Processing /usr/local/lib/python3.10/dist-packages/airflow/example_dags/example_python_decorator.py took 0.091 seconds
[2024-03-12T10:00:50.205+0000] {processor.py:161} INFO - Started process (PID=16335) to work on /usr/local/lib/python3.10/dist-packages/airflow/example_dags/example_python_decorator.py
[2024-03-12T10:00:50.207+0000] {processor.py:830} INFO - Processing file /usr/local/lib/python3.10/dist-packages/airflow/example_dags/example_python_decorator.py for tasks to queue
[2024-03-12T10:00:50.208+0000] {logging_mixin.py:188} INFO - [2024-03-12T10:00:50.208+0000] {dagbag.py:540} INFO - Filling up the DagBag from /usr/local/lib/python3.10/dist-packages/airflow/example_dags/example_python_decorator.py
[2024-03-12T10:00:50.234+0000] {logging_mixin.py:188} INFO - [2024-03-12T10:00:50.234+0000] {example_python_decorator.py:79} WARNING - The virtalenv_python example task requires virtualenv, please install it.
[2024-03-12T10:00:50.237+0000] {processor.py:840} INFO - DAG(s) 'example_python_decorator' retrieved from /usr/local/lib/python3.10/dist-packages/airflow/example_dags/example_python_decorator.py
[2024-03-12T10:00:50.259+0000] {logging_mixin.py:188} INFO - [2024-03-12T10:00:50.259+0000] {dag.py:3047} INFO - Sync 1 DAGs
[2024-03-12T10:00:50.272+0000] {logging_mixin.py:188} INFO - [2024-03-12T10:00:50.272+0000] {dag.py:3834} INFO - Setting next_dagrun for example_python_decorator to None, run_after=None
[2024-03-12T10:00:50.298+0000] {processor.py:183} INFO - Processing /usr/local/lib/python3.10/dist-packages/airflow/example_dags/example_python_decorator.py took 0.098 seconds
[2024-03-12T10:01:53.366+0000] {processor.py:161} INFO - Started process (PID=16404) to work on /usr/local/lib/python3.10/dist-packages/airflow/example_dags/example_python_decorator.py
[2024-03-12T10:01:53.367+0000] {processor.py:830} INFO - Processing file /usr/local/lib/python3.10/dist-packages/airflow/example_dags/example_python_decorator.py for tasks to queue
[2024-03-12T10:01:53.371+0000] {logging_mixin.py:188} INFO - [2024-03-12T10:01:53.370+0000] {dagbag.py:540} INFO - Filling up the DagBag from /usr/local/lib/python3.10/dist-packages/airflow/example_dags/example_python_decorator.py
[2024-03-12T10:01:53.384+0000] {logging_mixin.py:188} INFO - [2024-03-12T10:01:53.384+0000] {example_python_decorator.py:79} WARNING - The virtalenv_python example task requires virtualenv, please install it.
[2024-03-12T10:01:53.385+0000] {processor.py:840} INFO - DAG(s) 'example_python_decorator' retrieved from /usr/local/lib/python3.10/dist-packages/airflow/example_dags/example_python_decorator.py
[2024-03-12T10:01:53.405+0000] {logging_mixin.py:188} INFO - [2024-03-12T10:01:53.405+0000] {dag.py:3047} INFO - Sync 1 DAGs
[2024-03-12T10:01:53.420+0000] {logging_mixin.py:188} INFO - [2024-03-12T10:01:53.420+0000] {dag.py:3834} INFO - Setting next_dagrun for example_python_decorator to None, run_after=None
[2024-03-12T10:01:53.448+0000] {processor.py:183} INFO - Processing /usr/local/lib/python3.10/dist-packages/airflow/example_dags/example_python_decorator.py took 0.086 seconds
[2024-03-12T10:02:55.567+0000] {processor.py:161} INFO - Started process (PID=16470) to work on /usr/local/lib/python3.10/dist-packages/airflow/example_dags/example_python_decorator.py
[2024-03-12T10:02:55.574+0000] {processor.py:830} INFO - Processing file /usr/local/lib/python3.10/dist-packages/airflow/example_dags/example_python_decorator.py for tasks to queue
[2024-03-12T10:02:55.577+0000] {logging_mixin.py:188} INFO - [2024-03-12T10:02:55.575+0000] {dagbag.py:540} INFO - Filling up the DagBag from /usr/local/lib/python3.10/dist-packages/airflow/example_dags/example_python_decorator.py
[2024-03-12T10:02:55.597+0000] {logging_mixin.py:188} INFO - [2024-03-12T10:02:55.597+0000] {example_python_decorator.py:79} WARNING - The virtalenv_python example task requires virtualenv, please install it.
[2024-03-12T10:02:55.598+0000] {processor.py:840} INFO - DAG(s) 'example_python_decorator' retrieved from /usr/local/lib/python3.10/dist-packages/airflow/example_dags/example_python_decorator.py
[2024-03-12T10:02:55.632+0000] {logging_mixin.py:188} INFO - [2024-03-12T10:02:55.631+0000] {dag.py:3047} INFO - Sync 1 DAGs
[2024-03-12T10:02:55.648+0000] {logging_mixin.py:188} INFO - [2024-03-12T10:02:55.648+0000] {dag.py:3834} INFO - Setting next_dagrun for example_python_decorator to None, run_after=None
[2024-03-12T10:02:55.695+0000] {processor.py:183} INFO - Processing /usr/local/lib/python3.10/dist-packages/airflow/example_dags/example_python_decorator.py took 0.135 seconds
[2024-03-12T10:03:57.990+0000] {processor.py:161} INFO - Started process (PID=16531) to work on /usr/local/lib/python3.10/dist-packages/airflow/example_dags/example_python_decorator.py
[2024-03-12T10:03:57.992+0000] {processor.py:830} INFO - Processing file /usr/local/lib/python3.10/dist-packages/airflow/example_dags/example_python_decorator.py for tasks to queue
[2024-03-12T10:03:57.993+0000] {logging_mixin.py:188} INFO - [2024-03-12T10:03:57.992+0000] {dagbag.py:540} INFO - Filling up the DagBag from /usr/local/lib/python3.10/dist-packages/airflow/example_dags/example_python_decorator.py
[2024-03-12T10:03:58.021+0000] {logging_mixin.py:188} INFO - [2024-03-12T10:03:58.021+0000] {example_python_decorator.py:79} WARNING - The virtalenv_python example task requires virtualenv, please install it.
[2024-03-12T10:03:58.021+0000] {processor.py:840} INFO - DAG(s) 'example_python_decorator' retrieved from /usr/local/lib/python3.10/dist-packages/airflow/example_dags/example_python_decorator.py
[2024-03-12T10:03:58.047+0000] {logging_mixin.py:188} INFO - [2024-03-12T10:03:58.046+0000] {dag.py:3047} INFO - Sync 1 DAGs
[2024-03-12T10:03:58.063+0000] {logging_mixin.py:188} INFO - [2024-03-12T10:03:58.063+0000] {dag.py:3834} INFO - Setting next_dagrun for example_python_decorator to None, run_after=None
[2024-03-12T10:03:58.098+0000] {processor.py:183} INFO - Processing /usr/local/lib/python3.10/dist-packages/airflow/example_dags/example_python_decorator.py took 0.114 seconds
[2024-03-12T10:04:57.873+0000] {processor.py:161} INFO - Started process (PID=16594) to work on /usr/local/lib/python3.10/dist-packages/airflow/example_dags/example_python_decorator.py
[2024-03-12T10:04:57.875+0000] {processor.py:830} INFO - Processing file /usr/local/lib/python3.10/dist-packages/airflow/example_dags/example_python_decorator.py for tasks to queue
[2024-03-12T10:04:57.876+0000] {logging_mixin.py:188} INFO - [2024-03-12T10:04:57.876+0000] {dagbag.py:540} INFO - Filling up the DagBag from /usr/local/lib/python3.10/dist-packages/airflow/example_dags/example_python_decorator.py
[2024-03-12T10:04:57.889+0000] {logging_mixin.py:188} INFO - [2024-03-12T10:04:57.888+0000] {example_python_decorator.py:79} WARNING - The virtalenv_python example task requires virtualenv, please install it.
[2024-03-12T10:04:57.890+0000] {processor.py:840} INFO - DAG(s) 'example_python_decorator' retrieved from /usr/local/lib/python3.10/dist-packages/airflow/example_dags/example_python_decorator.py
[2024-03-12T10:04:57.911+0000] {logging_mixin.py:188} INFO - [2024-03-12T10:04:57.911+0000] {dag.py:3047} INFO - Sync 1 DAGs
[2024-03-12T10:04:57.927+0000] {logging_mixin.py:188} INFO - [2024-03-12T10:04:57.926+0000] {dag.py:3834} INFO - Setting next_dagrun for example_python_decorator to None, run_after=None
[2024-03-12T10:04:57.954+0000] {processor.py:183} INFO - Processing /usr/local/lib/python3.10/dist-packages/airflow/example_dags/example_python_decorator.py took 0.084 seconds
