[2024-03-12T09:22:55.800+0000] {processor.py:161} INFO - Started process (PID=14018) to work on /usr/local/lib/python3.10/dist-packages/airflow/example_dags/example_setup_teardown_taskflow.py
[2024-03-12T09:22:55.801+0000] {processor.py:830} INFO - Processing file /usr/local/lib/python3.10/dist-packages/airflow/example_dags/example_setup_teardown_taskflow.py for tasks to queue
[2024-03-12T09:22:55.802+0000] {logging_mixin.py:188} INFO - [2024-03-12T09:22:55.802+0000] {dagbag.py:540} INFO - Filling up the DagBag from /usr/local/lib/python3.10/dist-packages/airflow/example_dags/example_setup_teardown_taskflow.py
[2024-03-12T09:22:55.813+0000] {processor.py:840} INFO - DAG(s) 'example_setup_teardown_taskflow' retrieved from /usr/local/lib/python3.10/dist-packages/airflow/example_dags/example_setup_teardown_taskflow.py
[2024-03-12T09:22:55.917+0000] {logging_mixin.py:188} INFO - [2024-03-12T09:22:55.917+0000] {dag.py:3047} INFO - Sync 1 DAGs
[2024-03-12T09:22:56.063+0000] {logging_mixin.py:188} INFO - [2024-03-12T09:22:56.063+0000] {dag.py:3834} INFO - Setting next_dagrun for example_setup_teardown_taskflow to 2024-03-11 00:00:00+00:00, run_after=2024-03-12 00:00:00+00:00
[2024-03-12T09:22:56.088+0000] {processor.py:183} INFO - Processing /usr/local/lib/python3.10/dist-packages/airflow/example_dags/example_setup_teardown_taskflow.py took 0.292 seconds
[2024-03-12T09:23:58.429+0000] {processor.py:161} INFO - Started process (PID=14073) to work on /usr/local/lib/python3.10/dist-packages/airflow/example_dags/example_setup_teardown_taskflow.py
[2024-03-12T09:23:58.431+0000] {processor.py:830} INFO - Processing file /usr/local/lib/python3.10/dist-packages/airflow/example_dags/example_setup_teardown_taskflow.py for tasks to queue
[2024-03-12T09:23:58.432+0000] {logging_mixin.py:188} INFO - [2024-03-12T09:23:58.432+0000] {dagbag.py:540} INFO - Filling up the DagBag from /usr/local/lib/python3.10/dist-packages/airflow/example_dags/example_setup_teardown_taskflow.py
[2024-03-12T09:23:58.445+0000] {processor.py:840} INFO - DAG(s) 'example_setup_teardown_taskflow' retrieved from /usr/local/lib/python3.10/dist-packages/airflow/example_dags/example_setup_teardown_taskflow.py
[2024-03-12T09:23:58.470+0000] {logging_mixin.py:188} INFO - [2024-03-12T09:23:58.469+0000] {dag.py:3047} INFO - Sync 1 DAGs
[2024-03-12T09:23:58.504+0000] {logging_mixin.py:188} INFO - [2024-03-12T09:23:58.504+0000] {dag.py:3834} INFO - Setting next_dagrun for example_setup_teardown_taskflow to 2024-03-11 00:00:00+00:00, run_after=2024-03-12 00:00:00+00:00
[2024-03-12T09:23:58.540+0000] {processor.py:183} INFO - Processing /usr/local/lib/python3.10/dist-packages/airflow/example_dags/example_setup_teardown_taskflow.py took 0.115 seconds
[2024-03-12T09:24:51.664+0000] {processor.py:161} INFO - Started process (PID=14122) to work on /usr/local/lib/python3.10/dist-packages/airflow/example_dags/example_setup_teardown_taskflow.py
[2024-03-12T09:24:51.667+0000] {processor.py:830} INFO - Processing file /usr/local/lib/python3.10/dist-packages/airflow/example_dags/example_setup_teardown_taskflow.py for tasks to queue
[2024-03-12T09:24:51.669+0000] {logging_mixin.py:188} INFO - [2024-03-12T09:24:51.668+0000] {dagbag.py:540} INFO - Filling up the DagBag from /usr/local/lib/python3.10/dist-packages/airflow/example_dags/example_setup_teardown_taskflow.py
[2024-03-12T09:24:51.686+0000] {processor.py:840} INFO - DAG(s) 'example_setup_teardown_taskflow' retrieved from /usr/local/lib/python3.10/dist-packages/airflow/example_dags/example_setup_teardown_taskflow.py
[2024-03-12T09:24:51.961+0000] {logging_mixin.py:188} INFO - [2024-03-12T09:24:51.960+0000] {dag.py:3047} INFO - Sync 1 DAGs
[2024-03-12T09:24:51.993+0000] {logging_mixin.py:188} INFO - [2024-03-12T09:24:51.993+0000] {dag.py:3834} INFO - Setting next_dagrun for example_setup_teardown_taskflow to 2024-03-11 00:00:00+00:00, run_after=2024-03-12 00:00:00+00:00
[2024-03-12T09:24:52.079+0000] {processor.py:183} INFO - Processing /usr/local/lib/python3.10/dist-packages/airflow/example_dags/example_setup_teardown_taskflow.py took 0.420 seconds
[2024-03-12T09:25:45.475+0000] {processor.py:161} INFO - Started process (PID=14171) to work on /usr/local/lib/python3.10/dist-packages/airflow/example_dags/example_setup_teardown_taskflow.py
[2024-03-12T09:25:45.477+0000] {processor.py:830} INFO - Processing file /usr/local/lib/python3.10/dist-packages/airflow/example_dags/example_setup_teardown_taskflow.py for tasks to queue
[2024-03-12T09:25:45.478+0000] {logging_mixin.py:188} INFO - [2024-03-12T09:25:45.478+0000] {dagbag.py:540} INFO - Filling up the DagBag from /usr/local/lib/python3.10/dist-packages/airflow/example_dags/example_setup_teardown_taskflow.py
[2024-03-12T09:25:45.504+0000] {processor.py:840} INFO - DAG(s) 'example_setup_teardown_taskflow' retrieved from /usr/local/lib/python3.10/dist-packages/airflow/example_dags/example_setup_teardown_taskflow.py
[2024-03-12T09:25:45.533+0000] {logging_mixin.py:188} INFO - [2024-03-12T09:25:45.533+0000] {dag.py:3047} INFO - Sync 1 DAGs
[2024-03-12T09:25:45.564+0000] {logging_mixin.py:188} INFO - [2024-03-12T09:25:45.563+0000] {dag.py:3834} INFO - Setting next_dagrun for example_setup_teardown_taskflow to 2024-03-11 00:00:00+00:00, run_after=2024-03-12 00:00:00+00:00
[2024-03-12T09:25:45.596+0000] {processor.py:183} INFO - Processing /usr/local/lib/python3.10/dist-packages/airflow/example_dags/example_setup_teardown_taskflow.py took 0.125 seconds
[2024-03-12T09:26:43.410+0000] {processor.py:161} INFO - Started process (PID=14230) to work on /usr/local/lib/python3.10/dist-packages/airflow/example_dags/example_setup_teardown_taskflow.py
[2024-03-12T09:26:43.412+0000] {processor.py:830} INFO - Processing file /usr/local/lib/python3.10/dist-packages/airflow/example_dags/example_setup_teardown_taskflow.py for tasks to queue
[2024-03-12T09:26:43.413+0000] {logging_mixin.py:188} INFO - [2024-03-12T09:26:43.413+0000] {dagbag.py:540} INFO - Filling up the DagBag from /usr/local/lib/python3.10/dist-packages/airflow/example_dags/example_setup_teardown_taskflow.py
[2024-03-12T09:26:43.426+0000] {processor.py:840} INFO - DAG(s) 'example_setup_teardown_taskflow' retrieved from /usr/local/lib/python3.10/dist-packages/airflow/example_dags/example_setup_teardown_taskflow.py
[2024-03-12T09:26:43.460+0000] {logging_mixin.py:188} INFO - [2024-03-12T09:26:43.460+0000] {dag.py:3047} INFO - Sync 1 DAGs
[2024-03-12T09:26:43.493+0000] {logging_mixin.py:188} INFO - [2024-03-12T09:26:43.492+0000] {dag.py:3834} INFO - Setting next_dagrun for example_setup_teardown_taskflow to 2024-03-11 00:00:00+00:00, run_after=2024-03-12 00:00:00+00:00
[2024-03-12T09:26:43.537+0000] {processor.py:183} INFO - Processing /usr/local/lib/python3.10/dist-packages/airflow/example_dags/example_setup_teardown_taskflow.py took 0.131 seconds
[2024-03-12T09:27:48.402+0000] {processor.py:161} INFO - Started process (PID=14294) to work on /usr/local/lib/python3.10/dist-packages/airflow/example_dags/example_setup_teardown_taskflow.py
[2024-03-12T09:27:48.406+0000] {processor.py:830} INFO - Processing file /usr/local/lib/python3.10/dist-packages/airflow/example_dags/example_setup_teardown_taskflow.py for tasks to queue
[2024-03-12T09:27:48.408+0000] {logging_mixin.py:188} INFO - [2024-03-12T09:27:48.406+0000] {dagbag.py:540} INFO - Filling up the DagBag from /usr/local/lib/python3.10/dist-packages/airflow/example_dags/example_setup_teardown_taskflow.py
[2024-03-12T09:27:48.436+0000] {processor.py:840} INFO - DAG(s) 'example_setup_teardown_taskflow' retrieved from /usr/local/lib/python3.10/dist-packages/airflow/example_dags/example_setup_teardown_taskflow.py
[2024-03-12T09:27:48.481+0000] {logging_mixin.py:188} INFO - [2024-03-12T09:27:48.480+0000] {dag.py:3047} INFO - Sync 1 DAGs
[2024-03-12T09:27:48.543+0000] {logging_mixin.py:188} INFO - [2024-03-12T09:27:48.543+0000] {dag.py:3834} INFO - Setting next_dagrun for example_setup_teardown_taskflow to 2024-03-11 00:00:00+00:00, run_after=2024-03-12 00:00:00+00:00
[2024-03-12T09:27:48.596+0000] {processor.py:183} INFO - Processing /usr/local/lib/python3.10/dist-packages/airflow/example_dags/example_setup_teardown_taskflow.py took 0.202 seconds
[2024-03-12T09:28:47.340+0000] {processor.py:161} INFO - Started process (PID=14353) to work on /usr/local/lib/python3.10/dist-packages/airflow/example_dags/example_setup_teardown_taskflow.py
[2024-03-12T09:28:47.343+0000] {processor.py:830} INFO - Processing file /usr/local/lib/python3.10/dist-packages/airflow/example_dags/example_setup_teardown_taskflow.py for tasks to queue
[2024-03-12T09:28:47.345+0000] {logging_mixin.py:188} INFO - [2024-03-12T09:28:47.344+0000] {dagbag.py:540} INFO - Filling up the DagBag from /usr/local/lib/python3.10/dist-packages/airflow/example_dags/example_setup_teardown_taskflow.py
[2024-03-12T09:28:47.358+0000] {processor.py:840} INFO - DAG(s) 'example_setup_teardown_taskflow' retrieved from /usr/local/lib/python3.10/dist-packages/airflow/example_dags/example_setup_teardown_taskflow.py
[2024-03-12T09:28:47.377+0000] {logging_mixin.py:188} INFO - [2024-03-12T09:28:47.377+0000] {dag.py:3047} INFO - Sync 1 DAGs
[2024-03-12T09:28:47.401+0000] {logging_mixin.py:188} INFO - [2024-03-12T09:28:47.400+0000] {dag.py:3834} INFO - Setting next_dagrun for example_setup_teardown_taskflow to 2024-03-11 00:00:00+00:00, run_after=2024-03-12 00:00:00+00:00
[2024-03-12T09:28:47.434+0000] {processor.py:183} INFO - Processing /usr/local/lib/python3.10/dist-packages/airflow/example_dags/example_setup_teardown_taskflow.py took 0.097 seconds
[2024-03-12T09:29:48.076+0000] {processor.py:161} INFO - Started process (PID=14413) to work on /usr/local/lib/python3.10/dist-packages/airflow/example_dags/example_setup_teardown_taskflow.py
[2024-03-12T09:29:48.078+0000] {processor.py:830} INFO - Processing file /usr/local/lib/python3.10/dist-packages/airflow/example_dags/example_setup_teardown_taskflow.py for tasks to queue
[2024-03-12T09:29:48.079+0000] {logging_mixin.py:188} INFO - [2024-03-12T09:29:48.079+0000] {dagbag.py:540} INFO - Filling up the DagBag from /usr/local/lib/python3.10/dist-packages/airflow/example_dags/example_setup_teardown_taskflow.py
[2024-03-12T09:29:48.100+0000] {processor.py:840} INFO - DAG(s) 'example_setup_teardown_taskflow' retrieved from /usr/local/lib/python3.10/dist-packages/airflow/example_dags/example_setup_teardown_taskflow.py
[2024-03-12T09:29:48.128+0000] {logging_mixin.py:188} INFO - [2024-03-12T09:29:48.128+0000] {dag.py:3047} INFO - Sync 1 DAGs
[2024-03-12T09:29:48.159+0000] {logging_mixin.py:188} INFO - [2024-03-12T09:29:48.159+0000] {dag.py:3834} INFO - Setting next_dagrun for example_setup_teardown_taskflow to 2024-03-11 00:00:00+00:00, run_after=2024-03-12 00:00:00+00:00
[2024-03-12T09:29:48.184+0000] {processor.py:183} INFO - Processing /usr/local/lib/python3.10/dist-packages/airflow/example_dags/example_setup_teardown_taskflow.py took 0.116 seconds
[2024-03-12T09:30:49.404+0000] {processor.py:161} INFO - Started process (PID=14473) to work on /usr/local/lib/python3.10/dist-packages/airflow/example_dags/example_setup_teardown_taskflow.py
[2024-03-12T09:30:49.406+0000] {processor.py:830} INFO - Processing file /usr/local/lib/python3.10/dist-packages/airflow/example_dags/example_setup_teardown_taskflow.py for tasks to queue
[2024-03-12T09:30:49.407+0000] {logging_mixin.py:188} INFO - [2024-03-12T09:30:49.406+0000] {dagbag.py:540} INFO - Filling up the DagBag from /usr/local/lib/python3.10/dist-packages/airflow/example_dags/example_setup_teardown_taskflow.py
[2024-03-12T09:30:49.420+0000] {processor.py:840} INFO - DAG(s) 'example_setup_teardown_taskflow' retrieved from /usr/local/lib/python3.10/dist-packages/airflow/example_dags/example_setup_teardown_taskflow.py
[2024-03-12T09:30:49.441+0000] {logging_mixin.py:188} INFO - [2024-03-12T09:30:49.441+0000] {dag.py:3047} INFO - Sync 1 DAGs
[2024-03-12T09:30:49.469+0000] {logging_mixin.py:188} INFO - [2024-03-12T09:30:49.469+0000] {dag.py:3834} INFO - Setting next_dagrun for example_setup_teardown_taskflow to 2024-03-11 00:00:00+00:00, run_after=2024-03-12 00:00:00+00:00
[2024-03-12T09:30:49.525+0000] {processor.py:183} INFO - Processing /usr/local/lib/python3.10/dist-packages/airflow/example_dags/example_setup_teardown_taskflow.py took 0.125 seconds
[2024-03-12T09:31:53.388+0000] {processor.py:161} INFO - Started process (PID=14534) to work on /usr/local/lib/python3.10/dist-packages/airflow/example_dags/example_setup_teardown_taskflow.py
[2024-03-12T09:31:53.390+0000] {processor.py:830} INFO - Processing file /usr/local/lib/python3.10/dist-packages/airflow/example_dags/example_setup_teardown_taskflow.py for tasks to queue
[2024-03-12T09:31:53.391+0000] {logging_mixin.py:188} INFO - [2024-03-12T09:31:53.390+0000] {dagbag.py:540} INFO - Filling up the DagBag from /usr/local/lib/python3.10/dist-packages/airflow/example_dags/example_setup_teardown_taskflow.py
[2024-03-12T09:31:53.402+0000] {processor.py:840} INFO - DAG(s) 'example_setup_teardown_taskflow' retrieved from /usr/local/lib/python3.10/dist-packages/airflow/example_dags/example_setup_teardown_taskflow.py
[2024-03-12T09:31:53.447+0000] {logging_mixin.py:188} INFO - [2024-03-12T09:31:53.447+0000] {dag.py:3047} INFO - Sync 1 DAGs
[2024-03-12T09:31:53.478+0000] {logging_mixin.py:188} INFO - [2024-03-12T09:31:53.478+0000] {dag.py:3834} INFO - Setting next_dagrun for example_setup_teardown_taskflow to 2024-03-11 00:00:00+00:00, run_after=2024-03-12 00:00:00+00:00
[2024-03-12T09:31:53.514+0000] {processor.py:183} INFO - Processing /usr/local/lib/python3.10/dist-packages/airflow/example_dags/example_setup_teardown_taskflow.py took 0.129 seconds
[2024-03-12T09:32:59.157+0000] {processor.py:161} INFO - Started process (PID=14597) to work on /usr/local/lib/python3.10/dist-packages/airflow/example_dags/example_setup_teardown_taskflow.py
[2024-03-12T09:32:59.159+0000] {processor.py:830} INFO - Processing file /usr/local/lib/python3.10/dist-packages/airflow/example_dags/example_setup_teardown_taskflow.py for tasks to queue
[2024-03-12T09:32:59.161+0000] {logging_mixin.py:188} INFO - [2024-03-12T09:32:59.160+0000] {dagbag.py:540} INFO - Filling up the DagBag from /usr/local/lib/python3.10/dist-packages/airflow/example_dags/example_setup_teardown_taskflow.py
[2024-03-12T09:32:59.178+0000] {processor.py:840} INFO - DAG(s) 'example_setup_teardown_taskflow' retrieved from /usr/local/lib/python3.10/dist-packages/airflow/example_dags/example_setup_teardown_taskflow.py
[2024-03-12T09:32:59.201+0000] {logging_mixin.py:188} INFO - [2024-03-12T09:32:59.201+0000] {dag.py:3047} INFO - Sync 1 DAGs
[2024-03-12T09:32:59.232+0000] {logging_mixin.py:188} INFO - [2024-03-12T09:32:59.232+0000] {dag.py:3834} INFO - Setting next_dagrun for example_setup_teardown_taskflow to 2024-03-11 00:00:00+00:00, run_after=2024-03-12 00:00:00+00:00
[2024-03-12T09:32:59.261+0000] {processor.py:183} INFO - Processing /usr/local/lib/python3.10/dist-packages/airflow/example_dags/example_setup_teardown_taskflow.py took 0.110 seconds
[2024-03-12T09:34:04.487+0000] {processor.py:161} INFO - Started process (PID=14661) to work on /usr/local/lib/python3.10/dist-packages/airflow/example_dags/example_setup_teardown_taskflow.py
[2024-03-12T09:34:04.489+0000] {processor.py:830} INFO - Processing file /usr/local/lib/python3.10/dist-packages/airflow/example_dags/example_setup_teardown_taskflow.py for tasks to queue
[2024-03-12T09:34:04.490+0000] {logging_mixin.py:188} INFO - [2024-03-12T09:34:04.490+0000] {dagbag.py:540} INFO - Filling up the DagBag from /usr/local/lib/python3.10/dist-packages/airflow/example_dags/example_setup_teardown_taskflow.py
[2024-03-12T09:34:04.516+0000] {processor.py:840} INFO - DAG(s) 'example_setup_teardown_taskflow' retrieved from /usr/local/lib/python3.10/dist-packages/airflow/example_dags/example_setup_teardown_taskflow.py
[2024-03-12T09:34:04.537+0000] {logging_mixin.py:188} INFO - [2024-03-12T09:34:04.536+0000] {dag.py:3047} INFO - Sync 1 DAGs
[2024-03-12T09:34:04.561+0000] {logging_mixin.py:188} INFO - [2024-03-12T09:34:04.561+0000] {dag.py:3834} INFO - Setting next_dagrun for example_setup_teardown_taskflow to 2024-03-11 00:00:00+00:00, run_after=2024-03-12 00:00:00+00:00
[2024-03-12T09:34:04.608+0000] {processor.py:183} INFO - Processing /usr/local/lib/python3.10/dist-packages/airflow/example_dags/example_setup_teardown_taskflow.py took 0.127 seconds
[2024-03-12T09:35:09.524+0000] {processor.py:161} INFO - Started process (PID=14722) to work on /usr/local/lib/python3.10/dist-packages/airflow/example_dags/example_setup_teardown_taskflow.py
[2024-03-12T09:35:09.526+0000] {processor.py:830} INFO - Processing file /usr/local/lib/python3.10/dist-packages/airflow/example_dags/example_setup_teardown_taskflow.py for tasks to queue
[2024-03-12T09:35:09.527+0000] {logging_mixin.py:188} INFO - [2024-03-12T09:35:09.526+0000] {dagbag.py:540} INFO - Filling up the DagBag from /usr/local/lib/python3.10/dist-packages/airflow/example_dags/example_setup_teardown_taskflow.py
[2024-03-12T09:35:09.541+0000] {processor.py:840} INFO - DAG(s) 'example_setup_teardown_taskflow' retrieved from /usr/local/lib/python3.10/dist-packages/airflow/example_dags/example_setup_teardown_taskflow.py
[2024-03-12T09:35:09.566+0000] {logging_mixin.py:188} INFO - [2024-03-12T09:35:09.566+0000] {dag.py:3047} INFO - Sync 1 DAGs
[2024-03-12T09:35:09.593+0000] {logging_mixin.py:188} INFO - [2024-03-12T09:35:09.593+0000] {dag.py:3834} INFO - Setting next_dagrun for example_setup_teardown_taskflow to 2024-03-11 00:00:00+00:00, run_after=2024-03-12 00:00:00+00:00
[2024-03-12T09:35:09.622+0000] {processor.py:183} INFO - Processing /usr/local/lib/python3.10/dist-packages/airflow/example_dags/example_setup_teardown_taskflow.py took 0.102 seconds
[2024-03-12T09:36:13.903+0000] {processor.py:161} INFO - Started process (PID=14785) to work on /usr/local/lib/python3.10/dist-packages/airflow/example_dags/example_setup_teardown_taskflow.py
[2024-03-12T09:36:13.905+0000] {processor.py:830} INFO - Processing file /usr/local/lib/python3.10/dist-packages/airflow/example_dags/example_setup_teardown_taskflow.py for tasks to queue
[2024-03-12T09:36:13.906+0000] {logging_mixin.py:188} INFO - [2024-03-12T09:36:13.905+0000] {dagbag.py:540} INFO - Filling up the DagBag from /usr/local/lib/python3.10/dist-packages/airflow/example_dags/example_setup_teardown_taskflow.py
[2024-03-12T09:36:13.923+0000] {processor.py:840} INFO - DAG(s) 'example_setup_teardown_taskflow' retrieved from /usr/local/lib/python3.10/dist-packages/airflow/example_dags/example_setup_teardown_taskflow.py
[2024-03-12T09:36:13.944+0000] {logging_mixin.py:188} INFO - [2024-03-12T09:36:13.943+0000] {dag.py:3047} INFO - Sync 1 DAGs
[2024-03-12T09:36:13.967+0000] {logging_mixin.py:188} INFO - [2024-03-12T09:36:13.966+0000] {dag.py:3834} INFO - Setting next_dagrun for example_setup_teardown_taskflow to 2024-03-11 00:00:00+00:00, run_after=2024-03-12 00:00:00+00:00
[2024-03-12T09:36:13.995+0000] {processor.py:183} INFO - Processing /usr/local/lib/python3.10/dist-packages/airflow/example_dags/example_setup_teardown_taskflow.py took 0.096 seconds
[2024-03-12T09:37:16.130+0000] {processor.py:161} INFO - Started process (PID=14846) to work on /usr/local/lib/python3.10/dist-packages/airflow/example_dags/example_setup_teardown_taskflow.py
[2024-03-12T09:37:16.132+0000] {processor.py:830} INFO - Processing file /usr/local/lib/python3.10/dist-packages/airflow/example_dags/example_setup_teardown_taskflow.py for tasks to queue
[2024-03-12T09:37:16.135+0000] {logging_mixin.py:188} INFO - [2024-03-12T09:37:16.132+0000] {dagbag.py:540} INFO - Filling up the DagBag from /usr/local/lib/python3.10/dist-packages/airflow/example_dags/example_setup_teardown_taskflow.py
[2024-03-12T09:37:16.150+0000] {processor.py:840} INFO - DAG(s) 'example_setup_teardown_taskflow' retrieved from /usr/local/lib/python3.10/dist-packages/airflow/example_dags/example_setup_teardown_taskflow.py
[2024-03-12T09:37:16.184+0000] {logging_mixin.py:188} INFO - [2024-03-12T09:37:16.184+0000] {dag.py:3047} INFO - Sync 1 DAGs
[2024-03-12T09:37:16.223+0000] {logging_mixin.py:188} INFO - [2024-03-12T09:37:16.223+0000] {dag.py:3834} INFO - Setting next_dagrun for example_setup_teardown_taskflow to 2024-03-11 00:00:00+00:00, run_after=2024-03-12 00:00:00+00:00
[2024-03-12T09:37:16.263+0000] {processor.py:183} INFO - Processing /usr/local/lib/python3.10/dist-packages/airflow/example_dags/example_setup_teardown_taskflow.py took 0.138 seconds
[2024-03-12T09:38:18.912+0000] {processor.py:161} INFO - Started process (PID=14907) to work on /usr/local/lib/python3.10/dist-packages/airflow/example_dags/example_setup_teardown_taskflow.py
[2024-03-12T09:38:18.914+0000] {processor.py:830} INFO - Processing file /usr/local/lib/python3.10/dist-packages/airflow/example_dags/example_setup_teardown_taskflow.py for tasks to queue
[2024-03-12T09:38:18.915+0000] {logging_mixin.py:188} INFO - [2024-03-12T09:38:18.914+0000] {dagbag.py:540} INFO - Filling up the DagBag from /usr/local/lib/python3.10/dist-packages/airflow/example_dags/example_setup_teardown_taskflow.py
[2024-03-12T09:38:18.928+0000] {processor.py:840} INFO - DAG(s) 'example_setup_teardown_taskflow' retrieved from /usr/local/lib/python3.10/dist-packages/airflow/example_dags/example_setup_teardown_taskflow.py
[2024-03-12T09:38:18.958+0000] {logging_mixin.py:188} INFO - [2024-03-12T09:38:18.958+0000] {dag.py:3047} INFO - Sync 1 DAGs
[2024-03-12T09:38:18.995+0000] {logging_mixin.py:188} INFO - [2024-03-12T09:38:18.994+0000] {dag.py:3834} INFO - Setting next_dagrun for example_setup_teardown_taskflow to 2024-03-11 00:00:00+00:00, run_after=2024-03-12 00:00:00+00:00
[2024-03-12T09:38:19.040+0000] {processor.py:183} INFO - Processing /usr/local/lib/python3.10/dist-packages/airflow/example_dags/example_setup_teardown_taskflow.py took 0.135 seconds
[2024-03-12T09:39:23.116+0000] {processor.py:161} INFO - Started process (PID=14968) to work on /usr/local/lib/python3.10/dist-packages/airflow/example_dags/example_setup_teardown_taskflow.py
[2024-03-12T09:39:23.119+0000] {processor.py:830} INFO - Processing file /usr/local/lib/python3.10/dist-packages/airflow/example_dags/example_setup_teardown_taskflow.py for tasks to queue
[2024-03-12T09:39:23.122+0000] {logging_mixin.py:188} INFO - [2024-03-12T09:39:23.121+0000] {dagbag.py:540} INFO - Filling up the DagBag from /usr/local/lib/python3.10/dist-packages/airflow/example_dags/example_setup_teardown_taskflow.py
[2024-03-12T09:39:23.157+0000] {processor.py:840} INFO - DAG(s) 'example_setup_teardown_taskflow' retrieved from /usr/local/lib/python3.10/dist-packages/airflow/example_dags/example_setup_teardown_taskflow.py
[2024-03-12T09:39:23.202+0000] {logging_mixin.py:188} INFO - [2024-03-12T09:39:23.200+0000] {dag.py:3047} INFO - Sync 1 DAGs
[2024-03-12T09:39:23.232+0000] {logging_mixin.py:188} INFO - [2024-03-12T09:39:23.231+0000] {dag.py:3834} INFO - Setting next_dagrun for example_setup_teardown_taskflow to 2024-03-11 00:00:00+00:00, run_after=2024-03-12 00:00:00+00:00
[2024-03-12T09:39:23.264+0000] {processor.py:183} INFO - Processing /usr/local/lib/python3.10/dist-packages/airflow/example_dags/example_setup_teardown_taskflow.py took 0.163 seconds
[2024-03-12T09:40:27.616+0000] {processor.py:161} INFO - Started process (PID=15030) to work on /usr/local/lib/python3.10/dist-packages/airflow/example_dags/example_setup_teardown_taskflow.py
[2024-03-12T09:40:27.618+0000] {processor.py:830} INFO - Processing file /usr/local/lib/python3.10/dist-packages/airflow/example_dags/example_setup_teardown_taskflow.py for tasks to queue
[2024-03-12T09:40:27.619+0000] {logging_mixin.py:188} INFO - [2024-03-12T09:40:27.619+0000] {dagbag.py:540} INFO - Filling up the DagBag from /usr/local/lib/python3.10/dist-packages/airflow/example_dags/example_setup_teardown_taskflow.py
[2024-03-12T09:40:27.631+0000] {processor.py:840} INFO - DAG(s) 'example_setup_teardown_taskflow' retrieved from /usr/local/lib/python3.10/dist-packages/airflow/example_dags/example_setup_teardown_taskflow.py
[2024-03-12T09:40:27.665+0000] {logging_mixin.py:188} INFO - [2024-03-12T09:40:27.665+0000] {dag.py:3047} INFO - Sync 1 DAGs
[2024-03-12T09:40:27.691+0000] {logging_mixin.py:188} INFO - [2024-03-12T09:40:27.691+0000] {dag.py:3834} INFO - Setting next_dagrun for example_setup_teardown_taskflow to 2024-03-11 00:00:00+00:00, run_after=2024-03-12 00:00:00+00:00
[2024-03-12T09:40:27.719+0000] {processor.py:183} INFO - Processing /usr/local/lib/python3.10/dist-packages/airflow/example_dags/example_setup_teardown_taskflow.py took 0.107 seconds
[2024-03-12T09:41:29.862+0000] {processor.py:161} INFO - Started process (PID=15092) to work on /usr/local/lib/python3.10/dist-packages/airflow/example_dags/example_setup_teardown_taskflow.py
[2024-03-12T09:41:29.865+0000] {processor.py:830} INFO - Processing file /usr/local/lib/python3.10/dist-packages/airflow/example_dags/example_setup_teardown_taskflow.py for tasks to queue
[2024-03-12T09:41:29.866+0000] {logging_mixin.py:188} INFO - [2024-03-12T09:41:29.865+0000] {dagbag.py:540} INFO - Filling up the DagBag from /usr/local/lib/python3.10/dist-packages/airflow/example_dags/example_setup_teardown_taskflow.py
[2024-03-12T09:41:29.884+0000] {processor.py:840} INFO - DAG(s) 'example_setup_teardown_taskflow' retrieved from /usr/local/lib/python3.10/dist-packages/airflow/example_dags/example_setup_teardown_taskflow.py
[2024-03-12T09:41:29.907+0000] {logging_mixin.py:188} INFO - [2024-03-12T09:41:29.906+0000] {dag.py:3047} INFO - Sync 1 DAGs
[2024-03-12T09:41:29.935+0000] {logging_mixin.py:188} INFO - [2024-03-12T09:41:29.935+0000] {dag.py:3834} INFO - Setting next_dagrun for example_setup_teardown_taskflow to 2024-03-11 00:00:00+00:00, run_after=2024-03-12 00:00:00+00:00
[2024-03-12T09:41:29.971+0000] {processor.py:183} INFO - Processing /usr/local/lib/python3.10/dist-packages/airflow/example_dags/example_setup_teardown_taskflow.py took 0.113 seconds
[2024-03-12T09:42:32.248+0000] {processor.py:161} INFO - Started process (PID=15155) to work on /usr/local/lib/python3.10/dist-packages/airflow/example_dags/example_setup_teardown_taskflow.py
[2024-03-12T09:42:32.249+0000] {processor.py:830} INFO - Processing file /usr/local/lib/python3.10/dist-packages/airflow/example_dags/example_setup_teardown_taskflow.py for tasks to queue
[2024-03-12T09:42:32.250+0000] {logging_mixin.py:188} INFO - [2024-03-12T09:42:32.250+0000] {dagbag.py:540} INFO - Filling up the DagBag from /usr/local/lib/python3.10/dist-packages/airflow/example_dags/example_setup_teardown_taskflow.py
[2024-03-12T09:42:32.265+0000] {processor.py:840} INFO - DAG(s) 'example_setup_teardown_taskflow' retrieved from /usr/local/lib/python3.10/dist-packages/airflow/example_dags/example_setup_teardown_taskflow.py
[2024-03-12T09:42:32.287+0000] {logging_mixin.py:188} INFO - [2024-03-12T09:42:32.286+0000] {dag.py:3047} INFO - Sync 1 DAGs
[2024-03-12T09:42:32.311+0000] {logging_mixin.py:188} INFO - [2024-03-12T09:42:32.311+0000] {dag.py:3834} INFO - Setting next_dagrun for example_setup_teardown_taskflow to 2024-03-11 00:00:00+00:00, run_after=2024-03-12 00:00:00+00:00
[2024-03-12T09:42:32.338+0000] {processor.py:183} INFO - Processing /usr/local/lib/python3.10/dist-packages/airflow/example_dags/example_setup_teardown_taskflow.py took 0.094 seconds
[2024-03-12T09:43:31.599+0000] {processor.py:161} INFO - Started process (PID=15286) to work on /usr/local/lib/python3.10/dist-packages/airflow/example_dags/example_setup_teardown_taskflow.py
[2024-03-12T09:43:31.601+0000] {processor.py:830} INFO - Processing file /usr/local/lib/python3.10/dist-packages/airflow/example_dags/example_setup_teardown_taskflow.py for tasks to queue
[2024-03-12T09:43:31.602+0000] {logging_mixin.py:188} INFO - [2024-03-12T09:43:31.601+0000] {dagbag.py:540} INFO - Filling up the DagBag from /usr/local/lib/python3.10/dist-packages/airflow/example_dags/example_setup_teardown_taskflow.py
[2024-03-12T09:43:31.616+0000] {processor.py:840} INFO - DAG(s) 'example_setup_teardown_taskflow' retrieved from /usr/local/lib/python3.10/dist-packages/airflow/example_dags/example_setup_teardown_taskflow.py
[2024-03-12T09:43:31.649+0000] {logging_mixin.py:188} INFO - [2024-03-12T09:43:31.649+0000] {dag.py:3047} INFO - Sync 1 DAGs
[2024-03-12T09:43:31.680+0000] {logging_mixin.py:188} INFO - [2024-03-12T09:43:31.680+0000] {dag.py:3834} INFO - Setting next_dagrun for example_setup_teardown_taskflow to 2024-03-11 00:00:00+00:00, run_after=2024-03-12 00:00:00+00:00
[2024-03-12T09:43:31.717+0000] {processor.py:183} INFO - Processing /usr/local/lib/python3.10/dist-packages/airflow/example_dags/example_setup_teardown_taskflow.py took 0.122 seconds
[2024-03-12T09:44:38.513+0000] {processor.py:161} INFO - Started process (PID=15364) to work on /usr/local/lib/python3.10/dist-packages/airflow/example_dags/example_setup_teardown_taskflow.py
[2024-03-12T09:44:38.515+0000] {processor.py:830} INFO - Processing file /usr/local/lib/python3.10/dist-packages/airflow/example_dags/example_setup_teardown_taskflow.py for tasks to queue
[2024-03-12T09:44:38.516+0000] {logging_mixin.py:188} INFO - [2024-03-12T09:44:38.515+0000] {dagbag.py:540} INFO - Filling up the DagBag from /usr/local/lib/python3.10/dist-packages/airflow/example_dags/example_setup_teardown_taskflow.py
[2024-03-12T09:44:38.532+0000] {processor.py:840} INFO - DAG(s) 'example_setup_teardown_taskflow' retrieved from /usr/local/lib/python3.10/dist-packages/airflow/example_dags/example_setup_teardown_taskflow.py
[2024-03-12T09:44:38.559+0000] {logging_mixin.py:188} INFO - [2024-03-12T09:44:38.559+0000] {dag.py:3047} INFO - Sync 1 DAGs
[2024-03-12T09:44:38.586+0000] {logging_mixin.py:188} INFO - [2024-03-12T09:44:38.586+0000] {dag.py:3834} INFO - Setting next_dagrun for example_setup_teardown_taskflow to 2024-03-11 00:00:00+00:00, run_after=2024-03-12 00:00:00+00:00
[2024-03-12T09:44:38.616+0000] {processor.py:183} INFO - Processing /usr/local/lib/python3.10/dist-packages/airflow/example_dags/example_setup_teardown_taskflow.py took 0.108 seconds
[2024-03-12T09:45:43.541+0000] {processor.py:161} INFO - Started process (PID=15426) to work on /usr/local/lib/python3.10/dist-packages/airflow/example_dags/example_setup_teardown_taskflow.py
[2024-03-12T09:45:43.544+0000] {processor.py:830} INFO - Processing file /usr/local/lib/python3.10/dist-packages/airflow/example_dags/example_setup_teardown_taskflow.py for tasks to queue
[2024-03-12T09:45:43.546+0000] {logging_mixin.py:188} INFO - [2024-03-12T09:45:43.545+0000] {dagbag.py:540} INFO - Filling up the DagBag from /usr/local/lib/python3.10/dist-packages/airflow/example_dags/example_setup_teardown_taskflow.py
[2024-03-12T09:45:43.567+0000] {processor.py:840} INFO - DAG(s) 'example_setup_teardown_taskflow' retrieved from /usr/local/lib/python3.10/dist-packages/airflow/example_dags/example_setup_teardown_taskflow.py
[2024-03-12T09:45:43.592+0000] {logging_mixin.py:188} INFO - [2024-03-12T09:45:43.592+0000] {dag.py:3047} INFO - Sync 1 DAGs
[2024-03-12T09:45:43.627+0000] {logging_mixin.py:188} INFO - [2024-03-12T09:45:43.627+0000] {dag.py:3834} INFO - Setting next_dagrun for example_setup_teardown_taskflow to 2024-03-11 00:00:00+00:00, run_after=2024-03-12 00:00:00+00:00
[2024-03-12T09:45:43.664+0000] {processor.py:183} INFO - Processing /usr/local/lib/python3.10/dist-packages/airflow/example_dags/example_setup_teardown_taskflow.py took 0.129 seconds
[2024-03-12T09:46:43.794+0000] {processor.py:161} INFO - Started process (PID=15487) to work on /usr/local/lib/python3.10/dist-packages/airflow/example_dags/example_setup_teardown_taskflow.py
[2024-03-12T09:46:43.796+0000] {processor.py:830} INFO - Processing file /usr/local/lib/python3.10/dist-packages/airflow/example_dags/example_setup_teardown_taskflow.py for tasks to queue
[2024-03-12T09:46:43.798+0000] {logging_mixin.py:188} INFO - [2024-03-12T09:46:43.797+0000] {dagbag.py:540} INFO - Filling up the DagBag from /usr/local/lib/python3.10/dist-packages/airflow/example_dags/example_setup_teardown_taskflow.py
[2024-03-12T09:46:43.835+0000] {processor.py:840} INFO - DAG(s) 'example_setup_teardown_taskflow' retrieved from /usr/local/lib/python3.10/dist-packages/airflow/example_dags/example_setup_teardown_taskflow.py
[2024-03-12T09:46:43.859+0000] {logging_mixin.py:188} INFO - [2024-03-12T09:46:43.859+0000] {dag.py:3047} INFO - Sync 1 DAGs
[2024-03-12T09:46:43.928+0000] {logging_mixin.py:188} INFO - [2024-03-12T09:46:43.927+0000] {dag.py:3834} INFO - Setting next_dagrun for example_setup_teardown_taskflow to 2024-03-11 00:00:00+00:00, run_after=2024-03-12 00:00:00+00:00
[2024-03-12T09:46:43.963+0000] {processor.py:183} INFO - Processing /usr/local/lib/python3.10/dist-packages/airflow/example_dags/example_setup_teardown_taskflow.py took 0.189 seconds
[2024-03-12T09:47:44.896+0000] {processor.py:161} INFO - Started process (PID=15545) to work on /usr/local/lib/python3.10/dist-packages/airflow/example_dags/example_setup_teardown_taskflow.py
[2024-03-12T09:47:44.897+0000] {processor.py:830} INFO - Processing file /usr/local/lib/python3.10/dist-packages/airflow/example_dags/example_setup_teardown_taskflow.py for tasks to queue
[2024-03-12T09:47:44.899+0000] {logging_mixin.py:188} INFO - [2024-03-12T09:47:44.898+0000] {dagbag.py:540} INFO - Filling up the DagBag from /usr/local/lib/python3.10/dist-packages/airflow/example_dags/example_setup_teardown_taskflow.py
[2024-03-12T09:47:44.913+0000] {processor.py:840} INFO - DAG(s) 'example_setup_teardown_taskflow' retrieved from /usr/local/lib/python3.10/dist-packages/airflow/example_dags/example_setup_teardown_taskflow.py
[2024-03-12T09:47:44.939+0000] {logging_mixin.py:188} INFO - [2024-03-12T09:47:44.939+0000] {dag.py:3047} INFO - Sync 1 DAGs
[2024-03-12T09:47:44.984+0000] {logging_mixin.py:188} INFO - [2024-03-12T09:47:44.984+0000] {dag.py:3834} INFO - Setting next_dagrun for example_setup_teardown_taskflow to 2024-03-11 00:00:00+00:00, run_after=2024-03-12 00:00:00+00:00
[2024-03-12T09:47:45.038+0000] {processor.py:183} INFO - Processing /usr/local/lib/python3.10/dist-packages/airflow/example_dags/example_setup_teardown_taskflow.py took 0.146 seconds
[2024-03-12T09:48:46.242+0000] {processor.py:161} INFO - Started process (PID=15611) to work on /usr/local/lib/python3.10/dist-packages/airflow/example_dags/example_setup_teardown_taskflow.py
[2024-03-12T09:48:46.246+0000] {processor.py:830} INFO - Processing file /usr/local/lib/python3.10/dist-packages/airflow/example_dags/example_setup_teardown_taskflow.py for tasks to queue
[2024-03-12T09:48:46.247+0000] {logging_mixin.py:188} INFO - [2024-03-12T09:48:46.246+0000] {dagbag.py:540} INFO - Filling up the DagBag from /usr/local/lib/python3.10/dist-packages/airflow/example_dags/example_setup_teardown_taskflow.py
[2024-03-12T09:48:46.283+0000] {processor.py:840} INFO - DAG(s) 'example_setup_teardown_taskflow' retrieved from /usr/local/lib/python3.10/dist-packages/airflow/example_dags/example_setup_teardown_taskflow.py
[2024-03-12T09:48:46.310+0000] {logging_mixin.py:188} INFO - [2024-03-12T09:48:46.310+0000] {dag.py:3047} INFO - Sync 1 DAGs
[2024-03-12T09:48:46.332+0000] {logging_mixin.py:188} INFO - [2024-03-12T09:48:46.332+0000] {dag.py:3834} INFO - Setting next_dagrun for example_setup_teardown_taskflow to 2024-03-11 00:00:00+00:00, run_after=2024-03-12 00:00:00+00:00
[2024-03-12T09:48:46.372+0000] {processor.py:183} INFO - Processing /usr/local/lib/python3.10/dist-packages/airflow/example_dags/example_setup_teardown_taskflow.py took 0.138 seconds
[2024-03-12T09:49:50.213+0000] {processor.py:161} INFO - Started process (PID=15672) to work on /usr/local/lib/python3.10/dist-packages/airflow/example_dags/example_setup_teardown_taskflow.py
[2024-03-12T09:49:50.215+0000] {processor.py:830} INFO - Processing file /usr/local/lib/python3.10/dist-packages/airflow/example_dags/example_setup_teardown_taskflow.py for tasks to queue
[2024-03-12T09:49:50.216+0000] {logging_mixin.py:188} INFO - [2024-03-12T09:49:50.215+0000] {dagbag.py:540} INFO - Filling up the DagBag from /usr/local/lib/python3.10/dist-packages/airflow/example_dags/example_setup_teardown_taskflow.py
[2024-03-12T09:49:50.230+0000] {processor.py:840} INFO - DAG(s) 'example_setup_teardown_taskflow' retrieved from /usr/local/lib/python3.10/dist-packages/airflow/example_dags/example_setup_teardown_taskflow.py
[2024-03-12T09:49:50.250+0000] {logging_mixin.py:188} INFO - [2024-03-12T09:49:50.250+0000] {dag.py:3047} INFO - Sync 1 DAGs
[2024-03-12T09:49:50.276+0000] {logging_mixin.py:188} INFO - [2024-03-12T09:49:50.276+0000] {dag.py:3834} INFO - Setting next_dagrun for example_setup_teardown_taskflow to 2024-03-11 00:00:00+00:00, run_after=2024-03-12 00:00:00+00:00
[2024-03-12T09:49:50.302+0000] {processor.py:183} INFO - Processing /usr/local/lib/python3.10/dist-packages/airflow/example_dags/example_setup_teardown_taskflow.py took 0.093 seconds
[2024-03-12T09:50:57.820+0000] {processor.py:161} INFO - Started process (PID=15736) to work on /usr/local/lib/python3.10/dist-packages/airflow/example_dags/example_setup_teardown_taskflow.py
[2024-03-12T09:50:57.822+0000] {processor.py:830} INFO - Processing file /usr/local/lib/python3.10/dist-packages/airflow/example_dags/example_setup_teardown_taskflow.py for tasks to queue
[2024-03-12T09:50:57.823+0000] {logging_mixin.py:188} INFO - [2024-03-12T09:50:57.822+0000] {dagbag.py:540} INFO - Filling up the DagBag from /usr/local/lib/python3.10/dist-packages/airflow/example_dags/example_setup_teardown_taskflow.py
[2024-03-12T09:50:57.836+0000] {processor.py:840} INFO - DAG(s) 'example_setup_teardown_taskflow' retrieved from /usr/local/lib/python3.10/dist-packages/airflow/example_dags/example_setup_teardown_taskflow.py
[2024-03-12T09:50:57.856+0000] {logging_mixin.py:188} INFO - [2024-03-12T09:50:57.856+0000] {dag.py:3047} INFO - Sync 1 DAGs
[2024-03-12T09:50:57.879+0000] {logging_mixin.py:188} INFO - [2024-03-12T09:50:57.879+0000] {dag.py:3834} INFO - Setting next_dagrun for example_setup_teardown_taskflow to 2024-03-11 00:00:00+00:00, run_after=2024-03-12 00:00:00+00:00
[2024-03-12T09:50:57.906+0000] {processor.py:183} INFO - Processing /usr/local/lib/python3.10/dist-packages/airflow/example_dags/example_setup_teardown_taskflow.py took 0.089 seconds
[2024-03-12T09:52:08.655+0000] {processor.py:161} INFO - Started process (PID=15802) to work on /usr/local/lib/python3.10/dist-packages/airflow/example_dags/example_setup_teardown_taskflow.py
[2024-03-12T09:52:08.656+0000] {processor.py:830} INFO - Processing file /usr/local/lib/python3.10/dist-packages/airflow/example_dags/example_setup_teardown_taskflow.py for tasks to queue
[2024-03-12T09:52:08.657+0000] {logging_mixin.py:188} INFO - [2024-03-12T09:52:08.657+0000] {dagbag.py:540} INFO - Filling up the DagBag from /usr/local/lib/python3.10/dist-packages/airflow/example_dags/example_setup_teardown_taskflow.py
[2024-03-12T09:52:08.679+0000] {processor.py:840} INFO - DAG(s) 'example_setup_teardown_taskflow' retrieved from /usr/local/lib/python3.10/dist-packages/airflow/example_dags/example_setup_teardown_taskflow.py
[2024-03-12T09:52:08.741+0000] {logging_mixin.py:188} INFO - [2024-03-12T09:52:08.740+0000] {dag.py:3047} INFO - Sync 1 DAGs
[2024-03-12T09:52:08.781+0000] {logging_mixin.py:188} INFO - [2024-03-12T09:52:08.781+0000] {dag.py:3834} INFO - Setting next_dagrun for example_setup_teardown_taskflow to 2024-03-11 00:00:00+00:00, run_after=2024-03-12 00:00:00+00:00
[2024-03-12T09:52:08.846+0000] {processor.py:183} INFO - Processing /usr/local/lib/python3.10/dist-packages/airflow/example_dags/example_setup_teardown_taskflow.py took 0.197 seconds
[2024-03-12T09:53:13.164+0000] {processor.py:161} INFO - Started process (PID=15868) to work on /usr/local/lib/python3.10/dist-packages/airflow/example_dags/example_setup_teardown_taskflow.py
[2024-03-12T09:53:13.166+0000] {processor.py:830} INFO - Processing file /usr/local/lib/python3.10/dist-packages/airflow/example_dags/example_setup_teardown_taskflow.py for tasks to queue
[2024-03-12T09:53:13.167+0000] {logging_mixin.py:188} INFO - [2024-03-12T09:53:13.166+0000] {dagbag.py:540} INFO - Filling up the DagBag from /usr/local/lib/python3.10/dist-packages/airflow/example_dags/example_setup_teardown_taskflow.py
[2024-03-12T09:53:13.178+0000] {processor.py:840} INFO - DAG(s) 'example_setup_teardown_taskflow' retrieved from /usr/local/lib/python3.10/dist-packages/airflow/example_dags/example_setup_teardown_taskflow.py
[2024-03-12T09:53:13.197+0000] {logging_mixin.py:188} INFO - [2024-03-12T09:53:13.197+0000] {dag.py:3047} INFO - Sync 1 DAGs
[2024-03-12T09:53:13.220+0000] {logging_mixin.py:188} INFO - [2024-03-12T09:53:13.219+0000] {dag.py:3834} INFO - Setting next_dagrun for example_setup_teardown_taskflow to 2024-03-11 00:00:00+00:00, run_after=2024-03-12 00:00:00+00:00
[2024-03-12T09:53:13.246+0000] {processor.py:183} INFO - Processing /usr/local/lib/python3.10/dist-packages/airflow/example_dags/example_setup_teardown_taskflow.py took 0.089 seconds
[2024-03-12T09:54:21.338+0000] {processor.py:161} INFO - Started process (PID=15933) to work on /usr/local/lib/python3.10/dist-packages/airflow/example_dags/example_setup_teardown_taskflow.py
[2024-03-12T09:54:21.340+0000] {processor.py:830} INFO - Processing file /usr/local/lib/python3.10/dist-packages/airflow/example_dags/example_setup_teardown_taskflow.py for tasks to queue
[2024-03-12T09:54:21.342+0000] {logging_mixin.py:188} INFO - [2024-03-12T09:54:21.341+0000] {dagbag.py:540} INFO - Filling up the DagBag from /usr/local/lib/python3.10/dist-packages/airflow/example_dags/example_setup_teardown_taskflow.py
[2024-03-12T09:54:21.354+0000] {processor.py:840} INFO - DAG(s) 'example_setup_teardown_taskflow' retrieved from /usr/local/lib/python3.10/dist-packages/airflow/example_dags/example_setup_teardown_taskflow.py
[2024-03-12T09:54:21.376+0000] {logging_mixin.py:188} INFO - [2024-03-12T09:54:21.375+0000] {dag.py:3047} INFO - Sync 1 DAGs
[2024-03-12T09:54:21.399+0000] {logging_mixin.py:188} INFO - [2024-03-12T09:54:21.398+0000] {dag.py:3834} INFO - Setting next_dagrun for example_setup_teardown_taskflow to 2024-03-11 00:00:00+00:00, run_after=2024-03-12 00:00:00+00:00
[2024-03-12T09:54:21.445+0000] {processor.py:183} INFO - Processing /usr/local/lib/python3.10/dist-packages/airflow/example_dags/example_setup_teardown_taskflow.py took 0.110 seconds
[2024-03-12T09:55:27.991+0000] {processor.py:161} INFO - Started process (PID=15999) to work on /usr/local/lib/python3.10/dist-packages/airflow/example_dags/example_setup_teardown_taskflow.py
[2024-03-12T09:55:27.993+0000] {processor.py:830} INFO - Processing file /usr/local/lib/python3.10/dist-packages/airflow/example_dags/example_setup_teardown_taskflow.py for tasks to queue
[2024-03-12T09:55:27.995+0000] {logging_mixin.py:188} INFO - [2024-03-12T09:55:27.994+0000] {dagbag.py:540} INFO - Filling up the DagBag from /usr/local/lib/python3.10/dist-packages/airflow/example_dags/example_setup_teardown_taskflow.py
[2024-03-12T09:55:28.022+0000] {processor.py:840} INFO - DAG(s) 'example_setup_teardown_taskflow' retrieved from /usr/local/lib/python3.10/dist-packages/airflow/example_dags/example_setup_teardown_taskflow.py
[2024-03-12T09:55:28.058+0000] {logging_mixin.py:188} INFO - [2024-03-12T09:55:28.058+0000] {dag.py:3047} INFO - Sync 1 DAGs
[2024-03-12T09:55:28.086+0000] {logging_mixin.py:188} INFO - [2024-03-12T09:55:28.086+0000] {dag.py:3834} INFO - Setting next_dagrun for example_setup_teardown_taskflow to 2024-03-11 00:00:00+00:00, run_after=2024-03-12 00:00:00+00:00
[2024-03-12T09:55:28.120+0000] {processor.py:183} INFO - Processing /usr/local/lib/python3.10/dist-packages/airflow/example_dags/example_setup_teardown_taskflow.py took 0.134 seconds
[2024-03-12T09:56:34.659+0000] {processor.py:161} INFO - Started process (PID=16063) to work on /usr/local/lib/python3.10/dist-packages/airflow/example_dags/example_setup_teardown_taskflow.py
[2024-03-12T09:56:34.661+0000] {processor.py:830} INFO - Processing file /usr/local/lib/python3.10/dist-packages/airflow/example_dags/example_setup_teardown_taskflow.py for tasks to queue
[2024-03-12T09:56:34.663+0000] {logging_mixin.py:188} INFO - [2024-03-12T09:56:34.662+0000] {dagbag.py:540} INFO - Filling up the DagBag from /usr/local/lib/python3.10/dist-packages/airflow/example_dags/example_setup_teardown_taskflow.py
[2024-03-12T09:56:34.677+0000] {processor.py:840} INFO - DAG(s) 'example_setup_teardown_taskflow' retrieved from /usr/local/lib/python3.10/dist-packages/airflow/example_dags/example_setup_teardown_taskflow.py
[2024-03-12T09:56:34.696+0000] {logging_mixin.py:188} INFO - [2024-03-12T09:56:34.696+0000] {dag.py:3047} INFO - Sync 1 DAGs
[2024-03-12T09:56:34.722+0000] {logging_mixin.py:188} INFO - [2024-03-12T09:56:34.721+0000] {dag.py:3834} INFO - Setting next_dagrun for example_setup_teardown_taskflow to 2024-03-11 00:00:00+00:00, run_after=2024-03-12 00:00:00+00:00
[2024-03-12T09:56:34.754+0000] {processor.py:183} INFO - Processing /usr/local/lib/python3.10/dist-packages/airflow/example_dags/example_setup_teardown_taskflow.py took 0.099 seconds
[2024-03-12T09:57:41.455+0000] {processor.py:161} INFO - Started process (PID=16127) to work on /usr/local/lib/python3.10/dist-packages/airflow/example_dags/example_setup_teardown_taskflow.py
[2024-03-12T09:57:41.459+0000] {processor.py:830} INFO - Processing file /usr/local/lib/python3.10/dist-packages/airflow/example_dags/example_setup_teardown_taskflow.py for tasks to queue
[2024-03-12T09:57:41.465+0000] {logging_mixin.py:188} INFO - [2024-03-12T09:57:41.463+0000] {dagbag.py:540} INFO - Filling up the DagBag from /usr/local/lib/python3.10/dist-packages/airflow/example_dags/example_setup_teardown_taskflow.py
[2024-03-12T09:57:41.493+0000] {processor.py:840} INFO - DAG(s) 'example_setup_teardown_taskflow' retrieved from /usr/local/lib/python3.10/dist-packages/airflow/example_dags/example_setup_teardown_taskflow.py
[2024-03-12T09:57:41.518+0000] {logging_mixin.py:188} INFO - [2024-03-12T09:57:41.517+0000] {dag.py:3047} INFO - Sync 1 DAGs
[2024-03-12T09:57:41.548+0000] {logging_mixin.py:188} INFO - [2024-03-12T09:57:41.548+0000] {dag.py:3834} INFO - Setting next_dagrun for example_setup_teardown_taskflow to 2024-03-11 00:00:00+00:00, run_after=2024-03-12 00:00:00+00:00
[2024-03-12T09:57:41.580+0000] {processor.py:183} INFO - Processing /usr/local/lib/python3.10/dist-packages/airflow/example_dags/example_setup_teardown_taskflow.py took 0.145 seconds
[2024-03-12T09:58:43.561+0000] {processor.py:161} INFO - Started process (PID=16200) to work on /usr/local/lib/python3.10/dist-packages/airflow/example_dags/example_setup_teardown_taskflow.py
[2024-03-12T09:58:43.563+0000] {processor.py:830} INFO - Processing file /usr/local/lib/python3.10/dist-packages/airflow/example_dags/example_setup_teardown_taskflow.py for tasks to queue
[2024-03-12T09:58:43.564+0000] {logging_mixin.py:188} INFO - [2024-03-12T09:58:43.564+0000] {dagbag.py:540} INFO - Filling up the DagBag from /usr/local/lib/python3.10/dist-packages/airflow/example_dags/example_setup_teardown_taskflow.py
[2024-03-12T09:58:43.577+0000] {processor.py:840} INFO - DAG(s) 'example_setup_teardown_taskflow' retrieved from /usr/local/lib/python3.10/dist-packages/airflow/example_dags/example_setup_teardown_taskflow.py
[2024-03-12T09:58:43.597+0000] {logging_mixin.py:188} INFO - [2024-03-12T09:58:43.597+0000] {dag.py:3047} INFO - Sync 1 DAGs
[2024-03-12T09:58:43.633+0000] {logging_mixin.py:188} INFO - [2024-03-12T09:58:43.633+0000] {dag.py:3834} INFO - Setting next_dagrun for example_setup_teardown_taskflow to 2024-03-11 00:00:00+00:00, run_after=2024-03-12 00:00:00+00:00
[2024-03-12T09:58:43.669+0000] {processor.py:183} INFO - Processing /usr/local/lib/python3.10/dist-packages/airflow/example_dags/example_setup_teardown_taskflow.py took 0.116 seconds
[2024-03-12T09:59:49.227+0000] {processor.py:161} INFO - Started process (PID=16270) to work on /usr/local/lib/python3.10/dist-packages/airflow/example_dags/example_setup_teardown_taskflow.py
[2024-03-12T09:59:49.229+0000] {processor.py:830} INFO - Processing file /usr/local/lib/python3.10/dist-packages/airflow/example_dags/example_setup_teardown_taskflow.py for tasks to queue
[2024-03-12T09:59:49.231+0000] {logging_mixin.py:188} INFO - [2024-03-12T09:59:49.230+0000] {dagbag.py:540} INFO - Filling up the DagBag from /usr/local/lib/python3.10/dist-packages/airflow/example_dags/example_setup_teardown_taskflow.py
[2024-03-12T09:59:49.249+0000] {processor.py:840} INFO - DAG(s) 'example_setup_teardown_taskflow' retrieved from /usr/local/lib/python3.10/dist-packages/airflow/example_dags/example_setup_teardown_taskflow.py
[2024-03-12T09:59:49.291+0000] {logging_mixin.py:188} INFO - [2024-03-12T09:59:49.290+0000] {dag.py:3047} INFO - Sync 1 DAGs
[2024-03-12T09:59:49.320+0000] {logging_mixin.py:188} INFO - [2024-03-12T09:59:49.319+0000] {dag.py:3834} INFO - Setting next_dagrun for example_setup_teardown_taskflow to 2024-03-11 00:00:00+00:00, run_after=2024-03-12 00:00:00+00:00
[2024-03-12T09:59:49.347+0000] {processor.py:183} INFO - Processing /usr/local/lib/python3.10/dist-packages/airflow/example_dags/example_setup_teardown_taskflow.py took 0.124 seconds
[2024-03-12T10:00:51.457+0000] {processor.py:161} INFO - Started process (PID=16336) to work on /usr/local/lib/python3.10/dist-packages/airflow/example_dags/example_setup_teardown_taskflow.py
[2024-03-12T10:00:51.458+0000] {processor.py:830} INFO - Processing file /usr/local/lib/python3.10/dist-packages/airflow/example_dags/example_setup_teardown_taskflow.py for tasks to queue
[2024-03-12T10:00:51.461+0000] {logging_mixin.py:188} INFO - [2024-03-12T10:00:51.460+0000] {dagbag.py:540} INFO - Filling up the DagBag from /usr/local/lib/python3.10/dist-packages/airflow/example_dags/example_setup_teardown_taskflow.py
[2024-03-12T10:00:51.476+0000] {processor.py:840} INFO - DAG(s) 'example_setup_teardown_taskflow' retrieved from /usr/local/lib/python3.10/dist-packages/airflow/example_dags/example_setup_teardown_taskflow.py
[2024-03-12T10:00:51.514+0000] {logging_mixin.py:188} INFO - [2024-03-12T10:00:51.514+0000] {dag.py:3047} INFO - Sync 1 DAGs
[2024-03-12T10:00:51.541+0000] {logging_mixin.py:188} INFO - [2024-03-12T10:00:51.541+0000] {dag.py:3834} INFO - Setting next_dagrun for example_setup_teardown_taskflow to 2024-03-11 00:00:00+00:00, run_after=2024-03-12 00:00:00+00:00
[2024-03-12T10:00:51.569+0000] {processor.py:183} INFO - Processing /usr/local/lib/python3.10/dist-packages/airflow/example_dags/example_setup_teardown_taskflow.py took 0.118 seconds
[2024-03-12T10:01:54.542+0000] {processor.py:161} INFO - Started process (PID=16405) to work on /usr/local/lib/python3.10/dist-packages/airflow/example_dags/example_setup_teardown_taskflow.py
[2024-03-12T10:01:54.543+0000] {processor.py:830} INFO - Processing file /usr/local/lib/python3.10/dist-packages/airflow/example_dags/example_setup_teardown_taskflow.py for tasks to queue
[2024-03-12T10:01:54.545+0000] {logging_mixin.py:188} INFO - [2024-03-12T10:01:54.544+0000] {dagbag.py:540} INFO - Filling up the DagBag from /usr/local/lib/python3.10/dist-packages/airflow/example_dags/example_setup_teardown_taskflow.py
[2024-03-12T10:01:54.559+0000] {processor.py:840} INFO - DAG(s) 'example_setup_teardown_taskflow' retrieved from /usr/local/lib/python3.10/dist-packages/airflow/example_dags/example_setup_teardown_taskflow.py
[2024-03-12T10:01:54.586+0000] {logging_mixin.py:188} INFO - [2024-03-12T10:01:54.585+0000] {dag.py:3047} INFO - Sync 1 DAGs
[2024-03-12T10:01:54.610+0000] {logging_mixin.py:188} INFO - [2024-03-12T10:01:54.610+0000] {dag.py:3834} INFO - Setting next_dagrun for example_setup_teardown_taskflow to 2024-03-11 00:00:00+00:00, run_after=2024-03-12 00:00:00+00:00
[2024-03-12T10:01:54.664+0000] {processor.py:183} INFO - Processing /usr/local/lib/python3.10/dist-packages/airflow/example_dags/example_setup_teardown_taskflow.py took 0.126 seconds
[2024-03-12T10:02:56.826+0000] {processor.py:161} INFO - Started process (PID=16471) to work on /usr/local/lib/python3.10/dist-packages/airflow/example_dags/example_setup_teardown_taskflow.py
[2024-03-12T10:02:56.827+0000] {processor.py:830} INFO - Processing file /usr/local/lib/python3.10/dist-packages/airflow/example_dags/example_setup_teardown_taskflow.py for tasks to queue
[2024-03-12T10:02:56.828+0000] {logging_mixin.py:188} INFO - [2024-03-12T10:02:56.828+0000] {dagbag.py:540} INFO - Filling up the DagBag from /usr/local/lib/python3.10/dist-packages/airflow/example_dags/example_setup_teardown_taskflow.py
[2024-03-12T10:02:56.842+0000] {processor.py:840} INFO - DAG(s) 'example_setup_teardown_taskflow' retrieved from /usr/local/lib/python3.10/dist-packages/airflow/example_dags/example_setup_teardown_taskflow.py
[2024-03-12T10:02:56.861+0000] {logging_mixin.py:188} INFO - [2024-03-12T10:02:56.861+0000] {dag.py:3047} INFO - Sync 1 DAGs
[2024-03-12T10:02:56.887+0000] {logging_mixin.py:188} INFO - [2024-03-12T10:02:56.886+0000] {dag.py:3834} INFO - Setting next_dagrun for example_setup_teardown_taskflow to 2024-03-11 00:00:00+00:00, run_after=2024-03-12 00:00:00+00:00
[2024-03-12T10:02:56.918+0000] {processor.py:183} INFO - Processing /usr/local/lib/python3.10/dist-packages/airflow/example_dags/example_setup_teardown_taskflow.py took 0.097 seconds
[2024-03-12T10:03:59.242+0000] {processor.py:161} INFO - Started process (PID=16532) to work on /usr/local/lib/python3.10/dist-packages/airflow/example_dags/example_setup_teardown_taskflow.py
[2024-03-12T10:03:59.244+0000] {processor.py:830} INFO - Processing file /usr/local/lib/python3.10/dist-packages/airflow/example_dags/example_setup_teardown_taskflow.py for tasks to queue
[2024-03-12T10:03:59.245+0000] {logging_mixin.py:188} INFO - [2024-03-12T10:03:59.244+0000] {dagbag.py:540} INFO - Filling up the DagBag from /usr/local/lib/python3.10/dist-packages/airflow/example_dags/example_setup_teardown_taskflow.py
[2024-03-12T10:03:59.257+0000] {processor.py:840} INFO - DAG(s) 'example_setup_teardown_taskflow' retrieved from /usr/local/lib/python3.10/dist-packages/airflow/example_dags/example_setup_teardown_taskflow.py
[2024-03-12T10:03:59.292+0000] {logging_mixin.py:188} INFO - [2024-03-12T10:03:59.292+0000] {dag.py:3047} INFO - Sync 1 DAGs
[2024-03-12T10:03:59.321+0000] {logging_mixin.py:188} INFO - [2024-03-12T10:03:59.320+0000] {dag.py:3834} INFO - Setting next_dagrun for example_setup_teardown_taskflow to 2024-03-11 00:00:00+00:00, run_after=2024-03-12 00:00:00+00:00
[2024-03-12T10:03:59.365+0000] {processor.py:183} INFO - Processing /usr/local/lib/python3.10/dist-packages/airflow/example_dags/example_setup_teardown_taskflow.py took 0.126 seconds
[2024-03-12T10:04:59.048+0000] {processor.py:161} INFO - Started process (PID=16595) to work on /usr/local/lib/python3.10/dist-packages/airflow/example_dags/example_setup_teardown_taskflow.py
[2024-03-12T10:04:59.049+0000] {processor.py:830} INFO - Processing file /usr/local/lib/python3.10/dist-packages/airflow/example_dags/example_setup_teardown_taskflow.py for tasks to queue
[2024-03-12T10:04:59.050+0000] {logging_mixin.py:188} INFO - [2024-03-12T10:04:59.050+0000] {dagbag.py:540} INFO - Filling up the DagBag from /usr/local/lib/python3.10/dist-packages/airflow/example_dags/example_setup_teardown_taskflow.py
[2024-03-12T10:04:59.071+0000] {processor.py:840} INFO - DAG(s) 'example_setup_teardown_taskflow' retrieved from /usr/local/lib/python3.10/dist-packages/airflow/example_dags/example_setup_teardown_taskflow.py
[2024-03-12T10:04:59.101+0000] {logging_mixin.py:188} INFO - [2024-03-12T10:04:59.100+0000] {dag.py:3047} INFO - Sync 1 DAGs
[2024-03-12T10:04:59.149+0000] {logging_mixin.py:188} INFO - [2024-03-12T10:04:59.148+0000] {dag.py:3834} INFO - Setting next_dagrun for example_setup_teardown_taskflow to 2024-03-11 00:00:00+00:00, run_after=2024-03-12 00:00:00+00:00
[2024-03-12T10:04:59.184+0000] {processor.py:183} INFO - Processing /usr/local/lib/python3.10/dist-packages/airflow/example_dags/example_setup_teardown_taskflow.py took 0.147 seconds
[2024-03-12T10:06:03.745+0000] {processor.py:161} INFO - Started process (PID=16662) to work on /usr/local/lib/python3.10/dist-packages/airflow/example_dags/example_setup_teardown_taskflow.py
[2024-03-12T10:06:03.748+0000] {processor.py:830} INFO - Processing file /usr/local/lib/python3.10/dist-packages/airflow/example_dags/example_setup_teardown_taskflow.py for tasks to queue
[2024-03-12T10:06:03.749+0000] {logging_mixin.py:188} INFO - [2024-03-12T10:06:03.748+0000] {dagbag.py:540} INFO - Filling up the DagBag from /usr/local/lib/python3.10/dist-packages/airflow/example_dags/example_setup_teardown_taskflow.py
[2024-03-12T10:06:03.763+0000] {processor.py:840} INFO - DAG(s) 'example_setup_teardown_taskflow' retrieved from /usr/local/lib/python3.10/dist-packages/airflow/example_dags/example_setup_teardown_taskflow.py
[2024-03-12T10:06:03.791+0000] {logging_mixin.py:188} INFO - [2024-03-12T10:06:03.790+0000] {dag.py:3047} INFO - Sync 1 DAGs
[2024-03-12T10:06:03.841+0000] {logging_mixin.py:188} INFO - [2024-03-12T10:06:03.840+0000] {dag.py:3834} INFO - Setting next_dagrun for example_setup_teardown_taskflow to 2024-03-11 00:00:00+00:00, run_after=2024-03-12 00:00:00+00:00
[2024-03-12T10:06:03.882+0000] {processor.py:183} INFO - Processing /usr/local/lib/python3.10/dist-packages/airflow/example_dags/example_setup_teardown_taskflow.py took 0.143 seconds
