[2024-03-12T09:19:28.418+0000] {processor.py:161} INFO - Started process (PID=13929) to work on /usr/local/lib/python3.10/dist-packages/airflow/example_dags/example_short_circuit_operator.py
[2024-03-12T09:19:28.419+0000] {processor.py:830} INFO - Processing file /usr/local/lib/python3.10/dist-packages/airflow/example_dags/example_short_circuit_operator.py for tasks to queue
[2024-03-12T09:19:28.420+0000] {logging_mixin.py:188} INFO - [2024-03-12T09:19:28.419+0000] {dagbag.py:540} INFO - Filling up the DagBag from /usr/local/lib/python3.10/dist-packages/airflow/example_dags/example_short_circuit_operator.py
[2024-03-12T09:19:28.433+0000] {processor.py:840} INFO - DAG(s) 'example_short_circuit_operator' retrieved from /usr/local/lib/python3.10/dist-packages/airflow/example_dags/example_short_circuit_operator.py
[2024-03-12T09:19:28.575+0000] {logging_mixin.py:188} INFO - [2024-03-12T09:19:28.574+0000] {override.py:1769} INFO - Created Permission View: can read on DAG:example_short_circuit_operator
[2024-03-12T09:19:28.592+0000] {logging_mixin.py:188} INFO - [2024-03-12T09:19:28.591+0000] {override.py:1769} INFO - Created Permission View: can edit on DAG:example_short_circuit_operator
[2024-03-12T09:19:28.602+0000] {logging_mixin.py:188} INFO - [2024-03-12T09:19:28.602+0000] {override.py:1769} INFO - Created Permission View: can delete on DAG:example_short_circuit_operator
[2024-03-12T09:19:28.603+0000] {logging_mixin.py:188} INFO - [2024-03-12T09:19:28.602+0000] {dag.py:3047} INFO - Sync 1 DAGs
[2024-03-12T09:19:28.615+0000] {logging_mixin.py:188} INFO - [2024-03-12T09:19:28.614+0000] {dag.py:3069} INFO - Creating ORM DAG for example_short_circuit_operator
[2024-03-12T09:19:28.624+0000] {logging_mixin.py:188} INFO - [2024-03-12T09:19:28.624+0000] {dag.py:3834} INFO - Setting next_dagrun for example_short_circuit_operator to 2024-03-11 00:00:00+00:00, run_after=2024-03-12 00:00:00+00:00
[2024-03-12T09:19:28.653+0000] {processor.py:183} INFO - Processing /usr/local/lib/python3.10/dist-packages/airflow/example_dags/example_short_circuit_operator.py took 0.239 seconds
[2024-03-12T09:22:22.632+0000] {processor.py:161} INFO - Started process (PID=13987) to work on /usr/local/lib/python3.10/dist-packages/airflow/example_dags/example_short_circuit_operator.py
[2024-03-12T09:22:22.634+0000] {processor.py:830} INFO - Processing file /usr/local/lib/python3.10/dist-packages/airflow/example_dags/example_short_circuit_operator.py for tasks to queue
[2024-03-12T09:22:22.635+0000] {logging_mixin.py:188} INFO - [2024-03-12T09:22:22.635+0000] {dagbag.py:540} INFO - Filling up the DagBag from /usr/local/lib/python3.10/dist-packages/airflow/example_dags/example_short_circuit_operator.py
[2024-03-12T09:22:22.647+0000] {processor.py:840} INFO - DAG(s) 'example_short_circuit_operator' retrieved from /usr/local/lib/python3.10/dist-packages/airflow/example_dags/example_short_circuit_operator.py
[2024-03-12T09:22:22.658+0000] {logging_mixin.py:188} INFO - [2024-03-12T09:22:22.657+0000] {dag.py:3047} INFO - Sync 1 DAGs
[2024-03-12T09:22:22.684+0000] {logging_mixin.py:188} INFO - [2024-03-12T09:22:22.684+0000] {dag.py:3834} INFO - Setting next_dagrun for example_short_circuit_operator to 2024-03-11 00:00:00+00:00, run_after=2024-03-12 00:00:00+00:00
[2024-03-12T09:22:22.712+0000] {processor.py:183} INFO - Processing /usr/local/lib/python3.10/dist-packages/airflow/example_dags/example_short_circuit_operator.py took 0.084 seconds
[2024-03-12T09:23:21.505+0000] {processor.py:161} INFO - Started process (PID=14038) to work on /usr/local/lib/python3.10/dist-packages/airflow/example_dags/example_short_circuit_operator.py
[2024-03-12T09:23:21.507+0000] {processor.py:830} INFO - Processing file /usr/local/lib/python3.10/dist-packages/airflow/example_dags/example_short_circuit_operator.py for tasks to queue
[2024-03-12T09:23:21.508+0000] {logging_mixin.py:188} INFO - [2024-03-12T09:23:21.508+0000] {dagbag.py:540} INFO - Filling up the DagBag from /usr/local/lib/python3.10/dist-packages/airflow/example_dags/example_short_circuit_operator.py
[2024-03-12T09:23:21.517+0000] {processor.py:840} INFO - DAG(s) 'example_short_circuit_operator' retrieved from /usr/local/lib/python3.10/dist-packages/airflow/example_dags/example_short_circuit_operator.py
[2024-03-12T09:23:21.747+0000] {logging_mixin.py:188} INFO - [2024-03-12T09:23:21.747+0000] {dag.py:3047} INFO - Sync 1 DAGs
[2024-03-12T09:23:21.776+0000] {logging_mixin.py:188} INFO - [2024-03-12T09:23:21.775+0000] {dag.py:3834} INFO - Setting next_dagrun for example_short_circuit_operator to 2024-03-11 00:00:00+00:00, run_after=2024-03-12 00:00:00+00:00
[2024-03-12T09:23:21.837+0000] {processor.py:183} INFO - Processing /usr/local/lib/python3.10/dist-packages/airflow/example_dags/example_short_circuit_operator.py took 0.337 seconds
[2024-03-12T09:24:15.054+0000] {processor.py:161} INFO - Started process (PID=14090) to work on /usr/local/lib/python3.10/dist-packages/airflow/example_dags/example_short_circuit_operator.py
[2024-03-12T09:24:15.056+0000] {processor.py:830} INFO - Processing file /usr/local/lib/python3.10/dist-packages/airflow/example_dags/example_short_circuit_operator.py for tasks to queue
[2024-03-12T09:24:15.057+0000] {logging_mixin.py:188} INFO - [2024-03-12T09:24:15.056+0000] {dagbag.py:540} INFO - Filling up the DagBag from /usr/local/lib/python3.10/dist-packages/airflow/example_dags/example_short_circuit_operator.py
[2024-03-12T09:24:15.066+0000] {processor.py:840} INFO - DAG(s) 'example_short_circuit_operator' retrieved from /usr/local/lib/python3.10/dist-packages/airflow/example_dags/example_short_circuit_operator.py
[2024-03-12T09:24:15.093+0000] {logging_mixin.py:188} INFO - [2024-03-12T09:24:15.093+0000] {dag.py:3047} INFO - Sync 1 DAGs
[2024-03-12T09:24:15.142+0000] {logging_mixin.py:188} INFO - [2024-03-12T09:24:15.141+0000] {dag.py:3834} INFO - Setting next_dagrun for example_short_circuit_operator to 2024-03-11 00:00:00+00:00, run_after=2024-03-12 00:00:00+00:00
[2024-03-12T09:24:15.309+0000] {processor.py:183} INFO - Processing /usr/local/lib/python3.10/dist-packages/airflow/example_dags/example_short_circuit_operator.py took 0.258 seconds
[2024-03-12T09:25:02.483+0000] {processor.py:161} INFO - Started process (PID=14131) to work on /usr/local/lib/python3.10/dist-packages/airflow/example_dags/example_short_circuit_operator.py
[2024-03-12T09:25:02.484+0000] {processor.py:830} INFO - Processing file /usr/local/lib/python3.10/dist-packages/airflow/example_dags/example_short_circuit_operator.py for tasks to queue
[2024-03-12T09:25:02.485+0000] {logging_mixin.py:188} INFO - [2024-03-12T09:25:02.485+0000] {dagbag.py:540} INFO - Filling up the DagBag from /usr/local/lib/python3.10/dist-packages/airflow/example_dags/example_short_circuit_operator.py
[2024-03-12T09:25:02.494+0000] {processor.py:840} INFO - DAG(s) 'example_short_circuit_operator' retrieved from /usr/local/lib/python3.10/dist-packages/airflow/example_dags/example_short_circuit_operator.py
[2024-03-12T09:25:02.628+0000] {logging_mixin.py:188} INFO - [2024-03-12T09:25:02.627+0000] {dag.py:3047} INFO - Sync 1 DAGs
[2024-03-12T09:25:02.644+0000] {logging_mixin.py:188} INFO - [2024-03-12T09:25:02.644+0000] {dag.py:3834} INFO - Setting next_dagrun for example_short_circuit_operator to 2024-03-11 00:00:00+00:00, run_after=2024-03-12 00:00:00+00:00
[2024-03-12T09:25:02.667+0000] {processor.py:183} INFO - Processing /usr/local/lib/python3.10/dist-packages/airflow/example_dags/example_short_circuit_operator.py took 0.188 seconds
[2024-03-12T09:25:52.153+0000] {processor.py:161} INFO - Started process (PID=14178) to work on /usr/local/lib/python3.10/dist-packages/airflow/example_dags/example_short_circuit_operator.py
[2024-03-12T09:25:52.155+0000] {processor.py:830} INFO - Processing file /usr/local/lib/python3.10/dist-packages/airflow/example_dags/example_short_circuit_operator.py for tasks to queue
[2024-03-12T09:25:52.156+0000] {logging_mixin.py:188} INFO - [2024-03-12T09:25:52.155+0000] {dagbag.py:540} INFO - Filling up the DagBag from /usr/local/lib/python3.10/dist-packages/airflow/example_dags/example_short_circuit_operator.py
[2024-03-12T09:25:52.167+0000] {processor.py:840} INFO - DAG(s) 'example_short_circuit_operator' retrieved from /usr/local/lib/python3.10/dist-packages/airflow/example_dags/example_short_circuit_operator.py
[2024-03-12T09:25:52.188+0000] {logging_mixin.py:188} INFO - [2024-03-12T09:25:52.188+0000] {dag.py:3047} INFO - Sync 1 DAGs
[2024-03-12T09:25:52.213+0000] {logging_mixin.py:188} INFO - [2024-03-12T09:25:52.213+0000] {dag.py:3834} INFO - Setting next_dagrun for example_short_circuit_operator to 2024-03-11 00:00:00+00:00, run_after=2024-03-12 00:00:00+00:00
[2024-03-12T09:25:52.242+0000] {processor.py:183} INFO - Processing /usr/local/lib/python3.10/dist-packages/airflow/example_dags/example_short_circuit_operator.py took 0.093 seconds
[2024-03-12T09:26:31.479+0000] {processor.py:161} INFO - Started process (PID=14218) to work on /usr/local/lib/python3.10/dist-packages/airflow/example_dags/example_short_circuit_operator.py
[2024-03-12T09:26:31.483+0000] {processor.py:830} INFO - Processing file /usr/local/lib/python3.10/dist-packages/airflow/example_dags/example_short_circuit_operator.py for tasks to queue
[2024-03-12T09:26:31.484+0000] {logging_mixin.py:188} INFO - [2024-03-12T09:26:31.484+0000] {dagbag.py:540} INFO - Filling up the DagBag from /usr/local/lib/python3.10/dist-packages/airflow/example_dags/example_short_circuit_operator.py
[2024-03-12T09:26:31.500+0000] {processor.py:840} INFO - DAG(s) 'example_short_circuit_operator' retrieved from /usr/local/lib/python3.10/dist-packages/airflow/example_dags/example_short_circuit_operator.py
[2024-03-12T09:26:31.525+0000] {logging_mixin.py:188} INFO - [2024-03-12T09:26:31.524+0000] {dag.py:3047} INFO - Sync 1 DAGs
[2024-03-12T09:26:31.551+0000] {logging_mixin.py:188} INFO - [2024-03-12T09:26:31.551+0000] {dag.py:3834} INFO - Setting next_dagrun for example_short_circuit_operator to 2024-03-11 00:00:00+00:00, run_after=2024-03-12 00:00:00+00:00
[2024-03-12T09:26:31.581+0000] {processor.py:183} INFO - Processing /usr/local/lib/python3.10/dist-packages/airflow/example_dags/example_short_circuit_operator.py took 0.111 seconds
[2024-03-12T09:27:12.857+0000] {processor.py:161} INFO - Started process (PID=14259) to work on /usr/local/lib/python3.10/dist-packages/airflow/example_dags/example_short_circuit_operator.py
[2024-03-12T09:27:12.881+0000] {processor.py:830} INFO - Processing file /usr/local/lib/python3.10/dist-packages/airflow/example_dags/example_short_circuit_operator.py for tasks to queue
[2024-03-12T09:27:12.885+0000] {logging_mixin.py:188} INFO - [2024-03-12T09:27:12.882+0000] {dagbag.py:540} INFO - Filling up the DagBag from /usr/local/lib/python3.10/dist-packages/airflow/example_dags/example_short_circuit_operator.py
[2024-03-12T09:27:12.910+0000] {processor.py:840} INFO - DAG(s) 'example_short_circuit_operator' retrieved from /usr/local/lib/python3.10/dist-packages/airflow/example_dags/example_short_circuit_operator.py
[2024-03-12T09:27:12.955+0000] {logging_mixin.py:188} INFO - [2024-03-12T09:27:12.954+0000] {dag.py:3047} INFO - Sync 1 DAGs
[2024-03-12T09:27:12.988+0000] {logging_mixin.py:188} INFO - [2024-03-12T09:27:12.987+0000] {dag.py:3834} INFO - Setting next_dagrun for example_short_circuit_operator to 2024-03-11 00:00:00+00:00, run_after=2024-03-12 00:00:00+00:00
[2024-03-12T09:27:13.032+0000] {processor.py:183} INFO - Processing /usr/local/lib/python3.10/dist-packages/airflow/example_dags/example_short_circuit_operator.py took 0.180 seconds
[2024-03-12T09:27:55.339+0000] {processor.py:161} INFO - Started process (PID=14301) to work on /usr/local/lib/python3.10/dist-packages/airflow/example_dags/example_short_circuit_operator.py
[2024-03-12T09:27:55.341+0000] {processor.py:830} INFO - Processing file /usr/local/lib/python3.10/dist-packages/airflow/example_dags/example_short_circuit_operator.py for tasks to queue
[2024-03-12T09:27:55.342+0000] {logging_mixin.py:188} INFO - [2024-03-12T09:27:55.342+0000] {dagbag.py:540} INFO - Filling up the DagBag from /usr/local/lib/python3.10/dist-packages/airflow/example_dags/example_short_circuit_operator.py
[2024-03-12T09:27:55.351+0000] {processor.py:840} INFO - DAG(s) 'example_short_circuit_operator' retrieved from /usr/local/lib/python3.10/dist-packages/airflow/example_dags/example_short_circuit_operator.py
[2024-03-12T09:27:55.373+0000] {logging_mixin.py:188} INFO - [2024-03-12T09:27:55.373+0000] {dag.py:3047} INFO - Sync 1 DAGs
[2024-03-12T09:27:55.399+0000] {logging_mixin.py:188} INFO - [2024-03-12T09:27:55.399+0000] {dag.py:3834} INFO - Setting next_dagrun for example_short_circuit_operator to 2024-03-11 00:00:00+00:00, run_after=2024-03-12 00:00:00+00:00
[2024-03-12T09:27:55.425+0000] {processor.py:183} INFO - Processing /usr/local/lib/python3.10/dist-packages/airflow/example_dags/example_short_circuit_operator.py took 0.088 seconds
[2024-03-12T09:28:34.369+0000] {processor.py:161} INFO - Started process (PID=14341) to work on /usr/local/lib/python3.10/dist-packages/airflow/example_dags/example_short_circuit_operator.py
[2024-03-12T09:28:34.376+0000] {processor.py:830} INFO - Processing file /usr/local/lib/python3.10/dist-packages/airflow/example_dags/example_short_circuit_operator.py for tasks to queue
[2024-03-12T09:28:34.377+0000] {logging_mixin.py:188} INFO - [2024-03-12T09:28:34.376+0000] {dagbag.py:540} INFO - Filling up the DagBag from /usr/local/lib/python3.10/dist-packages/airflow/example_dags/example_short_circuit_operator.py
[2024-03-12T09:28:34.409+0000] {processor.py:840} INFO - DAG(s) 'example_short_circuit_operator' retrieved from /usr/local/lib/python3.10/dist-packages/airflow/example_dags/example_short_circuit_operator.py
[2024-03-12T09:28:34.444+0000] {logging_mixin.py:188} INFO - [2024-03-12T09:28:34.444+0000] {dag.py:3047} INFO - Sync 1 DAGs
[2024-03-12T09:28:34.469+0000] {logging_mixin.py:188} INFO - [2024-03-12T09:28:34.469+0000] {dag.py:3834} INFO - Setting next_dagrun for example_short_circuit_operator to 2024-03-11 00:00:00+00:00, run_after=2024-03-12 00:00:00+00:00
[2024-03-12T09:28:34.500+0000] {processor.py:183} INFO - Processing /usr/local/lib/python3.10/dist-packages/airflow/example_dags/example_short_circuit_operator.py took 0.145 seconds
[2024-03-12T09:29:15.132+0000] {processor.py:161} INFO - Started process (PID=14381) to work on /usr/local/lib/python3.10/dist-packages/airflow/example_dags/example_short_circuit_operator.py
[2024-03-12T09:29:15.134+0000] {processor.py:830} INFO - Processing file /usr/local/lib/python3.10/dist-packages/airflow/example_dags/example_short_circuit_operator.py for tasks to queue
[2024-03-12T09:29:15.135+0000] {logging_mixin.py:188} INFO - [2024-03-12T09:29:15.135+0000] {dagbag.py:540} INFO - Filling up the DagBag from /usr/local/lib/python3.10/dist-packages/airflow/example_dags/example_short_circuit_operator.py
[2024-03-12T09:29:15.145+0000] {processor.py:840} INFO - DAG(s) 'example_short_circuit_operator' retrieved from /usr/local/lib/python3.10/dist-packages/airflow/example_dags/example_short_circuit_operator.py
[2024-03-12T09:29:15.167+0000] {logging_mixin.py:188} INFO - [2024-03-12T09:29:15.167+0000] {dag.py:3047} INFO - Sync 1 DAGs
[2024-03-12T09:29:15.188+0000] {logging_mixin.py:188} INFO - [2024-03-12T09:29:15.188+0000] {dag.py:3834} INFO - Setting next_dagrun for example_short_circuit_operator to 2024-03-11 00:00:00+00:00, run_after=2024-03-12 00:00:00+00:00
[2024-03-12T09:29:15.214+0000] {processor.py:183} INFO - Processing /usr/local/lib/python3.10/dist-packages/airflow/example_dags/example_short_circuit_operator.py took 0.086 seconds
[2024-03-12T09:29:54.650+0000] {processor.py:161} INFO - Started process (PID=14420) to work on /usr/local/lib/python3.10/dist-packages/airflow/example_dags/example_short_circuit_operator.py
[2024-03-12T09:29:54.652+0000] {processor.py:830} INFO - Processing file /usr/local/lib/python3.10/dist-packages/airflow/example_dags/example_short_circuit_operator.py for tasks to queue
[2024-03-12T09:29:54.653+0000] {logging_mixin.py:188} INFO - [2024-03-12T09:29:54.653+0000] {dagbag.py:540} INFO - Filling up the DagBag from /usr/local/lib/python3.10/dist-packages/airflow/example_dags/example_short_circuit_operator.py
[2024-03-12T09:29:54.663+0000] {processor.py:840} INFO - DAG(s) 'example_short_circuit_operator' retrieved from /usr/local/lib/python3.10/dist-packages/airflow/example_dags/example_short_circuit_operator.py
[2024-03-12T09:29:54.688+0000] {logging_mixin.py:188} INFO - [2024-03-12T09:29:54.688+0000] {dag.py:3047} INFO - Sync 1 DAGs
[2024-03-12T09:29:54.721+0000] {logging_mixin.py:188} INFO - [2024-03-12T09:29:54.720+0000] {dag.py:3834} INFO - Setting next_dagrun for example_short_circuit_operator to 2024-03-11 00:00:00+00:00, run_after=2024-03-12 00:00:00+00:00
[2024-03-12T09:29:54.757+0000] {processor.py:183} INFO - Processing /usr/local/lib/python3.10/dist-packages/airflow/example_dags/example_short_circuit_operator.py took 0.112 seconds
[2024-03-12T09:30:36.460+0000] {processor.py:161} INFO - Started process (PID=14460) to work on /usr/local/lib/python3.10/dist-packages/airflow/example_dags/example_short_circuit_operator.py
[2024-03-12T09:30:36.462+0000] {processor.py:830} INFO - Processing file /usr/local/lib/python3.10/dist-packages/airflow/example_dags/example_short_circuit_operator.py for tasks to queue
[2024-03-12T09:30:36.463+0000] {logging_mixin.py:188} INFO - [2024-03-12T09:30:36.463+0000] {dagbag.py:540} INFO - Filling up the DagBag from /usr/local/lib/python3.10/dist-packages/airflow/example_dags/example_short_circuit_operator.py
[2024-03-12T09:30:36.475+0000] {processor.py:840} INFO - DAG(s) 'example_short_circuit_operator' retrieved from /usr/local/lib/python3.10/dist-packages/airflow/example_dags/example_short_circuit_operator.py
[2024-03-12T09:30:36.495+0000] {logging_mixin.py:188} INFO - [2024-03-12T09:30:36.495+0000] {dag.py:3047} INFO - Sync 1 DAGs
[2024-03-12T09:30:36.526+0000] {logging_mixin.py:188} INFO - [2024-03-12T09:30:36.526+0000] {dag.py:3834} INFO - Setting next_dagrun for example_short_circuit_operator to 2024-03-11 00:00:00+00:00, run_after=2024-03-12 00:00:00+00:00
[2024-03-12T09:30:36.561+0000] {processor.py:183} INFO - Processing /usr/local/lib/python3.10/dist-packages/airflow/example_dags/example_short_circuit_operator.py took 0.105 seconds
[2024-03-12T09:31:17.510+0000] {processor.py:161} INFO - Started process (PID=14500) to work on /usr/local/lib/python3.10/dist-packages/airflow/example_dags/example_short_circuit_operator.py
[2024-03-12T09:31:17.511+0000] {processor.py:830} INFO - Processing file /usr/local/lib/python3.10/dist-packages/airflow/example_dags/example_short_circuit_operator.py for tasks to queue
[2024-03-12T09:31:17.512+0000] {logging_mixin.py:188} INFO - [2024-03-12T09:31:17.512+0000] {dagbag.py:540} INFO - Filling up the DagBag from /usr/local/lib/python3.10/dist-packages/airflow/example_dags/example_short_circuit_operator.py
[2024-03-12T09:31:17.526+0000] {processor.py:840} INFO - DAG(s) 'example_short_circuit_operator' retrieved from /usr/local/lib/python3.10/dist-packages/airflow/example_dags/example_short_circuit_operator.py
[2024-03-12T09:31:17.570+0000] {logging_mixin.py:188} INFO - [2024-03-12T09:31:17.570+0000] {dag.py:3047} INFO - Sync 1 DAGs
[2024-03-12T09:31:17.605+0000] {logging_mixin.py:188} INFO - [2024-03-12T09:31:17.605+0000] {dag.py:3834} INFO - Setting next_dagrun for example_short_circuit_operator to 2024-03-11 00:00:00+00:00, run_after=2024-03-12 00:00:00+00:00
[2024-03-12T09:31:17.643+0000] {processor.py:183} INFO - Processing /usr/local/lib/python3.10/dist-packages/airflow/example_dags/example_short_circuit_operator.py took 0.137 seconds
[2024-03-12T09:32:00.442+0000] {processor.py:161} INFO - Started process (PID=14541) to work on /usr/local/lib/python3.10/dist-packages/airflow/example_dags/example_short_circuit_operator.py
[2024-03-12T09:32:00.446+0000] {processor.py:830} INFO - Processing file /usr/local/lib/python3.10/dist-packages/airflow/example_dags/example_short_circuit_operator.py for tasks to queue
[2024-03-12T09:32:00.447+0000] {logging_mixin.py:188} INFO - [2024-03-12T09:32:00.446+0000] {dagbag.py:540} INFO - Filling up the DagBag from /usr/local/lib/python3.10/dist-packages/airflow/example_dags/example_short_circuit_operator.py
[2024-03-12T09:32:00.459+0000] {processor.py:840} INFO - DAG(s) 'example_short_circuit_operator' retrieved from /usr/local/lib/python3.10/dist-packages/airflow/example_dags/example_short_circuit_operator.py
[2024-03-12T09:32:00.478+0000] {logging_mixin.py:188} INFO - [2024-03-12T09:32:00.478+0000] {dag.py:3047} INFO - Sync 1 DAGs
[2024-03-12T09:32:00.499+0000] {logging_mixin.py:188} INFO - [2024-03-12T09:32:00.499+0000] {dag.py:3834} INFO - Setting next_dagrun for example_short_circuit_operator to 2024-03-11 00:00:00+00:00, run_after=2024-03-12 00:00:00+00:00
[2024-03-12T09:32:00.522+0000] {processor.py:183} INFO - Processing /usr/local/lib/python3.10/dist-packages/airflow/example_dags/example_short_circuit_operator.py took 0.089 seconds
[2024-03-12T09:32:43.738+0000] {processor.py:161} INFO - Started process (PID=14583) to work on /usr/local/lib/python3.10/dist-packages/airflow/example_dags/example_short_circuit_operator.py
[2024-03-12T09:32:43.742+0000] {processor.py:830} INFO - Processing file /usr/local/lib/python3.10/dist-packages/airflow/example_dags/example_short_circuit_operator.py for tasks to queue
[2024-03-12T09:32:43.743+0000] {logging_mixin.py:188} INFO - [2024-03-12T09:32:43.743+0000] {dagbag.py:540} INFO - Filling up the DagBag from /usr/local/lib/python3.10/dist-packages/airflow/example_dags/example_short_circuit_operator.py
[2024-03-12T09:32:43.752+0000] {processor.py:840} INFO - DAG(s) 'example_short_circuit_operator' retrieved from /usr/local/lib/python3.10/dist-packages/airflow/example_dags/example_short_circuit_operator.py
[2024-03-12T09:32:43.773+0000] {logging_mixin.py:188} INFO - [2024-03-12T09:32:43.772+0000] {dag.py:3047} INFO - Sync 1 DAGs
[2024-03-12T09:32:43.793+0000] {logging_mixin.py:188} INFO - [2024-03-12T09:32:43.793+0000] {dag.py:3834} INFO - Setting next_dagrun for example_short_circuit_operator to 2024-03-11 00:00:00+00:00, run_after=2024-03-12 00:00:00+00:00
[2024-03-12T09:32:43.823+0000] {processor.py:183} INFO - Processing /usr/local/lib/python3.10/dist-packages/airflow/example_dags/example_short_circuit_operator.py took 0.088 seconds
[2024-03-12T09:33:28.989+0000] {processor.py:161} INFO - Started process (PID=14626) to work on /usr/local/lib/python3.10/dist-packages/airflow/example_dags/example_short_circuit_operator.py
[2024-03-12T09:33:28.991+0000] {processor.py:830} INFO - Processing file /usr/local/lib/python3.10/dist-packages/airflow/example_dags/example_short_circuit_operator.py for tasks to queue
[2024-03-12T09:33:28.992+0000] {logging_mixin.py:188} INFO - [2024-03-12T09:33:28.992+0000] {dagbag.py:540} INFO - Filling up the DagBag from /usr/local/lib/python3.10/dist-packages/airflow/example_dags/example_short_circuit_operator.py
[2024-03-12T09:33:29.009+0000] {processor.py:840} INFO - DAG(s) 'example_short_circuit_operator' retrieved from /usr/local/lib/python3.10/dist-packages/airflow/example_dags/example_short_circuit_operator.py
[2024-03-12T09:33:29.052+0000] {logging_mixin.py:188} INFO - [2024-03-12T09:33:29.052+0000] {dag.py:3047} INFO - Sync 1 DAGs
[2024-03-12T09:33:29.097+0000] {logging_mixin.py:188} INFO - [2024-03-12T09:33:29.095+0000] {dag.py:3834} INFO - Setting next_dagrun for example_short_circuit_operator to 2024-03-11 00:00:00+00:00, run_after=2024-03-12 00:00:00+00:00
[2024-03-12T09:33:29.150+0000] {processor.py:183} INFO - Processing /usr/local/lib/python3.10/dist-packages/airflow/example_dags/example_short_circuit_operator.py took 0.166 seconds
[2024-03-12T09:34:11.035+0000] {processor.py:161} INFO - Started process (PID=14668) to work on /usr/local/lib/python3.10/dist-packages/airflow/example_dags/example_short_circuit_operator.py
[2024-03-12T09:34:11.038+0000] {processor.py:830} INFO - Processing file /usr/local/lib/python3.10/dist-packages/airflow/example_dags/example_short_circuit_operator.py for tasks to queue
[2024-03-12T09:34:11.039+0000] {logging_mixin.py:188} INFO - [2024-03-12T09:34:11.039+0000] {dagbag.py:540} INFO - Filling up the DagBag from /usr/local/lib/python3.10/dist-packages/airflow/example_dags/example_short_circuit_operator.py
[2024-03-12T09:34:11.052+0000] {processor.py:840} INFO - DAG(s) 'example_short_circuit_operator' retrieved from /usr/local/lib/python3.10/dist-packages/airflow/example_dags/example_short_circuit_operator.py
[2024-03-12T09:34:11.083+0000] {logging_mixin.py:188} INFO - [2024-03-12T09:34:11.083+0000] {dag.py:3047} INFO - Sync 1 DAGs
[2024-03-12T09:34:11.120+0000] {logging_mixin.py:188} INFO - [2024-03-12T09:34:11.120+0000] {dag.py:3834} INFO - Setting next_dagrun for example_short_circuit_operator to 2024-03-11 00:00:00+00:00, run_after=2024-03-12 00:00:00+00:00
[2024-03-12T09:34:11.184+0000] {processor.py:183} INFO - Processing /usr/local/lib/python3.10/dist-packages/airflow/example_dags/example_short_circuit_operator.py took 0.153 seconds
[2024-03-12T09:34:53.982+0000] {processor.py:161} INFO - Started process (PID=14709) to work on /usr/local/lib/python3.10/dist-packages/airflow/example_dags/example_short_circuit_operator.py
[2024-03-12T09:34:53.984+0000] {processor.py:830} INFO - Processing file /usr/local/lib/python3.10/dist-packages/airflow/example_dags/example_short_circuit_operator.py for tasks to queue
[2024-03-12T09:34:53.985+0000] {logging_mixin.py:188} INFO - [2024-03-12T09:34:53.985+0000] {dagbag.py:540} INFO - Filling up the DagBag from /usr/local/lib/python3.10/dist-packages/airflow/example_dags/example_short_circuit_operator.py
[2024-03-12T09:34:53.995+0000] {processor.py:840} INFO - DAG(s) 'example_short_circuit_operator' retrieved from /usr/local/lib/python3.10/dist-packages/airflow/example_dags/example_short_circuit_operator.py
[2024-03-12T09:34:54.020+0000] {logging_mixin.py:188} INFO - [2024-03-12T09:34:54.019+0000] {dag.py:3047} INFO - Sync 1 DAGs
[2024-03-12T09:34:54.042+0000] {logging_mixin.py:188} INFO - [2024-03-12T09:34:54.041+0000] {dag.py:3834} INFO - Setting next_dagrun for example_short_circuit_operator to 2024-03-11 00:00:00+00:00, run_after=2024-03-12 00:00:00+00:00
[2024-03-12T09:34:54.073+0000] {processor.py:183} INFO - Processing /usr/local/lib/python3.10/dist-packages/airflow/example_dags/example_short_circuit_operator.py took 0.095 seconds
[2024-03-12T09:35:39.936+0000] {processor.py:161} INFO - Started process (PID=14753) to work on /usr/local/lib/python3.10/dist-packages/airflow/example_dags/example_short_circuit_operator.py
[2024-03-12T09:35:39.938+0000] {processor.py:830} INFO - Processing file /usr/local/lib/python3.10/dist-packages/airflow/example_dags/example_short_circuit_operator.py for tasks to queue
[2024-03-12T09:35:39.939+0000] {logging_mixin.py:188} INFO - [2024-03-12T09:35:39.938+0000] {dagbag.py:540} INFO - Filling up the DagBag from /usr/local/lib/python3.10/dist-packages/airflow/example_dags/example_short_circuit_operator.py
[2024-03-12T09:35:39.952+0000] {processor.py:840} INFO - DAG(s) 'example_short_circuit_operator' retrieved from /usr/local/lib/python3.10/dist-packages/airflow/example_dags/example_short_circuit_operator.py
[2024-03-12T09:35:39.976+0000] {logging_mixin.py:188} INFO - [2024-03-12T09:35:39.975+0000] {dag.py:3047} INFO - Sync 1 DAGs
[2024-03-12T09:35:40.006+0000] {logging_mixin.py:188} INFO - [2024-03-12T09:35:40.006+0000] {dag.py:3834} INFO - Setting next_dagrun for example_short_circuit_operator to 2024-03-11 00:00:00+00:00, run_after=2024-03-12 00:00:00+00:00
[2024-03-12T09:35:40.035+0000] {processor.py:183} INFO - Processing /usr/local/lib/python3.10/dist-packages/airflow/example_dags/example_short_circuit_operator.py took 0.104 seconds
[2024-03-12T09:36:20.879+0000] {processor.py:161} INFO - Started process (PID=14792) to work on /usr/local/lib/python3.10/dist-packages/airflow/example_dags/example_short_circuit_operator.py
[2024-03-12T09:36:20.880+0000] {processor.py:830} INFO - Processing file /usr/local/lib/python3.10/dist-packages/airflow/example_dags/example_short_circuit_operator.py for tasks to queue
[2024-03-12T09:36:20.881+0000] {logging_mixin.py:188} INFO - [2024-03-12T09:36:20.881+0000] {dagbag.py:540} INFO - Filling up the DagBag from /usr/local/lib/python3.10/dist-packages/airflow/example_dags/example_short_circuit_operator.py
[2024-03-12T09:36:20.890+0000] {processor.py:840} INFO - DAG(s) 'example_short_circuit_operator' retrieved from /usr/local/lib/python3.10/dist-packages/airflow/example_dags/example_short_circuit_operator.py
[2024-03-12T09:36:20.912+0000] {logging_mixin.py:188} INFO - [2024-03-12T09:36:20.911+0000] {dag.py:3047} INFO - Sync 1 DAGs
[2024-03-12T09:36:20.933+0000] {logging_mixin.py:188} INFO - [2024-03-12T09:36:20.933+0000] {dag.py:3834} INFO - Setting next_dagrun for example_short_circuit_operator to 2024-03-11 00:00:00+00:00, run_after=2024-03-12 00:00:00+00:00
[2024-03-12T09:36:20.963+0000] {processor.py:183} INFO - Processing /usr/local/lib/python3.10/dist-packages/airflow/example_dags/example_short_circuit_operator.py took 0.088 seconds
[2024-03-12T09:37:02.492+0000] {processor.py:161} INFO - Started process (PID=14832) to work on /usr/local/lib/python3.10/dist-packages/airflow/example_dags/example_short_circuit_operator.py
[2024-03-12T09:37:02.494+0000] {processor.py:830} INFO - Processing file /usr/local/lib/python3.10/dist-packages/airflow/example_dags/example_short_circuit_operator.py for tasks to queue
[2024-03-12T09:37:02.495+0000] {logging_mixin.py:188} INFO - [2024-03-12T09:37:02.494+0000] {dagbag.py:540} INFO - Filling up the DagBag from /usr/local/lib/python3.10/dist-packages/airflow/example_dags/example_short_circuit_operator.py
[2024-03-12T09:37:02.542+0000] {processor.py:840} INFO - DAG(s) 'example_short_circuit_operator' retrieved from /usr/local/lib/python3.10/dist-packages/airflow/example_dags/example_short_circuit_operator.py
[2024-03-12T09:37:02.588+0000] {logging_mixin.py:188} INFO - [2024-03-12T09:37:02.587+0000] {dag.py:3047} INFO - Sync 1 DAGs
[2024-03-12T09:37:02.627+0000] {logging_mixin.py:188} INFO - [2024-03-12T09:37:02.627+0000] {dag.py:3834} INFO - Setting next_dagrun for example_short_circuit_operator to 2024-03-11 00:00:00+00:00, run_after=2024-03-12 00:00:00+00:00
[2024-03-12T09:37:02.662+0000] {processor.py:183} INFO - Processing /usr/local/lib/python3.10/dist-packages/airflow/example_dags/example_short_circuit_operator.py took 0.178 seconds
[2024-03-12T09:37:44.515+0000] {processor.py:161} INFO - Started process (PID=14874) to work on /usr/local/lib/python3.10/dist-packages/airflow/example_dags/example_short_circuit_operator.py
[2024-03-12T09:37:44.518+0000] {processor.py:830} INFO - Processing file /usr/local/lib/python3.10/dist-packages/airflow/example_dags/example_short_circuit_operator.py for tasks to queue
[2024-03-12T09:37:44.519+0000] {logging_mixin.py:188} INFO - [2024-03-12T09:37:44.519+0000] {dagbag.py:540} INFO - Filling up the DagBag from /usr/local/lib/python3.10/dist-packages/airflow/example_dags/example_short_circuit_operator.py
[2024-03-12T09:37:44.531+0000] {processor.py:840} INFO - DAG(s) 'example_short_circuit_operator' retrieved from /usr/local/lib/python3.10/dist-packages/airflow/example_dags/example_short_circuit_operator.py
[2024-03-12T09:37:44.554+0000] {logging_mixin.py:188} INFO - [2024-03-12T09:37:44.554+0000] {dag.py:3047} INFO - Sync 1 DAGs
[2024-03-12T09:37:44.580+0000] {logging_mixin.py:188} INFO - [2024-03-12T09:37:44.580+0000] {dag.py:3834} INFO - Setting next_dagrun for example_short_circuit_operator to 2024-03-11 00:00:00+00:00, run_after=2024-03-12 00:00:00+00:00
[2024-03-12T09:37:44.608+0000] {processor.py:183} INFO - Processing /usr/local/lib/python3.10/dist-packages/airflow/example_dags/example_short_circuit_operator.py took 0.097 seconds
[2024-03-12T09:38:26.223+0000] {processor.py:161} INFO - Started process (PID=14914) to work on /usr/local/lib/python3.10/dist-packages/airflow/example_dags/example_short_circuit_operator.py
[2024-03-12T09:38:26.227+0000] {processor.py:830} INFO - Processing file /usr/local/lib/python3.10/dist-packages/airflow/example_dags/example_short_circuit_operator.py for tasks to queue
[2024-03-12T09:38:26.229+0000] {logging_mixin.py:188} INFO - [2024-03-12T09:38:26.228+0000] {dagbag.py:540} INFO - Filling up the DagBag from /usr/local/lib/python3.10/dist-packages/airflow/example_dags/example_short_circuit_operator.py
[2024-03-12T09:38:26.252+0000] {processor.py:840} INFO - DAG(s) 'example_short_circuit_operator' retrieved from /usr/local/lib/python3.10/dist-packages/airflow/example_dags/example_short_circuit_operator.py
[2024-03-12T09:38:26.293+0000] {logging_mixin.py:188} INFO - [2024-03-12T09:38:26.293+0000] {dag.py:3047} INFO - Sync 1 DAGs
[2024-03-12T09:38:26.344+0000] {logging_mixin.py:188} INFO - [2024-03-12T09:38:26.344+0000] {dag.py:3834} INFO - Setting next_dagrun for example_short_circuit_operator to 2024-03-11 00:00:00+00:00, run_after=2024-03-12 00:00:00+00:00
[2024-03-12T09:38:26.407+0000] {processor.py:183} INFO - Processing /usr/local/lib/python3.10/dist-packages/airflow/example_dags/example_short_circuit_operator.py took 0.193 seconds
[2024-03-12T09:39:07.609+0000] {processor.py:161} INFO - Started process (PID=14954) to work on /usr/local/lib/python3.10/dist-packages/airflow/example_dags/example_short_circuit_operator.py
[2024-03-12T09:39:07.611+0000] {processor.py:830} INFO - Processing file /usr/local/lib/python3.10/dist-packages/airflow/example_dags/example_short_circuit_operator.py for tasks to queue
[2024-03-12T09:39:07.612+0000] {logging_mixin.py:188} INFO - [2024-03-12T09:39:07.611+0000] {dagbag.py:540} INFO - Filling up the DagBag from /usr/local/lib/python3.10/dist-packages/airflow/example_dags/example_short_circuit_operator.py
[2024-03-12T09:39:07.622+0000] {processor.py:840} INFO - DAG(s) 'example_short_circuit_operator' retrieved from /usr/local/lib/python3.10/dist-packages/airflow/example_dags/example_short_circuit_operator.py
[2024-03-12T09:39:07.665+0000] {logging_mixin.py:188} INFO - [2024-03-12T09:39:07.655+0000] {dag.py:3047} INFO - Sync 1 DAGs
[2024-03-12T09:39:07.723+0000] {logging_mixin.py:188} INFO - [2024-03-12T09:39:07.722+0000] {dag.py:3834} INFO - Setting next_dagrun for example_short_circuit_operator to 2024-03-11 00:00:00+00:00, run_after=2024-03-12 00:00:00+00:00
[2024-03-12T09:39:07.773+0000] {processor.py:183} INFO - Processing /usr/local/lib/python3.10/dist-packages/airflow/example_dags/example_short_circuit_operator.py took 0.168 seconds
[2024-03-12T09:39:51.843+0000] {processor.py:161} INFO - Started process (PID=14996) to work on /usr/local/lib/python3.10/dist-packages/airflow/example_dags/example_short_circuit_operator.py
[2024-03-12T09:39:51.845+0000] {processor.py:830} INFO - Processing file /usr/local/lib/python3.10/dist-packages/airflow/example_dags/example_short_circuit_operator.py for tasks to queue
[2024-03-12T09:39:51.847+0000] {logging_mixin.py:188} INFO - [2024-03-12T09:39:51.846+0000] {dagbag.py:540} INFO - Filling up the DagBag from /usr/local/lib/python3.10/dist-packages/airflow/example_dags/example_short_circuit_operator.py
[2024-03-12T09:39:51.859+0000] {processor.py:840} INFO - DAG(s) 'example_short_circuit_operator' retrieved from /usr/local/lib/python3.10/dist-packages/airflow/example_dags/example_short_circuit_operator.py
[2024-03-12T09:39:51.883+0000] {logging_mixin.py:188} INFO - [2024-03-12T09:39:51.883+0000] {dag.py:3047} INFO - Sync 1 DAGs
[2024-03-12T09:39:51.910+0000] {logging_mixin.py:188} INFO - [2024-03-12T09:39:51.909+0000] {dag.py:3834} INFO - Setting next_dagrun for example_short_circuit_operator to 2024-03-11 00:00:00+00:00, run_after=2024-03-12 00:00:00+00:00
[2024-03-12T09:39:51.966+0000] {processor.py:183} INFO - Processing /usr/local/lib/python3.10/dist-packages/airflow/example_dags/example_short_circuit_operator.py took 0.126 seconds
[2024-03-12T09:40:33.978+0000] {processor.py:161} INFO - Started process (PID=15037) to work on /usr/local/lib/python3.10/dist-packages/airflow/example_dags/example_short_circuit_operator.py
[2024-03-12T09:40:33.980+0000] {processor.py:830} INFO - Processing file /usr/local/lib/python3.10/dist-packages/airflow/example_dags/example_short_circuit_operator.py for tasks to queue
[2024-03-12T09:40:33.982+0000] {logging_mixin.py:188} INFO - [2024-03-12T09:40:33.981+0000] {dagbag.py:540} INFO - Filling up the DagBag from /usr/local/lib/python3.10/dist-packages/airflow/example_dags/example_short_circuit_operator.py
[2024-03-12T09:40:34.013+0000] {processor.py:840} INFO - DAG(s) 'example_short_circuit_operator' retrieved from /usr/local/lib/python3.10/dist-packages/airflow/example_dags/example_short_circuit_operator.py
[2024-03-12T09:40:34.060+0000] {logging_mixin.py:188} INFO - [2024-03-12T09:40:34.060+0000] {dag.py:3047} INFO - Sync 1 DAGs
[2024-03-12T09:40:34.107+0000] {logging_mixin.py:188} INFO - [2024-03-12T09:40:34.107+0000] {dag.py:3834} INFO - Setting next_dagrun for example_short_circuit_operator to 2024-03-11 00:00:00+00:00, run_after=2024-03-12 00:00:00+00:00
[2024-03-12T09:40:34.153+0000] {processor.py:183} INFO - Processing /usr/local/lib/python3.10/dist-packages/airflow/example_dags/example_short_circuit_operator.py took 0.180 seconds
[2024-03-12T09:41:16.989+0000] {processor.py:161} INFO - Started process (PID=15079) to work on /usr/local/lib/python3.10/dist-packages/airflow/example_dags/example_short_circuit_operator.py
[2024-03-12T09:41:16.991+0000] {processor.py:830} INFO - Processing file /usr/local/lib/python3.10/dist-packages/airflow/example_dags/example_short_circuit_operator.py for tasks to queue
[2024-03-12T09:41:16.993+0000] {logging_mixin.py:188} INFO - [2024-03-12T09:41:16.992+0000] {dagbag.py:540} INFO - Filling up the DagBag from /usr/local/lib/python3.10/dist-packages/airflow/example_dags/example_short_circuit_operator.py
[2024-03-12T09:41:17.008+0000] {processor.py:840} INFO - DAG(s) 'example_short_circuit_operator' retrieved from /usr/local/lib/python3.10/dist-packages/airflow/example_dags/example_short_circuit_operator.py
[2024-03-12T09:41:17.072+0000] {logging_mixin.py:188} INFO - [2024-03-12T09:41:17.071+0000] {dag.py:3047} INFO - Sync 1 DAGs
[2024-03-12T09:41:17.099+0000] {logging_mixin.py:188} INFO - [2024-03-12T09:41:17.099+0000] {dag.py:3834} INFO - Setting next_dagrun for example_short_circuit_operator to 2024-03-11 00:00:00+00:00, run_after=2024-03-12 00:00:00+00:00
[2024-03-12T09:41:17.133+0000] {processor.py:183} INFO - Processing /usr/local/lib/python3.10/dist-packages/airflow/example_dags/example_short_circuit_operator.py took 0.155 seconds
[2024-03-12T09:41:59.251+0000] {processor.py:161} INFO - Started process (PID=15119) to work on /usr/local/lib/python3.10/dist-packages/airflow/example_dags/example_short_circuit_operator.py
[2024-03-12T09:41:59.254+0000] {processor.py:830} INFO - Processing file /usr/local/lib/python3.10/dist-packages/airflow/example_dags/example_short_circuit_operator.py for tasks to queue
[2024-03-12T09:41:59.257+0000] {logging_mixin.py:188} INFO - [2024-03-12T09:41:59.256+0000] {dagbag.py:540} INFO - Filling up the DagBag from /usr/local/lib/python3.10/dist-packages/airflow/example_dags/example_short_circuit_operator.py
[2024-03-12T09:41:59.270+0000] {processor.py:840} INFO - DAG(s) 'example_short_circuit_operator' retrieved from /usr/local/lib/python3.10/dist-packages/airflow/example_dags/example_short_circuit_operator.py
[2024-03-12T09:41:59.300+0000] {logging_mixin.py:188} INFO - [2024-03-12T09:41:59.299+0000] {dag.py:3047} INFO - Sync 1 DAGs
[2024-03-12T09:41:59.329+0000] {logging_mixin.py:188} INFO - [2024-03-12T09:41:59.329+0000] {dag.py:3834} INFO - Setting next_dagrun for example_short_circuit_operator to 2024-03-11 00:00:00+00:00, run_after=2024-03-12 00:00:00+00:00
[2024-03-12T09:41:59.357+0000] {processor.py:183} INFO - Processing /usr/local/lib/python3.10/dist-packages/airflow/example_dags/example_short_circuit_operator.py took 0.109 seconds
[2024-03-12T09:42:39.879+0000] {processor.py:161} INFO - Started process (PID=15163) to work on /usr/local/lib/python3.10/dist-packages/airflow/example_dags/example_short_circuit_operator.py
[2024-03-12T09:42:39.881+0000] {processor.py:830} INFO - Processing file /usr/local/lib/python3.10/dist-packages/airflow/example_dags/example_short_circuit_operator.py for tasks to queue
[2024-03-12T09:42:39.882+0000] {logging_mixin.py:188} INFO - [2024-03-12T09:42:39.882+0000] {dagbag.py:540} INFO - Filling up the DagBag from /usr/local/lib/python3.10/dist-packages/airflow/example_dags/example_short_circuit_operator.py
[2024-03-12T09:42:39.907+0000] {processor.py:840} INFO - DAG(s) 'example_short_circuit_operator' retrieved from /usr/local/lib/python3.10/dist-packages/airflow/example_dags/example_short_circuit_operator.py
[2024-03-12T09:42:39.941+0000] {logging_mixin.py:188} INFO - [2024-03-12T09:42:39.940+0000] {dag.py:3047} INFO - Sync 1 DAGs
[2024-03-12T09:42:39.986+0000] {logging_mixin.py:188} INFO - [2024-03-12T09:42:39.986+0000] {dag.py:3834} INFO - Setting next_dagrun for example_short_circuit_operator to 2024-03-11 00:00:00+00:00, run_after=2024-03-12 00:00:00+00:00
[2024-03-12T09:42:40.058+0000] {processor.py:183} INFO - Processing /usr/local/lib/python3.10/dist-packages/airflow/example_dags/example_short_circuit_operator.py took 0.184 seconds
[2024-03-12T09:43:19.183+0000] {processor.py:161} INFO - Started process (PID=15271) to work on /usr/local/lib/python3.10/dist-packages/airflow/example_dags/example_short_circuit_operator.py
[2024-03-12T09:43:19.191+0000] {processor.py:830} INFO - Processing file /usr/local/lib/python3.10/dist-packages/airflow/example_dags/example_short_circuit_operator.py for tasks to queue
[2024-03-12T09:43:19.193+0000] {logging_mixin.py:188} INFO - [2024-03-12T09:43:19.192+0000] {dagbag.py:540} INFO - Filling up the DagBag from /usr/local/lib/python3.10/dist-packages/airflow/example_dags/example_short_circuit_operator.py
[2024-03-12T09:43:19.216+0000] {processor.py:840} INFO - DAG(s) 'example_short_circuit_operator' retrieved from /usr/local/lib/python3.10/dist-packages/airflow/example_dags/example_short_circuit_operator.py
[2024-03-12T09:43:19.271+0000] {logging_mixin.py:188} INFO - [2024-03-12T09:43:19.269+0000] {dag.py:3047} INFO - Sync 1 DAGs
[2024-03-12T09:43:19.311+0000] {logging_mixin.py:188} INFO - [2024-03-12T09:43:19.311+0000] {dag.py:3834} INFO - Setting next_dagrun for example_short_circuit_operator to 2024-03-11 00:00:00+00:00, run_after=2024-03-12 00:00:00+00:00
[2024-03-12T09:43:19.359+0000] {processor.py:183} INFO - Processing /usr/local/lib/python3.10/dist-packages/airflow/example_dags/example_short_circuit_operator.py took 0.183 seconds
[2024-03-12T09:44:03.103+0000] {processor.py:161} INFO - Started process (PID=15328) to work on /usr/local/lib/python3.10/dist-packages/airflow/example_dags/example_short_circuit_operator.py
[2024-03-12T09:44:03.106+0000] {processor.py:830} INFO - Processing file /usr/local/lib/python3.10/dist-packages/airflow/example_dags/example_short_circuit_operator.py for tasks to queue
[2024-03-12T09:44:03.108+0000] {logging_mixin.py:188} INFO - [2024-03-12T09:44:03.107+0000] {dagbag.py:540} INFO - Filling up the DagBag from /usr/local/lib/python3.10/dist-packages/airflow/example_dags/example_short_circuit_operator.py
[2024-03-12T09:44:03.123+0000] {processor.py:840} INFO - DAG(s) 'example_short_circuit_operator' retrieved from /usr/local/lib/python3.10/dist-packages/airflow/example_dags/example_short_circuit_operator.py
[2024-03-12T09:44:03.154+0000] {logging_mixin.py:188} INFO - [2024-03-12T09:44:03.154+0000] {dag.py:3047} INFO - Sync 1 DAGs
[2024-03-12T09:44:03.174+0000] {logging_mixin.py:188} INFO - [2024-03-12T09:44:03.174+0000] {dag.py:3834} INFO - Setting next_dagrun for example_short_circuit_operator to 2024-03-11 00:00:00+00:00, run_after=2024-03-12 00:00:00+00:00
[2024-03-12T09:44:03.199+0000] {processor.py:183} INFO - Processing /usr/local/lib/python3.10/dist-packages/airflow/example_dags/example_short_circuit_operator.py took 0.104 seconds
[2024-03-12T09:44:46.107+0000] {processor.py:161} INFO - Started process (PID=15371) to work on /usr/local/lib/python3.10/dist-packages/airflow/example_dags/example_short_circuit_operator.py
[2024-03-12T09:44:46.109+0000] {processor.py:830} INFO - Processing file /usr/local/lib/python3.10/dist-packages/airflow/example_dags/example_short_circuit_operator.py for tasks to queue
[2024-03-12T09:44:46.113+0000] {logging_mixin.py:188} INFO - [2024-03-12T09:44:46.110+0000] {dagbag.py:540} INFO - Filling up the DagBag from /usr/local/lib/python3.10/dist-packages/airflow/example_dags/example_short_circuit_operator.py
[2024-03-12T09:44:46.128+0000] {processor.py:840} INFO - DAG(s) 'example_short_circuit_operator' retrieved from /usr/local/lib/python3.10/dist-packages/airflow/example_dags/example_short_circuit_operator.py
[2024-03-12T09:44:46.166+0000] {logging_mixin.py:188} INFO - [2024-03-12T09:44:46.166+0000] {dag.py:3047} INFO - Sync 1 DAGs
[2024-03-12T09:44:46.193+0000] {logging_mixin.py:188} INFO - [2024-03-12T09:44:46.193+0000] {dag.py:3834} INFO - Setting next_dagrun for example_short_circuit_operator to 2024-03-11 00:00:00+00:00, run_after=2024-03-12 00:00:00+00:00
[2024-03-12T09:44:46.227+0000] {processor.py:183} INFO - Processing /usr/local/lib/python3.10/dist-packages/airflow/example_dags/example_short_circuit_operator.py took 0.126 seconds
[2024-03-12T09:45:30.697+0000] {processor.py:161} INFO - Started process (PID=15413) to work on /usr/local/lib/python3.10/dist-packages/airflow/example_dags/example_short_circuit_operator.py
[2024-03-12T09:45:30.699+0000] {processor.py:830} INFO - Processing file /usr/local/lib/python3.10/dist-packages/airflow/example_dags/example_short_circuit_operator.py for tasks to queue
[2024-03-12T09:45:30.700+0000] {logging_mixin.py:188} INFO - [2024-03-12T09:45:30.699+0000] {dagbag.py:540} INFO - Filling up the DagBag from /usr/local/lib/python3.10/dist-packages/airflow/example_dags/example_short_circuit_operator.py
[2024-03-12T09:45:30.710+0000] {processor.py:840} INFO - DAG(s) 'example_short_circuit_operator' retrieved from /usr/local/lib/python3.10/dist-packages/airflow/example_dags/example_short_circuit_operator.py
[2024-03-12T09:45:30.742+0000] {logging_mixin.py:188} INFO - [2024-03-12T09:45:30.741+0000] {dag.py:3047} INFO - Sync 1 DAGs
[2024-03-12T09:45:30.773+0000] {logging_mixin.py:188} INFO - [2024-03-12T09:45:30.772+0000] {dag.py:3834} INFO - Setting next_dagrun for example_short_circuit_operator to 2024-03-11 00:00:00+00:00, run_after=2024-03-12 00:00:00+00:00
[2024-03-12T09:45:30.803+0000] {processor.py:183} INFO - Processing /usr/local/lib/python3.10/dist-packages/airflow/example_dags/example_short_circuit_operator.py took 0.111 seconds
[2024-03-12T09:46:11.046+0000] {processor.py:161} INFO - Started process (PID=15453) to work on /usr/local/lib/python3.10/dist-packages/airflow/example_dags/example_short_circuit_operator.py
[2024-03-12T09:46:11.047+0000] {processor.py:830} INFO - Processing file /usr/local/lib/python3.10/dist-packages/airflow/example_dags/example_short_circuit_operator.py for tasks to queue
[2024-03-12T09:46:11.048+0000] {logging_mixin.py:188} INFO - [2024-03-12T09:46:11.048+0000] {dagbag.py:540} INFO - Filling up the DagBag from /usr/local/lib/python3.10/dist-packages/airflow/example_dags/example_short_circuit_operator.py
[2024-03-12T09:46:11.059+0000] {processor.py:840} INFO - DAG(s) 'example_short_circuit_operator' retrieved from /usr/local/lib/python3.10/dist-packages/airflow/example_dags/example_short_circuit_operator.py
[2024-03-12T09:46:11.090+0000] {logging_mixin.py:188} INFO - [2024-03-12T09:46:11.090+0000] {dag.py:3047} INFO - Sync 1 DAGs
[2024-03-12T09:46:11.120+0000] {logging_mixin.py:188} INFO - [2024-03-12T09:46:11.120+0000] {dag.py:3834} INFO - Setting next_dagrun for example_short_circuit_operator to 2024-03-11 00:00:00+00:00, run_after=2024-03-12 00:00:00+00:00
[2024-03-12T09:46:11.156+0000] {processor.py:183} INFO - Processing /usr/local/lib/python3.10/dist-packages/airflow/example_dags/example_short_circuit_operator.py took 0.115 seconds
[2024-03-12T09:46:51.225+0000] {processor.py:161} INFO - Started process (PID=15494) to work on /usr/local/lib/python3.10/dist-packages/airflow/example_dags/example_short_circuit_operator.py
[2024-03-12T09:46:51.227+0000] {processor.py:830} INFO - Processing file /usr/local/lib/python3.10/dist-packages/airflow/example_dags/example_short_circuit_operator.py for tasks to queue
[2024-03-12T09:46:51.228+0000] {logging_mixin.py:188} INFO - [2024-03-12T09:46:51.228+0000] {dagbag.py:540} INFO - Filling up the DagBag from /usr/local/lib/python3.10/dist-packages/airflow/example_dags/example_short_circuit_operator.py
[2024-03-12T09:46:51.237+0000] {processor.py:840} INFO - DAG(s) 'example_short_circuit_operator' retrieved from /usr/local/lib/python3.10/dist-packages/airflow/example_dags/example_short_circuit_operator.py
[2024-03-12T09:46:51.258+0000] {logging_mixin.py:188} INFO - [2024-03-12T09:46:51.258+0000] {dag.py:3047} INFO - Sync 1 DAGs
[2024-03-12T09:46:51.286+0000] {logging_mixin.py:188} INFO - [2024-03-12T09:46:51.286+0000] {dag.py:3834} INFO - Setting next_dagrun for example_short_circuit_operator to 2024-03-11 00:00:00+00:00, run_after=2024-03-12 00:00:00+00:00
[2024-03-12T09:46:51.313+0000] {processor.py:183} INFO - Processing /usr/local/lib/python3.10/dist-packages/airflow/example_dags/example_short_circuit_operator.py took 0.093 seconds
[2024-03-12T09:47:31.727+0000] {processor.py:161} INFO - Started process (PID=15531) to work on /usr/local/lib/python3.10/dist-packages/airflow/example_dags/example_short_circuit_operator.py
[2024-03-12T09:47:31.730+0000] {processor.py:830} INFO - Processing file /usr/local/lib/python3.10/dist-packages/airflow/example_dags/example_short_circuit_operator.py for tasks to queue
[2024-03-12T09:47:31.731+0000] {logging_mixin.py:188} INFO - [2024-03-12T09:47:31.730+0000] {dagbag.py:540} INFO - Filling up the DagBag from /usr/local/lib/python3.10/dist-packages/airflow/example_dags/example_short_circuit_operator.py
[2024-03-12T09:47:31.750+0000] {processor.py:840} INFO - DAG(s) 'example_short_circuit_operator' retrieved from /usr/local/lib/python3.10/dist-packages/airflow/example_dags/example_short_circuit_operator.py
[2024-03-12T09:47:31.784+0000] {logging_mixin.py:188} INFO - [2024-03-12T09:47:31.783+0000] {dag.py:3047} INFO - Sync 1 DAGs
[2024-03-12T09:47:31.818+0000] {logging_mixin.py:188} INFO - [2024-03-12T09:47:31.817+0000] {dag.py:3834} INFO - Setting next_dagrun for example_short_circuit_operator to 2024-03-11 00:00:00+00:00, run_after=2024-03-12 00:00:00+00:00
[2024-03-12T09:47:31.856+0000] {processor.py:183} INFO - Processing /usr/local/lib/python3.10/dist-packages/airflow/example_dags/example_short_circuit_operator.py took 0.136 seconds
[2024-03-12T09:48:14.657+0000] {processor.py:161} INFO - Started process (PID=15575) to work on /usr/local/lib/python3.10/dist-packages/airflow/example_dags/example_short_circuit_operator.py
[2024-03-12T09:48:14.659+0000] {processor.py:830} INFO - Processing file /usr/local/lib/python3.10/dist-packages/airflow/example_dags/example_short_circuit_operator.py for tasks to queue
[2024-03-12T09:48:14.660+0000] {logging_mixin.py:188} INFO - [2024-03-12T09:48:14.660+0000] {dagbag.py:540} INFO - Filling up the DagBag from /usr/local/lib/python3.10/dist-packages/airflow/example_dags/example_short_circuit_operator.py
[2024-03-12T09:48:14.671+0000] {processor.py:840} INFO - DAG(s) 'example_short_circuit_operator' retrieved from /usr/local/lib/python3.10/dist-packages/airflow/example_dags/example_short_circuit_operator.py
[2024-03-12T09:48:14.703+0000] {logging_mixin.py:188} INFO - [2024-03-12T09:48:14.702+0000] {dag.py:3047} INFO - Sync 1 DAGs
[2024-03-12T09:48:14.727+0000] {logging_mixin.py:188} INFO - [2024-03-12T09:48:14.726+0000] {dag.py:3834} INFO - Setting next_dagrun for example_short_circuit_operator to 2024-03-11 00:00:00+00:00, run_after=2024-03-12 00:00:00+00:00
[2024-03-12T09:48:14.754+0000] {processor.py:183} INFO - Processing /usr/local/lib/python3.10/dist-packages/airflow/example_dags/example_short_circuit_operator.py took 0.104 seconds
[2024-03-12T09:48:53.897+0000] {processor.py:161} INFO - Started process (PID=15618) to work on /usr/local/lib/python3.10/dist-packages/airflow/example_dags/example_short_circuit_operator.py
[2024-03-12T09:48:53.899+0000] {processor.py:830} INFO - Processing file /usr/local/lib/python3.10/dist-packages/airflow/example_dags/example_short_circuit_operator.py for tasks to queue
[2024-03-12T09:48:53.900+0000] {logging_mixin.py:188} INFO - [2024-03-12T09:48:53.899+0000] {dagbag.py:540} INFO - Filling up the DagBag from /usr/local/lib/python3.10/dist-packages/airflow/example_dags/example_short_circuit_operator.py
[2024-03-12T09:48:53.909+0000] {processor.py:840} INFO - DAG(s) 'example_short_circuit_operator' retrieved from /usr/local/lib/python3.10/dist-packages/airflow/example_dags/example_short_circuit_operator.py
[2024-03-12T09:48:53.928+0000] {logging_mixin.py:188} INFO - [2024-03-12T09:48:53.928+0000] {dag.py:3047} INFO - Sync 1 DAGs
[2024-03-12T09:48:53.949+0000] {logging_mixin.py:188} INFO - [2024-03-12T09:48:53.949+0000] {dag.py:3834} INFO - Setting next_dagrun for example_short_circuit_operator to 2024-03-11 00:00:00+00:00, run_after=2024-03-12 00:00:00+00:00
[2024-03-12T09:48:53.972+0000] {processor.py:183} INFO - Processing /usr/local/lib/python3.10/dist-packages/airflow/example_dags/example_short_circuit_operator.py took 0.079 seconds
[2024-03-12T09:49:35.849+0000] {processor.py:161} INFO - Started process (PID=15659) to work on /usr/local/lib/python3.10/dist-packages/airflow/example_dags/example_short_circuit_operator.py
[2024-03-12T09:49:35.851+0000] {processor.py:830} INFO - Processing file /usr/local/lib/python3.10/dist-packages/airflow/example_dags/example_short_circuit_operator.py for tasks to queue
[2024-03-12T09:49:35.852+0000] {logging_mixin.py:188} INFO - [2024-03-12T09:49:35.851+0000] {dagbag.py:540} INFO - Filling up the DagBag from /usr/local/lib/python3.10/dist-packages/airflow/example_dags/example_short_circuit_operator.py
[2024-03-12T09:49:35.861+0000] {processor.py:840} INFO - DAG(s) 'example_short_circuit_operator' retrieved from /usr/local/lib/python3.10/dist-packages/airflow/example_dags/example_short_circuit_operator.py
[2024-03-12T09:49:35.882+0000] {logging_mixin.py:188} INFO - [2024-03-12T09:49:35.882+0000] {dag.py:3047} INFO - Sync 1 DAGs
[2024-03-12T09:49:35.909+0000] {logging_mixin.py:188} INFO - [2024-03-12T09:49:35.908+0000] {dag.py:3834} INFO - Setting next_dagrun for example_short_circuit_operator to 2024-03-11 00:00:00+00:00, run_after=2024-03-12 00:00:00+00:00
[2024-03-12T09:49:35.936+0000] {processor.py:183} INFO - Processing /usr/local/lib/python3.10/dist-packages/airflow/example_dags/example_short_circuit_operator.py took 0.091 seconds
[2024-03-12T09:50:20.432+0000] {processor.py:161} INFO - Started process (PID=15701) to work on /usr/local/lib/python3.10/dist-packages/airflow/example_dags/example_short_circuit_operator.py
[2024-03-12T09:50:20.436+0000] {processor.py:830} INFO - Processing file /usr/local/lib/python3.10/dist-packages/airflow/example_dags/example_short_circuit_operator.py for tasks to queue
[2024-03-12T09:50:20.443+0000] {logging_mixin.py:188} INFO - [2024-03-12T09:50:20.438+0000] {dagbag.py:540} INFO - Filling up the DagBag from /usr/local/lib/python3.10/dist-packages/airflow/example_dags/example_short_circuit_operator.py
[2024-03-12T09:50:20.457+0000] {processor.py:840} INFO - DAG(s) 'example_short_circuit_operator' retrieved from /usr/local/lib/python3.10/dist-packages/airflow/example_dags/example_short_circuit_operator.py
[2024-03-12T09:50:20.478+0000] {logging_mixin.py:188} INFO - [2024-03-12T09:50:20.478+0000] {dag.py:3047} INFO - Sync 1 DAGs
[2024-03-12T09:50:20.528+0000] {logging_mixin.py:188} INFO - [2024-03-12T09:50:20.528+0000] {dag.py:3834} INFO - Setting next_dagrun for example_short_circuit_operator to 2024-03-11 00:00:00+00:00, run_after=2024-03-12 00:00:00+00:00
[2024-03-12T09:50:20.578+0000] {processor.py:183} INFO - Processing /usr/local/lib/python3.10/dist-packages/airflow/example_dags/example_short_circuit_operator.py took 0.154 seconds
[2024-03-12T09:51:05.517+0000] {processor.py:161} INFO - Started process (PID=15743) to work on /usr/local/lib/python3.10/dist-packages/airflow/example_dags/example_short_circuit_operator.py
[2024-03-12T09:51:05.520+0000] {processor.py:830} INFO - Processing file /usr/local/lib/python3.10/dist-packages/airflow/example_dags/example_short_circuit_operator.py for tasks to queue
[2024-03-12T09:51:05.521+0000] {logging_mixin.py:188} INFO - [2024-03-12T09:51:05.520+0000] {dagbag.py:540} INFO - Filling up the DagBag from /usr/local/lib/python3.10/dist-packages/airflow/example_dags/example_short_circuit_operator.py
[2024-03-12T09:51:05.536+0000] {processor.py:840} INFO - DAG(s) 'example_short_circuit_operator' retrieved from /usr/local/lib/python3.10/dist-packages/airflow/example_dags/example_short_circuit_operator.py
[2024-03-12T09:51:05.575+0000] {logging_mixin.py:188} INFO - [2024-03-12T09:51:05.575+0000] {dag.py:3047} INFO - Sync 1 DAGs
[2024-03-12T09:51:05.622+0000] {logging_mixin.py:188} INFO - [2024-03-12T09:51:05.621+0000] {dag.py:3834} INFO - Setting next_dagrun for example_short_circuit_operator to 2024-03-11 00:00:00+00:00, run_after=2024-03-12 00:00:00+00:00
[2024-03-12T09:51:05.665+0000] {processor.py:183} INFO - Processing /usr/local/lib/python3.10/dist-packages/airflow/example_dags/example_short_circuit_operator.py took 0.157 seconds
[2024-03-12T09:51:53.394+0000] {processor.py:161} INFO - Started process (PID=15788) to work on /usr/local/lib/python3.10/dist-packages/airflow/example_dags/example_short_circuit_operator.py
[2024-03-12T09:51:53.396+0000] {processor.py:830} INFO - Processing file /usr/local/lib/python3.10/dist-packages/airflow/example_dags/example_short_circuit_operator.py for tasks to queue
[2024-03-12T09:51:53.397+0000] {logging_mixin.py:188} INFO - [2024-03-12T09:51:53.396+0000] {dagbag.py:540} INFO - Filling up the DagBag from /usr/local/lib/python3.10/dist-packages/airflow/example_dags/example_short_circuit_operator.py
[2024-03-12T09:51:53.416+0000] {processor.py:840} INFO - DAG(s) 'example_short_circuit_operator' retrieved from /usr/local/lib/python3.10/dist-packages/airflow/example_dags/example_short_circuit_operator.py
[2024-03-12T09:51:53.460+0000] {logging_mixin.py:188} INFO - [2024-03-12T09:51:53.460+0000] {dag.py:3047} INFO - Sync 1 DAGs
[2024-03-12T09:51:53.492+0000] {logging_mixin.py:188} INFO - [2024-03-12T09:51:53.492+0000] {dag.py:3834} INFO - Setting next_dagrun for example_short_circuit_operator to 2024-03-11 00:00:00+00:00, run_after=2024-03-12 00:00:00+00:00
[2024-03-12T09:51:53.518+0000] {processor.py:183} INFO - Processing /usr/local/lib/python3.10/dist-packages/airflow/example_dags/example_short_circuit_operator.py took 0.134 seconds
[2024-03-12T09:52:37.809+0000] {processor.py:161} INFO - Started process (PID=15834) to work on /usr/local/lib/python3.10/dist-packages/airflow/example_dags/example_short_circuit_operator.py
[2024-03-12T09:52:37.811+0000] {processor.py:830} INFO - Processing file /usr/local/lib/python3.10/dist-packages/airflow/example_dags/example_short_circuit_operator.py for tasks to queue
[2024-03-12T09:52:37.817+0000] {logging_mixin.py:188} INFO - [2024-03-12T09:52:37.812+0000] {dagbag.py:540} INFO - Filling up the DagBag from /usr/local/lib/python3.10/dist-packages/airflow/example_dags/example_short_circuit_operator.py
[2024-03-12T09:52:37.830+0000] {processor.py:840} INFO - DAG(s) 'example_short_circuit_operator' retrieved from /usr/local/lib/python3.10/dist-packages/airflow/example_dags/example_short_circuit_operator.py
[2024-03-12T09:52:37.852+0000] {logging_mixin.py:188} INFO - [2024-03-12T09:52:37.852+0000] {dag.py:3047} INFO - Sync 1 DAGs
[2024-03-12T09:52:37.878+0000] {logging_mixin.py:188} INFO - [2024-03-12T09:52:37.878+0000] {dag.py:3834} INFO - Setting next_dagrun for example_short_circuit_operator to 2024-03-11 00:00:00+00:00, run_after=2024-03-12 00:00:00+00:00
[2024-03-12T09:52:37.906+0000] {processor.py:183} INFO - Processing /usr/local/lib/python3.10/dist-packages/airflow/example_dags/example_short_circuit_operator.py took 0.103 seconds
[2024-03-12T09:53:19.916+0000] {processor.py:161} INFO - Started process (PID=15875) to work on /usr/local/lib/python3.10/dist-packages/airflow/example_dags/example_short_circuit_operator.py
[2024-03-12T09:53:19.917+0000] {processor.py:830} INFO - Processing file /usr/local/lib/python3.10/dist-packages/airflow/example_dags/example_short_circuit_operator.py for tasks to queue
[2024-03-12T09:53:19.918+0000] {logging_mixin.py:188} INFO - [2024-03-12T09:53:19.918+0000] {dagbag.py:540} INFO - Filling up the DagBag from /usr/local/lib/python3.10/dist-packages/airflow/example_dags/example_short_circuit_operator.py
[2024-03-12T09:53:19.937+0000] {processor.py:840} INFO - DAG(s) 'example_short_circuit_operator' retrieved from /usr/local/lib/python3.10/dist-packages/airflow/example_dags/example_short_circuit_operator.py
[2024-03-12T09:53:19.965+0000] {logging_mixin.py:188} INFO - [2024-03-12T09:53:19.965+0000] {dag.py:3047} INFO - Sync 1 DAGs
[2024-03-12T09:53:19.989+0000] {logging_mixin.py:188} INFO - [2024-03-12T09:53:19.989+0000] {dag.py:3834} INFO - Setting next_dagrun for example_short_circuit_operator to 2024-03-11 00:00:00+00:00, run_after=2024-03-12 00:00:00+00:00
[2024-03-12T09:53:20.014+0000] {processor.py:183} INFO - Processing /usr/local/lib/python3.10/dist-packages/airflow/example_dags/example_short_circuit_operator.py took 0.103 seconds
[2024-03-12T09:54:04.464+0000] {processor.py:161} INFO - Started process (PID=15916) to work on /usr/local/lib/python3.10/dist-packages/airflow/example_dags/example_short_circuit_operator.py
[2024-03-12T09:54:04.466+0000] {processor.py:830} INFO - Processing file /usr/local/lib/python3.10/dist-packages/airflow/example_dags/example_short_circuit_operator.py for tasks to queue
[2024-03-12T09:54:04.468+0000] {logging_mixin.py:188} INFO - [2024-03-12T09:54:04.467+0000] {dagbag.py:540} INFO - Filling up the DagBag from /usr/local/lib/python3.10/dist-packages/airflow/example_dags/example_short_circuit_operator.py
[2024-03-12T09:54:04.479+0000] {processor.py:840} INFO - DAG(s) 'example_short_circuit_operator' retrieved from /usr/local/lib/python3.10/dist-packages/airflow/example_dags/example_short_circuit_operator.py
[2024-03-12T09:54:04.501+0000] {logging_mixin.py:188} INFO - [2024-03-12T09:54:04.501+0000] {dag.py:3047} INFO - Sync 1 DAGs
[2024-03-12T09:54:04.527+0000] {logging_mixin.py:188} INFO - [2024-03-12T09:54:04.527+0000] {dag.py:3834} INFO - Setting next_dagrun for example_short_circuit_operator to 2024-03-11 00:00:00+00:00, run_after=2024-03-12 00:00:00+00:00
[2024-03-12T09:54:04.561+0000] {processor.py:183} INFO - Processing /usr/local/lib/python3.10/dist-packages/airflow/example_dags/example_short_circuit_operator.py took 0.101 seconds
[2024-03-12T09:54:51.330+0000] {processor.py:161} INFO - Started process (PID=15963) to work on /usr/local/lib/python3.10/dist-packages/airflow/example_dags/example_short_circuit_operator.py
[2024-03-12T09:54:51.332+0000] {processor.py:830} INFO - Processing file /usr/local/lib/python3.10/dist-packages/airflow/example_dags/example_short_circuit_operator.py for tasks to queue
[2024-03-12T09:54:51.333+0000] {logging_mixin.py:188} INFO - [2024-03-12T09:54:51.332+0000] {dagbag.py:540} INFO - Filling up the DagBag from /usr/local/lib/python3.10/dist-packages/airflow/example_dags/example_short_circuit_operator.py
[2024-03-12T09:54:51.344+0000] {processor.py:840} INFO - DAG(s) 'example_short_circuit_operator' retrieved from /usr/local/lib/python3.10/dist-packages/airflow/example_dags/example_short_circuit_operator.py
[2024-03-12T09:54:51.370+0000] {logging_mixin.py:188} INFO - [2024-03-12T09:54:51.370+0000] {dag.py:3047} INFO - Sync 1 DAGs
[2024-03-12T09:54:51.400+0000] {logging_mixin.py:188} INFO - [2024-03-12T09:54:51.400+0000] {dag.py:3834} INFO - Setting next_dagrun for example_short_circuit_operator to 2024-03-11 00:00:00+00:00, run_after=2024-03-12 00:00:00+00:00
[2024-03-12T09:54:51.437+0000] {processor.py:183} INFO - Processing /usr/local/lib/python3.10/dist-packages/airflow/example_dags/example_short_circuit_operator.py took 0.113 seconds
[2024-03-12T09:55:35.049+0000] {processor.py:161} INFO - Started process (PID=16007) to work on /usr/local/lib/python3.10/dist-packages/airflow/example_dags/example_short_circuit_operator.py
[2024-03-12T09:55:35.051+0000] {processor.py:830} INFO - Processing file /usr/local/lib/python3.10/dist-packages/airflow/example_dags/example_short_circuit_operator.py for tasks to queue
[2024-03-12T09:55:35.059+0000] {logging_mixin.py:188} INFO - [2024-03-12T09:55:35.058+0000] {dagbag.py:540} INFO - Filling up the DagBag from /usr/local/lib/python3.10/dist-packages/airflow/example_dags/example_short_circuit_operator.py
[2024-03-12T09:55:35.071+0000] {processor.py:840} INFO - DAG(s) 'example_short_circuit_operator' retrieved from /usr/local/lib/python3.10/dist-packages/airflow/example_dags/example_short_circuit_operator.py
[2024-03-12T09:55:35.096+0000] {logging_mixin.py:188} INFO - [2024-03-12T09:55:35.096+0000] {dag.py:3047} INFO - Sync 1 DAGs
[2024-03-12T09:55:35.120+0000] {logging_mixin.py:188} INFO - [2024-03-12T09:55:35.119+0000] {dag.py:3834} INFO - Setting next_dagrun for example_short_circuit_operator to 2024-03-11 00:00:00+00:00, run_after=2024-03-12 00:00:00+00:00
[2024-03-12T09:55:35.157+0000] {processor.py:183} INFO - Processing /usr/local/lib/python3.10/dist-packages/airflow/example_dags/example_short_circuit_operator.py took 0.114 seconds
[2024-03-12T09:56:20.306+0000] {processor.py:161} INFO - Started process (PID=16050) to work on /usr/local/lib/python3.10/dist-packages/airflow/example_dags/example_short_circuit_operator.py
[2024-03-12T09:56:20.308+0000] {processor.py:830} INFO - Processing file /usr/local/lib/python3.10/dist-packages/airflow/example_dags/example_short_circuit_operator.py for tasks to queue
[2024-03-12T09:56:20.309+0000] {logging_mixin.py:188} INFO - [2024-03-12T09:56:20.308+0000] {dagbag.py:540} INFO - Filling up the DagBag from /usr/local/lib/python3.10/dist-packages/airflow/example_dags/example_short_circuit_operator.py
[2024-03-12T09:56:20.324+0000] {processor.py:840} INFO - DAG(s) 'example_short_circuit_operator' retrieved from /usr/local/lib/python3.10/dist-packages/airflow/example_dags/example_short_circuit_operator.py
[2024-03-12T09:56:20.354+0000] {logging_mixin.py:188} INFO - [2024-03-12T09:56:20.353+0000] {dag.py:3047} INFO - Sync 1 DAGs
[2024-03-12T09:56:20.375+0000] {logging_mixin.py:188} INFO - [2024-03-12T09:56:20.375+0000] {dag.py:3834} INFO - Setting next_dagrun for example_short_circuit_operator to 2024-03-11 00:00:00+00:00, run_after=2024-03-12 00:00:00+00:00
[2024-03-12T09:56:20.401+0000] {processor.py:183} INFO - Processing /usr/local/lib/python3.10/dist-packages/airflow/example_dags/example_short_circuit_operator.py took 0.098 seconds
[2024-03-12T09:57:04.933+0000] {processor.py:161} INFO - Started process (PID=16092) to work on /usr/local/lib/python3.10/dist-packages/airflow/example_dags/example_short_circuit_operator.py
[2024-03-12T09:57:04.935+0000] {processor.py:830} INFO - Processing file /usr/local/lib/python3.10/dist-packages/airflow/example_dags/example_short_circuit_operator.py for tasks to queue
[2024-03-12T09:57:04.937+0000] {logging_mixin.py:188} INFO - [2024-03-12T09:57:04.936+0000] {dagbag.py:540} INFO - Filling up the DagBag from /usr/local/lib/python3.10/dist-packages/airflow/example_dags/example_short_circuit_operator.py
[2024-03-12T09:57:04.949+0000] {processor.py:840} INFO - DAG(s) 'example_short_circuit_operator' retrieved from /usr/local/lib/python3.10/dist-packages/airflow/example_dags/example_short_circuit_operator.py
[2024-03-12T09:57:04.998+0000] {logging_mixin.py:188} INFO - [2024-03-12T09:57:04.998+0000] {dag.py:3047} INFO - Sync 1 DAGs
[2024-03-12T09:57:05.037+0000] {logging_mixin.py:188} INFO - [2024-03-12T09:57:05.037+0000] {dag.py:3834} INFO - Setting next_dagrun for example_short_circuit_operator to 2024-03-11 00:00:00+00:00, run_after=2024-03-12 00:00:00+00:00
[2024-03-12T09:57:05.069+0000] {processor.py:183} INFO - Processing /usr/local/lib/python3.10/dist-packages/airflow/example_dags/example_short_circuit_operator.py took 0.139 seconds
[2024-03-12T09:57:49.177+0000] {processor.py:161} INFO - Started process (PID=16135) to work on /usr/local/lib/python3.10/dist-packages/airflow/example_dags/example_short_circuit_operator.py
[2024-03-12T09:57:49.178+0000] {processor.py:830} INFO - Processing file /usr/local/lib/python3.10/dist-packages/airflow/example_dags/example_short_circuit_operator.py for tasks to queue
[2024-03-12T09:57:49.179+0000] {logging_mixin.py:188} INFO - [2024-03-12T09:57:49.179+0000] {dagbag.py:540} INFO - Filling up the DagBag from /usr/local/lib/python3.10/dist-packages/airflow/example_dags/example_short_circuit_operator.py
[2024-03-12T09:57:49.189+0000] {processor.py:840} INFO - DAG(s) 'example_short_circuit_operator' retrieved from /usr/local/lib/python3.10/dist-packages/airflow/example_dags/example_short_circuit_operator.py
[2024-03-12T09:57:49.213+0000] {logging_mixin.py:188} INFO - [2024-03-12T09:57:49.213+0000] {dag.py:3047} INFO - Sync 1 DAGs
[2024-03-12T09:57:49.236+0000] {logging_mixin.py:188} INFO - [2024-03-12T09:57:49.235+0000] {dag.py:3834} INFO - Setting next_dagrun for example_short_circuit_operator to 2024-03-11 00:00:00+00:00, run_after=2024-03-12 00:00:00+00:00
[2024-03-12T09:57:49.280+0000] {processor.py:183} INFO - Processing /usr/local/lib/python3.10/dist-packages/airflow/example_dags/example_short_circuit_operator.py took 0.107 seconds
[2024-03-12T09:58:31.182+0000] {processor.py:161} INFO - Started process (PID=16187) to work on /usr/local/lib/python3.10/dist-packages/airflow/example_dags/example_short_circuit_operator.py
[2024-03-12T09:58:31.183+0000] {processor.py:830} INFO - Processing file /usr/local/lib/python3.10/dist-packages/airflow/example_dags/example_short_circuit_operator.py for tasks to queue
[2024-03-12T09:58:31.184+0000] {logging_mixin.py:188} INFO - [2024-03-12T09:58:31.184+0000] {dagbag.py:540} INFO - Filling up the DagBag from /usr/local/lib/python3.10/dist-packages/airflow/example_dags/example_short_circuit_operator.py
[2024-03-12T09:58:31.196+0000] {processor.py:840} INFO - DAG(s) 'example_short_circuit_operator' retrieved from /usr/local/lib/python3.10/dist-packages/airflow/example_dags/example_short_circuit_operator.py
[2024-03-12T09:58:31.225+0000] {logging_mixin.py:188} INFO - [2024-03-12T09:58:31.224+0000] {dag.py:3047} INFO - Sync 1 DAGs
[2024-03-12T09:58:31.250+0000] {logging_mixin.py:188} INFO - [2024-03-12T09:58:31.250+0000] {dag.py:3834} INFO - Setting next_dagrun for example_short_circuit_operator to 2024-03-11 00:00:00+00:00, run_after=2024-03-12 00:00:00+00:00
[2024-03-12T09:58:31.281+0000] {processor.py:183} INFO - Processing /usr/local/lib/python3.10/dist-packages/airflow/example_dags/example_short_circuit_operator.py took 0.103 seconds
