[2024-03-12T09:19:33.784+0000] {processor.py:161} INFO - Started process (PID=13934) to work on /usr/local/lib/python3.10/dist-packages/airflow/example_dags/example_time_delta_sensor_async.py
[2024-03-12T09:19:33.785+0000] {processor.py:830} INFO - Processing file /usr/local/lib/python3.10/dist-packages/airflow/example_dags/example_time_delta_sensor_async.py for tasks to queue
[2024-03-12T09:19:33.786+0000] {logging_mixin.py:188} INFO - [2024-03-12T09:19:33.785+0000] {dagbag.py:540} INFO - Filling up the DagBag from /usr/local/lib/python3.10/dist-packages/airflow/example_dags/example_time_delta_sensor_async.py
[2024-03-12T09:19:33.796+0000] {processor.py:840} INFO - DAG(s) 'example_time_delta_sensor_async' retrieved from /usr/local/lib/python3.10/dist-packages/airflow/example_dags/example_time_delta_sensor_async.py
[2024-03-12T09:19:33.973+0000] {logging_mixin.py:188} INFO - [2024-03-12T09:19:33.972+0000] {override.py:1769} INFO - Created Permission View: can read on DAG:example_time_delta_sensor_async
[2024-03-12T09:19:33.990+0000] {logging_mixin.py:188} INFO - [2024-03-12T09:19:33.989+0000] {override.py:1769} INFO - Created Permission View: can edit on DAG:example_time_delta_sensor_async
[2024-03-12T09:19:34.016+0000] {logging_mixin.py:188} INFO - [2024-03-12T09:19:34.014+0000] {override.py:1769} INFO - Created Permission View: can delete on DAG:example_time_delta_sensor_async
[2024-03-12T09:19:34.017+0000] {logging_mixin.py:188} INFO - [2024-03-12T09:19:34.016+0000] {dag.py:3047} INFO - Sync 1 DAGs
[2024-03-12T09:19:34.041+0000] {logging_mixin.py:188} INFO - [2024-03-12T09:19:34.041+0000] {dag.py:3069} INFO - Creating ORM DAG for example_time_delta_sensor_async
[2024-03-12T09:19:34.042+0000] {logging_mixin.py:188} INFO - [2024-03-12T09:19:34.042+0000] {dag.py:3834} INFO - Setting next_dagrun for example_time_delta_sensor_async to None, run_after=None
[2024-03-12T09:19:34.071+0000] {processor.py:183} INFO - Processing /usr/local/lib/python3.10/dist-packages/airflow/example_dags/example_time_delta_sensor_async.py took 0.296 seconds
[2024-03-12T09:22:26.894+0000] {processor.py:161} INFO - Started process (PID=13992) to work on /usr/local/lib/python3.10/dist-packages/airflow/example_dags/example_time_delta_sensor_async.py
[2024-03-12T09:22:26.898+0000] {processor.py:830} INFO - Processing file /usr/local/lib/python3.10/dist-packages/airflow/example_dags/example_time_delta_sensor_async.py for tasks to queue
[2024-03-12T09:22:26.901+0000] {logging_mixin.py:188} INFO - [2024-03-12T09:22:26.900+0000] {dagbag.py:540} INFO - Filling up the DagBag from /usr/local/lib/python3.10/dist-packages/airflow/example_dags/example_time_delta_sensor_async.py
[2024-03-12T09:22:26.925+0000] {processor.py:840} INFO - DAG(s) 'example_time_delta_sensor_async' retrieved from /usr/local/lib/python3.10/dist-packages/airflow/example_dags/example_time_delta_sensor_async.py
[2024-03-12T09:22:26.950+0000] {logging_mixin.py:188} INFO - [2024-03-12T09:22:26.948+0000] {dag.py:3047} INFO - Sync 1 DAGs
[2024-03-12T09:22:26.989+0000] {logging_mixin.py:188} INFO - [2024-03-12T09:22:26.989+0000] {dag.py:3834} INFO - Setting next_dagrun for example_time_delta_sensor_async to None, run_after=None
[2024-03-12T09:22:27.032+0000] {processor.py:183} INFO - Processing /usr/local/lib/python3.10/dist-packages/airflow/example_dags/example_time_delta_sensor_async.py took 0.147 seconds
[2024-03-12T09:23:28.538+0000] {processor.py:161} INFO - Started process (PID=14043) to work on /usr/local/lib/python3.10/dist-packages/airflow/example_dags/example_time_delta_sensor_async.py
[2024-03-12T09:23:28.539+0000] {processor.py:830} INFO - Processing file /usr/local/lib/python3.10/dist-packages/airflow/example_dags/example_time_delta_sensor_async.py for tasks to queue
[2024-03-12T09:23:28.541+0000] {logging_mixin.py:188} INFO - [2024-03-12T09:23:28.540+0000] {dagbag.py:540} INFO - Filling up the DagBag from /usr/local/lib/python3.10/dist-packages/airflow/example_dags/example_time_delta_sensor_async.py
[2024-03-12T09:23:28.549+0000] {processor.py:840} INFO - DAG(s) 'example_time_delta_sensor_async' retrieved from /usr/local/lib/python3.10/dist-packages/airflow/example_dags/example_time_delta_sensor_async.py
[2024-03-12T09:23:28.871+0000] {logging_mixin.py:188} INFO - [2024-03-12T09:23:28.870+0000] {dag.py:3047} INFO - Sync 1 DAGs
[2024-03-12T09:23:28.881+0000] {logging_mixin.py:188} INFO - [2024-03-12T09:23:28.880+0000] {dag.py:3834} INFO - Setting next_dagrun for example_time_delta_sensor_async to None, run_after=None
[2024-03-12T09:23:28.907+0000] {processor.py:183} INFO - Processing /usr/local/lib/python3.10/dist-packages/airflow/example_dags/example_time_delta_sensor_async.py took 0.377 seconds
[2024-03-12T09:24:20.404+0000] {processor.py:161} INFO - Started process (PID=14095) to work on /usr/local/lib/python3.10/dist-packages/airflow/example_dags/example_time_delta_sensor_async.py
[2024-03-12T09:24:20.405+0000] {processor.py:830} INFO - Processing file /usr/local/lib/python3.10/dist-packages/airflow/example_dags/example_time_delta_sensor_async.py for tasks to queue
[2024-03-12T09:24:20.406+0000] {logging_mixin.py:188} INFO - [2024-03-12T09:24:20.405+0000] {dagbag.py:540} INFO - Filling up the DagBag from /usr/local/lib/python3.10/dist-packages/airflow/example_dags/example_time_delta_sensor_async.py
[2024-03-12T09:24:20.412+0000] {processor.py:840} INFO - DAG(s) 'example_time_delta_sensor_async' retrieved from /usr/local/lib/python3.10/dist-packages/airflow/example_dags/example_time_delta_sensor_async.py
[2024-03-12T09:24:20.427+0000] {logging_mixin.py:188} INFO - [2024-03-12T09:24:20.427+0000] {dag.py:3047} INFO - Sync 1 DAGs
[2024-03-12T09:24:20.440+0000] {logging_mixin.py:188} INFO - [2024-03-12T09:24:20.439+0000] {dag.py:3834} INFO - Setting next_dagrun for example_time_delta_sensor_async to None, run_after=None
[2024-03-12T09:24:20.462+0000] {processor.py:183} INFO - Processing /usr/local/lib/python3.10/dist-packages/airflow/example_dags/example_time_delta_sensor_async.py took 0.062 seconds
[2024-03-12T09:25:09.254+0000] {processor.py:161} INFO - Started process (PID=14136) to work on /usr/local/lib/python3.10/dist-packages/airflow/example_dags/example_time_delta_sensor_async.py
[2024-03-12T09:25:09.256+0000] {processor.py:830} INFO - Processing file /usr/local/lib/python3.10/dist-packages/airflow/example_dags/example_time_delta_sensor_async.py for tasks to queue
[2024-03-12T09:25:09.258+0000] {logging_mixin.py:188} INFO - [2024-03-12T09:25:09.257+0000] {dagbag.py:540} INFO - Filling up the DagBag from /usr/local/lib/python3.10/dist-packages/airflow/example_dags/example_time_delta_sensor_async.py
[2024-03-12T09:25:09.276+0000] {processor.py:840} INFO - DAG(s) 'example_time_delta_sensor_async' retrieved from /usr/local/lib/python3.10/dist-packages/airflow/example_dags/example_time_delta_sensor_async.py
[2024-03-12T09:25:09.439+0000] {logging_mixin.py:188} INFO - [2024-03-12T09:25:09.439+0000] {dag.py:3047} INFO - Sync 1 DAGs
[2024-03-12T09:25:09.452+0000] {logging_mixin.py:188} INFO - [2024-03-12T09:25:09.451+0000] {dag.py:3834} INFO - Setting next_dagrun for example_time_delta_sensor_async to None, run_after=None
[2024-03-12T09:25:09.485+0000] {processor.py:183} INFO - Processing /usr/local/lib/python3.10/dist-packages/airflow/example_dags/example_time_delta_sensor_async.py took 0.246 seconds
[2024-03-12T09:25:57.033+0000] {processor.py:161} INFO - Started process (PID=14183) to work on /usr/local/lib/python3.10/dist-packages/airflow/example_dags/example_time_delta_sensor_async.py
[2024-03-12T09:25:57.034+0000] {processor.py:830} INFO - Processing file /usr/local/lib/python3.10/dist-packages/airflow/example_dags/example_time_delta_sensor_async.py for tasks to queue
[2024-03-12T09:25:57.035+0000] {logging_mixin.py:188} INFO - [2024-03-12T09:25:57.035+0000] {dagbag.py:540} INFO - Filling up the DagBag from /usr/local/lib/python3.10/dist-packages/airflow/example_dags/example_time_delta_sensor_async.py
[2024-03-12T09:25:57.040+0000] {processor.py:840} INFO - DAG(s) 'example_time_delta_sensor_async' retrieved from /usr/local/lib/python3.10/dist-packages/airflow/example_dags/example_time_delta_sensor_async.py
[2024-03-12T09:25:57.057+0000] {logging_mixin.py:188} INFO - [2024-03-12T09:25:57.057+0000] {dag.py:3047} INFO - Sync 1 DAGs
[2024-03-12T09:25:57.070+0000] {logging_mixin.py:188} INFO - [2024-03-12T09:25:57.070+0000] {dag.py:3834} INFO - Setting next_dagrun for example_time_delta_sensor_async to None, run_after=None
[2024-03-12T09:25:57.093+0000] {processor.py:183} INFO - Processing /usr/local/lib/python3.10/dist-packages/airflow/example_dags/example_time_delta_sensor_async.py took 0.064 seconds
[2024-03-12T09:26:47.650+0000] {processor.py:161} INFO - Started process (PID=14235) to work on /usr/local/lib/python3.10/dist-packages/airflow/example_dags/example_time_delta_sensor_async.py
[2024-03-12T09:26:47.653+0000] {processor.py:830} INFO - Processing file /usr/local/lib/python3.10/dist-packages/airflow/example_dags/example_time_delta_sensor_async.py for tasks to queue
[2024-03-12T09:26:47.655+0000] {logging_mixin.py:188} INFO - [2024-03-12T09:26:47.654+0000] {dagbag.py:540} INFO - Filling up the DagBag from /usr/local/lib/python3.10/dist-packages/airflow/example_dags/example_time_delta_sensor_async.py
[2024-03-12T09:26:47.661+0000] {processor.py:840} INFO - DAG(s) 'example_time_delta_sensor_async' retrieved from /usr/local/lib/python3.10/dist-packages/airflow/example_dags/example_time_delta_sensor_async.py
[2024-03-12T09:26:47.687+0000] {logging_mixin.py:188} INFO - [2024-03-12T09:26:47.686+0000] {dag.py:3047} INFO - Sync 1 DAGs
[2024-03-12T09:26:47.706+0000] {logging_mixin.py:188} INFO - [2024-03-12T09:26:47.705+0000] {dag.py:3834} INFO - Setting next_dagrun for example_time_delta_sensor_async to None, run_after=None
[2024-03-12T09:26:47.743+0000] {processor.py:183} INFO - Processing /usr/local/lib/python3.10/dist-packages/airflow/example_dags/example_time_delta_sensor_async.py took 0.096 seconds
[2024-03-12T09:27:32.825+0000] {processor.py:161} INFO - Started process (PID=14278) to work on /usr/local/lib/python3.10/dist-packages/airflow/example_dags/example_time_delta_sensor_async.py
[2024-03-12T09:27:32.828+0000] {processor.py:830} INFO - Processing file /usr/local/lib/python3.10/dist-packages/airflow/example_dags/example_time_delta_sensor_async.py for tasks to queue
[2024-03-12T09:27:32.837+0000] {logging_mixin.py:188} INFO - [2024-03-12T09:27:32.834+0000] {dagbag.py:540} INFO - Filling up the DagBag from /usr/local/lib/python3.10/dist-packages/airflow/example_dags/example_time_delta_sensor_async.py
[2024-03-12T09:27:32.858+0000] {processor.py:840} INFO - DAG(s) 'example_time_delta_sensor_async' retrieved from /usr/local/lib/python3.10/dist-packages/airflow/example_dags/example_time_delta_sensor_async.py
[2024-03-12T09:27:32.892+0000] {logging_mixin.py:188} INFO - [2024-03-12T09:27:32.892+0000] {dag.py:3047} INFO - Sync 1 DAGs
[2024-03-12T09:27:32.913+0000] {logging_mixin.py:188} INFO - [2024-03-12T09:27:32.913+0000] {dag.py:3834} INFO - Setting next_dagrun for example_time_delta_sensor_async to None, run_after=None
[2024-03-12T09:27:32.950+0000] {processor.py:183} INFO - Processing /usr/local/lib/python3.10/dist-packages/airflow/example_dags/example_time_delta_sensor_async.py took 0.131 seconds
[2024-03-12T09:28:13.550+0000] {processor.py:161} INFO - Started process (PID=14319) to work on /usr/local/lib/python3.10/dist-packages/airflow/example_dags/example_time_delta_sensor_async.py
[2024-03-12T09:28:13.551+0000] {processor.py:830} INFO - Processing file /usr/local/lib/python3.10/dist-packages/airflow/example_dags/example_time_delta_sensor_async.py for tasks to queue
[2024-03-12T09:28:13.552+0000] {logging_mixin.py:188} INFO - [2024-03-12T09:28:13.552+0000] {dagbag.py:540} INFO - Filling up the DagBag from /usr/local/lib/python3.10/dist-packages/airflow/example_dags/example_time_delta_sensor_async.py
[2024-03-12T09:28:13.559+0000] {processor.py:840} INFO - DAG(s) 'example_time_delta_sensor_async' retrieved from /usr/local/lib/python3.10/dist-packages/airflow/example_dags/example_time_delta_sensor_async.py
[2024-03-12T09:28:13.597+0000] {logging_mixin.py:188} INFO - [2024-03-12T09:28:13.596+0000] {dag.py:3047} INFO - Sync 1 DAGs
[2024-03-12T09:28:13.639+0000] {logging_mixin.py:188} INFO - [2024-03-12T09:28:13.638+0000] {dag.py:3834} INFO - Setting next_dagrun for example_time_delta_sensor_async to None, run_after=None
[2024-03-12T09:28:13.680+0000] {processor.py:183} INFO - Processing /usr/local/lib/python3.10/dist-packages/airflow/example_dags/example_time_delta_sensor_async.py took 0.135 seconds
[2024-03-12T09:28:52.502+0000] {processor.py:161} INFO - Started process (PID=14358) to work on /usr/local/lib/python3.10/dist-packages/airflow/example_dags/example_time_delta_sensor_async.py
[2024-03-12T09:28:52.504+0000] {processor.py:830} INFO - Processing file /usr/local/lib/python3.10/dist-packages/airflow/example_dags/example_time_delta_sensor_async.py for tasks to queue
[2024-03-12T09:28:52.505+0000] {logging_mixin.py:188} INFO - [2024-03-12T09:28:52.504+0000] {dagbag.py:540} INFO - Filling up the DagBag from /usr/local/lib/python3.10/dist-packages/airflow/example_dags/example_time_delta_sensor_async.py
[2024-03-12T09:28:52.511+0000] {processor.py:840} INFO - DAG(s) 'example_time_delta_sensor_async' retrieved from /usr/local/lib/python3.10/dist-packages/airflow/example_dags/example_time_delta_sensor_async.py
[2024-03-12T09:28:52.531+0000] {logging_mixin.py:188} INFO - [2024-03-12T09:28:52.530+0000] {dag.py:3047} INFO - Sync 1 DAGs
[2024-03-12T09:28:52.544+0000] {logging_mixin.py:188} INFO - [2024-03-12T09:28:52.544+0000] {dag.py:3834} INFO - Setting next_dagrun for example_time_delta_sensor_async to None, run_after=None
[2024-03-12T09:28:52.569+0000] {processor.py:183} INFO - Processing /usr/local/lib/python3.10/dist-packages/airflow/example_dags/example_time_delta_sensor_async.py took 0.070 seconds
[2024-03-12T09:29:33.545+0000] {processor.py:161} INFO - Started process (PID=14398) to work on /usr/local/lib/python3.10/dist-packages/airflow/example_dags/example_time_delta_sensor_async.py
[2024-03-12T09:29:33.548+0000] {processor.py:830} INFO - Processing file /usr/local/lib/python3.10/dist-packages/airflow/example_dags/example_time_delta_sensor_async.py for tasks to queue
[2024-03-12T09:29:33.549+0000] {logging_mixin.py:188} INFO - [2024-03-12T09:29:33.549+0000] {dagbag.py:540} INFO - Filling up the DagBag from /usr/local/lib/python3.10/dist-packages/airflow/example_dags/example_time_delta_sensor_async.py
[2024-03-12T09:29:33.555+0000] {processor.py:840} INFO - DAG(s) 'example_time_delta_sensor_async' retrieved from /usr/local/lib/python3.10/dist-packages/airflow/example_dags/example_time_delta_sensor_async.py
[2024-03-12T09:29:33.574+0000] {logging_mixin.py:188} INFO - [2024-03-12T09:29:33.573+0000] {dag.py:3047} INFO - Sync 1 DAGs
[2024-03-12T09:29:33.585+0000] {logging_mixin.py:188} INFO - [2024-03-12T09:29:33.585+0000] {dag.py:3834} INFO - Setting next_dagrun for example_time_delta_sensor_async to None, run_after=None
[2024-03-12T09:29:33.616+0000] {processor.py:183} INFO - Processing /usr/local/lib/python3.10/dist-packages/airflow/example_dags/example_time_delta_sensor_async.py took 0.076 seconds
[2024-03-12T09:30:14.954+0000] {processor.py:161} INFO - Started process (PID=14438) to work on /usr/local/lib/python3.10/dist-packages/airflow/example_dags/example_time_delta_sensor_async.py
[2024-03-12T09:30:14.957+0000] {processor.py:830} INFO - Processing file /usr/local/lib/python3.10/dist-packages/airflow/example_dags/example_time_delta_sensor_async.py for tasks to queue
[2024-03-12T09:30:14.959+0000] {logging_mixin.py:188} INFO - [2024-03-12T09:30:14.959+0000] {dagbag.py:540} INFO - Filling up the DagBag from /usr/local/lib/python3.10/dist-packages/airflow/example_dags/example_time_delta_sensor_async.py
[2024-03-12T09:30:14.967+0000] {processor.py:840} INFO - DAG(s) 'example_time_delta_sensor_async' retrieved from /usr/local/lib/python3.10/dist-packages/airflow/example_dags/example_time_delta_sensor_async.py
[2024-03-12T09:30:15.009+0000] {logging_mixin.py:188} INFO - [2024-03-12T09:30:15.008+0000] {dag.py:3047} INFO - Sync 1 DAGs
[2024-03-12T09:30:15.027+0000] {logging_mixin.py:188} INFO - [2024-03-12T09:30:15.027+0000] {dag.py:3834} INFO - Setting next_dagrun for example_time_delta_sensor_async to None, run_after=None
[2024-03-12T09:30:15.081+0000] {processor.py:183} INFO - Processing /usr/local/lib/python3.10/dist-packages/airflow/example_dags/example_time_delta_sensor_async.py took 0.133 seconds
[2024-03-12T09:30:55.961+0000] {processor.py:161} INFO - Started process (PID=14479) to work on /usr/local/lib/python3.10/dist-packages/airflow/example_dags/example_time_delta_sensor_async.py
[2024-03-12T09:30:55.962+0000] {processor.py:830} INFO - Processing file /usr/local/lib/python3.10/dist-packages/airflow/example_dags/example_time_delta_sensor_async.py for tasks to queue
[2024-03-12T09:30:55.963+0000] {logging_mixin.py:188} INFO - [2024-03-12T09:30:55.963+0000] {dagbag.py:540} INFO - Filling up the DagBag from /usr/local/lib/python3.10/dist-packages/airflow/example_dags/example_time_delta_sensor_async.py
[2024-03-12T09:30:55.975+0000] {processor.py:840} INFO - DAG(s) 'example_time_delta_sensor_async' retrieved from /usr/local/lib/python3.10/dist-packages/airflow/example_dags/example_time_delta_sensor_async.py
[2024-03-12T09:30:56.015+0000] {logging_mixin.py:188} INFO - [2024-03-12T09:30:56.013+0000] {dag.py:3047} INFO - Sync 1 DAGs
[2024-03-12T09:30:56.041+0000] {logging_mixin.py:188} INFO - [2024-03-12T09:30:56.041+0000] {dag.py:3834} INFO - Setting next_dagrun for example_time_delta_sensor_async to None, run_after=None
[2024-03-12T09:30:56.117+0000] {processor.py:183} INFO - Processing /usr/local/lib/python3.10/dist-packages/airflow/example_dags/example_time_delta_sensor_async.py took 0.171 seconds
[2024-03-12T09:31:37.815+0000] {processor.py:161} INFO - Started process (PID=14519) to work on /usr/local/lib/python3.10/dist-packages/airflow/example_dags/example_time_delta_sensor_async.py
[2024-03-12T09:31:37.816+0000] {processor.py:830} INFO - Processing file /usr/local/lib/python3.10/dist-packages/airflow/example_dags/example_time_delta_sensor_async.py for tasks to queue
[2024-03-12T09:31:37.817+0000] {logging_mixin.py:188} INFO - [2024-03-12T09:31:37.817+0000] {dagbag.py:540} INFO - Filling up the DagBag from /usr/local/lib/python3.10/dist-packages/airflow/example_dags/example_time_delta_sensor_async.py
[2024-03-12T09:31:37.823+0000] {processor.py:840} INFO - DAG(s) 'example_time_delta_sensor_async' retrieved from /usr/local/lib/python3.10/dist-packages/airflow/example_dags/example_time_delta_sensor_async.py
[2024-03-12T09:31:37.845+0000] {logging_mixin.py:188} INFO - [2024-03-12T09:31:37.845+0000] {dag.py:3047} INFO - Sync 1 DAGs
[2024-03-12T09:31:37.864+0000] {logging_mixin.py:188} INFO - [2024-03-12T09:31:37.863+0000] {dag.py:3834} INFO - Setting next_dagrun for example_time_delta_sensor_async to None, run_after=None
[2024-03-12T09:31:37.894+0000] {processor.py:183} INFO - Processing /usr/local/lib/python3.10/dist-packages/airflow/example_dags/example_time_delta_sensor_async.py took 0.085 seconds
[2024-03-12T09:32:20.981+0000] {processor.py:161} INFO - Started process (PID=14560) to work on /usr/local/lib/python3.10/dist-packages/airflow/example_dags/example_time_delta_sensor_async.py
[2024-03-12T09:32:20.982+0000] {processor.py:830} INFO - Processing file /usr/local/lib/python3.10/dist-packages/airflow/example_dags/example_time_delta_sensor_async.py for tasks to queue
[2024-03-12T09:32:20.984+0000] {logging_mixin.py:188} INFO - [2024-03-12T09:32:20.983+0000] {dagbag.py:540} INFO - Filling up the DagBag from /usr/local/lib/python3.10/dist-packages/airflow/example_dags/example_time_delta_sensor_async.py
[2024-03-12T09:32:20.990+0000] {processor.py:840} INFO - DAG(s) 'example_time_delta_sensor_async' retrieved from /usr/local/lib/python3.10/dist-packages/airflow/example_dags/example_time_delta_sensor_async.py
[2024-03-12T09:32:21.027+0000] {logging_mixin.py:188} INFO - [2024-03-12T09:32:21.025+0000] {dag.py:3047} INFO - Sync 1 DAGs
[2024-03-12T09:32:21.064+0000] {logging_mixin.py:188} INFO - [2024-03-12T09:32:21.064+0000] {dag.py:3834} INFO - Setting next_dagrun for example_time_delta_sensor_async to None, run_after=None
[2024-03-12T09:32:21.093+0000] {processor.py:183} INFO - Processing /usr/local/lib/python3.10/dist-packages/airflow/example_dags/example_time_delta_sensor_async.py took 0.117 seconds
[2024-03-12T09:33:05.601+0000] {processor.py:161} INFO - Started process (PID=14603) to work on /usr/local/lib/python3.10/dist-packages/airflow/example_dags/example_time_delta_sensor_async.py
[2024-03-12T09:33:05.603+0000] {processor.py:830} INFO - Processing file /usr/local/lib/python3.10/dist-packages/airflow/example_dags/example_time_delta_sensor_async.py for tasks to queue
[2024-03-12T09:33:05.604+0000] {logging_mixin.py:188} INFO - [2024-03-12T09:33:05.603+0000] {dagbag.py:540} INFO - Filling up the DagBag from /usr/local/lib/python3.10/dist-packages/airflow/example_dags/example_time_delta_sensor_async.py
[2024-03-12T09:33:05.610+0000] {processor.py:840} INFO - DAG(s) 'example_time_delta_sensor_async' retrieved from /usr/local/lib/python3.10/dist-packages/airflow/example_dags/example_time_delta_sensor_async.py
[2024-03-12T09:33:05.631+0000] {logging_mixin.py:188} INFO - [2024-03-12T09:33:05.631+0000] {dag.py:3047} INFO - Sync 1 DAGs
[2024-03-12T09:33:05.645+0000] {logging_mixin.py:188} INFO - [2024-03-12T09:33:05.645+0000] {dag.py:3834} INFO - Setting next_dagrun for example_time_delta_sensor_async to None, run_after=None
[2024-03-12T09:33:05.677+0000] {processor.py:183} INFO - Processing /usr/local/lib/python3.10/dist-packages/airflow/example_dags/example_time_delta_sensor_async.py took 0.085 seconds
[2024-03-12T09:33:49.889+0000] {processor.py:161} INFO - Started process (PID=14646) to work on /usr/local/lib/python3.10/dist-packages/airflow/example_dags/example_time_delta_sensor_async.py
[2024-03-12T09:33:49.891+0000] {processor.py:830} INFO - Processing file /usr/local/lib/python3.10/dist-packages/airflow/example_dags/example_time_delta_sensor_async.py for tasks to queue
[2024-03-12T09:33:49.892+0000] {logging_mixin.py:188} INFO - [2024-03-12T09:33:49.892+0000] {dagbag.py:540} INFO - Filling up the DagBag from /usr/local/lib/python3.10/dist-packages/airflow/example_dags/example_time_delta_sensor_async.py
[2024-03-12T09:33:49.901+0000] {processor.py:840} INFO - DAG(s) 'example_time_delta_sensor_async' retrieved from /usr/local/lib/python3.10/dist-packages/airflow/example_dags/example_time_delta_sensor_async.py
[2024-03-12T09:33:49.924+0000] {logging_mixin.py:188} INFO - [2024-03-12T09:33:49.924+0000] {dag.py:3047} INFO - Sync 1 DAGs
[2024-03-12T09:33:49.946+0000] {logging_mixin.py:188} INFO - [2024-03-12T09:33:49.945+0000] {dag.py:3834} INFO - Setting next_dagrun for example_time_delta_sensor_async to None, run_after=None
[2024-03-12T09:33:49.980+0000] {processor.py:183} INFO - Processing /usr/local/lib/python3.10/dist-packages/airflow/example_dags/example_time_delta_sensor_async.py took 0.094 seconds
[2024-03-12T09:34:31.240+0000] {processor.py:161} INFO - Started process (PID=14687) to work on /usr/local/lib/python3.10/dist-packages/airflow/example_dags/example_time_delta_sensor_async.py
[2024-03-12T09:34:31.242+0000] {processor.py:830} INFO - Processing file /usr/local/lib/python3.10/dist-packages/airflow/example_dags/example_time_delta_sensor_async.py for tasks to queue
[2024-03-12T09:34:31.243+0000] {logging_mixin.py:188} INFO - [2024-03-12T09:34:31.243+0000] {dagbag.py:540} INFO - Filling up the DagBag from /usr/local/lib/python3.10/dist-packages/airflow/example_dags/example_time_delta_sensor_async.py
[2024-03-12T09:34:31.250+0000] {processor.py:840} INFO - DAG(s) 'example_time_delta_sensor_async' retrieved from /usr/local/lib/python3.10/dist-packages/airflow/example_dags/example_time_delta_sensor_async.py
[2024-03-12T09:34:31.274+0000] {logging_mixin.py:188} INFO - [2024-03-12T09:34:31.274+0000] {dag.py:3047} INFO - Sync 1 DAGs
[2024-03-12T09:34:31.288+0000] {logging_mixin.py:188} INFO - [2024-03-12T09:34:31.288+0000] {dag.py:3834} INFO - Setting next_dagrun for example_time_delta_sensor_async to None, run_after=None
[2024-03-12T09:34:31.316+0000] {processor.py:183} INFO - Processing /usr/local/lib/python3.10/dist-packages/airflow/example_dags/example_time_delta_sensor_async.py took 0.081 seconds
[2024-03-12T09:35:15.817+0000] {processor.py:161} INFO - Started process (PID=14728) to work on /usr/local/lib/python3.10/dist-packages/airflow/example_dags/example_time_delta_sensor_async.py
[2024-03-12T09:35:15.819+0000] {processor.py:830} INFO - Processing file /usr/local/lib/python3.10/dist-packages/airflow/example_dags/example_time_delta_sensor_async.py for tasks to queue
[2024-03-12T09:35:15.820+0000] {logging_mixin.py:188} INFO - [2024-03-12T09:35:15.819+0000] {dagbag.py:540} INFO - Filling up the DagBag from /usr/local/lib/python3.10/dist-packages/airflow/example_dags/example_time_delta_sensor_async.py
[2024-03-12T09:35:15.825+0000] {processor.py:840} INFO - DAG(s) 'example_time_delta_sensor_async' retrieved from /usr/local/lib/python3.10/dist-packages/airflow/example_dags/example_time_delta_sensor_async.py
[2024-03-12T09:35:15.847+0000] {logging_mixin.py:188} INFO - [2024-03-12T09:35:15.847+0000] {dag.py:3047} INFO - Sync 1 DAGs
[2024-03-12T09:35:15.863+0000] {logging_mixin.py:188} INFO - [2024-03-12T09:35:15.863+0000] {dag.py:3834} INFO - Setting next_dagrun for example_time_delta_sensor_async to None, run_after=None
[2024-03-12T09:35:15.897+0000] {processor.py:183} INFO - Processing /usr/local/lib/python3.10/dist-packages/airflow/example_dags/example_time_delta_sensor_async.py took 0.084 seconds
[2024-03-12T09:36:00.164+0000] {processor.py:161} INFO - Started process (PID=14772) to work on /usr/local/lib/python3.10/dist-packages/airflow/example_dags/example_time_delta_sensor_async.py
[2024-03-12T09:36:00.167+0000] {processor.py:830} INFO - Processing file /usr/local/lib/python3.10/dist-packages/airflow/example_dags/example_time_delta_sensor_async.py for tasks to queue
[2024-03-12T09:36:00.170+0000] {logging_mixin.py:188} INFO - [2024-03-12T09:36:00.168+0000] {dagbag.py:540} INFO - Filling up the DagBag from /usr/local/lib/python3.10/dist-packages/airflow/example_dags/example_time_delta_sensor_async.py
[2024-03-12T09:36:00.180+0000] {processor.py:840} INFO - DAG(s) 'example_time_delta_sensor_async' retrieved from /usr/local/lib/python3.10/dist-packages/airflow/example_dags/example_time_delta_sensor_async.py
[2024-03-12T09:36:00.216+0000] {logging_mixin.py:188} INFO - [2024-03-12T09:36:00.216+0000] {dag.py:3047} INFO - Sync 1 DAGs
[2024-03-12T09:36:00.243+0000] {logging_mixin.py:188} INFO - [2024-03-12T09:36:00.243+0000] {dag.py:3834} INFO - Setting next_dagrun for example_time_delta_sensor_async to None, run_after=None
[2024-03-12T09:36:00.290+0000] {processor.py:183} INFO - Processing /usr/local/lib/python3.10/dist-packages/airflow/example_dags/example_time_delta_sensor_async.py took 0.133 seconds
[2024-03-12T09:36:40.950+0000] {processor.py:161} INFO - Started process (PID=14812) to work on /usr/local/lib/python3.10/dist-packages/airflow/example_dags/example_time_delta_sensor_async.py
[2024-03-12T09:36:40.952+0000] {processor.py:830} INFO - Processing file /usr/local/lib/python3.10/dist-packages/airflow/example_dags/example_time_delta_sensor_async.py for tasks to queue
[2024-03-12T09:36:40.953+0000] {logging_mixin.py:188} INFO - [2024-03-12T09:36:40.953+0000] {dagbag.py:540} INFO - Filling up the DagBag from /usr/local/lib/python3.10/dist-packages/airflow/example_dags/example_time_delta_sensor_async.py
[2024-03-12T09:36:40.959+0000] {processor.py:840} INFO - DAG(s) 'example_time_delta_sensor_async' retrieved from /usr/local/lib/python3.10/dist-packages/airflow/example_dags/example_time_delta_sensor_async.py
[2024-03-12T09:36:40.990+0000] {logging_mixin.py:188} INFO - [2024-03-12T09:36:40.989+0000] {dag.py:3047} INFO - Sync 1 DAGs
[2024-03-12T09:36:41.007+0000] {logging_mixin.py:188} INFO - [2024-03-12T09:36:41.006+0000] {dag.py:3834} INFO - Setting next_dagrun for example_time_delta_sensor_async to None, run_after=None
[2024-03-12T09:36:41.044+0000] {processor.py:183} INFO - Processing /usr/local/lib/python3.10/dist-packages/airflow/example_dags/example_time_delta_sensor_async.py took 0.098 seconds
[2024-03-12T09:37:23.316+0000] {processor.py:161} INFO - Started process (PID=14852) to work on /usr/local/lib/python3.10/dist-packages/airflow/example_dags/example_time_delta_sensor_async.py
[2024-03-12T09:37:23.318+0000] {processor.py:830} INFO - Processing file /usr/local/lib/python3.10/dist-packages/airflow/example_dags/example_time_delta_sensor_async.py for tasks to queue
[2024-03-12T09:37:23.319+0000] {logging_mixin.py:188} INFO - [2024-03-12T09:37:23.318+0000] {dagbag.py:540} INFO - Filling up the DagBag from /usr/local/lib/python3.10/dist-packages/airflow/example_dags/example_time_delta_sensor_async.py
[2024-03-12T09:37:23.325+0000] {processor.py:840} INFO - DAG(s) 'example_time_delta_sensor_async' retrieved from /usr/local/lib/python3.10/dist-packages/airflow/example_dags/example_time_delta_sensor_async.py
[2024-03-12T09:37:23.348+0000] {logging_mixin.py:188} INFO - [2024-03-12T09:37:23.348+0000] {dag.py:3047} INFO - Sync 1 DAGs
[2024-03-12T09:37:23.362+0000] {logging_mixin.py:188} INFO - [2024-03-12T09:37:23.362+0000] {dag.py:3834} INFO - Setting next_dagrun for example_time_delta_sensor_async to None, run_after=None
[2024-03-12T09:37:23.389+0000] {processor.py:183} INFO - Processing /usr/local/lib/python3.10/dist-packages/airflow/example_dags/example_time_delta_sensor_async.py took 0.077 seconds
[2024-03-12T09:38:04.075+0000] {processor.py:161} INFO - Started process (PID=14893) to work on /usr/local/lib/python3.10/dist-packages/airflow/example_dags/example_time_delta_sensor_async.py
[2024-03-12T09:38:04.076+0000] {processor.py:830} INFO - Processing file /usr/local/lib/python3.10/dist-packages/airflow/example_dags/example_time_delta_sensor_async.py for tasks to queue
[2024-03-12T09:38:04.079+0000] {logging_mixin.py:188} INFO - [2024-03-12T09:38:04.078+0000] {dagbag.py:540} INFO - Filling up the DagBag from /usr/local/lib/python3.10/dist-packages/airflow/example_dags/example_time_delta_sensor_async.py
[2024-03-12T09:38:04.094+0000] {processor.py:840} INFO - DAG(s) 'example_time_delta_sensor_async' retrieved from /usr/local/lib/python3.10/dist-packages/airflow/example_dags/example_time_delta_sensor_async.py
[2024-03-12T09:38:04.151+0000] {logging_mixin.py:188} INFO - [2024-03-12T09:38:04.151+0000] {dag.py:3047} INFO - Sync 1 DAGs
[2024-03-12T09:38:04.167+0000] {logging_mixin.py:188} INFO - [2024-03-12T09:38:04.167+0000] {dag.py:3834} INFO - Setting next_dagrun for example_time_delta_sensor_async to None, run_after=None
[2024-03-12T09:38:04.196+0000] {processor.py:183} INFO - Processing /usr/local/lib/python3.10/dist-packages/airflow/example_dags/example_time_delta_sensor_async.py took 0.131 seconds
[2024-03-12T09:38:46.465+0000] {processor.py:161} INFO - Started process (PID=14934) to work on /usr/local/lib/python3.10/dist-packages/airflow/example_dags/example_time_delta_sensor_async.py
[2024-03-12T09:38:46.467+0000] {processor.py:830} INFO - Processing file /usr/local/lib/python3.10/dist-packages/airflow/example_dags/example_time_delta_sensor_async.py for tasks to queue
[2024-03-12T09:38:46.468+0000] {logging_mixin.py:188} INFO - [2024-03-12T09:38:46.468+0000] {dagbag.py:540} INFO - Filling up the DagBag from /usr/local/lib/python3.10/dist-packages/airflow/example_dags/example_time_delta_sensor_async.py
[2024-03-12T09:38:46.477+0000] {processor.py:840} INFO - DAG(s) 'example_time_delta_sensor_async' retrieved from /usr/local/lib/python3.10/dist-packages/airflow/example_dags/example_time_delta_sensor_async.py
[2024-03-12T09:38:46.510+0000] {logging_mixin.py:188} INFO - [2024-03-12T09:38:46.510+0000] {dag.py:3047} INFO - Sync 1 DAGs
[2024-03-12T09:38:46.531+0000] {logging_mixin.py:188} INFO - [2024-03-12T09:38:46.530+0000] {dag.py:3834} INFO - Setting next_dagrun for example_time_delta_sensor_async to None, run_after=None
[2024-03-12T09:38:46.563+0000] {processor.py:183} INFO - Processing /usr/local/lib/python3.10/dist-packages/airflow/example_dags/example_time_delta_sensor_async.py took 0.103 seconds
[2024-03-12T09:39:28.652+0000] {processor.py:161} INFO - Started process (PID=14974) to work on /usr/local/lib/python3.10/dist-packages/airflow/example_dags/example_time_delta_sensor_async.py
[2024-03-12T09:39:28.654+0000] {processor.py:830} INFO - Processing file /usr/local/lib/python3.10/dist-packages/airflow/example_dags/example_time_delta_sensor_async.py for tasks to queue
[2024-03-12T09:39:28.656+0000] {logging_mixin.py:188} INFO - [2024-03-12T09:39:28.655+0000] {dagbag.py:540} INFO - Filling up the DagBag from /usr/local/lib/python3.10/dist-packages/airflow/example_dags/example_time_delta_sensor_async.py
[2024-03-12T09:39:28.662+0000] {processor.py:840} INFO - DAG(s) 'example_time_delta_sensor_async' retrieved from /usr/local/lib/python3.10/dist-packages/airflow/example_dags/example_time_delta_sensor_async.py
[2024-03-12T09:39:28.681+0000] {logging_mixin.py:188} INFO - [2024-03-12T09:39:28.681+0000] {dag.py:3047} INFO - Sync 1 DAGs
[2024-03-12T09:39:28.693+0000] {logging_mixin.py:188} INFO - [2024-03-12T09:39:28.693+0000] {dag.py:3834} INFO - Setting next_dagrun for example_time_delta_sensor_async to None, run_after=None
[2024-03-12T09:39:28.719+0000] {processor.py:183} INFO - Processing /usr/local/lib/python3.10/dist-packages/airflow/example_dags/example_time_delta_sensor_async.py took 0.070 seconds
[2024-03-12T09:40:11.932+0000] {processor.py:161} INFO - Started process (PID=15015) to work on /usr/local/lib/python3.10/dist-packages/airflow/example_dags/example_time_delta_sensor_async.py
[2024-03-12T09:40:11.934+0000] {processor.py:830} INFO - Processing file /usr/local/lib/python3.10/dist-packages/airflow/example_dags/example_time_delta_sensor_async.py for tasks to queue
[2024-03-12T09:40:11.936+0000] {logging_mixin.py:188} INFO - [2024-03-12T09:40:11.935+0000] {dagbag.py:540} INFO - Filling up the DagBag from /usr/local/lib/python3.10/dist-packages/airflow/example_dags/example_time_delta_sensor_async.py
[2024-03-12T09:40:11.943+0000] {processor.py:840} INFO - DAG(s) 'example_time_delta_sensor_async' retrieved from /usr/local/lib/python3.10/dist-packages/airflow/example_dags/example_time_delta_sensor_async.py
[2024-03-12T09:40:11.967+0000] {logging_mixin.py:188} INFO - [2024-03-12T09:40:11.966+0000] {dag.py:3047} INFO - Sync 1 DAGs
[2024-03-12T09:40:11.985+0000] {logging_mixin.py:188} INFO - [2024-03-12T09:40:11.985+0000] {dag.py:3834} INFO - Setting next_dagrun for example_time_delta_sensor_async to None, run_after=None
[2024-03-12T09:40:12.025+0000] {processor.py:183} INFO - Processing /usr/local/lib/python3.10/dist-packages/airflow/example_dags/example_time_delta_sensor_async.py took 0.101 seconds
[2024-03-12T09:40:56.353+0000] {processor.py:161} INFO - Started process (PID=15058) to work on /usr/local/lib/python3.10/dist-packages/airflow/example_dags/example_time_delta_sensor_async.py
[2024-03-12T09:40:56.354+0000] {processor.py:830} INFO - Processing file /usr/local/lib/python3.10/dist-packages/airflow/example_dags/example_time_delta_sensor_async.py for tasks to queue
[2024-03-12T09:40:56.355+0000] {logging_mixin.py:188} INFO - [2024-03-12T09:40:56.355+0000] {dagbag.py:540} INFO - Filling up the DagBag from /usr/local/lib/python3.10/dist-packages/airflow/example_dags/example_time_delta_sensor_async.py
[2024-03-12T09:40:56.362+0000] {processor.py:840} INFO - DAG(s) 'example_time_delta_sensor_async' retrieved from /usr/local/lib/python3.10/dist-packages/airflow/example_dags/example_time_delta_sensor_async.py
[2024-03-12T09:40:56.380+0000] {logging_mixin.py:188} INFO - [2024-03-12T09:40:56.380+0000] {dag.py:3047} INFO - Sync 1 DAGs
[2024-03-12T09:40:56.394+0000] {logging_mixin.py:188} INFO - [2024-03-12T09:40:56.394+0000] {dag.py:3834} INFO - Setting next_dagrun for example_time_delta_sensor_async to None, run_after=None
[2024-03-12T09:40:56.421+0000] {processor.py:183} INFO - Processing /usr/local/lib/python3.10/dist-packages/airflow/example_dags/example_time_delta_sensor_async.py took 0.073 seconds
[2024-03-12T09:41:36.103+0000] {processor.py:161} INFO - Started process (PID=15098) to work on /usr/local/lib/python3.10/dist-packages/airflow/example_dags/example_time_delta_sensor_async.py
[2024-03-12T09:41:36.105+0000] {processor.py:830} INFO - Processing file /usr/local/lib/python3.10/dist-packages/airflow/example_dags/example_time_delta_sensor_async.py for tasks to queue
[2024-03-12T09:41:36.107+0000] {logging_mixin.py:188} INFO - [2024-03-12T09:41:36.106+0000] {dagbag.py:540} INFO - Filling up the DagBag from /usr/local/lib/python3.10/dist-packages/airflow/example_dags/example_time_delta_sensor_async.py
[2024-03-12T09:41:36.122+0000] {processor.py:840} INFO - DAG(s) 'example_time_delta_sensor_async' retrieved from /usr/local/lib/python3.10/dist-packages/airflow/example_dags/example_time_delta_sensor_async.py
[2024-03-12T09:41:36.154+0000] {logging_mixin.py:188} INFO - [2024-03-12T09:41:36.154+0000] {dag.py:3047} INFO - Sync 1 DAGs
[2024-03-12T09:41:36.174+0000] {logging_mixin.py:188} INFO - [2024-03-12T09:41:36.174+0000] {dag.py:3834} INFO - Setting next_dagrun for example_time_delta_sensor_async to None, run_after=None
[2024-03-12T09:41:36.202+0000] {processor.py:183} INFO - Processing /usr/local/lib/python3.10/dist-packages/airflow/example_dags/example_time_delta_sensor_async.py took 0.105 seconds
[2024-03-12T09:42:18.510+0000] {processor.py:161} INFO - Started process (PID=15139) to work on /usr/local/lib/python3.10/dist-packages/airflow/example_dags/example_time_delta_sensor_async.py
[2024-03-12T09:42:18.512+0000] {processor.py:830} INFO - Processing file /usr/local/lib/python3.10/dist-packages/airflow/example_dags/example_time_delta_sensor_async.py for tasks to queue
[2024-03-12T09:42:18.513+0000] {logging_mixin.py:188} INFO - [2024-03-12T09:42:18.512+0000] {dagbag.py:540} INFO - Filling up the DagBag from /usr/local/lib/python3.10/dist-packages/airflow/example_dags/example_time_delta_sensor_async.py
[2024-03-12T09:42:18.518+0000] {processor.py:840} INFO - DAG(s) 'example_time_delta_sensor_async' retrieved from /usr/local/lib/python3.10/dist-packages/airflow/example_dags/example_time_delta_sensor_async.py
[2024-03-12T09:42:18.535+0000] {logging_mixin.py:188} INFO - [2024-03-12T09:42:18.535+0000] {dag.py:3047} INFO - Sync 1 DAGs
[2024-03-12T09:42:18.548+0000] {logging_mixin.py:188} INFO - [2024-03-12T09:42:18.548+0000] {dag.py:3834} INFO - Setting next_dagrun for example_time_delta_sensor_async to None, run_after=None
[2024-03-12T09:42:18.572+0000] {processor.py:183} INFO - Processing /usr/local/lib/python3.10/dist-packages/airflow/example_dags/example_time_delta_sensor_async.py took 0.065 seconds
[2024-03-12T09:42:58.386+0000] {processor.py:161} INFO - Started process (PID=15251) to work on /usr/local/lib/python3.10/dist-packages/airflow/example_dags/example_time_delta_sensor_async.py
[2024-03-12T09:42:58.388+0000] {processor.py:830} INFO - Processing file /usr/local/lib/python3.10/dist-packages/airflow/example_dags/example_time_delta_sensor_async.py for tasks to queue
[2024-03-12T09:42:58.389+0000] {logging_mixin.py:188} INFO - [2024-03-12T09:42:58.389+0000] {dagbag.py:540} INFO - Filling up the DagBag from /usr/local/lib/python3.10/dist-packages/airflow/example_dags/example_time_delta_sensor_async.py
[2024-03-12T09:42:58.396+0000] {processor.py:840} INFO - DAG(s) 'example_time_delta_sensor_async' retrieved from /usr/local/lib/python3.10/dist-packages/airflow/example_dags/example_time_delta_sensor_async.py
[2024-03-12T09:42:58.423+0000] {logging_mixin.py:188} INFO - [2024-03-12T09:42:58.422+0000] {dag.py:3047} INFO - Sync 1 DAGs
[2024-03-12T09:42:58.450+0000] {logging_mixin.py:188} INFO - [2024-03-12T09:42:58.449+0000] {dag.py:3834} INFO - Setting next_dagrun for example_time_delta_sensor_async to None, run_after=None
[2024-03-12T09:42:58.479+0000] {processor.py:183} INFO - Processing /usr/local/lib/python3.10/dist-packages/airflow/example_dags/example_time_delta_sensor_async.py took 0.098 seconds
[2024-03-12T09:43:38.578+0000] {processor.py:161} INFO - Started process (PID=15292) to work on /usr/local/lib/python3.10/dist-packages/airflow/example_dags/example_time_delta_sensor_async.py
[2024-03-12T09:43:38.579+0000] {processor.py:830} INFO - Processing file /usr/local/lib/python3.10/dist-packages/airflow/example_dags/example_time_delta_sensor_async.py for tasks to queue
[2024-03-12T09:43:38.580+0000] {logging_mixin.py:188} INFO - [2024-03-12T09:43:38.580+0000] {dagbag.py:540} INFO - Filling up the DagBag from /usr/local/lib/python3.10/dist-packages/airflow/example_dags/example_time_delta_sensor_async.py
[2024-03-12T09:43:38.587+0000] {processor.py:840} INFO - DAG(s) 'example_time_delta_sensor_async' retrieved from /usr/local/lib/python3.10/dist-packages/airflow/example_dags/example_time_delta_sensor_async.py
[2024-03-12T09:43:38.605+0000] {logging_mixin.py:188} INFO - [2024-03-12T09:43:38.605+0000] {dag.py:3047} INFO - Sync 1 DAGs
[2024-03-12T09:43:38.626+0000] {logging_mixin.py:188} INFO - [2024-03-12T09:43:38.626+0000] {dag.py:3834} INFO - Setting next_dagrun for example_time_delta_sensor_async to None, run_after=None
[2024-03-12T09:43:38.670+0000] {processor.py:183} INFO - Processing /usr/local/lib/python3.10/dist-packages/airflow/example_dags/example_time_delta_sensor_async.py took 0.098 seconds
[2024-03-12T09:44:23.505+0000] {processor.py:161} INFO - Started process (PID=15349) to work on /usr/local/lib/python3.10/dist-packages/airflow/example_dags/example_time_delta_sensor_async.py
[2024-03-12T09:44:23.507+0000] {processor.py:830} INFO - Processing file /usr/local/lib/python3.10/dist-packages/airflow/example_dags/example_time_delta_sensor_async.py for tasks to queue
[2024-03-12T09:44:23.508+0000] {logging_mixin.py:188} INFO - [2024-03-12T09:44:23.508+0000] {dagbag.py:540} INFO - Filling up the DagBag from /usr/local/lib/python3.10/dist-packages/airflow/example_dags/example_time_delta_sensor_async.py
[2024-03-12T09:44:23.516+0000] {processor.py:840} INFO - DAG(s) 'example_time_delta_sensor_async' retrieved from /usr/local/lib/python3.10/dist-packages/airflow/example_dags/example_time_delta_sensor_async.py
[2024-03-12T09:44:23.544+0000] {logging_mixin.py:188} INFO - [2024-03-12T09:44:23.544+0000] {dag.py:3047} INFO - Sync 1 DAGs
[2024-03-12T09:44:23.560+0000] {logging_mixin.py:188} INFO - [2024-03-12T09:44:23.560+0000] {dag.py:3834} INFO - Setting next_dagrun for example_time_delta_sensor_async to None, run_after=None
[2024-03-12T09:44:23.594+0000] {processor.py:183} INFO - Processing /usr/local/lib/python3.10/dist-packages/airflow/example_dags/example_time_delta_sensor_async.py took 0.093 seconds
[2024-03-12T09:45:06.752+0000] {processor.py:161} INFO - Started process (PID=15390) to work on /usr/local/lib/python3.10/dist-packages/airflow/example_dags/example_time_delta_sensor_async.py
[2024-03-12T09:45:06.754+0000] {processor.py:830} INFO - Processing file /usr/local/lib/python3.10/dist-packages/airflow/example_dags/example_time_delta_sensor_async.py for tasks to queue
[2024-03-12T09:45:06.755+0000] {logging_mixin.py:188} INFO - [2024-03-12T09:45:06.754+0000] {dagbag.py:540} INFO - Filling up the DagBag from /usr/local/lib/python3.10/dist-packages/airflow/example_dags/example_time_delta_sensor_async.py
[2024-03-12T09:45:06.761+0000] {processor.py:840} INFO - DAG(s) 'example_time_delta_sensor_async' retrieved from /usr/local/lib/python3.10/dist-packages/airflow/example_dags/example_time_delta_sensor_async.py
[2024-03-12T09:45:06.781+0000] {logging_mixin.py:188} INFO - [2024-03-12T09:45:06.781+0000] {dag.py:3047} INFO - Sync 1 DAGs
[2024-03-12T09:45:06.794+0000] {logging_mixin.py:188} INFO - [2024-03-12T09:45:06.794+0000] {dag.py:3834} INFO - Setting next_dagrun for example_time_delta_sensor_async to None, run_after=None
[2024-03-12T09:45:06.821+0000] {processor.py:183} INFO - Processing /usr/local/lib/python3.10/dist-packages/airflow/example_dags/example_time_delta_sensor_async.py took 0.073 seconds
[2024-03-12T09:45:49.369+0000] {processor.py:161} INFO - Started process (PID=15432) to work on /usr/local/lib/python3.10/dist-packages/airflow/example_dags/example_time_delta_sensor_async.py
[2024-03-12T09:45:49.371+0000] {processor.py:830} INFO - Processing file /usr/local/lib/python3.10/dist-packages/airflow/example_dags/example_time_delta_sensor_async.py for tasks to queue
[2024-03-12T09:45:49.372+0000] {logging_mixin.py:188} INFO - [2024-03-12T09:45:49.371+0000] {dagbag.py:540} INFO - Filling up the DagBag from /usr/local/lib/python3.10/dist-packages/airflow/example_dags/example_time_delta_sensor_async.py
[2024-03-12T09:45:49.384+0000] {processor.py:840} INFO - DAG(s) 'example_time_delta_sensor_async' retrieved from /usr/local/lib/python3.10/dist-packages/airflow/example_dags/example_time_delta_sensor_async.py
[2024-03-12T09:45:49.444+0000] {logging_mixin.py:188} INFO - [2024-03-12T09:45:49.444+0000] {dag.py:3047} INFO - Sync 1 DAGs
[2024-03-12T09:45:49.460+0000] {logging_mixin.py:188} INFO - [2024-03-12T09:45:49.459+0000] {dag.py:3834} INFO - Setting next_dagrun for example_time_delta_sensor_async to None, run_after=None
[2024-03-12T09:45:49.498+0000] {processor.py:183} INFO - Processing /usr/local/lib/python3.10/dist-packages/airflow/example_dags/example_time_delta_sensor_async.py took 0.139 seconds
[2024-03-12T09:46:30.481+0000] {processor.py:161} INFO - Started process (PID=15472) to work on /usr/local/lib/python3.10/dist-packages/airflow/example_dags/example_time_delta_sensor_async.py
[2024-03-12T09:46:30.483+0000] {processor.py:830} INFO - Processing file /usr/local/lib/python3.10/dist-packages/airflow/example_dags/example_time_delta_sensor_async.py for tasks to queue
[2024-03-12T09:46:30.484+0000] {logging_mixin.py:188} INFO - [2024-03-12T09:46:30.483+0000] {dagbag.py:540} INFO - Filling up the DagBag from /usr/local/lib/python3.10/dist-packages/airflow/example_dags/example_time_delta_sensor_async.py
[2024-03-12T09:46:30.489+0000] {processor.py:840} INFO - DAG(s) 'example_time_delta_sensor_async' retrieved from /usr/local/lib/python3.10/dist-packages/airflow/example_dags/example_time_delta_sensor_async.py
[2024-03-12T09:46:30.506+0000] {logging_mixin.py:188} INFO - [2024-03-12T09:46:30.506+0000] {dag.py:3047} INFO - Sync 1 DAGs
[2024-03-12T09:46:30.518+0000] {logging_mixin.py:188} INFO - [2024-03-12T09:46:30.518+0000] {dag.py:3834} INFO - Setting next_dagrun for example_time_delta_sensor_async to None, run_after=None
[2024-03-12T09:46:30.543+0000] {processor.py:183} INFO - Processing /usr/local/lib/python3.10/dist-packages/airflow/example_dags/example_time_delta_sensor_async.py took 0.065 seconds
[2024-03-12T09:47:08.769+0000] {processor.py:161} INFO - Started process (PID=15511) to work on /usr/local/lib/python3.10/dist-packages/airflow/example_dags/example_time_delta_sensor_async.py
[2024-03-12T09:47:08.771+0000] {processor.py:830} INFO - Processing file /usr/local/lib/python3.10/dist-packages/airflow/example_dags/example_time_delta_sensor_async.py for tasks to queue
[2024-03-12T09:47:08.772+0000] {logging_mixin.py:188} INFO - [2024-03-12T09:47:08.771+0000] {dagbag.py:540} INFO - Filling up the DagBag from /usr/local/lib/python3.10/dist-packages/airflow/example_dags/example_time_delta_sensor_async.py
[2024-03-12T09:47:08.778+0000] {processor.py:840} INFO - DAG(s) 'example_time_delta_sensor_async' retrieved from /usr/local/lib/python3.10/dist-packages/airflow/example_dags/example_time_delta_sensor_async.py
[2024-03-12T09:47:08.802+0000] {logging_mixin.py:188} INFO - [2024-03-12T09:47:08.800+0000] {dag.py:3047} INFO - Sync 1 DAGs
[2024-03-12T09:47:08.822+0000] {logging_mixin.py:188} INFO - [2024-03-12T09:47:08.821+0000] {dag.py:3834} INFO - Setting next_dagrun for example_time_delta_sensor_async to None, run_after=None
[2024-03-12T09:47:08.851+0000] {processor.py:183} INFO - Processing /usr/local/lib/python3.10/dist-packages/airflow/example_dags/example_time_delta_sensor_async.py took 0.086 seconds
[2024-03-12T09:47:51.446+0000] {processor.py:161} INFO - Started process (PID=15552) to work on /usr/local/lib/python3.10/dist-packages/airflow/example_dags/example_time_delta_sensor_async.py
[2024-03-12T09:47:51.449+0000] {processor.py:830} INFO - Processing file /usr/local/lib/python3.10/dist-packages/airflow/example_dags/example_time_delta_sensor_async.py for tasks to queue
[2024-03-12T09:47:51.450+0000] {logging_mixin.py:188} INFO - [2024-03-12T09:47:51.450+0000] {dagbag.py:540} INFO - Filling up the DagBag from /usr/local/lib/python3.10/dist-packages/airflow/example_dags/example_time_delta_sensor_async.py
[2024-03-12T09:47:51.459+0000] {processor.py:840} INFO - DAG(s) 'example_time_delta_sensor_async' retrieved from /usr/local/lib/python3.10/dist-packages/airflow/example_dags/example_time_delta_sensor_async.py
[2024-03-12T09:47:51.489+0000] {logging_mixin.py:188} INFO - [2024-03-12T09:47:51.489+0000] {dag.py:3047} INFO - Sync 1 DAGs
[2024-03-12T09:47:51.508+0000] {logging_mixin.py:188} INFO - [2024-03-12T09:47:51.508+0000] {dag.py:3834} INFO - Setting next_dagrun for example_time_delta_sensor_async to None, run_after=None
[2024-03-12T09:47:51.545+0000] {processor.py:183} INFO - Processing /usr/local/lib/python3.10/dist-packages/airflow/example_dags/example_time_delta_sensor_async.py took 0.105 seconds
[2024-03-12T09:48:32.059+0000] {processor.py:161} INFO - Started process (PID=15598) to work on /usr/local/lib/python3.10/dist-packages/airflow/example_dags/example_time_delta_sensor_async.py
[2024-03-12T09:48:32.063+0000] {processor.py:830} INFO - Processing file /usr/local/lib/python3.10/dist-packages/airflow/example_dags/example_time_delta_sensor_async.py for tasks to queue
[2024-03-12T09:48:32.064+0000] {logging_mixin.py:188} INFO - [2024-03-12T09:48:32.064+0000] {dagbag.py:540} INFO - Filling up the DagBag from /usr/local/lib/python3.10/dist-packages/airflow/example_dags/example_time_delta_sensor_async.py
[2024-03-12T09:48:32.075+0000] {processor.py:840} INFO - DAG(s) 'example_time_delta_sensor_async' retrieved from /usr/local/lib/python3.10/dist-packages/airflow/example_dags/example_time_delta_sensor_async.py
[2024-03-12T09:48:32.096+0000] {logging_mixin.py:188} INFO - [2024-03-12T09:48:32.096+0000] {dag.py:3047} INFO - Sync 1 DAGs
[2024-03-12T09:48:32.111+0000] {logging_mixin.py:188} INFO - [2024-03-12T09:48:32.111+0000] {dag.py:3834} INFO - Setting next_dagrun for example_time_delta_sensor_async to None, run_after=None
[2024-03-12T09:48:32.138+0000] {processor.py:183} INFO - Processing /usr/local/lib/python3.10/dist-packages/airflow/example_dags/example_time_delta_sensor_async.py took 0.082 seconds
[2024-03-12T09:49:13.422+0000] {processor.py:161} INFO - Started process (PID=15637) to work on /usr/local/lib/python3.10/dist-packages/airflow/example_dags/example_time_delta_sensor_async.py
[2024-03-12T09:49:13.423+0000] {processor.py:830} INFO - Processing file /usr/local/lib/python3.10/dist-packages/airflow/example_dags/example_time_delta_sensor_async.py for tasks to queue
[2024-03-12T09:49:13.424+0000] {logging_mixin.py:188} INFO - [2024-03-12T09:49:13.424+0000] {dagbag.py:540} INFO - Filling up the DagBag from /usr/local/lib/python3.10/dist-packages/airflow/example_dags/example_time_delta_sensor_async.py
[2024-03-12T09:49:13.429+0000] {processor.py:840} INFO - DAG(s) 'example_time_delta_sensor_async' retrieved from /usr/local/lib/python3.10/dist-packages/airflow/example_dags/example_time_delta_sensor_async.py
[2024-03-12T09:49:13.449+0000] {logging_mixin.py:188} INFO - [2024-03-12T09:49:13.448+0000] {dag.py:3047} INFO - Sync 1 DAGs
[2024-03-12T09:49:13.462+0000] {logging_mixin.py:188} INFO - [2024-03-12T09:49:13.462+0000] {dag.py:3834} INFO - Setting next_dagrun for example_time_delta_sensor_async to None, run_after=None
[2024-03-12T09:49:13.487+0000] {processor.py:183} INFO - Processing /usr/local/lib/python3.10/dist-packages/airflow/example_dags/example_time_delta_sensor_async.py took 0.069 seconds
[2024-03-12T09:49:56.569+0000] {processor.py:161} INFO - Started process (PID=15678) to work on /usr/local/lib/python3.10/dist-packages/airflow/example_dags/example_time_delta_sensor_async.py
[2024-03-12T09:49:56.575+0000] {processor.py:830} INFO - Processing file /usr/local/lib/python3.10/dist-packages/airflow/example_dags/example_time_delta_sensor_async.py for tasks to queue
[2024-03-12T09:49:56.576+0000] {logging_mixin.py:188} INFO - [2024-03-12T09:49:56.575+0000] {dagbag.py:540} INFO - Filling up the DagBag from /usr/local/lib/python3.10/dist-packages/airflow/example_dags/example_time_delta_sensor_async.py
[2024-03-12T09:49:56.589+0000] {processor.py:840} INFO - DAG(s) 'example_time_delta_sensor_async' retrieved from /usr/local/lib/python3.10/dist-packages/airflow/example_dags/example_time_delta_sensor_async.py
[2024-03-12T09:49:56.625+0000] {logging_mixin.py:188} INFO - [2024-03-12T09:49:56.625+0000] {dag.py:3047} INFO - Sync 1 DAGs
[2024-03-12T09:49:56.644+0000] {logging_mixin.py:188} INFO - [2024-03-12T09:49:56.643+0000] {dag.py:3834} INFO - Setting next_dagrun for example_time_delta_sensor_async to None, run_after=None
[2024-03-12T09:49:56.681+0000] {processor.py:183} INFO - Processing /usr/local/lib/python3.10/dist-packages/airflow/example_dags/example_time_delta_sensor_async.py took 0.129 seconds
[2024-03-12T09:50:42.078+0000] {processor.py:161} INFO - Started process (PID=15721) to work on /usr/local/lib/python3.10/dist-packages/airflow/example_dags/example_time_delta_sensor_async.py
[2024-03-12T09:50:42.080+0000] {processor.py:830} INFO - Processing file /usr/local/lib/python3.10/dist-packages/airflow/example_dags/example_time_delta_sensor_async.py for tasks to queue
[2024-03-12T09:50:42.081+0000] {logging_mixin.py:188} INFO - [2024-03-12T09:50:42.080+0000] {dagbag.py:540} INFO - Filling up the DagBag from /usr/local/lib/python3.10/dist-packages/airflow/example_dags/example_time_delta_sensor_async.py
[2024-03-12T09:50:42.087+0000] {processor.py:840} INFO - DAG(s) 'example_time_delta_sensor_async' retrieved from /usr/local/lib/python3.10/dist-packages/airflow/example_dags/example_time_delta_sensor_async.py
[2024-03-12T09:50:42.114+0000] {logging_mixin.py:188} INFO - [2024-03-12T09:50:42.113+0000] {dag.py:3047} INFO - Sync 1 DAGs
[2024-03-12T09:50:42.131+0000] {logging_mixin.py:188} INFO - [2024-03-12T09:50:42.131+0000] {dag.py:3834} INFO - Setting next_dagrun for example_time_delta_sensor_async to None, run_after=None
[2024-03-12T09:50:42.167+0000] {processor.py:183} INFO - Processing /usr/local/lib/python3.10/dist-packages/airflow/example_dags/example_time_delta_sensor_async.py took 0.094 seconds
[2024-03-12T09:51:27.204+0000] {processor.py:161} INFO - Started process (PID=15764) to work on /usr/local/lib/python3.10/dist-packages/airflow/example_dags/example_time_delta_sensor_async.py
[2024-03-12T09:51:27.208+0000] {processor.py:830} INFO - Processing file /usr/local/lib/python3.10/dist-packages/airflow/example_dags/example_time_delta_sensor_async.py for tasks to queue
[2024-03-12T09:51:27.209+0000] {logging_mixin.py:188} INFO - [2024-03-12T09:51:27.208+0000] {dagbag.py:540} INFO - Filling up the DagBag from /usr/local/lib/python3.10/dist-packages/airflow/example_dags/example_time_delta_sensor_async.py
[2024-03-12T09:51:27.227+0000] {processor.py:840} INFO - DAG(s) 'example_time_delta_sensor_async' retrieved from /usr/local/lib/python3.10/dist-packages/airflow/example_dags/example_time_delta_sensor_async.py
[2024-03-12T09:51:27.254+0000] {logging_mixin.py:188} INFO - [2024-03-12T09:51:27.253+0000] {dag.py:3047} INFO - Sync 1 DAGs
[2024-03-12T09:51:27.268+0000] {logging_mixin.py:188} INFO - [2024-03-12T09:51:27.268+0000] {dag.py:3834} INFO - Setting next_dagrun for example_time_delta_sensor_async to None, run_after=None
[2024-03-12T09:51:27.291+0000] {processor.py:183} INFO - Processing /usr/local/lib/python3.10/dist-packages/airflow/example_dags/example_time_delta_sensor_async.py took 0.093 seconds
[2024-03-12T09:52:14.872+0000] {processor.py:161} INFO - Started process (PID=15808) to work on /usr/local/lib/python3.10/dist-packages/airflow/example_dags/example_time_delta_sensor_async.py
[2024-03-12T09:52:14.874+0000] {processor.py:830} INFO - Processing file /usr/local/lib/python3.10/dist-packages/airflow/example_dags/example_time_delta_sensor_async.py for tasks to queue
[2024-03-12T09:52:14.875+0000] {logging_mixin.py:188} INFO - [2024-03-12T09:52:14.875+0000] {dagbag.py:540} INFO - Filling up the DagBag from /usr/local/lib/python3.10/dist-packages/airflow/example_dags/example_time_delta_sensor_async.py
[2024-03-12T09:52:14.881+0000] {processor.py:840} INFO - DAG(s) 'example_time_delta_sensor_async' retrieved from /usr/local/lib/python3.10/dist-packages/airflow/example_dags/example_time_delta_sensor_async.py
[2024-03-12T09:52:14.908+0000] {logging_mixin.py:188} INFO - [2024-03-12T09:52:14.907+0000] {dag.py:3047} INFO - Sync 1 DAGs
[2024-03-12T09:52:14.923+0000] {logging_mixin.py:188} INFO - [2024-03-12T09:52:14.922+0000] {dag.py:3834} INFO - Setting next_dagrun for example_time_delta_sensor_async to None, run_after=None
[2024-03-12T09:52:14.955+0000] {processor.py:183} INFO - Processing /usr/local/lib/python3.10/dist-packages/airflow/example_dags/example_time_delta_sensor_async.py took 0.086 seconds
[2024-03-12T09:52:57.176+0000] {processor.py:161} INFO - Started process (PID=15852) to work on /usr/local/lib/python3.10/dist-packages/airflow/example_dags/example_time_delta_sensor_async.py
[2024-03-12T09:52:57.178+0000] {processor.py:830} INFO - Processing file /usr/local/lib/python3.10/dist-packages/airflow/example_dags/example_time_delta_sensor_async.py for tasks to queue
[2024-03-12T09:52:57.179+0000] {logging_mixin.py:188} INFO - [2024-03-12T09:52:57.178+0000] {dagbag.py:540} INFO - Filling up the DagBag from /usr/local/lib/python3.10/dist-packages/airflow/example_dags/example_time_delta_sensor_async.py
[2024-03-12T09:52:57.186+0000] {processor.py:840} INFO - DAG(s) 'example_time_delta_sensor_async' retrieved from /usr/local/lib/python3.10/dist-packages/airflow/example_dags/example_time_delta_sensor_async.py
[2024-03-12T09:52:57.207+0000] {logging_mixin.py:188} INFO - [2024-03-12T09:52:57.206+0000] {dag.py:3047} INFO - Sync 1 DAGs
[2024-03-12T09:52:57.219+0000] {logging_mixin.py:188} INFO - [2024-03-12T09:52:57.219+0000] {dag.py:3834} INFO - Setting next_dagrun for example_time_delta_sensor_async to None, run_after=None
[2024-03-12T09:52:57.257+0000] {processor.py:183} INFO - Processing /usr/local/lib/python3.10/dist-packages/airflow/example_dags/example_time_delta_sensor_async.py took 0.085 seconds
[2024-03-12T09:53:41.118+0000] {processor.py:161} INFO - Started process (PID=15894) to work on /usr/local/lib/python3.10/dist-packages/airflow/example_dags/example_time_delta_sensor_async.py
[2024-03-12T09:53:41.121+0000] {processor.py:830} INFO - Processing file /usr/local/lib/python3.10/dist-packages/airflow/example_dags/example_time_delta_sensor_async.py for tasks to queue
[2024-03-12T09:53:41.122+0000] {logging_mixin.py:188} INFO - [2024-03-12T09:53:41.121+0000] {dagbag.py:540} INFO - Filling up the DagBag from /usr/local/lib/python3.10/dist-packages/airflow/example_dags/example_time_delta_sensor_async.py
[2024-03-12T09:53:41.134+0000] {processor.py:840} INFO - DAG(s) 'example_time_delta_sensor_async' retrieved from /usr/local/lib/python3.10/dist-packages/airflow/example_dags/example_time_delta_sensor_async.py
[2024-03-12T09:53:41.156+0000] {logging_mixin.py:188} INFO - [2024-03-12T09:53:41.156+0000] {dag.py:3047} INFO - Sync 1 DAGs
[2024-03-12T09:53:41.170+0000] {logging_mixin.py:188} INFO - [2024-03-12T09:53:41.169+0000] {dag.py:3834} INFO - Setting next_dagrun for example_time_delta_sensor_async to None, run_after=None
[2024-03-12T09:53:41.208+0000] {processor.py:183} INFO - Processing /usr/local/lib/python3.10/dist-packages/airflow/example_dags/example_time_delta_sensor_async.py took 0.095 seconds
[2024-03-12T09:54:27.347+0000] {processor.py:161} INFO - Started process (PID=15939) to work on /usr/local/lib/python3.10/dist-packages/airflow/example_dags/example_time_delta_sensor_async.py
[2024-03-12T09:54:27.348+0000] {processor.py:830} INFO - Processing file /usr/local/lib/python3.10/dist-packages/airflow/example_dags/example_time_delta_sensor_async.py for tasks to queue
[2024-03-12T09:54:27.349+0000] {logging_mixin.py:188} INFO - [2024-03-12T09:54:27.349+0000] {dagbag.py:540} INFO - Filling up the DagBag from /usr/local/lib/python3.10/dist-packages/airflow/example_dags/example_time_delta_sensor_async.py
[2024-03-12T09:54:27.358+0000] {processor.py:840} INFO - DAG(s) 'example_time_delta_sensor_async' retrieved from /usr/local/lib/python3.10/dist-packages/airflow/example_dags/example_time_delta_sensor_async.py
[2024-03-12T09:54:27.378+0000] {logging_mixin.py:188} INFO - [2024-03-12T09:54:27.378+0000] {dag.py:3047} INFO - Sync 1 DAGs
[2024-03-12T09:54:27.392+0000] {logging_mixin.py:188} INFO - [2024-03-12T09:54:27.391+0000] {dag.py:3834} INFO - Setting next_dagrun for example_time_delta_sensor_async to None, run_after=None
[2024-03-12T09:54:27.429+0000] {processor.py:183} INFO - Processing /usr/local/lib/python3.10/dist-packages/airflow/example_dags/example_time_delta_sensor_async.py took 0.086 seconds
[2024-03-12T09:55:12.596+0000] {processor.py:161} INFO - Started process (PID=15982) to work on /usr/local/lib/python3.10/dist-packages/airflow/example_dags/example_time_delta_sensor_async.py
[2024-03-12T09:55:12.598+0000] {processor.py:830} INFO - Processing file /usr/local/lib/python3.10/dist-packages/airflow/example_dags/example_time_delta_sensor_async.py for tasks to queue
[2024-03-12T09:55:12.598+0000] {logging_mixin.py:188} INFO - [2024-03-12T09:55:12.598+0000] {dagbag.py:540} INFO - Filling up the DagBag from /usr/local/lib/python3.10/dist-packages/airflow/example_dags/example_time_delta_sensor_async.py
[2024-03-12T09:55:12.605+0000] {processor.py:840} INFO - DAG(s) 'example_time_delta_sensor_async' retrieved from /usr/local/lib/python3.10/dist-packages/airflow/example_dags/example_time_delta_sensor_async.py
[2024-03-12T09:55:12.627+0000] {logging_mixin.py:188} INFO - [2024-03-12T09:55:12.627+0000] {dag.py:3047} INFO - Sync 1 DAGs
[2024-03-12T09:55:12.650+0000] {logging_mixin.py:188} INFO - [2024-03-12T09:55:12.648+0000] {dag.py:3834} INFO - Setting next_dagrun for example_time_delta_sensor_async to None, run_after=None
[2024-03-12T09:55:12.703+0000] {processor.py:183} INFO - Processing /usr/local/lib/python3.10/dist-packages/airflow/example_dags/example_time_delta_sensor_async.py took 0.113 seconds
[2024-03-12T09:55:55.990+0000] {processor.py:161} INFO - Started process (PID=16027) to work on /usr/local/lib/python3.10/dist-packages/airflow/example_dags/example_time_delta_sensor_async.py
[2024-03-12T09:55:55.993+0000] {processor.py:830} INFO - Processing file /usr/local/lib/python3.10/dist-packages/airflow/example_dags/example_time_delta_sensor_async.py for tasks to queue
[2024-03-12T09:55:55.994+0000] {logging_mixin.py:188} INFO - [2024-03-12T09:55:55.993+0000] {dagbag.py:540} INFO - Filling up the DagBag from /usr/local/lib/python3.10/dist-packages/airflow/example_dags/example_time_delta_sensor_async.py
[2024-03-12T09:55:56.002+0000] {processor.py:840} INFO - DAG(s) 'example_time_delta_sensor_async' retrieved from /usr/local/lib/python3.10/dist-packages/airflow/example_dags/example_time_delta_sensor_async.py
[2024-03-12T09:55:56.029+0000] {logging_mixin.py:188} INFO - [2024-03-12T09:55:56.029+0000] {dag.py:3047} INFO - Sync 1 DAGs
[2024-03-12T09:55:56.046+0000] {logging_mixin.py:188} INFO - [2024-03-12T09:55:56.046+0000] {dag.py:3834} INFO - Setting next_dagrun for example_time_delta_sensor_async to None, run_after=None
[2024-03-12T09:55:56.074+0000] {processor.py:183} INFO - Processing /usr/local/lib/python3.10/dist-packages/airflow/example_dags/example_time_delta_sensor_async.py took 0.089 seconds
[2024-03-12T09:56:41.100+0000] {processor.py:161} INFO - Started process (PID=16069) to work on /usr/local/lib/python3.10/dist-packages/airflow/example_dags/example_time_delta_sensor_async.py
[2024-03-12T09:56:41.101+0000] {processor.py:830} INFO - Processing file /usr/local/lib/python3.10/dist-packages/airflow/example_dags/example_time_delta_sensor_async.py for tasks to queue
[2024-03-12T09:56:41.103+0000] {logging_mixin.py:188} INFO - [2024-03-12T09:56:41.102+0000] {dagbag.py:540} INFO - Filling up the DagBag from /usr/local/lib/python3.10/dist-packages/airflow/example_dags/example_time_delta_sensor_async.py
[2024-03-12T09:56:41.111+0000] {processor.py:840} INFO - DAG(s) 'example_time_delta_sensor_async' retrieved from /usr/local/lib/python3.10/dist-packages/airflow/example_dags/example_time_delta_sensor_async.py
[2024-03-12T09:56:41.135+0000] {logging_mixin.py:188} INFO - [2024-03-12T09:56:41.134+0000] {dag.py:3047} INFO - Sync 1 DAGs
[2024-03-12T09:56:41.154+0000] {logging_mixin.py:188} INFO - [2024-03-12T09:56:41.153+0000] {dag.py:3834} INFO - Setting next_dagrun for example_time_delta_sensor_async to None, run_after=None
[2024-03-12T09:56:41.184+0000] {processor.py:183} INFO - Processing /usr/local/lib/python3.10/dist-packages/airflow/example_dags/example_time_delta_sensor_async.py took 0.092 seconds
[2024-03-12T09:57:25.966+0000] {processor.py:161} INFO - Started process (PID=16112) to work on /usr/local/lib/python3.10/dist-packages/airflow/example_dags/example_time_delta_sensor_async.py
[2024-03-12T09:57:25.968+0000] {processor.py:830} INFO - Processing file /usr/local/lib/python3.10/dist-packages/airflow/example_dags/example_time_delta_sensor_async.py for tasks to queue
[2024-03-12T09:57:25.970+0000] {logging_mixin.py:188} INFO - [2024-03-12T09:57:25.969+0000] {dagbag.py:540} INFO - Filling up the DagBag from /usr/local/lib/python3.10/dist-packages/airflow/example_dags/example_time_delta_sensor_async.py
[2024-03-12T09:57:25.976+0000] {processor.py:840} INFO - DAG(s) 'example_time_delta_sensor_async' retrieved from /usr/local/lib/python3.10/dist-packages/airflow/example_dags/example_time_delta_sensor_async.py
[2024-03-12T09:57:25.998+0000] {logging_mixin.py:188} INFO - [2024-03-12T09:57:25.997+0000] {dag.py:3047} INFO - Sync 1 DAGs
[2024-03-12T09:57:26.024+0000] {logging_mixin.py:188} INFO - [2024-03-12T09:57:26.023+0000] {dag.py:3834} INFO - Setting next_dagrun for example_time_delta_sensor_async to None, run_after=None
[2024-03-12T09:57:26.057+0000] {processor.py:183} INFO - Processing /usr/local/lib/python3.10/dist-packages/airflow/example_dags/example_time_delta_sensor_async.py took 0.094 seconds
[2024-03-12T09:58:10.247+0000] {processor.py:161} INFO - Started process (PID=16159) to work on /usr/local/lib/python3.10/dist-packages/airflow/example_dags/example_time_delta_sensor_async.py
[2024-03-12T09:58:10.248+0000] {processor.py:830} INFO - Processing file /usr/local/lib/python3.10/dist-packages/airflow/example_dags/example_time_delta_sensor_async.py for tasks to queue
[2024-03-12T09:58:10.250+0000] {logging_mixin.py:188} INFO - [2024-03-12T09:58:10.249+0000] {dagbag.py:540} INFO - Filling up the DagBag from /usr/local/lib/python3.10/dist-packages/airflow/example_dags/example_time_delta_sensor_async.py
[2024-03-12T09:58:10.255+0000] {processor.py:840} INFO - DAG(s) 'example_time_delta_sensor_async' retrieved from /usr/local/lib/python3.10/dist-packages/airflow/example_dags/example_time_delta_sensor_async.py
[2024-03-12T09:58:10.274+0000] {logging_mixin.py:188} INFO - [2024-03-12T09:58:10.273+0000] {dag.py:3047} INFO - Sync 1 DAGs
[2024-03-12T09:58:10.288+0000] {logging_mixin.py:188} INFO - [2024-03-12T09:58:10.288+0000] {dag.py:3834} INFO - Setting next_dagrun for example_time_delta_sensor_async to None, run_after=None
[2024-03-12T09:58:10.313+0000] {processor.py:183} INFO - Processing /usr/local/lib/python3.10/dist-packages/airflow/example_dags/example_time_delta_sensor_async.py took 0.069 seconds
[2024-03-12T09:58:50.550+0000] {processor.py:161} INFO - Started process (PID=16206) to work on /usr/local/lib/python3.10/dist-packages/airflow/example_dags/example_time_delta_sensor_async.py
[2024-03-12T09:58:50.554+0000] {processor.py:830} INFO - Processing file /usr/local/lib/python3.10/dist-packages/airflow/example_dags/example_time_delta_sensor_async.py for tasks to queue
[2024-03-12T09:58:50.555+0000] {logging_mixin.py:188} INFO - [2024-03-12T09:58:50.555+0000] {dagbag.py:540} INFO - Filling up the DagBag from /usr/local/lib/python3.10/dist-packages/airflow/example_dags/example_time_delta_sensor_async.py
[2024-03-12T09:58:50.562+0000] {processor.py:840} INFO - DAG(s) 'example_time_delta_sensor_async' retrieved from /usr/local/lib/python3.10/dist-packages/airflow/example_dags/example_time_delta_sensor_async.py
[2024-03-12T09:58:50.585+0000] {logging_mixin.py:188} INFO - [2024-03-12T09:58:50.585+0000] {dag.py:3047} INFO - Sync 1 DAGs
[2024-03-12T09:58:50.602+0000] {logging_mixin.py:188} INFO - [2024-03-12T09:58:50.602+0000] {dag.py:3834} INFO - Setting next_dagrun for example_time_delta_sensor_async to None, run_after=None
[2024-03-12T09:58:50.630+0000] {processor.py:183} INFO - Processing /usr/local/lib/python3.10/dist-packages/airflow/example_dags/example_time_delta_sensor_async.py took 0.084 seconds
[2024-03-12T09:59:33.742+0000] {processor.py:161} INFO - Started process (PID=16252) to work on /usr/local/lib/python3.10/dist-packages/airflow/example_dags/example_time_delta_sensor_async.py
[2024-03-12T09:59:33.745+0000] {processor.py:830} INFO - Processing file /usr/local/lib/python3.10/dist-packages/airflow/example_dags/example_time_delta_sensor_async.py for tasks to queue
[2024-03-12T09:59:33.746+0000] {logging_mixin.py:188} INFO - [2024-03-12T09:59:33.745+0000] {dagbag.py:540} INFO - Filling up the DagBag from /usr/local/lib/python3.10/dist-packages/airflow/example_dags/example_time_delta_sensor_async.py
[2024-03-12T09:59:33.752+0000] {processor.py:840} INFO - DAG(s) 'example_time_delta_sensor_async' retrieved from /usr/local/lib/python3.10/dist-packages/airflow/example_dags/example_time_delta_sensor_async.py
[2024-03-12T09:59:33.774+0000] {logging_mixin.py:188} INFO - [2024-03-12T09:59:33.773+0000] {dag.py:3047} INFO - Sync 1 DAGs
[2024-03-12T09:59:33.796+0000] {logging_mixin.py:188} INFO - [2024-03-12T09:59:33.796+0000] {dag.py:3834} INFO - Setting next_dagrun for example_time_delta_sensor_async to None, run_after=None
[2024-03-12T09:59:33.835+0000] {processor.py:183} INFO - Processing /usr/local/lib/python3.10/dist-packages/airflow/example_dags/example_time_delta_sensor_async.py took 0.097 seconds
[2024-03-12T10:00:15.622+0000] {processor.py:161} INFO - Started process (PID=16299) to work on /usr/local/lib/python3.10/dist-packages/airflow/example_dags/example_time_delta_sensor_async.py
[2024-03-12T10:00:15.624+0000] {processor.py:830} INFO - Processing file /usr/local/lib/python3.10/dist-packages/airflow/example_dags/example_time_delta_sensor_async.py for tasks to queue
[2024-03-12T10:00:15.625+0000] {logging_mixin.py:188} INFO - [2024-03-12T10:00:15.624+0000] {dagbag.py:540} INFO - Filling up the DagBag from /usr/local/lib/python3.10/dist-packages/airflow/example_dags/example_time_delta_sensor_async.py
[2024-03-12T10:00:15.632+0000] {processor.py:840} INFO - DAG(s) 'example_time_delta_sensor_async' retrieved from /usr/local/lib/python3.10/dist-packages/airflow/example_dags/example_time_delta_sensor_async.py
[2024-03-12T10:00:15.655+0000] {logging_mixin.py:188} INFO - [2024-03-12T10:00:15.655+0000] {dag.py:3047} INFO - Sync 1 DAGs
[2024-03-12T10:00:15.677+0000] {logging_mixin.py:188} INFO - [2024-03-12T10:00:15.677+0000] {dag.py:3834} INFO - Setting next_dagrun for example_time_delta_sensor_async to None, run_after=None
[2024-03-12T10:00:15.708+0000] {processor.py:183} INFO - Processing /usr/local/lib/python3.10/dist-packages/airflow/example_dags/example_time_delta_sensor_async.py took 0.090 seconds
[2024-03-12T10:00:58.034+0000] {processor.py:161} INFO - Started process (PID=16347) to work on /usr/local/lib/python3.10/dist-packages/airflow/example_dags/example_time_delta_sensor_async.py
[2024-03-12T10:00:58.037+0000] {processor.py:830} INFO - Processing file /usr/local/lib/python3.10/dist-packages/airflow/example_dags/example_time_delta_sensor_async.py for tasks to queue
[2024-03-12T10:00:58.038+0000] {logging_mixin.py:188} INFO - [2024-03-12T10:00:58.037+0000] {dagbag.py:540} INFO - Filling up the DagBag from /usr/local/lib/python3.10/dist-packages/airflow/example_dags/example_time_delta_sensor_async.py
[2024-03-12T10:00:58.045+0000] {processor.py:840} INFO - DAG(s) 'example_time_delta_sensor_async' retrieved from /usr/local/lib/python3.10/dist-packages/airflow/example_dags/example_time_delta_sensor_async.py
[2024-03-12T10:00:58.063+0000] {logging_mixin.py:188} INFO - [2024-03-12T10:00:58.062+0000] {dag.py:3047} INFO - Sync 1 DAGs
[2024-03-12T10:00:58.075+0000] {logging_mixin.py:188} INFO - [2024-03-12T10:00:58.075+0000] {dag.py:3834} INFO - Setting next_dagrun for example_time_delta_sensor_async to None, run_after=None
[2024-03-12T10:00:58.100+0000] {processor.py:183} INFO - Processing /usr/local/lib/python3.10/dist-packages/airflow/example_dags/example_time_delta_sensor_async.py took 0.069 seconds
[2024-03-12T10:01:40.374+0000] {processor.py:161} INFO - Started process (PID=16390) to work on /usr/local/lib/python3.10/dist-packages/airflow/example_dags/example_time_delta_sensor_async.py
[2024-03-12T10:01:40.375+0000] {processor.py:830} INFO - Processing file /usr/local/lib/python3.10/dist-packages/airflow/example_dags/example_time_delta_sensor_async.py for tasks to queue
[2024-03-12T10:01:40.376+0000] {logging_mixin.py:188} INFO - [2024-03-12T10:01:40.376+0000] {dagbag.py:540} INFO - Filling up the DagBag from /usr/local/lib/python3.10/dist-packages/airflow/example_dags/example_time_delta_sensor_async.py
[2024-03-12T10:01:40.381+0000] {processor.py:840} INFO - DAG(s) 'example_time_delta_sensor_async' retrieved from /usr/local/lib/python3.10/dist-packages/airflow/example_dags/example_time_delta_sensor_async.py
[2024-03-12T10:01:40.398+0000] {logging_mixin.py:188} INFO - [2024-03-12T10:01:40.398+0000] {dag.py:3047} INFO - Sync 1 DAGs
[2024-03-12T10:01:40.410+0000] {logging_mixin.py:188} INFO - [2024-03-12T10:01:40.410+0000] {dag.py:3834} INFO - Setting next_dagrun for example_time_delta_sensor_async to None, run_after=None
[2024-03-12T10:01:40.436+0000] {processor.py:183} INFO - Processing /usr/local/lib/python3.10/dist-packages/airflow/example_dags/example_time_delta_sensor_async.py took 0.065 seconds
[2024-03-12T10:02:20.565+0000] {processor.py:161} INFO - Started process (PID=16431) to work on /usr/local/lib/python3.10/dist-packages/airflow/example_dags/example_time_delta_sensor_async.py
[2024-03-12T10:02:20.567+0000] {processor.py:830} INFO - Processing file /usr/local/lib/python3.10/dist-packages/airflow/example_dags/example_time_delta_sensor_async.py for tasks to queue
[2024-03-12T10:02:20.568+0000] {logging_mixin.py:188} INFO - [2024-03-12T10:02:20.568+0000] {dagbag.py:540} INFO - Filling up the DagBag from /usr/local/lib/python3.10/dist-packages/airflow/example_dags/example_time_delta_sensor_async.py
[2024-03-12T10:02:20.574+0000] {processor.py:840} INFO - DAG(s) 'example_time_delta_sensor_async' retrieved from /usr/local/lib/python3.10/dist-packages/airflow/example_dags/example_time_delta_sensor_async.py
[2024-03-12T10:02:20.592+0000] {logging_mixin.py:188} INFO - [2024-03-12T10:02:20.592+0000] {dag.py:3047} INFO - Sync 1 DAGs
[2024-03-12T10:02:20.604+0000] {logging_mixin.py:188} INFO - [2024-03-12T10:02:20.604+0000] {dag.py:3834} INFO - Setting next_dagrun for example_time_delta_sensor_async to None, run_after=None
[2024-03-12T10:02:20.632+0000] {processor.py:183} INFO - Processing /usr/local/lib/python3.10/dist-packages/airflow/example_dags/example_time_delta_sensor_async.py took 0.071 seconds
[2024-03-12T10:03:02.202+0000] {processor.py:161} INFO - Started process (PID=16477) to work on /usr/local/lib/python3.10/dist-packages/airflow/example_dags/example_time_delta_sensor_async.py
[2024-03-12T10:03:02.203+0000] {processor.py:830} INFO - Processing file /usr/local/lib/python3.10/dist-packages/airflow/example_dags/example_time_delta_sensor_async.py for tasks to queue
[2024-03-12T10:03:02.205+0000] {logging_mixin.py:188} INFO - [2024-03-12T10:03:02.204+0000] {dagbag.py:540} INFO - Filling up the DagBag from /usr/local/lib/python3.10/dist-packages/airflow/example_dags/example_time_delta_sensor_async.py
[2024-03-12T10:03:02.213+0000] {processor.py:840} INFO - DAG(s) 'example_time_delta_sensor_async' retrieved from /usr/local/lib/python3.10/dist-packages/airflow/example_dags/example_time_delta_sensor_async.py
[2024-03-12T10:03:02.240+0000] {logging_mixin.py:188} INFO - [2024-03-12T10:03:02.239+0000] {dag.py:3047} INFO - Sync 1 DAGs
[2024-03-12T10:03:02.256+0000] {logging_mixin.py:188} INFO - [2024-03-12T10:03:02.256+0000] {dag.py:3834} INFO - Setting next_dagrun for example_time_delta_sensor_async to None, run_after=None
[2024-03-12T10:03:02.301+0000] {processor.py:183} INFO - Processing /usr/local/lib/python3.10/dist-packages/airflow/example_dags/example_time_delta_sensor_async.py took 0.104 seconds
[2024-03-12T10:03:45.016+0000] {processor.py:161} INFO - Started process (PID=16517) to work on /usr/local/lib/python3.10/dist-packages/airflow/example_dags/example_time_delta_sensor_async.py
[2024-03-12T10:03:45.017+0000] {processor.py:830} INFO - Processing file /usr/local/lib/python3.10/dist-packages/airflow/example_dags/example_time_delta_sensor_async.py for tasks to queue
[2024-03-12T10:03:45.019+0000] {logging_mixin.py:188} INFO - [2024-03-12T10:03:45.018+0000] {dagbag.py:540} INFO - Filling up the DagBag from /usr/local/lib/python3.10/dist-packages/airflow/example_dags/example_time_delta_sensor_async.py
[2024-03-12T10:03:45.027+0000] {processor.py:840} INFO - DAG(s) 'example_time_delta_sensor_async' retrieved from /usr/local/lib/python3.10/dist-packages/airflow/example_dags/example_time_delta_sensor_async.py
[2024-03-12T10:03:45.050+0000] {logging_mixin.py:188} INFO - [2024-03-12T10:03:45.050+0000] {dag.py:3047} INFO - Sync 1 DAGs
[2024-03-12T10:03:45.064+0000] {logging_mixin.py:188} INFO - [2024-03-12T10:03:45.063+0000] {dag.py:3834} INFO - Setting next_dagrun for example_time_delta_sensor_async to None, run_after=None
[2024-03-12T10:03:45.089+0000] {processor.py:183} INFO - Processing /usr/local/lib/python3.10/dist-packages/airflow/example_dags/example_time_delta_sensor_async.py took 0.077 seconds
[2024-03-12T10:04:25.913+0000] {processor.py:161} INFO - Started process (PID=16560) to work on /usr/local/lib/python3.10/dist-packages/airflow/example_dags/example_time_delta_sensor_async.py
[2024-03-12T10:04:25.917+0000] {processor.py:830} INFO - Processing file /usr/local/lib/python3.10/dist-packages/airflow/example_dags/example_time_delta_sensor_async.py for tasks to queue
[2024-03-12T10:04:25.919+0000] {logging_mixin.py:188} INFO - [2024-03-12T10:04:25.918+0000] {dagbag.py:540} INFO - Filling up the DagBag from /usr/local/lib/python3.10/dist-packages/airflow/example_dags/example_time_delta_sensor_async.py
[2024-03-12T10:04:25.938+0000] {processor.py:840} INFO - DAG(s) 'example_time_delta_sensor_async' retrieved from /usr/local/lib/python3.10/dist-packages/airflow/example_dags/example_time_delta_sensor_async.py
[2024-03-12T10:04:25.959+0000] {logging_mixin.py:188} INFO - [2024-03-12T10:04:25.958+0000] {dag.py:3047} INFO - Sync 1 DAGs
[2024-03-12T10:04:25.977+0000] {logging_mixin.py:188} INFO - [2024-03-12T10:04:25.975+0000] {dag.py:3834} INFO - Setting next_dagrun for example_time_delta_sensor_async to None, run_after=None
[2024-03-12T10:04:26.015+0000] {processor.py:183} INFO - Processing /usr/local/lib/python3.10/dist-packages/airflow/example_dags/example_time_delta_sensor_async.py took 0.110 seconds
