[2024-03-12T09:19:42.550+0000] {processor.py:161} INFO - Started process (PID=13942) to work on /usr/local/lib/python3.10/dist-packages/airflow/example_dags/example_latest_only.py
[2024-03-12T09:19:42.551+0000] {processor.py:830} INFO - Processing file /usr/local/lib/python3.10/dist-packages/airflow/example_dags/example_latest_only.py for tasks to queue
[2024-03-12T09:19:42.553+0000] {logging_mixin.py:188} INFO - [2024-03-12T09:19:42.552+0000] {dagbag.py:540} INFO - Filling up the DagBag from /usr/local/lib/python3.10/dist-packages/airflow/example_dags/example_latest_only.py
[2024-03-12T09:19:42.560+0000] {processor.py:840} INFO - DAG(s) 'latest_only' retrieved from /usr/local/lib/python3.10/dist-packages/airflow/example_dags/example_latest_only.py
[2024-03-12T09:19:42.685+0000] {logging_mixin.py:188} INFO - [2024-03-12T09:19:42.685+0000] {override.py:1769} INFO - Created Permission View: can read on DAG:latest_only
[2024-03-12T09:19:42.704+0000] {logging_mixin.py:188} INFO - [2024-03-12T09:19:42.703+0000] {override.py:1769} INFO - Created Permission View: can edit on DAG:latest_only
[2024-03-12T09:19:42.716+0000] {logging_mixin.py:188} INFO - [2024-03-12T09:19:42.715+0000] {override.py:1769} INFO - Created Permission View: can delete on DAG:latest_only
[2024-03-12T09:19:42.716+0000] {logging_mixin.py:188} INFO - [2024-03-12T09:19:42.716+0000] {dag.py:3047} INFO - Sync 1 DAGs
[2024-03-12T09:19:42.727+0000] {logging_mixin.py:188} INFO - [2024-03-12T09:19:42.726+0000] {dag.py:3069} INFO - Creating ORM DAG for latest_only
[2024-03-12T09:19:42.736+0000] {logging_mixin.py:188} INFO - [2024-03-12T09:19:42.736+0000] {dag.py:3834} INFO - Setting next_dagrun for latest_only to 2024-03-12 04:00:00+00:00, run_after=2024-03-12 08:00:00+00:00
[2024-03-12T09:19:42.893+0000] {processor.py:183} INFO - Processing /usr/local/lib/python3.10/dist-packages/airflow/example_dags/example_latest_only.py took 0.347 seconds
[2024-03-12T09:22:34.876+0000] {processor.py:161} INFO - Started process (PID=14002) to work on /usr/local/lib/python3.10/dist-packages/airflow/example_dags/example_latest_only.py
[2024-03-12T09:22:34.878+0000] {processor.py:830} INFO - Processing file /usr/local/lib/python3.10/dist-packages/airflow/example_dags/example_latest_only.py for tasks to queue
[2024-03-12T09:22:34.879+0000] {logging_mixin.py:188} INFO - [2024-03-12T09:22:34.879+0000] {dagbag.py:540} INFO - Filling up the DagBag from /usr/local/lib/python3.10/dist-packages/airflow/example_dags/example_latest_only.py
[2024-03-12T09:22:34.891+0000] {processor.py:840} INFO - DAG(s) 'latest_only' retrieved from /usr/local/lib/python3.10/dist-packages/airflow/example_dags/example_latest_only.py
[2024-03-12T09:22:34.923+0000] {logging_mixin.py:188} INFO - [2024-03-12T09:22:34.921+0000] {dag.py:3047} INFO - Sync 1 DAGs
[2024-03-12T09:22:34.966+0000] {logging_mixin.py:188} INFO - [2024-03-12T09:22:34.966+0000] {dag.py:3834} INFO - Setting next_dagrun for latest_only to 2024-03-12 04:00:00+00:00, run_after=2024-03-12 08:00:00+00:00
[2024-03-12T09:22:34.994+0000] {processor.py:183} INFO - Processing /usr/local/lib/python3.10/dist-packages/airflow/example_dags/example_latest_only.py took 0.122 seconds
[2024-03-12T09:23:37.896+0000] {processor.py:161} INFO - Started process (PID=14053) to work on /usr/local/lib/python3.10/dist-packages/airflow/example_dags/example_latest_only.py
[2024-03-12T09:23:37.897+0000] {processor.py:830} INFO - Processing file /usr/local/lib/python3.10/dist-packages/airflow/example_dags/example_latest_only.py for tasks to queue
[2024-03-12T09:23:37.899+0000] {logging_mixin.py:188} INFO - [2024-03-12T09:23:37.898+0000] {dagbag.py:540} INFO - Filling up the DagBag from /usr/local/lib/python3.10/dist-packages/airflow/example_dags/example_latest_only.py
[2024-03-12T09:23:37.906+0000] {processor.py:840} INFO - DAG(s) 'latest_only' retrieved from /usr/local/lib/python3.10/dist-packages/airflow/example_dags/example_latest_only.py
[2024-03-12T09:23:38.176+0000] {logging_mixin.py:188} INFO - [2024-03-12T09:23:38.175+0000] {dag.py:3047} INFO - Sync 1 DAGs
[2024-03-12T09:23:38.192+0000] {logging_mixin.py:188} INFO - [2024-03-12T09:23:38.192+0000] {dag.py:3834} INFO - Setting next_dagrun for latest_only to 2024-03-12 04:00:00+00:00, run_after=2024-03-12 08:00:00+00:00
[2024-03-12T09:23:38.216+0000] {processor.py:183} INFO - Processing /usr/local/lib/python3.10/dist-packages/airflow/example_dags/example_latest_only.py took 0.324 seconds
[2024-03-12T09:24:28.188+0000] {processor.py:161} INFO - Started process (PID=14103) to work on /usr/local/lib/python3.10/dist-packages/airflow/example_dags/example_latest_only.py
[2024-03-12T09:24:28.189+0000] {processor.py:830} INFO - Processing file /usr/local/lib/python3.10/dist-packages/airflow/example_dags/example_latest_only.py for tasks to queue
[2024-03-12T09:24:28.190+0000] {logging_mixin.py:188} INFO - [2024-03-12T09:24:28.190+0000] {dagbag.py:540} INFO - Filling up the DagBag from /usr/local/lib/python3.10/dist-packages/airflow/example_dags/example_latest_only.py
[2024-03-12T09:24:28.197+0000] {processor.py:840} INFO - DAG(s) 'latest_only' retrieved from /usr/local/lib/python3.10/dist-packages/airflow/example_dags/example_latest_only.py
[2024-03-12T09:24:28.215+0000] {logging_mixin.py:188} INFO - [2024-03-12T09:24:28.215+0000] {dag.py:3047} INFO - Sync 1 DAGs
[2024-03-12T09:24:28.363+0000] {logging_mixin.py:188} INFO - [2024-03-12T09:24:28.362+0000] {dag.py:3834} INFO - Setting next_dagrun for latest_only to 2024-03-12 04:00:00+00:00, run_after=2024-03-12 08:00:00+00:00
[2024-03-12T09:24:28.385+0000] {processor.py:183} INFO - Processing /usr/local/lib/python3.10/dist-packages/airflow/example_dags/example_latest_only.py took 0.201 seconds
[2024-03-12T09:25:28.800+0000] {processor.py:161} INFO - Started process (PID=14155) to work on /usr/local/lib/python3.10/dist-packages/airflow/example_dags/example_latest_only.py
[2024-03-12T09:25:28.801+0000] {processor.py:830} INFO - Processing file /usr/local/lib/python3.10/dist-packages/airflow/example_dags/example_latest_only.py for tasks to queue
[2024-03-12T09:25:28.802+0000] {logging_mixin.py:188} INFO - [2024-03-12T09:25:28.802+0000] {dagbag.py:540} INFO - Filling up the DagBag from /usr/local/lib/python3.10/dist-packages/airflow/example_dags/example_latest_only.py
[2024-03-12T09:25:28.808+0000] {processor.py:840} INFO - DAG(s) 'latest_only' retrieved from /usr/local/lib/python3.10/dist-packages/airflow/example_dags/example_latest_only.py
[2024-03-12T09:25:28.828+0000] {logging_mixin.py:188} INFO - [2024-03-12T09:25:28.828+0000] {dag.py:3047} INFO - Sync 1 DAGs
[2024-03-12T09:25:28.848+0000] {logging_mixin.py:188} INFO - [2024-03-12T09:25:28.848+0000] {dag.py:3834} INFO - Setting next_dagrun for latest_only to 2024-03-12 04:00:00+00:00, run_after=2024-03-12 08:00:00+00:00
[2024-03-12T09:25:28.872+0000] {processor.py:183} INFO - Processing /usr/local/lib/python3.10/dist-packages/airflow/example_dags/example_latest_only.py took 0.076 seconds
[2024-03-12T09:26:12.796+0000] {processor.py:161} INFO - Started process (PID=14199) to work on /usr/local/lib/python3.10/dist-packages/airflow/example_dags/example_latest_only.py
[2024-03-12T09:26:12.798+0000] {processor.py:830} INFO - Processing file /usr/local/lib/python3.10/dist-packages/airflow/example_dags/example_latest_only.py for tasks to queue
[2024-03-12T09:26:12.799+0000] {logging_mixin.py:188} INFO - [2024-03-12T09:26:12.799+0000] {dagbag.py:540} INFO - Filling up the DagBag from /usr/local/lib/python3.10/dist-packages/airflow/example_dags/example_latest_only.py
[2024-03-12T09:26:12.805+0000] {processor.py:840} INFO - DAG(s) 'latest_only' retrieved from /usr/local/lib/python3.10/dist-packages/airflow/example_dags/example_latest_only.py
[2024-03-12T09:26:12.823+0000] {logging_mixin.py:188} INFO - [2024-03-12T09:26:12.822+0000] {dag.py:3047} INFO - Sync 1 DAGs
[2024-03-12T09:26:12.846+0000] {logging_mixin.py:188} INFO - [2024-03-12T09:26:12.846+0000] {dag.py:3834} INFO - Setting next_dagrun for latest_only to 2024-03-12 04:00:00+00:00, run_after=2024-03-12 08:00:00+00:00
[2024-03-12T09:26:12.870+0000] {processor.py:183} INFO - Processing /usr/local/lib/python3.10/dist-packages/airflow/example_dags/example_latest_only.py took 0.078 seconds
[2024-03-12T09:26:56.401+0000] {processor.py:161} INFO - Started process (PID=14244) to work on /usr/local/lib/python3.10/dist-packages/airflow/example_dags/example_latest_only.py
[2024-03-12T09:26:56.403+0000] {processor.py:830} INFO - Processing file /usr/local/lib/python3.10/dist-packages/airflow/example_dags/example_latest_only.py for tasks to queue
[2024-03-12T09:26:56.404+0000] {logging_mixin.py:188} INFO - [2024-03-12T09:26:56.404+0000] {dagbag.py:540} INFO - Filling up the DagBag from /usr/local/lib/python3.10/dist-packages/airflow/example_dags/example_latest_only.py
[2024-03-12T09:26:56.411+0000] {processor.py:840} INFO - DAG(s) 'latest_only' retrieved from /usr/local/lib/python3.10/dist-packages/airflow/example_dags/example_latest_only.py
[2024-03-12T09:26:56.438+0000] {logging_mixin.py:188} INFO - [2024-03-12T09:26:56.437+0000] {dag.py:3047} INFO - Sync 1 DAGs
[2024-03-12T09:26:56.465+0000] {logging_mixin.py:188} INFO - [2024-03-12T09:26:56.464+0000] {dag.py:3834} INFO - Setting next_dagrun for latest_only to 2024-03-12 04:00:00+00:00, run_after=2024-03-12 08:00:00+00:00
[2024-03-12T09:26:56.501+0000] {processor.py:183} INFO - Processing /usr/local/lib/python3.10/dist-packages/airflow/example_dags/example_latest_only.py took 0.104 seconds
[2024-03-12T09:27:39.657+0000] {processor.py:161} INFO - Started process (PID=14286) to work on /usr/local/lib/python3.10/dist-packages/airflow/example_dags/example_latest_only.py
[2024-03-12T09:27:39.658+0000] {processor.py:830} INFO - Processing file /usr/local/lib/python3.10/dist-packages/airflow/example_dags/example_latest_only.py for tasks to queue
[2024-03-12T09:27:39.660+0000] {logging_mixin.py:188} INFO - [2024-03-12T09:27:39.659+0000] {dagbag.py:540} INFO - Filling up the DagBag from /usr/local/lib/python3.10/dist-packages/airflow/example_dags/example_latest_only.py
[2024-03-12T09:27:39.668+0000] {processor.py:840} INFO - DAG(s) 'latest_only' retrieved from /usr/local/lib/python3.10/dist-packages/airflow/example_dags/example_latest_only.py
[2024-03-12T09:27:39.688+0000] {logging_mixin.py:188} INFO - [2024-03-12T09:27:39.688+0000] {dag.py:3047} INFO - Sync 1 DAGs
[2024-03-12T09:27:39.712+0000] {logging_mixin.py:188} INFO - [2024-03-12T09:27:39.712+0000] {dag.py:3834} INFO - Setting next_dagrun for latest_only to 2024-03-12 04:00:00+00:00, run_after=2024-03-12 08:00:00+00:00
[2024-03-12T09:27:39.758+0000] {processor.py:183} INFO - Processing /usr/local/lib/python3.10/dist-packages/airflow/example_dags/example_latest_only.py took 0.105 seconds
[2024-03-12T09:28:20.057+0000] {processor.py:161} INFO - Started process (PID=14327) to work on /usr/local/lib/python3.10/dist-packages/airflow/example_dags/example_latest_only.py
[2024-03-12T09:28:20.058+0000] {processor.py:830} INFO - Processing file /usr/local/lib/python3.10/dist-packages/airflow/example_dags/example_latest_only.py for tasks to queue
[2024-03-12T09:28:20.059+0000] {logging_mixin.py:188} INFO - [2024-03-12T09:28:20.059+0000] {dagbag.py:540} INFO - Filling up the DagBag from /usr/local/lib/python3.10/dist-packages/airflow/example_dags/example_latest_only.py
[2024-03-12T09:28:20.065+0000] {processor.py:840} INFO - DAG(s) 'latest_only' retrieved from /usr/local/lib/python3.10/dist-packages/airflow/example_dags/example_latest_only.py
[2024-03-12T09:28:20.083+0000] {logging_mixin.py:188} INFO - [2024-03-12T09:28:20.083+0000] {dag.py:3047} INFO - Sync 1 DAGs
[2024-03-12T09:28:20.104+0000] {logging_mixin.py:188} INFO - [2024-03-12T09:28:20.104+0000] {dag.py:3834} INFO - Setting next_dagrun for latest_only to 2024-03-12 04:00:00+00:00, run_after=2024-03-12 08:00:00+00:00
[2024-03-12T09:28:20.134+0000] {processor.py:183} INFO - Processing /usr/local/lib/python3.10/dist-packages/airflow/example_dags/example_latest_only.py took 0.080 seconds
[2024-03-12T09:29:20.787+0000] {processor.py:161} INFO - Started process (PID=14386) to work on /usr/local/lib/python3.10/dist-packages/airflow/example_dags/example_latest_only.py
[2024-03-12T09:29:20.790+0000] {processor.py:830} INFO - Processing file /usr/local/lib/python3.10/dist-packages/airflow/example_dags/example_latest_only.py for tasks to queue
[2024-03-12T09:29:20.792+0000] {logging_mixin.py:188} INFO - [2024-03-12T09:29:20.791+0000] {dagbag.py:540} INFO - Filling up the DagBag from /usr/local/lib/python3.10/dist-packages/airflow/example_dags/example_latest_only.py
[2024-03-12T09:29:20.805+0000] {processor.py:840} INFO - DAG(s) 'latest_only' retrieved from /usr/local/lib/python3.10/dist-packages/airflow/example_dags/example_latest_only.py
[2024-03-12T09:29:20.830+0000] {logging_mixin.py:188} INFO - [2024-03-12T09:29:20.829+0000] {dag.py:3047} INFO - Sync 1 DAGs
[2024-03-12T09:29:20.894+0000] {logging_mixin.py:188} INFO - [2024-03-12T09:29:20.893+0000] {dag.py:3834} INFO - Setting next_dagrun for latest_only to 2024-03-12 04:00:00+00:00, run_after=2024-03-12 08:00:00+00:00
[2024-03-12T09:29:20.950+0000] {processor.py:183} INFO - Processing /usr/local/lib/python3.10/dist-packages/airflow/example_dags/example_latest_only.py took 0.169 seconds
[2024-03-12T09:30:22.032+0000] {processor.py:161} INFO - Started process (PID=14446) to work on /usr/local/lib/python3.10/dist-packages/airflow/example_dags/example_latest_only.py
[2024-03-12T09:30:22.035+0000] {processor.py:830} INFO - Processing file /usr/local/lib/python3.10/dist-packages/airflow/example_dags/example_latest_only.py for tasks to queue
[2024-03-12T09:30:22.037+0000] {logging_mixin.py:188} INFO - [2024-03-12T09:30:22.036+0000] {dagbag.py:540} INFO - Filling up the DagBag from /usr/local/lib/python3.10/dist-packages/airflow/example_dags/example_latest_only.py
[2024-03-12T09:30:22.045+0000] {processor.py:840} INFO - DAG(s) 'latest_only' retrieved from /usr/local/lib/python3.10/dist-packages/airflow/example_dags/example_latest_only.py
[2024-03-12T09:30:22.082+0000] {logging_mixin.py:188} INFO - [2024-03-12T09:30:22.081+0000] {dag.py:3047} INFO - Sync 1 DAGs
[2024-03-12T09:30:22.129+0000] {logging_mixin.py:188} INFO - [2024-03-12T09:30:22.128+0000] {dag.py:3834} INFO - Setting next_dagrun for latest_only to 2024-03-12 04:00:00+00:00, run_after=2024-03-12 08:00:00+00:00
[2024-03-12T09:30:22.168+0000] {processor.py:183} INFO - Processing /usr/local/lib/python3.10/dist-packages/airflow/example_dags/example_latest_only.py took 0.141 seconds
[2024-03-12T09:31:21.779+0000] {processor.py:161} INFO - Started process (PID=14504) to work on /usr/local/lib/python3.10/dist-packages/airflow/example_dags/example_latest_only.py
[2024-03-12T09:31:21.781+0000] {processor.py:830} INFO - Processing file /usr/local/lib/python3.10/dist-packages/airflow/example_dags/example_latest_only.py for tasks to queue
[2024-03-12T09:31:21.782+0000] {logging_mixin.py:188} INFO - [2024-03-12T09:31:21.782+0000] {dagbag.py:540} INFO - Filling up the DagBag from /usr/local/lib/python3.10/dist-packages/airflow/example_dags/example_latest_only.py
[2024-03-12T09:31:21.792+0000] {processor.py:840} INFO - DAG(s) 'latest_only' retrieved from /usr/local/lib/python3.10/dist-packages/airflow/example_dags/example_latest_only.py
[2024-03-12T09:31:21.813+0000] {logging_mixin.py:188} INFO - [2024-03-12T09:31:21.813+0000] {dag.py:3047} INFO - Sync 1 DAGs
[2024-03-12T09:31:21.847+0000] {logging_mixin.py:188} INFO - [2024-03-12T09:31:21.846+0000] {dag.py:3834} INFO - Setting next_dagrun for latest_only to 2024-03-12 04:00:00+00:00, run_after=2024-03-12 08:00:00+00:00
[2024-03-12T09:31:21.877+0000] {processor.py:183} INFO - Processing /usr/local/lib/python3.10/dist-packages/airflow/example_dags/example_latest_only.py took 0.103 seconds
[2024-03-12T09:32:05.306+0000] {processor.py:161} INFO - Started process (PID=14545) to work on /usr/local/lib/python3.10/dist-packages/airflow/example_dags/example_latest_only.py
[2024-03-12T09:32:05.308+0000] {processor.py:830} INFO - Processing file /usr/local/lib/python3.10/dist-packages/airflow/example_dags/example_latest_only.py for tasks to queue
[2024-03-12T09:32:05.309+0000] {logging_mixin.py:188} INFO - [2024-03-12T09:32:05.309+0000] {dagbag.py:540} INFO - Filling up the DagBag from /usr/local/lib/python3.10/dist-packages/airflow/example_dags/example_latest_only.py
[2024-03-12T09:32:05.320+0000] {processor.py:840} INFO - DAG(s) 'latest_only' retrieved from /usr/local/lib/python3.10/dist-packages/airflow/example_dags/example_latest_only.py
[2024-03-12T09:32:05.343+0000] {logging_mixin.py:188} INFO - [2024-03-12T09:32:05.342+0000] {dag.py:3047} INFO - Sync 1 DAGs
[2024-03-12T09:32:05.371+0000] {logging_mixin.py:188} INFO - [2024-03-12T09:32:05.370+0000] {dag.py:3834} INFO - Setting next_dagrun for latest_only to 2024-03-12 04:00:00+00:00, run_after=2024-03-12 08:00:00+00:00
[2024-03-12T09:32:05.400+0000] {processor.py:183} INFO - Processing /usr/local/lib/python3.10/dist-packages/airflow/example_dags/example_latest_only.py took 0.100 seconds
[2024-03-12T09:32:47.741+0000] {processor.py:161} INFO - Started process (PID=14587) to work on /usr/local/lib/python3.10/dist-packages/airflow/example_dags/example_latest_only.py
[2024-03-12T09:32:47.743+0000] {processor.py:830} INFO - Processing file /usr/local/lib/python3.10/dist-packages/airflow/example_dags/example_latest_only.py for tasks to queue
[2024-03-12T09:32:47.744+0000] {logging_mixin.py:188} INFO - [2024-03-12T09:32:47.744+0000] {dagbag.py:540} INFO - Filling up the DagBag from /usr/local/lib/python3.10/dist-packages/airflow/example_dags/example_latest_only.py
[2024-03-12T09:32:47.751+0000] {processor.py:840} INFO - DAG(s) 'latest_only' retrieved from /usr/local/lib/python3.10/dist-packages/airflow/example_dags/example_latest_only.py
[2024-03-12T09:32:47.772+0000] {logging_mixin.py:188} INFO - [2024-03-12T09:32:47.771+0000] {dag.py:3047} INFO - Sync 1 DAGs
[2024-03-12T09:32:47.799+0000] {logging_mixin.py:188} INFO - [2024-03-12T09:32:47.799+0000] {dag.py:3834} INFO - Setting next_dagrun for latest_only to 2024-03-12 04:00:00+00:00, run_after=2024-03-12 08:00:00+00:00
[2024-03-12T09:32:47.827+0000] {processor.py:183} INFO - Processing /usr/local/lib/python3.10/dist-packages/airflow/example_dags/example_latest_only.py took 0.089 seconds
[2024-03-12T09:33:32.562+0000] {processor.py:161} INFO - Started process (PID=14630) to work on /usr/local/lib/python3.10/dist-packages/airflow/example_dags/example_latest_only.py
[2024-03-12T09:33:32.563+0000] {processor.py:830} INFO - Processing file /usr/local/lib/python3.10/dist-packages/airflow/example_dags/example_latest_only.py for tasks to queue
[2024-03-12T09:33:32.564+0000] {logging_mixin.py:188} INFO - [2024-03-12T09:33:32.564+0000] {dagbag.py:540} INFO - Filling up the DagBag from /usr/local/lib/python3.10/dist-packages/airflow/example_dags/example_latest_only.py
[2024-03-12T09:33:32.574+0000] {processor.py:840} INFO - DAG(s) 'latest_only' retrieved from /usr/local/lib/python3.10/dist-packages/airflow/example_dags/example_latest_only.py
[2024-03-12T09:33:32.601+0000] {logging_mixin.py:188} INFO - [2024-03-12T09:33:32.600+0000] {dag.py:3047} INFO - Sync 1 DAGs
[2024-03-12T09:33:32.632+0000] {logging_mixin.py:188} INFO - [2024-03-12T09:33:32.632+0000] {dag.py:3834} INFO - Setting next_dagrun for latest_only to 2024-03-12 04:00:00+00:00, run_after=2024-03-12 08:00:00+00:00
[2024-03-12T09:33:32.668+0000] {processor.py:183} INFO - Processing /usr/local/lib/python3.10/dist-packages/airflow/example_dags/example_latest_only.py took 0.111 seconds
[2024-03-12T09:34:15.571+0000] {processor.py:161} INFO - Started process (PID=14672) to work on /usr/local/lib/python3.10/dist-packages/airflow/example_dags/example_latest_only.py
[2024-03-12T09:34:15.573+0000] {processor.py:830} INFO - Processing file /usr/local/lib/python3.10/dist-packages/airflow/example_dags/example_latest_only.py for tasks to queue
[2024-03-12T09:34:15.575+0000] {logging_mixin.py:188} INFO - [2024-03-12T09:34:15.573+0000] {dagbag.py:540} INFO - Filling up the DagBag from /usr/local/lib/python3.10/dist-packages/airflow/example_dags/example_latest_only.py
[2024-03-12T09:34:15.585+0000] {processor.py:840} INFO - DAG(s) 'latest_only' retrieved from /usr/local/lib/python3.10/dist-packages/airflow/example_dags/example_latest_only.py
[2024-03-12T09:34:15.633+0000] {logging_mixin.py:188} INFO - [2024-03-12T09:34:15.633+0000] {dag.py:3047} INFO - Sync 1 DAGs
[2024-03-12T09:34:15.663+0000] {logging_mixin.py:188} INFO - [2024-03-12T09:34:15.662+0000] {dag.py:3834} INFO - Setting next_dagrun for latest_only to 2024-03-12 04:00:00+00:00, run_after=2024-03-12 08:00:00+00:00
[2024-03-12T09:34:15.702+0000] {processor.py:183} INFO - Processing /usr/local/lib/python3.10/dist-packages/airflow/example_dags/example_latest_only.py took 0.135 seconds
[2024-03-12T09:34:57.998+0000] {processor.py:161} INFO - Started process (PID=14713) to work on /usr/local/lib/python3.10/dist-packages/airflow/example_dags/example_latest_only.py
[2024-03-12T09:34:58.000+0000] {processor.py:830} INFO - Processing file /usr/local/lib/python3.10/dist-packages/airflow/example_dags/example_latest_only.py for tasks to queue
[2024-03-12T09:34:58.009+0000] {logging_mixin.py:188} INFO - [2024-03-12T09:34:58.009+0000] {dagbag.py:540} INFO - Filling up the DagBag from /usr/local/lib/python3.10/dist-packages/airflow/example_dags/example_latest_only.py
[2024-03-12T09:34:58.025+0000] {processor.py:840} INFO - DAG(s) 'latest_only' retrieved from /usr/local/lib/python3.10/dist-packages/airflow/example_dags/example_latest_only.py
[2024-03-12T09:34:58.049+0000] {logging_mixin.py:188} INFO - [2024-03-12T09:34:58.047+0000] {dag.py:3047} INFO - Sync 1 DAGs
[2024-03-12T09:34:58.074+0000] {logging_mixin.py:188} INFO - [2024-03-12T09:34:58.074+0000] {dag.py:3834} INFO - Setting next_dagrun for latest_only to 2024-03-12 04:00:00+00:00, run_after=2024-03-12 08:00:00+00:00
[2024-03-12T09:34:58.105+0000] {processor.py:183} INFO - Processing /usr/local/lib/python3.10/dist-packages/airflow/example_dags/example_latest_only.py took 0.120 seconds
[2024-03-12T09:35:44.369+0000] {processor.py:161} INFO - Started process (PID=14757) to work on /usr/local/lib/python3.10/dist-packages/airflow/example_dags/example_latest_only.py
[2024-03-12T09:35:44.371+0000] {processor.py:830} INFO - Processing file /usr/local/lib/python3.10/dist-packages/airflow/example_dags/example_latest_only.py for tasks to queue
[2024-03-12T09:35:44.373+0000] {logging_mixin.py:188} INFO - [2024-03-12T09:35:44.372+0000] {dagbag.py:540} INFO - Filling up the DagBag from /usr/local/lib/python3.10/dist-packages/airflow/example_dags/example_latest_only.py
[2024-03-12T09:35:44.380+0000] {processor.py:840} INFO - DAG(s) 'latest_only' retrieved from /usr/local/lib/python3.10/dist-packages/airflow/example_dags/example_latest_only.py
[2024-03-12T09:35:44.406+0000] {logging_mixin.py:188} INFO - [2024-03-12T09:35:44.405+0000] {dag.py:3047} INFO - Sync 1 DAGs
[2024-03-12T09:35:44.436+0000] {logging_mixin.py:188} INFO - [2024-03-12T09:35:44.435+0000] {dag.py:3834} INFO - Setting next_dagrun for latest_only to 2024-03-12 04:00:00+00:00, run_after=2024-03-12 08:00:00+00:00
[2024-03-12T09:35:44.469+0000] {processor.py:183} INFO - Processing /usr/local/lib/python3.10/dist-packages/airflow/example_dags/example_latest_only.py took 0.109 seconds
[2024-03-12T09:36:25.332+0000] {processor.py:161} INFO - Started process (PID=14796) to work on /usr/local/lib/python3.10/dist-packages/airflow/example_dags/example_latest_only.py
[2024-03-12T09:36:25.334+0000] {processor.py:830} INFO - Processing file /usr/local/lib/python3.10/dist-packages/airflow/example_dags/example_latest_only.py for tasks to queue
[2024-03-12T09:36:25.335+0000] {logging_mixin.py:188} INFO - [2024-03-12T09:36:25.335+0000] {dagbag.py:540} INFO - Filling up the DagBag from /usr/local/lib/python3.10/dist-packages/airflow/example_dags/example_latest_only.py
[2024-03-12T09:36:25.342+0000] {processor.py:840} INFO - DAG(s) 'latest_only' retrieved from /usr/local/lib/python3.10/dist-packages/airflow/example_dags/example_latest_only.py
[2024-03-12T09:36:25.360+0000] {logging_mixin.py:188} INFO - [2024-03-12T09:36:25.360+0000] {dag.py:3047} INFO - Sync 1 DAGs
[2024-03-12T09:36:25.383+0000] {logging_mixin.py:188} INFO - [2024-03-12T09:36:25.383+0000] {dag.py:3834} INFO - Setting next_dagrun for latest_only to 2024-03-12 04:00:00+00:00, run_after=2024-03-12 08:00:00+00:00
[2024-03-12T09:36:25.412+0000] {processor.py:183} INFO - Processing /usr/local/lib/python3.10/dist-packages/airflow/example_dags/example_latest_only.py took 0.084 seconds
[2024-03-12T09:37:08.948+0000] {processor.py:161} INFO - Started process (PID=14838) to work on /usr/local/lib/python3.10/dist-packages/airflow/example_dags/example_latest_only.py
[2024-03-12T09:37:08.950+0000] {processor.py:830} INFO - Processing file /usr/local/lib/python3.10/dist-packages/airflow/example_dags/example_latest_only.py for tasks to queue
[2024-03-12T09:37:08.951+0000] {logging_mixin.py:188} INFO - [2024-03-12T09:37:08.951+0000] {dagbag.py:540} INFO - Filling up the DagBag from /usr/local/lib/python3.10/dist-packages/airflow/example_dags/example_latest_only.py
[2024-03-12T09:37:08.960+0000] {processor.py:840} INFO - DAG(s) 'latest_only' retrieved from /usr/local/lib/python3.10/dist-packages/airflow/example_dags/example_latest_only.py
[2024-03-12T09:37:09.026+0000] {logging_mixin.py:188} INFO - [2024-03-12T09:37:09.025+0000] {dag.py:3047} INFO - Sync 1 DAGs
[2024-03-12T09:37:09.064+0000] {logging_mixin.py:188} INFO - [2024-03-12T09:37:09.064+0000] {dag.py:3834} INFO - Setting next_dagrun for latest_only to 2024-03-12 04:00:00+00:00, run_after=2024-03-12 08:00:00+00:00
[2024-03-12T09:37:09.093+0000] {processor.py:183} INFO - Processing /usr/local/lib/python3.10/dist-packages/airflow/example_dags/example_latest_only.py took 0.149 seconds
[2024-03-12T09:37:49.777+0000] {processor.py:161} INFO - Started process (PID=14880) to work on /usr/local/lib/python3.10/dist-packages/airflow/example_dags/example_latest_only.py
[2024-03-12T09:37:49.779+0000] {processor.py:830} INFO - Processing file /usr/local/lib/python3.10/dist-packages/airflow/example_dags/example_latest_only.py for tasks to queue
[2024-03-12T09:37:49.781+0000] {logging_mixin.py:188} INFO - [2024-03-12T09:37:49.779+0000] {dagbag.py:540} INFO - Filling up the DagBag from /usr/local/lib/python3.10/dist-packages/airflow/example_dags/example_latest_only.py
[2024-03-12T09:37:49.794+0000] {processor.py:840} INFO - DAG(s) 'latest_only' retrieved from /usr/local/lib/python3.10/dist-packages/airflow/example_dags/example_latest_only.py
[2024-03-12T09:37:49.826+0000] {logging_mixin.py:188} INFO - [2024-03-12T09:37:49.826+0000] {dag.py:3047} INFO - Sync 1 DAGs
[2024-03-12T09:37:49.871+0000] {logging_mixin.py:188} INFO - [2024-03-12T09:37:49.871+0000] {dag.py:3834} INFO - Setting next_dagrun for latest_only to 2024-03-12 04:00:00+00:00, run_after=2024-03-12 08:00:00+00:00
[2024-03-12T09:37:49.914+0000] {processor.py:183} INFO - Processing /usr/local/lib/python3.10/dist-packages/airflow/example_dags/example_latest_only.py took 0.145 seconds
[2024-03-12T09:38:31.478+0000] {processor.py:161} INFO - Started process (PID=14920) to work on /usr/local/lib/python3.10/dist-packages/airflow/example_dags/example_latest_only.py
[2024-03-12T09:38:31.480+0000] {processor.py:830} INFO - Processing file /usr/local/lib/python3.10/dist-packages/airflow/example_dags/example_latest_only.py for tasks to queue
[2024-03-12T09:38:31.481+0000] {logging_mixin.py:188} INFO - [2024-03-12T09:38:31.481+0000] {dagbag.py:540} INFO - Filling up the DagBag from /usr/local/lib/python3.10/dist-packages/airflow/example_dags/example_latest_only.py
[2024-03-12T09:38:31.488+0000] {processor.py:840} INFO - DAG(s) 'latest_only' retrieved from /usr/local/lib/python3.10/dist-packages/airflow/example_dags/example_latest_only.py
[2024-03-12T09:38:31.509+0000] {logging_mixin.py:188} INFO - [2024-03-12T09:38:31.508+0000] {dag.py:3047} INFO - Sync 1 DAGs
[2024-03-12T09:38:31.534+0000] {logging_mixin.py:188} INFO - [2024-03-12T09:38:31.534+0000] {dag.py:3834} INFO - Setting next_dagrun for latest_only to 2024-03-12 04:00:00+00:00, run_after=2024-03-12 08:00:00+00:00
[2024-03-12T09:38:31.579+0000] {processor.py:183} INFO - Processing /usr/local/lib/python3.10/dist-packages/airflow/example_dags/example_latest_only.py took 0.104 seconds
[2024-03-12T09:39:14.131+0000] {processor.py:161} INFO - Started process (PID=14960) to work on /usr/local/lib/python3.10/dist-packages/airflow/example_dags/example_latest_only.py
[2024-03-12T09:39:14.133+0000] {processor.py:830} INFO - Processing file /usr/local/lib/python3.10/dist-packages/airflow/example_dags/example_latest_only.py for tasks to queue
[2024-03-12T09:39:14.135+0000] {logging_mixin.py:188} INFO - [2024-03-12T09:39:14.135+0000] {dagbag.py:540} INFO - Filling up the DagBag from /usr/local/lib/python3.10/dist-packages/airflow/example_dags/example_latest_only.py
[2024-03-12T09:39:14.143+0000] {processor.py:840} INFO - DAG(s) 'latest_only' retrieved from /usr/local/lib/python3.10/dist-packages/airflow/example_dags/example_latest_only.py
[2024-03-12T09:39:14.177+0000] {logging_mixin.py:188} INFO - [2024-03-12T09:39:14.176+0000] {dag.py:3047} INFO - Sync 1 DAGs
[2024-03-12T09:39:14.207+0000] {logging_mixin.py:188} INFO - [2024-03-12T09:39:14.207+0000] {dag.py:3834} INFO - Setting next_dagrun for latest_only to 2024-03-12 04:00:00+00:00, run_after=2024-03-12 08:00:00+00:00
[2024-03-12T09:39:14.240+0000] {processor.py:183} INFO - Processing /usr/local/lib/python3.10/dist-packages/airflow/example_dags/example_latest_only.py took 0.115 seconds
[2024-03-12T09:39:57.522+0000] {processor.py:161} INFO - Started process (PID=15002) to work on /usr/local/lib/python3.10/dist-packages/airflow/example_dags/example_latest_only.py
[2024-03-12T09:39:57.524+0000] {processor.py:830} INFO - Processing file /usr/local/lib/python3.10/dist-packages/airflow/example_dags/example_latest_only.py for tasks to queue
[2024-03-12T09:39:57.525+0000] {logging_mixin.py:188} INFO - [2024-03-12T09:39:57.524+0000] {dagbag.py:540} INFO - Filling up the DagBag from /usr/local/lib/python3.10/dist-packages/airflow/example_dags/example_latest_only.py
[2024-03-12T09:39:57.530+0000] {processor.py:840} INFO - DAG(s) 'latest_only' retrieved from /usr/local/lib/python3.10/dist-packages/airflow/example_dags/example_latest_only.py
[2024-03-12T09:39:57.549+0000] {logging_mixin.py:188} INFO - [2024-03-12T09:39:57.548+0000] {dag.py:3047} INFO - Sync 1 DAGs
[2024-03-12T09:39:57.573+0000] {logging_mixin.py:188} INFO - [2024-03-12T09:39:57.573+0000] {dag.py:3834} INFO - Setting next_dagrun for latest_only to 2024-03-12 04:00:00+00:00, run_after=2024-03-12 08:00:00+00:00
[2024-03-12T09:39:57.601+0000] {processor.py:183} INFO - Processing /usr/local/lib/python3.10/dist-packages/airflow/example_dags/example_latest_only.py took 0.083 seconds
[2024-03-12T09:40:39.693+0000] {processor.py:161} INFO - Started process (PID=15043) to work on /usr/local/lib/python3.10/dist-packages/airflow/example_dags/example_latest_only.py
[2024-03-12T09:40:39.695+0000] {processor.py:830} INFO - Processing file /usr/local/lib/python3.10/dist-packages/airflow/example_dags/example_latest_only.py for tasks to queue
[2024-03-12T09:40:39.696+0000] {logging_mixin.py:188} INFO - [2024-03-12T09:40:39.695+0000] {dagbag.py:540} INFO - Filling up the DagBag from /usr/local/lib/python3.10/dist-packages/airflow/example_dags/example_latest_only.py
[2024-03-12T09:40:39.701+0000] {processor.py:840} INFO - DAG(s) 'latest_only' retrieved from /usr/local/lib/python3.10/dist-packages/airflow/example_dags/example_latest_only.py
[2024-03-12T09:40:39.729+0000] {logging_mixin.py:188} INFO - [2024-03-12T09:40:39.729+0000] {dag.py:3047} INFO - Sync 1 DAGs
[2024-03-12T09:40:39.755+0000] {logging_mixin.py:188} INFO - [2024-03-12T09:40:39.755+0000] {dag.py:3834} INFO - Setting next_dagrun for latest_only to 2024-03-12 04:00:00+00:00, run_after=2024-03-12 08:00:00+00:00
[2024-03-12T09:40:39.785+0000] {processor.py:183} INFO - Processing /usr/local/lib/python3.10/dist-packages/airflow/example_dags/example_latest_only.py took 0.110 seconds
[2024-03-12T09:41:23.087+0000] {processor.py:161} INFO - Started process (PID=15085) to work on /usr/local/lib/python3.10/dist-packages/airflow/example_dags/example_latest_only.py
[2024-03-12T09:41:23.091+0000] {processor.py:830} INFO - Processing file /usr/local/lib/python3.10/dist-packages/airflow/example_dags/example_latest_only.py for tasks to queue
[2024-03-12T09:41:23.092+0000] {logging_mixin.py:188} INFO - [2024-03-12T09:41:23.092+0000] {dagbag.py:540} INFO - Filling up the DagBag from /usr/local/lib/python3.10/dist-packages/airflow/example_dags/example_latest_only.py
[2024-03-12T09:41:23.103+0000] {processor.py:840} INFO - DAG(s) 'latest_only' retrieved from /usr/local/lib/python3.10/dist-packages/airflow/example_dags/example_latest_only.py
[2024-03-12T09:41:23.133+0000] {logging_mixin.py:188} INFO - [2024-03-12T09:41:23.132+0000] {dag.py:3047} INFO - Sync 1 DAGs
[2024-03-12T09:41:23.160+0000] {logging_mixin.py:188} INFO - [2024-03-12T09:41:23.159+0000] {dag.py:3834} INFO - Setting next_dagrun for latest_only to 2024-03-12 04:00:00+00:00, run_after=2024-03-12 08:00:00+00:00
[2024-03-12T09:41:23.185+0000] {processor.py:183} INFO - Processing /usr/local/lib/python3.10/dist-packages/airflow/example_dags/example_latest_only.py took 0.106 seconds
[2024-03-12T09:42:03.905+0000] {processor.py:161} INFO - Started process (PID=15125) to work on /usr/local/lib/python3.10/dist-packages/airflow/example_dags/example_latest_only.py
[2024-03-12T09:42:03.906+0000] {processor.py:830} INFO - Processing file /usr/local/lib/python3.10/dist-packages/airflow/example_dags/example_latest_only.py for tasks to queue
[2024-03-12T09:42:03.908+0000] {logging_mixin.py:188} INFO - [2024-03-12T09:42:03.908+0000] {dagbag.py:540} INFO - Filling up the DagBag from /usr/local/lib/python3.10/dist-packages/airflow/example_dags/example_latest_only.py
[2024-03-12T09:42:03.921+0000] {processor.py:840} INFO - DAG(s) 'latest_only' retrieved from /usr/local/lib/python3.10/dist-packages/airflow/example_dags/example_latest_only.py
[2024-03-12T09:42:03.959+0000] {logging_mixin.py:188} INFO - [2024-03-12T09:42:03.959+0000] {dag.py:3047} INFO - Sync 1 DAGs
[2024-03-12T09:42:03.994+0000] {logging_mixin.py:188} INFO - [2024-03-12T09:42:03.994+0000] {dag.py:3834} INFO - Setting next_dagrun for latest_only to 2024-03-12 04:00:00+00:00, run_after=2024-03-12 08:00:00+00:00
[2024-03-12T09:42:04.022+0000] {processor.py:183} INFO - Processing /usr/local/lib/python3.10/dist-packages/airflow/example_dags/example_latest_only.py took 0.122 seconds
[2024-03-12T09:42:45.611+0000] {processor.py:161} INFO - Started process (PID=15222) to work on /usr/local/lib/python3.10/dist-packages/airflow/example_dags/example_latest_only.py
[2024-03-12T09:42:45.616+0000] {processor.py:830} INFO - Processing file /usr/local/lib/python3.10/dist-packages/airflow/example_dags/example_latest_only.py for tasks to queue
[2024-03-12T09:42:45.617+0000] {logging_mixin.py:188} INFO - [2024-03-12T09:42:45.617+0000] {dagbag.py:540} INFO - Filling up the DagBag from /usr/local/lib/python3.10/dist-packages/airflow/example_dags/example_latest_only.py
[2024-03-12T09:42:45.625+0000] {processor.py:840} INFO - DAG(s) 'latest_only' retrieved from /usr/local/lib/python3.10/dist-packages/airflow/example_dags/example_latest_only.py
[2024-03-12T09:42:45.651+0000] {logging_mixin.py:188} INFO - [2024-03-12T09:42:45.650+0000] {dag.py:3047} INFO - Sync 1 DAGs
[2024-03-12T09:42:45.685+0000] {logging_mixin.py:188} INFO - [2024-03-12T09:42:45.684+0000] {dag.py:3834} INFO - Setting next_dagrun for latest_only to 2024-03-12 04:00:00+00:00, run_after=2024-03-12 08:00:00+00:00
[2024-03-12T09:42:45.723+0000] {processor.py:183} INFO - Processing /usr/local/lib/python3.10/dist-packages/airflow/example_dags/example_latest_only.py took 0.116 seconds
[2024-03-12T09:43:46.778+0000] {processor.py:161} INFO - Started process (PID=15302) to work on /usr/local/lib/python3.10/dist-packages/airflow/example_dags/example_latest_only.py
[2024-03-12T09:43:46.779+0000] {processor.py:830} INFO - Processing file /usr/local/lib/python3.10/dist-packages/airflow/example_dags/example_latest_only.py for tasks to queue
[2024-03-12T09:43:46.780+0000] {logging_mixin.py:188} INFO - [2024-03-12T09:43:46.780+0000] {dagbag.py:540} INFO - Filling up the DagBag from /usr/local/lib/python3.10/dist-packages/airflow/example_dags/example_latest_only.py
[2024-03-12T09:43:46.786+0000] {processor.py:840} INFO - DAG(s) 'latest_only' retrieved from /usr/local/lib/python3.10/dist-packages/airflow/example_dags/example_latest_only.py
[2024-03-12T09:43:46.803+0000] {logging_mixin.py:188} INFO - [2024-03-12T09:43:46.803+0000] {dag.py:3047} INFO - Sync 1 DAGs
[2024-03-12T09:43:46.825+0000] {logging_mixin.py:188} INFO - [2024-03-12T09:43:46.825+0000] {dag.py:3834} INFO - Setting next_dagrun for latest_only to 2024-03-12 04:00:00+00:00, run_after=2024-03-12 08:00:00+00:00
[2024-03-12T09:43:46.851+0000] {processor.py:183} INFO - Processing /usr/local/lib/python3.10/dist-packages/airflow/example_dags/example_latest_only.py took 0.077 seconds
[2024-03-12T09:44:32.022+0000] {processor.py:161} INFO - Started process (PID=15357) to work on /usr/local/lib/python3.10/dist-packages/airflow/example_dags/example_latest_only.py
[2024-03-12T09:44:32.024+0000] {processor.py:830} INFO - Processing file /usr/local/lib/python3.10/dist-packages/airflow/example_dags/example_latest_only.py for tasks to queue
[2024-03-12T09:44:32.025+0000] {logging_mixin.py:188} INFO - [2024-03-12T09:44:32.024+0000] {dagbag.py:540} INFO - Filling up the DagBag from /usr/local/lib/python3.10/dist-packages/airflow/example_dags/example_latest_only.py
[2024-03-12T09:44:32.032+0000] {processor.py:840} INFO - DAG(s) 'latest_only' retrieved from /usr/local/lib/python3.10/dist-packages/airflow/example_dags/example_latest_only.py
[2024-03-12T09:44:32.056+0000] {logging_mixin.py:188} INFO - [2024-03-12T09:44:32.055+0000] {dag.py:3047} INFO - Sync 1 DAGs
[2024-03-12T09:44:32.085+0000] {logging_mixin.py:188} INFO - [2024-03-12T09:44:32.084+0000] {dag.py:3834} INFO - Setting next_dagrun for latest_only to 2024-03-12 04:00:00+00:00, run_after=2024-03-12 08:00:00+00:00
[2024-03-12T09:44:32.119+0000] {processor.py:183} INFO - Processing /usr/local/lib/python3.10/dist-packages/airflow/example_dags/example_latest_only.py took 0.101 seconds
[2024-03-12T09:45:14.484+0000] {processor.py:161} INFO - Started process (PID=15398) to work on /usr/local/lib/python3.10/dist-packages/airflow/example_dags/example_latest_only.py
[2024-03-12T09:45:14.486+0000] {processor.py:830} INFO - Processing file /usr/local/lib/python3.10/dist-packages/airflow/example_dags/example_latest_only.py for tasks to queue
[2024-03-12T09:45:14.487+0000] {logging_mixin.py:188} INFO - [2024-03-12T09:45:14.486+0000] {dagbag.py:540} INFO - Filling up the DagBag from /usr/local/lib/python3.10/dist-packages/airflow/example_dags/example_latest_only.py
[2024-03-12T09:45:14.495+0000] {processor.py:840} INFO - DAG(s) 'latest_only' retrieved from /usr/local/lib/python3.10/dist-packages/airflow/example_dags/example_latest_only.py
[2024-03-12T09:45:14.521+0000] {logging_mixin.py:188} INFO - [2024-03-12T09:45:14.520+0000] {dag.py:3047} INFO - Sync 1 DAGs
[2024-03-12T09:45:14.556+0000] {logging_mixin.py:188} INFO - [2024-03-12T09:45:14.555+0000] {dag.py:3834} INFO - Setting next_dagrun for latest_only to 2024-03-12 04:00:00+00:00, run_after=2024-03-12 08:00:00+00:00
[2024-03-12T09:45:14.588+0000] {processor.py:183} INFO - Processing /usr/local/lib/python3.10/dist-packages/airflow/example_dags/example_latest_only.py took 0.108 seconds
[2024-03-12T09:45:57.169+0000] {processor.py:161} INFO - Started process (PID=15440) to work on /usr/local/lib/python3.10/dist-packages/airflow/example_dags/example_latest_only.py
[2024-03-12T09:45:57.170+0000] {processor.py:830} INFO - Processing file /usr/local/lib/python3.10/dist-packages/airflow/example_dags/example_latest_only.py for tasks to queue
[2024-03-12T09:45:57.172+0000] {logging_mixin.py:188} INFO - [2024-03-12T09:45:57.171+0000] {dagbag.py:540} INFO - Filling up the DagBag from /usr/local/lib/python3.10/dist-packages/airflow/example_dags/example_latest_only.py
[2024-03-12T09:45:57.178+0000] {processor.py:840} INFO - DAG(s) 'latest_only' retrieved from /usr/local/lib/python3.10/dist-packages/airflow/example_dags/example_latest_only.py
[2024-03-12T09:45:57.196+0000] {logging_mixin.py:188} INFO - [2024-03-12T09:45:57.196+0000] {dag.py:3047} INFO - Sync 1 DAGs
[2024-03-12T09:45:57.220+0000] {logging_mixin.py:188} INFO - [2024-03-12T09:45:57.220+0000] {dag.py:3834} INFO - Setting next_dagrun for latest_only to 2024-03-12 04:00:00+00:00, run_after=2024-03-12 08:00:00+00:00
[2024-03-12T09:45:57.245+0000] {processor.py:183} INFO - Processing /usr/local/lib/python3.10/dist-packages/airflow/example_dags/example_latest_only.py took 0.080 seconds
[2024-03-12T09:46:55.623+0000] {processor.py:161} INFO - Started process (PID=15498) to work on /usr/local/lib/python3.10/dist-packages/airflow/example_dags/example_latest_only.py
[2024-03-12T09:46:55.625+0000] {processor.py:830} INFO - Processing file /usr/local/lib/python3.10/dist-packages/airflow/example_dags/example_latest_only.py for tasks to queue
[2024-03-12T09:46:55.626+0000] {logging_mixin.py:188} INFO - [2024-03-12T09:46:55.625+0000] {dagbag.py:540} INFO - Filling up the DagBag from /usr/local/lib/python3.10/dist-packages/airflow/example_dags/example_latest_only.py
[2024-03-12T09:46:55.636+0000] {processor.py:840} INFO - DAG(s) 'latest_only' retrieved from /usr/local/lib/python3.10/dist-packages/airflow/example_dags/example_latest_only.py
[2024-03-12T09:46:55.655+0000] {logging_mixin.py:188} INFO - [2024-03-12T09:46:55.654+0000] {dag.py:3047} INFO - Sync 1 DAGs
[2024-03-12T09:46:55.685+0000] {logging_mixin.py:188} INFO - [2024-03-12T09:46:55.685+0000] {dag.py:3834} INFO - Setting next_dagrun for latest_only to 2024-03-12 04:00:00+00:00, run_after=2024-03-12 08:00:00+00:00
[2024-03-12T09:46:55.717+0000] {processor.py:183} INFO - Processing /usr/local/lib/python3.10/dist-packages/airflow/example_dags/example_latest_only.py took 0.099 seconds
[2024-03-12T09:47:56.603+0000] {processor.py:161} INFO - Started process (PID=15558) to work on /usr/local/lib/python3.10/dist-packages/airflow/example_dags/example_latest_only.py
[2024-03-12T09:47:56.606+0000] {processor.py:830} INFO - Processing file /usr/local/lib/python3.10/dist-packages/airflow/example_dags/example_latest_only.py for tasks to queue
[2024-03-12T09:47:56.607+0000] {logging_mixin.py:188} INFO - [2024-03-12T09:47:56.606+0000] {dagbag.py:540} INFO - Filling up the DagBag from /usr/local/lib/python3.10/dist-packages/airflow/example_dags/example_latest_only.py
[2024-03-12T09:47:56.618+0000] {processor.py:840} INFO - DAG(s) 'latest_only' retrieved from /usr/local/lib/python3.10/dist-packages/airflow/example_dags/example_latest_only.py
[2024-03-12T09:47:56.662+0000] {logging_mixin.py:188} INFO - [2024-03-12T09:47:56.662+0000] {dag.py:3047} INFO - Sync 1 DAGs
[2024-03-12T09:47:56.711+0000] {logging_mixin.py:188} INFO - [2024-03-12T09:47:56.711+0000] {dag.py:3834} INFO - Setting next_dagrun for latest_only to 2024-03-12 04:00:00+00:00, run_after=2024-03-12 08:00:00+00:00
[2024-03-12T09:47:56.741+0000] {processor.py:183} INFO - Processing /usr/local/lib/python3.10/dist-packages/airflow/example_dags/example_latest_only.py took 0.151 seconds
[2024-03-12T09:48:37.219+0000] {processor.py:161} INFO - Started process (PID=15603) to work on /usr/local/lib/python3.10/dist-packages/airflow/example_dags/example_latest_only.py
[2024-03-12T09:48:37.220+0000] {processor.py:830} INFO - Processing file /usr/local/lib/python3.10/dist-packages/airflow/example_dags/example_latest_only.py for tasks to queue
[2024-03-12T09:48:37.221+0000] {logging_mixin.py:188} INFO - [2024-03-12T09:48:37.221+0000] {dagbag.py:540} INFO - Filling up the DagBag from /usr/local/lib/python3.10/dist-packages/airflow/example_dags/example_latest_only.py
[2024-03-12T09:48:37.228+0000] {processor.py:840} INFO - DAG(s) 'latest_only' retrieved from /usr/local/lib/python3.10/dist-packages/airflow/example_dags/example_latest_only.py
[2024-03-12T09:48:37.250+0000] {logging_mixin.py:188} INFO - [2024-03-12T09:48:37.249+0000] {dag.py:3047} INFO - Sync 1 DAGs
[2024-03-12T09:48:37.274+0000] {logging_mixin.py:188} INFO - [2024-03-12T09:48:37.273+0000] {dag.py:3834} INFO - Setting next_dagrun for latest_only to 2024-03-12 04:00:00+00:00, run_after=2024-03-12 08:00:00+00:00
[2024-03-12T09:48:37.337+0000] {processor.py:183} INFO - Processing /usr/local/lib/python3.10/dist-packages/airflow/example_dags/example_latest_only.py took 0.122 seconds
[2024-03-12T09:49:20.266+0000] {processor.py:161} INFO - Started process (PID=15644) to work on /usr/local/lib/python3.10/dist-packages/airflow/example_dags/example_latest_only.py
[2024-03-12T09:49:20.271+0000] {processor.py:830} INFO - Processing file /usr/local/lib/python3.10/dist-packages/airflow/example_dags/example_latest_only.py for tasks to queue
[2024-03-12T09:49:20.277+0000] {logging_mixin.py:188} INFO - [2024-03-12T09:49:20.273+0000] {dagbag.py:540} INFO - Filling up the DagBag from /usr/local/lib/python3.10/dist-packages/airflow/example_dags/example_latest_only.py
[2024-03-12T09:49:20.302+0000] {processor.py:840} INFO - DAG(s) 'latest_only' retrieved from /usr/local/lib/python3.10/dist-packages/airflow/example_dags/example_latest_only.py
[2024-03-12T09:49:20.334+0000] {logging_mixin.py:188} INFO - [2024-03-12T09:49:20.334+0000] {dag.py:3047} INFO - Sync 1 DAGs
[2024-03-12T09:49:20.361+0000] {logging_mixin.py:188} INFO - [2024-03-12T09:49:20.360+0000] {dag.py:3834} INFO - Setting next_dagrun for latest_only to 2024-03-12 04:00:00+00:00, run_after=2024-03-12 08:00:00+00:00
[2024-03-12T09:49:20.412+0000] {processor.py:183} INFO - Processing /usr/local/lib/python3.10/dist-packages/airflow/example_dags/example_latest_only.py took 0.156 seconds
[2024-03-12T09:50:04.337+0000] {processor.py:161} INFO - Started process (PID=15685) to work on /usr/local/lib/python3.10/dist-packages/airflow/example_dags/example_latest_only.py
[2024-03-12T09:50:04.339+0000] {processor.py:830} INFO - Processing file /usr/local/lib/python3.10/dist-packages/airflow/example_dags/example_latest_only.py for tasks to queue
[2024-03-12T09:50:04.340+0000] {logging_mixin.py:188} INFO - [2024-03-12T09:50:04.340+0000] {dagbag.py:540} INFO - Filling up the DagBag from /usr/local/lib/python3.10/dist-packages/airflow/example_dags/example_latest_only.py
[2024-03-12T09:50:04.350+0000] {processor.py:840} INFO - DAG(s) 'latest_only' retrieved from /usr/local/lib/python3.10/dist-packages/airflow/example_dags/example_latest_only.py
[2024-03-12T09:50:04.379+0000] {logging_mixin.py:188} INFO - [2024-03-12T09:50:04.378+0000] {dag.py:3047} INFO - Sync 1 DAGs
[2024-03-12T09:50:04.412+0000] {logging_mixin.py:188} INFO - [2024-03-12T09:50:04.412+0000] {dag.py:3834} INFO - Setting next_dagrun for latest_only to 2024-03-12 04:00:00+00:00, run_after=2024-03-12 08:00:00+00:00
[2024-03-12T09:50:04.439+0000] {processor.py:183} INFO - Processing /usr/local/lib/python3.10/dist-packages/airflow/example_dags/example_latest_only.py took 0.111 seconds
[2024-03-12T09:50:48.701+0000] {processor.py:161} INFO - Started process (PID=15728) to work on /usr/local/lib/python3.10/dist-packages/airflow/example_dags/example_latest_only.py
[2024-03-12T09:50:48.703+0000] {processor.py:830} INFO - Processing file /usr/local/lib/python3.10/dist-packages/airflow/example_dags/example_latest_only.py for tasks to queue
[2024-03-12T09:50:48.704+0000] {logging_mixin.py:188} INFO - [2024-03-12T09:50:48.703+0000] {dagbag.py:540} INFO - Filling up the DagBag from /usr/local/lib/python3.10/dist-packages/airflow/example_dags/example_latest_only.py
[2024-03-12T09:50:48.711+0000] {processor.py:840} INFO - DAG(s) 'latest_only' retrieved from /usr/local/lib/python3.10/dist-packages/airflow/example_dags/example_latest_only.py
[2024-03-12T09:50:48.734+0000] {logging_mixin.py:188} INFO - [2024-03-12T09:50:48.734+0000] {dag.py:3047} INFO - Sync 1 DAGs
[2024-03-12T09:50:48.765+0000] {logging_mixin.py:188} INFO - [2024-03-12T09:50:48.764+0000] {dag.py:3834} INFO - Setting next_dagrun for latest_only to 2024-03-12 04:00:00+00:00, run_after=2024-03-12 08:00:00+00:00
[2024-03-12T09:50:48.796+0000] {processor.py:183} INFO - Processing /usr/local/lib/python3.10/dist-packages/airflow/example_dags/example_latest_only.py took 0.099 seconds
[2024-03-12T09:51:33.796+0000] {processor.py:161} INFO - Started process (PID=15771) to work on /usr/local/lib/python3.10/dist-packages/airflow/example_dags/example_latest_only.py
[2024-03-12T09:51:33.799+0000] {processor.py:830} INFO - Processing file /usr/local/lib/python3.10/dist-packages/airflow/example_dags/example_latest_only.py for tasks to queue
[2024-03-12T09:51:33.801+0000] {logging_mixin.py:188} INFO - [2024-03-12T09:51:33.800+0000] {dagbag.py:540} INFO - Filling up the DagBag from /usr/local/lib/python3.10/dist-packages/airflow/example_dags/example_latest_only.py
[2024-03-12T09:51:33.809+0000] {processor.py:840} INFO - DAG(s) 'latest_only' retrieved from /usr/local/lib/python3.10/dist-packages/airflow/example_dags/example_latest_only.py
[2024-03-12T09:51:33.832+0000] {logging_mixin.py:188} INFO - [2024-03-12T09:51:33.831+0000] {dag.py:3047} INFO - Sync 1 DAGs
[2024-03-12T09:51:33.860+0000] {logging_mixin.py:188} INFO - [2024-03-12T09:51:33.860+0000] {dag.py:3834} INFO - Setting next_dagrun for latest_only to 2024-03-12 04:00:00+00:00, run_after=2024-03-12 08:00:00+00:00
[2024-03-12T09:51:33.888+0000] {processor.py:183} INFO - Processing /usr/local/lib/python3.10/dist-packages/airflow/example_dags/example_latest_only.py took 0.099 seconds
[2024-03-12T09:52:20.492+0000] {processor.py:161} INFO - Started process (PID=15816) to work on /usr/local/lib/python3.10/dist-packages/airflow/example_dags/example_latest_only.py
[2024-03-12T09:52:20.494+0000] {processor.py:830} INFO - Processing file /usr/local/lib/python3.10/dist-packages/airflow/example_dags/example_latest_only.py for tasks to queue
[2024-03-12T09:52:20.495+0000] {logging_mixin.py:188} INFO - [2024-03-12T09:52:20.495+0000] {dagbag.py:540} INFO - Filling up the DagBag from /usr/local/lib/python3.10/dist-packages/airflow/example_dags/example_latest_only.py
[2024-03-12T09:52:20.504+0000] {processor.py:840} INFO - DAG(s) 'latest_only' retrieved from /usr/local/lib/python3.10/dist-packages/airflow/example_dags/example_latest_only.py
[2024-03-12T09:52:20.530+0000] {logging_mixin.py:188} INFO - [2024-03-12T09:52:20.530+0000] {dag.py:3047} INFO - Sync 1 DAGs
[2024-03-12T09:52:20.574+0000] {logging_mixin.py:188} INFO - [2024-03-12T09:52:20.573+0000] {dag.py:3834} INFO - Setting next_dagrun for latest_only to 2024-03-12 04:00:00+00:00, run_after=2024-03-12 08:00:00+00:00
[2024-03-12T09:52:20.617+0000] {processor.py:183} INFO - Processing /usr/local/lib/python3.10/dist-packages/airflow/example_dags/example_latest_only.py took 0.130 seconds
[2024-03-12T09:53:03.960+0000] {processor.py:161} INFO - Started process (PID=15859) to work on /usr/local/lib/python3.10/dist-packages/airflow/example_dags/example_latest_only.py
[2024-03-12T09:53:03.964+0000] {processor.py:830} INFO - Processing file /usr/local/lib/python3.10/dist-packages/airflow/example_dags/example_latest_only.py for tasks to queue
[2024-03-12T09:53:03.966+0000] {logging_mixin.py:188} INFO - [2024-03-12T09:53:03.965+0000] {dagbag.py:540} INFO - Filling up the DagBag from /usr/local/lib/python3.10/dist-packages/airflow/example_dags/example_latest_only.py
[2024-03-12T09:53:03.979+0000] {processor.py:840} INFO - DAG(s) 'latest_only' retrieved from /usr/local/lib/python3.10/dist-packages/airflow/example_dags/example_latest_only.py
[2024-03-12T09:53:04.017+0000] {logging_mixin.py:188} INFO - [2024-03-12T09:53:04.016+0000] {dag.py:3047} INFO - Sync 1 DAGs
[2024-03-12T09:53:04.042+0000] {logging_mixin.py:188} INFO - [2024-03-12T09:53:04.042+0000] {dag.py:3834} INFO - Setting next_dagrun for latest_only to 2024-03-12 04:00:00+00:00, run_after=2024-03-12 08:00:00+00:00
[2024-03-12T09:53:04.074+0000] {processor.py:183} INFO - Processing /usr/local/lib/python3.10/dist-packages/airflow/example_dags/example_latest_only.py took 0.122 seconds
[2024-03-12T09:53:47.864+0000] {processor.py:161} INFO - Started process (PID=15901) to work on /usr/local/lib/python3.10/dist-packages/airflow/example_dags/example_latest_only.py
[2024-03-12T09:53:47.866+0000] {processor.py:830} INFO - Processing file /usr/local/lib/python3.10/dist-packages/airflow/example_dags/example_latest_only.py for tasks to queue
[2024-03-12T09:53:47.867+0000] {logging_mixin.py:188} INFO - [2024-03-12T09:53:47.867+0000] {dagbag.py:540} INFO - Filling up the DagBag from /usr/local/lib/python3.10/dist-packages/airflow/example_dags/example_latest_only.py
[2024-03-12T09:53:47.881+0000] {processor.py:840} INFO - DAG(s) 'latest_only' retrieved from /usr/local/lib/python3.10/dist-packages/airflow/example_dags/example_latest_only.py
[2024-03-12T09:53:47.919+0000] {logging_mixin.py:188} INFO - [2024-03-12T09:53:47.918+0000] {dag.py:3047} INFO - Sync 1 DAGs
[2024-03-12T09:53:47.942+0000] {logging_mixin.py:188} INFO - [2024-03-12T09:53:47.942+0000] {dag.py:3834} INFO - Setting next_dagrun for latest_only to 2024-03-12 04:00:00+00:00, run_after=2024-03-12 08:00:00+00:00
[2024-03-12T09:53:47.972+0000] {processor.py:183} INFO - Processing /usr/local/lib/python3.10/dist-packages/airflow/example_dags/example_latest_only.py took 0.113 seconds
[2024-03-12T09:54:34.586+0000] {processor.py:161} INFO - Started process (PID=15947) to work on /usr/local/lib/python3.10/dist-packages/airflow/example_dags/example_latest_only.py
[2024-03-12T09:54:34.588+0000] {processor.py:830} INFO - Processing file /usr/local/lib/python3.10/dist-packages/airflow/example_dags/example_latest_only.py for tasks to queue
[2024-03-12T09:54:34.589+0000] {logging_mixin.py:188} INFO - [2024-03-12T09:54:34.588+0000] {dagbag.py:540} INFO - Filling up the DagBag from /usr/local/lib/python3.10/dist-packages/airflow/example_dags/example_latest_only.py
[2024-03-12T09:54:34.596+0000] {processor.py:840} INFO - DAG(s) 'latest_only' retrieved from /usr/local/lib/python3.10/dist-packages/airflow/example_dags/example_latest_only.py
[2024-03-12T09:54:34.623+0000] {logging_mixin.py:188} INFO - [2024-03-12T09:54:34.623+0000] {dag.py:3047} INFO - Sync 1 DAGs
[2024-03-12T09:54:34.648+0000] {logging_mixin.py:188} INFO - [2024-03-12T09:54:34.648+0000] {dag.py:3834} INFO - Setting next_dagrun for latest_only to 2024-03-12 04:00:00+00:00, run_after=2024-03-12 08:00:00+00:00
[2024-03-12T09:54:34.682+0000] {processor.py:183} INFO - Processing /usr/local/lib/python3.10/dist-packages/airflow/example_dags/example_latest_only.py took 0.103 seconds
[2024-03-12T09:55:18.503+0000] {processor.py:161} INFO - Started process (PID=15990) to work on /usr/local/lib/python3.10/dist-packages/airflow/example_dags/example_latest_only.py
[2024-03-12T09:55:18.505+0000] {processor.py:830} INFO - Processing file /usr/local/lib/python3.10/dist-packages/airflow/example_dags/example_latest_only.py for tasks to queue
[2024-03-12T09:55:18.507+0000] {logging_mixin.py:188} INFO - [2024-03-12T09:55:18.506+0000] {dagbag.py:540} INFO - Filling up the DagBag from /usr/local/lib/python3.10/dist-packages/airflow/example_dags/example_latest_only.py
[2024-03-12T09:55:18.513+0000] {processor.py:840} INFO - DAG(s) 'latest_only' retrieved from /usr/local/lib/python3.10/dist-packages/airflow/example_dags/example_latest_only.py
[2024-03-12T09:55:18.537+0000] {logging_mixin.py:188} INFO - [2024-03-12T09:55:18.536+0000] {dag.py:3047} INFO - Sync 1 DAGs
[2024-03-12T09:55:18.565+0000] {logging_mixin.py:188} INFO - [2024-03-12T09:55:18.564+0000] {dag.py:3834} INFO - Setting next_dagrun for latest_only to 2024-03-12 04:00:00+00:00, run_after=2024-03-12 08:00:00+00:00
[2024-03-12T09:55:18.593+0000] {processor.py:183} INFO - Processing /usr/local/lib/python3.10/dist-packages/airflow/example_dags/example_latest_only.py took 0.093 seconds
[2024-03-12T09:56:02.549+0000] {processor.py:161} INFO - Started process (PID=16034) to work on /usr/local/lib/python3.10/dist-packages/airflow/example_dags/example_latest_only.py
[2024-03-12T09:56:02.550+0000] {processor.py:830} INFO - Processing file /usr/local/lib/python3.10/dist-packages/airflow/example_dags/example_latest_only.py for tasks to queue
[2024-03-12T09:56:02.551+0000] {logging_mixin.py:188} INFO - [2024-03-12T09:56:02.551+0000] {dagbag.py:540} INFO - Filling up the DagBag from /usr/local/lib/python3.10/dist-packages/airflow/example_dags/example_latest_only.py
[2024-03-12T09:56:02.559+0000] {processor.py:840} INFO - DAG(s) 'latest_only' retrieved from /usr/local/lib/python3.10/dist-packages/airflow/example_dags/example_latest_only.py
[2024-03-12T09:56:02.587+0000] {logging_mixin.py:188} INFO - [2024-03-12T09:56:02.587+0000] {dag.py:3047} INFO - Sync 1 DAGs
[2024-03-12T09:56:02.618+0000] {logging_mixin.py:188} INFO - [2024-03-12T09:56:02.618+0000] {dag.py:3834} INFO - Setting next_dagrun for latest_only to 2024-03-12 04:00:00+00:00, run_after=2024-03-12 08:00:00+00:00
[2024-03-12T09:56:02.649+0000] {processor.py:183} INFO - Processing /usr/local/lib/python3.10/dist-packages/airflow/example_dags/example_latest_only.py took 0.104 seconds
[2024-03-12T09:56:48.050+0000] {processor.py:161} INFO - Started process (PID=16076) to work on /usr/local/lib/python3.10/dist-packages/airflow/example_dags/example_latest_only.py
[2024-03-12T09:56:48.053+0000] {processor.py:830} INFO - Processing file /usr/local/lib/python3.10/dist-packages/airflow/example_dags/example_latest_only.py for tasks to queue
[2024-03-12T09:56:48.054+0000] {logging_mixin.py:188} INFO - [2024-03-12T09:56:48.054+0000] {dagbag.py:540} INFO - Filling up the DagBag from /usr/local/lib/python3.10/dist-packages/airflow/example_dags/example_latest_only.py
[2024-03-12T09:56:48.061+0000] {processor.py:840} INFO - DAG(s) 'latest_only' retrieved from /usr/local/lib/python3.10/dist-packages/airflow/example_dags/example_latest_only.py
[2024-03-12T09:56:48.086+0000] {logging_mixin.py:188} INFO - [2024-03-12T09:56:48.086+0000] {dag.py:3047} INFO - Sync 1 DAGs
[2024-03-12T09:56:48.120+0000] {logging_mixin.py:188} INFO - [2024-03-12T09:56:48.120+0000] {dag.py:3834} INFO - Setting next_dagrun for latest_only to 2024-03-12 04:00:00+00:00, run_after=2024-03-12 08:00:00+00:00
[2024-03-12T09:56:48.151+0000] {processor.py:183} INFO - Processing /usr/local/lib/python3.10/dist-packages/airflow/example_dags/example_latest_only.py took 0.107 seconds
[2024-03-12T09:57:32.446+0000] {processor.py:161} INFO - Started process (PID=16119) to work on /usr/local/lib/python3.10/dist-packages/airflow/example_dags/example_latest_only.py
[2024-03-12T09:57:32.449+0000] {processor.py:830} INFO - Processing file /usr/local/lib/python3.10/dist-packages/airflow/example_dags/example_latest_only.py for tasks to queue
[2024-03-12T09:57:32.451+0000] {logging_mixin.py:188} INFO - [2024-03-12T09:57:32.450+0000] {dagbag.py:540} INFO - Filling up the DagBag from /usr/local/lib/python3.10/dist-packages/airflow/example_dags/example_latest_only.py
[2024-03-12T09:57:32.470+0000] {processor.py:840} INFO - DAG(s) 'latest_only' retrieved from /usr/local/lib/python3.10/dist-packages/airflow/example_dags/example_latest_only.py
[2024-03-12T09:57:32.500+0000] {logging_mixin.py:188} INFO - [2024-03-12T09:57:32.498+0000] {dag.py:3047} INFO - Sync 1 DAGs
[2024-03-12T09:57:32.538+0000] {logging_mixin.py:188} INFO - [2024-03-12T09:57:32.537+0000] {dag.py:3834} INFO - Setting next_dagrun for latest_only to 2024-03-12 04:00:00+00:00, run_after=2024-03-12 08:00:00+00:00
[2024-03-12T09:57:32.607+0000] {processor.py:183} INFO - Processing /usr/local/lib/python3.10/dist-packages/airflow/example_dags/example_latest_only.py took 0.174 seconds
[2024-03-12T09:58:15.654+0000] {processor.py:161} INFO - Started process (PID=16166) to work on /usr/local/lib/python3.10/dist-packages/airflow/example_dags/example_latest_only.py
[2024-03-12T09:58:15.655+0000] {processor.py:830} INFO - Processing file /usr/local/lib/python3.10/dist-packages/airflow/example_dags/example_latest_only.py for tasks to queue
[2024-03-12T09:58:15.656+0000] {logging_mixin.py:188} INFO - [2024-03-12T09:58:15.656+0000] {dagbag.py:540} INFO - Filling up the DagBag from /usr/local/lib/python3.10/dist-packages/airflow/example_dags/example_latest_only.py
[2024-03-12T09:58:15.662+0000] {processor.py:840} INFO - DAG(s) 'latest_only' retrieved from /usr/local/lib/python3.10/dist-packages/airflow/example_dags/example_latest_only.py
[2024-03-12T09:58:15.684+0000] {logging_mixin.py:188} INFO - [2024-03-12T09:58:15.684+0000] {dag.py:3047} INFO - Sync 1 DAGs
[2024-03-12T09:58:15.717+0000] {logging_mixin.py:188} INFO - [2024-03-12T09:58:15.716+0000] {dag.py:3834} INFO - Setting next_dagrun for latest_only to 2024-03-12 04:00:00+00:00, run_after=2024-03-12 08:00:00+00:00
[2024-03-12T09:58:15.742+0000] {processor.py:183} INFO - Processing /usr/local/lib/python3.10/dist-packages/airflow/example_dags/example_latest_only.py took 0.092 seconds
[2024-03-12T09:58:57.210+0000] {processor.py:161} INFO - Started process (PID=16213) to work on /usr/local/lib/python3.10/dist-packages/airflow/example_dags/example_latest_only.py
[2024-03-12T09:58:57.212+0000] {processor.py:830} INFO - Processing file /usr/local/lib/python3.10/dist-packages/airflow/example_dags/example_latest_only.py for tasks to queue
[2024-03-12T09:58:57.214+0000] {logging_mixin.py:188} INFO - [2024-03-12T09:58:57.213+0000] {dagbag.py:540} INFO - Filling up the DagBag from /usr/local/lib/python3.10/dist-packages/airflow/example_dags/example_latest_only.py
[2024-03-12T09:58:57.229+0000] {processor.py:840} INFO - DAG(s) 'latest_only' retrieved from /usr/local/lib/python3.10/dist-packages/airflow/example_dags/example_latest_only.py
[2024-03-12T09:58:57.277+0000] {logging_mixin.py:188} INFO - [2024-03-12T09:58:57.276+0000] {dag.py:3047} INFO - Sync 1 DAGs
[2024-03-12T09:58:57.307+0000] {logging_mixin.py:188} INFO - [2024-03-12T09:58:57.307+0000] {dag.py:3834} INFO - Setting next_dagrun for latest_only to 2024-03-12 04:00:00+00:00, run_after=2024-03-12 08:00:00+00:00
[2024-03-12T09:58:57.334+0000] {processor.py:183} INFO - Processing /usr/local/lib/python3.10/dist-packages/airflow/example_dags/example_latest_only.py took 0.133 seconds
