[2024-03-12T09:19:25.878+0000] {processor.py:161} INFO - Started process (PID=13926) to work on /usr/local/lib/python3.10/dist-packages/airflow/example_dags/example_task_group_decorator.py
[2024-03-12T09:19:25.881+0000] {processor.py:830} INFO - Processing file /usr/local/lib/python3.10/dist-packages/airflow/example_dags/example_task_group_decorator.py for tasks to queue
[2024-03-12T09:19:25.882+0000] {logging_mixin.py:188} INFO - [2024-03-12T09:19:25.881+0000] {dagbag.py:540} INFO - Filling up the DagBag from /usr/local/lib/python3.10/dist-packages/airflow/example_dags/example_task_group_decorator.py
[2024-03-12T09:19:25.905+0000] {processor.py:840} INFO - DAG(s) 'example_task_group_decorator' retrieved from /usr/local/lib/python3.10/dist-packages/airflow/example_dags/example_task_group_decorator.py
[2024-03-12T09:19:26.109+0000] {logging_mixin.py:188} INFO - [2024-03-12T09:19:26.108+0000] {override.py:1769} INFO - Created Permission View: can read on DAG:example_task_group_decorator
[2024-03-12T09:19:26.139+0000] {logging_mixin.py:188} INFO - [2024-03-12T09:19:26.139+0000] {override.py:1769} INFO - Created Permission View: can edit on DAG:example_task_group_decorator
[2024-03-12T09:19:26.168+0000] {logging_mixin.py:188} INFO - [2024-03-12T09:19:26.168+0000] {override.py:1769} INFO - Created Permission View: can delete on DAG:example_task_group_decorator
[2024-03-12T09:19:26.169+0000] {logging_mixin.py:188} INFO - [2024-03-12T09:19:26.169+0000] {dag.py:3047} INFO - Sync 1 DAGs
[2024-03-12T09:19:26.186+0000] {logging_mixin.py:188} INFO - [2024-03-12T09:19:26.186+0000] {dag.py:3069} INFO - Creating ORM DAG for example_task_group_decorator
[2024-03-12T09:19:26.197+0000] {logging_mixin.py:188} INFO - [2024-03-12T09:19:26.197+0000] {dag.py:3834} INFO - Setting next_dagrun for example_task_group_decorator to 2024-03-11 00:00:00+00:00, run_after=2024-03-12 00:00:00+00:00
[2024-03-12T09:19:26.223+0000] {processor.py:183} INFO - Processing /usr/local/lib/python3.10/dist-packages/airflow/example_dags/example_task_group_decorator.py took 0.349 seconds
[2024-03-12T09:22:19.103+0000] {processor.py:161} INFO - Started process (PID=13984) to work on /usr/local/lib/python3.10/dist-packages/airflow/example_dags/example_task_group_decorator.py
[2024-03-12T09:22:19.107+0000] {processor.py:830} INFO - Processing file /usr/local/lib/python3.10/dist-packages/airflow/example_dags/example_task_group_decorator.py for tasks to queue
[2024-03-12T09:22:19.108+0000] {logging_mixin.py:188} INFO - [2024-03-12T09:22:19.108+0000] {dagbag.py:540} INFO - Filling up the DagBag from /usr/local/lib/python3.10/dist-packages/airflow/example_dags/example_task_group_decorator.py
[2024-03-12T09:22:19.137+0000] {processor.py:840} INFO - DAG(s) 'example_task_group_decorator' retrieved from /usr/local/lib/python3.10/dist-packages/airflow/example_dags/example_task_group_decorator.py
[2024-03-12T09:22:19.150+0000] {logging_mixin.py:188} INFO - [2024-03-12T09:22:19.150+0000] {dag.py:3047} INFO - Sync 1 DAGs
[2024-03-12T09:22:19.173+0000] {logging_mixin.py:188} INFO - [2024-03-12T09:22:19.173+0000] {dag.py:3834} INFO - Setting next_dagrun for example_task_group_decorator to 2024-03-11 00:00:00+00:00, run_after=2024-03-12 00:00:00+00:00
[2024-03-12T09:22:19.201+0000] {processor.py:183} INFO - Processing /usr/local/lib/python3.10/dist-packages/airflow/example_dags/example_task_group_decorator.py took 0.104 seconds
[2024-03-12T09:23:17.502+0000] {processor.py:161} INFO - Started process (PID=14035) to work on /usr/local/lib/python3.10/dist-packages/airflow/example_dags/example_task_group_decorator.py
[2024-03-12T09:23:17.503+0000] {processor.py:830} INFO - Processing file /usr/local/lib/python3.10/dist-packages/airflow/example_dags/example_task_group_decorator.py for tasks to queue
[2024-03-12T09:23:17.504+0000] {logging_mixin.py:188} INFO - [2024-03-12T09:23:17.504+0000] {dagbag.py:540} INFO - Filling up the DagBag from /usr/local/lib/python3.10/dist-packages/airflow/example_dags/example_task_group_decorator.py
[2024-03-12T09:23:17.525+0000] {processor.py:840} INFO - DAG(s) 'example_task_group_decorator' retrieved from /usr/local/lib/python3.10/dist-packages/airflow/example_dags/example_task_group_decorator.py
[2024-03-12T09:23:17.780+0000] {logging_mixin.py:188} INFO - [2024-03-12T09:23:17.780+0000] {dag.py:3047} INFO - Sync 1 DAGs
[2024-03-12T09:23:17.804+0000] {logging_mixin.py:188} INFO - [2024-03-12T09:23:17.803+0000] {dag.py:3834} INFO - Setting next_dagrun for example_task_group_decorator to 2024-03-11 00:00:00+00:00, run_after=2024-03-12 00:00:00+00:00
[2024-03-12T09:23:17.838+0000] {processor.py:183} INFO - Processing /usr/local/lib/python3.10/dist-packages/airflow/example_dags/example_task_group_decorator.py took 0.340 seconds
[2024-03-12T09:24:12.922+0000] {processor.py:161} INFO - Started process (PID=14087) to work on /usr/local/lib/python3.10/dist-packages/airflow/example_dags/example_task_group_decorator.py
[2024-03-12T09:24:12.923+0000] {processor.py:830} INFO - Processing file /usr/local/lib/python3.10/dist-packages/airflow/example_dags/example_task_group_decorator.py for tasks to queue
[2024-03-12T09:24:12.924+0000] {logging_mixin.py:188} INFO - [2024-03-12T09:24:12.924+0000] {dagbag.py:540} INFO - Filling up the DagBag from /usr/local/lib/python3.10/dist-packages/airflow/example_dags/example_task_group_decorator.py
[2024-03-12T09:24:12.947+0000] {processor.py:840} INFO - DAG(s) 'example_task_group_decorator' retrieved from /usr/local/lib/python3.10/dist-packages/airflow/example_dags/example_task_group_decorator.py
[2024-03-12T09:24:12.976+0000] {logging_mixin.py:188} INFO - [2024-03-12T09:24:12.975+0000] {dag.py:3047} INFO - Sync 1 DAGs
[2024-03-12T09:24:13.024+0000] {logging_mixin.py:188} INFO - [2024-03-12T09:24:13.023+0000] {dag.py:3834} INFO - Setting next_dagrun for example_task_group_decorator to 2024-03-11 00:00:00+00:00, run_after=2024-03-12 00:00:00+00:00
[2024-03-12T09:24:13.204+0000] {processor.py:183} INFO - Processing /usr/local/lib/python3.10/dist-packages/airflow/example_dags/example_task_group_decorator.py took 0.285 seconds
[2024-03-12T09:24:59.241+0000] {processor.py:161} INFO - Started process (PID=14128) to work on /usr/local/lib/python3.10/dist-packages/airflow/example_dags/example_task_group_decorator.py
[2024-03-12T09:24:59.242+0000] {processor.py:830} INFO - Processing file /usr/local/lib/python3.10/dist-packages/airflow/example_dags/example_task_group_decorator.py for tasks to queue
[2024-03-12T09:24:59.244+0000] {logging_mixin.py:188} INFO - [2024-03-12T09:24:59.243+0000] {dagbag.py:540} INFO - Filling up the DagBag from /usr/local/lib/python3.10/dist-packages/airflow/example_dags/example_task_group_decorator.py
[2024-03-12T09:24:59.262+0000] {processor.py:840} INFO - DAG(s) 'example_task_group_decorator' retrieved from /usr/local/lib/python3.10/dist-packages/airflow/example_dags/example_task_group_decorator.py
[2024-03-12T09:24:59.417+0000] {logging_mixin.py:188} INFO - [2024-03-12T09:24:59.417+0000] {dag.py:3047} INFO - Sync 1 DAGs
[2024-03-12T09:24:59.438+0000] {logging_mixin.py:188} INFO - [2024-03-12T09:24:59.438+0000] {dag.py:3834} INFO - Setting next_dagrun for example_task_group_decorator to 2024-03-11 00:00:00+00:00, run_after=2024-03-12 00:00:00+00:00
[2024-03-12T09:24:59.463+0000] {processor.py:183} INFO - Processing /usr/local/lib/python3.10/dist-packages/airflow/example_dags/example_task_group_decorator.py took 0.226 seconds
[2024-03-12T09:25:49.467+0000] {processor.py:161} INFO - Started process (PID=14175) to work on /usr/local/lib/python3.10/dist-packages/airflow/example_dags/example_task_group_decorator.py
[2024-03-12T09:25:49.469+0000] {processor.py:830} INFO - Processing file /usr/local/lib/python3.10/dist-packages/airflow/example_dags/example_task_group_decorator.py for tasks to queue
[2024-03-12T09:25:49.470+0000] {logging_mixin.py:188} INFO - [2024-03-12T09:25:49.470+0000] {dagbag.py:540} INFO - Filling up the DagBag from /usr/local/lib/python3.10/dist-packages/airflow/example_dags/example_task_group_decorator.py
[2024-03-12T09:25:49.489+0000] {processor.py:840} INFO - DAG(s) 'example_task_group_decorator' retrieved from /usr/local/lib/python3.10/dist-packages/airflow/example_dags/example_task_group_decorator.py
[2024-03-12T09:25:49.512+0000] {logging_mixin.py:188} INFO - [2024-03-12T09:25:49.512+0000] {dag.py:3047} INFO - Sync 1 DAGs
[2024-03-12T09:25:49.541+0000] {logging_mixin.py:188} INFO - [2024-03-12T09:25:49.541+0000] {dag.py:3834} INFO - Setting next_dagrun for example_task_group_decorator to 2024-03-11 00:00:00+00:00, run_after=2024-03-12 00:00:00+00:00
[2024-03-12T09:25:49.570+0000] {processor.py:183} INFO - Processing /usr/local/lib/python3.10/dist-packages/airflow/example_dags/example_task_group_decorator.py took 0.106 seconds
[2024-03-12T09:26:28.730+0000] {processor.py:161} INFO - Started process (PID=14215) to work on /usr/local/lib/python3.10/dist-packages/airflow/example_dags/example_task_group_decorator.py
[2024-03-12T09:26:28.732+0000] {processor.py:830} INFO - Processing file /usr/local/lib/python3.10/dist-packages/airflow/example_dags/example_task_group_decorator.py for tasks to queue
[2024-03-12T09:26:28.733+0000] {logging_mixin.py:188} INFO - [2024-03-12T09:26:28.733+0000] {dagbag.py:540} INFO - Filling up the DagBag from /usr/local/lib/python3.10/dist-packages/airflow/example_dags/example_task_group_decorator.py
[2024-03-12T09:26:28.752+0000] {processor.py:840} INFO - DAG(s) 'example_task_group_decorator' retrieved from /usr/local/lib/python3.10/dist-packages/airflow/example_dags/example_task_group_decorator.py
[2024-03-12T09:26:28.773+0000] {logging_mixin.py:188} INFO - [2024-03-12T09:26:28.773+0000] {dag.py:3047} INFO - Sync 1 DAGs
[2024-03-12T09:26:28.800+0000] {logging_mixin.py:188} INFO - [2024-03-12T09:26:28.799+0000] {dag.py:3834} INFO - Setting next_dagrun for example_task_group_decorator to 2024-03-11 00:00:00+00:00, run_after=2024-03-12 00:00:00+00:00
[2024-03-12T09:26:28.825+0000] {processor.py:183} INFO - Processing /usr/local/lib/python3.10/dist-packages/airflow/example_dags/example_task_group_decorator.py took 0.098 seconds
[2024-03-12T09:27:09.345+0000] {processor.py:161} INFO - Started process (PID=14256) to work on /usr/local/lib/python3.10/dist-packages/airflow/example_dags/example_task_group_decorator.py
[2024-03-12T09:27:09.346+0000] {processor.py:830} INFO - Processing file /usr/local/lib/python3.10/dist-packages/airflow/example_dags/example_task_group_decorator.py for tasks to queue
[2024-03-12T09:27:09.348+0000] {logging_mixin.py:188} INFO - [2024-03-12T09:27:09.348+0000] {dagbag.py:540} INFO - Filling up the DagBag from /usr/local/lib/python3.10/dist-packages/airflow/example_dags/example_task_group_decorator.py
[2024-03-12T09:27:09.386+0000] {processor.py:840} INFO - DAG(s) 'example_task_group_decorator' retrieved from /usr/local/lib/python3.10/dist-packages/airflow/example_dags/example_task_group_decorator.py
[2024-03-12T09:27:09.414+0000] {logging_mixin.py:188} INFO - [2024-03-12T09:27:09.414+0000] {dag.py:3047} INFO - Sync 1 DAGs
[2024-03-12T09:27:09.446+0000] {logging_mixin.py:188} INFO - [2024-03-12T09:27:09.445+0000] {dag.py:3834} INFO - Setting next_dagrun for example_task_group_decorator to 2024-03-11 00:00:00+00:00, run_after=2024-03-12 00:00:00+00:00
[2024-03-12T09:27:09.486+0000] {processor.py:183} INFO - Processing /usr/local/lib/python3.10/dist-packages/airflow/example_dags/example_task_group_decorator.py took 0.149 seconds
[2024-03-12T09:27:52.500+0000] {processor.py:161} INFO - Started process (PID=14298) to work on /usr/local/lib/python3.10/dist-packages/airflow/example_dags/example_task_group_decorator.py
[2024-03-12T09:27:52.501+0000] {processor.py:830} INFO - Processing file /usr/local/lib/python3.10/dist-packages/airflow/example_dags/example_task_group_decorator.py for tasks to queue
[2024-03-12T09:27:52.503+0000] {logging_mixin.py:188} INFO - [2024-03-12T09:27:52.502+0000] {dagbag.py:540} INFO - Filling up the DagBag from /usr/local/lib/python3.10/dist-packages/airflow/example_dags/example_task_group_decorator.py
[2024-03-12T09:27:52.525+0000] {processor.py:840} INFO - DAG(s) 'example_task_group_decorator' retrieved from /usr/local/lib/python3.10/dist-packages/airflow/example_dags/example_task_group_decorator.py
[2024-03-12T09:27:52.557+0000] {logging_mixin.py:188} INFO - [2024-03-12T09:27:52.556+0000] {dag.py:3047} INFO - Sync 1 DAGs
[2024-03-12T09:27:52.600+0000] {logging_mixin.py:188} INFO - [2024-03-12T09:27:52.600+0000] {dag.py:3834} INFO - Setting next_dagrun for example_task_group_decorator to 2024-03-11 00:00:00+00:00, run_after=2024-03-12 00:00:00+00:00
[2024-03-12T09:27:52.636+0000] {processor.py:183} INFO - Processing /usr/local/lib/python3.10/dist-packages/airflow/example_dags/example_task_group_decorator.py took 0.140 seconds
[2024-03-12T09:28:31.822+0000] {processor.py:161} INFO - Started process (PID=14338) to work on /usr/local/lib/python3.10/dist-packages/airflow/example_dags/example_task_group_decorator.py
[2024-03-12T09:28:31.823+0000] {processor.py:830} INFO - Processing file /usr/local/lib/python3.10/dist-packages/airflow/example_dags/example_task_group_decorator.py for tasks to queue
[2024-03-12T09:28:31.825+0000] {logging_mixin.py:188} INFO - [2024-03-12T09:28:31.824+0000] {dagbag.py:540} INFO - Filling up the DagBag from /usr/local/lib/python3.10/dist-packages/airflow/example_dags/example_task_group_decorator.py
[2024-03-12T09:28:31.846+0000] {processor.py:840} INFO - DAG(s) 'example_task_group_decorator' retrieved from /usr/local/lib/python3.10/dist-packages/airflow/example_dags/example_task_group_decorator.py
[2024-03-12T09:28:31.872+0000] {logging_mixin.py:188} INFO - [2024-03-12T09:28:31.872+0000] {dag.py:3047} INFO - Sync 1 DAGs
[2024-03-12T09:28:31.897+0000] {logging_mixin.py:188} INFO - [2024-03-12T09:28:31.896+0000] {dag.py:3834} INFO - Setting next_dagrun for example_task_group_decorator to 2024-03-11 00:00:00+00:00, run_after=2024-03-12 00:00:00+00:00
[2024-03-12T09:28:31.934+0000] {processor.py:183} INFO - Processing /usr/local/lib/python3.10/dist-packages/airflow/example_dags/example_task_group_decorator.py took 0.116 seconds
[2024-03-12T09:29:12.905+0000] {processor.py:161} INFO - Started process (PID=14378) to work on /usr/local/lib/python3.10/dist-packages/airflow/example_dags/example_task_group_decorator.py
[2024-03-12T09:29:12.907+0000] {processor.py:830} INFO - Processing file /usr/local/lib/python3.10/dist-packages/airflow/example_dags/example_task_group_decorator.py for tasks to queue
[2024-03-12T09:29:12.908+0000] {logging_mixin.py:188} INFO - [2024-03-12T09:29:12.908+0000] {dagbag.py:540} INFO - Filling up the DagBag from /usr/local/lib/python3.10/dist-packages/airflow/example_dags/example_task_group_decorator.py
[2024-03-12T09:29:12.930+0000] {processor.py:840} INFO - DAG(s) 'example_task_group_decorator' retrieved from /usr/local/lib/python3.10/dist-packages/airflow/example_dags/example_task_group_decorator.py
[2024-03-12T09:29:12.953+0000] {logging_mixin.py:188} INFO - [2024-03-12T09:29:12.953+0000] {dag.py:3047} INFO - Sync 1 DAGs
[2024-03-12T09:29:12.975+0000] {logging_mixin.py:188} INFO - [2024-03-12T09:29:12.975+0000] {dag.py:3834} INFO - Setting next_dagrun for example_task_group_decorator to 2024-03-11 00:00:00+00:00, run_after=2024-03-12 00:00:00+00:00
[2024-03-12T09:29:13.000+0000] {processor.py:183} INFO - Processing /usr/local/lib/python3.10/dist-packages/airflow/example_dags/example_task_group_decorator.py took 0.100 seconds
[2024-03-12T09:29:51.067+0000] {processor.py:161} INFO - Started process (PID=14417) to work on /usr/local/lib/python3.10/dist-packages/airflow/example_dags/example_task_group_decorator.py
[2024-03-12T09:29:51.069+0000] {processor.py:830} INFO - Processing file /usr/local/lib/python3.10/dist-packages/airflow/example_dags/example_task_group_decorator.py for tasks to queue
[2024-03-12T09:29:51.070+0000] {logging_mixin.py:188} INFO - [2024-03-12T09:29:51.070+0000] {dagbag.py:540} INFO - Filling up the DagBag from /usr/local/lib/python3.10/dist-packages/airflow/example_dags/example_task_group_decorator.py
[2024-03-12T09:29:51.090+0000] {processor.py:840} INFO - DAG(s) 'example_task_group_decorator' retrieved from /usr/local/lib/python3.10/dist-packages/airflow/example_dags/example_task_group_decorator.py
[2024-03-12T09:29:51.120+0000] {logging_mixin.py:188} INFO - [2024-03-12T09:29:51.119+0000] {dag.py:3047} INFO - Sync 1 DAGs
[2024-03-12T09:29:51.149+0000] {logging_mixin.py:188} INFO - [2024-03-12T09:29:51.148+0000] {dag.py:3834} INFO - Setting next_dagrun for example_task_group_decorator to 2024-03-11 00:00:00+00:00, run_after=2024-03-12 00:00:00+00:00
[2024-03-12T09:29:51.176+0000] {processor.py:183} INFO - Processing /usr/local/lib/python3.10/dist-packages/airflow/example_dags/example_task_group_decorator.py took 0.112 seconds
[2024-03-12T09:30:33.751+0000] {processor.py:161} INFO - Started process (PID=14457) to work on /usr/local/lib/python3.10/dist-packages/airflow/example_dags/example_task_group_decorator.py
[2024-03-12T09:30:33.753+0000] {processor.py:830} INFO - Processing file /usr/local/lib/python3.10/dist-packages/airflow/example_dags/example_task_group_decorator.py for tasks to queue
[2024-03-12T09:30:33.758+0000] {logging_mixin.py:188} INFO - [2024-03-12T09:30:33.755+0000] {dagbag.py:540} INFO - Filling up the DagBag from /usr/local/lib/python3.10/dist-packages/airflow/example_dags/example_task_group_decorator.py
[2024-03-12T09:30:33.813+0000] {processor.py:840} INFO - DAG(s) 'example_task_group_decorator' retrieved from /usr/local/lib/python3.10/dist-packages/airflow/example_dags/example_task_group_decorator.py
[2024-03-12T09:30:33.852+0000] {logging_mixin.py:188} INFO - [2024-03-12T09:30:33.851+0000] {dag.py:3047} INFO - Sync 1 DAGs
[2024-03-12T09:30:33.878+0000] {logging_mixin.py:188} INFO - [2024-03-12T09:30:33.878+0000] {dag.py:3834} INFO - Setting next_dagrun for example_task_group_decorator to 2024-03-11 00:00:00+00:00, run_after=2024-03-12 00:00:00+00:00
[2024-03-12T09:30:33.907+0000] {processor.py:183} INFO - Processing /usr/local/lib/python3.10/dist-packages/airflow/example_dags/example_task_group_decorator.py took 0.162 seconds
[2024-03-12T09:31:14.629+0000] {processor.py:161} INFO - Started process (PID=14497) to work on /usr/local/lib/python3.10/dist-packages/airflow/example_dags/example_task_group_decorator.py
[2024-03-12T09:31:14.631+0000] {processor.py:830} INFO - Processing file /usr/local/lib/python3.10/dist-packages/airflow/example_dags/example_task_group_decorator.py for tasks to queue
[2024-03-12T09:31:14.632+0000] {logging_mixin.py:188} INFO - [2024-03-12T09:31:14.632+0000] {dagbag.py:540} INFO - Filling up the DagBag from /usr/local/lib/python3.10/dist-packages/airflow/example_dags/example_task_group_decorator.py
[2024-03-12T09:31:14.651+0000] {processor.py:840} INFO - DAG(s) 'example_task_group_decorator' retrieved from /usr/local/lib/python3.10/dist-packages/airflow/example_dags/example_task_group_decorator.py
[2024-03-12T09:31:14.701+0000] {logging_mixin.py:188} INFO - [2024-03-12T09:31:14.700+0000] {dag.py:3047} INFO - Sync 1 DAGs
[2024-03-12T09:31:14.730+0000] {logging_mixin.py:188} INFO - [2024-03-12T09:31:14.730+0000] {dag.py:3834} INFO - Setting next_dagrun for example_task_group_decorator to 2024-03-11 00:00:00+00:00, run_after=2024-03-12 00:00:00+00:00
[2024-03-12T09:31:14.759+0000] {processor.py:183} INFO - Processing /usr/local/lib/python3.10/dist-packages/airflow/example_dags/example_task_group_decorator.py took 0.134 seconds
[2024-03-12T09:31:57.679+0000] {processor.py:161} INFO - Started process (PID=14538) to work on /usr/local/lib/python3.10/dist-packages/airflow/example_dags/example_task_group_decorator.py
[2024-03-12T09:31:57.681+0000] {processor.py:830} INFO - Processing file /usr/local/lib/python3.10/dist-packages/airflow/example_dags/example_task_group_decorator.py for tasks to queue
[2024-03-12T09:31:57.682+0000] {logging_mixin.py:188} INFO - [2024-03-12T09:31:57.681+0000] {dagbag.py:540} INFO - Filling up the DagBag from /usr/local/lib/python3.10/dist-packages/airflow/example_dags/example_task_group_decorator.py
[2024-03-12T09:31:57.707+0000] {processor.py:840} INFO - DAG(s) 'example_task_group_decorator' retrieved from /usr/local/lib/python3.10/dist-packages/airflow/example_dags/example_task_group_decorator.py
[2024-03-12T09:31:57.737+0000] {logging_mixin.py:188} INFO - [2024-03-12T09:31:57.736+0000] {dag.py:3047} INFO - Sync 1 DAGs
[2024-03-12T09:31:57.761+0000] {logging_mixin.py:188} INFO - [2024-03-12T09:31:57.761+0000] {dag.py:3834} INFO - Setting next_dagrun for example_task_group_decorator to 2024-03-11 00:00:00+00:00, run_after=2024-03-12 00:00:00+00:00
[2024-03-12T09:31:57.800+0000] {processor.py:183} INFO - Processing /usr/local/lib/python3.10/dist-packages/airflow/example_dags/example_task_group_decorator.py took 0.124 seconds
[2024-03-12T09:32:40.259+0000] {processor.py:161} INFO - Started process (PID=14580) to work on /usr/local/lib/python3.10/dist-packages/airflow/example_dags/example_task_group_decorator.py
[2024-03-12T09:32:40.262+0000] {processor.py:830} INFO - Processing file /usr/local/lib/python3.10/dist-packages/airflow/example_dags/example_task_group_decorator.py for tasks to queue
[2024-03-12T09:32:40.266+0000] {logging_mixin.py:188} INFO - [2024-03-12T09:32:40.263+0000] {dagbag.py:540} INFO - Filling up the DagBag from /usr/local/lib/python3.10/dist-packages/airflow/example_dags/example_task_group_decorator.py
[2024-03-12T09:32:40.288+0000] {processor.py:840} INFO - DAG(s) 'example_task_group_decorator' retrieved from /usr/local/lib/python3.10/dist-packages/airflow/example_dags/example_task_group_decorator.py
[2024-03-12T09:32:40.312+0000] {logging_mixin.py:188} INFO - [2024-03-12T09:32:40.312+0000] {dag.py:3047} INFO - Sync 1 DAGs
[2024-03-12T09:32:40.337+0000] {logging_mixin.py:188} INFO - [2024-03-12T09:32:40.337+0000] {dag.py:3834} INFO - Setting next_dagrun for example_task_group_decorator to 2024-03-11 00:00:00+00:00, run_after=2024-03-12 00:00:00+00:00
[2024-03-12T09:32:40.365+0000] {processor.py:183} INFO - Processing /usr/local/lib/python3.10/dist-packages/airflow/example_dags/example_task_group_decorator.py took 0.110 seconds
[2024-03-12T09:33:25.319+0000] {processor.py:161} INFO - Started process (PID=14623) to work on /usr/local/lib/python3.10/dist-packages/airflow/example_dags/example_task_group_decorator.py
[2024-03-12T09:33:25.320+0000] {processor.py:830} INFO - Processing file /usr/local/lib/python3.10/dist-packages/airflow/example_dags/example_task_group_decorator.py for tasks to queue
[2024-03-12T09:33:25.321+0000] {logging_mixin.py:188} INFO - [2024-03-12T09:33:25.321+0000] {dagbag.py:540} INFO - Filling up the DagBag from /usr/local/lib/python3.10/dist-packages/airflow/example_dags/example_task_group_decorator.py
[2024-03-12T09:33:25.338+0000] {processor.py:840} INFO - DAG(s) 'example_task_group_decorator' retrieved from /usr/local/lib/python3.10/dist-packages/airflow/example_dags/example_task_group_decorator.py
[2024-03-12T09:33:25.360+0000] {logging_mixin.py:188} INFO - [2024-03-12T09:33:25.360+0000] {dag.py:3047} INFO - Sync 1 DAGs
[2024-03-12T09:33:25.382+0000] {logging_mixin.py:188} INFO - [2024-03-12T09:33:25.382+0000] {dag.py:3834} INFO - Setting next_dagrun for example_task_group_decorator to 2024-03-11 00:00:00+00:00, run_after=2024-03-12 00:00:00+00:00
[2024-03-12T09:33:25.418+0000] {processor.py:183} INFO - Processing /usr/local/lib/python3.10/dist-packages/airflow/example_dags/example_task_group_decorator.py took 0.103 seconds
[2024-03-12T09:34:08.830+0000] {processor.py:161} INFO - Started process (PID=14665) to work on /usr/local/lib/python3.10/dist-packages/airflow/example_dags/example_task_group_decorator.py
[2024-03-12T09:34:08.833+0000] {processor.py:830} INFO - Processing file /usr/local/lib/python3.10/dist-packages/airflow/example_dags/example_task_group_decorator.py for tasks to queue
[2024-03-12T09:34:08.835+0000] {logging_mixin.py:188} INFO - [2024-03-12T09:34:08.834+0000] {dagbag.py:540} INFO - Filling up the DagBag from /usr/local/lib/python3.10/dist-packages/airflow/example_dags/example_task_group_decorator.py
[2024-03-12T09:34:08.868+0000] {processor.py:840} INFO - DAG(s) 'example_task_group_decorator' retrieved from /usr/local/lib/python3.10/dist-packages/airflow/example_dags/example_task_group_decorator.py
[2024-03-12T09:34:08.911+0000] {logging_mixin.py:188} INFO - [2024-03-12T09:34:08.910+0000] {dag.py:3047} INFO - Sync 1 DAGs
[2024-03-12T09:34:08.943+0000] {logging_mixin.py:188} INFO - [2024-03-12T09:34:08.943+0000] {dag.py:3834} INFO - Setting next_dagrun for example_task_group_decorator to 2024-03-11 00:00:00+00:00, run_after=2024-03-12 00:00:00+00:00
[2024-03-12T09:34:08.986+0000] {processor.py:183} INFO - Processing /usr/local/lib/python3.10/dist-packages/airflow/example_dags/example_task_group_decorator.py took 0.163 seconds
[2024-03-12T09:34:51.261+0000] {processor.py:161} INFO - Started process (PID=14706) to work on /usr/local/lib/python3.10/dist-packages/airflow/example_dags/example_task_group_decorator.py
[2024-03-12T09:34:51.263+0000] {processor.py:830} INFO - Processing file /usr/local/lib/python3.10/dist-packages/airflow/example_dags/example_task_group_decorator.py for tasks to queue
[2024-03-12T09:34:51.264+0000] {logging_mixin.py:188} INFO - [2024-03-12T09:34:51.263+0000] {dagbag.py:540} INFO - Filling up the DagBag from /usr/local/lib/python3.10/dist-packages/airflow/example_dags/example_task_group_decorator.py
[2024-03-12T09:34:51.286+0000] {processor.py:840} INFO - DAG(s) 'example_task_group_decorator' retrieved from /usr/local/lib/python3.10/dist-packages/airflow/example_dags/example_task_group_decorator.py
[2024-03-12T09:34:51.314+0000] {logging_mixin.py:188} INFO - [2024-03-12T09:34:51.313+0000] {dag.py:3047} INFO - Sync 1 DAGs
[2024-03-12T09:34:51.345+0000] {logging_mixin.py:188} INFO - [2024-03-12T09:34:51.344+0000] {dag.py:3834} INFO - Setting next_dagrun for example_task_group_decorator to 2024-03-11 00:00:00+00:00, run_after=2024-03-12 00:00:00+00:00
[2024-03-12T09:34:51.378+0000] {processor.py:183} INFO - Processing /usr/local/lib/python3.10/dist-packages/airflow/example_dags/example_task_group_decorator.py took 0.120 seconds
[2024-03-12T09:35:37.980+0000] {processor.py:161} INFO - Started process (PID=14750) to work on /usr/local/lib/python3.10/dist-packages/airflow/example_dags/example_task_group_decorator.py
[2024-03-12T09:35:37.983+0000] {processor.py:830} INFO - Processing file /usr/local/lib/python3.10/dist-packages/airflow/example_dags/example_task_group_decorator.py for tasks to queue
[2024-03-12T09:35:37.984+0000] {logging_mixin.py:188} INFO - [2024-03-12T09:35:37.984+0000] {dagbag.py:540} INFO - Filling up the DagBag from /usr/local/lib/python3.10/dist-packages/airflow/example_dags/example_task_group_decorator.py
[2024-03-12T09:35:38.021+0000] {processor.py:840} INFO - DAG(s) 'example_task_group_decorator' retrieved from /usr/local/lib/python3.10/dist-packages/airflow/example_dags/example_task_group_decorator.py
[2024-03-12T09:35:38.048+0000] {logging_mixin.py:188} INFO - [2024-03-12T09:35:38.048+0000] {dag.py:3047} INFO - Sync 1 DAGs
[2024-03-12T09:35:38.074+0000] {logging_mixin.py:188} INFO - [2024-03-12T09:35:38.073+0000] {dag.py:3834} INFO - Setting next_dagrun for example_task_group_decorator to 2024-03-11 00:00:00+00:00, run_after=2024-03-12 00:00:00+00:00
[2024-03-12T09:35:38.109+0000] {processor.py:183} INFO - Processing /usr/local/lib/python3.10/dist-packages/airflow/example_dags/example_task_group_decorator.py took 0.137 seconds
[2024-03-12T09:36:17.152+0000] {processor.py:161} INFO - Started process (PID=14789) to work on /usr/local/lib/python3.10/dist-packages/airflow/example_dags/example_task_group_decorator.py
[2024-03-12T09:36:17.157+0000] {processor.py:830} INFO - Processing file /usr/local/lib/python3.10/dist-packages/airflow/example_dags/example_task_group_decorator.py for tasks to queue
[2024-03-12T09:36:17.159+0000] {logging_mixin.py:188} INFO - [2024-03-12T09:36:17.157+0000] {dagbag.py:540} INFO - Filling up the DagBag from /usr/local/lib/python3.10/dist-packages/airflow/example_dags/example_task_group_decorator.py
[2024-03-12T09:36:17.189+0000] {processor.py:840} INFO - DAG(s) 'example_task_group_decorator' retrieved from /usr/local/lib/python3.10/dist-packages/airflow/example_dags/example_task_group_decorator.py
[2024-03-12T09:36:17.242+0000] {logging_mixin.py:188} INFO - [2024-03-12T09:36:17.238+0000] {dag.py:3047} INFO - Sync 1 DAGs
[2024-03-12T09:36:17.311+0000] {logging_mixin.py:188} INFO - [2024-03-12T09:36:17.311+0000] {dag.py:3834} INFO - Setting next_dagrun for example_task_group_decorator to 2024-03-11 00:00:00+00:00, run_after=2024-03-12 00:00:00+00:00
[2024-03-12T09:36:17.364+0000] {processor.py:183} INFO - Processing /usr/local/lib/python3.10/dist-packages/airflow/example_dags/example_task_group_decorator.py took 0.222 seconds
[2024-03-12T09:36:59.773+0000] {processor.py:161} INFO - Started process (PID=14829) to work on /usr/local/lib/python3.10/dist-packages/airflow/example_dags/example_task_group_decorator.py
[2024-03-12T09:36:59.775+0000] {processor.py:830} INFO - Processing file /usr/local/lib/python3.10/dist-packages/airflow/example_dags/example_task_group_decorator.py for tasks to queue
[2024-03-12T09:36:59.776+0000] {logging_mixin.py:188} INFO - [2024-03-12T09:36:59.776+0000] {dagbag.py:540} INFO - Filling up the DagBag from /usr/local/lib/python3.10/dist-packages/airflow/example_dags/example_task_group_decorator.py
[2024-03-12T09:36:59.802+0000] {processor.py:840} INFO - DAG(s) 'example_task_group_decorator' retrieved from /usr/local/lib/python3.10/dist-packages/airflow/example_dags/example_task_group_decorator.py
[2024-03-12T09:36:59.826+0000] {logging_mixin.py:188} INFO - [2024-03-12T09:36:59.826+0000] {dag.py:3047} INFO - Sync 1 DAGs
[2024-03-12T09:36:59.855+0000] {logging_mixin.py:188} INFO - [2024-03-12T09:36:59.855+0000] {dag.py:3834} INFO - Setting next_dagrun for example_task_group_decorator to 2024-03-11 00:00:00+00:00, run_after=2024-03-12 00:00:00+00:00
[2024-03-12T09:36:59.888+0000] {processor.py:183} INFO - Processing /usr/local/lib/python3.10/dist-packages/airflow/example_dags/example_task_group_decorator.py took 0.120 seconds
[2024-03-12T09:37:41.725+0000] {processor.py:161} INFO - Started process (PID=14871) to work on /usr/local/lib/python3.10/dist-packages/airflow/example_dags/example_task_group_decorator.py
[2024-03-12T09:37:41.728+0000] {processor.py:830} INFO - Processing file /usr/local/lib/python3.10/dist-packages/airflow/example_dags/example_task_group_decorator.py for tasks to queue
[2024-03-12T09:37:41.729+0000] {logging_mixin.py:188} INFO - [2024-03-12T09:37:41.729+0000] {dagbag.py:540} INFO - Filling up the DagBag from /usr/local/lib/python3.10/dist-packages/airflow/example_dags/example_task_group_decorator.py
[2024-03-12T09:37:41.755+0000] {processor.py:840} INFO - DAG(s) 'example_task_group_decorator' retrieved from /usr/local/lib/python3.10/dist-packages/airflow/example_dags/example_task_group_decorator.py
[2024-03-12T09:37:41.782+0000] {logging_mixin.py:188} INFO - [2024-03-12T09:37:41.782+0000] {dag.py:3047} INFO - Sync 1 DAGs
[2024-03-12T09:37:41.805+0000] {logging_mixin.py:188} INFO - [2024-03-12T09:37:41.805+0000] {dag.py:3834} INFO - Setting next_dagrun for example_task_group_decorator to 2024-03-11 00:00:00+00:00, run_after=2024-03-12 00:00:00+00:00
[2024-03-12T09:37:41.830+0000] {processor.py:183} INFO - Processing /usr/local/lib/python3.10/dist-packages/airflow/example_dags/example_task_group_decorator.py took 0.112 seconds
[2024-03-12T09:38:23.499+0000] {processor.py:161} INFO - Started process (PID=14911) to work on /usr/local/lib/python3.10/dist-packages/airflow/example_dags/example_task_group_decorator.py
[2024-03-12T09:38:23.500+0000] {processor.py:830} INFO - Processing file /usr/local/lib/python3.10/dist-packages/airflow/example_dags/example_task_group_decorator.py for tasks to queue
[2024-03-12T09:38:23.502+0000] {logging_mixin.py:188} INFO - [2024-03-12T09:38:23.501+0000] {dagbag.py:540} INFO - Filling up the DagBag from /usr/local/lib/python3.10/dist-packages/airflow/example_dags/example_task_group_decorator.py
[2024-03-12T09:38:23.523+0000] {processor.py:840} INFO - DAG(s) 'example_task_group_decorator' retrieved from /usr/local/lib/python3.10/dist-packages/airflow/example_dags/example_task_group_decorator.py
[2024-03-12T09:38:23.553+0000] {logging_mixin.py:188} INFO - [2024-03-12T09:38:23.552+0000] {dag.py:3047} INFO - Sync 1 DAGs
[2024-03-12T09:38:23.592+0000] {logging_mixin.py:188} INFO - [2024-03-12T09:38:23.591+0000] {dag.py:3834} INFO - Setting next_dagrun for example_task_group_decorator to 2024-03-11 00:00:00+00:00, run_after=2024-03-12 00:00:00+00:00
[2024-03-12T09:38:23.626+0000] {processor.py:183} INFO - Processing /usr/local/lib/python3.10/dist-packages/airflow/example_dags/example_task_group_decorator.py took 0.132 seconds
[2024-03-12T09:39:04.913+0000] {processor.py:161} INFO - Started process (PID=14951) to work on /usr/local/lib/python3.10/dist-packages/airflow/example_dags/example_task_group_decorator.py
[2024-03-12T09:39:04.915+0000] {processor.py:830} INFO - Processing file /usr/local/lib/python3.10/dist-packages/airflow/example_dags/example_task_group_decorator.py for tasks to queue
[2024-03-12T09:39:04.916+0000] {logging_mixin.py:188} INFO - [2024-03-12T09:39:04.916+0000] {dagbag.py:540} INFO - Filling up the DagBag from /usr/local/lib/python3.10/dist-packages/airflow/example_dags/example_task_group_decorator.py
[2024-03-12T09:39:04.937+0000] {processor.py:840} INFO - DAG(s) 'example_task_group_decorator' retrieved from /usr/local/lib/python3.10/dist-packages/airflow/example_dags/example_task_group_decorator.py
[2024-03-12T09:39:04.970+0000] {logging_mixin.py:188} INFO - [2024-03-12T09:39:04.969+0000] {dag.py:3047} INFO - Sync 1 DAGs
[2024-03-12T09:39:05.007+0000] {logging_mixin.py:188} INFO - [2024-03-12T09:39:05.007+0000] {dag.py:3834} INFO - Setting next_dagrun for example_task_group_decorator to 2024-03-11 00:00:00+00:00, run_after=2024-03-12 00:00:00+00:00
[2024-03-12T09:39:05.054+0000] {processor.py:183} INFO - Processing /usr/local/lib/python3.10/dist-packages/airflow/example_dags/example_task_group_decorator.py took 0.145 seconds
[2024-03-12T09:39:48.622+0000] {processor.py:161} INFO - Started process (PID=14993) to work on /usr/local/lib/python3.10/dist-packages/airflow/example_dags/example_task_group_decorator.py
[2024-03-12T09:39:48.624+0000] {processor.py:830} INFO - Processing file /usr/local/lib/python3.10/dist-packages/airflow/example_dags/example_task_group_decorator.py for tasks to queue
[2024-03-12T09:39:48.626+0000] {logging_mixin.py:188} INFO - [2024-03-12T09:39:48.625+0000] {dagbag.py:540} INFO - Filling up the DagBag from /usr/local/lib/python3.10/dist-packages/airflow/example_dags/example_task_group_decorator.py
[2024-03-12T09:39:48.658+0000] {processor.py:840} INFO - DAG(s) 'example_task_group_decorator' retrieved from /usr/local/lib/python3.10/dist-packages/airflow/example_dags/example_task_group_decorator.py
[2024-03-12T09:39:48.702+0000] {logging_mixin.py:188} INFO - [2024-03-12T09:39:48.702+0000] {dag.py:3047} INFO - Sync 1 DAGs
[2024-03-12T09:39:48.740+0000] {logging_mixin.py:188} INFO - [2024-03-12T09:39:48.740+0000] {dag.py:3834} INFO - Setting next_dagrun for example_task_group_decorator to 2024-03-11 00:00:00+00:00, run_after=2024-03-12 00:00:00+00:00
[2024-03-12T09:39:48.792+0000] {processor.py:183} INFO - Processing /usr/local/lib/python3.10/dist-packages/airflow/example_dags/example_task_group_decorator.py took 0.175 seconds
[2024-03-12T09:40:30.700+0000] {processor.py:161} INFO - Started process (PID=15034) to work on /usr/local/lib/python3.10/dist-packages/airflow/example_dags/example_task_group_decorator.py
[2024-03-12T09:40:30.702+0000] {processor.py:830} INFO - Processing file /usr/local/lib/python3.10/dist-packages/airflow/example_dags/example_task_group_decorator.py for tasks to queue
[2024-03-12T09:40:30.705+0000] {logging_mixin.py:188} INFO - [2024-03-12T09:40:30.703+0000] {dagbag.py:540} INFO - Filling up the DagBag from /usr/local/lib/python3.10/dist-packages/airflow/example_dags/example_task_group_decorator.py
[2024-03-12T09:40:30.733+0000] {processor.py:840} INFO - DAG(s) 'example_task_group_decorator' retrieved from /usr/local/lib/python3.10/dist-packages/airflow/example_dags/example_task_group_decorator.py
[2024-03-12T09:40:30.759+0000] {logging_mixin.py:188} INFO - [2024-03-12T09:40:30.759+0000] {dag.py:3047} INFO - Sync 1 DAGs
[2024-03-12T09:40:30.786+0000] {logging_mixin.py:188} INFO - [2024-03-12T09:40:30.786+0000] {dag.py:3834} INFO - Setting next_dagrun for example_task_group_decorator to 2024-03-11 00:00:00+00:00, run_after=2024-03-12 00:00:00+00:00
[2024-03-12T09:40:30.817+0000] {processor.py:183} INFO - Processing /usr/local/lib/python3.10/dist-packages/airflow/example_dags/example_task_group_decorator.py took 0.126 seconds
[2024-03-12T09:41:13.717+0000] {processor.py:161} INFO - Started process (PID=15076) to work on /usr/local/lib/python3.10/dist-packages/airflow/example_dags/example_task_group_decorator.py
[2024-03-12T09:41:13.719+0000] {processor.py:830} INFO - Processing file /usr/local/lib/python3.10/dist-packages/airflow/example_dags/example_task_group_decorator.py for tasks to queue
[2024-03-12T09:41:13.720+0000] {logging_mixin.py:188} INFO - [2024-03-12T09:41:13.719+0000] {dagbag.py:540} INFO - Filling up the DagBag from /usr/local/lib/python3.10/dist-packages/airflow/example_dags/example_task_group_decorator.py
[2024-03-12T09:41:13.738+0000] {processor.py:840} INFO - DAG(s) 'example_task_group_decorator' retrieved from /usr/local/lib/python3.10/dist-packages/airflow/example_dags/example_task_group_decorator.py
[2024-03-12T09:41:13.766+0000] {logging_mixin.py:188} INFO - [2024-03-12T09:41:13.766+0000] {dag.py:3047} INFO - Sync 1 DAGs
[2024-03-12T09:41:13.789+0000] {logging_mixin.py:188} INFO - [2024-03-12T09:41:13.789+0000] {dag.py:3834} INFO - Setting next_dagrun for example_task_group_decorator to 2024-03-11 00:00:00+00:00, run_after=2024-03-12 00:00:00+00:00
[2024-03-12T09:41:13.813+0000] {processor.py:183} INFO - Processing /usr/local/lib/python3.10/dist-packages/airflow/example_dags/example_task_group_decorator.py took 0.099 seconds
[2024-03-12T09:41:55.565+0000] {processor.py:161} INFO - Started process (PID=15116) to work on /usr/local/lib/python3.10/dist-packages/airflow/example_dags/example_task_group_decorator.py
[2024-03-12T09:41:55.569+0000] {processor.py:830} INFO - Processing file /usr/local/lib/python3.10/dist-packages/airflow/example_dags/example_task_group_decorator.py for tasks to queue
[2024-03-12T09:41:55.571+0000] {logging_mixin.py:188} INFO - [2024-03-12T09:41:55.571+0000] {dagbag.py:540} INFO - Filling up the DagBag from /usr/local/lib/python3.10/dist-packages/airflow/example_dags/example_task_group_decorator.py
[2024-03-12T09:41:55.597+0000] {processor.py:840} INFO - DAG(s) 'example_task_group_decorator' retrieved from /usr/local/lib/python3.10/dist-packages/airflow/example_dags/example_task_group_decorator.py
[2024-03-12T09:41:55.659+0000] {logging_mixin.py:188} INFO - [2024-03-12T09:41:55.658+0000] {dag.py:3047} INFO - Sync 1 DAGs
[2024-03-12T09:41:55.714+0000] {logging_mixin.py:188} INFO - [2024-03-12T09:41:55.714+0000] {dag.py:3834} INFO - Setting next_dagrun for example_task_group_decorator to 2024-03-11 00:00:00+00:00, run_after=2024-03-12 00:00:00+00:00
[2024-03-12T09:41:55.752+0000] {processor.py:183} INFO - Processing /usr/local/lib/python3.10/dist-packages/airflow/example_dags/example_task_group_decorator.py took 0.195 seconds
[2024-03-12T09:42:37.075+0000] {processor.py:161} INFO - Started process (PID=15160) to work on /usr/local/lib/python3.10/dist-packages/airflow/example_dags/example_task_group_decorator.py
[2024-03-12T09:42:37.078+0000] {processor.py:830} INFO - Processing file /usr/local/lib/python3.10/dist-packages/airflow/example_dags/example_task_group_decorator.py for tasks to queue
[2024-03-12T09:42:37.080+0000] {logging_mixin.py:188} INFO - [2024-03-12T09:42:37.078+0000] {dagbag.py:540} INFO - Filling up the DagBag from /usr/local/lib/python3.10/dist-packages/airflow/example_dags/example_task_group_decorator.py
[2024-03-12T09:42:37.107+0000] {processor.py:840} INFO - DAG(s) 'example_task_group_decorator' retrieved from /usr/local/lib/python3.10/dist-packages/airflow/example_dags/example_task_group_decorator.py
[2024-03-12T09:42:37.139+0000] {logging_mixin.py:188} INFO - [2024-03-12T09:42:37.138+0000] {dag.py:3047} INFO - Sync 1 DAGs
[2024-03-12T09:42:37.172+0000] {logging_mixin.py:188} INFO - [2024-03-12T09:42:37.171+0000] {dag.py:3834} INFO - Setting next_dagrun for example_task_group_decorator to 2024-03-11 00:00:00+00:00, run_after=2024-03-12 00:00:00+00:00
[2024-03-12T09:42:37.207+0000] {processor.py:183} INFO - Processing /usr/local/lib/python3.10/dist-packages/airflow/example_dags/example_task_group_decorator.py took 0.139 seconds
[2024-03-12T09:43:16.331+0000] {processor.py:161} INFO - Started process (PID=15268) to work on /usr/local/lib/python3.10/dist-packages/airflow/example_dags/example_task_group_decorator.py
[2024-03-12T09:43:16.334+0000] {processor.py:830} INFO - Processing file /usr/local/lib/python3.10/dist-packages/airflow/example_dags/example_task_group_decorator.py for tasks to queue
[2024-03-12T09:43:16.335+0000] {logging_mixin.py:188} INFO - [2024-03-12T09:43:16.334+0000] {dagbag.py:540} INFO - Filling up the DagBag from /usr/local/lib/python3.10/dist-packages/airflow/example_dags/example_task_group_decorator.py
[2024-03-12T09:43:16.357+0000] {processor.py:840} INFO - DAG(s) 'example_task_group_decorator' retrieved from /usr/local/lib/python3.10/dist-packages/airflow/example_dags/example_task_group_decorator.py
[2024-03-12T09:43:16.387+0000] {logging_mixin.py:188} INFO - [2024-03-12T09:43:16.387+0000] {dag.py:3047} INFO - Sync 1 DAGs
[2024-03-12T09:43:16.419+0000] {logging_mixin.py:188} INFO - [2024-03-12T09:43:16.418+0000] {dag.py:3834} INFO - Setting next_dagrun for example_task_group_decorator to 2024-03-11 00:00:00+00:00, run_after=2024-03-12 00:00:00+00:00
[2024-03-12T09:43:16.449+0000] {processor.py:183} INFO - Processing /usr/local/lib/python3.10/dist-packages/airflow/example_dags/example_task_group_decorator.py took 0.124 seconds
[2024-03-12T09:43:59.629+0000] {processor.py:161} INFO - Started process (PID=15325) to work on /usr/local/lib/python3.10/dist-packages/airflow/example_dags/example_task_group_decorator.py
[2024-03-12T09:43:59.630+0000] {processor.py:830} INFO - Processing file /usr/local/lib/python3.10/dist-packages/airflow/example_dags/example_task_group_decorator.py for tasks to queue
[2024-03-12T09:43:59.632+0000] {logging_mixin.py:188} INFO - [2024-03-12T09:43:59.631+0000] {dagbag.py:540} INFO - Filling up the DagBag from /usr/local/lib/python3.10/dist-packages/airflow/example_dags/example_task_group_decorator.py
[2024-03-12T09:43:59.677+0000] {processor.py:840} INFO - DAG(s) 'example_task_group_decorator' retrieved from /usr/local/lib/python3.10/dist-packages/airflow/example_dags/example_task_group_decorator.py
[2024-03-12T09:43:59.741+0000] {logging_mixin.py:188} INFO - [2024-03-12T09:43:59.740+0000] {dag.py:3047} INFO - Sync 1 DAGs
[2024-03-12T09:43:59.779+0000] {logging_mixin.py:188} INFO - [2024-03-12T09:43:59.779+0000] {dag.py:3834} INFO - Setting next_dagrun for example_task_group_decorator to 2024-03-11 00:00:00+00:00, run_after=2024-03-12 00:00:00+00:00
[2024-03-12T09:43:59.809+0000] {processor.py:183} INFO - Processing /usr/local/lib/python3.10/dist-packages/airflow/example_dags/example_task_group_decorator.py took 0.185 seconds
[2024-03-12T09:44:42.513+0000] {processor.py:161} INFO - Started process (PID=15368) to work on /usr/local/lib/python3.10/dist-packages/airflow/example_dags/example_task_group_decorator.py
[2024-03-12T09:44:42.515+0000] {processor.py:830} INFO - Processing file /usr/local/lib/python3.10/dist-packages/airflow/example_dags/example_task_group_decorator.py for tasks to queue
[2024-03-12T09:44:42.516+0000] {logging_mixin.py:188} INFO - [2024-03-12T09:44:42.515+0000] {dagbag.py:540} INFO - Filling up the DagBag from /usr/local/lib/python3.10/dist-packages/airflow/example_dags/example_task_group_decorator.py
[2024-03-12T09:44:42.532+0000] {processor.py:840} INFO - DAG(s) 'example_task_group_decorator' retrieved from /usr/local/lib/python3.10/dist-packages/airflow/example_dags/example_task_group_decorator.py
[2024-03-12T09:44:42.557+0000] {logging_mixin.py:188} INFO - [2024-03-12T09:44:42.556+0000] {dag.py:3047} INFO - Sync 1 DAGs
[2024-03-12T09:44:42.580+0000] {logging_mixin.py:188} INFO - [2024-03-12T09:44:42.579+0000] {dag.py:3834} INFO - Setting next_dagrun for example_task_group_decorator to 2024-03-11 00:00:00+00:00, run_after=2024-03-12 00:00:00+00:00
[2024-03-12T09:44:42.607+0000] {processor.py:183} INFO - Processing /usr/local/lib/python3.10/dist-packages/airflow/example_dags/example_task_group_decorator.py took 0.097 seconds
[2024-03-12T09:45:27.157+0000] {processor.py:161} INFO - Started process (PID=15410) to work on /usr/local/lib/python3.10/dist-packages/airflow/example_dags/example_task_group_decorator.py
[2024-03-12T09:45:27.159+0000] {processor.py:830} INFO - Processing file /usr/local/lib/python3.10/dist-packages/airflow/example_dags/example_task_group_decorator.py for tasks to queue
[2024-03-12T09:45:27.160+0000] {logging_mixin.py:188} INFO - [2024-03-12T09:45:27.159+0000] {dagbag.py:540} INFO - Filling up the DagBag from /usr/local/lib/python3.10/dist-packages/airflow/example_dags/example_task_group_decorator.py
[2024-03-12T09:45:27.181+0000] {processor.py:840} INFO - DAG(s) 'example_task_group_decorator' retrieved from /usr/local/lib/python3.10/dist-packages/airflow/example_dags/example_task_group_decorator.py
[2024-03-12T09:45:27.218+0000] {logging_mixin.py:188} INFO - [2024-03-12T09:45:27.218+0000] {dag.py:3047} INFO - Sync 1 DAGs
[2024-03-12T09:45:27.246+0000] {logging_mixin.py:188} INFO - [2024-03-12T09:45:27.245+0000] {dag.py:3834} INFO - Setting next_dagrun for example_task_group_decorator to 2024-03-11 00:00:00+00:00, run_after=2024-03-12 00:00:00+00:00
[2024-03-12T09:45:27.282+0000] {processor.py:183} INFO - Processing /usr/local/lib/python3.10/dist-packages/airflow/example_dags/example_task_group_decorator.py took 0.129 seconds
[2024-03-12T09:46:07.485+0000] {processor.py:161} INFO - Started process (PID=15450) to work on /usr/local/lib/python3.10/dist-packages/airflow/example_dags/example_task_group_decorator.py
[2024-03-12T09:46:07.487+0000] {processor.py:830} INFO - Processing file /usr/local/lib/python3.10/dist-packages/airflow/example_dags/example_task_group_decorator.py for tasks to queue
[2024-03-12T09:46:07.488+0000] {logging_mixin.py:188} INFO - [2024-03-12T09:46:07.488+0000] {dagbag.py:540} INFO - Filling up the DagBag from /usr/local/lib/python3.10/dist-packages/airflow/example_dags/example_task_group_decorator.py
[2024-03-12T09:46:07.524+0000] {processor.py:840} INFO - DAG(s) 'example_task_group_decorator' retrieved from /usr/local/lib/python3.10/dist-packages/airflow/example_dags/example_task_group_decorator.py
[2024-03-12T09:46:07.563+0000] {logging_mixin.py:188} INFO - [2024-03-12T09:46:07.562+0000] {dag.py:3047} INFO - Sync 1 DAGs
[2024-03-12T09:46:07.592+0000] {logging_mixin.py:188} INFO - [2024-03-12T09:46:07.591+0000] {dag.py:3834} INFO - Setting next_dagrun for example_task_group_decorator to 2024-03-11 00:00:00+00:00, run_after=2024-03-12 00:00:00+00:00
[2024-03-12T09:46:07.658+0000] {processor.py:183} INFO - Processing /usr/local/lib/python3.10/dist-packages/airflow/example_dags/example_task_group_decorator.py took 0.176 seconds
[2024-03-12T09:46:47.777+0000] {processor.py:161} INFO - Started process (PID=15491) to work on /usr/local/lib/python3.10/dist-packages/airflow/example_dags/example_task_group_decorator.py
[2024-03-12T09:46:47.778+0000] {processor.py:830} INFO - Processing file /usr/local/lib/python3.10/dist-packages/airflow/example_dags/example_task_group_decorator.py for tasks to queue
[2024-03-12T09:46:47.779+0000] {logging_mixin.py:188} INFO - [2024-03-12T09:46:47.779+0000] {dagbag.py:540} INFO - Filling up the DagBag from /usr/local/lib/python3.10/dist-packages/airflow/example_dags/example_task_group_decorator.py
[2024-03-12T09:46:47.798+0000] {processor.py:840} INFO - DAG(s) 'example_task_group_decorator' retrieved from /usr/local/lib/python3.10/dist-packages/airflow/example_dags/example_task_group_decorator.py
[2024-03-12T09:46:47.820+0000] {logging_mixin.py:188} INFO - [2024-03-12T09:46:47.819+0000] {dag.py:3047} INFO - Sync 1 DAGs
[2024-03-12T09:46:47.845+0000] {logging_mixin.py:188} INFO - [2024-03-12T09:46:47.845+0000] {dag.py:3834} INFO - Setting next_dagrun for example_task_group_decorator to 2024-03-11 00:00:00+00:00, run_after=2024-03-12 00:00:00+00:00
[2024-03-12T09:46:47.871+0000] {processor.py:183} INFO - Processing /usr/local/lib/python3.10/dist-packages/airflow/example_dags/example_task_group_decorator.py took 0.097 seconds
[2024-03-12T09:47:28.009+0000] {processor.py:161} INFO - Started process (PID=15528) to work on /usr/local/lib/python3.10/dist-packages/airflow/example_dags/example_task_group_decorator.py
[2024-03-12T09:47:28.012+0000] {processor.py:830} INFO - Processing file /usr/local/lib/python3.10/dist-packages/airflow/example_dags/example_task_group_decorator.py for tasks to queue
[2024-03-12T09:47:28.013+0000] {logging_mixin.py:188} INFO - [2024-03-12T09:47:28.012+0000] {dagbag.py:540} INFO - Filling up the DagBag from /usr/local/lib/python3.10/dist-packages/airflow/example_dags/example_task_group_decorator.py
[2024-03-12T09:47:28.037+0000] {processor.py:840} INFO - DAG(s) 'example_task_group_decorator' retrieved from /usr/local/lib/python3.10/dist-packages/airflow/example_dags/example_task_group_decorator.py
[2024-03-12T09:47:28.064+0000] {logging_mixin.py:188} INFO - [2024-03-12T09:47:28.064+0000] {dag.py:3047} INFO - Sync 1 DAGs
[2024-03-12T09:47:28.096+0000] {logging_mixin.py:188} INFO - [2024-03-12T09:47:28.096+0000] {dag.py:3834} INFO - Setting next_dagrun for example_task_group_decorator to 2024-03-11 00:00:00+00:00, run_after=2024-03-12 00:00:00+00:00
[2024-03-12T09:47:28.129+0000] {processor.py:183} INFO - Processing /usr/local/lib/python3.10/dist-packages/airflow/example_dags/example_task_group_decorator.py took 0.127 seconds
[2024-03-12T09:48:11.040+0000] {processor.py:161} INFO - Started process (PID=15572) to work on /usr/local/lib/python3.10/dist-packages/airflow/example_dags/example_task_group_decorator.py
[2024-03-12T09:48:11.044+0000] {processor.py:830} INFO - Processing file /usr/local/lib/python3.10/dist-packages/airflow/example_dags/example_task_group_decorator.py for tasks to queue
[2024-03-12T09:48:11.045+0000] {logging_mixin.py:188} INFO - [2024-03-12T09:48:11.044+0000] {dagbag.py:540} INFO - Filling up the DagBag from /usr/local/lib/python3.10/dist-packages/airflow/example_dags/example_task_group_decorator.py
[2024-03-12T09:48:11.073+0000] {processor.py:840} INFO - DAG(s) 'example_task_group_decorator' retrieved from /usr/local/lib/python3.10/dist-packages/airflow/example_dags/example_task_group_decorator.py
[2024-03-12T09:48:11.099+0000] {logging_mixin.py:188} INFO - [2024-03-12T09:48:11.099+0000] {dag.py:3047} INFO - Sync 1 DAGs
[2024-03-12T09:48:11.123+0000] {logging_mixin.py:188} INFO - [2024-03-12T09:48:11.122+0000] {dag.py:3834} INFO - Setting next_dagrun for example_task_group_decorator to 2024-03-11 00:00:00+00:00, run_after=2024-03-12 00:00:00+00:00
[2024-03-12T09:48:11.149+0000] {processor.py:183} INFO - Processing /usr/local/lib/python3.10/dist-packages/airflow/example_dags/example_task_group_decorator.py took 0.112 seconds
[2024-03-12T09:48:50.308+0000] {processor.py:161} INFO - Started process (PID=15615) to work on /usr/local/lib/python3.10/dist-packages/airflow/example_dags/example_task_group_decorator.py
[2024-03-12T09:48:50.310+0000] {processor.py:830} INFO - Processing file /usr/local/lib/python3.10/dist-packages/airflow/example_dags/example_task_group_decorator.py for tasks to queue
[2024-03-12T09:48:50.312+0000] {logging_mixin.py:188} INFO - [2024-03-12T09:48:50.311+0000] {dagbag.py:540} INFO - Filling up the DagBag from /usr/local/lib/python3.10/dist-packages/airflow/example_dags/example_task_group_decorator.py
[2024-03-12T09:48:50.352+0000] {processor.py:840} INFO - DAG(s) 'example_task_group_decorator' retrieved from /usr/local/lib/python3.10/dist-packages/airflow/example_dags/example_task_group_decorator.py
[2024-03-12T09:48:50.378+0000] {logging_mixin.py:188} INFO - [2024-03-12T09:48:50.378+0000] {dag.py:3047} INFO - Sync 1 DAGs
[2024-03-12T09:48:50.413+0000] {logging_mixin.py:188} INFO - [2024-03-12T09:48:50.413+0000] {dag.py:3834} INFO - Setting next_dagrun for example_task_group_decorator to 2024-03-11 00:00:00+00:00, run_after=2024-03-12 00:00:00+00:00
[2024-03-12T09:48:50.441+0000] {processor.py:183} INFO - Processing /usr/local/lib/python3.10/dist-packages/airflow/example_dags/example_task_group_decorator.py took 0.143 seconds
[2024-03-12T09:49:32.383+0000] {processor.py:161} INFO - Started process (PID=15656) to work on /usr/local/lib/python3.10/dist-packages/airflow/example_dags/example_task_group_decorator.py
[2024-03-12T09:49:32.385+0000] {processor.py:830} INFO - Processing file /usr/local/lib/python3.10/dist-packages/airflow/example_dags/example_task_group_decorator.py for tasks to queue
[2024-03-12T09:49:32.387+0000] {logging_mixin.py:188} INFO - [2024-03-12T09:49:32.386+0000] {dagbag.py:540} INFO - Filling up the DagBag from /usr/local/lib/python3.10/dist-packages/airflow/example_dags/example_task_group_decorator.py
[2024-03-12T09:49:32.416+0000] {processor.py:840} INFO - DAG(s) 'example_task_group_decorator' retrieved from /usr/local/lib/python3.10/dist-packages/airflow/example_dags/example_task_group_decorator.py
[2024-03-12T09:49:32.442+0000] {logging_mixin.py:188} INFO - [2024-03-12T09:49:32.442+0000] {dag.py:3047} INFO - Sync 1 DAGs
[2024-03-12T09:49:32.472+0000] {logging_mixin.py:188} INFO - [2024-03-12T09:49:32.471+0000] {dag.py:3834} INFO - Setting next_dagrun for example_task_group_decorator to 2024-03-11 00:00:00+00:00, run_after=2024-03-12 00:00:00+00:00
[2024-03-12T09:49:32.503+0000] {processor.py:183} INFO - Processing /usr/local/lib/python3.10/dist-packages/airflow/example_dags/example_task_group_decorator.py took 0.125 seconds
[2024-03-12T09:50:17.265+0000] {processor.py:161} INFO - Started process (PID=15698) to work on /usr/local/lib/python3.10/dist-packages/airflow/example_dags/example_task_group_decorator.py
[2024-03-12T09:50:17.267+0000] {processor.py:830} INFO - Processing file /usr/local/lib/python3.10/dist-packages/airflow/example_dags/example_task_group_decorator.py for tasks to queue
[2024-03-12T09:50:17.269+0000] {logging_mixin.py:188} INFO - [2024-03-12T09:50:17.267+0000] {dagbag.py:540} INFO - Filling up the DagBag from /usr/local/lib/python3.10/dist-packages/airflow/example_dags/example_task_group_decorator.py
[2024-03-12T09:50:17.291+0000] {processor.py:840} INFO - DAG(s) 'example_task_group_decorator' retrieved from /usr/local/lib/python3.10/dist-packages/airflow/example_dags/example_task_group_decorator.py
[2024-03-12T09:50:17.322+0000] {logging_mixin.py:188} INFO - [2024-03-12T09:50:17.321+0000] {dag.py:3047} INFO - Sync 1 DAGs
[2024-03-12T09:50:17.350+0000] {logging_mixin.py:188} INFO - [2024-03-12T09:50:17.349+0000] {dag.py:3834} INFO - Setting next_dagrun for example_task_group_decorator to 2024-03-11 00:00:00+00:00, run_after=2024-03-12 00:00:00+00:00
[2024-03-12T09:50:17.375+0000] {processor.py:183} INFO - Processing /usr/local/lib/python3.10/dist-packages/airflow/example_dags/example_task_group_decorator.py took 0.113 seconds
[2024-03-12T09:51:01.789+0000] {processor.py:161} INFO - Started process (PID=15740) to work on /usr/local/lib/python3.10/dist-packages/airflow/example_dags/example_task_group_decorator.py
[2024-03-12T09:51:01.791+0000] {processor.py:830} INFO - Processing file /usr/local/lib/python3.10/dist-packages/airflow/example_dags/example_task_group_decorator.py for tasks to queue
[2024-03-12T09:51:01.793+0000] {logging_mixin.py:188} INFO - [2024-03-12T09:51:01.792+0000] {dagbag.py:540} INFO - Filling up the DagBag from /usr/local/lib/python3.10/dist-packages/airflow/example_dags/example_task_group_decorator.py
[2024-03-12T09:51:01.831+0000] {processor.py:840} INFO - DAG(s) 'example_task_group_decorator' retrieved from /usr/local/lib/python3.10/dist-packages/airflow/example_dags/example_task_group_decorator.py
[2024-03-12T09:51:01.865+0000] {logging_mixin.py:188} INFO - [2024-03-12T09:51:01.865+0000] {dag.py:3047} INFO - Sync 1 DAGs
[2024-03-12T09:51:01.896+0000] {logging_mixin.py:188} INFO - [2024-03-12T09:51:01.895+0000] {dag.py:3834} INFO - Setting next_dagrun for example_task_group_decorator to 2024-03-11 00:00:00+00:00, run_after=2024-03-12 00:00:00+00:00
[2024-03-12T09:51:01.930+0000] {processor.py:183} INFO - Processing /usr/local/lib/python3.10/dist-packages/airflow/example_dags/example_task_group_decorator.py took 0.158 seconds
[2024-03-12T09:51:50.605+0000] {processor.py:161} INFO - Started process (PID=15785) to work on /usr/local/lib/python3.10/dist-packages/airflow/example_dags/example_task_group_decorator.py
[2024-03-12T09:51:50.607+0000] {processor.py:830} INFO - Processing file /usr/local/lib/python3.10/dist-packages/airflow/example_dags/example_task_group_decorator.py for tasks to queue
[2024-03-12T09:51:50.608+0000] {logging_mixin.py:188} INFO - [2024-03-12T09:51:50.607+0000] {dagbag.py:540} INFO - Filling up the DagBag from /usr/local/lib/python3.10/dist-packages/airflow/example_dags/example_task_group_decorator.py
[2024-03-12T09:51:50.633+0000] {processor.py:840} INFO - DAG(s) 'example_task_group_decorator' retrieved from /usr/local/lib/python3.10/dist-packages/airflow/example_dags/example_task_group_decorator.py
[2024-03-12T09:51:50.659+0000] {logging_mixin.py:188} INFO - [2024-03-12T09:51:50.658+0000] {dag.py:3047} INFO - Sync 1 DAGs
[2024-03-12T09:51:50.680+0000] {logging_mixin.py:188} INFO - [2024-03-12T09:51:50.680+0000] {dag.py:3834} INFO - Setting next_dagrun for example_task_group_decorator to 2024-03-11 00:00:00+00:00, run_after=2024-03-12 00:00:00+00:00
[2024-03-12T09:51:50.705+0000] {processor.py:183} INFO - Processing /usr/local/lib/python3.10/dist-packages/airflow/example_dags/example_task_group_decorator.py took 0.104 seconds
[2024-03-12T09:52:35.283+0000] {processor.py:161} INFO - Started process (PID=15831) to work on /usr/local/lib/python3.10/dist-packages/airflow/example_dags/example_task_group_decorator.py
[2024-03-12T09:52:35.286+0000] {processor.py:830} INFO - Processing file /usr/local/lib/python3.10/dist-packages/airflow/example_dags/example_task_group_decorator.py for tasks to queue
[2024-03-12T09:52:35.287+0000] {logging_mixin.py:188} INFO - [2024-03-12T09:52:35.287+0000] {dagbag.py:540} INFO - Filling up the DagBag from /usr/local/lib/python3.10/dist-packages/airflow/example_dags/example_task_group_decorator.py
[2024-03-12T09:52:35.311+0000] {processor.py:840} INFO - DAG(s) 'example_task_group_decorator' retrieved from /usr/local/lib/python3.10/dist-packages/airflow/example_dags/example_task_group_decorator.py
[2024-03-12T09:52:35.336+0000] {logging_mixin.py:188} INFO - [2024-03-12T09:52:35.336+0000] {dag.py:3047} INFO - Sync 1 DAGs
[2024-03-12T09:52:35.361+0000] {logging_mixin.py:188} INFO - [2024-03-12T09:52:35.361+0000] {dag.py:3834} INFO - Setting next_dagrun for example_task_group_decorator to 2024-03-11 00:00:00+00:00, run_after=2024-03-12 00:00:00+00:00
[2024-03-12T09:52:35.401+0000] {processor.py:183} INFO - Processing /usr/local/lib/python3.10/dist-packages/airflow/example_dags/example_task_group_decorator.py took 0.125 seconds
[2024-03-12T09:53:17.266+0000] {processor.py:161} INFO - Started process (PID=15872) to work on /usr/local/lib/python3.10/dist-packages/airflow/example_dags/example_task_group_decorator.py
[2024-03-12T09:53:17.268+0000] {processor.py:830} INFO - Processing file /usr/local/lib/python3.10/dist-packages/airflow/example_dags/example_task_group_decorator.py for tasks to queue
[2024-03-12T09:53:17.269+0000] {logging_mixin.py:188} INFO - [2024-03-12T09:53:17.269+0000] {dagbag.py:540} INFO - Filling up the DagBag from /usr/local/lib/python3.10/dist-packages/airflow/example_dags/example_task_group_decorator.py
[2024-03-12T09:53:17.305+0000] {processor.py:840} INFO - DAG(s) 'example_task_group_decorator' retrieved from /usr/local/lib/python3.10/dist-packages/airflow/example_dags/example_task_group_decorator.py
[2024-03-12T09:53:17.370+0000] {logging_mixin.py:188} INFO - [2024-03-12T09:53:17.370+0000] {dag.py:3047} INFO - Sync 1 DAGs
[2024-03-12T09:53:17.397+0000] {logging_mixin.py:188} INFO - [2024-03-12T09:53:17.397+0000] {dag.py:3834} INFO - Setting next_dagrun for example_task_group_decorator to 2024-03-11 00:00:00+00:00, run_after=2024-03-12 00:00:00+00:00
[2024-03-12T09:53:17.428+0000] {processor.py:183} INFO - Processing /usr/local/lib/python3.10/dist-packages/airflow/example_dags/example_task_group_decorator.py took 0.166 seconds
[2024-03-12T09:54:00.709+0000] {processor.py:161} INFO - Started process (PID=15913) to work on /usr/local/lib/python3.10/dist-packages/airflow/example_dags/example_task_group_decorator.py
[2024-03-12T09:54:00.711+0000] {processor.py:830} INFO - Processing file /usr/local/lib/python3.10/dist-packages/airflow/example_dags/example_task_group_decorator.py for tasks to queue
[2024-03-12T09:54:00.712+0000] {logging_mixin.py:188} INFO - [2024-03-12T09:54:00.712+0000] {dagbag.py:540} INFO - Filling up the DagBag from /usr/local/lib/python3.10/dist-packages/airflow/example_dags/example_task_group_decorator.py
[2024-03-12T09:54:00.731+0000] {processor.py:840} INFO - DAG(s) 'example_task_group_decorator' retrieved from /usr/local/lib/python3.10/dist-packages/airflow/example_dags/example_task_group_decorator.py
[2024-03-12T09:54:00.753+0000] {logging_mixin.py:188} INFO - [2024-03-12T09:54:00.752+0000] {dag.py:3047} INFO - Sync 1 DAGs
[2024-03-12T09:54:00.775+0000] {logging_mixin.py:188} INFO - [2024-03-12T09:54:00.774+0000] {dag.py:3834} INFO - Setting next_dagrun for example_task_group_decorator to 2024-03-11 00:00:00+00:00, run_after=2024-03-12 00:00:00+00:00
[2024-03-12T09:54:00.800+0000] {processor.py:183} INFO - Processing /usr/local/lib/python3.10/dist-packages/airflow/example_dags/example_task_group_decorator.py took 0.095 seconds
[2024-03-12T09:54:47.905+0000] {processor.py:161} INFO - Started process (PID=15960) to work on /usr/local/lib/python3.10/dist-packages/airflow/example_dags/example_task_group_decorator.py
[2024-03-12T09:54:47.907+0000] {processor.py:830} INFO - Processing file /usr/local/lib/python3.10/dist-packages/airflow/example_dags/example_task_group_decorator.py for tasks to queue
[2024-03-12T09:54:47.908+0000] {logging_mixin.py:188} INFO - [2024-03-12T09:54:47.908+0000] {dagbag.py:540} INFO - Filling up the DagBag from /usr/local/lib/python3.10/dist-packages/airflow/example_dags/example_task_group_decorator.py
[2024-03-12T09:54:47.947+0000] {processor.py:840} INFO - DAG(s) 'example_task_group_decorator' retrieved from /usr/local/lib/python3.10/dist-packages/airflow/example_dags/example_task_group_decorator.py
[2024-03-12T09:54:47.971+0000] {logging_mixin.py:188} INFO - [2024-03-12T09:54:47.970+0000] {dag.py:3047} INFO - Sync 1 DAGs
[2024-03-12T09:54:47.995+0000] {logging_mixin.py:188} INFO - [2024-03-12T09:54:47.995+0000] {dag.py:3834} INFO - Setting next_dagrun for example_task_group_decorator to 2024-03-11 00:00:00+00:00, run_after=2024-03-12 00:00:00+00:00
[2024-03-12T09:54:48.033+0000] {processor.py:183} INFO - Processing /usr/local/lib/python3.10/dist-packages/airflow/example_dags/example_task_group_decorator.py took 0.134 seconds
[2024-03-12T09:55:32.384+0000] {processor.py:161} INFO - Started process (PID=16003) to work on /usr/local/lib/python3.10/dist-packages/airflow/example_dags/example_task_group_decorator.py
[2024-03-12T09:55:32.386+0000] {processor.py:830} INFO - Processing file /usr/local/lib/python3.10/dist-packages/airflow/example_dags/example_task_group_decorator.py for tasks to queue
[2024-03-12T09:55:32.387+0000] {logging_mixin.py:188} INFO - [2024-03-12T09:55:32.387+0000] {dagbag.py:540} INFO - Filling up the DagBag from /usr/local/lib/python3.10/dist-packages/airflow/example_dags/example_task_group_decorator.py
[2024-03-12T09:55:32.407+0000] {processor.py:840} INFO - DAG(s) 'example_task_group_decorator' retrieved from /usr/local/lib/python3.10/dist-packages/airflow/example_dags/example_task_group_decorator.py
[2024-03-12T09:55:32.431+0000] {logging_mixin.py:188} INFO - [2024-03-12T09:55:32.431+0000] {dag.py:3047} INFO - Sync 1 DAGs
[2024-03-12T09:55:32.454+0000] {logging_mixin.py:188} INFO - [2024-03-12T09:55:32.453+0000] {dag.py:3834} INFO - Setting next_dagrun for example_task_group_decorator to 2024-03-11 00:00:00+00:00, run_after=2024-03-12 00:00:00+00:00
[2024-03-12T09:55:32.478+0000] {processor.py:183} INFO - Processing /usr/local/lib/python3.10/dist-packages/airflow/example_dags/example_task_group_decorator.py took 0.099 seconds
[2024-03-12T09:56:17.454+0000] {processor.py:161} INFO - Started process (PID=16047) to work on /usr/local/lib/python3.10/dist-packages/airflow/example_dags/example_task_group_decorator.py
[2024-03-12T09:56:17.456+0000] {processor.py:830} INFO - Processing file /usr/local/lib/python3.10/dist-packages/airflow/example_dags/example_task_group_decorator.py for tasks to queue
[2024-03-12T09:56:17.458+0000] {logging_mixin.py:188} INFO - [2024-03-12T09:56:17.457+0000] {dagbag.py:540} INFO - Filling up the DagBag from /usr/local/lib/python3.10/dist-packages/airflow/example_dags/example_task_group_decorator.py
[2024-03-12T09:56:17.476+0000] {processor.py:840} INFO - DAG(s) 'example_task_group_decorator' retrieved from /usr/local/lib/python3.10/dist-packages/airflow/example_dags/example_task_group_decorator.py
[2024-03-12T09:56:17.497+0000] {logging_mixin.py:188} INFO - [2024-03-12T09:56:17.496+0000] {dag.py:3047} INFO - Sync 1 DAGs
[2024-03-12T09:56:17.520+0000] {logging_mixin.py:188} INFO - [2024-03-12T09:56:17.519+0000] {dag.py:3834} INFO - Setting next_dagrun for example_task_group_decorator to 2024-03-11 00:00:00+00:00, run_after=2024-03-12 00:00:00+00:00
[2024-03-12T09:56:17.546+0000] {processor.py:183} INFO - Processing /usr/local/lib/python3.10/dist-packages/airflow/example_dags/example_task_group_decorator.py took 0.096 seconds
[2024-03-12T09:57:01.423+0000] {processor.py:161} INFO - Started process (PID=16089) to work on /usr/local/lib/python3.10/dist-packages/airflow/example_dags/example_task_group_decorator.py
[2024-03-12T09:57:01.429+0000] {processor.py:830} INFO - Processing file /usr/local/lib/python3.10/dist-packages/airflow/example_dags/example_task_group_decorator.py for tasks to queue
[2024-03-12T09:57:01.431+0000] {logging_mixin.py:188} INFO - [2024-03-12T09:57:01.430+0000] {dagbag.py:540} INFO - Filling up the DagBag from /usr/local/lib/python3.10/dist-packages/airflow/example_dags/example_task_group_decorator.py
[2024-03-12T09:57:01.484+0000] {processor.py:840} INFO - DAG(s) 'example_task_group_decorator' retrieved from /usr/local/lib/python3.10/dist-packages/airflow/example_dags/example_task_group_decorator.py
[2024-03-12T09:57:01.532+0000] {logging_mixin.py:188} INFO - [2024-03-12T09:57:01.531+0000] {dag.py:3047} INFO - Sync 1 DAGs
[2024-03-12T09:57:01.583+0000] {logging_mixin.py:188} INFO - [2024-03-12T09:57:01.583+0000] {dag.py:3834} INFO - Setting next_dagrun for example_task_group_decorator to 2024-03-11 00:00:00+00:00, run_after=2024-03-12 00:00:00+00:00
[2024-03-12T09:57:01.659+0000] {processor.py:183} INFO - Processing /usr/local/lib/python3.10/dist-packages/airflow/example_dags/example_task_group_decorator.py took 0.245 seconds
[2024-03-12T09:57:45.631+0000] {processor.py:161} INFO - Started process (PID=16132) to work on /usr/local/lib/python3.10/dist-packages/airflow/example_dags/example_task_group_decorator.py
[2024-03-12T09:57:45.632+0000] {processor.py:830} INFO - Processing file /usr/local/lib/python3.10/dist-packages/airflow/example_dags/example_task_group_decorator.py for tasks to queue
[2024-03-12T09:57:45.634+0000] {logging_mixin.py:188} INFO - [2024-03-12T09:57:45.633+0000] {dagbag.py:540} INFO - Filling up the DagBag from /usr/local/lib/python3.10/dist-packages/airflow/example_dags/example_task_group_decorator.py
[2024-03-12T09:57:45.652+0000] {processor.py:840} INFO - DAG(s) 'example_task_group_decorator' retrieved from /usr/local/lib/python3.10/dist-packages/airflow/example_dags/example_task_group_decorator.py
[2024-03-12T09:57:45.678+0000] {logging_mixin.py:188} INFO - [2024-03-12T09:57:45.677+0000] {dag.py:3047} INFO - Sync 1 DAGs
[2024-03-12T09:57:45.705+0000] {logging_mixin.py:188} INFO - [2024-03-12T09:57:45.704+0000] {dag.py:3834} INFO - Setting next_dagrun for example_task_group_decorator to 2024-03-11 00:00:00+00:00, run_after=2024-03-12 00:00:00+00:00
[2024-03-12T09:57:45.731+0000] {processor.py:183} INFO - Processing /usr/local/lib/python3.10/dist-packages/airflow/example_dags/example_task_group_decorator.py took 0.104 seconds
[2024-03-12T09:58:28.245+0000] {processor.py:161} INFO - Started process (PID=16184) to work on /usr/local/lib/python3.10/dist-packages/airflow/example_dags/example_task_group_decorator.py
[2024-03-12T09:58:28.247+0000] {processor.py:830} INFO - Processing file /usr/local/lib/python3.10/dist-packages/airflow/example_dags/example_task_group_decorator.py for tasks to queue
[2024-03-12T09:58:28.249+0000] {logging_mixin.py:188} INFO - [2024-03-12T09:58:28.248+0000] {dagbag.py:540} INFO - Filling up the DagBag from /usr/local/lib/python3.10/dist-packages/airflow/example_dags/example_task_group_decorator.py
[2024-03-12T09:58:28.271+0000] {processor.py:840} INFO - DAG(s) 'example_task_group_decorator' retrieved from /usr/local/lib/python3.10/dist-packages/airflow/example_dags/example_task_group_decorator.py
[2024-03-12T09:58:28.300+0000] {logging_mixin.py:188} INFO - [2024-03-12T09:58:28.300+0000] {dag.py:3047} INFO - Sync 1 DAGs
[2024-03-12T09:58:28.325+0000] {logging_mixin.py:188} INFO - [2024-03-12T09:58:28.325+0000] {dag.py:3834} INFO - Setting next_dagrun for example_task_group_decorator to 2024-03-11 00:00:00+00:00, run_after=2024-03-12 00:00:00+00:00
[2024-03-12T09:58:28.355+0000] {processor.py:183} INFO - Processing /usr/local/lib/python3.10/dist-packages/airflow/example_dags/example_task_group_decorator.py took 0.114 seconds
[2024-03-12T09:59:10.355+0000] {processor.py:161} INFO - Started process (PID=16227) to work on /usr/local/lib/python3.10/dist-packages/airflow/example_dags/example_task_group_decorator.py
[2024-03-12T09:59:10.361+0000] {processor.py:830} INFO - Processing file /usr/local/lib/python3.10/dist-packages/airflow/example_dags/example_task_group_decorator.py for tasks to queue
[2024-03-12T09:59:10.363+0000] {logging_mixin.py:188} INFO - [2024-03-12T09:59:10.362+0000] {dagbag.py:540} INFO - Filling up the DagBag from /usr/local/lib/python3.10/dist-packages/airflow/example_dags/example_task_group_decorator.py
[2024-03-12T09:59:10.390+0000] {processor.py:840} INFO - DAG(s) 'example_task_group_decorator' retrieved from /usr/local/lib/python3.10/dist-packages/airflow/example_dags/example_task_group_decorator.py
[2024-03-12T09:59:10.416+0000] {logging_mixin.py:188} INFO - [2024-03-12T09:59:10.416+0000] {dag.py:3047} INFO - Sync 1 DAGs
[2024-03-12T09:59:10.458+0000] {logging_mixin.py:188} INFO - [2024-03-12T09:59:10.458+0000] {dag.py:3834} INFO - Setting next_dagrun for example_task_group_decorator to 2024-03-11 00:00:00+00:00, run_after=2024-03-12 00:00:00+00:00
[2024-03-12T09:59:10.498+0000] {processor.py:183} INFO - Processing /usr/local/lib/python3.10/dist-packages/airflow/example_dags/example_task_group_decorator.py took 0.148 seconds
[2024-03-12T09:59:53.259+0000] {processor.py:161} INFO - Started process (PID=16274) to work on /usr/local/lib/python3.10/dist-packages/airflow/example_dags/example_task_group_decorator.py
[2024-03-12T09:59:53.261+0000] {processor.py:830} INFO - Processing file /usr/local/lib/python3.10/dist-packages/airflow/example_dags/example_task_group_decorator.py for tasks to queue
[2024-03-12T09:59:53.263+0000] {logging_mixin.py:188} INFO - [2024-03-12T09:59:53.262+0000] {dagbag.py:540} INFO - Filling up the DagBag from /usr/local/lib/python3.10/dist-packages/airflow/example_dags/example_task_group_decorator.py
[2024-03-12T09:59:53.284+0000] {processor.py:840} INFO - DAG(s) 'example_task_group_decorator' retrieved from /usr/local/lib/python3.10/dist-packages/airflow/example_dags/example_task_group_decorator.py
[2024-03-12T09:59:53.308+0000] {logging_mixin.py:188} INFO - [2024-03-12T09:59:53.308+0000] {dag.py:3047} INFO - Sync 1 DAGs
[2024-03-12T09:59:53.349+0000] {logging_mixin.py:188} INFO - [2024-03-12T09:59:53.349+0000] {dag.py:3834} INFO - Setting next_dagrun for example_task_group_decorator to 2024-03-11 00:00:00+00:00, run_after=2024-03-12 00:00:00+00:00
[2024-03-12T09:59:53.409+0000] {processor.py:183} INFO - Processing /usr/local/lib/python3.10/dist-packages/airflow/example_dags/example_task_group_decorator.py took 0.154 seconds
[2024-03-12T10:00:34.379+0000] {processor.py:161} INFO - Started process (PID=16318) to work on /usr/local/lib/python3.10/dist-packages/airflow/example_dags/example_task_group_decorator.py
[2024-03-12T10:00:34.381+0000] {processor.py:830} INFO - Processing file /usr/local/lib/python3.10/dist-packages/airflow/example_dags/example_task_group_decorator.py for tasks to queue
[2024-03-12T10:00:34.382+0000] {logging_mixin.py:188} INFO - [2024-03-12T10:00:34.381+0000] {dagbag.py:540} INFO - Filling up the DagBag from /usr/local/lib/python3.10/dist-packages/airflow/example_dags/example_task_group_decorator.py
[2024-03-12T10:00:34.405+0000] {processor.py:840} INFO - DAG(s) 'example_task_group_decorator' retrieved from /usr/local/lib/python3.10/dist-packages/airflow/example_dags/example_task_group_decorator.py
[2024-03-12T10:00:34.435+0000] {logging_mixin.py:188} INFO - [2024-03-12T10:00:34.435+0000] {dag.py:3047} INFO - Sync 1 DAGs
[2024-03-12T10:00:34.461+0000] {logging_mixin.py:188} INFO - [2024-03-12T10:00:34.460+0000] {dag.py:3834} INFO - Setting next_dagrun for example_task_group_decorator to 2024-03-11 00:00:00+00:00, run_after=2024-03-12 00:00:00+00:00
[2024-03-12T10:00:34.501+0000] {processor.py:183} INFO - Processing /usr/local/lib/python3.10/dist-packages/airflow/example_dags/example_task_group_decorator.py took 0.125 seconds
[2024-03-12T10:01:15.716+0000] {processor.py:161} INFO - Started process (PID=16366) to work on /usr/local/lib/python3.10/dist-packages/airflow/example_dags/example_task_group_decorator.py
[2024-03-12T10:01:15.718+0000] {processor.py:830} INFO - Processing file /usr/local/lib/python3.10/dist-packages/airflow/example_dags/example_task_group_decorator.py for tasks to queue
[2024-03-12T10:01:15.719+0000] {logging_mixin.py:188} INFO - [2024-03-12T10:01:15.718+0000] {dagbag.py:540} INFO - Filling up the DagBag from /usr/local/lib/python3.10/dist-packages/airflow/example_dags/example_task_group_decorator.py
[2024-03-12T10:01:15.734+0000] {processor.py:840} INFO - DAG(s) 'example_task_group_decorator' retrieved from /usr/local/lib/python3.10/dist-packages/airflow/example_dags/example_task_group_decorator.py
[2024-03-12T10:01:15.754+0000] {logging_mixin.py:188} INFO - [2024-03-12T10:01:15.754+0000] {dag.py:3047} INFO - Sync 1 DAGs
[2024-03-12T10:01:15.773+0000] {logging_mixin.py:188} INFO - [2024-03-12T10:01:15.773+0000] {dag.py:3834} INFO - Setting next_dagrun for example_task_group_decorator to 2024-03-11 00:00:00+00:00, run_after=2024-03-12 00:00:00+00:00
[2024-03-12T10:01:15.797+0000] {processor.py:183} INFO - Processing /usr/local/lib/python3.10/dist-packages/airflow/example_dags/example_task_group_decorator.py took 0.084 seconds
[2024-03-12T10:01:57.578+0000] {processor.py:161} INFO - Started process (PID=16409) to work on /usr/local/lib/python3.10/dist-packages/airflow/example_dags/example_task_group_decorator.py
[2024-03-12T10:01:57.582+0000] {processor.py:830} INFO - Processing file /usr/local/lib/python3.10/dist-packages/airflow/example_dags/example_task_group_decorator.py for tasks to queue
[2024-03-12T10:01:57.584+0000] {logging_mixin.py:188} INFO - [2024-03-12T10:01:57.584+0000] {dagbag.py:540} INFO - Filling up the DagBag from /usr/local/lib/python3.10/dist-packages/airflow/example_dags/example_task_group_decorator.py
[2024-03-12T10:01:57.605+0000] {processor.py:840} INFO - DAG(s) 'example_task_group_decorator' retrieved from /usr/local/lib/python3.10/dist-packages/airflow/example_dags/example_task_group_decorator.py
[2024-03-12T10:01:57.626+0000] {logging_mixin.py:188} INFO - [2024-03-12T10:01:57.626+0000] {dag.py:3047} INFO - Sync 1 DAGs
[2024-03-12T10:01:57.648+0000] {logging_mixin.py:188} INFO - [2024-03-12T10:01:57.648+0000] {dag.py:3834} INFO - Setting next_dagrun for example_task_group_decorator to 2024-03-11 00:00:00+00:00, run_after=2024-03-12 00:00:00+00:00
[2024-03-12T10:01:57.687+0000] {processor.py:183} INFO - Processing /usr/local/lib/python3.10/dist-packages/airflow/example_dags/example_task_group_decorator.py took 0.112 seconds
[2024-03-12T10:02:40.959+0000] {processor.py:161} INFO - Started process (PID=16453) to work on /usr/local/lib/python3.10/dist-packages/airflow/example_dags/example_task_group_decorator.py
[2024-03-12T10:02:40.960+0000] {processor.py:830} INFO - Processing file /usr/local/lib/python3.10/dist-packages/airflow/example_dags/example_task_group_decorator.py for tasks to queue
[2024-03-12T10:02:40.962+0000] {logging_mixin.py:188} INFO - [2024-03-12T10:02:40.961+0000] {dagbag.py:540} INFO - Filling up the DagBag from /usr/local/lib/python3.10/dist-packages/airflow/example_dags/example_task_group_decorator.py
[2024-03-12T10:02:40.983+0000] {processor.py:840} INFO - DAG(s) 'example_task_group_decorator' retrieved from /usr/local/lib/python3.10/dist-packages/airflow/example_dags/example_task_group_decorator.py
[2024-03-12T10:02:41.015+0000] {logging_mixin.py:188} INFO - [2024-03-12T10:02:41.015+0000] {dag.py:3047} INFO - Sync 1 DAGs
[2024-03-12T10:02:41.043+0000] {logging_mixin.py:188} INFO - [2024-03-12T10:02:41.042+0000] {dag.py:3834} INFO - Setting next_dagrun for example_task_group_decorator to 2024-03-11 00:00:00+00:00, run_after=2024-03-12 00:00:00+00:00
[2024-03-12T10:02:41.072+0000] {processor.py:183} INFO - Processing /usr/local/lib/python3.10/dist-packages/airflow/example_dags/example_task_group_decorator.py took 0.120 seconds
[2024-03-12T10:03:20.407+0000] {processor.py:161} INFO - Started process (PID=16495) to work on /usr/local/lib/python3.10/dist-packages/airflow/example_dags/example_task_group_decorator.py
[2024-03-12T10:03:20.408+0000] {processor.py:830} INFO - Processing file /usr/local/lib/python3.10/dist-packages/airflow/example_dags/example_task_group_decorator.py for tasks to queue
[2024-03-12T10:03:20.410+0000] {logging_mixin.py:188} INFO - [2024-03-12T10:03:20.409+0000] {dagbag.py:540} INFO - Filling up the DagBag from /usr/local/lib/python3.10/dist-packages/airflow/example_dags/example_task_group_decorator.py
[2024-03-12T10:03:20.428+0000] {processor.py:840} INFO - DAG(s) 'example_task_group_decorator' retrieved from /usr/local/lib/python3.10/dist-packages/airflow/example_dags/example_task_group_decorator.py
[2024-03-12T10:03:20.452+0000] {logging_mixin.py:188} INFO - [2024-03-12T10:03:20.452+0000] {dag.py:3047} INFO - Sync 1 DAGs
[2024-03-12T10:03:20.482+0000] {logging_mixin.py:188} INFO - [2024-03-12T10:03:20.482+0000] {dag.py:3834} INFO - Setting next_dagrun for example_task_group_decorator to 2024-03-11 00:00:00+00:00, run_after=2024-03-12 00:00:00+00:00
[2024-03-12T10:03:20.525+0000] {processor.py:183} INFO - Processing /usr/local/lib/python3.10/dist-packages/airflow/example_dags/example_task_group_decorator.py took 0.123 seconds
[2024-03-12T10:04:03.176+0000] {processor.py:161} INFO - Started process (PID=16537) to work on /usr/local/lib/python3.10/dist-packages/airflow/example_dags/example_task_group_decorator.py
[2024-03-12T10:04:03.178+0000] {processor.py:830} INFO - Processing file /usr/local/lib/python3.10/dist-packages/airflow/example_dags/example_task_group_decorator.py for tasks to queue
[2024-03-12T10:04:03.179+0000] {logging_mixin.py:188} INFO - [2024-03-12T10:04:03.179+0000] {dagbag.py:540} INFO - Filling up the DagBag from /usr/local/lib/python3.10/dist-packages/airflow/example_dags/example_task_group_decorator.py
[2024-03-12T10:04:03.202+0000] {processor.py:840} INFO - DAG(s) 'example_task_group_decorator' retrieved from /usr/local/lib/python3.10/dist-packages/airflow/example_dags/example_task_group_decorator.py
[2024-03-12T10:04:03.251+0000] {logging_mixin.py:188} INFO - [2024-03-12T10:04:03.250+0000] {dag.py:3047} INFO - Sync 1 DAGs
[2024-03-12T10:04:03.290+0000] {logging_mixin.py:188} INFO - [2024-03-12T10:04:03.290+0000] {dag.py:3834} INFO - Setting next_dagrun for example_task_group_decorator to 2024-03-11 00:00:00+00:00, run_after=2024-03-12 00:00:00+00:00
[2024-03-12T10:04:03.324+0000] {processor.py:183} INFO - Processing /usr/local/lib/python3.10/dist-packages/airflow/example_dags/example_task_group_decorator.py took 0.152 seconds
[2024-03-12T10:04:43.553+0000] {processor.py:161} INFO - Started process (PID=16578) to work on /usr/local/lib/python3.10/dist-packages/airflow/example_dags/example_task_group_decorator.py
[2024-03-12T10:04:43.554+0000] {processor.py:830} INFO - Processing file /usr/local/lib/python3.10/dist-packages/airflow/example_dags/example_task_group_decorator.py for tasks to queue
[2024-03-12T10:04:43.556+0000] {logging_mixin.py:188} INFO - [2024-03-12T10:04:43.555+0000] {dagbag.py:540} INFO - Filling up the DagBag from /usr/local/lib/python3.10/dist-packages/airflow/example_dags/example_task_group_decorator.py
[2024-03-12T10:04:43.577+0000] {processor.py:840} INFO - DAG(s) 'example_task_group_decorator' retrieved from /usr/local/lib/python3.10/dist-packages/airflow/example_dags/example_task_group_decorator.py
[2024-03-12T10:04:43.599+0000] {logging_mixin.py:188} INFO - [2024-03-12T10:04:43.599+0000] {dag.py:3047} INFO - Sync 1 DAGs
[2024-03-12T10:04:43.628+0000] {logging_mixin.py:188} INFO - [2024-03-12T10:04:43.627+0000] {dag.py:3834} INFO - Setting next_dagrun for example_task_group_decorator to 2024-03-11 00:00:00+00:00, run_after=2024-03-12 00:00:00+00:00
[2024-03-12T10:04:43.668+0000] {processor.py:183} INFO - Processing /usr/local/lib/python3.10/dist-packages/airflow/example_dags/example_task_group_decorator.py took 0.122 seconds
