[2024-03-12T09:22:52.061+0000] {processor.py:161} INFO - Started process (PID=14015) to work on /usr/local/lib/python3.10/dist-packages/airflow/example_dags/example_sensor_decorator.py
[2024-03-12T09:22:52.062+0000] {processor.py:830} INFO - Processing file /usr/local/lib/python3.10/dist-packages/airflow/example_dags/example_sensor_decorator.py for tasks to queue
[2024-03-12T09:22:52.063+0000] {logging_mixin.py:188} INFO - [2024-03-12T09:22:52.063+0000] {dagbag.py:540} INFO - Filling up the DagBag from /usr/local/lib/python3.10/dist-packages/airflow/example_dags/example_sensor_decorator.py
[2024-03-12T09:22:52.071+0000] {processor.py:840} INFO - DAG(s) 'example_sensor_decorator' retrieved from /usr/local/lib/python3.10/dist-packages/airflow/example_dags/example_sensor_decorator.py
[2024-03-12T09:22:52.192+0000] {logging_mixin.py:188} INFO - [2024-03-12T09:22:52.192+0000] {dag.py:3047} INFO - Sync 1 DAGs
[2024-03-12T09:22:52.355+0000] {logging_mixin.py:188} INFO - [2024-03-12T09:22:52.354+0000] {dag.py:3834} INFO - Setting next_dagrun for example_sensor_decorator to None, run_after=None
[2024-03-12T09:22:52.381+0000] {processor.py:183} INFO - Processing /usr/local/lib/python3.10/dist-packages/airflow/example_dags/example_sensor_decorator.py took 0.327 seconds
[2024-03-12T09:23:55.072+0000] {processor.py:161} INFO - Started process (PID=14070) to work on /usr/local/lib/python3.10/dist-packages/airflow/example_dags/example_sensor_decorator.py
[2024-03-12T09:23:55.074+0000] {processor.py:830} INFO - Processing file /usr/local/lib/python3.10/dist-packages/airflow/example_dags/example_sensor_decorator.py for tasks to queue
[2024-03-12T09:23:55.075+0000] {logging_mixin.py:188} INFO - [2024-03-12T09:23:55.075+0000] {dagbag.py:540} INFO - Filling up the DagBag from /usr/local/lib/python3.10/dist-packages/airflow/example_dags/example_sensor_decorator.py
[2024-03-12T09:23:55.084+0000] {processor.py:840} INFO - DAG(s) 'example_sensor_decorator' retrieved from /usr/local/lib/python3.10/dist-packages/airflow/example_dags/example_sensor_decorator.py
[2024-03-12T09:23:55.105+0000] {logging_mixin.py:188} INFO - [2024-03-12T09:23:55.105+0000] {dag.py:3047} INFO - Sync 1 DAGs
[2024-03-12T09:23:55.120+0000] {logging_mixin.py:188} INFO - [2024-03-12T09:23:55.120+0000] {dag.py:3834} INFO - Setting next_dagrun for example_sensor_decorator to None, run_after=None
[2024-03-12T09:23:55.151+0000] {processor.py:183} INFO - Processing /usr/local/lib/python3.10/dist-packages/airflow/example_dags/example_sensor_decorator.py took 0.082 seconds
[2024-03-12T09:24:48.085+0000] {processor.py:161} INFO - Started process (PID=14119) to work on /usr/local/lib/python3.10/dist-packages/airflow/example_dags/example_sensor_decorator.py
[2024-03-12T09:24:48.088+0000] {processor.py:830} INFO - Processing file /usr/local/lib/python3.10/dist-packages/airflow/example_dags/example_sensor_decorator.py for tasks to queue
[2024-03-12T09:24:48.089+0000] {logging_mixin.py:188} INFO - [2024-03-12T09:24:48.089+0000] {dagbag.py:540} INFO - Filling up the DagBag from /usr/local/lib/python3.10/dist-packages/airflow/example_dags/example_sensor_decorator.py
[2024-03-12T09:24:48.098+0000] {processor.py:840} INFO - DAG(s) 'example_sensor_decorator' retrieved from /usr/local/lib/python3.10/dist-packages/airflow/example_dags/example_sensor_decorator.py
[2024-03-12T09:24:48.307+0000] {logging_mixin.py:188} INFO - [2024-03-12T09:24:48.307+0000] {dag.py:3047} INFO - Sync 1 DAGs
[2024-03-12T09:24:48.320+0000] {logging_mixin.py:188} INFO - [2024-03-12T09:24:48.320+0000] {dag.py:3834} INFO - Setting next_dagrun for example_sensor_decorator to None, run_after=None
[2024-03-12T09:24:48.345+0000] {processor.py:183} INFO - Processing /usr/local/lib/python3.10/dist-packages/airflow/example_dags/example_sensor_decorator.py took 0.264 seconds
[2024-03-12T09:25:42.003+0000] {processor.py:161} INFO - Started process (PID=14168) to work on /usr/local/lib/python3.10/dist-packages/airflow/example_dags/example_sensor_decorator.py
[2024-03-12T09:25:42.006+0000] {processor.py:830} INFO - Processing file /usr/local/lib/python3.10/dist-packages/airflow/example_dags/example_sensor_decorator.py for tasks to queue
[2024-03-12T09:25:42.009+0000] {logging_mixin.py:188} INFO - [2024-03-12T09:25:42.007+0000] {dagbag.py:540} INFO - Filling up the DagBag from /usr/local/lib/python3.10/dist-packages/airflow/example_dags/example_sensor_decorator.py
[2024-03-12T09:25:42.020+0000] {processor.py:840} INFO - DAG(s) 'example_sensor_decorator' retrieved from /usr/local/lib/python3.10/dist-packages/airflow/example_dags/example_sensor_decorator.py
[2024-03-12T09:25:42.049+0000] {logging_mixin.py:188} INFO - [2024-03-12T09:25:42.049+0000] {dag.py:3047} INFO - Sync 1 DAGs
[2024-03-12T09:25:42.061+0000] {logging_mixin.py:188} INFO - [2024-03-12T09:25:42.061+0000] {dag.py:3834} INFO - Setting next_dagrun for example_sensor_decorator to None, run_after=None
[2024-03-12T09:25:42.087+0000] {processor.py:183} INFO - Processing /usr/local/lib/python3.10/dist-packages/airflow/example_dags/example_sensor_decorator.py took 0.094 seconds
[2024-03-12T09:26:40.493+0000] {processor.py:161} INFO - Started process (PID=14227) to work on /usr/local/lib/python3.10/dist-packages/airflow/example_dags/example_sensor_decorator.py
[2024-03-12T09:26:40.495+0000] {processor.py:830} INFO - Processing file /usr/local/lib/python3.10/dist-packages/airflow/example_dags/example_sensor_decorator.py for tasks to queue
[2024-03-12T09:26:40.498+0000] {logging_mixin.py:188} INFO - [2024-03-12T09:26:40.497+0000] {dagbag.py:540} INFO - Filling up the DagBag from /usr/local/lib/python3.10/dist-packages/airflow/example_dags/example_sensor_decorator.py
[2024-03-12T09:26:40.516+0000] {processor.py:840} INFO - DAG(s) 'example_sensor_decorator' retrieved from /usr/local/lib/python3.10/dist-packages/airflow/example_dags/example_sensor_decorator.py
[2024-03-12T09:26:40.543+0000] {logging_mixin.py:188} INFO - [2024-03-12T09:26:40.543+0000] {dag.py:3047} INFO - Sync 1 DAGs
[2024-03-12T09:26:40.565+0000] {logging_mixin.py:188} INFO - [2024-03-12T09:26:40.565+0000] {dag.py:3834} INFO - Setting next_dagrun for example_sensor_decorator to None, run_after=None
[2024-03-12T09:26:40.603+0000] {processor.py:183} INFO - Processing /usr/local/lib/python3.10/dist-packages/airflow/example_dags/example_sensor_decorator.py took 0.116 seconds
[2024-03-12T09:27:44.921+0000] {processor.py:161} INFO - Started process (PID=14291) to work on /usr/local/lib/python3.10/dist-packages/airflow/example_dags/example_sensor_decorator.py
[2024-03-12T09:27:44.923+0000] {processor.py:830} INFO - Processing file /usr/local/lib/python3.10/dist-packages/airflow/example_dags/example_sensor_decorator.py for tasks to queue
[2024-03-12T09:27:44.924+0000] {logging_mixin.py:188} INFO - [2024-03-12T09:27:44.923+0000] {dagbag.py:540} INFO - Filling up the DagBag from /usr/local/lib/python3.10/dist-packages/airflow/example_dags/example_sensor_decorator.py
[2024-03-12T09:27:44.933+0000] {processor.py:840} INFO - DAG(s) 'example_sensor_decorator' retrieved from /usr/local/lib/python3.10/dist-packages/airflow/example_dags/example_sensor_decorator.py
[2024-03-12T09:27:44.965+0000] {logging_mixin.py:188} INFO - [2024-03-12T09:27:44.965+0000] {dag.py:3047} INFO - Sync 1 DAGs
[2024-03-12T09:27:44.982+0000] {logging_mixin.py:188} INFO - [2024-03-12T09:27:44.981+0000] {dag.py:3834} INFO - Setting next_dagrun for example_sensor_decorator to None, run_after=None
[2024-03-12T09:27:45.033+0000] {processor.py:183} INFO - Processing /usr/local/lib/python3.10/dist-packages/airflow/example_dags/example_sensor_decorator.py took 0.116 seconds
[2024-03-12T09:28:44.589+0000] {processor.py:161} INFO - Started process (PID=14350) to work on /usr/local/lib/python3.10/dist-packages/airflow/example_dags/example_sensor_decorator.py
[2024-03-12T09:28:44.592+0000] {processor.py:830} INFO - Processing file /usr/local/lib/python3.10/dist-packages/airflow/example_dags/example_sensor_decorator.py for tasks to queue
[2024-03-12T09:28:44.593+0000] {logging_mixin.py:188} INFO - [2024-03-12T09:28:44.592+0000] {dagbag.py:540} INFO - Filling up the DagBag from /usr/local/lib/python3.10/dist-packages/airflow/example_dags/example_sensor_decorator.py
[2024-03-12T09:28:44.600+0000] {processor.py:840} INFO - DAG(s) 'example_sensor_decorator' retrieved from /usr/local/lib/python3.10/dist-packages/airflow/example_dags/example_sensor_decorator.py
[2024-03-12T09:28:44.623+0000] {logging_mixin.py:188} INFO - [2024-03-12T09:28:44.623+0000] {dag.py:3047} INFO - Sync 1 DAGs
[2024-03-12T09:28:44.636+0000] {logging_mixin.py:188} INFO - [2024-03-12T09:28:44.635+0000] {dag.py:3834} INFO - Setting next_dagrun for example_sensor_decorator to None, run_after=None
[2024-03-12T09:28:44.665+0000] {processor.py:183} INFO - Processing /usr/local/lib/python3.10/dist-packages/airflow/example_dags/example_sensor_decorator.py took 0.079 seconds
[2024-03-12T09:29:44.526+0000] {processor.py:161} INFO - Started process (PID=14410) to work on /usr/local/lib/python3.10/dist-packages/airflow/example_dags/example_sensor_decorator.py
[2024-03-12T09:29:44.528+0000] {processor.py:830} INFO - Processing file /usr/local/lib/python3.10/dist-packages/airflow/example_dags/example_sensor_decorator.py for tasks to queue
[2024-03-12T09:29:44.529+0000] {logging_mixin.py:188} INFO - [2024-03-12T09:29:44.528+0000] {dagbag.py:540} INFO - Filling up the DagBag from /usr/local/lib/python3.10/dist-packages/airflow/example_dags/example_sensor_decorator.py
[2024-03-12T09:29:44.535+0000] {processor.py:840} INFO - DAG(s) 'example_sensor_decorator' retrieved from /usr/local/lib/python3.10/dist-packages/airflow/example_dags/example_sensor_decorator.py
[2024-03-12T09:29:44.556+0000] {logging_mixin.py:188} INFO - [2024-03-12T09:29:44.556+0000] {dag.py:3047} INFO - Sync 1 DAGs
[2024-03-12T09:29:44.567+0000] {logging_mixin.py:188} INFO - [2024-03-12T09:29:44.567+0000] {dag.py:3834} INFO - Setting next_dagrun for example_sensor_decorator to None, run_after=None
[2024-03-12T09:29:44.589+0000] {processor.py:183} INFO - Processing /usr/local/lib/python3.10/dist-packages/airflow/example_dags/example_sensor_decorator.py took 0.067 seconds
[2024-03-12T09:30:46.719+0000] {processor.py:161} INFO - Started process (PID=14470) to work on /usr/local/lib/python3.10/dist-packages/airflow/example_dags/example_sensor_decorator.py
[2024-03-12T09:30:46.721+0000] {processor.py:830} INFO - Processing file /usr/local/lib/python3.10/dist-packages/airflow/example_dags/example_sensor_decorator.py for tasks to queue
[2024-03-12T09:30:46.723+0000] {logging_mixin.py:188} INFO - [2024-03-12T09:30:46.723+0000] {dagbag.py:540} INFO - Filling up the DagBag from /usr/local/lib/python3.10/dist-packages/airflow/example_dags/example_sensor_decorator.py
[2024-03-12T09:30:46.731+0000] {processor.py:840} INFO - DAG(s) 'example_sensor_decorator' retrieved from /usr/local/lib/python3.10/dist-packages/airflow/example_dags/example_sensor_decorator.py
[2024-03-12T09:30:46.751+0000] {logging_mixin.py:188} INFO - [2024-03-12T09:30:46.750+0000] {dag.py:3047} INFO - Sync 1 DAGs
[2024-03-12T09:30:46.772+0000] {logging_mixin.py:188} INFO - [2024-03-12T09:30:46.772+0000] {dag.py:3834} INFO - Setting next_dagrun for example_sensor_decorator to None, run_after=None
[2024-03-12T09:30:46.815+0000] {processor.py:183} INFO - Processing /usr/local/lib/python3.10/dist-packages/airflow/example_dags/example_sensor_decorator.py took 0.100 seconds
[2024-03-12T09:31:50.009+0000] {processor.py:161} INFO - Started process (PID=14531) to work on /usr/local/lib/python3.10/dist-packages/airflow/example_dags/example_sensor_decorator.py
[2024-03-12T09:31:50.011+0000] {processor.py:830} INFO - Processing file /usr/local/lib/python3.10/dist-packages/airflow/example_dags/example_sensor_decorator.py for tasks to queue
[2024-03-12T09:31:50.014+0000] {logging_mixin.py:188} INFO - [2024-03-12T09:31:50.013+0000] {dagbag.py:540} INFO - Filling up the DagBag from /usr/local/lib/python3.10/dist-packages/airflow/example_dags/example_sensor_decorator.py
[2024-03-12T09:31:50.036+0000] {processor.py:840} INFO - DAG(s) 'example_sensor_decorator' retrieved from /usr/local/lib/python3.10/dist-packages/airflow/example_dags/example_sensor_decorator.py
[2024-03-12T09:31:50.074+0000] {logging_mixin.py:188} INFO - [2024-03-12T09:31:50.074+0000] {dag.py:3047} INFO - Sync 1 DAGs
[2024-03-12T09:31:50.097+0000] {logging_mixin.py:188} INFO - [2024-03-12T09:31:50.096+0000] {dag.py:3834} INFO - Setting next_dagrun for example_sensor_decorator to None, run_after=None
[2024-03-12T09:31:50.163+0000] {processor.py:183} INFO - Processing /usr/local/lib/python3.10/dist-packages/airflow/example_dags/example_sensor_decorator.py took 0.171 seconds
[2024-03-12T09:32:55.378+0000] {processor.py:161} INFO - Started process (PID=14594) to work on /usr/local/lib/python3.10/dist-packages/airflow/example_dags/example_sensor_decorator.py
[2024-03-12T09:32:55.380+0000] {processor.py:830} INFO - Processing file /usr/local/lib/python3.10/dist-packages/airflow/example_dags/example_sensor_decorator.py for tasks to queue
[2024-03-12T09:32:55.381+0000] {logging_mixin.py:188} INFO - [2024-03-12T09:32:55.381+0000] {dagbag.py:540} INFO - Filling up the DagBag from /usr/local/lib/python3.10/dist-packages/airflow/example_dags/example_sensor_decorator.py
[2024-03-12T09:32:55.390+0000] {processor.py:840} INFO - DAG(s) 'example_sensor_decorator' retrieved from /usr/local/lib/python3.10/dist-packages/airflow/example_dags/example_sensor_decorator.py
[2024-03-12T09:32:55.429+0000] {logging_mixin.py:188} INFO - [2024-03-12T09:32:55.428+0000] {dag.py:3047} INFO - Sync 1 DAGs
[2024-03-12T09:32:55.450+0000] {logging_mixin.py:188} INFO - [2024-03-12T09:32:55.450+0000] {dag.py:3834} INFO - Setting next_dagrun for example_sensor_decorator to None, run_after=None
[2024-03-12T09:32:55.483+0000] {processor.py:183} INFO - Processing /usr/local/lib/python3.10/dist-packages/airflow/example_dags/example_sensor_decorator.py took 0.108 seconds
[2024-03-12T09:34:00.537+0000] {processor.py:161} INFO - Started process (PID=14658) to work on /usr/local/lib/python3.10/dist-packages/airflow/example_dags/example_sensor_decorator.py
[2024-03-12T09:34:00.540+0000] {processor.py:830} INFO - Processing file /usr/local/lib/python3.10/dist-packages/airflow/example_dags/example_sensor_decorator.py for tasks to queue
[2024-03-12T09:34:00.541+0000] {logging_mixin.py:188} INFO - [2024-03-12T09:34:00.540+0000] {dagbag.py:540} INFO - Filling up the DagBag from /usr/local/lib/python3.10/dist-packages/airflow/example_dags/example_sensor_decorator.py
[2024-03-12T09:34:00.553+0000] {processor.py:840} INFO - DAG(s) 'example_sensor_decorator' retrieved from /usr/local/lib/python3.10/dist-packages/airflow/example_dags/example_sensor_decorator.py
[2024-03-12T09:34:00.590+0000] {logging_mixin.py:188} INFO - [2024-03-12T09:34:00.589+0000] {dag.py:3047} INFO - Sync 1 DAGs
[2024-03-12T09:34:00.609+0000] {logging_mixin.py:188} INFO - [2024-03-12T09:34:00.609+0000] {dag.py:3834} INFO - Setting next_dagrun for example_sensor_decorator to None, run_after=None
[2024-03-12T09:34:00.642+0000] {processor.py:183} INFO - Processing /usr/local/lib/python3.10/dist-packages/airflow/example_dags/example_sensor_decorator.py took 0.110 seconds
[2024-03-12T09:35:05.759+0000] {processor.py:161} INFO - Started process (PID=14719) to work on /usr/local/lib/python3.10/dist-packages/airflow/example_dags/example_sensor_decorator.py
[2024-03-12T09:35:05.764+0000] {processor.py:830} INFO - Processing file /usr/local/lib/python3.10/dist-packages/airflow/example_dags/example_sensor_decorator.py for tasks to queue
[2024-03-12T09:35:05.767+0000] {logging_mixin.py:188} INFO - [2024-03-12T09:35:05.765+0000] {dagbag.py:540} INFO - Filling up the DagBag from /usr/local/lib/python3.10/dist-packages/airflow/example_dags/example_sensor_decorator.py
[2024-03-12T09:35:05.782+0000] {processor.py:840} INFO - DAG(s) 'example_sensor_decorator' retrieved from /usr/local/lib/python3.10/dist-packages/airflow/example_dags/example_sensor_decorator.py
[2024-03-12T09:35:05.827+0000] {logging_mixin.py:188} INFO - [2024-03-12T09:35:05.826+0000] {dag.py:3047} INFO - Sync 1 DAGs
[2024-03-12T09:35:05.843+0000] {logging_mixin.py:188} INFO - [2024-03-12T09:35:05.843+0000] {dag.py:3834} INFO - Setting next_dagrun for example_sensor_decorator to None, run_after=None
[2024-03-12T09:35:05.877+0000] {processor.py:183} INFO - Processing /usr/local/lib/python3.10/dist-packages/airflow/example_dags/example_sensor_decorator.py took 0.130 seconds
[2024-03-12T09:36:10.385+0000] {processor.py:161} INFO - Started process (PID=14782) to work on /usr/local/lib/python3.10/dist-packages/airflow/example_dags/example_sensor_decorator.py
[2024-03-12T09:36:10.386+0000] {processor.py:830} INFO - Processing file /usr/local/lib/python3.10/dist-packages/airflow/example_dags/example_sensor_decorator.py for tasks to queue
[2024-03-12T09:36:10.387+0000] {logging_mixin.py:188} INFO - [2024-03-12T09:36:10.387+0000] {dagbag.py:540} INFO - Filling up the DagBag from /usr/local/lib/python3.10/dist-packages/airflow/example_dags/example_sensor_decorator.py
[2024-03-12T09:36:10.399+0000] {processor.py:840} INFO - DAG(s) 'example_sensor_decorator' retrieved from /usr/local/lib/python3.10/dist-packages/airflow/example_dags/example_sensor_decorator.py
[2024-03-12T09:36:10.444+0000] {logging_mixin.py:188} INFO - [2024-03-12T09:36:10.443+0000] {dag.py:3047} INFO - Sync 1 DAGs
[2024-03-12T09:36:10.474+0000] {logging_mixin.py:188} INFO - [2024-03-12T09:36:10.474+0000] {dag.py:3834} INFO - Setting next_dagrun for example_sensor_decorator to None, run_after=None
[2024-03-12T09:36:10.514+0000] {processor.py:183} INFO - Processing /usr/local/lib/python3.10/dist-packages/airflow/example_dags/example_sensor_decorator.py took 0.133 seconds
[2024-03-12T09:37:13.422+0000] {processor.py:161} INFO - Started process (PID=14843) to work on /usr/local/lib/python3.10/dist-packages/airflow/example_dags/example_sensor_decorator.py
[2024-03-12T09:37:13.425+0000] {processor.py:830} INFO - Processing file /usr/local/lib/python3.10/dist-packages/airflow/example_dags/example_sensor_decorator.py for tasks to queue
[2024-03-12T09:37:13.427+0000] {logging_mixin.py:188} INFO - [2024-03-12T09:37:13.426+0000] {dagbag.py:540} INFO - Filling up the DagBag from /usr/local/lib/python3.10/dist-packages/airflow/example_dags/example_sensor_decorator.py
[2024-03-12T09:37:13.437+0000] {processor.py:840} INFO - DAG(s) 'example_sensor_decorator' retrieved from /usr/local/lib/python3.10/dist-packages/airflow/example_dags/example_sensor_decorator.py
[2024-03-12T09:37:13.460+0000] {logging_mixin.py:188} INFO - [2024-03-12T09:37:13.460+0000] {dag.py:3047} INFO - Sync 1 DAGs
[2024-03-12T09:37:13.478+0000] {logging_mixin.py:188} INFO - [2024-03-12T09:37:13.478+0000] {dag.py:3834} INFO - Setting next_dagrun for example_sensor_decorator to None, run_after=None
[2024-03-12T09:37:13.511+0000] {processor.py:183} INFO - Processing /usr/local/lib/python3.10/dist-packages/airflow/example_dags/example_sensor_decorator.py took 0.098 seconds
[2024-03-12T09:38:15.861+0000] {processor.py:161} INFO - Started process (PID=14904) to work on /usr/local/lib/python3.10/dist-packages/airflow/example_dags/example_sensor_decorator.py
[2024-03-12T09:38:15.863+0000] {processor.py:830} INFO - Processing file /usr/local/lib/python3.10/dist-packages/airflow/example_dags/example_sensor_decorator.py for tasks to queue
[2024-03-12T09:38:15.864+0000] {logging_mixin.py:188} INFO - [2024-03-12T09:38:15.864+0000] {dagbag.py:540} INFO - Filling up the DagBag from /usr/local/lib/python3.10/dist-packages/airflow/example_dags/example_sensor_decorator.py
[2024-03-12T09:38:15.873+0000] {processor.py:840} INFO - DAG(s) 'example_sensor_decorator' retrieved from /usr/local/lib/python3.10/dist-packages/airflow/example_dags/example_sensor_decorator.py
[2024-03-12T09:38:15.893+0000] {logging_mixin.py:188} INFO - [2024-03-12T09:38:15.893+0000] {dag.py:3047} INFO - Sync 1 DAGs
[2024-03-12T09:38:15.907+0000] {logging_mixin.py:188} INFO - [2024-03-12T09:38:15.906+0000] {dag.py:3834} INFO - Setting next_dagrun for example_sensor_decorator to None, run_after=None
[2024-03-12T09:38:15.936+0000] {processor.py:183} INFO - Processing /usr/local/lib/python3.10/dist-packages/airflow/example_dags/example_sensor_decorator.py took 0.079 seconds
[2024-03-12T09:39:19.399+0000] {processor.py:161} INFO - Started process (PID=14965) to work on /usr/local/lib/python3.10/dist-packages/airflow/example_dags/example_sensor_decorator.py
[2024-03-12T09:39:19.401+0000] {processor.py:830} INFO - Processing file /usr/local/lib/python3.10/dist-packages/airflow/example_dags/example_sensor_decorator.py for tasks to queue
[2024-03-12T09:39:19.402+0000] {logging_mixin.py:188} INFO - [2024-03-12T09:39:19.402+0000] {dagbag.py:540} INFO - Filling up the DagBag from /usr/local/lib/python3.10/dist-packages/airflow/example_dags/example_sensor_decorator.py
[2024-03-12T09:39:19.413+0000] {processor.py:840} INFO - DAG(s) 'example_sensor_decorator' retrieved from /usr/local/lib/python3.10/dist-packages/airflow/example_dags/example_sensor_decorator.py
[2024-03-12T09:39:19.441+0000] {logging_mixin.py:188} INFO - [2024-03-12T09:39:19.440+0000] {dag.py:3047} INFO - Sync 1 DAGs
[2024-03-12T09:39:19.456+0000] {logging_mixin.py:188} INFO - [2024-03-12T09:39:19.456+0000] {dag.py:3834} INFO - Setting next_dagrun for example_sensor_decorator to None, run_after=None
[2024-03-12T09:39:19.482+0000] {processor.py:183} INFO - Processing /usr/local/lib/python3.10/dist-packages/airflow/example_dags/example_sensor_decorator.py took 0.091 seconds
[2024-03-12T09:40:24.804+0000] {processor.py:161} INFO - Started process (PID=15027) to work on /usr/local/lib/python3.10/dist-packages/airflow/example_dags/example_sensor_decorator.py
[2024-03-12T09:40:24.806+0000] {processor.py:830} INFO - Processing file /usr/local/lib/python3.10/dist-packages/airflow/example_dags/example_sensor_decorator.py for tasks to queue
[2024-03-12T09:40:24.807+0000] {logging_mixin.py:188} INFO - [2024-03-12T09:40:24.806+0000] {dagbag.py:540} INFO - Filling up the DagBag from /usr/local/lib/python3.10/dist-packages/airflow/example_dags/example_sensor_decorator.py
[2024-03-12T09:40:24.814+0000] {processor.py:840} INFO - DAG(s) 'example_sensor_decorator' retrieved from /usr/local/lib/python3.10/dist-packages/airflow/example_dags/example_sensor_decorator.py
[2024-03-12T09:40:24.834+0000] {logging_mixin.py:188} INFO - [2024-03-12T09:40:24.834+0000] {dag.py:3047} INFO - Sync 1 DAGs
[2024-03-12T09:40:24.848+0000] {logging_mixin.py:188} INFO - [2024-03-12T09:40:24.848+0000] {dag.py:3834} INFO - Setting next_dagrun for example_sensor_decorator to None, run_after=None
[2024-03-12T09:40:24.880+0000] {processor.py:183} INFO - Processing /usr/local/lib/python3.10/dist-packages/airflow/example_dags/example_sensor_decorator.py took 0.089 seconds
[2024-03-12T09:41:27.991+0000] {processor.py:161} INFO - Started process (PID=15089) to work on /usr/local/lib/python3.10/dist-packages/airflow/example_dags/example_sensor_decorator.py
[2024-03-12T09:41:27.992+0000] {processor.py:830} INFO - Processing file /usr/local/lib/python3.10/dist-packages/airflow/example_dags/example_sensor_decorator.py for tasks to queue
[2024-03-12T09:41:27.994+0000] {logging_mixin.py:188} INFO - [2024-03-12T09:41:27.993+0000] {dagbag.py:540} INFO - Filling up the DagBag from /usr/local/lib/python3.10/dist-packages/airflow/example_dags/example_sensor_decorator.py
[2024-03-12T09:41:28.002+0000] {processor.py:840} INFO - DAG(s) 'example_sensor_decorator' retrieved from /usr/local/lib/python3.10/dist-packages/airflow/example_dags/example_sensor_decorator.py
[2024-03-12T09:41:28.024+0000] {logging_mixin.py:188} INFO - [2024-03-12T09:41:28.024+0000] {dag.py:3047} INFO - Sync 1 DAGs
[2024-03-12T09:41:28.039+0000] {logging_mixin.py:188} INFO - [2024-03-12T09:41:28.039+0000] {dag.py:3834} INFO - Setting next_dagrun for example_sensor_decorator to None, run_after=None
[2024-03-12T09:41:28.067+0000] {processor.py:183} INFO - Processing /usr/local/lib/python3.10/dist-packages/airflow/example_dags/example_sensor_decorator.py took 0.082 seconds
[2024-03-12T09:42:29.501+0000] {processor.py:161} INFO - Started process (PID=15152) to work on /usr/local/lib/python3.10/dist-packages/airflow/example_dags/example_sensor_decorator.py
[2024-03-12T09:42:29.505+0000] {processor.py:830} INFO - Processing file /usr/local/lib/python3.10/dist-packages/airflow/example_dags/example_sensor_decorator.py for tasks to queue
[2024-03-12T09:42:29.506+0000] {logging_mixin.py:188} INFO - [2024-03-12T09:42:29.505+0000] {dagbag.py:540} INFO - Filling up the DagBag from /usr/local/lib/python3.10/dist-packages/airflow/example_dags/example_sensor_decorator.py
[2024-03-12T09:42:29.514+0000] {processor.py:840} INFO - DAG(s) 'example_sensor_decorator' retrieved from /usr/local/lib/python3.10/dist-packages/airflow/example_dags/example_sensor_decorator.py
[2024-03-12T09:42:29.536+0000] {logging_mixin.py:188} INFO - [2024-03-12T09:42:29.536+0000] {dag.py:3047} INFO - Sync 1 DAGs
[2024-03-12T09:42:29.555+0000] {logging_mixin.py:188} INFO - [2024-03-12T09:42:29.555+0000] {dag.py:3834} INFO - Setting next_dagrun for example_sensor_decorator to None, run_after=None
[2024-03-12T09:42:29.610+0000] {processor.py:183} INFO - Processing /usr/local/lib/python3.10/dist-packages/airflow/example_dags/example_sensor_decorator.py took 0.113 seconds
[2024-03-12T09:43:29.234+0000] {processor.py:161} INFO - Started process (PID=15283) to work on /usr/local/lib/python3.10/dist-packages/airflow/example_dags/example_sensor_decorator.py
[2024-03-12T09:43:29.235+0000] {processor.py:830} INFO - Processing file /usr/local/lib/python3.10/dist-packages/airflow/example_dags/example_sensor_decorator.py for tasks to queue
[2024-03-12T09:43:29.236+0000] {logging_mixin.py:188} INFO - [2024-03-12T09:43:29.236+0000] {dagbag.py:540} INFO - Filling up the DagBag from /usr/local/lib/python3.10/dist-packages/airflow/example_dags/example_sensor_decorator.py
[2024-03-12T09:43:29.246+0000] {processor.py:840} INFO - DAG(s) 'example_sensor_decorator' retrieved from /usr/local/lib/python3.10/dist-packages/airflow/example_dags/example_sensor_decorator.py
[2024-03-12T09:43:29.277+0000] {logging_mixin.py:188} INFO - [2024-03-12T09:43:29.276+0000] {dag.py:3047} INFO - Sync 1 DAGs
[2024-03-12T09:43:29.291+0000] {logging_mixin.py:188} INFO - [2024-03-12T09:43:29.290+0000] {dag.py:3834} INFO - Setting next_dagrun for example_sensor_decorator to None, run_after=None
[2024-03-12T09:43:29.321+0000] {processor.py:183} INFO - Processing /usr/local/lib/python3.10/dist-packages/airflow/example_dags/example_sensor_decorator.py took 0.091 seconds
[2024-03-12T09:44:34.846+0000] {processor.py:161} INFO - Started process (PID=15360) to work on /usr/local/lib/python3.10/dist-packages/airflow/example_dags/example_sensor_decorator.py
[2024-03-12T09:44:34.849+0000] {processor.py:830} INFO - Processing file /usr/local/lib/python3.10/dist-packages/airflow/example_dags/example_sensor_decorator.py for tasks to queue
[2024-03-12T09:44:34.850+0000] {logging_mixin.py:188} INFO - [2024-03-12T09:44:34.849+0000] {dagbag.py:540} INFO - Filling up the DagBag from /usr/local/lib/python3.10/dist-packages/airflow/example_dags/example_sensor_decorator.py
[2024-03-12T09:44:34.858+0000] {processor.py:840} INFO - DAG(s) 'example_sensor_decorator' retrieved from /usr/local/lib/python3.10/dist-packages/airflow/example_dags/example_sensor_decorator.py
[2024-03-12T09:44:34.879+0000] {logging_mixin.py:188} INFO - [2024-03-12T09:44:34.879+0000] {dag.py:3047} INFO - Sync 1 DAGs
[2024-03-12T09:44:34.896+0000] {logging_mixin.py:188} INFO - [2024-03-12T09:44:34.896+0000] {dag.py:3834} INFO - Setting next_dagrun for example_sensor_decorator to None, run_after=None
[2024-03-12T09:44:34.925+0000] {processor.py:183} INFO - Processing /usr/local/lib/python3.10/dist-packages/airflow/example_dags/example_sensor_decorator.py took 0.088 seconds
[2024-03-12T09:45:39.845+0000] {processor.py:161} INFO - Started process (PID=15423) to work on /usr/local/lib/python3.10/dist-packages/airflow/example_dags/example_sensor_decorator.py
[2024-03-12T09:45:39.847+0000] {processor.py:830} INFO - Processing file /usr/local/lib/python3.10/dist-packages/airflow/example_dags/example_sensor_decorator.py for tasks to queue
[2024-03-12T09:45:39.848+0000] {logging_mixin.py:188} INFO - [2024-03-12T09:45:39.847+0000] {dagbag.py:540} INFO - Filling up the DagBag from /usr/local/lib/python3.10/dist-packages/airflow/example_dags/example_sensor_decorator.py
[2024-03-12T09:45:39.857+0000] {processor.py:840} INFO - DAG(s) 'example_sensor_decorator' retrieved from /usr/local/lib/python3.10/dist-packages/airflow/example_dags/example_sensor_decorator.py
[2024-03-12T09:45:39.880+0000] {logging_mixin.py:188} INFO - [2024-03-12T09:45:39.879+0000] {dag.py:3047} INFO - Sync 1 DAGs
[2024-03-12T09:45:39.894+0000] {logging_mixin.py:188} INFO - [2024-03-12T09:45:39.894+0000] {dag.py:3834} INFO - Setting next_dagrun for example_sensor_decorator to None, run_after=None
[2024-03-12T09:45:39.920+0000] {processor.py:183} INFO - Processing /usr/local/lib/python3.10/dist-packages/airflow/example_dags/example_sensor_decorator.py took 0.079 seconds
[2024-03-12T09:46:40.920+0000] {processor.py:161} INFO - Started process (PID=15484) to work on /usr/local/lib/python3.10/dist-packages/airflow/example_dags/example_sensor_decorator.py
[2024-03-12T09:46:40.922+0000] {processor.py:830} INFO - Processing file /usr/local/lib/python3.10/dist-packages/airflow/example_dags/example_sensor_decorator.py for tasks to queue
[2024-03-12T09:46:40.923+0000] {logging_mixin.py:188} INFO - [2024-03-12T09:46:40.922+0000] {dagbag.py:540} INFO - Filling up the DagBag from /usr/local/lib/python3.10/dist-packages/airflow/example_dags/example_sensor_decorator.py
[2024-03-12T09:46:40.930+0000] {processor.py:840} INFO - DAG(s) 'example_sensor_decorator' retrieved from /usr/local/lib/python3.10/dist-packages/airflow/example_dags/example_sensor_decorator.py
[2024-03-12T09:46:40.950+0000] {logging_mixin.py:188} INFO - [2024-03-12T09:46:40.950+0000] {dag.py:3047} INFO - Sync 1 DAGs
[2024-03-12T09:46:40.963+0000] {logging_mixin.py:188} INFO - [2024-03-12T09:46:40.963+0000] {dag.py:3834} INFO - Setting next_dagrun for example_sensor_decorator to None, run_after=None
[2024-03-12T09:46:40.991+0000] {processor.py:183} INFO - Processing /usr/local/lib/python3.10/dist-packages/airflow/example_dags/example_sensor_decorator.py took 0.075 seconds
[2024-03-12T09:47:42.055+0000] {processor.py:161} INFO - Started process (PID=15542) to work on /usr/local/lib/python3.10/dist-packages/airflow/example_dags/example_sensor_decorator.py
[2024-03-12T09:47:42.057+0000] {processor.py:830} INFO - Processing file /usr/local/lib/python3.10/dist-packages/airflow/example_dags/example_sensor_decorator.py for tasks to queue
[2024-03-12T09:47:42.059+0000] {logging_mixin.py:188} INFO - [2024-03-12T09:47:42.058+0000] {dagbag.py:540} INFO - Filling up the DagBag from /usr/local/lib/python3.10/dist-packages/airflow/example_dags/example_sensor_decorator.py
[2024-03-12T09:47:42.074+0000] {processor.py:840} INFO - DAG(s) 'example_sensor_decorator' retrieved from /usr/local/lib/python3.10/dist-packages/airflow/example_dags/example_sensor_decorator.py
[2024-03-12T09:47:42.106+0000] {logging_mixin.py:188} INFO - [2024-03-12T09:47:42.106+0000] {dag.py:3047} INFO - Sync 1 DAGs
[2024-03-12T09:47:42.127+0000] {logging_mixin.py:188} INFO - [2024-03-12T09:47:42.127+0000] {dag.py:3834} INFO - Setting next_dagrun for example_sensor_decorator to None, run_after=None
[2024-03-12T09:47:42.220+0000] {processor.py:183} INFO - Processing /usr/local/lib/python3.10/dist-packages/airflow/example_dags/example_sensor_decorator.py took 0.171 seconds
[2024-03-12T09:48:42.530+0000] {processor.py:161} INFO - Started process (PID=15608) to work on /usr/local/lib/python3.10/dist-packages/airflow/example_dags/example_sensor_decorator.py
[2024-03-12T09:48:42.532+0000] {processor.py:830} INFO - Processing file /usr/local/lib/python3.10/dist-packages/airflow/example_dags/example_sensor_decorator.py for tasks to queue
[2024-03-12T09:48:42.533+0000] {logging_mixin.py:188} INFO - [2024-03-12T09:48:42.532+0000] {dagbag.py:540} INFO - Filling up the DagBag from /usr/local/lib/python3.10/dist-packages/airflow/example_dags/example_sensor_decorator.py
[2024-03-12T09:48:42.544+0000] {processor.py:840} INFO - DAG(s) 'example_sensor_decorator' retrieved from /usr/local/lib/python3.10/dist-packages/airflow/example_dags/example_sensor_decorator.py
[2024-03-12T09:48:42.562+0000] {logging_mixin.py:188} INFO - [2024-03-12T09:48:42.562+0000] {dag.py:3047} INFO - Sync 1 DAGs
[2024-03-12T09:48:42.574+0000] {logging_mixin.py:188} INFO - [2024-03-12T09:48:42.573+0000] {dag.py:3834} INFO - Setting next_dagrun for example_sensor_decorator to None, run_after=None
[2024-03-12T09:48:42.612+0000] {processor.py:183} INFO - Processing /usr/local/lib/python3.10/dist-packages/airflow/example_dags/example_sensor_decorator.py took 0.089 seconds
[2024-03-12T09:49:47.463+0000] {processor.py:161} INFO - Started process (PID=15669) to work on /usr/local/lib/python3.10/dist-packages/airflow/example_dags/example_sensor_decorator.py
[2024-03-12T09:49:47.465+0000] {processor.py:830} INFO - Processing file /usr/local/lib/python3.10/dist-packages/airflow/example_dags/example_sensor_decorator.py for tasks to queue
[2024-03-12T09:49:47.466+0000] {logging_mixin.py:188} INFO - [2024-03-12T09:49:47.465+0000] {dagbag.py:540} INFO - Filling up the DagBag from /usr/local/lib/python3.10/dist-packages/airflow/example_dags/example_sensor_decorator.py
[2024-03-12T09:49:47.473+0000] {processor.py:840} INFO - DAG(s) 'example_sensor_decorator' retrieved from /usr/local/lib/python3.10/dist-packages/airflow/example_dags/example_sensor_decorator.py
[2024-03-12T09:49:47.492+0000] {logging_mixin.py:188} INFO - [2024-03-12T09:49:47.491+0000] {dag.py:3047} INFO - Sync 1 DAGs
[2024-03-12T09:49:47.503+0000] {logging_mixin.py:188} INFO - [2024-03-12T09:49:47.503+0000] {dag.py:3834} INFO - Setting next_dagrun for example_sensor_decorator to None, run_after=None
[2024-03-12T09:49:47.528+0000] {processor.py:183} INFO - Processing /usr/local/lib/python3.10/dist-packages/airflow/example_dags/example_sensor_decorator.py took 0.068 seconds
[2024-03-12T09:50:54.019+0000] {processor.py:161} INFO - Started process (PID=15733) to work on /usr/local/lib/python3.10/dist-packages/airflow/example_dags/example_sensor_decorator.py
[2024-03-12T09:50:54.021+0000] {processor.py:830} INFO - Processing file /usr/local/lib/python3.10/dist-packages/airflow/example_dags/example_sensor_decorator.py for tasks to queue
[2024-03-12T09:50:54.022+0000] {logging_mixin.py:188} INFO - [2024-03-12T09:50:54.022+0000] {dagbag.py:540} INFO - Filling up the DagBag from /usr/local/lib/python3.10/dist-packages/airflow/example_dags/example_sensor_decorator.py
[2024-03-12T09:50:54.034+0000] {processor.py:840} INFO - DAG(s) 'example_sensor_decorator' retrieved from /usr/local/lib/python3.10/dist-packages/airflow/example_dags/example_sensor_decorator.py
[2024-03-12T09:50:54.061+0000] {logging_mixin.py:188} INFO - [2024-03-12T09:50:54.061+0000] {dag.py:3047} INFO - Sync 1 DAGs
[2024-03-12T09:50:54.078+0000] {logging_mixin.py:188} INFO - [2024-03-12T09:50:54.077+0000] {dag.py:3834} INFO - Setting next_dagrun for example_sensor_decorator to None, run_after=None
[2024-03-12T09:50:54.114+0000] {processor.py:183} INFO - Processing /usr/local/lib/python3.10/dist-packages/airflow/example_dags/example_sensor_decorator.py took 0.102 seconds
[2024-03-12T09:52:04.979+0000] {processor.py:161} INFO - Started process (PID=15799) to work on /usr/local/lib/python3.10/dist-packages/airflow/example_dags/example_sensor_decorator.py
[2024-03-12T09:52:04.981+0000] {processor.py:830} INFO - Processing file /usr/local/lib/python3.10/dist-packages/airflow/example_dags/example_sensor_decorator.py for tasks to queue
[2024-03-12T09:52:04.983+0000] {logging_mixin.py:188} INFO - [2024-03-12T09:52:04.982+0000] {dagbag.py:540} INFO - Filling up the DagBag from /usr/local/lib/python3.10/dist-packages/airflow/example_dags/example_sensor_decorator.py
[2024-03-12T09:52:05.000+0000] {processor.py:840} INFO - DAG(s) 'example_sensor_decorator' retrieved from /usr/local/lib/python3.10/dist-packages/airflow/example_dags/example_sensor_decorator.py
[2024-03-12T09:52:05.028+0000] {logging_mixin.py:188} INFO - [2024-03-12T09:52:05.028+0000] {dag.py:3047} INFO - Sync 1 DAGs
[2024-03-12T09:52:05.049+0000] {logging_mixin.py:188} INFO - [2024-03-12T09:52:05.049+0000] {dag.py:3834} INFO - Setting next_dagrun for example_sensor_decorator to None, run_after=None
[2024-03-12T09:52:05.095+0000] {processor.py:183} INFO - Processing /usr/local/lib/python3.10/dist-packages/airflow/example_dags/example_sensor_decorator.py took 0.126 seconds
[2024-03-12T09:53:09.510+0000] {processor.py:161} INFO - Started process (PID=15865) to work on /usr/local/lib/python3.10/dist-packages/airflow/example_dags/example_sensor_decorator.py
[2024-03-12T09:53:09.513+0000] {processor.py:830} INFO - Processing file /usr/local/lib/python3.10/dist-packages/airflow/example_dags/example_sensor_decorator.py for tasks to queue
[2024-03-12T09:53:09.515+0000] {logging_mixin.py:188} INFO - [2024-03-12T09:53:09.514+0000] {dagbag.py:540} INFO - Filling up the DagBag from /usr/local/lib/python3.10/dist-packages/airflow/example_dags/example_sensor_decorator.py
[2024-03-12T09:53:09.528+0000] {processor.py:840} INFO - DAG(s) 'example_sensor_decorator' retrieved from /usr/local/lib/python3.10/dist-packages/airflow/example_dags/example_sensor_decorator.py
[2024-03-12T09:53:09.568+0000] {logging_mixin.py:188} INFO - [2024-03-12T09:53:09.568+0000] {dag.py:3047} INFO - Sync 1 DAGs
[2024-03-12T09:53:09.590+0000] {logging_mixin.py:188} INFO - [2024-03-12T09:53:09.589+0000] {dag.py:3834} INFO - Setting next_dagrun for example_sensor_decorator to None, run_after=None
[2024-03-12T09:53:09.621+0000] {processor.py:183} INFO - Processing /usr/local/lib/python3.10/dist-packages/airflow/example_dags/example_sensor_decorator.py took 0.115 seconds
[2024-03-12T09:54:18.360+0000] {processor.py:161} INFO - Started process (PID=15930) to work on /usr/local/lib/python3.10/dist-packages/airflow/example_dags/example_sensor_decorator.py
[2024-03-12T09:54:18.362+0000] {processor.py:830} INFO - Processing file /usr/local/lib/python3.10/dist-packages/airflow/example_dags/example_sensor_decorator.py for tasks to queue
[2024-03-12T09:54:18.363+0000] {logging_mixin.py:188} INFO - [2024-03-12T09:54:18.362+0000] {dagbag.py:540} INFO - Filling up the DagBag from /usr/local/lib/python3.10/dist-packages/airflow/example_dags/example_sensor_decorator.py
[2024-03-12T09:54:18.373+0000] {processor.py:840} INFO - DAG(s) 'example_sensor_decorator' retrieved from /usr/local/lib/python3.10/dist-packages/airflow/example_dags/example_sensor_decorator.py
[2024-03-12T09:54:18.392+0000] {logging_mixin.py:188} INFO - [2024-03-12T09:54:18.392+0000] {dag.py:3047} INFO - Sync 1 DAGs
[2024-03-12T09:54:18.411+0000] {logging_mixin.py:188} INFO - [2024-03-12T09:54:18.411+0000] {dag.py:3834} INFO - Setting next_dagrun for example_sensor_decorator to None, run_after=None
[2024-03-12T09:54:18.439+0000] {processor.py:183} INFO - Processing /usr/local/lib/python3.10/dist-packages/airflow/example_dags/example_sensor_decorator.py took 0.089 seconds
[2024-03-12T09:55:24.608+0000] {processor.py:161} INFO - Started process (PID=15996) to work on /usr/local/lib/python3.10/dist-packages/airflow/example_dags/example_sensor_decorator.py
[2024-03-12T09:55:24.610+0000] {processor.py:830} INFO - Processing file /usr/local/lib/python3.10/dist-packages/airflow/example_dags/example_sensor_decorator.py for tasks to queue
[2024-03-12T09:55:24.611+0000] {logging_mixin.py:188} INFO - [2024-03-12T09:55:24.610+0000] {dagbag.py:540} INFO - Filling up the DagBag from /usr/local/lib/python3.10/dist-packages/airflow/example_dags/example_sensor_decorator.py
[2024-03-12T09:55:24.620+0000] {processor.py:840} INFO - DAG(s) 'example_sensor_decorator' retrieved from /usr/local/lib/python3.10/dist-packages/airflow/example_dags/example_sensor_decorator.py
[2024-03-12T09:55:24.639+0000] {logging_mixin.py:188} INFO - [2024-03-12T09:55:24.639+0000] {dag.py:3047} INFO - Sync 1 DAGs
[2024-03-12T09:55:24.652+0000] {logging_mixin.py:188} INFO - [2024-03-12T09:55:24.652+0000] {dag.py:3834} INFO - Setting next_dagrun for example_sensor_decorator to None, run_after=None
[2024-03-12T09:55:24.681+0000] {processor.py:183} INFO - Processing /usr/local/lib/python3.10/dist-packages/airflow/example_dags/example_sensor_decorator.py took 0.076 seconds
[2024-03-12T09:56:30.832+0000] {processor.py:161} INFO - Started process (PID=16060) to work on /usr/local/lib/python3.10/dist-packages/airflow/example_dags/example_sensor_decorator.py
[2024-03-12T09:56:30.834+0000] {processor.py:830} INFO - Processing file /usr/local/lib/python3.10/dist-packages/airflow/example_dags/example_sensor_decorator.py for tasks to queue
[2024-03-12T09:56:30.835+0000] {logging_mixin.py:188} INFO - [2024-03-12T09:56:30.835+0000] {dagbag.py:540} INFO - Filling up the DagBag from /usr/local/lib/python3.10/dist-packages/airflow/example_dags/example_sensor_decorator.py
[2024-03-12T09:56:30.844+0000] {processor.py:840} INFO - DAG(s) 'example_sensor_decorator' retrieved from /usr/local/lib/python3.10/dist-packages/airflow/example_dags/example_sensor_decorator.py
[2024-03-12T09:56:30.870+0000] {logging_mixin.py:188} INFO - [2024-03-12T09:56:30.869+0000] {dag.py:3047} INFO - Sync 1 DAGs
[2024-03-12T09:56:30.889+0000] {logging_mixin.py:188} INFO - [2024-03-12T09:56:30.889+0000] {dag.py:3834} INFO - Setting next_dagrun for example_sensor_decorator to None, run_after=None
[2024-03-12T09:56:30.920+0000] {processor.py:183} INFO - Processing /usr/local/lib/python3.10/dist-packages/airflow/example_dags/example_sensor_decorator.py took 0.095 seconds
[2024-03-12T09:57:38.656+0000] {processor.py:161} INFO - Started process (PID=16124) to work on /usr/local/lib/python3.10/dist-packages/airflow/example_dags/example_sensor_decorator.py
[2024-03-12T09:57:38.657+0000] {processor.py:830} INFO - Processing file /usr/local/lib/python3.10/dist-packages/airflow/example_dags/example_sensor_decorator.py for tasks to queue
[2024-03-12T09:57:38.658+0000] {logging_mixin.py:188} INFO - [2024-03-12T09:57:38.658+0000] {dagbag.py:540} INFO - Filling up the DagBag from /usr/local/lib/python3.10/dist-packages/airflow/example_dags/example_sensor_decorator.py
[2024-03-12T09:57:38.665+0000] {processor.py:840} INFO - DAG(s) 'example_sensor_decorator' retrieved from /usr/local/lib/python3.10/dist-packages/airflow/example_dags/example_sensor_decorator.py
[2024-03-12T09:57:38.686+0000] {logging_mixin.py:188} INFO - [2024-03-12T09:57:38.686+0000] {dag.py:3047} INFO - Sync 1 DAGs
[2024-03-12T09:57:38.698+0000] {logging_mixin.py:188} INFO - [2024-03-12T09:57:38.697+0000] {dag.py:3834} INFO - Setting next_dagrun for example_sensor_decorator to None, run_after=None
[2024-03-12T09:57:38.722+0000] {processor.py:183} INFO - Processing /usr/local/lib/python3.10/dist-packages/airflow/example_dags/example_sensor_decorator.py took 0.071 seconds
[2024-03-12T09:58:41.364+0000] {processor.py:161} INFO - Started process (PID=16197) to work on /usr/local/lib/python3.10/dist-packages/airflow/example_dags/example_sensor_decorator.py
[2024-03-12T09:58:41.367+0000] {processor.py:830} INFO - Processing file /usr/local/lib/python3.10/dist-packages/airflow/example_dags/example_sensor_decorator.py for tasks to queue
[2024-03-12T09:58:41.369+0000] {logging_mixin.py:188} INFO - [2024-03-12T09:58:41.368+0000] {dagbag.py:540} INFO - Filling up the DagBag from /usr/local/lib/python3.10/dist-packages/airflow/example_dags/example_sensor_decorator.py
[2024-03-12T09:58:41.386+0000] {processor.py:840} INFO - DAG(s) 'example_sensor_decorator' retrieved from /usr/local/lib/python3.10/dist-packages/airflow/example_dags/example_sensor_decorator.py
[2024-03-12T09:58:41.428+0000] {logging_mixin.py:188} INFO - [2024-03-12T09:58:41.427+0000] {dag.py:3047} INFO - Sync 1 DAGs
[2024-03-12T09:58:41.446+0000] {logging_mixin.py:188} INFO - [2024-03-12T09:58:41.446+0000] {dag.py:3834} INFO - Setting next_dagrun for example_sensor_decorator to None, run_after=None
[2024-03-12T09:58:41.501+0000] {processor.py:183} INFO - Processing /usr/local/lib/python3.10/dist-packages/airflow/example_dags/example_sensor_decorator.py took 0.144 seconds
[2024-03-12T09:59:45.558+0000] {processor.py:161} INFO - Started process (PID=16266) to work on /usr/local/lib/python3.10/dist-packages/airflow/example_dags/example_sensor_decorator.py
[2024-03-12T09:59:45.560+0000] {processor.py:830} INFO - Processing file /usr/local/lib/python3.10/dist-packages/airflow/example_dags/example_sensor_decorator.py for tasks to queue
[2024-03-12T09:59:45.561+0000] {logging_mixin.py:188} INFO - [2024-03-12T09:59:45.561+0000] {dagbag.py:540} INFO - Filling up the DagBag from /usr/local/lib/python3.10/dist-packages/airflow/example_dags/example_sensor_decorator.py
[2024-03-12T09:59:45.573+0000] {processor.py:840} INFO - DAG(s) 'example_sensor_decorator' retrieved from /usr/local/lib/python3.10/dist-packages/airflow/example_dags/example_sensor_decorator.py
[2024-03-12T09:59:45.606+0000] {logging_mixin.py:188} INFO - [2024-03-12T09:59:45.606+0000] {dag.py:3047} INFO - Sync 1 DAGs
[2024-03-12T09:59:45.621+0000] {logging_mixin.py:188} INFO - [2024-03-12T09:59:45.620+0000] {dag.py:3834} INFO - Setting next_dagrun for example_sensor_decorator to None, run_after=None
[2024-03-12T09:59:45.650+0000] {processor.py:183} INFO - Processing /usr/local/lib/python3.10/dist-packages/airflow/example_dags/example_sensor_decorator.py took 0.095 seconds
[2024-03-12T10:00:47.778+0000] {processor.py:161} INFO - Started process (PID=16332) to work on /usr/local/lib/python3.10/dist-packages/airflow/example_dags/example_sensor_decorator.py
[2024-03-12T10:00:47.780+0000] {processor.py:830} INFO - Processing file /usr/local/lib/python3.10/dist-packages/airflow/example_dags/example_sensor_decorator.py for tasks to queue
[2024-03-12T10:00:47.781+0000] {logging_mixin.py:188} INFO - [2024-03-12T10:00:47.780+0000] {dagbag.py:540} INFO - Filling up the DagBag from /usr/local/lib/python3.10/dist-packages/airflow/example_dags/example_sensor_decorator.py
[2024-03-12T10:00:47.789+0000] {processor.py:840} INFO - DAG(s) 'example_sensor_decorator' retrieved from /usr/local/lib/python3.10/dist-packages/airflow/example_dags/example_sensor_decorator.py
[2024-03-12T10:00:47.826+0000] {logging_mixin.py:188} INFO - [2024-03-12T10:00:47.826+0000] {dag.py:3047} INFO - Sync 1 DAGs
[2024-03-12T10:00:47.840+0000] {logging_mixin.py:188} INFO - [2024-03-12T10:00:47.840+0000] {dag.py:3834} INFO - Setting next_dagrun for example_sensor_decorator to None, run_after=None
[2024-03-12T10:00:47.869+0000] {processor.py:183} INFO - Processing /usr/local/lib/python3.10/dist-packages/airflow/example_dags/example_sensor_decorator.py took 0.095 seconds
[2024-03-12T10:01:50.960+0000] {processor.py:161} INFO - Started process (PID=16402) to work on /usr/local/lib/python3.10/dist-packages/airflow/example_dags/example_sensor_decorator.py
[2024-03-12T10:01:50.962+0000] {processor.py:830} INFO - Processing file /usr/local/lib/python3.10/dist-packages/airflow/example_dags/example_sensor_decorator.py for tasks to queue
[2024-03-12T10:01:50.963+0000] {logging_mixin.py:188} INFO - [2024-03-12T10:01:50.963+0000] {dagbag.py:540} INFO - Filling up the DagBag from /usr/local/lib/python3.10/dist-packages/airflow/example_dags/example_sensor_decorator.py
[2024-03-12T10:01:50.970+0000] {processor.py:840} INFO - DAG(s) 'example_sensor_decorator' retrieved from /usr/local/lib/python3.10/dist-packages/airflow/example_dags/example_sensor_decorator.py
[2024-03-12T10:01:50.990+0000] {logging_mixin.py:188} INFO - [2024-03-12T10:01:50.989+0000] {dag.py:3047} INFO - Sync 1 DAGs
[2024-03-12T10:01:51.002+0000] {logging_mixin.py:188} INFO - [2024-03-12T10:01:51.002+0000] {dag.py:3834} INFO - Setting next_dagrun for example_sensor_decorator to None, run_after=None
[2024-03-12T10:01:51.029+0000] {processor.py:183} INFO - Processing /usr/local/lib/python3.10/dist-packages/airflow/example_dags/example_sensor_decorator.py took 0.072 seconds
[2024-03-12T10:02:52.996+0000] {processor.py:161} INFO - Started process (PID=16466) to work on /usr/local/lib/python3.10/dist-packages/airflow/example_dags/example_sensor_decorator.py
[2024-03-12T10:02:52.998+0000] {processor.py:830} INFO - Processing file /usr/local/lib/python3.10/dist-packages/airflow/example_dags/example_sensor_decorator.py for tasks to queue
[2024-03-12T10:02:53.001+0000] {logging_mixin.py:188} INFO - [2024-03-12T10:02:52.999+0000] {dagbag.py:540} INFO - Filling up the DagBag from /usr/local/lib/python3.10/dist-packages/airflow/example_dags/example_sensor_decorator.py
[2024-03-12T10:02:53.019+0000] {processor.py:840} INFO - DAG(s) 'example_sensor_decorator' retrieved from /usr/local/lib/python3.10/dist-packages/airflow/example_dags/example_sensor_decorator.py
[2024-03-12T10:02:53.053+0000] {logging_mixin.py:188} INFO - [2024-03-12T10:02:53.052+0000] {dag.py:3047} INFO - Sync 1 DAGs
[2024-03-12T10:02:53.066+0000] {logging_mixin.py:188} INFO - [2024-03-12T10:02:53.065+0000] {dag.py:3834} INFO - Setting next_dagrun for example_sensor_decorator to None, run_after=None
[2024-03-12T10:02:53.100+0000] {processor.py:183} INFO - Processing /usr/local/lib/python3.10/dist-packages/airflow/example_dags/example_sensor_decorator.py took 0.113 seconds
[2024-03-12T10:03:55.561+0000] {processor.py:161} INFO - Started process (PID=16529) to work on /usr/local/lib/python3.10/dist-packages/airflow/example_dags/example_sensor_decorator.py
[2024-03-12T10:03:55.563+0000] {processor.py:830} INFO - Processing file /usr/local/lib/python3.10/dist-packages/airflow/example_dags/example_sensor_decorator.py for tasks to queue
[2024-03-12T10:03:55.564+0000] {logging_mixin.py:188} INFO - [2024-03-12T10:03:55.563+0000] {dagbag.py:540} INFO - Filling up the DagBag from /usr/local/lib/python3.10/dist-packages/airflow/example_dags/example_sensor_decorator.py
[2024-03-12T10:03:55.571+0000] {processor.py:840} INFO - DAG(s) 'example_sensor_decorator' retrieved from /usr/local/lib/python3.10/dist-packages/airflow/example_dags/example_sensor_decorator.py
[2024-03-12T10:03:55.590+0000] {logging_mixin.py:188} INFO - [2024-03-12T10:03:55.589+0000] {dag.py:3047} INFO - Sync 1 DAGs
[2024-03-12T10:03:55.605+0000] {logging_mixin.py:188} INFO - [2024-03-12T10:03:55.604+0000] {dag.py:3834} INFO - Setting next_dagrun for example_sensor_decorator to None, run_after=None
[2024-03-12T10:03:55.634+0000] {processor.py:183} INFO - Processing /usr/local/lib/python3.10/dist-packages/airflow/example_dags/example_sensor_decorator.py took 0.077 seconds
[2024-03-12T10:04:56.306+0000] {processor.py:161} INFO - Started process (PID=16590) to work on /usr/local/lib/python3.10/dist-packages/airflow/example_dags/example_sensor_decorator.py
[2024-03-12T10:04:56.308+0000] {processor.py:830} INFO - Processing file /usr/local/lib/python3.10/dist-packages/airflow/example_dags/example_sensor_decorator.py for tasks to queue
[2024-03-12T10:04:56.311+0000] {logging_mixin.py:188} INFO - [2024-03-12T10:04:56.309+0000] {dagbag.py:540} INFO - Filling up the DagBag from /usr/local/lib/python3.10/dist-packages/airflow/example_dags/example_sensor_decorator.py
[2024-03-12T10:04:56.322+0000] {processor.py:840} INFO - DAG(s) 'example_sensor_decorator' retrieved from /usr/local/lib/python3.10/dist-packages/airflow/example_dags/example_sensor_decorator.py
[2024-03-12T10:04:56.346+0000] {logging_mixin.py:188} INFO - [2024-03-12T10:04:56.346+0000] {dag.py:3047} INFO - Sync 1 DAGs
[2024-03-12T10:04:56.373+0000] {logging_mixin.py:188} INFO - [2024-03-12T10:04:56.373+0000] {dag.py:3834} INFO - Setting next_dagrun for example_sensor_decorator to None, run_after=None
[2024-03-12T10:04:56.405+0000] {processor.py:183} INFO - Processing /usr/local/lib/python3.10/dist-packages/airflow/example_dags/example_sensor_decorator.py took 0.105 seconds
