[2024-03-12T09:19:24.432+0000] {processor.py:161} INFO - Started process (PID=13921) to work on /usr/local/lib/python3.10/dist-packages/airflow/example_dags/example_xcomargs.py
[2024-03-12T09:19:24.434+0000] {processor.py:830} INFO - Processing file /usr/local/lib/python3.10/dist-packages/airflow/example_dags/example_xcomargs.py for tasks to queue
[2024-03-12T09:19:24.435+0000] {logging_mixin.py:188} INFO - [2024-03-12T09:19:24.434+0000] {dagbag.py:540} INFO - Filling up the DagBag from /usr/local/lib/python3.10/dist-packages/airflow/example_dags/example_xcomargs.py
[2024-03-12T09:19:24.453+0000] {processor.py:840} INFO - DAG(s) 'example_xcom_args', 'example_xcom_args_with_operators' retrieved from /usr/local/lib/python3.10/dist-packages/airflow/example_dags/example_xcomargs.py
[2024-03-12T09:19:24.674+0000] {logging_mixin.py:188} INFO - [2024-03-12T09:19:24.673+0000] {override.py:1769} INFO - Created Permission View: can read on DAG:example_xcom_args
[2024-03-12T09:19:24.692+0000] {logging_mixin.py:188} INFO - [2024-03-12T09:19:24.691+0000] {override.py:1769} INFO - Created Permission View: can edit on DAG:example_xcom_args
[2024-03-12T09:19:24.704+0000] {logging_mixin.py:188} INFO - [2024-03-12T09:19:24.704+0000] {override.py:1769} INFO - Created Permission View: can delete on DAG:example_xcom_args
[2024-03-12T09:19:24.731+0000] {logging_mixin.py:188} INFO - [2024-03-12T09:19:24.730+0000] {override.py:1769} INFO - Created Permission View: can read on DAG:example_xcom_args_with_operators
[2024-03-12T09:19:24.745+0000] {logging_mixin.py:188} INFO - [2024-03-12T09:19:24.745+0000] {override.py:1769} INFO - Created Permission View: can edit on DAG:example_xcom_args_with_operators
[2024-03-12T09:19:24.761+0000] {logging_mixin.py:188} INFO - [2024-03-12T09:19:24.760+0000] {override.py:1769} INFO - Created Permission View: can delete on DAG:example_xcom_args_with_operators
[2024-03-12T09:19:24.762+0000] {logging_mixin.py:188} INFO - [2024-03-12T09:19:24.762+0000] {dag.py:3047} INFO - Sync 2 DAGs
[2024-03-12T09:19:24.780+0000] {logging_mixin.py:188} INFO - [2024-03-12T09:19:24.780+0000] {dag.py:3069} INFO - Creating ORM DAG for example_xcom_args_with_operators
[2024-03-12T09:19:24.781+0000] {logging_mixin.py:188} INFO - [2024-03-12T09:19:24.781+0000] {dag.py:3069} INFO - Creating ORM DAG for example_xcom_args
[2024-03-12T09:19:24.782+0000] {logging_mixin.py:188} INFO - [2024-03-12T09:19:24.782+0000] {dag.py:3834} INFO - Setting next_dagrun for example_xcom_args to None, run_after=None
[2024-03-12T09:19:24.783+0000] {logging_mixin.py:188} INFO - [2024-03-12T09:19:24.782+0000] {dag.py:3834} INFO - Setting next_dagrun for example_xcom_args_with_operators to None, run_after=None
[2024-03-12T09:19:24.814+0000] {processor.py:183} INFO - Processing /usr/local/lib/python3.10/dist-packages/airflow/example_dags/example_xcomargs.py took 0.388 seconds
[2024-03-12T09:22:17.924+0000] {processor.py:161} INFO - Started process (PID=13983) to work on /usr/local/lib/python3.10/dist-packages/airflow/example_dags/example_xcomargs.py
[2024-03-12T09:22:17.927+0000] {processor.py:830} INFO - Processing file /usr/local/lib/python3.10/dist-packages/airflow/example_dags/example_xcomargs.py for tasks to queue
[2024-03-12T09:22:17.928+0000] {logging_mixin.py:188} INFO - [2024-03-12T09:22:17.928+0000] {dagbag.py:540} INFO - Filling up the DagBag from /usr/local/lib/python3.10/dist-packages/airflow/example_dags/example_xcomargs.py
[2024-03-12T09:22:17.938+0000] {processor.py:840} INFO - DAG(s) 'example_xcom_args_with_operators', 'example_xcom_args' retrieved from /usr/local/lib/python3.10/dist-packages/airflow/example_dags/example_xcomargs.py
[2024-03-12T09:22:17.953+0000] {logging_mixin.py:188} INFO - [2024-03-12T09:22:17.953+0000] {dag.py:3047} INFO - Sync 2 DAGs
[2024-03-12T09:22:17.967+0000] {logging_mixin.py:188} INFO - [2024-03-12T09:22:17.967+0000] {dag.py:3834} INFO - Setting next_dagrun for example_xcom_args to None, run_after=None
[2024-03-12T09:22:17.971+0000] {logging_mixin.py:188} INFO - [2024-03-12T09:22:17.970+0000] {dag.py:3834} INFO - Setting next_dagrun for example_xcom_args_with_operators to None, run_after=None
[2024-03-12T09:22:17.992+0000] {processor.py:183} INFO - Processing /usr/local/lib/python3.10/dist-packages/airflow/example_dags/example_xcomargs.py took 0.072 seconds
[2024-03-12T09:23:16.050+0000] {processor.py:161} INFO - Started process (PID=14034) to work on /usr/local/lib/python3.10/dist-packages/airflow/example_dags/example_xcomargs.py
[2024-03-12T09:23:16.053+0000] {processor.py:830} INFO - Processing file /usr/local/lib/python3.10/dist-packages/airflow/example_dags/example_xcomargs.py for tasks to queue
[2024-03-12T09:23:16.054+0000] {logging_mixin.py:188} INFO - [2024-03-12T09:23:16.054+0000] {dagbag.py:540} INFO - Filling up the DagBag from /usr/local/lib/python3.10/dist-packages/airflow/example_dags/example_xcomargs.py
[2024-03-12T09:23:16.079+0000] {processor.py:840} INFO - DAG(s) 'example_xcom_args', 'example_xcom_args_with_operators' retrieved from /usr/local/lib/python3.10/dist-packages/airflow/example_dags/example_xcomargs.py
[2024-03-12T09:23:16.383+0000] {logging_mixin.py:188} INFO - [2024-03-12T09:23:16.383+0000] {dag.py:3047} INFO - Sync 2 DAGs
[2024-03-12T09:23:16.413+0000] {logging_mixin.py:188} INFO - [2024-03-12T09:23:16.412+0000] {dag.py:3834} INFO - Setting next_dagrun for example_xcom_args to None, run_after=None
[2024-03-12T09:23:16.415+0000] {logging_mixin.py:188} INFO - [2024-03-12T09:23:16.415+0000] {dag.py:3834} INFO - Setting next_dagrun for example_xcom_args_with_operators to None, run_after=None
[2024-03-12T09:23:16.436+0000] {processor.py:183} INFO - Processing /usr/local/lib/python3.10/dist-packages/airflow/example_dags/example_xcomargs.py took 0.392 seconds
[2024-03-12T09:24:12.194+0000] {processor.py:161} INFO - Started process (PID=14086) to work on /usr/local/lib/python3.10/dist-packages/airflow/example_dags/example_xcomargs.py
[2024-03-12T09:24:12.195+0000] {processor.py:830} INFO - Processing file /usr/local/lib/python3.10/dist-packages/airflow/example_dags/example_xcomargs.py for tasks to queue
[2024-03-12T09:24:12.197+0000] {logging_mixin.py:188} INFO - [2024-03-12T09:24:12.197+0000] {dagbag.py:540} INFO - Filling up the DagBag from /usr/local/lib/python3.10/dist-packages/airflow/example_dags/example_xcomargs.py
[2024-03-12T09:24:12.207+0000] {processor.py:840} INFO - DAG(s) 'example_xcom_args', 'example_xcom_args_with_operators' retrieved from /usr/local/lib/python3.10/dist-packages/airflow/example_dags/example_xcomargs.py
[2024-03-12T09:24:12.228+0000] {logging_mixin.py:188} INFO - [2024-03-12T09:24:12.228+0000] {dag.py:3047} INFO - Sync 2 DAGs
[2024-03-12T09:24:12.242+0000] {logging_mixin.py:188} INFO - [2024-03-12T09:24:12.242+0000] {dag.py:3834} INFO - Setting next_dagrun for example_xcom_args to None, run_after=None
[2024-03-12T09:24:12.246+0000] {logging_mixin.py:188} INFO - [2024-03-12T09:24:12.246+0000] {dag.py:3834} INFO - Setting next_dagrun for example_xcom_args_with_operators to None, run_after=None
[2024-03-12T09:24:12.268+0000] {processor.py:183} INFO - Processing /usr/local/lib/python3.10/dist-packages/airflow/example_dags/example_xcomargs.py took 0.078 seconds
[2024-03-12T09:24:58.586+0000] {processor.py:161} INFO - Started process (PID=14127) to work on /usr/local/lib/python3.10/dist-packages/airflow/example_dags/example_xcomargs.py
[2024-03-12T09:24:58.587+0000] {processor.py:830} INFO - Processing file /usr/local/lib/python3.10/dist-packages/airflow/example_dags/example_xcomargs.py for tasks to queue
[2024-03-12T09:24:58.588+0000] {logging_mixin.py:188} INFO - [2024-03-12T09:24:58.588+0000] {dagbag.py:540} INFO - Filling up the DagBag from /usr/local/lib/python3.10/dist-packages/airflow/example_dags/example_xcomargs.py
[2024-03-12T09:24:58.599+0000] {processor.py:840} INFO - DAG(s) 'example_xcom_args', 'example_xcom_args_with_operators' retrieved from /usr/local/lib/python3.10/dist-packages/airflow/example_dags/example_xcomargs.py
[2024-03-12T09:24:58.752+0000] {logging_mixin.py:188} INFO - [2024-03-12T09:24:58.752+0000] {dag.py:3047} INFO - Sync 2 DAGs
[2024-03-12T09:24:58.764+0000] {logging_mixin.py:188} INFO - [2024-03-12T09:24:58.763+0000] {dag.py:3834} INFO - Setting next_dagrun for example_xcom_args to None, run_after=None
[2024-03-12T09:24:58.768+0000] {logging_mixin.py:188} INFO - [2024-03-12T09:24:58.768+0000] {dag.py:3834} INFO - Setting next_dagrun for example_xcom_args_with_operators to None, run_after=None
[2024-03-12T09:24:58.790+0000] {processor.py:183} INFO - Processing /usr/local/lib/python3.10/dist-packages/airflow/example_dags/example_xcomargs.py took 0.208 seconds
[2024-03-12T09:25:49.208+0000] {processor.py:161} INFO - Started process (PID=14174) to work on /usr/local/lib/python3.10/dist-packages/airflow/example_dags/example_xcomargs.py
[2024-03-12T09:25:49.210+0000] {processor.py:830} INFO - Processing file /usr/local/lib/python3.10/dist-packages/airflow/example_dags/example_xcomargs.py for tasks to queue
[2024-03-12T09:25:49.211+0000] {logging_mixin.py:188} INFO - [2024-03-12T09:25:49.210+0000] {dagbag.py:540} INFO - Filling up the DagBag from /usr/local/lib/python3.10/dist-packages/airflow/example_dags/example_xcomargs.py
[2024-03-12T09:25:49.222+0000] {processor.py:840} INFO - DAG(s) 'example_xcom_args', 'example_xcom_args_with_operators' retrieved from /usr/local/lib/python3.10/dist-packages/airflow/example_dags/example_xcomargs.py
[2024-03-12T09:25:49.248+0000] {logging_mixin.py:188} INFO - [2024-03-12T09:25:49.248+0000] {dag.py:3047} INFO - Sync 2 DAGs
[2024-03-12T09:25:49.262+0000] {logging_mixin.py:188} INFO - [2024-03-12T09:25:49.262+0000] {dag.py:3834} INFO - Setting next_dagrun for example_xcom_args to None, run_after=None
[2024-03-12T09:25:49.266+0000] {logging_mixin.py:188} INFO - [2024-03-12T09:25:49.266+0000] {dag.py:3834} INFO - Setting next_dagrun for example_xcom_args_with_operators to None, run_after=None
[2024-03-12T09:25:49.290+0000] {processor.py:183} INFO - Processing /usr/local/lib/python3.10/dist-packages/airflow/example_dags/example_xcomargs.py took 0.086 seconds
[2024-03-12T09:26:27.483+0000] {processor.py:161} INFO - Started process (PID=14214) to work on /usr/local/lib/python3.10/dist-packages/airflow/example_dags/example_xcomargs.py
[2024-03-12T09:26:27.485+0000] {processor.py:830} INFO - Processing file /usr/local/lib/python3.10/dist-packages/airflow/example_dags/example_xcomargs.py for tasks to queue
[2024-03-12T09:26:27.489+0000] {logging_mixin.py:188} INFO - [2024-03-12T09:26:27.488+0000] {dagbag.py:540} INFO - Filling up the DagBag from /usr/local/lib/python3.10/dist-packages/airflow/example_dags/example_xcomargs.py
[2024-03-12T09:26:27.504+0000] {processor.py:840} INFO - DAG(s) 'example_xcom_args_with_operators', 'example_xcom_args' retrieved from /usr/local/lib/python3.10/dist-packages/airflow/example_dags/example_xcomargs.py
[2024-03-12T09:26:27.567+0000] {logging_mixin.py:188} INFO - [2024-03-12T09:26:27.565+0000] {dag.py:3047} INFO - Sync 2 DAGs
[2024-03-12T09:26:27.600+0000] {logging_mixin.py:188} INFO - [2024-03-12T09:26:27.599+0000] {dag.py:3834} INFO - Setting next_dagrun for example_xcom_args to None, run_after=None
[2024-03-12T09:26:27.610+0000] {logging_mixin.py:188} INFO - [2024-03-12T09:26:27.610+0000] {dag.py:3834} INFO - Setting next_dagrun for example_xcom_args_with_operators to None, run_after=None
[2024-03-12T09:26:27.634+0000] {processor.py:183} INFO - Processing /usr/local/lib/python3.10/dist-packages/airflow/example_dags/example_xcomargs.py took 0.158 seconds
[2024-03-12T09:27:08.182+0000] {processor.py:161} INFO - Started process (PID=14255) to work on /usr/local/lib/python3.10/dist-packages/airflow/example_dags/example_xcomargs.py
[2024-03-12T09:27:08.184+0000] {processor.py:830} INFO - Processing file /usr/local/lib/python3.10/dist-packages/airflow/example_dags/example_xcomargs.py for tasks to queue
[2024-03-12T09:27:08.185+0000] {logging_mixin.py:188} INFO - [2024-03-12T09:27:08.184+0000] {dagbag.py:540} INFO - Filling up the DagBag from /usr/local/lib/python3.10/dist-packages/airflow/example_dags/example_xcomargs.py
[2024-03-12T09:27:08.195+0000] {processor.py:840} INFO - DAG(s) 'example_xcom_args', 'example_xcom_args_with_operators' retrieved from /usr/local/lib/python3.10/dist-packages/airflow/example_dags/example_xcomargs.py
[2024-03-12T09:27:08.216+0000] {logging_mixin.py:188} INFO - [2024-03-12T09:27:08.216+0000] {dag.py:3047} INFO - Sync 2 DAGs
[2024-03-12T09:27:08.229+0000] {logging_mixin.py:188} INFO - [2024-03-12T09:27:08.229+0000] {dag.py:3834} INFO - Setting next_dagrun for example_xcom_args to None, run_after=None
[2024-03-12T09:27:08.232+0000] {logging_mixin.py:188} INFO - [2024-03-12T09:27:08.232+0000] {dag.py:3834} INFO - Setting next_dagrun for example_xcom_args_with_operators to None, run_after=None
[2024-03-12T09:27:08.253+0000] {processor.py:183} INFO - Processing /usr/local/lib/python3.10/dist-packages/airflow/example_dags/example_xcomargs.py took 0.075 seconds
[2024-03-12T09:27:51.345+0000] {processor.py:161} INFO - Started process (PID=14297) to work on /usr/local/lib/python3.10/dist-packages/airflow/example_dags/example_xcomargs.py
[2024-03-12T09:27:51.347+0000] {processor.py:830} INFO - Processing file /usr/local/lib/python3.10/dist-packages/airflow/example_dags/example_xcomargs.py for tasks to queue
[2024-03-12T09:27:51.348+0000] {logging_mixin.py:188} INFO - [2024-03-12T09:27:51.348+0000] {dagbag.py:540} INFO - Filling up the DagBag from /usr/local/lib/python3.10/dist-packages/airflow/example_dags/example_xcomargs.py
[2024-03-12T09:27:51.360+0000] {processor.py:840} INFO - DAG(s) 'example_xcom_args', 'example_xcom_args_with_operators' retrieved from /usr/local/lib/python3.10/dist-packages/airflow/example_dags/example_xcomargs.py
[2024-03-12T09:27:51.387+0000] {logging_mixin.py:188} INFO - [2024-03-12T09:27:51.387+0000] {dag.py:3047} INFO - Sync 2 DAGs
[2024-03-12T09:27:51.404+0000] {logging_mixin.py:188} INFO - [2024-03-12T09:27:51.403+0000] {dag.py:3834} INFO - Setting next_dagrun for example_xcom_args to None, run_after=None
[2024-03-12T09:27:51.409+0000] {logging_mixin.py:188} INFO - [2024-03-12T09:27:51.408+0000] {dag.py:3834} INFO - Setting next_dagrun for example_xcom_args_with_operators to None, run_after=None
[2024-03-12T09:27:51.434+0000] {processor.py:183} INFO - Processing /usr/local/lib/python3.10/dist-packages/airflow/example_dags/example_xcomargs.py took 0.094 seconds
[2024-03-12T09:28:31.512+0000] {processor.py:161} INFO - Started process (PID=14337) to work on /usr/local/lib/python3.10/dist-packages/airflow/example_dags/example_xcomargs.py
[2024-03-12T09:28:31.513+0000] {processor.py:830} INFO - Processing file /usr/local/lib/python3.10/dist-packages/airflow/example_dags/example_xcomargs.py for tasks to queue
[2024-03-12T09:28:31.516+0000] {logging_mixin.py:188} INFO - [2024-03-12T09:28:31.515+0000] {dagbag.py:540} INFO - Filling up the DagBag from /usr/local/lib/python3.10/dist-packages/airflow/example_dags/example_xcomargs.py
[2024-03-12T09:28:31.531+0000] {processor.py:840} INFO - DAG(s) 'example_xcom_args', 'example_xcom_args_with_operators' retrieved from /usr/local/lib/python3.10/dist-packages/airflow/example_dags/example_xcomargs.py
[2024-03-12T09:28:31.561+0000] {logging_mixin.py:188} INFO - [2024-03-12T09:28:31.560+0000] {dag.py:3047} INFO - Sync 2 DAGs
[2024-03-12T09:28:31.574+0000] {logging_mixin.py:188} INFO - [2024-03-12T09:28:31.574+0000] {dag.py:3834} INFO - Setting next_dagrun for example_xcom_args to None, run_after=None
[2024-03-12T09:28:31.578+0000] {logging_mixin.py:188} INFO - [2024-03-12T09:28:31.578+0000] {dag.py:3834} INFO - Setting next_dagrun for example_xcom_args_with_operators to None, run_after=None
[2024-03-12T09:28:31.607+0000] {processor.py:183} INFO - Processing /usr/local/lib/python3.10/dist-packages/airflow/example_dags/example_xcomargs.py took 0.099 seconds
[2024-03-12T09:29:11.673+0000] {processor.py:161} INFO - Started process (PID=14377) to work on /usr/local/lib/python3.10/dist-packages/airflow/example_dags/example_xcomargs.py
[2024-03-12T09:29:11.674+0000] {processor.py:830} INFO - Processing file /usr/local/lib/python3.10/dist-packages/airflow/example_dags/example_xcomargs.py for tasks to queue
[2024-03-12T09:29:11.676+0000] {logging_mixin.py:188} INFO - [2024-03-12T09:29:11.675+0000] {dagbag.py:540} INFO - Filling up the DagBag from /usr/local/lib/python3.10/dist-packages/airflow/example_dags/example_xcomargs.py
[2024-03-12T09:29:11.688+0000] {processor.py:840} INFO - DAG(s) 'example_xcom_args_with_operators', 'example_xcom_args' retrieved from /usr/local/lib/python3.10/dist-packages/airflow/example_dags/example_xcomargs.py
[2024-03-12T09:29:11.744+0000] {logging_mixin.py:188} INFO - [2024-03-12T09:29:11.744+0000] {dag.py:3047} INFO - Sync 2 DAGs
[2024-03-12T09:29:11.777+0000] {logging_mixin.py:188} INFO - [2024-03-12T09:29:11.777+0000] {dag.py:3834} INFO - Setting next_dagrun for example_xcom_args to None, run_after=None
[2024-03-12T09:29:11.782+0000] {logging_mixin.py:188} INFO - [2024-03-12T09:29:11.781+0000] {dag.py:3834} INFO - Setting next_dagrun for example_xcom_args_with_operators to None, run_after=None
[2024-03-12T09:29:11.809+0000] {processor.py:183} INFO - Processing /usr/local/lib/python3.10/dist-packages/airflow/example_dags/example_xcomargs.py took 0.151 seconds
[2024-03-12T09:29:49.914+0000] {processor.py:161} INFO - Started process (PID=14416) to work on /usr/local/lib/python3.10/dist-packages/airflow/example_dags/example_xcomargs.py
[2024-03-12T09:29:49.915+0000] {processor.py:830} INFO - Processing file /usr/local/lib/python3.10/dist-packages/airflow/example_dags/example_xcomargs.py for tasks to queue
[2024-03-12T09:29:49.916+0000] {logging_mixin.py:188} INFO - [2024-03-12T09:29:49.916+0000] {dagbag.py:540} INFO - Filling up the DagBag from /usr/local/lib/python3.10/dist-packages/airflow/example_dags/example_xcomargs.py
[2024-03-12T09:29:49.927+0000] {processor.py:840} INFO - DAG(s) 'example_xcom_args_with_operators', 'example_xcom_args' retrieved from /usr/local/lib/python3.10/dist-packages/airflow/example_dags/example_xcomargs.py
[2024-03-12T09:29:49.949+0000] {logging_mixin.py:188} INFO - [2024-03-12T09:29:49.948+0000] {dag.py:3047} INFO - Sync 2 DAGs
[2024-03-12T09:29:49.962+0000] {logging_mixin.py:188} INFO - [2024-03-12T09:29:49.961+0000] {dag.py:3834} INFO - Setting next_dagrun for example_xcom_args to None, run_after=None
[2024-03-12T09:29:49.965+0000] {logging_mixin.py:188} INFO - [2024-03-12T09:29:49.965+0000] {dag.py:3834} INFO - Setting next_dagrun for example_xcom_args_with_operators to None, run_after=None
[2024-03-12T09:29:49.988+0000] {processor.py:183} INFO - Processing /usr/local/lib/python3.10/dist-packages/airflow/example_dags/example_xcomargs.py took 0.077 seconds
[2024-03-12T09:30:32.468+0000] {processor.py:161} INFO - Started process (PID=14456) to work on /usr/local/lib/python3.10/dist-packages/airflow/example_dags/example_xcomargs.py
[2024-03-12T09:30:32.471+0000] {processor.py:830} INFO - Processing file /usr/local/lib/python3.10/dist-packages/airflow/example_dags/example_xcomargs.py for tasks to queue
[2024-03-12T09:30:32.472+0000] {logging_mixin.py:188} INFO - [2024-03-12T09:30:32.472+0000] {dagbag.py:540} INFO - Filling up the DagBag from /usr/local/lib/python3.10/dist-packages/airflow/example_dags/example_xcomargs.py
[2024-03-12T09:30:32.495+0000] {processor.py:840} INFO - DAG(s) 'example_xcom_args_with_operators', 'example_xcom_args' retrieved from /usr/local/lib/python3.10/dist-packages/airflow/example_dags/example_xcomargs.py
[2024-03-12T09:30:32.523+0000] {logging_mixin.py:188} INFO - [2024-03-12T09:30:32.522+0000] {dag.py:3047} INFO - Sync 2 DAGs
[2024-03-12T09:30:32.539+0000] {logging_mixin.py:188} INFO - [2024-03-12T09:30:32.538+0000] {dag.py:3834} INFO - Setting next_dagrun for example_xcom_args to None, run_after=None
[2024-03-12T09:30:32.542+0000] {logging_mixin.py:188} INFO - [2024-03-12T09:30:32.542+0000] {dag.py:3834} INFO - Setting next_dagrun for example_xcom_args_with_operators to None, run_after=None
[2024-03-12T09:30:32.565+0000] {processor.py:183} INFO - Processing /usr/local/lib/python3.10/dist-packages/airflow/example_dags/example_xcomargs.py took 0.101 seconds
[2024-03-12T09:31:13.355+0000] {processor.py:161} INFO - Started process (PID=14496) to work on /usr/local/lib/python3.10/dist-packages/airflow/example_dags/example_xcomargs.py
[2024-03-12T09:31:13.357+0000] {processor.py:830} INFO - Processing file /usr/local/lib/python3.10/dist-packages/airflow/example_dags/example_xcomargs.py for tasks to queue
[2024-03-12T09:31:13.364+0000] {logging_mixin.py:188} INFO - [2024-03-12T09:31:13.363+0000] {dagbag.py:540} INFO - Filling up the DagBag from /usr/local/lib/python3.10/dist-packages/airflow/example_dags/example_xcomargs.py
[2024-03-12T09:31:13.378+0000] {processor.py:840} INFO - DAG(s) 'example_xcom_args_with_operators', 'example_xcom_args' retrieved from /usr/local/lib/python3.10/dist-packages/airflow/example_dags/example_xcomargs.py
[2024-03-12T09:31:13.405+0000] {logging_mixin.py:188} INFO - [2024-03-12T09:31:13.405+0000] {dag.py:3047} INFO - Sync 2 DAGs
[2024-03-12T09:31:13.421+0000] {logging_mixin.py:188} INFO - [2024-03-12T09:31:13.421+0000] {dag.py:3834} INFO - Setting next_dagrun for example_xcom_args to None, run_after=None
[2024-03-12T09:31:13.425+0000] {logging_mixin.py:188} INFO - [2024-03-12T09:31:13.425+0000] {dag.py:3834} INFO - Setting next_dagrun for example_xcom_args_with_operators to None, run_after=None
[2024-03-12T09:31:13.459+0000] {processor.py:183} INFO - Processing /usr/local/lib/python3.10/dist-packages/airflow/example_dags/example_xcomargs.py took 0.109 seconds
[2024-03-12T09:31:56.436+0000] {processor.py:161} INFO - Started process (PID=14537) to work on /usr/local/lib/python3.10/dist-packages/airflow/example_dags/example_xcomargs.py
[2024-03-12T09:31:56.442+0000] {processor.py:830} INFO - Processing file /usr/local/lib/python3.10/dist-packages/airflow/example_dags/example_xcomargs.py for tasks to queue
[2024-03-12T09:31:56.445+0000] {logging_mixin.py:188} INFO - [2024-03-12T09:31:56.444+0000] {dagbag.py:540} INFO - Filling up the DagBag from /usr/local/lib/python3.10/dist-packages/airflow/example_dags/example_xcomargs.py
[2024-03-12T09:31:56.462+0000] {processor.py:840} INFO - DAG(s) 'example_xcom_args', 'example_xcom_args_with_operators' retrieved from /usr/local/lib/python3.10/dist-packages/airflow/example_dags/example_xcomargs.py
[2024-03-12T09:31:56.485+0000] {logging_mixin.py:188} INFO - [2024-03-12T09:31:56.484+0000] {dag.py:3047} INFO - Sync 2 DAGs
[2024-03-12T09:31:56.523+0000] {logging_mixin.py:188} INFO - [2024-03-12T09:31:56.523+0000] {dag.py:3834} INFO - Setting next_dagrun for example_xcom_args to None, run_after=None
[2024-03-12T09:31:56.530+0000] {logging_mixin.py:188} INFO - [2024-03-12T09:31:56.530+0000] {dag.py:3834} INFO - Setting next_dagrun for example_xcom_args_with_operators to None, run_after=None
[2024-03-12T09:31:56.559+0000] {processor.py:183} INFO - Processing /usr/local/lib/python3.10/dist-packages/airflow/example_dags/example_xcomargs.py took 0.126 seconds
[2024-03-12T09:32:39.011+0000] {processor.py:161} INFO - Started process (PID=14578) to work on /usr/local/lib/python3.10/dist-packages/airflow/example_dags/example_xcomargs.py
[2024-03-12T09:32:39.016+0000] {processor.py:830} INFO - Processing file /usr/local/lib/python3.10/dist-packages/airflow/example_dags/example_xcomargs.py for tasks to queue
[2024-03-12T09:32:39.019+0000] {logging_mixin.py:188} INFO - [2024-03-12T09:32:39.017+0000] {dagbag.py:540} INFO - Filling up the DagBag from /usr/local/lib/python3.10/dist-packages/airflow/example_dags/example_xcomargs.py
[2024-03-12T09:32:39.038+0000] {processor.py:840} INFO - DAG(s) 'example_xcom_args', 'example_xcom_args_with_operators' retrieved from /usr/local/lib/python3.10/dist-packages/airflow/example_dags/example_xcomargs.py
[2024-03-12T09:32:39.072+0000] {logging_mixin.py:188} INFO - [2024-03-12T09:32:39.071+0000] {dag.py:3047} INFO - Sync 2 DAGs
[2024-03-12T09:32:39.094+0000] {logging_mixin.py:188} INFO - [2024-03-12T09:32:39.093+0000] {dag.py:3834} INFO - Setting next_dagrun for example_xcom_args to None, run_after=None
[2024-03-12T09:32:39.099+0000] {logging_mixin.py:188} INFO - [2024-03-12T09:32:39.099+0000] {dag.py:3834} INFO - Setting next_dagrun for example_xcom_args_with_operators to None, run_after=None
[2024-03-12T09:32:39.135+0000] {processor.py:183} INFO - Processing /usr/local/lib/python3.10/dist-packages/airflow/example_dags/example_xcomargs.py took 0.148 seconds
[2024-03-12T09:33:24.164+0000] {processor.py:161} INFO - Started process (PID=14622) to work on /usr/local/lib/python3.10/dist-packages/airflow/example_dags/example_xcomargs.py
[2024-03-12T09:33:24.166+0000] {processor.py:830} INFO - Processing file /usr/local/lib/python3.10/dist-packages/airflow/example_dags/example_xcomargs.py for tasks to queue
[2024-03-12T09:33:24.167+0000] {logging_mixin.py:188} INFO - [2024-03-12T09:33:24.166+0000] {dagbag.py:540} INFO - Filling up the DagBag from /usr/local/lib/python3.10/dist-packages/airflow/example_dags/example_xcomargs.py
[2024-03-12T09:33:24.177+0000] {processor.py:840} INFO - DAG(s) 'example_xcom_args_with_operators', 'example_xcom_args' retrieved from /usr/local/lib/python3.10/dist-packages/airflow/example_dags/example_xcomargs.py
[2024-03-12T09:33:24.199+0000] {logging_mixin.py:188} INFO - [2024-03-12T09:33:24.199+0000] {dag.py:3047} INFO - Sync 2 DAGs
[2024-03-12T09:33:24.214+0000] {logging_mixin.py:188} INFO - [2024-03-12T09:33:24.214+0000] {dag.py:3834} INFO - Setting next_dagrun for example_xcom_args to None, run_after=None
[2024-03-12T09:33:24.218+0000] {logging_mixin.py:188} INFO - [2024-03-12T09:33:24.218+0000] {dag.py:3834} INFO - Setting next_dagrun for example_xcom_args_with_operators to None, run_after=None
[2024-03-12T09:33:24.241+0000] {processor.py:183} INFO - Processing /usr/local/lib/python3.10/dist-packages/airflow/example_dags/example_xcomargs.py took 0.080 seconds
[2024-03-12T09:34:08.193+0000] {processor.py:161} INFO - Started process (PID=14664) to work on /usr/local/lib/python3.10/dist-packages/airflow/example_dags/example_xcomargs.py
[2024-03-12T09:34:08.195+0000] {processor.py:830} INFO - Processing file /usr/local/lib/python3.10/dist-packages/airflow/example_dags/example_xcomargs.py for tasks to queue
[2024-03-12T09:34:08.196+0000] {logging_mixin.py:188} INFO - [2024-03-12T09:34:08.195+0000] {dagbag.py:540} INFO - Filling up the DagBag from /usr/local/lib/python3.10/dist-packages/airflow/example_dags/example_xcomargs.py
[2024-03-12T09:34:08.208+0000] {processor.py:840} INFO - DAG(s) 'example_xcom_args_with_operators', 'example_xcom_args' retrieved from /usr/local/lib/python3.10/dist-packages/airflow/example_dags/example_xcomargs.py
[2024-03-12T09:34:08.238+0000] {logging_mixin.py:188} INFO - [2024-03-12T09:34:08.237+0000] {dag.py:3047} INFO - Sync 2 DAGs
[2024-03-12T09:34:08.254+0000] {logging_mixin.py:188} INFO - [2024-03-12T09:34:08.253+0000] {dag.py:3834} INFO - Setting next_dagrun for example_xcom_args to None, run_after=None
[2024-03-12T09:34:08.259+0000] {logging_mixin.py:188} INFO - [2024-03-12T09:34:08.258+0000] {dag.py:3834} INFO - Setting next_dagrun for example_xcom_args_with_operators to None, run_after=None
[2024-03-12T09:34:08.320+0000] {processor.py:183} INFO - Processing /usr/local/lib/python3.10/dist-packages/airflow/example_dags/example_xcomargs.py took 0.133 seconds
[2024-03-12T09:34:50.109+0000] {processor.py:161} INFO - Started process (PID=14705) to work on /usr/local/lib/python3.10/dist-packages/airflow/example_dags/example_xcomargs.py
[2024-03-12T09:34:50.110+0000] {processor.py:830} INFO - Processing file /usr/local/lib/python3.10/dist-packages/airflow/example_dags/example_xcomargs.py for tasks to queue
[2024-03-12T09:34:50.111+0000] {logging_mixin.py:188} INFO - [2024-03-12T09:34:50.111+0000] {dagbag.py:540} INFO - Filling up the DagBag from /usr/local/lib/python3.10/dist-packages/airflow/example_dags/example_xcomargs.py
[2024-03-12T09:34:50.127+0000] {processor.py:840} INFO - DAG(s) 'example_xcom_args', 'example_xcom_args_with_operators' retrieved from /usr/local/lib/python3.10/dist-packages/airflow/example_dags/example_xcomargs.py
[2024-03-12T09:34:50.151+0000] {logging_mixin.py:188} INFO - [2024-03-12T09:34:50.151+0000] {dag.py:3047} INFO - Sync 2 DAGs
[2024-03-12T09:34:50.165+0000] {logging_mixin.py:188} INFO - [2024-03-12T09:34:50.164+0000] {dag.py:3834} INFO - Setting next_dagrun for example_xcom_args to None, run_after=None
[2024-03-12T09:34:50.170+0000] {logging_mixin.py:188} INFO - [2024-03-12T09:34:50.170+0000] {dag.py:3834} INFO - Setting next_dagrun for example_xcom_args_with_operators to None, run_after=None
[2024-03-12T09:34:50.197+0000] {processor.py:183} INFO - Processing /usr/local/lib/python3.10/dist-packages/airflow/example_dags/example_xcomargs.py took 0.092 seconds
[2024-03-12T09:35:36.721+0000] {processor.py:161} INFO - Started process (PID=14749) to work on /usr/local/lib/python3.10/dist-packages/airflow/example_dags/example_xcomargs.py
[2024-03-12T09:35:36.726+0000] {processor.py:830} INFO - Processing file /usr/local/lib/python3.10/dist-packages/airflow/example_dags/example_xcomargs.py for tasks to queue
[2024-03-12T09:35:36.728+0000] {logging_mixin.py:188} INFO - [2024-03-12T09:35:36.727+0000] {dagbag.py:540} INFO - Filling up the DagBag from /usr/local/lib/python3.10/dist-packages/airflow/example_dags/example_xcomargs.py
[2024-03-12T09:35:36.747+0000] {processor.py:840} INFO - DAG(s) 'example_xcom_args', 'example_xcom_args_with_operators' retrieved from /usr/local/lib/python3.10/dist-packages/airflow/example_dags/example_xcomargs.py
[2024-03-12T09:35:36.789+0000] {logging_mixin.py:188} INFO - [2024-03-12T09:35:36.788+0000] {dag.py:3047} INFO - Sync 2 DAGs
[2024-03-12T09:35:36.810+0000] {logging_mixin.py:188} INFO - [2024-03-12T09:35:36.807+0000] {dag.py:3834} INFO - Setting next_dagrun for example_xcom_args to None, run_after=None
[2024-03-12T09:35:36.830+0000] {logging_mixin.py:188} INFO - [2024-03-12T09:35:36.829+0000] {dag.py:3834} INFO - Setting next_dagrun for example_xcom_args_with_operators to None, run_after=None
[2024-03-12T09:35:36.877+0000] {processor.py:183} INFO - Processing /usr/local/lib/python3.10/dist-packages/airflow/example_dags/example_xcomargs.py took 0.163 seconds
[2024-03-12T09:36:15.966+0000] {processor.py:161} INFO - Started process (PID=14788) to work on /usr/local/lib/python3.10/dist-packages/airflow/example_dags/example_xcomargs.py
[2024-03-12T09:36:15.969+0000] {processor.py:830} INFO - Processing file /usr/local/lib/python3.10/dist-packages/airflow/example_dags/example_xcomargs.py for tasks to queue
[2024-03-12T09:36:15.970+0000] {logging_mixin.py:188} INFO - [2024-03-12T09:36:15.970+0000] {dagbag.py:540} INFO - Filling up the DagBag from /usr/local/lib/python3.10/dist-packages/airflow/example_dags/example_xcomargs.py
[2024-03-12T09:36:15.982+0000] {processor.py:840} INFO - DAG(s) 'example_xcom_args_with_operators', 'example_xcom_args' retrieved from /usr/local/lib/python3.10/dist-packages/airflow/example_dags/example_xcomargs.py
[2024-03-12T09:36:16.005+0000] {logging_mixin.py:188} INFO - [2024-03-12T09:36:16.005+0000] {dag.py:3047} INFO - Sync 2 DAGs
[2024-03-12T09:36:16.025+0000] {logging_mixin.py:188} INFO - [2024-03-12T09:36:16.025+0000] {dag.py:3834} INFO - Setting next_dagrun for example_xcom_args to None, run_after=None
[2024-03-12T09:36:16.029+0000] {logging_mixin.py:188} INFO - [2024-03-12T09:36:16.029+0000] {dag.py:3834} INFO - Setting next_dagrun for example_xcom_args_with_operators to None, run_after=None
[2024-03-12T09:36:16.054+0000] {processor.py:183} INFO - Processing /usr/local/lib/python3.10/dist-packages/airflow/example_dags/example_xcomargs.py took 0.092 seconds
[2024-03-12T09:36:58.492+0000] {processor.py:161} INFO - Started process (PID=14828) to work on /usr/local/lib/python3.10/dist-packages/airflow/example_dags/example_xcomargs.py
[2024-03-12T09:36:58.494+0000] {processor.py:830} INFO - Processing file /usr/local/lib/python3.10/dist-packages/airflow/example_dags/example_xcomargs.py for tasks to queue
[2024-03-12T09:36:58.495+0000] {logging_mixin.py:188} INFO - [2024-03-12T09:36:58.494+0000] {dagbag.py:540} INFO - Filling up the DagBag from /usr/local/lib/python3.10/dist-packages/airflow/example_dags/example_xcomargs.py
[2024-03-12T09:36:58.510+0000] {processor.py:840} INFO - DAG(s) 'example_xcom_args', 'example_xcom_args_with_operators' retrieved from /usr/local/lib/python3.10/dist-packages/airflow/example_dags/example_xcomargs.py
[2024-03-12T09:36:58.550+0000] {logging_mixin.py:188} INFO - [2024-03-12T09:36:58.549+0000] {dag.py:3047} INFO - Sync 2 DAGs
[2024-03-12T09:36:58.567+0000] {logging_mixin.py:188} INFO - [2024-03-12T09:36:58.567+0000] {dag.py:3834} INFO - Setting next_dagrun for example_xcom_args to None, run_after=None
[2024-03-12T09:36:58.580+0000] {logging_mixin.py:188} INFO - [2024-03-12T09:36:58.579+0000] {dag.py:3834} INFO - Setting next_dagrun for example_xcom_args_with_operators to None, run_after=None
[2024-03-12T09:36:58.621+0000] {processor.py:183} INFO - Processing /usr/local/lib/python3.10/dist-packages/airflow/example_dags/example_xcomargs.py took 0.134 seconds
[2024-03-12T09:37:40.507+0000] {processor.py:161} INFO - Started process (PID=14869) to work on /usr/local/lib/python3.10/dist-packages/airflow/example_dags/example_xcomargs.py
[2024-03-12T09:37:40.509+0000] {processor.py:830} INFO - Processing file /usr/local/lib/python3.10/dist-packages/airflow/example_dags/example_xcomargs.py for tasks to queue
[2024-03-12T09:37:40.510+0000] {logging_mixin.py:188} INFO - [2024-03-12T09:37:40.510+0000] {dagbag.py:540} INFO - Filling up the DagBag from /usr/local/lib/python3.10/dist-packages/airflow/example_dags/example_xcomargs.py
[2024-03-12T09:37:40.534+0000] {processor.py:840} INFO - DAG(s) 'example_xcom_args_with_operators', 'example_xcom_args' retrieved from /usr/local/lib/python3.10/dist-packages/airflow/example_dags/example_xcomargs.py
[2024-03-12T09:37:40.596+0000] {logging_mixin.py:188} INFO - [2024-03-12T09:37:40.595+0000] {dag.py:3047} INFO - Sync 2 DAGs
[2024-03-12T09:37:40.614+0000] {logging_mixin.py:188} INFO - [2024-03-12T09:37:40.614+0000] {dag.py:3834} INFO - Setting next_dagrun for example_xcom_args to None, run_after=None
[2024-03-12T09:37:40.619+0000] {logging_mixin.py:188} INFO - [2024-03-12T09:37:40.618+0000] {dag.py:3834} INFO - Setting next_dagrun for example_xcom_args_with_operators to None, run_after=None
[2024-03-12T09:37:40.660+0000] {processor.py:183} INFO - Processing /usr/local/lib/python3.10/dist-packages/airflow/example_dags/example_xcomargs.py took 0.156 seconds
[2024-03-12T09:38:22.233+0000] {processor.py:161} INFO - Started process (PID=14910) to work on /usr/local/lib/python3.10/dist-packages/airflow/example_dags/example_xcomargs.py
[2024-03-12T09:38:22.236+0000] {processor.py:830} INFO - Processing file /usr/local/lib/python3.10/dist-packages/airflow/example_dags/example_xcomargs.py for tasks to queue
[2024-03-12T09:38:22.237+0000] {logging_mixin.py:188} INFO - [2024-03-12T09:38:22.237+0000] {dagbag.py:540} INFO - Filling up the DagBag from /usr/local/lib/python3.10/dist-packages/airflow/example_dags/example_xcomargs.py
[2024-03-12T09:38:22.265+0000] {processor.py:840} INFO - DAG(s) 'example_xcom_args', 'example_xcom_args_with_operators' retrieved from /usr/local/lib/python3.10/dist-packages/airflow/example_dags/example_xcomargs.py
[2024-03-12T09:38:22.327+0000] {logging_mixin.py:188} INFO - [2024-03-12T09:38:22.326+0000] {dag.py:3047} INFO - Sync 2 DAGs
[2024-03-12T09:38:22.369+0000] {logging_mixin.py:188} INFO - [2024-03-12T09:38:22.368+0000] {dag.py:3834} INFO - Setting next_dagrun for example_xcom_args to None, run_after=None
[2024-03-12T09:38:22.376+0000] {logging_mixin.py:188} INFO - [2024-03-12T09:38:22.376+0000] {dag.py:3834} INFO - Setting next_dagrun for example_xcom_args_with_operators to None, run_after=None
[2024-03-12T09:38:22.411+0000] {processor.py:183} INFO - Processing /usr/local/lib/python3.10/dist-packages/airflow/example_dags/example_xcomargs.py took 0.184 seconds
[2024-03-12T09:39:03.768+0000] {processor.py:161} INFO - Started process (PID=14950) to work on /usr/local/lib/python3.10/dist-packages/airflow/example_dags/example_xcomargs.py
[2024-03-12T09:39:03.770+0000] {processor.py:830} INFO - Processing file /usr/local/lib/python3.10/dist-packages/airflow/example_dags/example_xcomargs.py for tasks to queue
[2024-03-12T09:39:03.771+0000] {logging_mixin.py:188} INFO - [2024-03-12T09:39:03.770+0000] {dagbag.py:540} INFO - Filling up the DagBag from /usr/local/lib/python3.10/dist-packages/airflow/example_dags/example_xcomargs.py
[2024-03-12T09:39:03.782+0000] {processor.py:840} INFO - DAG(s) 'example_xcom_args', 'example_xcom_args_with_operators' retrieved from /usr/local/lib/python3.10/dist-packages/airflow/example_dags/example_xcomargs.py
[2024-03-12T09:39:03.809+0000] {logging_mixin.py:188} INFO - [2024-03-12T09:39:03.809+0000] {dag.py:3047} INFO - Sync 2 DAGs
[2024-03-12T09:39:03.823+0000] {logging_mixin.py:188} INFO - [2024-03-12T09:39:03.823+0000] {dag.py:3834} INFO - Setting next_dagrun for example_xcom_args to None, run_after=None
[2024-03-12T09:39:03.827+0000] {logging_mixin.py:188} INFO - [2024-03-12T09:39:03.826+0000] {dag.py:3834} INFO - Setting next_dagrun for example_xcom_args_with_operators to None, run_after=None
[2024-03-12T09:39:03.853+0000] {processor.py:183} INFO - Processing /usr/local/lib/python3.10/dist-packages/airflow/example_dags/example_xcomargs.py took 0.091 seconds
[2024-03-12T09:39:47.830+0000] {processor.py:161} INFO - Started process (PID=14992) to work on /usr/local/lib/python3.10/dist-packages/airflow/example_dags/example_xcomargs.py
[2024-03-12T09:39:47.832+0000] {processor.py:830} INFO - Processing file /usr/local/lib/python3.10/dist-packages/airflow/example_dags/example_xcomargs.py for tasks to queue
[2024-03-12T09:39:47.833+0000] {logging_mixin.py:188} INFO - [2024-03-12T09:39:47.833+0000] {dagbag.py:540} INFO - Filling up the DagBag from /usr/local/lib/python3.10/dist-packages/airflow/example_dags/example_xcomargs.py
[2024-03-12T09:39:47.846+0000] {processor.py:840} INFO - DAG(s) 'example_xcom_args_with_operators', 'example_xcom_args' retrieved from /usr/local/lib/python3.10/dist-packages/airflow/example_dags/example_xcomargs.py
[2024-03-12T09:39:47.885+0000] {logging_mixin.py:188} INFO - [2024-03-12T09:39:47.885+0000] {dag.py:3047} INFO - Sync 2 DAGs
[2024-03-12T09:39:47.911+0000] {logging_mixin.py:188} INFO - [2024-03-12T09:39:47.911+0000] {dag.py:3834} INFO - Setting next_dagrun for example_xcom_args to None, run_after=None
[2024-03-12T09:39:47.920+0000] {logging_mixin.py:188} INFO - [2024-03-12T09:39:47.920+0000] {dag.py:3834} INFO - Setting next_dagrun for example_xcom_args_with_operators to None, run_after=None
[2024-03-12T09:39:47.950+0000] {processor.py:183} INFO - Processing /usr/local/lib/python3.10/dist-packages/airflow/example_dags/example_xcomargs.py took 0.124 seconds
[2024-03-12T09:40:29.423+0000] {processor.py:161} INFO - Started process (PID=15033) to work on /usr/local/lib/python3.10/dist-packages/airflow/example_dags/example_xcomargs.py
[2024-03-12T09:40:29.425+0000] {processor.py:830} INFO - Processing file /usr/local/lib/python3.10/dist-packages/airflow/example_dags/example_xcomargs.py for tasks to queue
[2024-03-12T09:40:29.428+0000] {logging_mixin.py:188} INFO - [2024-03-12T09:40:29.427+0000] {dagbag.py:540} INFO - Filling up the DagBag from /usr/local/lib/python3.10/dist-packages/airflow/example_dags/example_xcomargs.py
[2024-03-12T09:40:29.454+0000] {processor.py:840} INFO - DAG(s) 'example_xcom_args_with_operators', 'example_xcom_args' retrieved from /usr/local/lib/python3.10/dist-packages/airflow/example_dags/example_xcomargs.py
[2024-03-12T09:40:29.505+0000] {logging_mixin.py:188} INFO - [2024-03-12T09:40:29.505+0000] {dag.py:3047} INFO - Sync 2 DAGs
[2024-03-12T09:40:29.532+0000] {logging_mixin.py:188} INFO - [2024-03-12T09:40:29.532+0000] {dag.py:3834} INFO - Setting next_dagrun for example_xcom_args to None, run_after=None
[2024-03-12T09:40:29.540+0000] {logging_mixin.py:188} INFO - [2024-03-12T09:40:29.539+0000] {dag.py:3834} INFO - Setting next_dagrun for example_xcom_args_with_operators to None, run_after=None
[2024-03-12T09:40:29.567+0000] {processor.py:183} INFO - Processing /usr/local/lib/python3.10/dist-packages/airflow/example_dags/example_xcomargs.py took 0.150 seconds
[2024-03-12T09:41:12.580+0000] {processor.py:161} INFO - Started process (PID=15075) to work on /usr/local/lib/python3.10/dist-packages/airflow/example_dags/example_xcomargs.py
[2024-03-12T09:41:12.582+0000] {processor.py:830} INFO - Processing file /usr/local/lib/python3.10/dist-packages/airflow/example_dags/example_xcomargs.py for tasks to queue
[2024-03-12T09:41:12.583+0000] {logging_mixin.py:188} INFO - [2024-03-12T09:41:12.582+0000] {dagbag.py:540} INFO - Filling up the DagBag from /usr/local/lib/python3.10/dist-packages/airflow/example_dags/example_xcomargs.py
[2024-03-12T09:41:12.592+0000] {processor.py:840} INFO - DAG(s) 'example_xcom_args', 'example_xcom_args_with_operators' retrieved from /usr/local/lib/python3.10/dist-packages/airflow/example_dags/example_xcomargs.py
[2024-03-12T09:41:12.612+0000] {logging_mixin.py:188} INFO - [2024-03-12T09:41:12.612+0000] {dag.py:3047} INFO - Sync 2 DAGs
[2024-03-12T09:41:12.624+0000] {logging_mixin.py:188} INFO - [2024-03-12T09:41:12.623+0000] {dag.py:3834} INFO - Setting next_dagrun for example_xcom_args to None, run_after=None
[2024-03-12T09:41:12.627+0000] {logging_mixin.py:188} INFO - [2024-03-12T09:41:12.627+0000] {dag.py:3834} INFO - Setting next_dagrun for example_xcom_args_with_operators to None, run_after=None
[2024-03-12T09:41:12.649+0000] {processor.py:183} INFO - Processing /usr/local/lib/python3.10/dist-packages/airflow/example_dags/example_xcomargs.py took 0.072 seconds
[2024-03-12T09:41:54.610+0000] {processor.py:161} INFO - Started process (PID=15115) to work on /usr/local/lib/python3.10/dist-packages/airflow/example_dags/example_xcomargs.py
[2024-03-12T09:41:54.614+0000] {processor.py:830} INFO - Processing file /usr/local/lib/python3.10/dist-packages/airflow/example_dags/example_xcomargs.py for tasks to queue
[2024-03-12T09:41:54.615+0000] {logging_mixin.py:188} INFO - [2024-03-12T09:41:54.615+0000] {dagbag.py:540} INFO - Filling up the DagBag from /usr/local/lib/python3.10/dist-packages/airflow/example_dags/example_xcomargs.py
[2024-03-12T09:41:54.627+0000] {processor.py:840} INFO - DAG(s) 'example_xcom_args_with_operators', 'example_xcom_args' retrieved from /usr/local/lib/python3.10/dist-packages/airflow/example_dags/example_xcomargs.py
[2024-03-12T09:41:54.648+0000] {logging_mixin.py:188} INFO - [2024-03-12T09:41:54.647+0000] {dag.py:3047} INFO - Sync 2 DAGs
[2024-03-12T09:41:54.661+0000] {logging_mixin.py:188} INFO - [2024-03-12T09:41:54.661+0000] {dag.py:3834} INFO - Setting next_dagrun for example_xcom_args to None, run_after=None
[2024-03-12T09:41:54.665+0000] {logging_mixin.py:188} INFO - [2024-03-12T09:41:54.665+0000] {dag.py:3834} INFO - Setting next_dagrun for example_xcom_args_with_operators to None, run_after=None
[2024-03-12T09:41:54.700+0000] {processor.py:183} INFO - Processing /usr/local/lib/python3.10/dist-packages/airflow/example_dags/example_xcomargs.py took 0.099 seconds
[2024-03-12T09:42:35.903+0000] {processor.py:161} INFO - Started process (PID=15158) to work on /usr/local/lib/python3.10/dist-packages/airflow/example_dags/example_xcomargs.py
[2024-03-12T09:42:35.904+0000] {processor.py:830} INFO - Processing file /usr/local/lib/python3.10/dist-packages/airflow/example_dags/example_xcomargs.py for tasks to queue
[2024-03-12T09:42:35.906+0000] {logging_mixin.py:188} INFO - [2024-03-12T09:42:35.905+0000] {dagbag.py:540} INFO - Filling up the DagBag from /usr/local/lib/python3.10/dist-packages/airflow/example_dags/example_xcomargs.py
[2024-03-12T09:42:35.919+0000] {processor.py:840} INFO - DAG(s) 'example_xcom_args', 'example_xcom_args_with_operators' retrieved from /usr/local/lib/python3.10/dist-packages/airflow/example_dags/example_xcomargs.py
[2024-03-12T09:42:35.945+0000] {logging_mixin.py:188} INFO - [2024-03-12T09:42:35.944+0000] {dag.py:3047} INFO - Sync 2 DAGs
[2024-03-12T09:42:35.960+0000] {logging_mixin.py:188} INFO - [2024-03-12T09:42:35.960+0000] {dag.py:3834} INFO - Setting next_dagrun for example_xcom_args to None, run_after=None
[2024-03-12T09:42:35.964+0000] {logging_mixin.py:188} INFO - [2024-03-12T09:42:35.964+0000] {dag.py:3834} INFO - Setting next_dagrun for example_xcom_args_with_operators to None, run_after=None
[2024-03-12T09:42:35.992+0000] {processor.py:183} INFO - Processing /usr/local/lib/python3.10/dist-packages/airflow/example_dags/example_xcomargs.py took 0.093 seconds
[2024-03-12T09:43:15.175+0000] {processor.py:161} INFO - Started process (PID=15267) to work on /usr/local/lib/python3.10/dist-packages/airflow/example_dags/example_xcomargs.py
[2024-03-12T09:43:15.176+0000] {processor.py:830} INFO - Processing file /usr/local/lib/python3.10/dist-packages/airflow/example_dags/example_xcomargs.py for tasks to queue
[2024-03-12T09:43:15.177+0000] {logging_mixin.py:188} INFO - [2024-03-12T09:43:15.177+0000] {dagbag.py:540} INFO - Filling up the DagBag from /usr/local/lib/python3.10/dist-packages/airflow/example_dags/example_xcomargs.py
[2024-03-12T09:43:15.187+0000] {processor.py:840} INFO - DAG(s) 'example_xcom_args', 'example_xcom_args_with_operators' retrieved from /usr/local/lib/python3.10/dist-packages/airflow/example_dags/example_xcomargs.py
[2024-03-12T09:43:15.210+0000] {logging_mixin.py:188} INFO - [2024-03-12T09:43:15.209+0000] {dag.py:3047} INFO - Sync 2 DAGs
[2024-03-12T09:43:15.229+0000] {logging_mixin.py:188} INFO - [2024-03-12T09:43:15.228+0000] {dag.py:3834} INFO - Setting next_dagrun for example_xcom_args to None, run_after=None
[2024-03-12T09:43:15.234+0000] {logging_mixin.py:188} INFO - [2024-03-12T09:43:15.234+0000] {dag.py:3834} INFO - Setting next_dagrun for example_xcom_args_with_operators to None, run_after=None
[2024-03-12T09:43:15.265+0000] {processor.py:183} INFO - Processing /usr/local/lib/python3.10/dist-packages/airflow/example_dags/example_xcomargs.py took 0.093 seconds
[2024-03-12T09:43:58.342+0000] {processor.py:161} INFO - Started process (PID=15324) to work on /usr/local/lib/python3.10/dist-packages/airflow/example_dags/example_xcomargs.py
[2024-03-12T09:43:58.344+0000] {processor.py:830} INFO - Processing file /usr/local/lib/python3.10/dist-packages/airflow/example_dags/example_xcomargs.py for tasks to queue
[2024-03-12T09:43:58.345+0000] {logging_mixin.py:188} INFO - [2024-03-12T09:43:58.345+0000] {dagbag.py:540} INFO - Filling up the DagBag from /usr/local/lib/python3.10/dist-packages/airflow/example_dags/example_xcomargs.py
[2024-03-12T09:43:58.357+0000] {processor.py:840} INFO - DAG(s) 'example_xcom_args', 'example_xcom_args_with_operators' retrieved from /usr/local/lib/python3.10/dist-packages/airflow/example_dags/example_xcomargs.py
[2024-03-12T09:43:58.394+0000] {logging_mixin.py:188} INFO - [2024-03-12T09:43:58.394+0000] {dag.py:3047} INFO - Sync 2 DAGs
[2024-03-12T09:43:58.422+0000] {logging_mixin.py:188} INFO - [2024-03-12T09:43:58.422+0000] {dag.py:3834} INFO - Setting next_dagrun for example_xcom_args to None, run_after=None
[2024-03-12T09:43:58.426+0000] {logging_mixin.py:188} INFO - [2024-03-12T09:43:58.426+0000] {dag.py:3834} INFO - Setting next_dagrun for example_xcom_args_with_operators to None, run_after=None
[2024-03-12T09:43:58.461+0000] {processor.py:183} INFO - Processing /usr/local/lib/python3.10/dist-packages/airflow/example_dags/example_xcomargs.py took 0.123 seconds
[2024-03-12T09:44:42.077+0000] {processor.py:161} INFO - Started process (PID=15367) to work on /usr/local/lib/python3.10/dist-packages/airflow/example_dags/example_xcomargs.py
[2024-03-12T09:44:42.079+0000] {processor.py:830} INFO - Processing file /usr/local/lib/python3.10/dist-packages/airflow/example_dags/example_xcomargs.py for tasks to queue
[2024-03-12T09:44:42.080+0000] {logging_mixin.py:188} INFO - [2024-03-12T09:44:42.079+0000] {dagbag.py:540} INFO - Filling up the DagBag from /usr/local/lib/python3.10/dist-packages/airflow/example_dags/example_xcomargs.py
[2024-03-12T09:44:42.092+0000] {processor.py:840} INFO - DAG(s) 'example_xcom_args', 'example_xcom_args_with_operators' retrieved from /usr/local/lib/python3.10/dist-packages/airflow/example_dags/example_xcomargs.py
[2024-03-12T09:44:42.115+0000] {logging_mixin.py:188} INFO - [2024-03-12T09:44:42.115+0000] {dag.py:3047} INFO - Sync 2 DAGs
[2024-03-12T09:44:42.131+0000] {logging_mixin.py:188} INFO - [2024-03-12T09:44:42.130+0000] {dag.py:3834} INFO - Setting next_dagrun for example_xcom_args to None, run_after=None
[2024-03-12T09:44:42.138+0000] {logging_mixin.py:188} INFO - [2024-03-12T09:44:42.137+0000] {dag.py:3834} INFO - Setting next_dagrun for example_xcom_args_with_operators to None, run_after=None
[2024-03-12T09:44:42.169+0000] {processor.py:183} INFO - Processing /usr/local/lib/python3.10/dist-packages/airflow/example_dags/example_xcomargs.py took 0.095 seconds
[2024-03-12T09:45:25.898+0000] {processor.py:161} INFO - Started process (PID=15409) to work on /usr/local/lib/python3.10/dist-packages/airflow/example_dags/example_xcomargs.py
[2024-03-12T09:45:25.900+0000] {processor.py:830} INFO - Processing file /usr/local/lib/python3.10/dist-packages/airflow/example_dags/example_xcomargs.py for tasks to queue
[2024-03-12T09:45:25.902+0000] {logging_mixin.py:188} INFO - [2024-03-12T09:45:25.901+0000] {dagbag.py:540} INFO - Filling up the DagBag from /usr/local/lib/python3.10/dist-packages/airflow/example_dags/example_xcomargs.py
[2024-03-12T09:45:25.916+0000] {processor.py:840} INFO - DAG(s) 'example_xcom_args_with_operators', 'example_xcom_args' retrieved from /usr/local/lib/python3.10/dist-packages/airflow/example_dags/example_xcomargs.py
[2024-03-12T09:45:25.942+0000] {logging_mixin.py:188} INFO - [2024-03-12T09:45:25.942+0000] {dag.py:3047} INFO - Sync 2 DAGs
[2024-03-12T09:45:25.968+0000] {logging_mixin.py:188} INFO - [2024-03-12T09:45:25.968+0000] {dag.py:3834} INFO - Setting next_dagrun for example_xcom_args to None, run_after=None
[2024-03-12T09:45:25.973+0000] {logging_mixin.py:188} INFO - [2024-03-12T09:45:25.973+0000] {dag.py:3834} INFO - Setting next_dagrun for example_xcom_args_with_operators to None, run_after=None
[2024-03-12T09:45:26.016+0000] {processor.py:183} INFO - Processing /usr/local/lib/python3.10/dist-packages/airflow/example_dags/example_xcomargs.py took 0.123 seconds
[2024-03-12T09:46:06.185+0000] {processor.py:161} INFO - Started process (PID=15449) to work on /usr/local/lib/python3.10/dist-packages/airflow/example_dags/example_xcomargs.py
[2024-03-12T09:46:06.187+0000] {processor.py:830} INFO - Processing file /usr/local/lib/python3.10/dist-packages/airflow/example_dags/example_xcomargs.py for tasks to queue
[2024-03-12T09:46:06.189+0000] {logging_mixin.py:188} INFO - [2024-03-12T09:46:06.188+0000] {dagbag.py:540} INFO - Filling up the DagBag from /usr/local/lib/python3.10/dist-packages/airflow/example_dags/example_xcomargs.py
[2024-03-12T09:46:06.208+0000] {processor.py:840} INFO - DAG(s) 'example_xcom_args', 'example_xcom_args_with_operators' retrieved from /usr/local/lib/python3.10/dist-packages/airflow/example_dags/example_xcomargs.py
[2024-03-12T09:46:06.251+0000] {logging_mixin.py:188} INFO - [2024-03-12T09:46:06.251+0000] {dag.py:3047} INFO - Sync 2 DAGs
[2024-03-12T09:46:06.274+0000] {logging_mixin.py:188} INFO - [2024-03-12T09:46:06.274+0000] {dag.py:3834} INFO - Setting next_dagrun for example_xcom_args to None, run_after=None
[2024-03-12T09:46:06.280+0000] {logging_mixin.py:188} INFO - [2024-03-12T09:46:06.279+0000] {dag.py:3834} INFO - Setting next_dagrun for example_xcom_args_with_operators to None, run_after=None
[2024-03-12T09:46:06.314+0000] {processor.py:183} INFO - Processing /usr/local/lib/python3.10/dist-packages/airflow/example_dags/example_xcomargs.py took 0.136 seconds
[2024-03-12T09:46:47.080+0000] {processor.py:161} INFO - Started process (PID=15490) to work on /usr/local/lib/python3.10/dist-packages/airflow/example_dags/example_xcomargs.py
[2024-03-12T09:46:47.082+0000] {processor.py:830} INFO - Processing file /usr/local/lib/python3.10/dist-packages/airflow/example_dags/example_xcomargs.py for tasks to queue
[2024-03-12T09:46:47.083+0000] {logging_mixin.py:188} INFO - [2024-03-12T09:46:47.083+0000] {dagbag.py:540} INFO - Filling up the DagBag from /usr/local/lib/python3.10/dist-packages/airflow/example_dags/example_xcomargs.py
[2024-03-12T09:46:47.093+0000] {processor.py:840} INFO - DAG(s) 'example_xcom_args', 'example_xcom_args_with_operators' retrieved from /usr/local/lib/python3.10/dist-packages/airflow/example_dags/example_xcomargs.py
[2024-03-12T09:46:47.117+0000] {logging_mixin.py:188} INFO - [2024-03-12T09:46:47.117+0000] {dag.py:3047} INFO - Sync 2 DAGs
[2024-03-12T09:46:47.133+0000] {logging_mixin.py:188} INFO - [2024-03-12T09:46:47.133+0000] {dag.py:3834} INFO - Setting next_dagrun for example_xcom_args to None, run_after=None
[2024-03-12T09:46:47.137+0000] {logging_mixin.py:188} INFO - [2024-03-12T09:46:47.136+0000] {dag.py:3834} INFO - Setting next_dagrun for example_xcom_args_with_operators to None, run_after=None
[2024-03-12T09:46:47.161+0000] {processor.py:183} INFO - Processing /usr/local/lib/python3.10/dist-packages/airflow/example_dags/example_xcomargs.py took 0.085 seconds
[2024-03-12T09:47:26.754+0000] {processor.py:161} INFO - Started process (PID=15527) to work on /usr/local/lib/python3.10/dist-packages/airflow/example_dags/example_xcomargs.py
[2024-03-12T09:47:26.757+0000] {processor.py:830} INFO - Processing file /usr/local/lib/python3.10/dist-packages/airflow/example_dags/example_xcomargs.py for tasks to queue
[2024-03-12T09:47:26.758+0000] {logging_mixin.py:188} INFO - [2024-03-12T09:47:26.758+0000] {dagbag.py:540} INFO - Filling up the DagBag from /usr/local/lib/python3.10/dist-packages/airflow/example_dags/example_xcomargs.py
[2024-03-12T09:47:26.779+0000] {processor.py:840} INFO - DAG(s) 'example_xcom_args_with_operators', 'example_xcom_args' retrieved from /usr/local/lib/python3.10/dist-packages/airflow/example_dags/example_xcomargs.py
[2024-03-12T09:47:26.820+0000] {logging_mixin.py:188} INFO - [2024-03-12T09:47:26.820+0000] {dag.py:3047} INFO - Sync 2 DAGs
[2024-03-12T09:47:26.844+0000] {logging_mixin.py:188} INFO - [2024-03-12T09:47:26.843+0000] {dag.py:3834} INFO - Setting next_dagrun for example_xcom_args to None, run_after=None
[2024-03-12T09:47:26.850+0000] {logging_mixin.py:188} INFO - [2024-03-12T09:47:26.850+0000] {dag.py:3834} INFO - Setting next_dagrun for example_xcom_args_with_operators to None, run_after=None
[2024-03-12T09:47:26.874+0000] {processor.py:183} INFO - Processing /usr/local/lib/python3.10/dist-packages/airflow/example_dags/example_xcomargs.py took 0.133 seconds
[2024-03-12T09:48:10.318+0000] {processor.py:161} INFO - Started process (PID=15571) to work on /usr/local/lib/python3.10/dist-packages/airflow/example_dags/example_xcomargs.py
[2024-03-12T09:48:10.320+0000] {processor.py:830} INFO - Processing file /usr/local/lib/python3.10/dist-packages/airflow/example_dags/example_xcomargs.py for tasks to queue
[2024-03-12T09:48:10.321+0000] {logging_mixin.py:188} INFO - [2024-03-12T09:48:10.320+0000] {dagbag.py:540} INFO - Filling up the DagBag from /usr/local/lib/python3.10/dist-packages/airflow/example_dags/example_xcomargs.py
[2024-03-12T09:48:10.332+0000] {processor.py:840} INFO - DAG(s) 'example_xcom_args_with_operators', 'example_xcom_args' retrieved from /usr/local/lib/python3.10/dist-packages/airflow/example_dags/example_xcomargs.py
[2024-03-12T09:48:10.354+0000] {logging_mixin.py:188} INFO - [2024-03-12T09:48:10.353+0000] {dag.py:3047} INFO - Sync 2 DAGs
[2024-03-12T09:48:10.367+0000] {logging_mixin.py:188} INFO - [2024-03-12T09:48:10.367+0000] {dag.py:3834} INFO - Setting next_dagrun for example_xcom_args to None, run_after=None
[2024-03-12T09:48:10.371+0000] {logging_mixin.py:188} INFO - [2024-03-12T09:48:10.370+0000] {dag.py:3834} INFO - Setting next_dagrun for example_xcom_args_with_operators to None, run_after=None
[2024-03-12T09:48:10.402+0000] {processor.py:183} INFO - Processing /usr/local/lib/python3.10/dist-packages/airflow/example_dags/example_xcomargs.py took 0.088 seconds
[2024-03-12T09:48:49.904+0000] {processor.py:161} INFO - Started process (PID=15614) to work on /usr/local/lib/python3.10/dist-packages/airflow/example_dags/example_xcomargs.py
[2024-03-12T09:48:49.907+0000] {processor.py:830} INFO - Processing file /usr/local/lib/python3.10/dist-packages/airflow/example_dags/example_xcomargs.py for tasks to queue
[2024-03-12T09:48:49.910+0000] {logging_mixin.py:188} INFO - [2024-03-12T09:48:49.908+0000] {dagbag.py:540} INFO - Filling up the DagBag from /usr/local/lib/python3.10/dist-packages/airflow/example_dags/example_xcomargs.py
[2024-03-12T09:48:49.943+0000] {processor.py:840} INFO - DAG(s) 'example_xcom_args_with_operators', 'example_xcom_args' retrieved from /usr/local/lib/python3.10/dist-packages/airflow/example_dags/example_xcomargs.py
[2024-03-12T09:48:49.983+0000] {logging_mixin.py:188} INFO - [2024-03-12T09:48:49.983+0000] {dag.py:3047} INFO - Sync 2 DAGs
[2024-03-12T09:48:50.013+0000] {logging_mixin.py:188} INFO - [2024-03-12T09:48:50.012+0000] {dag.py:3834} INFO - Setting next_dagrun for example_xcom_args to None, run_after=None
[2024-03-12T09:48:50.023+0000] {logging_mixin.py:188} INFO - [2024-03-12T09:48:50.022+0000] {dag.py:3834} INFO - Setting next_dagrun for example_xcom_args_with_operators to None, run_after=None
[2024-03-12T09:48:50.056+0000] {processor.py:183} INFO - Processing /usr/local/lib/python3.10/dist-packages/airflow/example_dags/example_xcomargs.py took 0.155 seconds
[2024-03-12T09:49:31.112+0000] {processor.py:161} INFO - Started process (PID=15655) to work on /usr/local/lib/python3.10/dist-packages/airflow/example_dags/example_xcomargs.py
[2024-03-12T09:49:31.116+0000] {processor.py:830} INFO - Processing file /usr/local/lib/python3.10/dist-packages/airflow/example_dags/example_xcomargs.py for tasks to queue
[2024-03-12T09:49:31.119+0000] {logging_mixin.py:188} INFO - [2024-03-12T09:49:31.118+0000] {dagbag.py:540} INFO - Filling up the DagBag from /usr/local/lib/python3.10/dist-packages/airflow/example_dags/example_xcomargs.py
[2024-03-12T09:49:31.133+0000] {processor.py:840} INFO - DAG(s) 'example_xcom_args', 'example_xcom_args_with_operators' retrieved from /usr/local/lib/python3.10/dist-packages/airflow/example_dags/example_xcomargs.py
[2024-03-12T09:49:31.160+0000] {logging_mixin.py:188} INFO - [2024-03-12T09:49:31.160+0000] {dag.py:3047} INFO - Sync 2 DAGs
[2024-03-12T09:49:31.184+0000] {logging_mixin.py:188} INFO - [2024-03-12T09:49:31.183+0000] {dag.py:3834} INFO - Setting next_dagrun for example_xcom_args to None, run_after=None
[2024-03-12T09:49:31.189+0000] {logging_mixin.py:188} INFO - [2024-03-12T09:49:31.188+0000] {dag.py:3834} INFO - Setting next_dagrun for example_xcom_args_with_operators to None, run_after=None
[2024-03-12T09:49:31.220+0000] {processor.py:183} INFO - Processing /usr/local/lib/python3.10/dist-packages/airflow/example_dags/example_xcomargs.py took 0.113 seconds
[2024-03-12T09:50:16.111+0000] {processor.py:161} INFO - Started process (PID=15697) to work on /usr/local/lib/python3.10/dist-packages/airflow/example_dags/example_xcomargs.py
[2024-03-12T09:50:16.112+0000] {processor.py:830} INFO - Processing file /usr/local/lib/python3.10/dist-packages/airflow/example_dags/example_xcomargs.py for tasks to queue
[2024-03-12T09:50:16.114+0000] {logging_mixin.py:188} INFO - [2024-03-12T09:50:16.113+0000] {dagbag.py:540} INFO - Filling up the DagBag from /usr/local/lib/python3.10/dist-packages/airflow/example_dags/example_xcomargs.py
[2024-03-12T09:50:16.133+0000] {processor.py:840} INFO - DAG(s) 'example_xcom_args', 'example_xcom_args_with_operators' retrieved from /usr/local/lib/python3.10/dist-packages/airflow/example_dags/example_xcomargs.py
[2024-03-12T09:50:16.154+0000] {logging_mixin.py:188} INFO - [2024-03-12T09:50:16.153+0000] {dag.py:3047} INFO - Sync 2 DAGs
[2024-03-12T09:50:16.166+0000] {logging_mixin.py:188} INFO - [2024-03-12T09:50:16.165+0000] {dag.py:3834} INFO - Setting next_dagrun for example_xcom_args to None, run_after=None
[2024-03-12T09:50:16.171+0000] {logging_mixin.py:188} INFO - [2024-03-12T09:50:16.170+0000] {dag.py:3834} INFO - Setting next_dagrun for example_xcom_args_with_operators to None, run_after=None
[2024-03-12T09:50:16.202+0000] {processor.py:183} INFO - Processing /usr/local/lib/python3.10/dist-packages/airflow/example_dags/example_xcomargs.py took 0.095 seconds
[2024-03-12T09:51:00.518+0000] {processor.py:161} INFO - Started process (PID=15739) to work on /usr/local/lib/python3.10/dist-packages/airflow/example_dags/example_xcomargs.py
[2024-03-12T09:51:00.521+0000] {processor.py:830} INFO - Processing file /usr/local/lib/python3.10/dist-packages/airflow/example_dags/example_xcomargs.py for tasks to queue
[2024-03-12T09:51:00.522+0000] {logging_mixin.py:188} INFO - [2024-03-12T09:51:00.522+0000] {dagbag.py:540} INFO - Filling up the DagBag from /usr/local/lib/python3.10/dist-packages/airflow/example_dags/example_xcomargs.py
[2024-03-12T09:51:00.536+0000] {processor.py:840} INFO - DAG(s) 'example_xcom_args', 'example_xcom_args_with_operators' retrieved from /usr/local/lib/python3.10/dist-packages/airflow/example_dags/example_xcomargs.py
[2024-03-12T09:51:00.597+0000] {logging_mixin.py:188} INFO - [2024-03-12T09:51:00.597+0000] {dag.py:3047} INFO - Sync 2 DAGs
[2024-03-12T09:51:00.616+0000] {logging_mixin.py:188} INFO - [2024-03-12T09:51:00.615+0000] {dag.py:3834} INFO - Setting next_dagrun for example_xcom_args to None, run_after=None
[2024-03-12T09:51:00.621+0000] {logging_mixin.py:188} INFO - [2024-03-12T09:51:00.620+0000] {dag.py:3834} INFO - Setting next_dagrun for example_xcom_args_with_operators to None, run_after=None
[2024-03-12T09:51:00.657+0000] {processor.py:183} INFO - Processing /usr/local/lib/python3.10/dist-packages/airflow/example_dags/example_xcomargs.py took 0.145 seconds
[2024-03-12T09:51:49.336+0000] {processor.py:161} INFO - Started process (PID=15784) to work on /usr/local/lib/python3.10/dist-packages/airflow/example_dags/example_xcomargs.py
[2024-03-12T09:51:49.337+0000] {processor.py:830} INFO - Processing file /usr/local/lib/python3.10/dist-packages/airflow/example_dags/example_xcomargs.py for tasks to queue
[2024-03-12T09:51:49.339+0000] {logging_mixin.py:188} INFO - [2024-03-12T09:51:49.338+0000] {dagbag.py:540} INFO - Filling up the DagBag from /usr/local/lib/python3.10/dist-packages/airflow/example_dags/example_xcomargs.py
[2024-03-12T09:51:49.362+0000] {processor.py:840} INFO - DAG(s) 'example_xcom_args_with_operators', 'example_xcom_args' retrieved from /usr/local/lib/python3.10/dist-packages/airflow/example_dags/example_xcomargs.py
[2024-03-12T09:51:49.420+0000] {logging_mixin.py:188} INFO - [2024-03-12T09:51:49.419+0000] {dag.py:3047} INFO - Sync 2 DAGs
[2024-03-12T09:51:49.463+0000] {logging_mixin.py:188} INFO - [2024-03-12T09:51:49.462+0000] {dag.py:3834} INFO - Setting next_dagrun for example_xcom_args to None, run_after=None
[2024-03-12T09:51:49.466+0000] {logging_mixin.py:188} INFO - [2024-03-12T09:51:49.466+0000] {dag.py:3834} INFO - Setting next_dagrun for example_xcom_args_with_operators to None, run_after=None
[2024-03-12T09:51:49.491+0000] {processor.py:183} INFO - Processing /usr/local/lib/python3.10/dist-packages/airflow/example_dags/example_xcomargs.py took 0.160 seconds
[2024-03-12T09:52:34.814+0000] {processor.py:161} INFO - Started process (PID=15830) to work on /usr/local/lib/python3.10/dist-packages/airflow/example_dags/example_xcomargs.py
[2024-03-12T09:52:34.817+0000] {processor.py:830} INFO - Processing file /usr/local/lib/python3.10/dist-packages/airflow/example_dags/example_xcomargs.py for tasks to queue
[2024-03-12T09:52:34.818+0000] {logging_mixin.py:188} INFO - [2024-03-12T09:52:34.817+0000] {dagbag.py:540} INFO - Filling up the DagBag from /usr/local/lib/python3.10/dist-packages/airflow/example_dags/example_xcomargs.py
[2024-03-12T09:52:34.830+0000] {processor.py:840} INFO - DAG(s) 'example_xcom_args_with_operators', 'example_xcom_args' retrieved from /usr/local/lib/python3.10/dist-packages/airflow/example_dags/example_xcomargs.py
[2024-03-12T09:52:34.867+0000] {logging_mixin.py:188} INFO - [2024-03-12T09:52:34.866+0000] {dag.py:3047} INFO - Sync 2 DAGs
[2024-03-12T09:52:34.885+0000] {logging_mixin.py:188} INFO - [2024-03-12T09:52:34.885+0000] {dag.py:3834} INFO - Setting next_dagrun for example_xcom_args to None, run_after=None
[2024-03-12T09:52:34.890+0000] {logging_mixin.py:188} INFO - [2024-03-12T09:52:34.890+0000] {dag.py:3834} INFO - Setting next_dagrun for example_xcom_args_with_operators to None, run_after=None
[2024-03-12T09:52:34.921+0000] {processor.py:183} INFO - Processing /usr/local/lib/python3.10/dist-packages/airflow/example_dags/example_xcomargs.py took 0.110 seconds
[2024-03-12T09:53:16.108+0000] {processor.py:161} INFO - Started process (PID=15871) to work on /usr/local/lib/python3.10/dist-packages/airflow/example_dags/example_xcomargs.py
[2024-03-12T09:53:16.110+0000] {processor.py:830} INFO - Processing file /usr/local/lib/python3.10/dist-packages/airflow/example_dags/example_xcomargs.py for tasks to queue
[2024-03-12T09:53:16.112+0000] {logging_mixin.py:188} INFO - [2024-03-12T09:53:16.111+0000] {dagbag.py:540} INFO - Filling up the DagBag from /usr/local/lib/python3.10/dist-packages/airflow/example_dags/example_xcomargs.py
[2024-03-12T09:53:16.125+0000] {processor.py:840} INFO - DAG(s) 'example_xcom_args_with_operators', 'example_xcom_args' retrieved from /usr/local/lib/python3.10/dist-packages/airflow/example_dags/example_xcomargs.py
[2024-03-12T09:53:16.150+0000] {logging_mixin.py:188} INFO - [2024-03-12T09:53:16.150+0000] {dag.py:3047} INFO - Sync 2 DAGs
[2024-03-12T09:53:16.164+0000] {logging_mixin.py:188} INFO - [2024-03-12T09:53:16.164+0000] {dag.py:3834} INFO - Setting next_dagrun for example_xcom_args to None, run_after=None
[2024-03-12T09:53:16.168+0000] {logging_mixin.py:188} INFO - [2024-03-12T09:53:16.168+0000] {dag.py:3834} INFO - Setting next_dagrun for example_xcom_args_with_operators to None, run_after=None
[2024-03-12T09:53:16.194+0000] {processor.py:183} INFO - Processing /usr/local/lib/python3.10/dist-packages/airflow/example_dags/example_xcomargs.py took 0.090 seconds
[2024-03-12T09:53:59.540+0000] {processor.py:161} INFO - Started process (PID=15912) to work on /usr/local/lib/python3.10/dist-packages/airflow/example_dags/example_xcomargs.py
[2024-03-12T09:53:59.541+0000] {processor.py:830} INFO - Processing file /usr/local/lib/python3.10/dist-packages/airflow/example_dags/example_xcomargs.py for tasks to queue
[2024-03-12T09:53:59.542+0000] {logging_mixin.py:188} INFO - [2024-03-12T09:53:59.542+0000] {dagbag.py:540} INFO - Filling up the DagBag from /usr/local/lib/python3.10/dist-packages/airflow/example_dags/example_xcomargs.py
[2024-03-12T09:53:59.551+0000] {processor.py:840} INFO - DAG(s) 'example_xcom_args', 'example_xcom_args_with_operators' retrieved from /usr/local/lib/python3.10/dist-packages/airflow/example_dags/example_xcomargs.py
[2024-03-12T09:53:59.571+0000] {logging_mixin.py:188} INFO - [2024-03-12T09:53:59.571+0000] {dag.py:3047} INFO - Sync 2 DAGs
[2024-03-12T09:53:59.583+0000] {logging_mixin.py:188} INFO - [2024-03-12T09:53:59.582+0000] {dag.py:3834} INFO - Setting next_dagrun for example_xcom_args to None, run_after=None
[2024-03-12T09:53:59.586+0000] {logging_mixin.py:188} INFO - [2024-03-12T09:53:59.586+0000] {dag.py:3834} INFO - Setting next_dagrun for example_xcom_args_with_operators to None, run_after=None
[2024-03-12T09:53:59.607+0000] {processor.py:183} INFO - Processing /usr/local/lib/python3.10/dist-packages/airflow/example_dags/example_xcomargs.py took 0.070 seconds
[2024-03-12T09:54:47.340+0000] {processor.py:161} INFO - Started process (PID=15959) to work on /usr/local/lib/python3.10/dist-packages/airflow/example_dags/example_xcomargs.py
[2024-03-12T09:54:47.341+0000] {processor.py:830} INFO - Processing file /usr/local/lib/python3.10/dist-packages/airflow/example_dags/example_xcomargs.py for tasks to queue
[2024-03-12T09:54:47.342+0000] {logging_mixin.py:188} INFO - [2024-03-12T09:54:47.342+0000] {dagbag.py:540} INFO - Filling up the DagBag from /usr/local/lib/python3.10/dist-packages/airflow/example_dags/example_xcomargs.py
[2024-03-12T09:54:47.353+0000] {processor.py:840} INFO - DAG(s) 'example_xcom_args_with_operators', 'example_xcom_args' retrieved from /usr/local/lib/python3.10/dist-packages/airflow/example_dags/example_xcomargs.py
[2024-03-12T09:54:47.375+0000] {logging_mixin.py:188} INFO - [2024-03-12T09:54:47.375+0000] {dag.py:3047} INFO - Sync 2 DAGs
[2024-03-12T09:54:47.389+0000] {logging_mixin.py:188} INFO - [2024-03-12T09:54:47.388+0000] {dag.py:3834} INFO - Setting next_dagrun for example_xcom_args to None, run_after=None
[2024-03-12T09:54:47.393+0000] {logging_mixin.py:188} INFO - [2024-03-12T09:54:47.392+0000] {dag.py:3834} INFO - Setting next_dagrun for example_xcom_args_with_operators to None, run_after=None
[2024-03-12T09:54:47.420+0000] {processor.py:183} INFO - Processing /usr/local/lib/python3.10/dist-packages/airflow/example_dags/example_xcomargs.py took 0.086 seconds
[2024-03-12T09:55:31.139+0000] {processor.py:161} INFO - Started process (PID=16002) to work on /usr/local/lib/python3.10/dist-packages/airflow/example_dags/example_xcomargs.py
[2024-03-12T09:55:31.141+0000] {processor.py:830} INFO - Processing file /usr/local/lib/python3.10/dist-packages/airflow/example_dags/example_xcomargs.py for tasks to queue
[2024-03-12T09:55:31.142+0000] {logging_mixin.py:188} INFO - [2024-03-12T09:55:31.142+0000] {dagbag.py:540} INFO - Filling up the DagBag from /usr/local/lib/python3.10/dist-packages/airflow/example_dags/example_xcomargs.py
[2024-03-12T09:55:31.155+0000] {processor.py:840} INFO - DAG(s) 'example_xcom_args_with_operators', 'example_xcom_args' retrieved from /usr/local/lib/python3.10/dist-packages/airflow/example_dags/example_xcomargs.py
[2024-03-12T09:55:31.187+0000] {logging_mixin.py:188} INFO - [2024-03-12T09:55:31.187+0000] {dag.py:3047} INFO - Sync 2 DAGs
[2024-03-12T09:55:31.207+0000] {logging_mixin.py:188} INFO - [2024-03-12T09:55:31.207+0000] {dag.py:3834} INFO - Setting next_dagrun for example_xcom_args to None, run_after=None
[2024-03-12T09:55:31.220+0000] {logging_mixin.py:188} INFO - [2024-03-12T09:55:31.220+0000] {dag.py:3834} INFO - Setting next_dagrun for example_xcom_args_with_operators to None, run_after=None
[2024-03-12T09:55:31.252+0000] {processor.py:183} INFO - Processing /usr/local/lib/python3.10/dist-packages/airflow/example_dags/example_xcomargs.py took 0.120 seconds
[2024-03-12T09:56:16.305+0000] {processor.py:161} INFO - Started process (PID=16046) to work on /usr/local/lib/python3.10/dist-packages/airflow/example_dags/example_xcomargs.py
[2024-03-12T09:56:16.306+0000] {processor.py:830} INFO - Processing file /usr/local/lib/python3.10/dist-packages/airflow/example_dags/example_xcomargs.py for tasks to queue
[2024-03-12T09:56:16.307+0000] {logging_mixin.py:188} INFO - [2024-03-12T09:56:16.307+0000] {dagbag.py:540} INFO - Filling up the DagBag from /usr/local/lib/python3.10/dist-packages/airflow/example_dags/example_xcomargs.py
[2024-03-12T09:56:16.316+0000] {processor.py:840} INFO - DAG(s) 'example_xcom_args', 'example_xcom_args_with_operators' retrieved from /usr/local/lib/python3.10/dist-packages/airflow/example_dags/example_xcomargs.py
[2024-03-12T09:56:16.336+0000] {logging_mixin.py:188} INFO - [2024-03-12T09:56:16.336+0000] {dag.py:3047} INFO - Sync 2 DAGs
[2024-03-12T09:56:16.348+0000] {logging_mixin.py:188} INFO - [2024-03-12T09:56:16.347+0000] {dag.py:3834} INFO - Setting next_dagrun for example_xcom_args to None, run_after=None
[2024-03-12T09:56:16.352+0000] {logging_mixin.py:188} INFO - [2024-03-12T09:56:16.351+0000] {dag.py:3834} INFO - Setting next_dagrun for example_xcom_args_with_operators to None, run_after=None
[2024-03-12T09:56:16.374+0000] {processor.py:183} INFO - Processing /usr/local/lib/python3.10/dist-packages/airflow/example_dags/example_xcomargs.py took 0.073 seconds
[2024-03-12T09:57:00.255+0000] {processor.py:161} INFO - Started process (PID=16088) to work on /usr/local/lib/python3.10/dist-packages/airflow/example_dags/example_xcomargs.py
[2024-03-12T09:57:00.256+0000] {processor.py:830} INFO - Processing file /usr/local/lib/python3.10/dist-packages/airflow/example_dags/example_xcomargs.py for tasks to queue
[2024-03-12T09:57:00.258+0000] {logging_mixin.py:188} INFO - [2024-03-12T09:57:00.257+0000] {dagbag.py:540} INFO - Filling up the DagBag from /usr/local/lib/python3.10/dist-packages/airflow/example_dags/example_xcomargs.py
[2024-03-12T09:57:00.268+0000] {processor.py:840} INFO - DAG(s) 'example_xcom_args_with_operators', 'example_xcom_args' retrieved from /usr/local/lib/python3.10/dist-packages/airflow/example_dags/example_xcomargs.py
[2024-03-12T09:57:00.289+0000] {logging_mixin.py:188} INFO - [2024-03-12T09:57:00.289+0000] {dag.py:3047} INFO - Sync 2 DAGs
[2024-03-12T09:57:00.305+0000] {logging_mixin.py:188} INFO - [2024-03-12T09:57:00.304+0000] {dag.py:3834} INFO - Setting next_dagrun for example_xcom_args to None, run_after=None
[2024-03-12T09:57:00.314+0000] {logging_mixin.py:188} INFO - [2024-03-12T09:57:00.314+0000] {dag.py:3834} INFO - Setting next_dagrun for example_xcom_args_with_operators to None, run_after=None
[2024-03-12T09:57:00.341+0000] {processor.py:183} INFO - Processing /usr/local/lib/python3.10/dist-packages/airflow/example_dags/example_xcomargs.py took 0.090 seconds
[2024-03-12T09:57:44.347+0000] {processor.py:161} INFO - Started process (PID=16130) to work on /usr/local/lib/python3.10/dist-packages/airflow/example_dags/example_xcomargs.py
[2024-03-12T09:57:44.349+0000] {processor.py:830} INFO - Processing file /usr/local/lib/python3.10/dist-packages/airflow/example_dags/example_xcomargs.py for tasks to queue
[2024-03-12T09:57:44.354+0000] {logging_mixin.py:188} INFO - [2024-03-12T09:57:44.350+0000] {dagbag.py:540} INFO - Filling up the DagBag from /usr/local/lib/python3.10/dist-packages/airflow/example_dags/example_xcomargs.py
[2024-03-12T09:57:44.382+0000] {processor.py:840} INFO - DAG(s) 'example_xcom_args', 'example_xcom_args_with_operators' retrieved from /usr/local/lib/python3.10/dist-packages/airflow/example_dags/example_xcomargs.py
[2024-03-12T09:57:44.418+0000] {logging_mixin.py:188} INFO - [2024-03-12T09:57:44.418+0000] {dag.py:3047} INFO - Sync 2 DAGs
[2024-03-12T09:57:44.436+0000] {logging_mixin.py:188} INFO - [2024-03-12T09:57:44.435+0000] {dag.py:3834} INFO - Setting next_dagrun for example_xcom_args to None, run_after=None
[2024-03-12T09:57:44.442+0000] {logging_mixin.py:188} INFO - [2024-03-12T09:57:44.441+0000] {dag.py:3834} INFO - Setting next_dagrun for example_xcom_args_with_operators to None, run_after=None
[2024-03-12T09:57:44.500+0000] {processor.py:183} INFO - Processing /usr/local/lib/python3.10/dist-packages/airflow/example_dags/example_xcomargs.py took 0.157 seconds
[2024-03-12T09:58:27.196+0000] {processor.py:161} INFO - Started process (PID=16183) to work on /usr/local/lib/python3.10/dist-packages/airflow/example_dags/example_xcomargs.py
[2024-03-12T09:58:27.198+0000] {processor.py:830} INFO - Processing file /usr/local/lib/python3.10/dist-packages/airflow/example_dags/example_xcomargs.py for tasks to queue
[2024-03-12T09:58:27.199+0000] {logging_mixin.py:188} INFO - [2024-03-12T09:58:27.198+0000] {dagbag.py:540} INFO - Filling up the DagBag from /usr/local/lib/python3.10/dist-packages/airflow/example_dags/example_xcomargs.py
[2024-03-12T09:58:27.215+0000] {processor.py:840} INFO - DAG(s) 'example_xcom_args_with_operators', 'example_xcom_args' retrieved from /usr/local/lib/python3.10/dist-packages/airflow/example_dags/example_xcomargs.py
[2024-03-12T09:58:27.274+0000] {logging_mixin.py:188} INFO - [2024-03-12T09:58:27.273+0000] {dag.py:3047} INFO - Sync 2 DAGs
[2024-03-12T09:58:27.289+0000] {logging_mixin.py:188} INFO - [2024-03-12T09:58:27.288+0000] {dag.py:3834} INFO - Setting next_dagrun for example_xcom_args to None, run_after=None
[2024-03-12T09:58:27.292+0000] {logging_mixin.py:188} INFO - [2024-03-12T09:58:27.292+0000] {dag.py:3834} INFO - Setting next_dagrun for example_xcom_args_with_operators to None, run_after=None
[2024-03-12T09:58:27.318+0000] {processor.py:183} INFO - Processing /usr/local/lib/python3.10/dist-packages/airflow/example_dags/example_xcomargs.py took 0.132 seconds
[2024-03-12T09:59:09.098+0000] {processor.py:161} INFO - Started process (PID=16226) to work on /usr/local/lib/python3.10/dist-packages/airflow/example_dags/example_xcomargs.py
[2024-03-12T09:59:09.099+0000] {processor.py:830} INFO - Processing file /usr/local/lib/python3.10/dist-packages/airflow/example_dags/example_xcomargs.py for tasks to queue
[2024-03-12T09:59:09.101+0000] {logging_mixin.py:188} INFO - [2024-03-12T09:59:09.100+0000] {dagbag.py:540} INFO - Filling up the DagBag from /usr/local/lib/python3.10/dist-packages/airflow/example_dags/example_xcomargs.py
[2024-03-12T09:59:09.111+0000] {processor.py:840} INFO - DAG(s) 'example_xcom_args', 'example_xcom_args_with_operators' retrieved from /usr/local/lib/python3.10/dist-packages/airflow/example_dags/example_xcomargs.py
[2024-03-12T09:59:09.136+0000] {logging_mixin.py:188} INFO - [2024-03-12T09:59:09.136+0000] {dag.py:3047} INFO - Sync 2 DAGs
[2024-03-12T09:59:09.175+0000] {logging_mixin.py:188} INFO - [2024-03-12T09:59:09.175+0000] {dag.py:3834} INFO - Setting next_dagrun for example_xcom_args to None, run_after=None
[2024-03-12T09:59:09.183+0000] {logging_mixin.py:188} INFO - [2024-03-12T09:59:09.183+0000] {dag.py:3834} INFO - Setting next_dagrun for example_xcom_args_with_operators to None, run_after=None
[2024-03-12T09:59:09.209+0000] {processor.py:183} INFO - Processing /usr/local/lib/python3.10/dist-packages/airflow/example_dags/example_xcomargs.py took 0.114 seconds
[2024-03-12T09:59:52.116+0000] {processor.py:161} INFO - Started process (PID=16273) to work on /usr/local/lib/python3.10/dist-packages/airflow/example_dags/example_xcomargs.py
[2024-03-12T09:59:52.121+0000] {processor.py:830} INFO - Processing file /usr/local/lib/python3.10/dist-packages/airflow/example_dags/example_xcomargs.py for tasks to queue
[2024-03-12T09:59:52.122+0000] {logging_mixin.py:188} INFO - [2024-03-12T09:59:52.121+0000] {dagbag.py:540} INFO - Filling up the DagBag from /usr/local/lib/python3.10/dist-packages/airflow/example_dags/example_xcomargs.py
[2024-03-12T09:59:52.132+0000] {processor.py:840} INFO - DAG(s) 'example_xcom_args', 'example_xcom_args_with_operators' retrieved from /usr/local/lib/python3.10/dist-packages/airflow/example_dags/example_xcomargs.py
[2024-03-12T09:59:52.156+0000] {logging_mixin.py:188} INFO - [2024-03-12T09:59:52.155+0000] {dag.py:3047} INFO - Sync 2 DAGs
[2024-03-12T09:59:52.168+0000] {logging_mixin.py:188} INFO - [2024-03-12T09:59:52.168+0000] {dag.py:3834} INFO - Setting next_dagrun for example_xcom_args to None, run_after=None
[2024-03-12T09:59:52.172+0000] {logging_mixin.py:188} INFO - [2024-03-12T09:59:52.172+0000] {dag.py:3834} INFO - Setting next_dagrun for example_xcom_args_with_operators to None, run_after=None
[2024-03-12T09:59:52.196+0000] {processor.py:183} INFO - Processing /usr/local/lib/python3.10/dist-packages/airflow/example_dags/example_xcomargs.py took 0.086 seconds
[2024-03-12T10:00:33.220+0000] {processor.py:161} INFO - Started process (PID=16317) to work on /usr/local/lib/python3.10/dist-packages/airflow/example_dags/example_xcomargs.py
[2024-03-12T10:00:33.222+0000] {processor.py:830} INFO - Processing file /usr/local/lib/python3.10/dist-packages/airflow/example_dags/example_xcomargs.py for tasks to queue
[2024-03-12T10:00:33.223+0000] {logging_mixin.py:188} INFO - [2024-03-12T10:00:33.223+0000] {dagbag.py:540} INFO - Filling up the DagBag from /usr/local/lib/python3.10/dist-packages/airflow/example_dags/example_xcomargs.py
[2024-03-12T10:00:33.235+0000] {processor.py:840} INFO - DAG(s) 'example_xcom_args_with_operators', 'example_xcom_args' retrieved from /usr/local/lib/python3.10/dist-packages/airflow/example_dags/example_xcomargs.py
[2024-03-12T10:00:33.259+0000] {logging_mixin.py:188} INFO - [2024-03-12T10:00:33.259+0000] {dag.py:3047} INFO - Sync 2 DAGs
[2024-03-12T10:00:33.273+0000] {logging_mixin.py:188} INFO - [2024-03-12T10:00:33.273+0000] {dag.py:3834} INFO - Setting next_dagrun for example_xcom_args to None, run_after=None
[2024-03-12T10:00:33.277+0000] {logging_mixin.py:188} INFO - [2024-03-12T10:00:33.277+0000] {dag.py:3834} INFO - Setting next_dagrun for example_xcom_args_with_operators to None, run_after=None
[2024-03-12T10:00:33.302+0000] {processor.py:183} INFO - Processing /usr/local/lib/python3.10/dist-packages/airflow/example_dags/example_xcomargs.py took 0.085 seconds
[2024-03-12T10:01:15.554+0000] {processor.py:161} INFO - Started process (PID=16365) to work on /usr/local/lib/python3.10/dist-packages/airflow/example_dags/example_xcomargs.py
[2024-03-12T10:01:15.555+0000] {processor.py:830} INFO - Processing file /usr/local/lib/python3.10/dist-packages/airflow/example_dags/example_xcomargs.py for tasks to queue
[2024-03-12T10:01:15.556+0000] {logging_mixin.py:188} INFO - [2024-03-12T10:01:15.556+0000] {dagbag.py:540} INFO - Filling up the DagBag from /usr/local/lib/python3.10/dist-packages/airflow/example_dags/example_xcomargs.py
[2024-03-12T10:01:15.566+0000] {processor.py:840} INFO - DAG(s) 'example_xcom_args', 'example_xcom_args_with_operators' retrieved from /usr/local/lib/python3.10/dist-packages/airflow/example_dags/example_xcomargs.py
[2024-03-12T10:01:15.585+0000] {logging_mixin.py:188} INFO - [2024-03-12T10:01:15.585+0000] {dag.py:3047} INFO - Sync 2 DAGs
[2024-03-12T10:01:15.596+0000] {logging_mixin.py:188} INFO - [2024-03-12T10:01:15.596+0000] {dag.py:3834} INFO - Setting next_dagrun for example_xcom_args to None, run_after=None
[2024-03-12T10:01:15.600+0000] {logging_mixin.py:188} INFO - [2024-03-12T10:01:15.600+0000] {dag.py:3834} INFO - Setting next_dagrun for example_xcom_args_with_operators to None, run_after=None
[2024-03-12T10:01:15.619+0000] {processor.py:183} INFO - Processing /usr/local/lib/python3.10/dist-packages/airflow/example_dags/example_xcomargs.py took 0.069 seconds
[2024-03-12T10:01:56.424+0000] {processor.py:161} INFO - Started process (PID=16408) to work on /usr/local/lib/python3.10/dist-packages/airflow/example_dags/example_xcomargs.py
[2024-03-12T10:01:56.426+0000] {processor.py:830} INFO - Processing file /usr/local/lib/python3.10/dist-packages/airflow/example_dags/example_xcomargs.py for tasks to queue
[2024-03-12T10:01:56.427+0000] {logging_mixin.py:188} INFO - [2024-03-12T10:01:56.427+0000] {dagbag.py:540} INFO - Filling up the DagBag from /usr/local/lib/python3.10/dist-packages/airflow/example_dags/example_xcomargs.py
[2024-03-12T10:01:56.439+0000] {processor.py:840} INFO - DAG(s) 'example_xcom_args', 'example_xcom_args_with_operators' retrieved from /usr/local/lib/python3.10/dist-packages/airflow/example_dags/example_xcomargs.py
[2024-03-12T10:01:56.462+0000] {logging_mixin.py:188} INFO - [2024-03-12T10:01:56.462+0000] {dag.py:3047} INFO - Sync 2 DAGs
[2024-03-12T10:01:56.479+0000] {logging_mixin.py:188} INFO - [2024-03-12T10:01:56.479+0000] {dag.py:3834} INFO - Setting next_dagrun for example_xcom_args to None, run_after=None
[2024-03-12T10:01:56.485+0000] {logging_mixin.py:188} INFO - [2024-03-12T10:01:56.484+0000] {dag.py:3834} INFO - Setting next_dagrun for example_xcom_args_with_operators to None, run_after=None
[2024-03-12T10:01:56.508+0000] {processor.py:183} INFO - Processing /usr/local/lib/python3.10/dist-packages/airflow/example_dags/example_xcomargs.py took 0.089 seconds
[2024-03-12T10:02:39.805+0000] {processor.py:161} INFO - Started process (PID=16452) to work on /usr/local/lib/python3.10/dist-packages/airflow/example_dags/example_xcomargs.py
[2024-03-12T10:02:39.808+0000] {processor.py:830} INFO - Processing file /usr/local/lib/python3.10/dist-packages/airflow/example_dags/example_xcomargs.py for tasks to queue
[2024-03-12T10:02:39.809+0000] {logging_mixin.py:188} INFO - [2024-03-12T10:02:39.808+0000] {dagbag.py:540} INFO - Filling up the DagBag from /usr/local/lib/python3.10/dist-packages/airflow/example_dags/example_xcomargs.py
[2024-03-12T10:02:39.820+0000] {processor.py:840} INFO - DAG(s) 'example_xcom_args_with_operators', 'example_xcom_args' retrieved from /usr/local/lib/python3.10/dist-packages/airflow/example_dags/example_xcomargs.py
[2024-03-12T10:02:39.845+0000] {logging_mixin.py:188} INFO - [2024-03-12T10:02:39.844+0000] {dag.py:3047} INFO - Sync 2 DAGs
[2024-03-12T10:02:39.861+0000] {logging_mixin.py:188} INFO - [2024-03-12T10:02:39.861+0000] {dag.py:3834} INFO - Setting next_dagrun for example_xcom_args to None, run_after=None
[2024-03-12T10:02:39.866+0000] {logging_mixin.py:188} INFO - [2024-03-12T10:02:39.866+0000] {dag.py:3834} INFO - Setting next_dagrun for example_xcom_args_with_operators to None, run_after=None
[2024-03-12T10:02:39.894+0000] {processor.py:183} INFO - Processing /usr/local/lib/python3.10/dist-packages/airflow/example_dags/example_xcomargs.py took 0.093 seconds
[2024-03-12T10:03:19.239+0000] {processor.py:161} INFO - Started process (PID=16494) to work on /usr/local/lib/python3.10/dist-packages/airflow/example_dags/example_xcomargs.py
[2024-03-12T10:03:19.240+0000] {processor.py:830} INFO - Processing file /usr/local/lib/python3.10/dist-packages/airflow/example_dags/example_xcomargs.py for tasks to queue
[2024-03-12T10:03:19.241+0000] {logging_mixin.py:188} INFO - [2024-03-12T10:03:19.241+0000] {dagbag.py:540} INFO - Filling up the DagBag from /usr/local/lib/python3.10/dist-packages/airflow/example_dags/example_xcomargs.py
[2024-03-12T10:03:19.253+0000] {processor.py:840} INFO - DAG(s) 'example_xcom_args_with_operators', 'example_xcom_args' retrieved from /usr/local/lib/python3.10/dist-packages/airflow/example_dags/example_xcomargs.py
[2024-03-12T10:03:19.278+0000] {logging_mixin.py:188} INFO - [2024-03-12T10:03:19.277+0000] {dag.py:3047} INFO - Sync 2 DAGs
[2024-03-12T10:03:19.296+0000] {logging_mixin.py:188} INFO - [2024-03-12T10:03:19.296+0000] {dag.py:3834} INFO - Setting next_dagrun for example_xcom_args to None, run_after=None
[2024-03-12T10:03:19.300+0000] {logging_mixin.py:188} INFO - [2024-03-12T10:03:19.300+0000] {dag.py:3834} INFO - Setting next_dagrun for example_xcom_args_with_operators to None, run_after=None
[2024-03-12T10:03:19.325+0000] {processor.py:183} INFO - Processing /usr/local/lib/python3.10/dist-packages/airflow/example_dags/example_xcomargs.py took 0.090 seconds
[2024-03-12T10:04:01.931+0000] {processor.py:161} INFO - Started process (PID=16536) to work on /usr/local/lib/python3.10/dist-packages/airflow/example_dags/example_xcomargs.py
[2024-03-12T10:04:01.933+0000] {processor.py:830} INFO - Processing file /usr/local/lib/python3.10/dist-packages/airflow/example_dags/example_xcomargs.py for tasks to queue
[2024-03-12T10:04:01.934+0000] {logging_mixin.py:188} INFO - [2024-03-12T10:04:01.933+0000] {dagbag.py:540} INFO - Filling up the DagBag from /usr/local/lib/python3.10/dist-packages/airflow/example_dags/example_xcomargs.py
[2024-03-12T10:04:01.947+0000] {processor.py:840} INFO - DAG(s) 'example_xcom_args_with_operators', 'example_xcom_args' retrieved from /usr/local/lib/python3.10/dist-packages/airflow/example_dags/example_xcomargs.py
[2024-03-12T10:04:01.975+0000] {logging_mixin.py:188} INFO - [2024-03-12T10:04:01.975+0000] {dag.py:3047} INFO - Sync 2 DAGs
[2024-03-12T10:04:01.996+0000] {logging_mixin.py:188} INFO - [2024-03-12T10:04:01.995+0000] {dag.py:3834} INFO - Setting next_dagrun for example_xcom_args to None, run_after=None
[2024-03-12T10:04:02.006+0000] {logging_mixin.py:188} INFO - [2024-03-12T10:04:02.006+0000] {dag.py:3834} INFO - Setting next_dagrun for example_xcom_args_with_operators to None, run_after=None
[2024-03-12T10:04:02.070+0000] {processor.py:183} INFO - Processing /usr/local/lib/python3.10/dist-packages/airflow/example_dags/example_xcomargs.py took 0.143 seconds
[2024-03-12T10:04:42.290+0000] {processor.py:161} INFO - Started process (PID=16577) to work on /usr/local/lib/python3.10/dist-packages/airflow/example_dags/example_xcomargs.py
[2024-03-12T10:04:42.291+0000] {processor.py:830} INFO - Processing file /usr/local/lib/python3.10/dist-packages/airflow/example_dags/example_xcomargs.py for tasks to queue
[2024-03-12T10:04:42.292+0000] {logging_mixin.py:188} INFO - [2024-03-12T10:04:42.292+0000] {dagbag.py:540} INFO - Filling up the DagBag from /usr/local/lib/python3.10/dist-packages/airflow/example_dags/example_xcomargs.py
[2024-03-12T10:04:42.303+0000] {processor.py:840} INFO - DAG(s) 'example_xcom_args_with_operators', 'example_xcom_args' retrieved from /usr/local/lib/python3.10/dist-packages/airflow/example_dags/example_xcomargs.py
[2024-03-12T10:04:42.344+0000] {logging_mixin.py:188} INFO - [2024-03-12T10:04:42.342+0000] {dag.py:3047} INFO - Sync 2 DAGs
[2024-03-12T10:04:42.370+0000] {logging_mixin.py:188} INFO - [2024-03-12T10:04:42.369+0000] {dag.py:3834} INFO - Setting next_dagrun for example_xcom_args to None, run_after=None
[2024-03-12T10:04:42.374+0000] {logging_mixin.py:188} INFO - [2024-03-12T10:04:42.374+0000] {dag.py:3834} INFO - Setting next_dagrun for example_xcom_args_with_operators to None, run_after=None
[2024-03-12T10:04:42.429+0000] {processor.py:183} INFO - Processing /usr/local/lib/python3.10/dist-packages/airflow/example_dags/example_xcomargs.py took 0.143 seconds
[2024-03-12T10:05:23.588+0000] {processor.py:161} INFO - Started process (PID=16622) to work on /usr/local/lib/python3.10/dist-packages/airflow/example_dags/example_xcomargs.py
[2024-03-12T10:05:23.589+0000] {processor.py:830} INFO - Processing file /usr/local/lib/python3.10/dist-packages/airflow/example_dags/example_xcomargs.py for tasks to queue
[2024-03-12T10:05:23.590+0000] {logging_mixin.py:188} INFO - [2024-03-12T10:05:23.590+0000] {dagbag.py:540} INFO - Filling up the DagBag from /usr/local/lib/python3.10/dist-packages/airflow/example_dags/example_xcomargs.py
[2024-03-12T10:05:23.599+0000] {processor.py:840} INFO - DAG(s) 'example_xcom_args', 'example_xcom_args_with_operators' retrieved from /usr/local/lib/python3.10/dist-packages/airflow/example_dags/example_xcomargs.py
[2024-03-12T10:05:23.622+0000] {logging_mixin.py:188} INFO - [2024-03-12T10:05:23.621+0000] {dag.py:3047} INFO - Sync 2 DAGs
[2024-03-12T10:05:23.635+0000] {logging_mixin.py:188} INFO - [2024-03-12T10:05:23.633+0000] {dag.py:3834} INFO - Setting next_dagrun for example_xcom_args to None, run_after=None
[2024-03-12T10:05:23.639+0000] {logging_mixin.py:188} INFO - [2024-03-12T10:05:23.638+0000] {dag.py:3834} INFO - Setting next_dagrun for example_xcom_args_with_operators to None, run_after=None
[2024-03-12T10:05:23.659+0000] {processor.py:183} INFO - Processing /usr/local/lib/python3.10/dist-packages/airflow/example_dags/example_xcomargs.py took 0.074 seconds
[2024-03-12T10:06:06.536+0000] {processor.py:161} INFO - Started process (PID=16665) to work on /usr/local/lib/python3.10/dist-packages/airflow/example_dags/example_xcomargs.py
[2024-03-12T10:06:06.537+0000] {processor.py:830} INFO - Processing file /usr/local/lib/python3.10/dist-packages/airflow/example_dags/example_xcomargs.py for tasks to queue
[2024-03-12T10:06:06.538+0000] {logging_mixin.py:188} INFO - [2024-03-12T10:06:06.538+0000] {dagbag.py:540} INFO - Filling up the DagBag from /usr/local/lib/python3.10/dist-packages/airflow/example_dags/example_xcomargs.py
[2024-03-12T10:06:06.547+0000] {processor.py:840} INFO - DAG(s) 'example_xcom_args_with_operators', 'example_xcom_args' retrieved from /usr/local/lib/python3.10/dist-packages/airflow/example_dags/example_xcomargs.py
[2024-03-12T10:06:06.568+0000] {logging_mixin.py:188} INFO - [2024-03-12T10:06:06.568+0000] {dag.py:3047} INFO - Sync 2 DAGs
[2024-03-12T10:06:06.582+0000] {logging_mixin.py:188} INFO - [2024-03-12T10:06:06.581+0000] {dag.py:3834} INFO - Setting next_dagrun for example_xcom_args to None, run_after=None
[2024-03-12T10:06:06.585+0000] {logging_mixin.py:188} INFO - [2024-03-12T10:06:06.585+0000] {dag.py:3834} INFO - Setting next_dagrun for example_xcom_args_with_operators to None, run_after=None
[2024-03-12T10:06:06.610+0000] {processor.py:183} INFO - Processing /usr/local/lib/python3.10/dist-packages/airflow/example_dags/example_xcomargs.py took 0.079 seconds
[2024-03-12T10:06:46.849+0000] {processor.py:161} INFO - Started process (PID=16707) to work on /usr/local/lib/python3.10/dist-packages/airflow/example_dags/example_xcomargs.py
[2024-03-12T10:06:46.857+0000] {processor.py:830} INFO - Processing file /usr/local/lib/python3.10/dist-packages/airflow/example_dags/example_xcomargs.py for tasks to queue
[2024-03-12T10:06:46.864+0000] {logging_mixin.py:188} INFO - [2024-03-12T10:06:46.861+0000] {dagbag.py:540} INFO - Filling up the DagBag from /usr/local/lib/python3.10/dist-packages/airflow/example_dags/example_xcomargs.py
[2024-03-12T10:06:46.889+0000] {processor.py:840} INFO - DAG(s) 'example_xcom_args', 'example_xcom_args_with_operators' retrieved from /usr/local/lib/python3.10/dist-packages/airflow/example_dags/example_xcomargs.py
[2024-03-12T10:06:46.942+0000] {logging_mixin.py:188} INFO - [2024-03-12T10:06:46.942+0000] {dag.py:3047} INFO - Sync 2 DAGs
[2024-03-12T10:06:46.969+0000] {logging_mixin.py:188} INFO - [2024-03-12T10:06:46.967+0000] {dag.py:3834} INFO - Setting next_dagrun for example_xcom_args to None, run_after=None
[2024-03-12T10:06:46.977+0000] {logging_mixin.py:188} INFO - [2024-03-12T10:06:46.975+0000] {dag.py:3834} INFO - Setting next_dagrun for example_xcom_args_with_operators to None, run_after=None
[2024-03-12T10:06:47.007+0000] {processor.py:183} INFO - Processing /usr/local/lib/python3.10/dist-packages/airflow/example_dags/example_xcomargs.py took 0.164 seconds
