[2024-03-12T09:19:31.123+0000] {processor.py:161} INFO - Started process (PID=13931) to work on /usr/local/lib/python3.10/dist-packages/airflow/example_dags/example_skip_dag.py
[2024-03-12T09:19:31.124+0000] {processor.py:830} INFO - Processing file /usr/local/lib/python3.10/dist-packages/airflow/example_dags/example_skip_dag.py for tasks to queue
[2024-03-12T09:19:31.125+0000] {logging_mixin.py:188} INFO - [2024-03-12T09:19:31.125+0000] {dagbag.py:540} INFO - Filling up the DagBag from /usr/local/lib/python3.10/dist-packages/airflow/example_dags/example_skip_dag.py
[2024-03-12T09:19:31.136+0000] {processor.py:840} INFO - DAG(s) 'example_skip_dag' retrieved from /usr/local/lib/python3.10/dist-packages/airflow/example_dags/example_skip_dag.py
[2024-03-12T09:19:31.259+0000] {logging_mixin.py:188} INFO - [2024-03-12T09:19:31.258+0000] {override.py:1769} INFO - Created Permission View: can read on DAG:example_skip_dag
[2024-03-12T09:19:31.273+0000] {logging_mixin.py:188} INFO - [2024-03-12T09:19:31.272+0000] {override.py:1769} INFO - Created Permission View: can edit on DAG:example_skip_dag
[2024-03-12T09:19:31.286+0000] {logging_mixin.py:188} INFO - [2024-03-12T09:19:31.285+0000] {override.py:1769} INFO - Created Permission View: can delete on DAG:example_skip_dag
[2024-03-12T09:19:31.286+0000] {logging_mixin.py:188} INFO - [2024-03-12T09:19:31.286+0000] {dag.py:3047} INFO - Sync 1 DAGs
[2024-03-12T09:19:31.299+0000] {logging_mixin.py:188} INFO - [2024-03-12T09:19:31.298+0000] {dag.py:3069} INFO - Creating ORM DAG for example_skip_dag
[2024-03-12T09:19:31.310+0000] {logging_mixin.py:188} INFO - [2024-03-12T09:19:31.309+0000] {dag.py:3834} INFO - Setting next_dagrun for example_skip_dag to 2024-03-11 00:00:00+00:00, run_after=2024-03-12 00:00:00+00:00
[2024-03-12T09:19:31.335+0000] {processor.py:183} INFO - Processing /usr/local/lib/python3.10/dist-packages/airflow/example_dags/example_skip_dag.py took 0.215 seconds
[2024-03-12T09:22:23.098+0000] {processor.py:161} INFO - Started process (PID=13989) to work on /usr/local/lib/python3.10/dist-packages/airflow/example_dags/example_skip_dag.py
[2024-03-12T09:22:23.099+0000] {processor.py:830} INFO - Processing file /usr/local/lib/python3.10/dist-packages/airflow/example_dags/example_skip_dag.py for tasks to queue
[2024-03-12T09:22:23.100+0000] {logging_mixin.py:188} INFO - [2024-03-12T09:22:23.100+0000] {dagbag.py:540} INFO - Filling up the DagBag from /usr/local/lib/python3.10/dist-packages/airflow/example_dags/example_skip_dag.py
[2024-03-12T09:22:23.115+0000] {processor.py:840} INFO - DAG(s) 'example_skip_dag' retrieved from /usr/local/lib/python3.10/dist-packages/airflow/example_dags/example_skip_dag.py
[2024-03-12T09:22:23.128+0000] {logging_mixin.py:188} INFO - [2024-03-12T09:22:23.127+0000] {dag.py:3047} INFO - Sync 1 DAGs
[2024-03-12T09:22:23.158+0000] {logging_mixin.py:188} INFO - [2024-03-12T09:22:23.158+0000] {dag.py:3834} INFO - Setting next_dagrun for example_skip_dag to 2024-03-11 00:00:00+00:00, run_after=2024-03-12 00:00:00+00:00
[2024-03-12T09:22:23.191+0000] {processor.py:183} INFO - Processing /usr/local/lib/python3.10/dist-packages/airflow/example_dags/example_skip_dag.py took 0.097 seconds
[2024-03-12T09:23:24.420+0000] {processor.py:161} INFO - Started process (PID=14040) to work on /usr/local/lib/python3.10/dist-packages/airflow/example_dags/example_skip_dag.py
[2024-03-12T09:23:24.422+0000] {processor.py:830} INFO - Processing file /usr/local/lib/python3.10/dist-packages/airflow/example_dags/example_skip_dag.py for tasks to queue
[2024-03-12T09:23:24.424+0000] {logging_mixin.py:188} INFO - [2024-03-12T09:23:24.423+0000] {dagbag.py:540} INFO - Filling up the DagBag from /usr/local/lib/python3.10/dist-packages/airflow/example_dags/example_skip_dag.py
[2024-03-12T09:23:24.432+0000] {processor.py:840} INFO - DAG(s) 'example_skip_dag' retrieved from /usr/local/lib/python3.10/dist-packages/airflow/example_dags/example_skip_dag.py
[2024-03-12T09:23:24.710+0000] {logging_mixin.py:188} INFO - [2024-03-12T09:23:24.710+0000] {dag.py:3047} INFO - Sync 1 DAGs
[2024-03-12T09:23:24.730+0000] {logging_mixin.py:188} INFO - [2024-03-12T09:23:24.730+0000] {dag.py:3834} INFO - Setting next_dagrun for example_skip_dag to 2024-03-11 00:00:00+00:00, run_after=2024-03-12 00:00:00+00:00
[2024-03-12T09:23:24.766+0000] {processor.py:183} INFO - Processing /usr/local/lib/python3.10/dist-packages/airflow/example_dags/example_skip_dag.py took 0.350 seconds
[2024-03-12T09:24:16.699+0000] {processor.py:161} INFO - Started process (PID=14092) to work on /usr/local/lib/python3.10/dist-packages/airflow/example_dags/example_skip_dag.py
[2024-03-12T09:24:16.701+0000] {processor.py:830} INFO - Processing file /usr/local/lib/python3.10/dist-packages/airflow/example_dags/example_skip_dag.py for tasks to queue
[2024-03-12T09:24:16.702+0000] {logging_mixin.py:188} INFO - [2024-03-12T09:24:16.701+0000] {dagbag.py:540} INFO - Filling up the DagBag from /usr/local/lib/python3.10/dist-packages/airflow/example_dags/example_skip_dag.py
[2024-03-12T09:24:16.710+0000] {processor.py:840} INFO - DAG(s) 'example_skip_dag' retrieved from /usr/local/lib/python3.10/dist-packages/airflow/example_dags/example_skip_dag.py
[2024-03-12T09:24:16.728+0000] {logging_mixin.py:188} INFO - [2024-03-12T09:24:16.728+0000] {dag.py:3047} INFO - Sync 1 DAGs
[2024-03-12T09:24:16.748+0000] {logging_mixin.py:188} INFO - [2024-03-12T09:24:16.748+0000] {dag.py:3834} INFO - Setting next_dagrun for example_skip_dag to 2024-03-11 00:00:00+00:00, run_after=2024-03-12 00:00:00+00:00
[2024-03-12T09:24:16.887+0000] {processor.py:183} INFO - Processing /usr/local/lib/python3.10/dist-packages/airflow/example_dags/example_skip_dag.py took 0.192 seconds
[2024-03-12T09:25:05.098+0000] {processor.py:161} INFO - Started process (PID=14133) to work on /usr/local/lib/python3.10/dist-packages/airflow/example_dags/example_skip_dag.py
[2024-03-12T09:25:05.100+0000] {processor.py:830} INFO - Processing file /usr/local/lib/python3.10/dist-packages/airflow/example_dags/example_skip_dag.py for tasks to queue
[2024-03-12T09:25:05.102+0000] {logging_mixin.py:188} INFO - [2024-03-12T09:25:05.102+0000] {dagbag.py:540} INFO - Filling up the DagBag from /usr/local/lib/python3.10/dist-packages/airflow/example_dags/example_skip_dag.py
[2024-03-12T09:25:05.145+0000] {processor.py:840} INFO - DAG(s) 'example_skip_dag' retrieved from /usr/local/lib/python3.10/dist-packages/airflow/example_dags/example_skip_dag.py
[2024-03-12T09:25:05.311+0000] {logging_mixin.py:188} INFO - [2024-03-12T09:25:05.311+0000] {dag.py:3047} INFO - Sync 1 DAGs
[2024-03-12T09:25:05.338+0000] {logging_mixin.py:188} INFO - [2024-03-12T09:25:05.337+0000] {dag.py:3834} INFO - Setting next_dagrun for example_skip_dag to 2024-03-11 00:00:00+00:00, run_after=2024-03-12 00:00:00+00:00
[2024-03-12T09:25:05.366+0000] {processor.py:183} INFO - Processing /usr/local/lib/python3.10/dist-packages/airflow/example_dags/example_skip_dag.py took 0.275 seconds
[2024-03-12T09:25:54.465+0000] {processor.py:161} INFO - Started process (PID=14180) to work on /usr/local/lib/python3.10/dist-packages/airflow/example_dags/example_skip_dag.py
[2024-03-12T09:25:54.469+0000] {processor.py:830} INFO - Processing file /usr/local/lib/python3.10/dist-packages/airflow/example_dags/example_skip_dag.py for tasks to queue
[2024-03-12T09:25:54.472+0000] {logging_mixin.py:188} INFO - [2024-03-12T09:25:54.471+0000] {dagbag.py:540} INFO - Filling up the DagBag from /usr/local/lib/python3.10/dist-packages/airflow/example_dags/example_skip_dag.py
[2024-03-12T09:25:54.484+0000] {processor.py:840} INFO - DAG(s) 'example_skip_dag' retrieved from /usr/local/lib/python3.10/dist-packages/airflow/example_dags/example_skip_dag.py
[2024-03-12T09:25:54.509+0000] {logging_mixin.py:188} INFO - [2024-03-12T09:25:54.508+0000] {dag.py:3047} INFO - Sync 1 DAGs
[2024-03-12T09:25:54.538+0000] {logging_mixin.py:188} INFO - [2024-03-12T09:25:54.537+0000] {dag.py:3834} INFO - Setting next_dagrun for example_skip_dag to 2024-03-11 00:00:00+00:00, run_after=2024-03-12 00:00:00+00:00
[2024-03-12T09:25:54.580+0000] {processor.py:183} INFO - Processing /usr/local/lib/python3.10/dist-packages/airflow/example_dags/example_skip_dag.py took 0.120 seconds
[2024-03-12T09:26:32.508+0000] {processor.py:161} INFO - Started process (PID=14220) to work on /usr/local/lib/python3.10/dist-packages/airflow/example_dags/example_skip_dag.py
[2024-03-12T09:26:32.510+0000] {processor.py:830} INFO - Processing file /usr/local/lib/python3.10/dist-packages/airflow/example_dags/example_skip_dag.py for tasks to queue
[2024-03-12T09:26:32.511+0000] {logging_mixin.py:188} INFO - [2024-03-12T09:26:32.510+0000] {dagbag.py:540} INFO - Filling up the DagBag from /usr/local/lib/python3.10/dist-packages/airflow/example_dags/example_skip_dag.py
[2024-03-12T09:26:32.520+0000] {processor.py:840} INFO - DAG(s) 'example_skip_dag' retrieved from /usr/local/lib/python3.10/dist-packages/airflow/example_dags/example_skip_dag.py
[2024-03-12T09:26:32.539+0000] {logging_mixin.py:188} INFO - [2024-03-12T09:26:32.539+0000] {dag.py:3047} INFO - Sync 1 DAGs
[2024-03-12T09:26:32.560+0000] {logging_mixin.py:188} INFO - [2024-03-12T09:26:32.560+0000] {dag.py:3834} INFO - Setting next_dagrun for example_skip_dag to 2024-03-11 00:00:00+00:00, run_after=2024-03-12 00:00:00+00:00
[2024-03-12T09:26:32.592+0000] {processor.py:183} INFO - Processing /usr/local/lib/python3.10/dist-packages/airflow/example_dags/example_skip_dag.py took 0.091 seconds
[2024-03-12T09:27:14.274+0000] {processor.py:161} INFO - Started process (PID=14261) to work on /usr/local/lib/python3.10/dist-packages/airflow/example_dags/example_skip_dag.py
[2024-03-12T09:27:14.276+0000] {processor.py:830} INFO - Processing file /usr/local/lib/python3.10/dist-packages/airflow/example_dags/example_skip_dag.py for tasks to queue
[2024-03-12T09:27:14.278+0000] {logging_mixin.py:188} INFO - [2024-03-12T09:27:14.277+0000] {dagbag.py:540} INFO - Filling up the DagBag from /usr/local/lib/python3.10/dist-packages/airflow/example_dags/example_skip_dag.py
[2024-03-12T09:27:14.289+0000] {processor.py:840} INFO - DAG(s) 'example_skip_dag' retrieved from /usr/local/lib/python3.10/dist-packages/airflow/example_dags/example_skip_dag.py
[2024-03-12T09:27:14.317+0000] {logging_mixin.py:188} INFO - [2024-03-12T09:27:14.317+0000] {dag.py:3047} INFO - Sync 1 DAGs
[2024-03-12T09:27:14.342+0000] {logging_mixin.py:188} INFO - [2024-03-12T09:27:14.341+0000] {dag.py:3834} INFO - Setting next_dagrun for example_skip_dag to 2024-03-11 00:00:00+00:00, run_after=2024-03-12 00:00:00+00:00
[2024-03-12T09:27:14.377+0000] {processor.py:183} INFO - Processing /usr/local/lib/python3.10/dist-packages/airflow/example_dags/example_skip_dag.py took 0.111 seconds
[2024-03-12T09:27:57.659+0000] {processor.py:161} INFO - Started process (PID=14303) to work on /usr/local/lib/python3.10/dist-packages/airflow/example_dags/example_skip_dag.py
[2024-03-12T09:27:57.661+0000] {processor.py:830} INFO - Processing file /usr/local/lib/python3.10/dist-packages/airflow/example_dags/example_skip_dag.py for tasks to queue
[2024-03-12T09:27:57.662+0000] {logging_mixin.py:188} INFO - [2024-03-12T09:27:57.662+0000] {dagbag.py:540} INFO - Filling up the DagBag from /usr/local/lib/python3.10/dist-packages/airflow/example_dags/example_skip_dag.py
[2024-03-12T09:27:57.683+0000] {processor.py:840} INFO - DAG(s) 'example_skip_dag' retrieved from /usr/local/lib/python3.10/dist-packages/airflow/example_dags/example_skip_dag.py
[2024-03-12T09:27:57.730+0000] {logging_mixin.py:188} INFO - [2024-03-12T09:27:57.729+0000] {dag.py:3047} INFO - Sync 1 DAGs
[2024-03-12T09:27:57.766+0000] {logging_mixin.py:188} INFO - [2024-03-12T09:27:57.766+0000] {dag.py:3834} INFO - Setting next_dagrun for example_skip_dag to 2024-03-11 00:00:00+00:00, run_after=2024-03-12 00:00:00+00:00
[2024-03-12T09:27:57.798+0000] {processor.py:183} INFO - Processing /usr/local/lib/python3.10/dist-packages/airflow/example_dags/example_skip_dag.py took 0.146 seconds
[2024-03-12T09:28:36.868+0000] {processor.py:161} INFO - Started process (PID=14343) to work on /usr/local/lib/python3.10/dist-packages/airflow/example_dags/example_skip_dag.py
[2024-03-12T09:28:36.869+0000] {processor.py:830} INFO - Processing file /usr/local/lib/python3.10/dist-packages/airflow/example_dags/example_skip_dag.py for tasks to queue
[2024-03-12T09:28:36.871+0000] {logging_mixin.py:188} INFO - [2024-03-12T09:28:36.870+0000] {dagbag.py:540} INFO - Filling up the DagBag from /usr/local/lib/python3.10/dist-packages/airflow/example_dags/example_skip_dag.py
[2024-03-12T09:28:36.881+0000] {processor.py:840} INFO - DAG(s) 'example_skip_dag' retrieved from /usr/local/lib/python3.10/dist-packages/airflow/example_dags/example_skip_dag.py
[2024-03-12T09:28:36.907+0000] {logging_mixin.py:188} INFO - [2024-03-12T09:28:36.907+0000] {dag.py:3047} INFO - Sync 1 DAGs
[2024-03-12T09:28:36.955+0000] {logging_mixin.py:188} INFO - [2024-03-12T09:28:36.955+0000] {dag.py:3834} INFO - Setting next_dagrun for example_skip_dag to 2024-03-11 00:00:00+00:00, run_after=2024-03-12 00:00:00+00:00
[2024-03-12T09:28:36.982+0000] {processor.py:183} INFO - Processing /usr/local/lib/python3.10/dist-packages/airflow/example_dags/example_skip_dag.py took 0.119 seconds
[2024-03-12T09:29:17.454+0000] {processor.py:161} INFO - Started process (PID=14383) to work on /usr/local/lib/python3.10/dist-packages/airflow/example_dags/example_skip_dag.py
[2024-03-12T09:29:17.458+0000] {processor.py:830} INFO - Processing file /usr/local/lib/python3.10/dist-packages/airflow/example_dags/example_skip_dag.py for tasks to queue
[2024-03-12T09:29:17.460+0000] {logging_mixin.py:188} INFO - [2024-03-12T09:29:17.459+0000] {dagbag.py:540} INFO - Filling up the DagBag from /usr/local/lib/python3.10/dist-packages/airflow/example_dags/example_skip_dag.py
[2024-03-12T09:29:17.476+0000] {processor.py:840} INFO - DAG(s) 'example_skip_dag' retrieved from /usr/local/lib/python3.10/dist-packages/airflow/example_dags/example_skip_dag.py
[2024-03-12T09:29:17.520+0000] {logging_mixin.py:188} INFO - [2024-03-12T09:29:17.519+0000] {dag.py:3047} INFO - Sync 1 DAGs
[2024-03-12T09:29:17.578+0000] {logging_mixin.py:188} INFO - [2024-03-12T09:29:17.578+0000] {dag.py:3834} INFO - Setting next_dagrun for example_skip_dag to 2024-03-11 00:00:00+00:00, run_after=2024-03-12 00:00:00+00:00
[2024-03-12T09:29:17.639+0000] {processor.py:183} INFO - Processing /usr/local/lib/python3.10/dist-packages/airflow/example_dags/example_skip_dag.py took 0.191 seconds
[2024-03-12T09:29:57.094+0000] {processor.py:161} INFO - Started process (PID=14422) to work on /usr/local/lib/python3.10/dist-packages/airflow/example_dags/example_skip_dag.py
[2024-03-12T09:29:57.099+0000] {processor.py:830} INFO - Processing file /usr/local/lib/python3.10/dist-packages/airflow/example_dags/example_skip_dag.py for tasks to queue
[2024-03-12T09:29:57.103+0000] {logging_mixin.py:188} INFO - [2024-03-12T09:29:57.101+0000] {dagbag.py:540} INFO - Filling up the DagBag from /usr/local/lib/python3.10/dist-packages/airflow/example_dags/example_skip_dag.py
[2024-03-12T09:29:57.119+0000] {processor.py:840} INFO - DAG(s) 'example_skip_dag' retrieved from /usr/local/lib/python3.10/dist-packages/airflow/example_dags/example_skip_dag.py
[2024-03-12T09:29:57.143+0000] {logging_mixin.py:188} INFO - [2024-03-12T09:29:57.143+0000] {dag.py:3047} INFO - Sync 1 DAGs
[2024-03-12T09:29:57.174+0000] {logging_mixin.py:188} INFO - [2024-03-12T09:29:57.174+0000] {dag.py:3834} INFO - Setting next_dagrun for example_skip_dag to 2024-03-11 00:00:00+00:00, run_after=2024-03-12 00:00:00+00:00
[2024-03-12T09:29:57.209+0000] {processor.py:183} INFO - Processing /usr/local/lib/python3.10/dist-packages/airflow/example_dags/example_skip_dag.py took 0.130 seconds
[2024-03-12T09:30:38.873+0000] {processor.py:161} INFO - Started process (PID=14462) to work on /usr/local/lib/python3.10/dist-packages/airflow/example_dags/example_skip_dag.py
[2024-03-12T09:30:38.875+0000] {processor.py:830} INFO - Processing file /usr/local/lib/python3.10/dist-packages/airflow/example_dags/example_skip_dag.py for tasks to queue
[2024-03-12T09:30:38.876+0000] {logging_mixin.py:188} INFO - [2024-03-12T09:30:38.876+0000] {dagbag.py:540} INFO - Filling up the DagBag from /usr/local/lib/python3.10/dist-packages/airflow/example_dags/example_skip_dag.py
[2024-03-12T09:30:38.887+0000] {processor.py:840} INFO - DAG(s) 'example_skip_dag' retrieved from /usr/local/lib/python3.10/dist-packages/airflow/example_dags/example_skip_dag.py
[2024-03-12T09:30:38.921+0000] {logging_mixin.py:188} INFO - [2024-03-12T09:30:38.921+0000] {dag.py:3047} INFO - Sync 1 DAGs
[2024-03-12T09:30:38.954+0000] {logging_mixin.py:188} INFO - [2024-03-12T09:30:38.954+0000] {dag.py:3834} INFO - Setting next_dagrun for example_skip_dag to 2024-03-11 00:00:00+00:00, run_after=2024-03-12 00:00:00+00:00
[2024-03-12T09:30:38.988+0000] {processor.py:183} INFO - Processing /usr/local/lib/python3.10/dist-packages/airflow/example_dags/example_skip_dag.py took 0.119 seconds
[2024-03-12T09:31:19.913+0000] {processor.py:161} INFO - Started process (PID=14502) to work on /usr/local/lib/python3.10/dist-packages/airflow/example_dags/example_skip_dag.py
[2024-03-12T09:31:19.915+0000] {processor.py:830} INFO - Processing file /usr/local/lib/python3.10/dist-packages/airflow/example_dags/example_skip_dag.py for tasks to queue
[2024-03-12T09:31:19.916+0000] {logging_mixin.py:188} INFO - [2024-03-12T09:31:19.915+0000] {dagbag.py:540} INFO - Filling up the DagBag from /usr/local/lib/python3.10/dist-packages/airflow/example_dags/example_skip_dag.py
[2024-03-12T09:31:19.927+0000] {processor.py:840} INFO - DAG(s) 'example_skip_dag' retrieved from /usr/local/lib/python3.10/dist-packages/airflow/example_dags/example_skip_dag.py
[2024-03-12T09:31:19.959+0000] {logging_mixin.py:188} INFO - [2024-03-12T09:31:19.959+0000] {dag.py:3047} INFO - Sync 1 DAGs
[2024-03-12T09:31:19.988+0000] {logging_mixin.py:188} INFO - [2024-03-12T09:31:19.987+0000] {dag.py:3834} INFO - Setting next_dagrun for example_skip_dag to 2024-03-11 00:00:00+00:00, run_after=2024-03-12 00:00:00+00:00
[2024-03-12T09:31:20.020+0000] {processor.py:183} INFO - Processing /usr/local/lib/python3.10/dist-packages/airflow/example_dags/example_skip_dag.py took 0.117 seconds
[2024-03-12T09:32:02.746+0000] {processor.py:161} INFO - Started process (PID=14543) to work on /usr/local/lib/python3.10/dist-packages/airflow/example_dags/example_skip_dag.py
[2024-03-12T09:32:02.749+0000] {processor.py:830} INFO - Processing file /usr/local/lib/python3.10/dist-packages/airflow/example_dags/example_skip_dag.py for tasks to queue
[2024-03-12T09:32:02.750+0000] {logging_mixin.py:188} INFO - [2024-03-12T09:32:02.750+0000] {dagbag.py:540} INFO - Filling up the DagBag from /usr/local/lib/python3.10/dist-packages/airflow/example_dags/example_skip_dag.py
[2024-03-12T09:32:02.765+0000] {processor.py:840} INFO - DAG(s) 'example_skip_dag' retrieved from /usr/local/lib/python3.10/dist-packages/airflow/example_dags/example_skip_dag.py
[2024-03-12T09:32:02.794+0000] {logging_mixin.py:188} INFO - [2024-03-12T09:32:02.794+0000] {dag.py:3047} INFO - Sync 1 DAGs
[2024-03-12T09:32:02.833+0000] {logging_mixin.py:188} INFO - [2024-03-12T09:32:02.833+0000] {dag.py:3834} INFO - Setting next_dagrun for example_skip_dag to 2024-03-11 00:00:00+00:00, run_after=2024-03-12 00:00:00+00:00
[2024-03-12T09:32:02.874+0000] {processor.py:183} INFO - Processing /usr/local/lib/python3.10/dist-packages/airflow/example_dags/example_skip_dag.py took 0.138 seconds
[2024-03-12T09:32:46.033+0000] {processor.py:161} INFO - Started process (PID=14585) to work on /usr/local/lib/python3.10/dist-packages/airflow/example_dags/example_skip_dag.py
[2024-03-12T09:32:46.038+0000] {processor.py:830} INFO - Processing file /usr/local/lib/python3.10/dist-packages/airflow/example_dags/example_skip_dag.py for tasks to queue
[2024-03-12T09:32:46.043+0000] {logging_mixin.py:188} INFO - [2024-03-12T09:32:46.038+0000] {dagbag.py:540} INFO - Filling up the DagBag from /usr/local/lib/python3.10/dist-packages/airflow/example_dags/example_skip_dag.py
[2024-03-12T09:32:46.056+0000] {processor.py:840} INFO - DAG(s) 'example_skip_dag' retrieved from /usr/local/lib/python3.10/dist-packages/airflow/example_dags/example_skip_dag.py
[2024-03-12T09:32:46.107+0000] {logging_mixin.py:188} INFO - [2024-03-12T09:32:46.107+0000] {dag.py:3047} INFO - Sync 1 DAGs
[2024-03-12T09:32:46.130+0000] {logging_mixin.py:188} INFO - [2024-03-12T09:32:46.130+0000] {dag.py:3834} INFO - Setting next_dagrun for example_skip_dag to 2024-03-11 00:00:00+00:00, run_after=2024-03-12 00:00:00+00:00
[2024-03-12T09:32:46.162+0000] {processor.py:183} INFO - Processing /usr/local/lib/python3.10/dist-packages/airflow/example_dags/example_skip_dag.py took 0.134 seconds
[2024-03-12T09:33:30.248+0000] {processor.py:161} INFO - Started process (PID=14628) to work on /usr/local/lib/python3.10/dist-packages/airflow/example_dags/example_skip_dag.py
[2024-03-12T09:33:30.250+0000] {processor.py:830} INFO - Processing file /usr/local/lib/python3.10/dist-packages/airflow/example_dags/example_skip_dag.py for tasks to queue
[2024-03-12T09:33:30.251+0000] {logging_mixin.py:188} INFO - [2024-03-12T09:33:30.250+0000] {dagbag.py:540} INFO - Filling up the DagBag from /usr/local/lib/python3.10/dist-packages/airflow/example_dags/example_skip_dag.py
[2024-03-12T09:33:30.260+0000] {processor.py:840} INFO - DAG(s) 'example_skip_dag' retrieved from /usr/local/lib/python3.10/dist-packages/airflow/example_dags/example_skip_dag.py
[2024-03-12T09:33:30.284+0000] {logging_mixin.py:188} INFO - [2024-03-12T09:33:30.283+0000] {dag.py:3047} INFO - Sync 1 DAGs
[2024-03-12T09:33:30.309+0000] {logging_mixin.py:188} INFO - [2024-03-12T09:33:30.309+0000] {dag.py:3834} INFO - Setting next_dagrun for example_skip_dag to 2024-03-11 00:00:00+00:00, run_after=2024-03-12 00:00:00+00:00
[2024-03-12T09:33:30.339+0000] {processor.py:183} INFO - Processing /usr/local/lib/python3.10/dist-packages/airflow/example_dags/example_skip_dag.py took 0.096 seconds
[2024-03-12T09:34:13.501+0000] {processor.py:161} INFO - Started process (PID=14670) to work on /usr/local/lib/python3.10/dist-packages/airflow/example_dags/example_skip_dag.py
[2024-03-12T09:34:13.503+0000] {processor.py:830} INFO - Processing file /usr/local/lib/python3.10/dist-packages/airflow/example_dags/example_skip_dag.py for tasks to queue
[2024-03-12T09:34:13.506+0000] {logging_mixin.py:188} INFO - [2024-03-12T09:34:13.504+0000] {dagbag.py:540} INFO - Filling up the DagBag from /usr/local/lib/python3.10/dist-packages/airflow/example_dags/example_skip_dag.py
[2024-03-12T09:34:13.521+0000] {processor.py:840} INFO - DAG(s) 'example_skip_dag' retrieved from /usr/local/lib/python3.10/dist-packages/airflow/example_dags/example_skip_dag.py
[2024-03-12T09:34:13.551+0000] {logging_mixin.py:188} INFO - [2024-03-12T09:34:13.550+0000] {dag.py:3047} INFO - Sync 1 DAGs
[2024-03-12T09:34:13.583+0000] {logging_mixin.py:188} INFO - [2024-03-12T09:34:13.582+0000] {dag.py:3834} INFO - Setting next_dagrun for example_skip_dag to 2024-03-11 00:00:00+00:00, run_after=2024-03-12 00:00:00+00:00
[2024-03-12T09:34:13.615+0000] {processor.py:183} INFO - Processing /usr/local/lib/python3.10/dist-packages/airflow/example_dags/example_skip_dag.py took 0.118 seconds
[2024-03-12T09:34:55.770+0000] {processor.py:161} INFO - Started process (PID=14711) to work on /usr/local/lib/python3.10/dist-packages/airflow/example_dags/example_skip_dag.py
[2024-03-12T09:34:55.778+0000] {processor.py:830} INFO - Processing file /usr/local/lib/python3.10/dist-packages/airflow/example_dags/example_skip_dag.py for tasks to queue
[2024-03-12T09:34:55.781+0000] {logging_mixin.py:188} INFO - [2024-03-12T09:34:55.780+0000] {dagbag.py:540} INFO - Filling up the DagBag from /usr/local/lib/python3.10/dist-packages/airflow/example_dags/example_skip_dag.py
[2024-03-12T09:34:55.793+0000] {processor.py:840} INFO - DAG(s) 'example_skip_dag' retrieved from /usr/local/lib/python3.10/dist-packages/airflow/example_dags/example_skip_dag.py
[2024-03-12T09:34:55.829+0000] {logging_mixin.py:188} INFO - [2024-03-12T09:34:55.828+0000] {dag.py:3047} INFO - Sync 1 DAGs
[2024-03-12T09:34:55.872+0000] {logging_mixin.py:188} INFO - [2024-03-12T09:34:55.872+0000] {dag.py:3834} INFO - Setting next_dagrun for example_skip_dag to 2024-03-11 00:00:00+00:00, run_after=2024-03-12 00:00:00+00:00
[2024-03-12T09:34:55.932+0000] {processor.py:183} INFO - Processing /usr/local/lib/python3.10/dist-packages/airflow/example_dags/example_skip_dag.py took 0.166 seconds
[2024-03-12T09:35:42.447+0000] {processor.py:161} INFO - Started process (PID=14755) to work on /usr/local/lib/python3.10/dist-packages/airflow/example_dags/example_skip_dag.py
[2024-03-12T09:35:42.449+0000] {processor.py:830} INFO - Processing file /usr/local/lib/python3.10/dist-packages/airflow/example_dags/example_skip_dag.py for tasks to queue
[2024-03-12T09:35:42.451+0000] {logging_mixin.py:188} INFO - [2024-03-12T09:35:42.450+0000] {dagbag.py:540} INFO - Filling up the DagBag from /usr/local/lib/python3.10/dist-packages/airflow/example_dags/example_skip_dag.py
[2024-03-12T09:35:42.461+0000] {processor.py:840} INFO - DAG(s) 'example_skip_dag' retrieved from /usr/local/lib/python3.10/dist-packages/airflow/example_dags/example_skip_dag.py
[2024-03-12T09:35:42.484+0000] {logging_mixin.py:188} INFO - [2024-03-12T09:35:42.483+0000] {dag.py:3047} INFO - Sync 1 DAGs
[2024-03-12T09:35:42.515+0000] {logging_mixin.py:188} INFO - [2024-03-12T09:35:42.515+0000] {dag.py:3834} INFO - Setting next_dagrun for example_skip_dag to 2024-03-11 00:00:00+00:00, run_after=2024-03-12 00:00:00+00:00
[2024-03-12T09:35:42.544+0000] {processor.py:183} INFO - Processing /usr/local/lib/python3.10/dist-packages/airflow/example_dags/example_skip_dag.py took 0.101 seconds
[2024-03-12T09:36:23.227+0000] {processor.py:161} INFO - Started process (PID=14794) to work on /usr/local/lib/python3.10/dist-packages/airflow/example_dags/example_skip_dag.py
[2024-03-12T09:36:23.230+0000] {processor.py:830} INFO - Processing file /usr/local/lib/python3.10/dist-packages/airflow/example_dags/example_skip_dag.py for tasks to queue
[2024-03-12T09:36:23.231+0000] {logging_mixin.py:188} INFO - [2024-03-12T09:36:23.231+0000] {dagbag.py:540} INFO - Filling up the DagBag from /usr/local/lib/python3.10/dist-packages/airflow/example_dags/example_skip_dag.py
[2024-03-12T09:36:23.250+0000] {processor.py:840} INFO - DAG(s) 'example_skip_dag' retrieved from /usr/local/lib/python3.10/dist-packages/airflow/example_dags/example_skip_dag.py
[2024-03-12T09:36:23.292+0000] {logging_mixin.py:188} INFO - [2024-03-12T09:36:23.290+0000] {dag.py:3047} INFO - Sync 1 DAGs
[2024-03-12T09:36:23.344+0000] {logging_mixin.py:188} INFO - [2024-03-12T09:36:23.344+0000] {dag.py:3834} INFO - Setting next_dagrun for example_skip_dag to 2024-03-11 00:00:00+00:00, run_after=2024-03-12 00:00:00+00:00
[2024-03-12T09:36:23.400+0000] {processor.py:183} INFO - Processing /usr/local/lib/python3.10/dist-packages/airflow/example_dags/example_skip_dag.py took 0.178 seconds
[2024-03-12T09:37:04.895+0000] {processor.py:161} INFO - Started process (PID=14834) to work on /usr/local/lib/python3.10/dist-packages/airflow/example_dags/example_skip_dag.py
[2024-03-12T09:37:04.902+0000] {processor.py:830} INFO - Processing file /usr/local/lib/python3.10/dist-packages/airflow/example_dags/example_skip_dag.py for tasks to queue
[2024-03-12T09:37:04.904+0000] {logging_mixin.py:188} INFO - [2024-03-12T09:37:04.904+0000] {dagbag.py:540} INFO - Filling up the DagBag from /usr/local/lib/python3.10/dist-packages/airflow/example_dags/example_skip_dag.py
[2024-03-12T09:37:04.929+0000] {processor.py:840} INFO - DAG(s) 'example_skip_dag' retrieved from /usr/local/lib/python3.10/dist-packages/airflow/example_dags/example_skip_dag.py
[2024-03-12T09:37:04.951+0000] {logging_mixin.py:188} INFO - [2024-03-12T09:37:04.950+0000] {dag.py:3047} INFO - Sync 1 DAGs
[2024-03-12T09:37:04.973+0000] {logging_mixin.py:188} INFO - [2024-03-12T09:37:04.972+0000] {dag.py:3834} INFO - Setting next_dagrun for example_skip_dag to 2024-03-11 00:00:00+00:00, run_after=2024-03-12 00:00:00+00:00
[2024-03-12T09:37:05.009+0000] {processor.py:183} INFO - Processing /usr/local/lib/python3.10/dist-packages/airflow/example_dags/example_skip_dag.py took 0.126 seconds
[2024-03-12T09:37:46.775+0000] {processor.py:161} INFO - Started process (PID=14876) to work on /usr/local/lib/python3.10/dist-packages/airflow/example_dags/example_skip_dag.py
[2024-03-12T09:37:46.776+0000] {processor.py:830} INFO - Processing file /usr/local/lib/python3.10/dist-packages/airflow/example_dags/example_skip_dag.py for tasks to queue
[2024-03-12T09:37:46.777+0000] {logging_mixin.py:188} INFO - [2024-03-12T09:37:46.777+0000] {dagbag.py:540} INFO - Filling up the DagBag from /usr/local/lib/python3.10/dist-packages/airflow/example_dags/example_skip_dag.py
[2024-03-12T09:37:46.791+0000] {processor.py:840} INFO - DAG(s) 'example_skip_dag' retrieved from /usr/local/lib/python3.10/dist-packages/airflow/example_dags/example_skip_dag.py
[2024-03-12T09:37:46.812+0000] {logging_mixin.py:188} INFO - [2024-03-12T09:37:46.812+0000] {dag.py:3047} INFO - Sync 1 DAGs
[2024-03-12T09:37:46.840+0000] {logging_mixin.py:188} INFO - [2024-03-12T09:37:46.840+0000] {dag.py:3834} INFO - Setting next_dagrun for example_skip_dag to 2024-03-11 00:00:00+00:00, run_after=2024-03-12 00:00:00+00:00
[2024-03-12T09:37:46.867+0000] {processor.py:183} INFO - Processing /usr/local/lib/python3.10/dist-packages/airflow/example_dags/example_skip_dag.py took 0.098 seconds
[2024-03-12T09:38:27.397+0000] {processor.py:161} INFO - Started process (PID=14916) to work on /usr/local/lib/python3.10/dist-packages/airflow/example_dags/example_skip_dag.py
[2024-03-12T09:38:27.402+0000] {processor.py:830} INFO - Processing file /usr/local/lib/python3.10/dist-packages/airflow/example_dags/example_skip_dag.py for tasks to queue
[2024-03-12T09:38:27.404+0000] {logging_mixin.py:188} INFO - [2024-03-12T09:38:27.403+0000] {dagbag.py:540} INFO - Filling up the DagBag from /usr/local/lib/python3.10/dist-packages/airflow/example_dags/example_skip_dag.py
[2024-03-12T09:38:27.415+0000] {processor.py:840} INFO - DAG(s) 'example_skip_dag' retrieved from /usr/local/lib/python3.10/dist-packages/airflow/example_dags/example_skip_dag.py
[2024-03-12T09:38:27.441+0000] {logging_mixin.py:188} INFO - [2024-03-12T09:38:27.440+0000] {dag.py:3047} INFO - Sync 1 DAGs
[2024-03-12T09:38:27.469+0000] {logging_mixin.py:188} INFO - [2024-03-12T09:38:27.468+0000] {dag.py:3834} INFO - Setting next_dagrun for example_skip_dag to 2024-03-11 00:00:00+00:00, run_after=2024-03-12 00:00:00+00:00
[2024-03-12T09:38:27.499+0000] {processor.py:183} INFO - Processing /usr/local/lib/python3.10/dist-packages/airflow/example_dags/example_skip_dag.py took 0.110 seconds
[2024-03-12T09:39:10.133+0000] {processor.py:161} INFO - Started process (PID=14956) to work on /usr/local/lib/python3.10/dist-packages/airflow/example_dags/example_skip_dag.py
[2024-03-12T09:39:10.134+0000] {processor.py:830} INFO - Processing file /usr/local/lib/python3.10/dist-packages/airflow/example_dags/example_skip_dag.py for tasks to queue
[2024-03-12T09:39:10.135+0000] {logging_mixin.py:188} INFO - [2024-03-12T09:39:10.135+0000] {dagbag.py:540} INFO - Filling up the DagBag from /usr/local/lib/python3.10/dist-packages/airflow/example_dags/example_skip_dag.py
[2024-03-12T09:39:10.143+0000] {processor.py:840} INFO - DAG(s) 'example_skip_dag' retrieved from /usr/local/lib/python3.10/dist-packages/airflow/example_dags/example_skip_dag.py
[2024-03-12T09:39:10.161+0000] {logging_mixin.py:188} INFO - [2024-03-12T09:39:10.161+0000] {dag.py:3047} INFO - Sync 1 DAGs
[2024-03-12T09:39:10.184+0000] {logging_mixin.py:188} INFO - [2024-03-12T09:39:10.184+0000] {dag.py:3834} INFO - Setting next_dagrun for example_skip_dag to 2024-03-11 00:00:00+00:00, run_after=2024-03-12 00:00:00+00:00
[2024-03-12T09:39:10.210+0000] {processor.py:183} INFO - Processing /usr/local/lib/python3.10/dist-packages/airflow/example_dags/example_skip_dag.py took 0.081 seconds
[2024-03-12T09:39:54.262+0000] {processor.py:161} INFO - Started process (PID=14998) to work on /usr/local/lib/python3.10/dist-packages/airflow/example_dags/example_skip_dag.py
[2024-03-12T09:39:54.264+0000] {processor.py:830} INFO - Processing file /usr/local/lib/python3.10/dist-packages/airflow/example_dags/example_skip_dag.py for tasks to queue
[2024-03-12T09:39:54.266+0000] {logging_mixin.py:188} INFO - [2024-03-12T09:39:54.265+0000] {dagbag.py:540} INFO - Filling up the DagBag from /usr/local/lib/python3.10/dist-packages/airflow/example_dags/example_skip_dag.py
[2024-03-12T09:39:54.286+0000] {processor.py:840} INFO - DAG(s) 'example_skip_dag' retrieved from /usr/local/lib/python3.10/dist-packages/airflow/example_dags/example_skip_dag.py
[2024-03-12T09:39:54.312+0000] {logging_mixin.py:188} INFO - [2024-03-12T09:39:54.312+0000] {dag.py:3047} INFO - Sync 1 DAGs
[2024-03-12T09:39:54.341+0000] {logging_mixin.py:188} INFO - [2024-03-12T09:39:54.341+0000] {dag.py:3834} INFO - Setting next_dagrun for example_skip_dag to 2024-03-11 00:00:00+00:00, run_after=2024-03-12 00:00:00+00:00
[2024-03-12T09:39:54.393+0000] {processor.py:183} INFO - Processing /usr/local/lib/python3.10/dist-packages/airflow/example_dags/example_skip_dag.py took 0.135 seconds
[2024-03-12T09:40:36.442+0000] {processor.py:161} INFO - Started process (PID=15039) to work on /usr/local/lib/python3.10/dist-packages/airflow/example_dags/example_skip_dag.py
[2024-03-12T09:40:36.447+0000] {processor.py:830} INFO - Processing file /usr/local/lib/python3.10/dist-packages/airflow/example_dags/example_skip_dag.py for tasks to queue
[2024-03-12T09:40:36.448+0000] {logging_mixin.py:188} INFO - [2024-03-12T09:40:36.448+0000] {dagbag.py:540} INFO - Filling up the DagBag from /usr/local/lib/python3.10/dist-packages/airflow/example_dags/example_skip_dag.py
[2024-03-12T09:40:36.479+0000] {processor.py:840} INFO - DAG(s) 'example_skip_dag' retrieved from /usr/local/lib/python3.10/dist-packages/airflow/example_dags/example_skip_dag.py
[2024-03-12T09:40:36.509+0000] {logging_mixin.py:188} INFO - [2024-03-12T09:40:36.509+0000] {dag.py:3047} INFO - Sync 1 DAGs
[2024-03-12T09:40:36.538+0000] {logging_mixin.py:188} INFO - [2024-03-12T09:40:36.537+0000] {dag.py:3834} INFO - Setting next_dagrun for example_skip_dag to 2024-03-11 00:00:00+00:00, run_after=2024-03-12 00:00:00+00:00
[2024-03-12T09:40:36.565+0000] {processor.py:183} INFO - Processing /usr/local/lib/python3.10/dist-packages/airflow/example_dags/example_skip_dag.py took 0.132 seconds
[2024-03-12T09:41:18.992+0000] {processor.py:161} INFO - Started process (PID=15081) to work on /usr/local/lib/python3.10/dist-packages/airflow/example_dags/example_skip_dag.py
[2024-03-12T09:41:18.994+0000] {processor.py:830} INFO - Processing file /usr/local/lib/python3.10/dist-packages/airflow/example_dags/example_skip_dag.py for tasks to queue
[2024-03-12T09:41:18.995+0000] {logging_mixin.py:188} INFO - [2024-03-12T09:41:18.994+0000] {dagbag.py:540} INFO - Filling up the DagBag from /usr/local/lib/python3.10/dist-packages/airflow/example_dags/example_skip_dag.py
[2024-03-12T09:41:19.003+0000] {processor.py:840} INFO - DAG(s) 'example_skip_dag' retrieved from /usr/local/lib/python3.10/dist-packages/airflow/example_dags/example_skip_dag.py
[2024-03-12T09:41:19.025+0000] {logging_mixin.py:188} INFO - [2024-03-12T09:41:19.024+0000] {dag.py:3047} INFO - Sync 1 DAGs
[2024-03-12T09:41:19.059+0000] {logging_mixin.py:188} INFO - [2024-03-12T09:41:19.059+0000] {dag.py:3834} INFO - Setting next_dagrun for example_skip_dag to 2024-03-11 00:00:00+00:00, run_after=2024-03-12 00:00:00+00:00
[2024-03-12T09:41:19.089+0000] {processor.py:183} INFO - Processing /usr/local/lib/python3.10/dist-packages/airflow/example_dags/example_skip_dag.py took 0.100 seconds
[2024-03-12T09:42:00.837+0000] {processor.py:161} INFO - Started process (PID=15121) to work on /usr/local/lib/python3.10/dist-packages/airflow/example_dags/example_skip_dag.py
[2024-03-12T09:42:00.839+0000] {processor.py:830} INFO - Processing file /usr/local/lib/python3.10/dist-packages/airflow/example_dags/example_skip_dag.py for tasks to queue
[2024-03-12T09:42:00.840+0000] {logging_mixin.py:188} INFO - [2024-03-12T09:42:00.839+0000] {dagbag.py:540} INFO - Filling up the DagBag from /usr/local/lib/python3.10/dist-packages/airflow/example_dags/example_skip_dag.py
[2024-03-12T09:42:00.849+0000] {processor.py:840} INFO - DAG(s) 'example_skip_dag' retrieved from /usr/local/lib/python3.10/dist-packages/airflow/example_dags/example_skip_dag.py
[2024-03-12T09:42:00.867+0000] {logging_mixin.py:188} INFO - [2024-03-12T09:42:00.867+0000] {dag.py:3047} INFO - Sync 1 DAGs
[2024-03-12T09:42:00.889+0000] {logging_mixin.py:188} INFO - [2024-03-12T09:42:00.889+0000] {dag.py:3834} INFO - Setting next_dagrun for example_skip_dag to 2024-03-11 00:00:00+00:00, run_after=2024-03-12 00:00:00+00:00
[2024-03-12T09:42:00.924+0000] {processor.py:183} INFO - Processing /usr/local/lib/python3.10/dist-packages/airflow/example_dags/example_skip_dag.py took 0.089 seconds
[2024-03-12T09:42:41.580+0000] {processor.py:161} INFO - Started process (PID=15165) to work on /usr/local/lib/python3.10/dist-packages/airflow/example_dags/example_skip_dag.py
[2024-03-12T09:42:41.582+0000] {processor.py:830} INFO - Processing file /usr/local/lib/python3.10/dist-packages/airflow/example_dags/example_skip_dag.py for tasks to queue
[2024-03-12T09:42:41.583+0000] {logging_mixin.py:188} INFO - [2024-03-12T09:42:41.583+0000] {dagbag.py:540} INFO - Filling up the DagBag from /usr/local/lib/python3.10/dist-packages/airflow/example_dags/example_skip_dag.py
[2024-03-12T09:42:41.593+0000] {processor.py:840} INFO - DAG(s) 'example_skip_dag' retrieved from /usr/local/lib/python3.10/dist-packages/airflow/example_dags/example_skip_dag.py
[2024-03-12T09:42:41.615+0000] {logging_mixin.py:188} INFO - [2024-03-12T09:42:41.614+0000] {dag.py:3047} INFO - Sync 1 DAGs
[2024-03-12T09:42:41.640+0000] {logging_mixin.py:188} INFO - [2024-03-12T09:42:41.639+0000] {dag.py:3834} INFO - Setting next_dagrun for example_skip_dag to 2024-03-11 00:00:00+00:00, run_after=2024-03-12 00:00:00+00:00
[2024-03-12T09:42:41.673+0000] {processor.py:183} INFO - Processing /usr/local/lib/python3.10/dist-packages/airflow/example_dags/example_skip_dag.py took 0.097 seconds
[2024-03-12T09:43:21.696+0000] {processor.py:161} INFO - Started process (PID=15273) to work on /usr/local/lib/python3.10/dist-packages/airflow/example_dags/example_skip_dag.py
[2024-03-12T09:43:21.697+0000] {processor.py:830} INFO - Processing file /usr/local/lib/python3.10/dist-packages/airflow/example_dags/example_skip_dag.py for tasks to queue
[2024-03-12T09:43:21.698+0000] {logging_mixin.py:188} INFO - [2024-03-12T09:43:21.698+0000] {dagbag.py:540} INFO - Filling up the DagBag from /usr/local/lib/python3.10/dist-packages/airflow/example_dags/example_skip_dag.py
[2024-03-12T09:43:21.707+0000] {processor.py:840} INFO - DAG(s) 'example_skip_dag' retrieved from /usr/local/lib/python3.10/dist-packages/airflow/example_dags/example_skip_dag.py
[2024-03-12T09:43:21.747+0000] {logging_mixin.py:188} INFO - [2024-03-12T09:43:21.747+0000] {dag.py:3047} INFO - Sync 1 DAGs
[2024-03-12T09:43:21.776+0000] {logging_mixin.py:188} INFO - [2024-03-12T09:43:21.776+0000] {dag.py:3834} INFO - Setting next_dagrun for example_skip_dag to 2024-03-11 00:00:00+00:00, run_after=2024-03-12 00:00:00+00:00
[2024-03-12T09:43:21.803+0000] {processor.py:183} INFO - Processing /usr/local/lib/python3.10/dist-packages/airflow/example_dags/example_skip_dag.py took 0.111 seconds
[2024-03-12T09:44:05.508+0000] {processor.py:161} INFO - Started process (PID=15330) to work on /usr/local/lib/python3.10/dist-packages/airflow/example_dags/example_skip_dag.py
[2024-03-12T09:44:05.510+0000] {processor.py:830} INFO - Processing file /usr/local/lib/python3.10/dist-packages/airflow/example_dags/example_skip_dag.py for tasks to queue
[2024-03-12T09:44:05.511+0000] {logging_mixin.py:188} INFO - [2024-03-12T09:44:05.511+0000] {dagbag.py:540} INFO - Filling up the DagBag from /usr/local/lib/python3.10/dist-packages/airflow/example_dags/example_skip_dag.py
[2024-03-12T09:44:05.521+0000] {processor.py:840} INFO - DAG(s) 'example_skip_dag' retrieved from /usr/local/lib/python3.10/dist-packages/airflow/example_dags/example_skip_dag.py
[2024-03-12T09:44:05.541+0000] {logging_mixin.py:188} INFO - [2024-03-12T09:44:05.541+0000] {dag.py:3047} INFO - Sync 1 DAGs
[2024-03-12T09:44:05.564+0000] {logging_mixin.py:188} INFO - [2024-03-12T09:44:05.564+0000] {dag.py:3834} INFO - Setting next_dagrun for example_skip_dag to 2024-03-11 00:00:00+00:00, run_after=2024-03-12 00:00:00+00:00
[2024-03-12T09:44:05.605+0000] {processor.py:183} INFO - Processing /usr/local/lib/python3.10/dist-packages/airflow/example_dags/example_skip_dag.py took 0.100 seconds
[2024-03-12T09:44:47.777+0000] {processor.py:161} INFO - Started process (PID=15373) to work on /usr/local/lib/python3.10/dist-packages/airflow/example_dags/example_skip_dag.py
[2024-03-12T09:44:47.779+0000] {processor.py:830} INFO - Processing file /usr/local/lib/python3.10/dist-packages/airflow/example_dags/example_skip_dag.py for tasks to queue
[2024-03-12T09:44:47.780+0000] {logging_mixin.py:188} INFO - [2024-03-12T09:44:47.779+0000] {dagbag.py:540} INFO - Filling up the DagBag from /usr/local/lib/python3.10/dist-packages/airflow/example_dags/example_skip_dag.py
[2024-03-12T09:44:47.789+0000] {processor.py:840} INFO - DAG(s) 'example_skip_dag' retrieved from /usr/local/lib/python3.10/dist-packages/airflow/example_dags/example_skip_dag.py
[2024-03-12T09:44:47.833+0000] {logging_mixin.py:188} INFO - [2024-03-12T09:44:47.833+0000] {dag.py:3047} INFO - Sync 1 DAGs
[2024-03-12T09:44:47.873+0000] {logging_mixin.py:188} INFO - [2024-03-12T09:44:47.872+0000] {dag.py:3834} INFO - Setting next_dagrun for example_skip_dag to 2024-03-11 00:00:00+00:00, run_after=2024-03-12 00:00:00+00:00
[2024-03-12T09:44:47.901+0000] {processor.py:183} INFO - Processing /usr/local/lib/python3.10/dist-packages/airflow/example_dags/example_skip_dag.py took 0.129 seconds
[2024-03-12T09:45:32.931+0000] {processor.py:161} INFO - Started process (PID=15415) to work on /usr/local/lib/python3.10/dist-packages/airflow/example_dags/example_skip_dag.py
[2024-03-12T09:45:32.932+0000] {processor.py:830} INFO - Processing file /usr/local/lib/python3.10/dist-packages/airflow/example_dags/example_skip_dag.py for tasks to queue
[2024-03-12T09:45:32.934+0000] {logging_mixin.py:188} INFO - [2024-03-12T09:45:32.933+0000] {dagbag.py:540} INFO - Filling up the DagBag from /usr/local/lib/python3.10/dist-packages/airflow/example_dags/example_skip_dag.py
[2024-03-12T09:45:32.942+0000] {processor.py:840} INFO - DAG(s) 'example_skip_dag' retrieved from /usr/local/lib/python3.10/dist-packages/airflow/example_dags/example_skip_dag.py
[2024-03-12T09:45:32.965+0000] {logging_mixin.py:188} INFO - [2024-03-12T09:45:32.965+0000] {dag.py:3047} INFO - Sync 1 DAGs
[2024-03-12T09:45:32.990+0000] {logging_mixin.py:188} INFO - [2024-03-12T09:45:32.990+0000] {dag.py:3834} INFO - Setting next_dagrun for example_skip_dag to 2024-03-11 00:00:00+00:00, run_after=2024-03-12 00:00:00+00:00
[2024-03-12T09:45:33.023+0000] {processor.py:183} INFO - Processing /usr/local/lib/python3.10/dist-packages/airflow/example_dags/example_skip_dag.py took 0.095 seconds
[2024-03-12T09:46:12.747+0000] {processor.py:161} INFO - Started process (PID=15455) to work on /usr/local/lib/python3.10/dist-packages/airflow/example_dags/example_skip_dag.py
[2024-03-12T09:46:12.749+0000] {processor.py:830} INFO - Processing file /usr/local/lib/python3.10/dist-packages/airflow/example_dags/example_skip_dag.py for tasks to queue
[2024-03-12T09:46:12.751+0000] {logging_mixin.py:188} INFO - [2024-03-12T09:46:12.749+0000] {dagbag.py:540} INFO - Filling up the DagBag from /usr/local/lib/python3.10/dist-packages/airflow/example_dags/example_skip_dag.py
[2024-03-12T09:46:12.763+0000] {processor.py:840} INFO - DAG(s) 'example_skip_dag' retrieved from /usr/local/lib/python3.10/dist-packages/airflow/example_dags/example_skip_dag.py
[2024-03-12T09:46:12.791+0000] {logging_mixin.py:188} INFO - [2024-03-12T09:46:12.790+0000] {dag.py:3047} INFO - Sync 1 DAGs
[2024-03-12T09:46:12.834+0000] {logging_mixin.py:188} INFO - [2024-03-12T09:46:12.834+0000] {dag.py:3834} INFO - Setting next_dagrun for example_skip_dag to 2024-03-11 00:00:00+00:00, run_after=2024-03-12 00:00:00+00:00
[2024-03-12T09:46:12.888+0000] {processor.py:183} INFO - Processing /usr/local/lib/python3.10/dist-packages/airflow/example_dags/example_skip_dag.py took 0.145 seconds
[2024-03-12T09:46:53.041+0000] {processor.py:161} INFO - Started process (PID=15496) to work on /usr/local/lib/python3.10/dist-packages/airflow/example_dags/example_skip_dag.py
[2024-03-12T09:46:53.043+0000] {processor.py:830} INFO - Processing file /usr/local/lib/python3.10/dist-packages/airflow/example_dags/example_skip_dag.py for tasks to queue
[2024-03-12T09:46:53.045+0000] {logging_mixin.py:188} INFO - [2024-03-12T09:46:53.043+0000] {dagbag.py:540} INFO - Filling up the DagBag from /usr/local/lib/python3.10/dist-packages/airflow/example_dags/example_skip_dag.py
[2024-03-12T09:46:53.055+0000] {processor.py:840} INFO - DAG(s) 'example_skip_dag' retrieved from /usr/local/lib/python3.10/dist-packages/airflow/example_dags/example_skip_dag.py
[2024-03-12T09:46:53.078+0000] {logging_mixin.py:188} INFO - [2024-03-12T09:46:53.078+0000] {dag.py:3047} INFO - Sync 1 DAGs
[2024-03-12T09:46:53.108+0000] {logging_mixin.py:188} INFO - [2024-03-12T09:46:53.108+0000] {dag.py:3834} INFO - Setting next_dagrun for example_skip_dag to 2024-03-11 00:00:00+00:00, run_after=2024-03-12 00:00:00+00:00
[2024-03-12T09:46:53.138+0000] {processor.py:183} INFO - Processing /usr/local/lib/python3.10/dist-packages/airflow/example_dags/example_skip_dag.py took 0.101 seconds
[2024-03-12T09:47:34.155+0000] {processor.py:161} INFO - Started process (PID=15533) to work on /usr/local/lib/python3.10/dist-packages/airflow/example_dags/example_skip_dag.py
[2024-03-12T09:47:34.157+0000] {processor.py:830} INFO - Processing file /usr/local/lib/python3.10/dist-packages/airflow/example_dags/example_skip_dag.py for tasks to queue
[2024-03-12T09:47:34.159+0000] {logging_mixin.py:188} INFO - [2024-03-12T09:47:34.158+0000] {dagbag.py:540} INFO - Filling up the DagBag from /usr/local/lib/python3.10/dist-packages/airflow/example_dags/example_skip_dag.py
[2024-03-12T09:47:34.174+0000] {processor.py:840} INFO - DAG(s) 'example_skip_dag' retrieved from /usr/local/lib/python3.10/dist-packages/airflow/example_dags/example_skip_dag.py
[2024-03-12T09:47:34.200+0000] {logging_mixin.py:188} INFO - [2024-03-12T09:47:34.199+0000] {dag.py:3047} INFO - Sync 1 DAGs
[2024-03-12T09:47:34.237+0000] {logging_mixin.py:188} INFO - [2024-03-12T09:47:34.237+0000] {dag.py:3834} INFO - Setting next_dagrun for example_skip_dag to 2024-03-11 00:00:00+00:00, run_after=2024-03-12 00:00:00+00:00
[2024-03-12T09:47:34.273+0000] {processor.py:183} INFO - Processing /usr/local/lib/python3.10/dist-packages/airflow/example_dags/example_skip_dag.py took 0.124 seconds
[2024-03-12T09:48:16.360+0000] {processor.py:161} INFO - Started process (PID=15577) to work on /usr/local/lib/python3.10/dist-packages/airflow/example_dags/example_skip_dag.py
[2024-03-12T09:48:16.362+0000] {processor.py:830} INFO - Processing file /usr/local/lib/python3.10/dist-packages/airflow/example_dags/example_skip_dag.py for tasks to queue
[2024-03-12T09:48:16.363+0000] {logging_mixin.py:188} INFO - [2024-03-12T09:48:16.363+0000] {dagbag.py:540} INFO - Filling up the DagBag from /usr/local/lib/python3.10/dist-packages/airflow/example_dags/example_skip_dag.py
[2024-03-12T09:48:16.372+0000] {processor.py:840} INFO - DAG(s) 'example_skip_dag' retrieved from /usr/local/lib/python3.10/dist-packages/airflow/example_dags/example_skip_dag.py
[2024-03-12T09:48:16.394+0000] {logging_mixin.py:188} INFO - [2024-03-12T09:48:16.392+0000] {dag.py:3047} INFO - Sync 1 DAGs
[2024-03-12T09:48:16.422+0000] {logging_mixin.py:188} INFO - [2024-03-12T09:48:16.421+0000] {dag.py:3834} INFO - Setting next_dagrun for example_skip_dag to 2024-03-11 00:00:00+00:00, run_after=2024-03-12 00:00:00+00:00
[2024-03-12T09:48:16.462+0000] {processor.py:183} INFO - Processing /usr/local/lib/python3.10/dist-packages/airflow/example_dags/example_skip_dag.py took 0.108 seconds
[2024-03-12T09:48:56.286+0000] {processor.py:161} INFO - Started process (PID=15620) to work on /usr/local/lib/python3.10/dist-packages/airflow/example_dags/example_skip_dag.py
[2024-03-12T09:48:56.287+0000] {processor.py:830} INFO - Processing file /usr/local/lib/python3.10/dist-packages/airflow/example_dags/example_skip_dag.py for tasks to queue
[2024-03-12T09:48:56.288+0000] {logging_mixin.py:188} INFO - [2024-03-12T09:48:56.288+0000] {dagbag.py:540} INFO - Filling up the DagBag from /usr/local/lib/python3.10/dist-packages/airflow/example_dags/example_skip_dag.py
[2024-03-12T09:48:56.297+0000] {processor.py:840} INFO - DAG(s) 'example_skip_dag' retrieved from /usr/local/lib/python3.10/dist-packages/airflow/example_dags/example_skip_dag.py
[2024-03-12T09:48:56.322+0000] {logging_mixin.py:188} INFO - [2024-03-12T09:48:56.322+0000] {dag.py:3047} INFO - Sync 1 DAGs
[2024-03-12T09:48:56.344+0000] {logging_mixin.py:188} INFO - [2024-03-12T09:48:56.344+0000] {dag.py:3834} INFO - Setting next_dagrun for example_skip_dag to 2024-03-11 00:00:00+00:00, run_after=2024-03-12 00:00:00+00:00
[2024-03-12T09:48:56.374+0000] {processor.py:183} INFO - Processing /usr/local/lib/python3.10/dist-packages/airflow/example_dags/example_skip_dag.py took 0.092 seconds
[2024-03-12T09:49:38.172+0000] {processor.py:161} INFO - Started process (PID=15661) to work on /usr/local/lib/python3.10/dist-packages/airflow/example_dags/example_skip_dag.py
[2024-03-12T09:49:38.173+0000] {processor.py:830} INFO - Processing file /usr/local/lib/python3.10/dist-packages/airflow/example_dags/example_skip_dag.py for tasks to queue
[2024-03-12T09:49:38.174+0000] {logging_mixin.py:188} INFO - [2024-03-12T09:49:38.174+0000] {dagbag.py:540} INFO - Filling up the DagBag from /usr/local/lib/python3.10/dist-packages/airflow/example_dags/example_skip_dag.py
[2024-03-12T09:49:38.201+0000] {processor.py:840} INFO - DAG(s) 'example_skip_dag' retrieved from /usr/local/lib/python3.10/dist-packages/airflow/example_dags/example_skip_dag.py
[2024-03-12T09:49:38.249+0000] {logging_mixin.py:188} INFO - [2024-03-12T09:49:38.248+0000] {dag.py:3047} INFO - Sync 1 DAGs
[2024-03-12T09:49:38.307+0000] {logging_mixin.py:188} INFO - [2024-03-12T09:49:38.307+0000] {dag.py:3834} INFO - Setting next_dagrun for example_skip_dag to 2024-03-11 00:00:00+00:00, run_after=2024-03-12 00:00:00+00:00
[2024-03-12T09:49:38.342+0000] {processor.py:183} INFO - Processing /usr/local/lib/python3.10/dist-packages/airflow/example_dags/example_skip_dag.py took 0.174 seconds
[2024-03-12T09:50:22.037+0000] {processor.py:161} INFO - Started process (PID=15703) to work on /usr/local/lib/python3.10/dist-packages/airflow/example_dags/example_skip_dag.py
[2024-03-12T09:50:22.039+0000] {processor.py:830} INFO - Processing file /usr/local/lib/python3.10/dist-packages/airflow/example_dags/example_skip_dag.py for tasks to queue
[2024-03-12T09:50:22.041+0000] {logging_mixin.py:188} INFO - [2024-03-12T09:50:22.040+0000] {dagbag.py:540} INFO - Filling up the DagBag from /usr/local/lib/python3.10/dist-packages/airflow/example_dags/example_skip_dag.py
[2024-03-12T09:50:22.051+0000] {processor.py:840} INFO - DAG(s) 'example_skip_dag' retrieved from /usr/local/lib/python3.10/dist-packages/airflow/example_dags/example_skip_dag.py
[2024-03-12T09:50:22.073+0000] {logging_mixin.py:188} INFO - [2024-03-12T09:50:22.072+0000] {dag.py:3047} INFO - Sync 1 DAGs
[2024-03-12T09:50:22.099+0000] {logging_mixin.py:188} INFO - [2024-03-12T09:50:22.099+0000] {dag.py:3834} INFO - Setting next_dagrun for example_skip_dag to 2024-03-11 00:00:00+00:00, run_after=2024-03-12 00:00:00+00:00
[2024-03-12T09:50:22.133+0000] {processor.py:183} INFO - Processing /usr/local/lib/python3.10/dist-packages/airflow/example_dags/example_skip_dag.py took 0.100 seconds
[2024-03-12T09:51:07.923+0000] {processor.py:161} INFO - Started process (PID=15745) to work on /usr/local/lib/python3.10/dist-packages/airflow/example_dags/example_skip_dag.py
[2024-03-12T09:51:07.928+0000] {processor.py:830} INFO - Processing file /usr/local/lib/python3.10/dist-packages/airflow/example_dags/example_skip_dag.py for tasks to queue
[2024-03-12T09:51:07.929+0000] {logging_mixin.py:188} INFO - [2024-03-12T09:51:07.928+0000] {dagbag.py:540} INFO - Filling up the DagBag from /usr/local/lib/python3.10/dist-packages/airflow/example_dags/example_skip_dag.py
[2024-03-12T09:51:07.941+0000] {processor.py:840} INFO - DAG(s) 'example_skip_dag' retrieved from /usr/local/lib/python3.10/dist-packages/airflow/example_dags/example_skip_dag.py
[2024-03-12T09:51:07.966+0000] {logging_mixin.py:188} INFO - [2024-03-12T09:51:07.966+0000] {dag.py:3047} INFO - Sync 1 DAGs
[2024-03-12T09:51:07.990+0000] {logging_mixin.py:188} INFO - [2024-03-12T09:51:07.989+0000] {dag.py:3834} INFO - Setting next_dagrun for example_skip_dag to 2024-03-11 00:00:00+00:00, run_after=2024-03-12 00:00:00+00:00
[2024-03-12T09:51:08.026+0000] {processor.py:183} INFO - Processing /usr/local/lib/python3.10/dist-packages/airflow/example_dags/example_skip_dag.py took 0.114 seconds
[2024-03-12T09:51:55.714+0000] {processor.py:161} INFO - Started process (PID=15790) to work on /usr/local/lib/python3.10/dist-packages/airflow/example_dags/example_skip_dag.py
[2024-03-12T09:51:55.716+0000] {processor.py:830} INFO - Processing file /usr/local/lib/python3.10/dist-packages/airflow/example_dags/example_skip_dag.py for tasks to queue
[2024-03-12T09:51:55.718+0000] {logging_mixin.py:188} INFO - [2024-03-12T09:51:55.717+0000] {dagbag.py:540} INFO - Filling up the DagBag from /usr/local/lib/python3.10/dist-packages/airflow/example_dags/example_skip_dag.py
[2024-03-12T09:51:55.730+0000] {processor.py:840} INFO - DAG(s) 'example_skip_dag' retrieved from /usr/local/lib/python3.10/dist-packages/airflow/example_dags/example_skip_dag.py
[2024-03-12T09:51:55.755+0000] {logging_mixin.py:188} INFO - [2024-03-12T09:51:55.754+0000] {dag.py:3047} INFO - Sync 1 DAGs
[2024-03-12T09:51:55.779+0000] {logging_mixin.py:188} INFO - [2024-03-12T09:51:55.778+0000] {dag.py:3834} INFO - Setting next_dagrun for example_skip_dag to 2024-03-11 00:00:00+00:00, run_after=2024-03-12 00:00:00+00:00
[2024-03-12T09:51:55.806+0000] {processor.py:183} INFO - Processing /usr/local/lib/python3.10/dist-packages/airflow/example_dags/example_skip_dag.py took 0.096 seconds
[2024-03-12T09:52:40.318+0000] {processor.py:161} INFO - Started process (PID=15836) to work on /usr/local/lib/python3.10/dist-packages/airflow/example_dags/example_skip_dag.py
[2024-03-12T09:52:40.320+0000] {processor.py:830} INFO - Processing file /usr/local/lib/python3.10/dist-packages/airflow/example_dags/example_skip_dag.py for tasks to queue
[2024-03-12T09:52:40.321+0000] {logging_mixin.py:188} INFO - [2024-03-12T09:52:40.320+0000] {dagbag.py:540} INFO - Filling up the DagBag from /usr/local/lib/python3.10/dist-packages/airflow/example_dags/example_skip_dag.py
[2024-03-12T09:52:40.330+0000] {processor.py:840} INFO - DAG(s) 'example_skip_dag' retrieved from /usr/local/lib/python3.10/dist-packages/airflow/example_dags/example_skip_dag.py
[2024-03-12T09:52:40.355+0000] {logging_mixin.py:188} INFO - [2024-03-12T09:52:40.355+0000] {dag.py:3047} INFO - Sync 1 DAGs
[2024-03-12T09:52:40.389+0000] {logging_mixin.py:188} INFO - [2024-03-12T09:52:40.388+0000] {dag.py:3834} INFO - Setting next_dagrun for example_skip_dag to 2024-03-11 00:00:00+00:00, run_after=2024-03-12 00:00:00+00:00
[2024-03-12T09:52:40.425+0000] {processor.py:183} INFO - Processing /usr/local/lib/python3.10/dist-packages/airflow/example_dags/example_skip_dag.py took 0.110 seconds
[2024-03-12T09:53:22.316+0000] {processor.py:161} INFO - Started process (PID=15877) to work on /usr/local/lib/python3.10/dist-packages/airflow/example_dags/example_skip_dag.py
[2024-03-12T09:53:22.318+0000] {processor.py:830} INFO - Processing file /usr/local/lib/python3.10/dist-packages/airflow/example_dags/example_skip_dag.py for tasks to queue
[2024-03-12T09:53:22.320+0000] {logging_mixin.py:188} INFO - [2024-03-12T09:53:22.319+0000] {dagbag.py:540} INFO - Filling up the DagBag from /usr/local/lib/python3.10/dist-packages/airflow/example_dags/example_skip_dag.py
[2024-03-12T09:53:22.341+0000] {processor.py:840} INFO - DAG(s) 'example_skip_dag' retrieved from /usr/local/lib/python3.10/dist-packages/airflow/example_dags/example_skip_dag.py
[2024-03-12T09:53:22.378+0000] {logging_mixin.py:188} INFO - [2024-03-12T09:53:22.376+0000] {dag.py:3047} INFO - Sync 1 DAGs
[2024-03-12T09:53:22.399+0000] {logging_mixin.py:188} INFO - [2024-03-12T09:53:22.399+0000] {dag.py:3834} INFO - Setting next_dagrun for example_skip_dag to 2024-03-11 00:00:00+00:00, run_after=2024-03-12 00:00:00+00:00
[2024-03-12T09:53:22.425+0000] {processor.py:183} INFO - Processing /usr/local/lib/python3.10/dist-packages/airflow/example_dags/example_skip_dag.py took 0.118 seconds
[2024-03-12T09:54:06.915+0000] {processor.py:161} INFO - Started process (PID=15918) to work on /usr/local/lib/python3.10/dist-packages/airflow/example_dags/example_skip_dag.py
[2024-03-12T09:54:06.918+0000] {processor.py:830} INFO - Processing file /usr/local/lib/python3.10/dist-packages/airflow/example_dags/example_skip_dag.py for tasks to queue
[2024-03-12T09:54:06.921+0000] {logging_mixin.py:188} INFO - [2024-03-12T09:54:06.919+0000] {dagbag.py:540} INFO - Filling up the DagBag from /usr/local/lib/python3.10/dist-packages/airflow/example_dags/example_skip_dag.py
[2024-03-12T09:54:06.933+0000] {processor.py:840} INFO - DAG(s) 'example_skip_dag' retrieved from /usr/local/lib/python3.10/dist-packages/airflow/example_dags/example_skip_dag.py
[2024-03-12T09:54:06.954+0000] {logging_mixin.py:188} INFO - [2024-03-12T09:54:06.954+0000] {dag.py:3047} INFO - Sync 1 DAGs
[2024-03-12T09:54:06.982+0000] {logging_mixin.py:188} INFO - [2024-03-12T09:54:06.981+0000] {dag.py:3834} INFO - Setting next_dagrun for example_skip_dag to 2024-03-11 00:00:00+00:00, run_after=2024-03-12 00:00:00+00:00
[2024-03-12T09:54:07.012+0000] {processor.py:183} INFO - Processing /usr/local/lib/python3.10/dist-packages/airflow/example_dags/example_skip_dag.py took 0.109 seconds
[2024-03-12T09:54:53.919+0000] {processor.py:161} INFO - Started process (PID=15965) to work on /usr/local/lib/python3.10/dist-packages/airflow/example_dags/example_skip_dag.py
[2024-03-12T09:54:53.921+0000] {processor.py:830} INFO - Processing file /usr/local/lib/python3.10/dist-packages/airflow/example_dags/example_skip_dag.py for tasks to queue
[2024-03-12T09:54:53.923+0000] {logging_mixin.py:188} INFO - [2024-03-12T09:54:53.922+0000] {dagbag.py:540} INFO - Filling up the DagBag from /usr/local/lib/python3.10/dist-packages/airflow/example_dags/example_skip_dag.py
[2024-03-12T09:54:53.943+0000] {processor.py:840} INFO - DAG(s) 'example_skip_dag' retrieved from /usr/local/lib/python3.10/dist-packages/airflow/example_dags/example_skip_dag.py
[2024-03-12T09:54:53.979+0000] {logging_mixin.py:188} INFO - [2024-03-12T09:54:53.978+0000] {dag.py:3047} INFO - Sync 1 DAGs
[2024-03-12T09:54:54.023+0000] {logging_mixin.py:188} INFO - [2024-03-12T09:54:54.021+0000] {dag.py:3834} INFO - Setting next_dagrun for example_skip_dag to 2024-03-11 00:00:00+00:00, run_after=2024-03-12 00:00:00+00:00
[2024-03-12T09:54:54.081+0000] {processor.py:183} INFO - Processing /usr/local/lib/python3.10/dist-packages/airflow/example_dags/example_skip_dag.py took 0.169 seconds
[2024-03-12T09:55:37.537+0000] {processor.py:161} INFO - Started process (PID=16009) to work on /usr/local/lib/python3.10/dist-packages/airflow/example_dags/example_skip_dag.py
[2024-03-12T09:55:37.540+0000] {processor.py:830} INFO - Processing file /usr/local/lib/python3.10/dist-packages/airflow/example_dags/example_skip_dag.py for tasks to queue
[2024-03-12T09:55:37.541+0000] {logging_mixin.py:188} INFO - [2024-03-12T09:55:37.540+0000] {dagbag.py:540} INFO - Filling up the DagBag from /usr/local/lib/python3.10/dist-packages/airflow/example_dags/example_skip_dag.py
[2024-03-12T09:55:37.551+0000] {processor.py:840} INFO - DAG(s) 'example_skip_dag' retrieved from /usr/local/lib/python3.10/dist-packages/airflow/example_dags/example_skip_dag.py
[2024-03-12T09:55:37.581+0000] {logging_mixin.py:188} INFO - [2024-03-12T09:55:37.581+0000] {dag.py:3047} INFO - Sync 1 DAGs
[2024-03-12T09:55:37.609+0000] {logging_mixin.py:188} INFO - [2024-03-12T09:55:37.609+0000] {dag.py:3834} INFO - Setting next_dagrun for example_skip_dag to 2024-03-11 00:00:00+00:00, run_after=2024-03-12 00:00:00+00:00
[2024-03-12T09:55:37.640+0000] {processor.py:183} INFO - Processing /usr/local/lib/python3.10/dist-packages/airflow/example_dags/example_skip_dag.py took 0.106 seconds
[2024-03-12T09:56:22.718+0000] {processor.py:161} INFO - Started process (PID=16052) to work on /usr/local/lib/python3.10/dist-packages/airflow/example_dags/example_skip_dag.py
[2024-03-12T09:56:22.720+0000] {processor.py:830} INFO - Processing file /usr/local/lib/python3.10/dist-packages/airflow/example_dags/example_skip_dag.py for tasks to queue
[2024-03-12T09:56:22.721+0000] {logging_mixin.py:188} INFO - [2024-03-12T09:56:22.721+0000] {dagbag.py:540} INFO - Filling up the DagBag from /usr/local/lib/python3.10/dist-packages/airflow/example_dags/example_skip_dag.py
[2024-03-12T09:56:22.744+0000] {processor.py:840} INFO - DAG(s) 'example_skip_dag' retrieved from /usr/local/lib/python3.10/dist-packages/airflow/example_dags/example_skip_dag.py
[2024-03-12T09:56:22.786+0000] {logging_mixin.py:188} INFO - [2024-03-12T09:56:22.786+0000] {dag.py:3047} INFO - Sync 1 DAGs
[2024-03-12T09:56:22.820+0000] {logging_mixin.py:188} INFO - [2024-03-12T09:56:22.820+0000] {dag.py:3834} INFO - Setting next_dagrun for example_skip_dag to 2024-03-11 00:00:00+00:00, run_after=2024-03-12 00:00:00+00:00
[2024-03-12T09:56:22.850+0000] {processor.py:183} INFO - Processing /usr/local/lib/python3.10/dist-packages/airflow/example_dags/example_skip_dag.py took 0.137 seconds
[2024-03-12T09:57:07.348+0000] {processor.py:161} INFO - Started process (PID=16094) to work on /usr/local/lib/python3.10/dist-packages/airflow/example_dags/example_skip_dag.py
[2024-03-12T09:57:07.354+0000] {processor.py:830} INFO - Processing file /usr/local/lib/python3.10/dist-packages/airflow/example_dags/example_skip_dag.py for tasks to queue
[2024-03-12T09:57:07.355+0000] {logging_mixin.py:188} INFO - [2024-03-12T09:57:07.354+0000] {dagbag.py:540} INFO - Filling up the DagBag from /usr/local/lib/python3.10/dist-packages/airflow/example_dags/example_skip_dag.py
[2024-03-12T09:57:07.378+0000] {processor.py:840} INFO - DAG(s) 'example_skip_dag' retrieved from /usr/local/lib/python3.10/dist-packages/airflow/example_dags/example_skip_dag.py
[2024-03-12T09:57:07.405+0000] {logging_mixin.py:188} INFO - [2024-03-12T09:57:07.405+0000] {dag.py:3047} INFO - Sync 1 DAGs
[2024-03-12T09:57:07.431+0000] {logging_mixin.py:188} INFO - [2024-03-12T09:57:07.431+0000] {dag.py:3834} INFO - Setting next_dagrun for example_skip_dag to 2024-03-11 00:00:00+00:00, run_after=2024-03-12 00:00:00+00:00
[2024-03-12T09:57:07.458+0000] {processor.py:183} INFO - Processing /usr/local/lib/python3.10/dist-packages/airflow/example_dags/example_skip_dag.py took 0.114 seconds
[2024-03-12T09:57:50.784+0000] {processor.py:161} INFO - Started process (PID=16137) to work on /usr/local/lib/python3.10/dist-packages/airflow/example_dags/example_skip_dag.py
[2024-03-12T09:57:50.786+0000] {processor.py:830} INFO - Processing file /usr/local/lib/python3.10/dist-packages/airflow/example_dags/example_skip_dag.py for tasks to queue
[2024-03-12T09:57:50.787+0000] {logging_mixin.py:188} INFO - [2024-03-12T09:57:50.786+0000] {dagbag.py:540} INFO - Filling up the DagBag from /usr/local/lib/python3.10/dist-packages/airflow/example_dags/example_skip_dag.py
[2024-03-12T09:57:50.796+0000] {processor.py:840} INFO - DAG(s) 'example_skip_dag' retrieved from /usr/local/lib/python3.10/dist-packages/airflow/example_dags/example_skip_dag.py
[2024-03-12T09:57:50.821+0000] {logging_mixin.py:188} INFO - [2024-03-12T09:57:50.821+0000] {dag.py:3047} INFO - Sync 1 DAGs
[2024-03-12T09:57:50.858+0000] {logging_mixin.py:188} INFO - [2024-03-12T09:57:50.858+0000] {dag.py:3834} INFO - Setting next_dagrun for example_skip_dag to 2024-03-11 00:00:00+00:00, run_after=2024-03-12 00:00:00+00:00
[2024-03-12T09:57:50.896+0000] {processor.py:183} INFO - Processing /usr/local/lib/python3.10/dist-packages/airflow/example_dags/example_skip_dag.py took 0.115 seconds
[2024-03-12T09:58:33.713+0000] {processor.py:161} INFO - Started process (PID=16189) to work on /usr/local/lib/python3.10/dist-packages/airflow/example_dags/example_skip_dag.py
[2024-03-12T09:58:33.715+0000] {processor.py:830} INFO - Processing file /usr/local/lib/python3.10/dist-packages/airflow/example_dags/example_skip_dag.py for tasks to queue
[2024-03-12T09:58:33.716+0000] {logging_mixin.py:188} INFO - [2024-03-12T09:58:33.715+0000] {dagbag.py:540} INFO - Filling up the DagBag from /usr/local/lib/python3.10/dist-packages/airflow/example_dags/example_skip_dag.py
[2024-03-12T09:58:33.725+0000] {processor.py:840} INFO - DAG(s) 'example_skip_dag' retrieved from /usr/local/lib/python3.10/dist-packages/airflow/example_dags/example_skip_dag.py
[2024-03-12T09:58:33.747+0000] {logging_mixin.py:188} INFO - [2024-03-12T09:58:33.746+0000] {dag.py:3047} INFO - Sync 1 DAGs
[2024-03-12T09:58:33.773+0000] {logging_mixin.py:188} INFO - [2024-03-12T09:58:33.772+0000] {dag.py:3834} INFO - Setting next_dagrun for example_skip_dag to 2024-03-11 00:00:00+00:00, run_after=2024-03-12 00:00:00+00:00
[2024-03-12T09:58:33.802+0000] {processor.py:183} INFO - Processing /usr/local/lib/python3.10/dist-packages/airflow/example_dags/example_skip_dag.py took 0.093 seconds
