[2024-03-12T09:19:43.998+0000] {processor.py:161} INFO - Started process (PID=13943) to work on /usr/local/lib/python3.10/dist-packages/airflow/example_dags/example_sensors.py
[2024-03-12T09:19:43.999+0000] {processor.py:830} INFO - Processing file /usr/local/lib/python3.10/dist-packages/airflow/example_dags/example_sensors.py for tasks to queue
[2024-03-12T09:19:44.000+0000] {logging_mixin.py:188} INFO - [2024-03-12T09:19:43.999+0000] {dagbag.py:540} INFO - Filling up the DagBag from /usr/local/lib/python3.10/dist-packages/airflow/example_dags/example_sensors.py
[2024-03-12T09:19:44.011+0000] {processor.py:840} INFO - DAG(s) 'example_sensors' retrieved from /usr/local/lib/python3.10/dist-packages/airflow/example_dags/example_sensors.py
[2024-03-12T09:19:44.231+0000] {logging_mixin.py:188} INFO - [2024-03-12T09:19:44.228+0000] {override.py:1769} INFO - Created Permission View: can read on DAG:example_sensors
[2024-03-12T09:19:44.251+0000] {logging_mixin.py:188} INFO - [2024-03-12T09:19:44.250+0000] {override.py:1769} INFO - Created Permission View: can edit on DAG:example_sensors
[2024-03-12T09:19:44.264+0000] {logging_mixin.py:188} INFO - [2024-03-12T09:19:44.264+0000] {override.py:1769} INFO - Created Permission View: can delete on DAG:example_sensors
[2024-03-12T09:19:44.265+0000] {logging_mixin.py:188} INFO - [2024-03-12T09:19:44.264+0000] {dag.py:3047} INFO - Sync 1 DAGs
[2024-03-12T09:19:44.281+0000] {logging_mixin.py:188} INFO - [2024-03-12T09:19:44.280+0000] {dag.py:3069} INFO - Creating ORM DAG for example_sensors
[2024-03-12T09:19:44.281+0000] {logging_mixin.py:188} INFO - [2024-03-12T09:19:44.281+0000] {dag.py:3834} INFO - Setting next_dagrun for example_sensors to None, run_after=None
[2024-03-12T09:19:44.355+0000] {processor.py:183} INFO - Processing /usr/local/lib/python3.10/dist-packages/airflow/example_dags/example_sensors.py took 0.362 seconds
[2024-03-12T09:22:36.171+0000] {processor.py:161} INFO - Started process (PID=14003) to work on /usr/local/lib/python3.10/dist-packages/airflow/example_dags/example_sensors.py
[2024-03-12T09:22:36.173+0000] {processor.py:830} INFO - Processing file /usr/local/lib/python3.10/dist-packages/airflow/example_dags/example_sensors.py for tasks to queue
[2024-03-12T09:22:36.175+0000] {logging_mixin.py:188} INFO - [2024-03-12T09:22:36.175+0000] {dagbag.py:540} INFO - Filling up the DagBag from /usr/local/lib/python3.10/dist-packages/airflow/example_dags/example_sensors.py
[2024-03-12T09:22:36.187+0000] {processor.py:840} INFO - DAG(s) 'example_sensors' retrieved from /usr/local/lib/python3.10/dist-packages/airflow/example_dags/example_sensors.py
[2024-03-12T09:22:36.198+0000] {logging_mixin.py:188} INFO - [2024-03-12T09:22:36.198+0000] {dag.py:3047} INFO - Sync 1 DAGs
[2024-03-12T09:22:36.221+0000] {logging_mixin.py:188} INFO - [2024-03-12T09:22:36.220+0000] {dag.py:3834} INFO - Setting next_dagrun for example_sensors to None, run_after=None
[2024-03-12T09:22:36.262+0000] {processor.py:183} INFO - Processing /usr/local/lib/python3.10/dist-packages/airflow/example_dags/example_sensors.py took 0.095 seconds
[2024-03-12T09:23:39.351+0000] {processor.py:161} INFO - Started process (PID=14054) to work on /usr/local/lib/python3.10/dist-packages/airflow/example_dags/example_sensors.py
[2024-03-12T09:23:39.352+0000] {processor.py:830} INFO - Processing file /usr/local/lib/python3.10/dist-packages/airflow/example_dags/example_sensors.py for tasks to queue
[2024-03-12T09:23:39.353+0000] {logging_mixin.py:188} INFO - [2024-03-12T09:23:39.353+0000] {dagbag.py:540} INFO - Filling up the DagBag from /usr/local/lib/python3.10/dist-packages/airflow/example_dags/example_sensors.py
[2024-03-12T09:23:39.365+0000] {processor.py:840} INFO - DAG(s) 'example_sensors' retrieved from /usr/local/lib/python3.10/dist-packages/airflow/example_dags/example_sensors.py
[2024-03-12T09:23:39.604+0000] {logging_mixin.py:188} INFO - [2024-03-12T09:23:39.604+0000] {dag.py:3047} INFO - Sync 1 DAGs
[2024-03-12T09:23:39.614+0000] {logging_mixin.py:188} INFO - [2024-03-12T09:23:39.613+0000] {dag.py:3834} INFO - Setting next_dagrun for example_sensors to None, run_after=None
[2024-03-12T09:23:39.637+0000] {processor.py:183} INFO - Processing /usr/local/lib/python3.10/dist-packages/airflow/example_dags/example_sensors.py took 0.290 seconds
[2024-03-12T09:24:29.539+0000] {processor.py:161} INFO - Started process (PID=14104) to work on /usr/local/lib/python3.10/dist-packages/airflow/example_dags/example_sensors.py
[2024-03-12T09:24:29.541+0000] {processor.py:830} INFO - Processing file /usr/local/lib/python3.10/dist-packages/airflow/example_dags/example_sensors.py for tasks to queue
[2024-03-12T09:24:29.542+0000] {logging_mixin.py:188} INFO - [2024-03-12T09:24:29.541+0000] {dagbag.py:540} INFO - Filling up the DagBag from /usr/local/lib/python3.10/dist-packages/airflow/example_dags/example_sensors.py
[2024-03-12T09:24:29.571+0000] {processor.py:840} INFO - DAG(s) 'example_sensors' retrieved from /usr/local/lib/python3.10/dist-packages/airflow/example_dags/example_sensors.py
[2024-03-12T09:24:29.604+0000] {logging_mixin.py:188} INFO - [2024-03-12T09:24:29.602+0000] {dag.py:3047} INFO - Sync 1 DAGs
[2024-03-12T09:24:29.818+0000] {logging_mixin.py:188} INFO - [2024-03-12T09:24:29.817+0000] {dag.py:3834} INFO - Setting next_dagrun for example_sensors to None, run_after=None
[2024-03-12T09:24:29.858+0000] {processor.py:183} INFO - Processing /usr/local/lib/python3.10/dist-packages/airflow/example_dags/example_sensors.py took 0.324 seconds
[2024-03-12T09:25:29.950+0000] {processor.py:161} INFO - Started process (PID=14156) to work on /usr/local/lib/python3.10/dist-packages/airflow/example_dags/example_sensors.py
[2024-03-12T09:25:29.952+0000] {processor.py:830} INFO - Processing file /usr/local/lib/python3.10/dist-packages/airflow/example_dags/example_sensors.py for tasks to queue
[2024-03-12T09:25:29.953+0000] {logging_mixin.py:188} INFO - [2024-03-12T09:25:29.952+0000] {dagbag.py:540} INFO - Filling up the DagBag from /usr/local/lib/python3.10/dist-packages/airflow/example_dags/example_sensors.py
[2024-03-12T09:25:29.964+0000] {processor.py:840} INFO - DAG(s) 'example_sensors' retrieved from /usr/local/lib/python3.10/dist-packages/airflow/example_dags/example_sensors.py
[2024-03-12T09:25:29.990+0000] {logging_mixin.py:188} INFO - [2024-03-12T09:25:29.990+0000] {dag.py:3047} INFO - Sync 1 DAGs
[2024-03-12T09:25:30.004+0000] {logging_mixin.py:188} INFO - [2024-03-12T09:25:30.003+0000] {dag.py:3834} INFO - Setting next_dagrun for example_sensors to None, run_after=None
[2024-03-12T09:25:30.028+0000] {processor.py:183} INFO - Processing /usr/local/lib/python3.10/dist-packages/airflow/example_dags/example_sensors.py took 0.082 seconds
[2024-03-12T09:26:13.294+0000] {processor.py:161} INFO - Started process (PID=14200) to work on /usr/local/lib/python3.10/dist-packages/airflow/example_dags/example_sensors.py
[2024-03-12T09:26:13.297+0000] {processor.py:830} INFO - Processing file /usr/local/lib/python3.10/dist-packages/airflow/example_dags/example_sensors.py for tasks to queue
[2024-03-12T09:26:13.300+0000] {logging_mixin.py:188} INFO - [2024-03-12T09:26:13.300+0000] {dagbag.py:540} INFO - Filling up the DagBag from /usr/local/lib/python3.10/dist-packages/airflow/example_dags/example_sensors.py
[2024-03-12T09:26:13.313+0000] {processor.py:840} INFO - DAG(s) 'example_sensors' retrieved from /usr/local/lib/python3.10/dist-packages/airflow/example_dags/example_sensors.py
[2024-03-12T09:26:13.371+0000] {logging_mixin.py:188} INFO - [2024-03-12T09:26:13.369+0000] {dag.py:3047} INFO - Sync 1 DAGs
[2024-03-12T09:26:13.390+0000] {logging_mixin.py:188} INFO - [2024-03-12T09:26:13.390+0000] {dag.py:3834} INFO - Setting next_dagrun for example_sensors to None, run_after=None
[2024-03-12T09:26:13.444+0000] {processor.py:183} INFO - Processing /usr/local/lib/python3.10/dist-packages/airflow/example_dags/example_sensors.py took 0.159 seconds
[2024-03-12T09:26:57.603+0000] {processor.py:161} INFO - Started process (PID=14245) to work on /usr/local/lib/python3.10/dist-packages/airflow/example_dags/example_sensors.py
[2024-03-12T09:26:57.605+0000] {processor.py:830} INFO - Processing file /usr/local/lib/python3.10/dist-packages/airflow/example_dags/example_sensors.py for tasks to queue
[2024-03-12T09:26:57.607+0000] {logging_mixin.py:188} INFO - [2024-03-12T09:26:57.606+0000] {dagbag.py:540} INFO - Filling up the DagBag from /usr/local/lib/python3.10/dist-packages/airflow/example_dags/example_sensors.py
[2024-03-12T09:26:57.619+0000] {processor.py:840} INFO - DAG(s) 'example_sensors' retrieved from /usr/local/lib/python3.10/dist-packages/airflow/example_dags/example_sensors.py
[2024-03-12T09:26:57.644+0000] {logging_mixin.py:188} INFO - [2024-03-12T09:26:57.644+0000] {dag.py:3047} INFO - Sync 1 DAGs
[2024-03-12T09:26:57.662+0000] {logging_mixin.py:188} INFO - [2024-03-12T09:26:57.661+0000] {dag.py:3834} INFO - Setting next_dagrun for example_sensors to None, run_after=None
[2024-03-12T09:26:57.729+0000] {processor.py:183} INFO - Processing /usr/local/lib/python3.10/dist-packages/airflow/example_dags/example_sensors.py took 0.129 seconds
[2024-03-12T09:27:40.927+0000] {processor.py:161} INFO - Started process (PID=14287) to work on /usr/local/lib/python3.10/dist-packages/airflow/example_dags/example_sensors.py
[2024-03-12T09:27:40.928+0000] {processor.py:830} INFO - Processing file /usr/local/lib/python3.10/dist-packages/airflow/example_dags/example_sensors.py for tasks to queue
[2024-03-12T09:27:40.929+0000] {logging_mixin.py:188} INFO - [2024-03-12T09:27:40.929+0000] {dagbag.py:540} INFO - Filling up the DagBag from /usr/local/lib/python3.10/dist-packages/airflow/example_dags/example_sensors.py
[2024-03-12T09:27:40.941+0000] {processor.py:840} INFO - DAG(s) 'example_sensors' retrieved from /usr/local/lib/python3.10/dist-packages/airflow/example_dags/example_sensors.py
[2024-03-12T09:27:40.988+0000] {logging_mixin.py:188} INFO - [2024-03-12T09:27:40.988+0000] {dag.py:3047} INFO - Sync 1 DAGs
[2024-03-12T09:27:41.012+0000] {logging_mixin.py:188} INFO - [2024-03-12T09:27:41.012+0000] {dag.py:3834} INFO - Setting next_dagrun for example_sensors to None, run_after=None
[2024-03-12T09:27:41.070+0000] {processor.py:183} INFO - Processing /usr/local/lib/python3.10/dist-packages/airflow/example_dags/example_sensors.py took 0.150 seconds
[2024-03-12T09:28:40.582+0000] {processor.py:161} INFO - Started process (PID=14346) to work on /usr/local/lib/python3.10/dist-packages/airflow/example_dags/example_sensors.py
[2024-03-12T09:28:40.584+0000] {processor.py:830} INFO - Processing file /usr/local/lib/python3.10/dist-packages/airflow/example_dags/example_sensors.py for tasks to queue
[2024-03-12T09:28:40.585+0000] {logging_mixin.py:188} INFO - [2024-03-12T09:28:40.585+0000] {dagbag.py:540} INFO - Filling up the DagBag from /usr/local/lib/python3.10/dist-packages/airflow/example_dags/example_sensors.py
[2024-03-12T09:28:40.598+0000] {processor.py:840} INFO - DAG(s) 'example_sensors' retrieved from /usr/local/lib/python3.10/dist-packages/airflow/example_dags/example_sensors.py
[2024-03-12T09:28:40.623+0000] {logging_mixin.py:188} INFO - [2024-03-12T09:28:40.623+0000] {dag.py:3047} INFO - Sync 1 DAGs
[2024-03-12T09:28:40.637+0000] {logging_mixin.py:188} INFO - [2024-03-12T09:28:40.636+0000] {dag.py:3834} INFO - Setting next_dagrun for example_sensors to None, run_after=None
[2024-03-12T09:28:40.666+0000] {processor.py:183} INFO - Processing /usr/local/lib/python3.10/dist-packages/airflow/example_dags/example_sensors.py took 0.088 seconds
[2024-03-12T09:29:40.539+0000] {processor.py:161} INFO - Started process (PID=14406) to work on /usr/local/lib/python3.10/dist-packages/airflow/example_dags/example_sensors.py
[2024-03-12T09:29:40.541+0000] {processor.py:830} INFO - Processing file /usr/local/lib/python3.10/dist-packages/airflow/example_dags/example_sensors.py for tasks to queue
[2024-03-12T09:29:40.542+0000] {logging_mixin.py:188} INFO - [2024-03-12T09:29:40.542+0000] {dagbag.py:540} INFO - Filling up the DagBag from /usr/local/lib/python3.10/dist-packages/airflow/example_dags/example_sensors.py
[2024-03-12T09:29:40.552+0000] {processor.py:840} INFO - DAG(s) 'example_sensors' retrieved from /usr/local/lib/python3.10/dist-packages/airflow/example_dags/example_sensors.py
[2024-03-12T09:29:40.571+0000] {logging_mixin.py:188} INFO - [2024-03-12T09:29:40.571+0000] {dag.py:3047} INFO - Sync 1 DAGs
[2024-03-12T09:29:40.582+0000] {logging_mixin.py:188} INFO - [2024-03-12T09:29:40.582+0000] {dag.py:3834} INFO - Setting next_dagrun for example_sensors to None, run_after=None
[2024-03-12T09:29:40.604+0000] {processor.py:183} INFO - Processing /usr/local/lib/python3.10/dist-packages/airflow/example_dags/example_sensors.py took 0.068 seconds
[2024-03-12T09:30:41.433+0000] {processor.py:161} INFO - Started process (PID=14464) to work on /usr/local/lib/python3.10/dist-packages/airflow/example_dags/example_sensors.py
[2024-03-12T09:30:41.435+0000] {processor.py:830} INFO - Processing file /usr/local/lib/python3.10/dist-packages/airflow/example_dags/example_sensors.py for tasks to queue
[2024-03-12T09:30:41.436+0000] {logging_mixin.py:188} INFO - [2024-03-12T09:30:41.436+0000] {dagbag.py:540} INFO - Filling up the DagBag from /usr/local/lib/python3.10/dist-packages/airflow/example_dags/example_sensors.py
[2024-03-12T09:30:41.448+0000] {processor.py:840} INFO - DAG(s) 'example_sensors' retrieved from /usr/local/lib/python3.10/dist-packages/airflow/example_dags/example_sensors.py
[2024-03-12T09:30:41.475+0000] {logging_mixin.py:188} INFO - [2024-03-12T09:30:41.475+0000] {dag.py:3047} INFO - Sync 1 DAGs
[2024-03-12T09:30:41.491+0000] {logging_mixin.py:188} INFO - [2024-03-12T09:30:41.491+0000] {dag.py:3834} INFO - Setting next_dagrun for example_sensors to None, run_after=None
[2024-03-12T09:30:41.520+0000] {processor.py:183} INFO - Processing /usr/local/lib/python3.10/dist-packages/airflow/example_dags/example_sensors.py took 0.091 seconds
[2024-03-12T09:31:23.069+0000] {processor.py:161} INFO - Started process (PID=14505) to work on /usr/local/lib/python3.10/dist-packages/airflow/example_dags/example_sensors.py
[2024-03-12T09:31:23.071+0000] {processor.py:830} INFO - Processing file /usr/local/lib/python3.10/dist-packages/airflow/example_dags/example_sensors.py for tasks to queue
[2024-03-12T09:31:23.073+0000] {logging_mixin.py:188} INFO - [2024-03-12T09:31:23.072+0000] {dagbag.py:540} INFO - Filling up the DagBag from /usr/local/lib/python3.10/dist-packages/airflow/example_dags/example_sensors.py
[2024-03-12T09:31:23.089+0000] {processor.py:840} INFO - DAG(s) 'example_sensors' retrieved from /usr/local/lib/python3.10/dist-packages/airflow/example_dags/example_sensors.py
[2024-03-12T09:31:23.124+0000] {logging_mixin.py:188} INFO - [2024-03-12T09:31:23.123+0000] {dag.py:3047} INFO - Sync 1 DAGs
[2024-03-12T09:31:23.139+0000] {logging_mixin.py:188} INFO - [2024-03-12T09:31:23.138+0000] {dag.py:3834} INFO - Setting next_dagrun for example_sensors to None, run_after=None
[2024-03-12T09:31:23.176+0000] {processor.py:183} INFO - Processing /usr/local/lib/python3.10/dist-packages/airflow/example_dags/example_sensors.py took 0.111 seconds
[2024-03-12T09:32:05.592+0000] {processor.py:161} INFO - Started process (PID=14546) to work on /usr/local/lib/python3.10/dist-packages/airflow/example_dags/example_sensors.py
[2024-03-12T09:32:05.594+0000] {processor.py:830} INFO - Processing file /usr/local/lib/python3.10/dist-packages/airflow/example_dags/example_sensors.py for tasks to queue
[2024-03-12T09:32:05.597+0000] {logging_mixin.py:188} INFO - [2024-03-12T09:32:05.595+0000] {dagbag.py:540} INFO - Filling up the DagBag from /usr/local/lib/python3.10/dist-packages/airflow/example_dags/example_sensors.py
[2024-03-12T09:32:05.612+0000] {processor.py:840} INFO - DAG(s) 'example_sensors' retrieved from /usr/local/lib/python3.10/dist-packages/airflow/example_dags/example_sensors.py
[2024-03-12T09:32:05.644+0000] {logging_mixin.py:188} INFO - [2024-03-12T09:32:05.643+0000] {dag.py:3047} INFO - Sync 1 DAGs
[2024-03-12T09:32:05.661+0000] {logging_mixin.py:188} INFO - [2024-03-12T09:32:05.661+0000] {dag.py:3834} INFO - Setting next_dagrun for example_sensors to None, run_after=None
[2024-03-12T09:32:05.694+0000] {processor.py:183} INFO - Processing /usr/local/lib/python3.10/dist-packages/airflow/example_dags/example_sensors.py took 0.109 seconds
[2024-03-12T09:32:48.901+0000] {processor.py:161} INFO - Started process (PID=14588) to work on /usr/local/lib/python3.10/dist-packages/airflow/example_dags/example_sensors.py
[2024-03-12T09:32:48.903+0000] {processor.py:830} INFO - Processing file /usr/local/lib/python3.10/dist-packages/airflow/example_dags/example_sensors.py for tasks to queue
[2024-03-12T09:32:48.904+0000] {logging_mixin.py:188} INFO - [2024-03-12T09:32:48.903+0000] {dagbag.py:540} INFO - Filling up the DagBag from /usr/local/lib/python3.10/dist-packages/airflow/example_dags/example_sensors.py
[2024-03-12T09:32:48.914+0000] {processor.py:840} INFO - DAG(s) 'example_sensors' retrieved from /usr/local/lib/python3.10/dist-packages/airflow/example_dags/example_sensors.py
[2024-03-12T09:32:48.941+0000] {logging_mixin.py:188} INFO - [2024-03-12T09:32:48.940+0000] {dag.py:3047} INFO - Sync 1 DAGs
[2024-03-12T09:32:48.953+0000] {logging_mixin.py:188} INFO - [2024-03-12T09:32:48.952+0000] {dag.py:3834} INFO - Setting next_dagrun for example_sensors to None, run_after=None
[2024-03-12T09:32:48.976+0000] {processor.py:183} INFO - Processing /usr/local/lib/python3.10/dist-packages/airflow/example_dags/example_sensors.py took 0.078 seconds
[2024-03-12T09:33:33.839+0000] {processor.py:161} INFO - Started process (PID=14631) to work on /usr/local/lib/python3.10/dist-packages/airflow/example_dags/example_sensors.py
[2024-03-12T09:33:33.840+0000] {processor.py:830} INFO - Processing file /usr/local/lib/python3.10/dist-packages/airflow/example_dags/example_sensors.py for tasks to queue
[2024-03-12T09:33:33.841+0000] {logging_mixin.py:188} INFO - [2024-03-12T09:33:33.841+0000] {dagbag.py:540} INFO - Filling up the DagBag from /usr/local/lib/python3.10/dist-packages/airflow/example_dags/example_sensors.py
[2024-03-12T09:33:33.857+0000] {processor.py:840} INFO - DAG(s) 'example_sensors' retrieved from /usr/local/lib/python3.10/dist-packages/airflow/example_dags/example_sensors.py
[2024-03-12T09:33:33.880+0000] {logging_mixin.py:188} INFO - [2024-03-12T09:33:33.880+0000] {dag.py:3047} INFO - Sync 1 DAGs
[2024-03-12T09:33:33.893+0000] {logging_mixin.py:188} INFO - [2024-03-12T09:33:33.892+0000] {dag.py:3834} INFO - Setting next_dagrun for example_sensors to None, run_after=None
[2024-03-12T09:33:33.925+0000] {processor.py:183} INFO - Processing /usr/local/lib/python3.10/dist-packages/airflow/example_dags/example_sensors.py took 0.090 seconds
[2024-03-12T09:34:16.339+0000] {processor.py:161} INFO - Started process (PID=14673) to work on /usr/local/lib/python3.10/dist-packages/airflow/example_dags/example_sensors.py
[2024-03-12T09:34:16.341+0000] {processor.py:830} INFO - Processing file /usr/local/lib/python3.10/dist-packages/airflow/example_dags/example_sensors.py for tasks to queue
[2024-03-12T09:34:16.342+0000] {logging_mixin.py:188} INFO - [2024-03-12T09:34:16.341+0000] {dagbag.py:540} INFO - Filling up the DagBag from /usr/local/lib/python3.10/dist-packages/airflow/example_dags/example_sensors.py
[2024-03-12T09:34:16.357+0000] {processor.py:840} INFO - DAG(s) 'example_sensors' retrieved from /usr/local/lib/python3.10/dist-packages/airflow/example_dags/example_sensors.py
[2024-03-12T09:34:16.382+0000] {logging_mixin.py:188} INFO - [2024-03-12T09:34:16.382+0000] {dag.py:3047} INFO - Sync 1 DAGs
[2024-03-12T09:34:16.395+0000] {logging_mixin.py:188} INFO - [2024-03-12T09:34:16.395+0000] {dag.py:3834} INFO - Setting next_dagrun for example_sensors to None, run_after=None
[2024-03-12T09:34:16.426+0000] {processor.py:183} INFO - Processing /usr/local/lib/python3.10/dist-packages/airflow/example_dags/example_sensors.py took 0.091 seconds
[2024-03-12T09:34:59.250+0000] {processor.py:161} INFO - Started process (PID=14714) to work on /usr/local/lib/python3.10/dist-packages/airflow/example_dags/example_sensors.py
[2024-03-12T09:34:59.252+0000] {processor.py:830} INFO - Processing file /usr/local/lib/python3.10/dist-packages/airflow/example_dags/example_sensors.py for tasks to queue
[2024-03-12T09:34:59.253+0000] {logging_mixin.py:188} INFO - [2024-03-12T09:34:59.253+0000] {dagbag.py:540} INFO - Filling up the DagBag from /usr/local/lib/python3.10/dist-packages/airflow/example_dags/example_sensors.py
[2024-03-12T09:34:59.266+0000] {processor.py:840} INFO - DAG(s) 'example_sensors' retrieved from /usr/local/lib/python3.10/dist-packages/airflow/example_dags/example_sensors.py
[2024-03-12T09:34:59.292+0000] {logging_mixin.py:188} INFO - [2024-03-12T09:34:59.292+0000] {dag.py:3047} INFO - Sync 1 DAGs
[2024-03-12T09:34:59.311+0000] {logging_mixin.py:188} INFO - [2024-03-12T09:34:59.311+0000] {dag.py:3834} INFO - Setting next_dagrun for example_sensors to None, run_after=None
[2024-03-12T09:34:59.340+0000] {processor.py:183} INFO - Processing /usr/local/lib/python3.10/dist-packages/airflow/example_dags/example_sensors.py took 0.094 seconds
[2024-03-12T09:35:44.677+0000] {processor.py:161} INFO - Started process (PID=14758) to work on /usr/local/lib/python3.10/dist-packages/airflow/example_dags/example_sensors.py
[2024-03-12T09:35:44.679+0000] {processor.py:830} INFO - Processing file /usr/local/lib/python3.10/dist-packages/airflow/example_dags/example_sensors.py for tasks to queue
[2024-03-12T09:35:44.680+0000] {logging_mixin.py:188} INFO - [2024-03-12T09:35:44.679+0000] {dagbag.py:540} INFO - Filling up the DagBag from /usr/local/lib/python3.10/dist-packages/airflow/example_dags/example_sensors.py
[2024-03-12T09:35:44.694+0000] {processor.py:840} INFO - DAG(s) 'example_sensors' retrieved from /usr/local/lib/python3.10/dist-packages/airflow/example_dags/example_sensors.py
[2024-03-12T09:35:44.722+0000] {logging_mixin.py:188} INFO - [2024-03-12T09:35:44.721+0000] {dag.py:3047} INFO - Sync 1 DAGs
[2024-03-12T09:35:44.740+0000] {logging_mixin.py:188} INFO - [2024-03-12T09:35:44.740+0000] {dag.py:3834} INFO - Setting next_dagrun for example_sensors to None, run_after=None
[2024-03-12T09:35:44.788+0000] {processor.py:183} INFO - Processing /usr/local/lib/python3.10/dist-packages/airflow/example_dags/example_sensors.py took 0.114 seconds
[2024-03-12T09:36:25.707+0000] {processor.py:161} INFO - Started process (PID=14797) to work on /usr/local/lib/python3.10/dist-packages/airflow/example_dags/example_sensors.py
[2024-03-12T09:36:25.713+0000] {processor.py:830} INFO - Processing file /usr/local/lib/python3.10/dist-packages/airflow/example_dags/example_sensors.py for tasks to queue
[2024-03-12T09:36:25.716+0000] {logging_mixin.py:188} INFO - [2024-03-12T09:36:25.715+0000] {dagbag.py:540} INFO - Filling up the DagBag from /usr/local/lib/python3.10/dist-packages/airflow/example_dags/example_sensors.py
[2024-03-12T09:36:25.746+0000] {processor.py:840} INFO - DAG(s) 'example_sensors' retrieved from /usr/local/lib/python3.10/dist-packages/airflow/example_dags/example_sensors.py
[2024-03-12T09:36:25.781+0000] {logging_mixin.py:188} INFO - [2024-03-12T09:36:25.780+0000] {dag.py:3047} INFO - Sync 1 DAGs
[2024-03-12T09:36:25.794+0000] {logging_mixin.py:188} INFO - [2024-03-12T09:36:25.793+0000] {dag.py:3834} INFO - Setting next_dagrun for example_sensors to None, run_after=None
[2024-03-12T09:36:25.819+0000] {processor.py:183} INFO - Processing /usr/local/lib/python3.10/dist-packages/airflow/example_dags/example_sensors.py took 0.123 seconds
[2024-03-12T09:37:10.214+0000] {processor.py:161} INFO - Started process (PID=14839) to work on /usr/local/lib/python3.10/dist-packages/airflow/example_dags/example_sensors.py
[2024-03-12T09:37:10.216+0000] {processor.py:830} INFO - Processing file /usr/local/lib/python3.10/dist-packages/airflow/example_dags/example_sensors.py for tasks to queue
[2024-03-12T09:37:10.222+0000] {logging_mixin.py:188} INFO - [2024-03-12T09:37:10.220+0000] {dagbag.py:540} INFO - Filling up the DagBag from /usr/local/lib/python3.10/dist-packages/airflow/example_dags/example_sensors.py
[2024-03-12T09:37:10.238+0000] {processor.py:840} INFO - DAG(s) 'example_sensors' retrieved from /usr/local/lib/python3.10/dist-packages/airflow/example_dags/example_sensors.py
[2024-03-12T09:37:10.270+0000] {logging_mixin.py:188} INFO - [2024-03-12T09:37:10.270+0000] {dag.py:3047} INFO - Sync 1 DAGs
[2024-03-12T09:37:10.288+0000] {logging_mixin.py:188} INFO - [2024-03-12T09:37:10.287+0000] {dag.py:3834} INFO - Setting next_dagrun for example_sensors to None, run_after=None
[2024-03-12T09:37:10.326+0000] {processor.py:183} INFO - Processing /usr/local/lib/python3.10/dist-packages/airflow/example_dags/example_sensors.py took 0.120 seconds
[2024-03-12T09:38:10.603+0000] {processor.py:161} INFO - Started process (PID=14899) to work on /usr/local/lib/python3.10/dist-packages/airflow/example_dags/example_sensors.py
[2024-03-12T09:38:10.606+0000] {processor.py:830} INFO - Processing file /usr/local/lib/python3.10/dist-packages/airflow/example_dags/example_sensors.py for tasks to queue
[2024-03-12T09:38:10.608+0000] {logging_mixin.py:188} INFO - [2024-03-12T09:38:10.607+0000] {dagbag.py:540} INFO - Filling up the DagBag from /usr/local/lib/python3.10/dist-packages/airflow/example_dags/example_sensors.py
[2024-03-12T09:38:10.622+0000] {processor.py:840} INFO - DAG(s) 'example_sensors' retrieved from /usr/local/lib/python3.10/dist-packages/airflow/example_dags/example_sensors.py
[2024-03-12T09:38:10.651+0000] {logging_mixin.py:188} INFO - [2024-03-12T09:38:10.650+0000] {dag.py:3047} INFO - Sync 1 DAGs
[2024-03-12T09:38:10.672+0000] {logging_mixin.py:188} INFO - [2024-03-12T09:38:10.671+0000] {dag.py:3834} INFO - Setting next_dagrun for example_sensors to None, run_after=None
[2024-03-12T09:38:10.711+0000] {processor.py:183} INFO - Processing /usr/local/lib/python3.10/dist-packages/airflow/example_dags/example_sensors.py took 0.115 seconds
[2024-03-12T09:38:52.295+0000] {processor.py:161} INFO - Started process (PID=14940) to work on /usr/local/lib/python3.10/dist-packages/airflow/example_dags/example_sensors.py
[2024-03-12T09:38:52.296+0000] {processor.py:830} INFO - Processing file /usr/local/lib/python3.10/dist-packages/airflow/example_dags/example_sensors.py for tasks to queue
[2024-03-12T09:38:52.298+0000] {logging_mixin.py:188} INFO - [2024-03-12T09:38:52.297+0000] {dagbag.py:540} INFO - Filling up the DagBag from /usr/local/lib/python3.10/dist-packages/airflow/example_dags/example_sensors.py
[2024-03-12T09:38:52.310+0000] {processor.py:840} INFO - DAG(s) 'example_sensors' retrieved from /usr/local/lib/python3.10/dist-packages/airflow/example_dags/example_sensors.py
[2024-03-12T09:38:52.336+0000] {logging_mixin.py:188} INFO - [2024-03-12T09:38:52.335+0000] {dag.py:3047} INFO - Sync 1 DAGs
[2024-03-12T09:38:52.350+0000] {logging_mixin.py:188} INFO - [2024-03-12T09:38:52.350+0000] {dag.py:3834} INFO - Setting next_dagrun for example_sensors to None, run_after=None
[2024-03-12T09:38:52.382+0000] {processor.py:183} INFO - Processing /usr/local/lib/python3.10/dist-packages/airflow/example_dags/example_sensors.py took 0.092 seconds
[2024-03-12T09:39:34.985+0000] {processor.py:161} INFO - Started process (PID=14980) to work on /usr/local/lib/python3.10/dist-packages/airflow/example_dags/example_sensors.py
[2024-03-12T09:39:34.986+0000] {processor.py:830} INFO - Processing file /usr/local/lib/python3.10/dist-packages/airflow/example_dags/example_sensors.py for tasks to queue
[2024-03-12T09:39:34.988+0000] {logging_mixin.py:188} INFO - [2024-03-12T09:39:34.987+0000] {dagbag.py:540} INFO - Filling up the DagBag from /usr/local/lib/python3.10/dist-packages/airflow/example_dags/example_sensors.py
[2024-03-12T09:39:34.999+0000] {processor.py:840} INFO - DAG(s) 'example_sensors' retrieved from /usr/local/lib/python3.10/dist-packages/airflow/example_dags/example_sensors.py
[2024-03-12T09:39:35.061+0000] {logging_mixin.py:188} INFO - [2024-03-12T09:39:35.060+0000] {dag.py:3047} INFO - Sync 1 DAGs
[2024-03-12T09:39:35.084+0000] {logging_mixin.py:188} INFO - [2024-03-12T09:39:35.083+0000] {dag.py:3834} INFO - Setting next_dagrun for example_sensors to None, run_after=None
[2024-03-12T09:39:35.121+0000] {processor.py:183} INFO - Processing /usr/local/lib/python3.10/dist-packages/airflow/example_dags/example_sensors.py took 0.140 seconds
[2024-03-12T09:40:17.975+0000] {processor.py:161} INFO - Started process (PID=15021) to work on /usr/local/lib/python3.10/dist-packages/airflow/example_dags/example_sensors.py
[2024-03-12T09:40:17.980+0000] {processor.py:830} INFO - Processing file /usr/local/lib/python3.10/dist-packages/airflow/example_dags/example_sensors.py for tasks to queue
[2024-03-12T09:40:17.982+0000] {logging_mixin.py:188} INFO - [2024-03-12T09:40:17.982+0000] {dagbag.py:540} INFO - Filling up the DagBag from /usr/local/lib/python3.10/dist-packages/airflow/example_dags/example_sensors.py
[2024-03-12T09:40:18.007+0000] {processor.py:840} INFO - DAG(s) 'example_sensors' retrieved from /usr/local/lib/python3.10/dist-packages/airflow/example_dags/example_sensors.py
[2024-03-12T09:40:18.045+0000] {logging_mixin.py:188} INFO - [2024-03-12T09:40:18.044+0000] {dag.py:3047} INFO - Sync 1 DAGs
[2024-03-12T09:40:18.065+0000] {logging_mixin.py:188} INFO - [2024-03-12T09:40:18.064+0000] {dag.py:3834} INFO - Setting next_dagrun for example_sensors to None, run_after=None
[2024-03-12T09:40:18.095+0000] {processor.py:183} INFO - Processing /usr/local/lib/python3.10/dist-packages/airflow/example_dags/example_sensors.py took 0.124 seconds
[2024-03-12T09:41:01.182+0000] {processor.py:161} INFO - Started process (PID=15064) to work on /usr/local/lib/python3.10/dist-packages/airflow/example_dags/example_sensors.py
[2024-03-12T09:41:01.184+0000] {processor.py:830} INFO - Processing file /usr/local/lib/python3.10/dist-packages/airflow/example_dags/example_sensors.py for tasks to queue
[2024-03-12T09:41:01.188+0000] {logging_mixin.py:188} INFO - [2024-03-12T09:41:01.185+0000] {dagbag.py:540} INFO - Filling up the DagBag from /usr/local/lib/python3.10/dist-packages/airflow/example_dags/example_sensors.py
[2024-03-12T09:41:01.216+0000] {processor.py:840} INFO - DAG(s) 'example_sensors' retrieved from /usr/local/lib/python3.10/dist-packages/airflow/example_dags/example_sensors.py
[2024-03-12T09:41:01.286+0000] {logging_mixin.py:188} INFO - [2024-03-12T09:41:01.286+0000] {dag.py:3047} INFO - Sync 1 DAGs
[2024-03-12T09:41:01.321+0000] {logging_mixin.py:188} INFO - [2024-03-12T09:41:01.320+0000] {dag.py:3834} INFO - Setting next_dagrun for example_sensors to None, run_after=None
[2024-03-12T09:41:01.352+0000] {processor.py:183} INFO - Processing /usr/local/lib/python3.10/dist-packages/airflow/example_dags/example_sensors.py took 0.180 seconds
[2024-03-12T09:41:43.120+0000] {processor.py:161} INFO - Started process (PID=15104) to work on /usr/local/lib/python3.10/dist-packages/airflow/example_dags/example_sensors.py
[2024-03-12T09:41:43.122+0000] {processor.py:830} INFO - Processing file /usr/local/lib/python3.10/dist-packages/airflow/example_dags/example_sensors.py for tasks to queue
[2024-03-12T09:41:43.124+0000] {logging_mixin.py:188} INFO - [2024-03-12T09:41:43.123+0000] {dagbag.py:540} INFO - Filling up the DagBag from /usr/local/lib/python3.10/dist-packages/airflow/example_dags/example_sensors.py
[2024-03-12T09:41:43.136+0000] {processor.py:840} INFO - DAG(s) 'example_sensors' retrieved from /usr/local/lib/python3.10/dist-packages/airflow/example_dags/example_sensors.py
[2024-03-12T09:41:43.190+0000] {logging_mixin.py:188} INFO - [2024-03-12T09:41:43.190+0000] {dag.py:3047} INFO - Sync 1 DAGs
[2024-03-12T09:41:43.225+0000] {logging_mixin.py:188} INFO - [2024-03-12T09:41:43.223+0000] {dag.py:3834} INFO - Setting next_dagrun for example_sensors to None, run_after=None
[2024-03-12T09:41:43.272+0000] {processor.py:183} INFO - Processing /usr/local/lib/python3.10/dist-packages/airflow/example_dags/example_sensors.py took 0.156 seconds
[2024-03-12T09:42:24.280+0000] {processor.py:161} INFO - Started process (PID=15145) to work on /usr/local/lib/python3.10/dist-packages/airflow/example_dags/example_sensors.py
[2024-03-12T09:42:24.282+0000] {processor.py:830} INFO - Processing file /usr/local/lib/python3.10/dist-packages/airflow/example_dags/example_sensors.py for tasks to queue
[2024-03-12T09:42:24.283+0000] {logging_mixin.py:188} INFO - [2024-03-12T09:42:24.283+0000] {dagbag.py:540} INFO - Filling up the DagBag from /usr/local/lib/python3.10/dist-packages/airflow/example_dags/example_sensors.py
[2024-03-12T09:42:24.295+0000] {processor.py:840} INFO - DAG(s) 'example_sensors' retrieved from /usr/local/lib/python3.10/dist-packages/airflow/example_dags/example_sensors.py
[2024-03-12T09:42:24.322+0000] {logging_mixin.py:188} INFO - [2024-03-12T09:42:24.322+0000] {dag.py:3047} INFO - Sync 1 DAGs
[2024-03-12T09:42:24.336+0000] {logging_mixin.py:188} INFO - [2024-03-12T09:42:24.336+0000] {dag.py:3834} INFO - Setting next_dagrun for example_sensors to None, run_after=None
[2024-03-12T09:42:24.369+0000] {processor.py:183} INFO - Processing /usr/local/lib/python3.10/dist-packages/airflow/example_dags/example_sensors.py took 0.092 seconds
[2024-03-12T09:43:23.636+0000] {processor.py:161} INFO - Started process (PID=15275) to work on /usr/local/lib/python3.10/dist-packages/airflow/example_dags/example_sensors.py
[2024-03-12T09:43:23.643+0000] {processor.py:830} INFO - Processing file /usr/local/lib/python3.10/dist-packages/airflow/example_dags/example_sensors.py for tasks to queue
[2024-03-12T09:43:23.644+0000] {logging_mixin.py:188} INFO - [2024-03-12T09:43:23.644+0000] {dagbag.py:540} INFO - Filling up the DagBag from /usr/local/lib/python3.10/dist-packages/airflow/example_dags/example_sensors.py
[2024-03-12T09:43:23.668+0000] {processor.py:840} INFO - DAG(s) 'example_sensors' retrieved from /usr/local/lib/python3.10/dist-packages/airflow/example_dags/example_sensors.py
[2024-03-12T09:43:23.700+0000] {logging_mixin.py:188} INFO - [2024-03-12T09:43:23.697+0000] {dag.py:3047} INFO - Sync 1 DAGs
[2024-03-12T09:43:23.724+0000] {logging_mixin.py:188} INFO - [2024-03-12T09:43:23.723+0000] {dag.py:3834} INFO - Setting next_dagrun for example_sensors to None, run_after=None
[2024-03-12T09:43:23.779+0000] {processor.py:183} INFO - Processing /usr/local/lib/python3.10/dist-packages/airflow/example_dags/example_sensors.py took 0.148 seconds
[2024-03-12T09:44:07.384+0000] {processor.py:161} INFO - Started process (PID=15332) to work on /usr/local/lib/python3.10/dist-packages/airflow/example_dags/example_sensors.py
[2024-03-12T09:44:07.386+0000] {processor.py:830} INFO - Processing file /usr/local/lib/python3.10/dist-packages/airflow/example_dags/example_sensors.py for tasks to queue
[2024-03-12T09:44:07.387+0000] {logging_mixin.py:188} INFO - [2024-03-12T09:44:07.386+0000] {dagbag.py:540} INFO - Filling up the DagBag from /usr/local/lib/python3.10/dist-packages/airflow/example_dags/example_sensors.py
[2024-03-12T09:44:07.399+0000] {processor.py:840} INFO - DAG(s) 'example_sensors' retrieved from /usr/local/lib/python3.10/dist-packages/airflow/example_dags/example_sensors.py
[2024-03-12T09:44:07.421+0000] {logging_mixin.py:188} INFO - [2024-03-12T09:44:07.421+0000] {dag.py:3047} INFO - Sync 1 DAGs
[2024-03-12T09:44:07.433+0000] {logging_mixin.py:188} INFO - [2024-03-12T09:44:07.432+0000] {dag.py:3834} INFO - Setting next_dagrun for example_sensors to None, run_after=None
[2024-03-12T09:44:07.457+0000] {processor.py:183} INFO - Processing /usr/local/lib/python3.10/dist-packages/airflow/example_dags/example_sensors.py took 0.077 seconds
[2024-03-12T09:44:50.319+0000] {processor.py:161} INFO - Started process (PID=15375) to work on /usr/local/lib/python3.10/dist-packages/airflow/example_dags/example_sensors.py
[2024-03-12T09:44:50.323+0000] {processor.py:830} INFO - Processing file /usr/local/lib/python3.10/dist-packages/airflow/example_dags/example_sensors.py for tasks to queue
[2024-03-12T09:44:50.325+0000] {logging_mixin.py:188} INFO - [2024-03-12T09:44:50.324+0000] {dagbag.py:540} INFO - Filling up the DagBag from /usr/local/lib/python3.10/dist-packages/airflow/example_dags/example_sensors.py
[2024-03-12T09:44:50.352+0000] {processor.py:840} INFO - DAG(s) 'example_sensors' retrieved from /usr/local/lib/python3.10/dist-packages/airflow/example_dags/example_sensors.py
[2024-03-12T09:44:50.379+0000] {logging_mixin.py:188} INFO - [2024-03-12T09:44:50.379+0000] {dag.py:3047} INFO - Sync 1 DAGs
[2024-03-12T09:44:50.393+0000] {logging_mixin.py:188} INFO - [2024-03-12T09:44:50.393+0000] {dag.py:3834} INFO - Setting next_dagrun for example_sensors to None, run_after=None
[2024-03-12T09:44:50.422+0000] {processor.py:183} INFO - Processing /usr/local/lib/python3.10/dist-packages/airflow/example_dags/example_sensors.py took 0.114 seconds
[2024-03-12T09:45:34.690+0000] {processor.py:161} INFO - Started process (PID=15417) to work on /usr/local/lib/python3.10/dist-packages/airflow/example_dags/example_sensors.py
[2024-03-12T09:45:34.692+0000] {processor.py:830} INFO - Processing file /usr/local/lib/python3.10/dist-packages/airflow/example_dags/example_sensors.py for tasks to queue
[2024-03-12T09:45:34.693+0000] {logging_mixin.py:188} INFO - [2024-03-12T09:45:34.692+0000] {dagbag.py:540} INFO - Filling up the DagBag from /usr/local/lib/python3.10/dist-packages/airflow/example_dags/example_sensors.py
[2024-03-12T09:45:34.702+0000] {processor.py:840} INFO - DAG(s) 'example_sensors' retrieved from /usr/local/lib/python3.10/dist-packages/airflow/example_dags/example_sensors.py
[2024-03-12T09:45:34.732+0000] {logging_mixin.py:188} INFO - [2024-03-12T09:45:34.731+0000] {dag.py:3047} INFO - Sync 1 DAGs
[2024-03-12T09:45:34.746+0000] {logging_mixin.py:188} INFO - [2024-03-12T09:45:34.746+0000] {dag.py:3834} INFO - Setting next_dagrun for example_sensors to None, run_after=None
[2024-03-12T09:45:34.779+0000] {processor.py:183} INFO - Processing /usr/local/lib/python3.10/dist-packages/airflow/example_dags/example_sensors.py took 0.092 seconds
[2024-03-12T09:46:15.379+0000] {processor.py:161} INFO - Started process (PID=15457) to work on /usr/local/lib/python3.10/dist-packages/airflow/example_dags/example_sensors.py
[2024-03-12T09:46:15.380+0000] {processor.py:830} INFO - Processing file /usr/local/lib/python3.10/dist-packages/airflow/example_dags/example_sensors.py for tasks to queue
[2024-03-12T09:46:15.381+0000] {logging_mixin.py:188} INFO - [2024-03-12T09:46:15.381+0000] {dagbag.py:540} INFO - Filling up the DagBag from /usr/local/lib/python3.10/dist-packages/airflow/example_dags/example_sensors.py
[2024-03-12T09:46:15.396+0000] {processor.py:840} INFO - DAG(s) 'example_sensors' retrieved from /usr/local/lib/python3.10/dist-packages/airflow/example_dags/example_sensors.py
[2024-03-12T09:46:15.430+0000] {logging_mixin.py:188} INFO - [2024-03-12T09:46:15.430+0000] {dag.py:3047} INFO - Sync 1 DAGs
[2024-03-12T09:46:15.444+0000] {logging_mixin.py:188} INFO - [2024-03-12T09:46:15.444+0000] {dag.py:3834} INFO - Setting next_dagrun for example_sensors to None, run_after=None
[2024-03-12T09:46:15.503+0000] {processor.py:183} INFO - Processing /usr/local/lib/python3.10/dist-packages/airflow/example_dags/example_sensors.py took 0.138 seconds
[2024-03-12T09:46:56.872+0000] {processor.py:161} INFO - Started process (PID=15499) to work on /usr/local/lib/python3.10/dist-packages/airflow/example_dags/example_sensors.py
[2024-03-12T09:46:56.873+0000] {processor.py:830} INFO - Processing file /usr/local/lib/python3.10/dist-packages/airflow/example_dags/example_sensors.py for tasks to queue
[2024-03-12T09:46:56.874+0000] {logging_mixin.py:188} INFO - [2024-03-12T09:46:56.874+0000] {dagbag.py:540} INFO - Filling up the DagBag from /usr/local/lib/python3.10/dist-packages/airflow/example_dags/example_sensors.py
[2024-03-12T09:46:56.884+0000] {processor.py:840} INFO - DAG(s) 'example_sensors' retrieved from /usr/local/lib/python3.10/dist-packages/airflow/example_dags/example_sensors.py
[2024-03-12T09:46:56.908+0000] {logging_mixin.py:188} INFO - [2024-03-12T09:46:56.907+0000] {dag.py:3047} INFO - Sync 1 DAGs
[2024-03-12T09:46:56.933+0000] {logging_mixin.py:188} INFO - [2024-03-12T09:46:56.933+0000] {dag.py:3834} INFO - Setting next_dagrun for example_sensors to None, run_after=None
[2024-03-12T09:46:56.975+0000] {processor.py:183} INFO - Processing /usr/local/lib/python3.10/dist-packages/airflow/example_dags/example_sensors.py took 0.107 seconds
[2024-03-12T09:47:57.850+0000] {processor.py:161} INFO - Started process (PID=15559) to work on /usr/local/lib/python3.10/dist-packages/airflow/example_dags/example_sensors.py
[2024-03-12T09:47:57.851+0000] {processor.py:830} INFO - Processing file /usr/local/lib/python3.10/dist-packages/airflow/example_dags/example_sensors.py for tasks to queue
[2024-03-12T09:47:57.852+0000] {logging_mixin.py:188} INFO - [2024-03-12T09:47:57.852+0000] {dagbag.py:540} INFO - Filling up the DagBag from /usr/local/lib/python3.10/dist-packages/airflow/example_dags/example_sensors.py
[2024-03-12T09:47:57.862+0000] {processor.py:840} INFO - DAG(s) 'example_sensors' retrieved from /usr/local/lib/python3.10/dist-packages/airflow/example_dags/example_sensors.py
[2024-03-12T09:47:57.886+0000] {logging_mixin.py:188} INFO - [2024-03-12T09:47:57.886+0000] {dag.py:3047} INFO - Sync 1 DAGs
[2024-03-12T09:47:57.898+0000] {logging_mixin.py:188} INFO - [2024-03-12T09:47:57.898+0000] {dag.py:3834} INFO - Setting next_dagrun for example_sensors to None, run_after=None
[2024-03-12T09:47:57.925+0000] {processor.py:183} INFO - Processing /usr/local/lib/python3.10/dist-packages/airflow/example_dags/example_sensors.py took 0.079 seconds
[2024-03-12T09:48:38.542+0000] {processor.py:161} INFO - Started process (PID=15604) to work on /usr/local/lib/python3.10/dist-packages/airflow/example_dags/example_sensors.py
[2024-03-12T09:48:38.545+0000] {processor.py:830} INFO - Processing file /usr/local/lib/python3.10/dist-packages/airflow/example_dags/example_sensors.py for tasks to queue
[2024-03-12T09:48:38.549+0000] {logging_mixin.py:188} INFO - [2024-03-12T09:48:38.548+0000] {dagbag.py:540} INFO - Filling up the DagBag from /usr/local/lib/python3.10/dist-packages/airflow/example_dags/example_sensors.py
[2024-03-12T09:48:38.569+0000] {processor.py:840} INFO - DAG(s) 'example_sensors' retrieved from /usr/local/lib/python3.10/dist-packages/airflow/example_dags/example_sensors.py
[2024-03-12T09:48:38.599+0000] {logging_mixin.py:188} INFO - [2024-03-12T09:48:38.599+0000] {dag.py:3047} INFO - Sync 1 DAGs
[2024-03-12T09:48:38.611+0000] {logging_mixin.py:188} INFO - [2024-03-12T09:48:38.611+0000] {dag.py:3834} INFO - Setting next_dagrun for example_sensors to None, run_after=None
[2024-03-12T09:48:38.669+0000] {processor.py:183} INFO - Processing /usr/local/lib/python3.10/dist-packages/airflow/example_dags/example_sensors.py took 0.145 seconds
[2024-03-12T09:49:20.697+0000] {processor.py:161} INFO - Started process (PID=15645) to work on /usr/local/lib/python3.10/dist-packages/airflow/example_dags/example_sensors.py
[2024-03-12T09:49:20.698+0000] {processor.py:830} INFO - Processing file /usr/local/lib/python3.10/dist-packages/airflow/example_dags/example_sensors.py for tasks to queue
[2024-03-12T09:49:20.700+0000] {logging_mixin.py:188} INFO - [2024-03-12T09:49:20.699+0000] {dagbag.py:540} INFO - Filling up the DagBag from /usr/local/lib/python3.10/dist-packages/airflow/example_dags/example_sensors.py
[2024-03-12T09:49:20.712+0000] {processor.py:840} INFO - DAG(s) 'example_sensors' retrieved from /usr/local/lib/python3.10/dist-packages/airflow/example_dags/example_sensors.py
[2024-03-12T09:49:20.737+0000] {logging_mixin.py:188} INFO - [2024-03-12T09:49:20.737+0000] {dag.py:3047} INFO - Sync 1 DAGs
[2024-03-12T09:49:20.750+0000] {logging_mixin.py:188} INFO - [2024-03-12T09:49:20.749+0000] {dag.py:3834} INFO - Setting next_dagrun for example_sensors to None, run_after=None
[2024-03-12T09:49:20.777+0000] {processor.py:183} INFO - Processing /usr/local/lib/python3.10/dist-packages/airflow/example_dags/example_sensors.py took 0.085 seconds
[2024-03-12T09:50:05.573+0000] {processor.py:161} INFO - Started process (PID=15686) to work on /usr/local/lib/python3.10/dist-packages/airflow/example_dags/example_sensors.py
[2024-03-12T09:50:05.594+0000] {processor.py:830} INFO - Processing file /usr/local/lib/python3.10/dist-packages/airflow/example_dags/example_sensors.py for tasks to queue
[2024-03-12T09:50:05.595+0000] {logging_mixin.py:188} INFO - [2024-03-12T09:50:05.594+0000] {dagbag.py:540} INFO - Filling up the DagBag from /usr/local/lib/python3.10/dist-packages/airflow/example_dags/example_sensors.py
[2024-03-12T09:50:05.619+0000] {processor.py:840} INFO - DAG(s) 'example_sensors' retrieved from /usr/local/lib/python3.10/dist-packages/airflow/example_dags/example_sensors.py
[2024-03-12T09:50:05.647+0000] {logging_mixin.py:188} INFO - [2024-03-12T09:50:05.647+0000] {dag.py:3047} INFO - Sync 1 DAGs
[2024-03-12T09:50:05.659+0000] {logging_mixin.py:188} INFO - [2024-03-12T09:50:05.659+0000] {dag.py:3834} INFO - Setting next_dagrun for example_sensors to None, run_after=None
[2024-03-12T09:50:05.693+0000] {processor.py:183} INFO - Processing /usr/local/lib/python3.10/dist-packages/airflow/example_dags/example_sensors.py took 0.127 seconds
[2024-03-12T09:50:49.960+0000] {processor.py:161} INFO - Started process (PID=15729) to work on /usr/local/lib/python3.10/dist-packages/airflow/example_dags/example_sensors.py
[2024-03-12T09:50:49.962+0000] {processor.py:830} INFO - Processing file /usr/local/lib/python3.10/dist-packages/airflow/example_dags/example_sensors.py for tasks to queue
[2024-03-12T09:50:49.964+0000] {logging_mixin.py:188} INFO - [2024-03-12T09:50:49.963+0000] {dagbag.py:540} INFO - Filling up the DagBag from /usr/local/lib/python3.10/dist-packages/airflow/example_dags/example_sensors.py
[2024-03-12T09:50:49.985+0000] {processor.py:840} INFO - DAG(s) 'example_sensors' retrieved from /usr/local/lib/python3.10/dist-packages/airflow/example_dags/example_sensors.py
[2024-03-12T09:50:50.034+0000] {logging_mixin.py:188} INFO - [2024-03-12T09:50:50.033+0000] {dag.py:3047} INFO - Sync 1 DAGs
[2024-03-12T09:50:50.052+0000] {logging_mixin.py:188} INFO - [2024-03-12T09:50:50.051+0000] {dag.py:3834} INFO - Setting next_dagrun for example_sensors to None, run_after=None
[2024-03-12T09:50:50.089+0000] {processor.py:183} INFO - Processing /usr/local/lib/python3.10/dist-packages/airflow/example_dags/example_sensors.py took 0.135 seconds
[2024-03-12T09:51:35.053+0000] {processor.py:161} INFO - Started process (PID=15772) to work on /usr/local/lib/python3.10/dist-packages/airflow/example_dags/example_sensors.py
[2024-03-12T09:51:35.055+0000] {processor.py:830} INFO - Processing file /usr/local/lib/python3.10/dist-packages/airflow/example_dags/example_sensors.py for tasks to queue
[2024-03-12T09:51:35.056+0000] {logging_mixin.py:188} INFO - [2024-03-12T09:51:35.055+0000] {dagbag.py:540} INFO - Filling up the DagBag from /usr/local/lib/python3.10/dist-packages/airflow/example_dags/example_sensors.py
[2024-03-12T09:51:35.067+0000] {processor.py:840} INFO - DAG(s) 'example_sensors' retrieved from /usr/local/lib/python3.10/dist-packages/airflow/example_dags/example_sensors.py
[2024-03-12T09:51:35.089+0000] {logging_mixin.py:188} INFO - [2024-03-12T09:51:35.088+0000] {dag.py:3047} INFO - Sync 1 DAGs
[2024-03-12T09:51:35.101+0000] {logging_mixin.py:188} INFO - [2024-03-12T09:51:35.101+0000] {dag.py:3834} INFO - Setting next_dagrun for example_sensors to None, run_after=None
[2024-03-12T09:51:35.126+0000] {processor.py:183} INFO - Processing /usr/local/lib/python3.10/dist-packages/airflow/example_dags/example_sensors.py took 0.077 seconds
[2024-03-12T09:52:21.767+0000] {processor.py:161} INFO - Started process (PID=15817) to work on /usr/local/lib/python3.10/dist-packages/airflow/example_dags/example_sensors.py
[2024-03-12T09:52:21.770+0000] {processor.py:830} INFO - Processing file /usr/local/lib/python3.10/dist-packages/airflow/example_dags/example_sensors.py for tasks to queue
[2024-03-12T09:52:21.771+0000] {logging_mixin.py:188} INFO - [2024-03-12T09:52:21.771+0000] {dagbag.py:540} INFO - Filling up the DagBag from /usr/local/lib/python3.10/dist-packages/airflow/example_dags/example_sensors.py
[2024-03-12T09:52:21.790+0000] {processor.py:840} INFO - DAG(s) 'example_sensors' retrieved from /usr/local/lib/python3.10/dist-packages/airflow/example_dags/example_sensors.py
[2024-03-12T09:52:21.810+0000] {logging_mixin.py:188} INFO - [2024-03-12T09:52:21.810+0000] {dag.py:3047} INFO - Sync 1 DAGs
[2024-03-12T09:52:21.822+0000] {logging_mixin.py:188} INFO - [2024-03-12T09:52:21.822+0000] {dag.py:3834} INFO - Setting next_dagrun for example_sensors to None, run_after=None
[2024-03-12T09:52:21.848+0000] {processor.py:183} INFO - Processing /usr/local/lib/python3.10/dist-packages/airflow/example_dags/example_sensors.py took 0.088 seconds
[2024-03-12T09:53:05.204+0000] {processor.py:161} INFO - Started process (PID=15860) to work on /usr/local/lib/python3.10/dist-packages/airflow/example_dags/example_sensors.py
[2024-03-12T09:53:05.205+0000] {processor.py:830} INFO - Processing file /usr/local/lib/python3.10/dist-packages/airflow/example_dags/example_sensors.py for tasks to queue
[2024-03-12T09:53:05.207+0000] {logging_mixin.py:188} INFO - [2024-03-12T09:53:05.206+0000] {dagbag.py:540} INFO - Filling up the DagBag from /usr/local/lib/python3.10/dist-packages/airflow/example_dags/example_sensors.py
[2024-03-12T09:53:05.231+0000] {processor.py:840} INFO - DAG(s) 'example_sensors' retrieved from /usr/local/lib/python3.10/dist-packages/airflow/example_dags/example_sensors.py
[2024-03-12T09:53:05.266+0000] {logging_mixin.py:188} INFO - [2024-03-12T09:53:05.265+0000] {dag.py:3047} INFO - Sync 1 DAGs
[2024-03-12T09:53:05.317+0000] {logging_mixin.py:188} INFO - [2024-03-12T09:53:05.316+0000] {dag.py:3834} INFO - Setting next_dagrun for example_sensors to None, run_after=None
[2024-03-12T09:53:05.354+0000] {processor.py:183} INFO - Processing /usr/local/lib/python3.10/dist-packages/airflow/example_dags/example_sensors.py took 0.154 seconds
[2024-03-12T09:53:49.122+0000] {processor.py:161} INFO - Started process (PID=15902) to work on /usr/local/lib/python3.10/dist-packages/airflow/example_dags/example_sensors.py
[2024-03-12T09:53:49.124+0000] {processor.py:830} INFO - Processing file /usr/local/lib/python3.10/dist-packages/airflow/example_dags/example_sensors.py for tasks to queue
[2024-03-12T09:53:49.126+0000] {logging_mixin.py:188} INFO - [2024-03-12T09:53:49.125+0000] {dagbag.py:540} INFO - Filling up the DagBag from /usr/local/lib/python3.10/dist-packages/airflow/example_dags/example_sensors.py
[2024-03-12T09:53:49.145+0000] {processor.py:840} INFO - DAG(s) 'example_sensors' retrieved from /usr/local/lib/python3.10/dist-packages/airflow/example_dags/example_sensors.py
[2024-03-12T09:53:49.188+0000] {logging_mixin.py:188} INFO - [2024-03-12T09:53:49.188+0000] {dag.py:3047} INFO - Sync 1 DAGs
[2024-03-12T09:53:49.219+0000] {logging_mixin.py:188} INFO - [2024-03-12T09:53:49.217+0000] {dag.py:3834} INFO - Setting next_dagrun for example_sensors to None, run_after=None
[2024-03-12T09:53:49.268+0000] {processor.py:183} INFO - Processing /usr/local/lib/python3.10/dist-packages/airflow/example_dags/example_sensors.py took 0.152 seconds
[2024-03-12T09:54:35.787+0000] {processor.py:161} INFO - Started process (PID=15948) to work on /usr/local/lib/python3.10/dist-packages/airflow/example_dags/example_sensors.py
[2024-03-12T09:54:35.789+0000] {processor.py:830} INFO - Processing file /usr/local/lib/python3.10/dist-packages/airflow/example_dags/example_sensors.py for tasks to queue
[2024-03-12T09:54:35.790+0000] {logging_mixin.py:188} INFO - [2024-03-12T09:54:35.789+0000] {dagbag.py:540} INFO - Filling up the DagBag from /usr/local/lib/python3.10/dist-packages/airflow/example_dags/example_sensors.py
[2024-03-12T09:54:35.802+0000] {processor.py:840} INFO - DAG(s) 'example_sensors' retrieved from /usr/local/lib/python3.10/dist-packages/airflow/example_dags/example_sensors.py
[2024-03-12T09:54:35.833+0000] {logging_mixin.py:188} INFO - [2024-03-12T09:54:35.833+0000] {dag.py:3047} INFO - Sync 1 DAGs
[2024-03-12T09:54:35.850+0000] {logging_mixin.py:188} INFO - [2024-03-12T09:54:35.849+0000] {dag.py:3834} INFO - Setting next_dagrun for example_sensors to None, run_after=None
[2024-03-12T09:54:35.875+0000] {processor.py:183} INFO - Processing /usr/local/lib/python3.10/dist-packages/airflow/example_dags/example_sensors.py took 0.091 seconds
[2024-03-12T09:55:19.766+0000] {processor.py:161} INFO - Started process (PID=15991) to work on /usr/local/lib/python3.10/dist-packages/airflow/example_dags/example_sensors.py
[2024-03-12T09:55:19.768+0000] {processor.py:830} INFO - Processing file /usr/local/lib/python3.10/dist-packages/airflow/example_dags/example_sensors.py for tasks to queue
[2024-03-12T09:55:19.770+0000] {logging_mixin.py:188} INFO - [2024-03-12T09:55:19.769+0000] {dagbag.py:540} INFO - Filling up the DagBag from /usr/local/lib/python3.10/dist-packages/airflow/example_dags/example_sensors.py
[2024-03-12T09:55:19.791+0000] {processor.py:840} INFO - DAG(s) 'example_sensors' retrieved from /usr/local/lib/python3.10/dist-packages/airflow/example_dags/example_sensors.py
[2024-03-12T09:55:19.853+0000] {logging_mixin.py:188} INFO - [2024-03-12T09:55:19.852+0000] {dag.py:3047} INFO - Sync 1 DAGs
[2024-03-12T09:55:19.873+0000] {logging_mixin.py:188} INFO - [2024-03-12T09:55:19.873+0000] {dag.py:3834} INFO - Setting next_dagrun for example_sensors to None, run_after=None
[2024-03-12T09:55:19.903+0000] {processor.py:183} INFO - Processing /usr/local/lib/python3.10/dist-packages/airflow/example_dags/example_sensors.py took 0.146 seconds
[2024-03-12T09:56:03.820+0000] {processor.py:161} INFO - Started process (PID=16035) to work on /usr/local/lib/python3.10/dist-packages/airflow/example_dags/example_sensors.py
[2024-03-12T09:56:03.822+0000] {processor.py:830} INFO - Processing file /usr/local/lib/python3.10/dist-packages/airflow/example_dags/example_sensors.py for tasks to queue
[2024-03-12T09:56:03.826+0000] {logging_mixin.py:188} INFO - [2024-03-12T09:56:03.823+0000] {dagbag.py:540} INFO - Filling up the DagBag from /usr/local/lib/python3.10/dist-packages/airflow/example_dags/example_sensors.py
[2024-03-12T09:56:03.860+0000] {processor.py:840} INFO - DAG(s) 'example_sensors' retrieved from /usr/local/lib/python3.10/dist-packages/airflow/example_dags/example_sensors.py
[2024-03-12T09:56:03.892+0000] {logging_mixin.py:188} INFO - [2024-03-12T09:56:03.890+0000] {dag.py:3047} INFO - Sync 1 DAGs
[2024-03-12T09:56:03.909+0000] {logging_mixin.py:188} INFO - [2024-03-12T09:56:03.909+0000] {dag.py:3834} INFO - Setting next_dagrun for example_sensors to None, run_after=None
[2024-03-12T09:56:03.941+0000] {processor.py:183} INFO - Processing /usr/local/lib/python3.10/dist-packages/airflow/example_dags/example_sensors.py took 0.130 seconds
[2024-03-12T09:56:49.301+0000] {processor.py:161} INFO - Started process (PID=16077) to work on /usr/local/lib/python3.10/dist-packages/airflow/example_dags/example_sensors.py
[2024-03-12T09:56:49.305+0000] {processor.py:830} INFO - Processing file /usr/local/lib/python3.10/dist-packages/airflow/example_dags/example_sensors.py for tasks to queue
[2024-03-12T09:56:49.306+0000] {logging_mixin.py:188} INFO - [2024-03-12T09:56:49.305+0000] {dagbag.py:540} INFO - Filling up the DagBag from /usr/local/lib/python3.10/dist-packages/airflow/example_dags/example_sensors.py
[2024-03-12T09:56:49.320+0000] {processor.py:840} INFO - DAG(s) 'example_sensors' retrieved from /usr/local/lib/python3.10/dist-packages/airflow/example_dags/example_sensors.py
[2024-03-12T09:56:49.345+0000] {logging_mixin.py:188} INFO - [2024-03-12T09:56:49.345+0000] {dag.py:3047} INFO - Sync 1 DAGs
[2024-03-12T09:56:49.360+0000] {logging_mixin.py:188} INFO - [2024-03-12T09:56:49.360+0000] {dag.py:3834} INFO - Setting next_dagrun for example_sensors to None, run_after=None
[2024-03-12T09:56:49.399+0000] {processor.py:183} INFO - Processing /usr/local/lib/python3.10/dist-packages/airflow/example_dags/example_sensors.py took 0.106 seconds
[2024-03-12T09:57:33.710+0000] {processor.py:161} INFO - Started process (PID=16120) to work on /usr/local/lib/python3.10/dist-packages/airflow/example_dags/example_sensors.py
[2024-03-12T09:57:33.712+0000] {processor.py:830} INFO - Processing file /usr/local/lib/python3.10/dist-packages/airflow/example_dags/example_sensors.py for tasks to queue
[2024-03-12T09:57:33.714+0000] {logging_mixin.py:188} INFO - [2024-03-12T09:57:33.713+0000] {dagbag.py:540} INFO - Filling up the DagBag from /usr/local/lib/python3.10/dist-packages/airflow/example_dags/example_sensors.py
[2024-03-12T09:57:33.743+0000] {processor.py:840} INFO - DAG(s) 'example_sensors' retrieved from /usr/local/lib/python3.10/dist-packages/airflow/example_dags/example_sensors.py
[2024-03-12T09:57:33.794+0000] {logging_mixin.py:188} INFO - [2024-03-12T09:57:33.794+0000] {dag.py:3047} INFO - Sync 1 DAGs
[2024-03-12T09:57:33.840+0000] {logging_mixin.py:188} INFO - [2024-03-12T09:57:33.840+0000] {dag.py:3834} INFO - Setting next_dagrun for example_sensors to None, run_after=None
[2024-03-12T09:57:33.902+0000] {processor.py:183} INFO - Processing /usr/local/lib/python3.10/dist-packages/airflow/example_dags/example_sensors.py took 0.203 seconds
[2024-03-12T09:58:16.450+0000] {processor.py:161} INFO - Started process (PID=16167) to work on /usr/local/lib/python3.10/dist-packages/airflow/example_dags/example_sensors.py
[2024-03-12T09:58:16.452+0000] {processor.py:830} INFO - Processing file /usr/local/lib/python3.10/dist-packages/airflow/example_dags/example_sensors.py for tasks to queue
[2024-03-12T09:58:16.453+0000] {logging_mixin.py:188} INFO - [2024-03-12T09:58:16.452+0000] {dagbag.py:540} INFO - Filling up the DagBag from /usr/local/lib/python3.10/dist-packages/airflow/example_dags/example_sensors.py
[2024-03-12T09:58:16.468+0000] {processor.py:840} INFO - DAG(s) 'example_sensors' retrieved from /usr/local/lib/python3.10/dist-packages/airflow/example_dags/example_sensors.py
[2024-03-12T09:58:16.492+0000] {logging_mixin.py:188} INFO - [2024-03-12T09:58:16.492+0000] {dag.py:3047} INFO - Sync 1 DAGs
[2024-03-12T09:58:16.505+0000] {logging_mixin.py:188} INFO - [2024-03-12T09:58:16.505+0000] {dag.py:3834} INFO - Setting next_dagrun for example_sensors to None, run_after=None
[2024-03-12T09:58:16.533+0000] {processor.py:183} INFO - Processing /usr/local/lib/python3.10/dist-packages/airflow/example_dags/example_sensors.py took 0.088 seconds
