[2024-03-12T09:19:37.977+0000] {processor.py:161} INFO - Started process (PID=13937) to work on /usr/local/lib/python3.10/dist-packages/airflow/example_dags/example_trigger_target_dag.py
[2024-03-12T09:19:37.978+0000] {processor.py:830} INFO - Processing file /usr/local/lib/python3.10/dist-packages/airflow/example_dags/example_trigger_target_dag.py for tasks to queue
[2024-03-12T09:19:37.979+0000] {logging_mixin.py:188} INFO - [2024-03-12T09:19:37.979+0000] {dagbag.py:540} INFO - Filling up the DagBag from /usr/local/lib/python3.10/dist-packages/airflow/example_dags/example_trigger_target_dag.py
[2024-03-12T09:19:37.986+0000] {processor.py:840} INFO - DAG(s) 'example_trigger_target_dag' retrieved from /usr/local/lib/python3.10/dist-packages/airflow/example_dags/example_trigger_target_dag.py
[2024-03-12T09:19:38.114+0000] {logging_mixin.py:188} INFO - [2024-03-12T09:19:38.113+0000] {override.py:1769} INFO - Created Permission View: can read on DAG:example_trigger_target_dag
[2024-03-12T09:19:38.127+0000] {logging_mixin.py:188} INFO - [2024-03-12T09:19:38.126+0000] {override.py:1769} INFO - Created Permission View: can edit on DAG:example_trigger_target_dag
[2024-03-12T09:19:38.137+0000] {logging_mixin.py:188} INFO - [2024-03-12T09:19:38.137+0000] {override.py:1769} INFO - Created Permission View: can delete on DAG:example_trigger_target_dag
[2024-03-12T09:19:38.138+0000] {logging_mixin.py:188} INFO - [2024-03-12T09:19:38.138+0000] {dag.py:3047} INFO - Sync 1 DAGs
[2024-03-12T09:19:38.151+0000] {logging_mixin.py:188} INFO - [2024-03-12T09:19:38.150+0000] {dag.py:3069} INFO - Creating ORM DAG for example_trigger_target_dag
[2024-03-12T09:19:38.151+0000] {logging_mixin.py:188} INFO - [2024-03-12T09:19:38.151+0000] {dag.py:3834} INFO - Setting next_dagrun for example_trigger_target_dag to None, run_after=None
[2024-03-12T09:19:38.175+0000] {processor.py:183} INFO - Processing /usr/local/lib/python3.10/dist-packages/airflow/example_dags/example_trigger_target_dag.py took 0.201 seconds
[2024-03-12T09:22:29.642+0000] {processor.py:161} INFO - Started process (PID=13995) to work on /usr/local/lib/python3.10/dist-packages/airflow/example_dags/example_trigger_target_dag.py
[2024-03-12T09:22:29.644+0000] {processor.py:830} INFO - Processing file /usr/local/lib/python3.10/dist-packages/airflow/example_dags/example_trigger_target_dag.py for tasks to queue
[2024-03-12T09:22:29.645+0000] {logging_mixin.py:188} INFO - [2024-03-12T09:22:29.645+0000] {dagbag.py:540} INFO - Filling up the DagBag from /usr/local/lib/python3.10/dist-packages/airflow/example_dags/example_trigger_target_dag.py
[2024-03-12T09:22:29.654+0000] {processor.py:840} INFO - DAG(s) 'example_trigger_target_dag' retrieved from /usr/local/lib/python3.10/dist-packages/airflow/example_dags/example_trigger_target_dag.py
[2024-03-12T09:22:29.672+0000] {logging_mixin.py:188} INFO - [2024-03-12T09:22:29.671+0000] {dag.py:3047} INFO - Sync 1 DAGs
[2024-03-12T09:22:29.691+0000] {logging_mixin.py:188} INFO - [2024-03-12T09:22:29.691+0000] {dag.py:3834} INFO - Setting next_dagrun for example_trigger_target_dag to None, run_after=None
[2024-03-12T09:22:29.727+0000] {processor.py:183} INFO - Processing /usr/local/lib/python3.10/dist-packages/airflow/example_dags/example_trigger_target_dag.py took 0.089 seconds
[2024-03-12T09:23:32.429+0000] {processor.py:161} INFO - Started process (PID=14046) to work on /usr/local/lib/python3.10/dist-packages/airflow/example_dags/example_trigger_target_dag.py
[2024-03-12T09:23:32.431+0000] {processor.py:830} INFO - Processing file /usr/local/lib/python3.10/dist-packages/airflow/example_dags/example_trigger_target_dag.py for tasks to queue
[2024-03-12T09:23:32.432+0000] {logging_mixin.py:188} INFO - [2024-03-12T09:23:32.431+0000] {dagbag.py:540} INFO - Filling up the DagBag from /usr/local/lib/python3.10/dist-packages/airflow/example_dags/example_trigger_target_dag.py
[2024-03-12T09:23:32.439+0000] {processor.py:840} INFO - DAG(s) 'example_trigger_target_dag' retrieved from /usr/local/lib/python3.10/dist-packages/airflow/example_dags/example_trigger_target_dag.py
[2024-03-12T09:23:32.687+0000] {logging_mixin.py:188} INFO - [2024-03-12T09:23:32.687+0000] {dag.py:3047} INFO - Sync 1 DAGs
[2024-03-12T09:23:32.698+0000] {logging_mixin.py:188} INFO - [2024-03-12T09:23:32.698+0000] {dag.py:3834} INFO - Setting next_dagrun for example_trigger_target_dag to None, run_after=None
[2024-03-12T09:23:32.732+0000] {processor.py:183} INFO - Processing /usr/local/lib/python3.10/dist-packages/airflow/example_dags/example_trigger_target_dag.py took 0.307 seconds
[2024-03-12T09:24:24.138+0000] {processor.py:161} INFO - Started process (PID=14098) to work on /usr/local/lib/python3.10/dist-packages/airflow/example_dags/example_trigger_target_dag.py
[2024-03-12T09:24:24.140+0000] {processor.py:830} INFO - Processing file /usr/local/lib/python3.10/dist-packages/airflow/example_dags/example_trigger_target_dag.py for tasks to queue
[2024-03-12T09:24:24.141+0000] {logging_mixin.py:188} INFO - [2024-03-12T09:24:24.141+0000] {dagbag.py:540} INFO - Filling up the DagBag from /usr/local/lib/python3.10/dist-packages/airflow/example_dags/example_trigger_target_dag.py
[2024-03-12T09:24:24.148+0000] {processor.py:840} INFO - DAG(s) 'example_trigger_target_dag' retrieved from /usr/local/lib/python3.10/dist-packages/airflow/example_dags/example_trigger_target_dag.py
[2024-03-12T09:24:24.164+0000] {logging_mixin.py:188} INFO - [2024-03-12T09:24:24.164+0000] {dag.py:3047} INFO - Sync 1 DAGs
[2024-03-12T09:24:24.176+0000] {logging_mixin.py:188} INFO - [2024-03-12T09:24:24.175+0000] {dag.py:3834} INFO - Setting next_dagrun for example_trigger_target_dag to None, run_after=None
[2024-03-12T09:24:24.203+0000] {processor.py:183} INFO - Processing /usr/local/lib/python3.10/dist-packages/airflow/example_dags/example_trigger_target_dag.py took 0.068 seconds
[2024-03-12T09:25:12.303+0000] {processor.py:161} INFO - Started process (PID=14139) to work on /usr/local/lib/python3.10/dist-packages/airflow/example_dags/example_trigger_target_dag.py
[2024-03-12T09:25:12.305+0000] {processor.py:830} INFO - Processing file /usr/local/lib/python3.10/dist-packages/airflow/example_dags/example_trigger_target_dag.py for tasks to queue
[2024-03-12T09:25:12.307+0000] {logging_mixin.py:188} INFO - [2024-03-12T09:25:12.306+0000] {dagbag.py:540} INFO - Filling up the DagBag from /usr/local/lib/python3.10/dist-packages/airflow/example_dags/example_trigger_target_dag.py
[2024-03-12T09:25:12.326+0000] {processor.py:840} INFO - DAG(s) 'example_trigger_target_dag' retrieved from /usr/local/lib/python3.10/dist-packages/airflow/example_dags/example_trigger_target_dag.py
[2024-03-12T09:25:12.507+0000] {logging_mixin.py:188} INFO - [2024-03-12T09:25:12.506+0000] {dag.py:3047} INFO - Sync 1 DAGs
[2024-03-12T09:25:12.522+0000] {logging_mixin.py:188} INFO - [2024-03-12T09:25:12.521+0000] {dag.py:3834} INFO - Setting next_dagrun for example_trigger_target_dag to None, run_after=None
[2024-03-12T09:25:12.548+0000] {processor.py:183} INFO - Processing /usr/local/lib/python3.10/dist-packages/airflow/example_dags/example_trigger_target_dag.py took 0.252 seconds
[2024-03-12T09:25:59.907+0000] {processor.py:161} INFO - Started process (PID=14186) to work on /usr/local/lib/python3.10/dist-packages/airflow/example_dags/example_trigger_target_dag.py
[2024-03-12T09:25:59.908+0000] {processor.py:830} INFO - Processing file /usr/local/lib/python3.10/dist-packages/airflow/example_dags/example_trigger_target_dag.py for tasks to queue
[2024-03-12T09:25:59.909+0000] {logging_mixin.py:188} INFO - [2024-03-12T09:25:59.909+0000] {dagbag.py:540} INFO - Filling up the DagBag from /usr/local/lib/python3.10/dist-packages/airflow/example_dags/example_trigger_target_dag.py
[2024-03-12T09:25:59.916+0000] {processor.py:840} INFO - DAG(s) 'example_trigger_target_dag' retrieved from /usr/local/lib/python3.10/dist-packages/airflow/example_dags/example_trigger_target_dag.py
[2024-03-12T09:25:59.943+0000] {logging_mixin.py:188} INFO - [2024-03-12T09:25:59.942+0000] {dag.py:3047} INFO - Sync 1 DAGs
[2024-03-12T09:25:59.967+0000] {logging_mixin.py:188} INFO - [2024-03-12T09:25:59.967+0000] {dag.py:3834} INFO - Setting next_dagrun for example_trigger_target_dag to None, run_after=None
[2024-03-12T09:25:59.997+0000] {processor.py:183} INFO - Processing /usr/local/lib/python3.10/dist-packages/airflow/example_dags/example_trigger_target_dag.py took 0.093 seconds
[2024-03-12T09:26:51.367+0000] {processor.py:161} INFO - Started process (PID=14239) to work on /usr/local/lib/python3.10/dist-packages/airflow/example_dags/example_trigger_target_dag.py
[2024-03-12T09:26:51.371+0000] {processor.py:830} INFO - Processing file /usr/local/lib/python3.10/dist-packages/airflow/example_dags/example_trigger_target_dag.py for tasks to queue
[2024-03-12T09:26:51.372+0000] {logging_mixin.py:188} INFO - [2024-03-12T09:26:51.371+0000] {dagbag.py:540} INFO - Filling up the DagBag from /usr/local/lib/python3.10/dist-packages/airflow/example_dags/example_trigger_target_dag.py
[2024-03-12T09:26:51.392+0000] {processor.py:840} INFO - DAG(s) 'example_trigger_target_dag' retrieved from /usr/local/lib/python3.10/dist-packages/airflow/example_dags/example_trigger_target_dag.py
[2024-03-12T09:26:51.441+0000] {logging_mixin.py:188} INFO - [2024-03-12T09:26:51.440+0000] {dag.py:3047} INFO - Sync 1 DAGs
[2024-03-12T09:26:51.458+0000] {logging_mixin.py:188} INFO - [2024-03-12T09:26:51.458+0000] {dag.py:3834} INFO - Setting next_dagrun for example_trigger_target_dag to None, run_after=None
[2024-03-12T09:26:51.498+0000] {processor.py:183} INFO - Processing /usr/local/lib/python3.10/dist-packages/airflow/example_dags/example_trigger_target_dag.py took 0.139 seconds
[2024-03-12T09:27:35.659+0000] {processor.py:161} INFO - Started process (PID=14281) to work on /usr/local/lib/python3.10/dist-packages/airflow/example_dags/example_trigger_target_dag.py
[2024-03-12T09:27:35.661+0000] {processor.py:830} INFO - Processing file /usr/local/lib/python3.10/dist-packages/airflow/example_dags/example_trigger_target_dag.py for tasks to queue
[2024-03-12T09:27:35.662+0000] {logging_mixin.py:188} INFO - [2024-03-12T09:27:35.661+0000] {dagbag.py:540} INFO - Filling up the DagBag from /usr/local/lib/python3.10/dist-packages/airflow/example_dags/example_trigger_target_dag.py
[2024-03-12T09:27:35.672+0000] {processor.py:840} INFO - DAG(s) 'example_trigger_target_dag' retrieved from /usr/local/lib/python3.10/dist-packages/airflow/example_dags/example_trigger_target_dag.py
[2024-03-12T09:27:35.694+0000] {logging_mixin.py:188} INFO - [2024-03-12T09:27:35.694+0000] {dag.py:3047} INFO - Sync 1 DAGs
[2024-03-12T09:27:35.713+0000] {logging_mixin.py:188} INFO - [2024-03-12T09:27:35.713+0000] {dag.py:3834} INFO - Setting next_dagrun for example_trigger_target_dag to None, run_after=None
[2024-03-12T09:27:35.743+0000] {processor.py:183} INFO - Processing /usr/local/lib/python3.10/dist-packages/airflow/example_dags/example_trigger_target_dag.py took 0.088 seconds
[2024-03-12T09:28:15.835+0000] {processor.py:161} INFO - Started process (PID=14322) to work on /usr/local/lib/python3.10/dist-packages/airflow/example_dags/example_trigger_target_dag.py
[2024-03-12T09:28:15.839+0000] {processor.py:830} INFO - Processing file /usr/local/lib/python3.10/dist-packages/airflow/example_dags/example_trigger_target_dag.py for tasks to queue
[2024-03-12T09:28:15.849+0000] {logging_mixin.py:188} INFO - [2024-03-12T09:28:15.848+0000] {dagbag.py:540} INFO - Filling up the DagBag from /usr/local/lib/python3.10/dist-packages/airflow/example_dags/example_trigger_target_dag.py
[2024-03-12T09:28:15.866+0000] {processor.py:840} INFO - DAG(s) 'example_trigger_target_dag' retrieved from /usr/local/lib/python3.10/dist-packages/airflow/example_dags/example_trigger_target_dag.py
[2024-03-12T09:28:15.914+0000] {logging_mixin.py:188} INFO - [2024-03-12T09:28:15.914+0000] {dag.py:3047} INFO - Sync 1 DAGs
[2024-03-12T09:28:15.941+0000] {logging_mixin.py:188} INFO - [2024-03-12T09:28:15.940+0000] {dag.py:3834} INFO - Setting next_dagrun for example_trigger_target_dag to None, run_after=None
[2024-03-12T09:28:15.971+0000] {processor.py:183} INFO - Processing /usr/local/lib/python3.10/dist-packages/airflow/example_dags/example_trigger_target_dag.py took 0.156 seconds
[2024-03-12T09:28:55.875+0000] {processor.py:161} INFO - Started process (PID=14361) to work on /usr/local/lib/python3.10/dist-packages/airflow/example_dags/example_trigger_target_dag.py
[2024-03-12T09:28:55.876+0000] {processor.py:830} INFO - Processing file /usr/local/lib/python3.10/dist-packages/airflow/example_dags/example_trigger_target_dag.py for tasks to queue
[2024-03-12T09:28:55.877+0000] {logging_mixin.py:188} INFO - [2024-03-12T09:28:55.877+0000] {dagbag.py:540} INFO - Filling up the DagBag from /usr/local/lib/python3.10/dist-packages/airflow/example_dags/example_trigger_target_dag.py
[2024-03-12T09:28:55.884+0000] {processor.py:840} INFO - DAG(s) 'example_trigger_target_dag' retrieved from /usr/local/lib/python3.10/dist-packages/airflow/example_dags/example_trigger_target_dag.py
[2024-03-12T09:28:55.900+0000] {logging_mixin.py:188} INFO - [2024-03-12T09:28:55.900+0000] {dag.py:3047} INFO - Sync 1 DAGs
[2024-03-12T09:28:55.912+0000] {logging_mixin.py:188} INFO - [2024-03-12T09:28:55.912+0000] {dag.py:3834} INFO - Setting next_dagrun for example_trigger_target_dag to None, run_after=None
[2024-03-12T09:28:55.936+0000] {processor.py:183} INFO - Processing /usr/local/lib/python3.10/dist-packages/airflow/example_dags/example_trigger_target_dag.py took 0.065 seconds
[2024-03-12T09:29:35.441+0000] {processor.py:161} INFO - Started process (PID=14401) to work on /usr/local/lib/python3.10/dist-packages/airflow/example_dags/example_trigger_target_dag.py
[2024-03-12T09:29:35.446+0000] {processor.py:830} INFO - Processing file /usr/local/lib/python3.10/dist-packages/airflow/example_dags/example_trigger_target_dag.py for tasks to queue
[2024-03-12T09:29:35.447+0000] {logging_mixin.py:188} INFO - [2024-03-12T09:29:35.446+0000] {dagbag.py:540} INFO - Filling up the DagBag from /usr/local/lib/python3.10/dist-packages/airflow/example_dags/example_trigger_target_dag.py
[2024-03-12T09:29:35.456+0000] {processor.py:840} INFO - DAG(s) 'example_trigger_target_dag' retrieved from /usr/local/lib/python3.10/dist-packages/airflow/example_dags/example_trigger_target_dag.py
[2024-03-12T09:29:35.489+0000] {logging_mixin.py:188} INFO - [2024-03-12T09:29:35.488+0000] {dag.py:3047} INFO - Sync 1 DAGs
[2024-03-12T09:29:35.521+0000] {logging_mixin.py:188} INFO - [2024-03-12T09:29:35.521+0000] {dag.py:3834} INFO - Setting next_dagrun for example_trigger_target_dag to None, run_after=None
[2024-03-12T09:29:35.543+0000] {processor.py:183} INFO - Processing /usr/local/lib/python3.10/dist-packages/airflow/example_dags/example_trigger_target_dag.py took 0.105 seconds
[2024-03-12T09:30:17.363+0000] {processor.py:161} INFO - Started process (PID=14441) to work on /usr/local/lib/python3.10/dist-packages/airflow/example_dags/example_trigger_target_dag.py
[2024-03-12T09:30:17.364+0000] {processor.py:830} INFO - Processing file /usr/local/lib/python3.10/dist-packages/airflow/example_dags/example_trigger_target_dag.py for tasks to queue
[2024-03-12T09:30:17.365+0000] {logging_mixin.py:188} INFO - [2024-03-12T09:30:17.365+0000] {dagbag.py:540} INFO - Filling up the DagBag from /usr/local/lib/python3.10/dist-packages/airflow/example_dags/example_trigger_target_dag.py
[2024-03-12T09:30:17.372+0000] {processor.py:840} INFO - DAG(s) 'example_trigger_target_dag' retrieved from /usr/local/lib/python3.10/dist-packages/airflow/example_dags/example_trigger_target_dag.py
[2024-03-12T09:30:17.389+0000] {logging_mixin.py:188} INFO - [2024-03-12T09:30:17.389+0000] {dag.py:3047} INFO - Sync 1 DAGs
[2024-03-12T09:30:17.404+0000] {logging_mixin.py:188} INFO - [2024-03-12T09:30:17.404+0000] {dag.py:3834} INFO - Setting next_dagrun for example_trigger_target_dag to None, run_after=None
[2024-03-12T09:30:17.431+0000] {processor.py:183} INFO - Processing /usr/local/lib/python3.10/dist-packages/airflow/example_dags/example_trigger_target_dag.py took 0.073 seconds
[2024-03-12T09:30:58.807+0000] {processor.py:161} INFO - Started process (PID=14482) to work on /usr/local/lib/python3.10/dist-packages/airflow/example_dags/example_trigger_target_dag.py
[2024-03-12T09:30:58.808+0000] {processor.py:830} INFO - Processing file /usr/local/lib/python3.10/dist-packages/airflow/example_dags/example_trigger_target_dag.py for tasks to queue
[2024-03-12T09:30:58.809+0000] {logging_mixin.py:188} INFO - [2024-03-12T09:30:58.809+0000] {dagbag.py:540} INFO - Filling up the DagBag from /usr/local/lib/python3.10/dist-packages/airflow/example_dags/example_trigger_target_dag.py
[2024-03-12T09:30:58.819+0000] {processor.py:840} INFO - DAG(s) 'example_trigger_target_dag' retrieved from /usr/local/lib/python3.10/dist-packages/airflow/example_dags/example_trigger_target_dag.py
[2024-03-12T09:30:58.873+0000] {logging_mixin.py:188} INFO - [2024-03-12T09:30:58.872+0000] {dag.py:3047} INFO - Sync 1 DAGs
[2024-03-12T09:30:58.892+0000] {logging_mixin.py:188} INFO - [2024-03-12T09:30:58.891+0000] {dag.py:3834} INFO - Setting next_dagrun for example_trigger_target_dag to None, run_after=None
[2024-03-12T09:30:58.947+0000] {processor.py:183} INFO - Processing /usr/local/lib/python3.10/dist-packages/airflow/example_dags/example_trigger_target_dag.py took 0.146 seconds
[2024-03-12T09:31:40.959+0000] {processor.py:161} INFO - Started process (PID=14522) to work on /usr/local/lib/python3.10/dist-packages/airflow/example_dags/example_trigger_target_dag.py
[2024-03-12T09:31:40.964+0000] {processor.py:830} INFO - Processing file /usr/local/lib/python3.10/dist-packages/airflow/example_dags/example_trigger_target_dag.py for tasks to queue
[2024-03-12T09:31:40.965+0000] {logging_mixin.py:188} INFO - [2024-03-12T09:31:40.965+0000] {dagbag.py:540} INFO - Filling up the DagBag from /usr/local/lib/python3.10/dist-packages/airflow/example_dags/example_trigger_target_dag.py
[2024-03-12T09:31:40.980+0000] {processor.py:840} INFO - DAG(s) 'example_trigger_target_dag' retrieved from /usr/local/lib/python3.10/dist-packages/airflow/example_dags/example_trigger_target_dag.py
[2024-03-12T09:31:41.009+0000] {logging_mixin.py:188} INFO - [2024-03-12T09:31:41.008+0000] {dag.py:3047} INFO - Sync 1 DAGs
[2024-03-12T09:31:41.023+0000] {logging_mixin.py:188} INFO - [2024-03-12T09:31:41.022+0000] {dag.py:3834} INFO - Setting next_dagrun for example_trigger_target_dag to None, run_after=None
[2024-03-12T09:31:41.050+0000] {processor.py:183} INFO - Processing /usr/local/lib/python3.10/dist-packages/airflow/example_dags/example_trigger_target_dag.py took 0.097 seconds
[2024-03-12T09:32:23.818+0000] {processor.py:161} INFO - Started process (PID=14563) to work on /usr/local/lib/python3.10/dist-packages/airflow/example_dags/example_trigger_target_dag.py
[2024-03-12T09:32:23.819+0000] {processor.py:830} INFO - Processing file /usr/local/lib/python3.10/dist-packages/airflow/example_dags/example_trigger_target_dag.py for tasks to queue
[2024-03-12T09:32:23.820+0000] {logging_mixin.py:188} INFO - [2024-03-12T09:32:23.820+0000] {dagbag.py:540} INFO - Filling up the DagBag from /usr/local/lib/python3.10/dist-packages/airflow/example_dags/example_trigger_target_dag.py
[2024-03-12T09:32:23.833+0000] {processor.py:840} INFO - DAG(s) 'example_trigger_target_dag' retrieved from /usr/local/lib/python3.10/dist-packages/airflow/example_dags/example_trigger_target_dag.py
[2024-03-12T09:32:23.856+0000] {logging_mixin.py:188} INFO - [2024-03-12T09:32:23.855+0000] {dag.py:3047} INFO - Sync 1 DAGs
[2024-03-12T09:32:23.870+0000] {logging_mixin.py:188} INFO - [2024-03-12T09:32:23.870+0000] {dag.py:3834} INFO - Setting next_dagrun for example_trigger_target_dag to None, run_after=None
[2024-03-12T09:32:23.899+0000] {processor.py:183} INFO - Processing /usr/local/lib/python3.10/dist-packages/airflow/example_dags/example_trigger_target_dag.py took 0.086 seconds
[2024-03-12T09:33:08.453+0000] {processor.py:161} INFO - Started process (PID=14606) to work on /usr/local/lib/python3.10/dist-packages/airflow/example_dags/example_trigger_target_dag.py
[2024-03-12T09:33:08.455+0000] {processor.py:830} INFO - Processing file /usr/local/lib/python3.10/dist-packages/airflow/example_dags/example_trigger_target_dag.py for tasks to queue
[2024-03-12T09:33:08.456+0000] {logging_mixin.py:188} INFO - [2024-03-12T09:33:08.456+0000] {dagbag.py:540} INFO - Filling up the DagBag from /usr/local/lib/python3.10/dist-packages/airflow/example_dags/example_trigger_target_dag.py
[2024-03-12T09:33:08.464+0000] {processor.py:840} INFO - DAG(s) 'example_trigger_target_dag' retrieved from /usr/local/lib/python3.10/dist-packages/airflow/example_dags/example_trigger_target_dag.py
[2024-03-12T09:33:08.482+0000] {logging_mixin.py:188} INFO - [2024-03-12T09:33:08.482+0000] {dag.py:3047} INFO - Sync 1 DAGs
[2024-03-12T09:33:08.500+0000] {logging_mixin.py:188} INFO - [2024-03-12T09:33:08.499+0000] {dag.py:3834} INFO - Setting next_dagrun for example_trigger_target_dag to None, run_after=None
[2024-03-12T09:33:08.531+0000] {processor.py:183} INFO - Processing /usr/local/lib/python3.10/dist-packages/airflow/example_dags/example_trigger_target_dag.py took 0.082 seconds
[2024-03-12T09:33:51.719+0000] {processor.py:161} INFO - Started process (PID=14649) to work on /usr/local/lib/python3.10/dist-packages/airflow/example_dags/example_trigger_target_dag.py
[2024-03-12T09:33:51.721+0000] {processor.py:830} INFO - Processing file /usr/local/lib/python3.10/dist-packages/airflow/example_dags/example_trigger_target_dag.py for tasks to queue
[2024-03-12T09:33:51.724+0000] {logging_mixin.py:188} INFO - [2024-03-12T09:33:51.721+0000] {dagbag.py:540} INFO - Filling up the DagBag from /usr/local/lib/python3.10/dist-packages/airflow/example_dags/example_trigger_target_dag.py
[2024-03-12T09:33:51.735+0000] {processor.py:840} INFO - DAG(s) 'example_trigger_target_dag' retrieved from /usr/local/lib/python3.10/dist-packages/airflow/example_dags/example_trigger_target_dag.py
[2024-03-12T09:33:51.758+0000] {logging_mixin.py:188} INFO - [2024-03-12T09:33:51.757+0000] {dag.py:3047} INFO - Sync 1 DAGs
[2024-03-12T09:33:51.773+0000] {logging_mixin.py:188} INFO - [2024-03-12T09:33:51.773+0000] {dag.py:3834} INFO - Setting next_dagrun for example_trigger_target_dag to None, run_after=None
[2024-03-12T09:33:51.803+0000] {processor.py:183} INFO - Processing /usr/local/lib/python3.10/dist-packages/airflow/example_dags/example_trigger_target_dag.py took 0.094 seconds
[2024-03-12T09:34:34.421+0000] {processor.py:161} INFO - Started process (PID=14690) to work on /usr/local/lib/python3.10/dist-packages/airflow/example_dags/example_trigger_target_dag.py
[2024-03-12T09:34:34.432+0000] {processor.py:830} INFO - Processing file /usr/local/lib/python3.10/dist-packages/airflow/example_dags/example_trigger_target_dag.py for tasks to queue
[2024-03-12T09:34:34.433+0000] {logging_mixin.py:188} INFO - [2024-03-12T09:34:34.433+0000] {dagbag.py:540} INFO - Filling up the DagBag from /usr/local/lib/python3.10/dist-packages/airflow/example_dags/example_trigger_target_dag.py
[2024-03-12T09:34:34.442+0000] {processor.py:840} INFO - DAG(s) 'example_trigger_target_dag' retrieved from /usr/local/lib/python3.10/dist-packages/airflow/example_dags/example_trigger_target_dag.py
[2024-03-12T09:34:34.457+0000] {logging_mixin.py:188} INFO - [2024-03-12T09:34:34.457+0000] {dag.py:3047} INFO - Sync 1 DAGs
[2024-03-12T09:34:34.468+0000] {logging_mixin.py:188} INFO - [2024-03-12T09:34:34.468+0000] {dag.py:3834} INFO - Setting next_dagrun for example_trigger_target_dag to None, run_after=None
[2024-03-12T09:34:34.491+0000] {processor.py:183} INFO - Processing /usr/local/lib/python3.10/dist-packages/airflow/example_dags/example_trigger_target_dag.py took 0.081 seconds
[2024-03-12T09:35:18.673+0000] {processor.py:161} INFO - Started process (PID=14731) to work on /usr/local/lib/python3.10/dist-packages/airflow/example_dags/example_trigger_target_dag.py
[2024-03-12T09:35:18.675+0000] {processor.py:830} INFO - Processing file /usr/local/lib/python3.10/dist-packages/airflow/example_dags/example_trigger_target_dag.py for tasks to queue
[2024-03-12T09:35:18.676+0000] {logging_mixin.py:188} INFO - [2024-03-12T09:35:18.676+0000] {dagbag.py:540} INFO - Filling up the DagBag from /usr/local/lib/python3.10/dist-packages/airflow/example_dags/example_trigger_target_dag.py
[2024-03-12T09:35:18.687+0000] {processor.py:840} INFO - DAG(s) 'example_trigger_target_dag' retrieved from /usr/local/lib/python3.10/dist-packages/airflow/example_dags/example_trigger_target_dag.py
[2024-03-12T09:35:18.711+0000] {logging_mixin.py:188} INFO - [2024-03-12T09:35:18.711+0000] {dag.py:3047} INFO - Sync 1 DAGs
[2024-03-12T09:35:18.726+0000] {logging_mixin.py:188} INFO - [2024-03-12T09:35:18.725+0000] {dag.py:3834} INFO - Setting next_dagrun for example_trigger_target_dag to None, run_after=None
[2024-03-12T09:35:18.751+0000] {processor.py:183} INFO - Processing /usr/local/lib/python3.10/dist-packages/airflow/example_dags/example_trigger_target_dag.py took 0.083 seconds
[2024-03-12T09:36:03.624+0000] {processor.py:161} INFO - Started process (PID=14775) to work on /usr/local/lib/python3.10/dist-packages/airflow/example_dags/example_trigger_target_dag.py
[2024-03-12T09:36:03.628+0000] {processor.py:830} INFO - Processing file /usr/local/lib/python3.10/dist-packages/airflow/example_dags/example_trigger_target_dag.py for tasks to queue
[2024-03-12T09:36:03.631+0000] {logging_mixin.py:188} INFO - [2024-03-12T09:36:03.629+0000] {dagbag.py:540} INFO - Filling up the DagBag from /usr/local/lib/python3.10/dist-packages/airflow/example_dags/example_trigger_target_dag.py
[2024-03-12T09:36:03.650+0000] {processor.py:840} INFO - DAG(s) 'example_trigger_target_dag' retrieved from /usr/local/lib/python3.10/dist-packages/airflow/example_dags/example_trigger_target_dag.py
[2024-03-12T09:36:03.684+0000] {logging_mixin.py:188} INFO - [2024-03-12T09:36:03.684+0000] {dag.py:3047} INFO - Sync 1 DAGs
[2024-03-12T09:36:03.721+0000] {logging_mixin.py:188} INFO - [2024-03-12T09:36:03.720+0000] {dag.py:3834} INFO - Setting next_dagrun for example_trigger_target_dag to None, run_after=None
[2024-03-12T09:36:03.793+0000] {processor.py:183} INFO - Processing /usr/local/lib/python3.10/dist-packages/airflow/example_dags/example_trigger_target_dag.py took 0.177 seconds
[2024-03-12T09:36:44.225+0000] {processor.py:161} INFO - Started process (PID=14815) to work on /usr/local/lib/python3.10/dist-packages/airflow/example_dags/example_trigger_target_dag.py
[2024-03-12T09:36:44.227+0000] {processor.py:830} INFO - Processing file /usr/local/lib/python3.10/dist-packages/airflow/example_dags/example_trigger_target_dag.py for tasks to queue
[2024-03-12T09:36:44.229+0000] {logging_mixin.py:188} INFO - [2024-03-12T09:36:44.227+0000] {dagbag.py:540} INFO - Filling up the DagBag from /usr/local/lib/python3.10/dist-packages/airflow/example_dags/example_trigger_target_dag.py
[2024-03-12T09:36:44.246+0000] {processor.py:840} INFO - DAG(s) 'example_trigger_target_dag' retrieved from /usr/local/lib/python3.10/dist-packages/airflow/example_dags/example_trigger_target_dag.py
[2024-03-12T09:36:44.280+0000] {logging_mixin.py:188} INFO - [2024-03-12T09:36:44.280+0000] {dag.py:3047} INFO - Sync 1 DAGs
[2024-03-12T09:36:44.296+0000] {logging_mixin.py:188} INFO - [2024-03-12T09:36:44.296+0000] {dag.py:3834} INFO - Setting next_dagrun for example_trigger_target_dag to None, run_after=None
[2024-03-12T09:36:44.330+0000] {processor.py:183} INFO - Processing /usr/local/lib/python3.10/dist-packages/airflow/example_dags/example_trigger_target_dag.py took 0.108 seconds
[2024-03-12T09:37:25.419+0000] {processor.py:161} INFO - Started process (PID=14855) to work on /usr/local/lib/python3.10/dist-packages/airflow/example_dags/example_trigger_target_dag.py
[2024-03-12T09:37:25.421+0000] {processor.py:830} INFO - Processing file /usr/local/lib/python3.10/dist-packages/airflow/example_dags/example_trigger_target_dag.py for tasks to queue
[2024-03-12T09:37:25.423+0000] {logging_mixin.py:188} INFO - [2024-03-12T09:37:25.422+0000] {dagbag.py:540} INFO - Filling up the DagBag from /usr/local/lib/python3.10/dist-packages/airflow/example_dags/example_trigger_target_dag.py
[2024-03-12T09:37:25.437+0000] {processor.py:840} INFO - DAG(s) 'example_trigger_target_dag' retrieved from /usr/local/lib/python3.10/dist-packages/airflow/example_dags/example_trigger_target_dag.py
[2024-03-12T09:37:25.458+0000] {logging_mixin.py:188} INFO - [2024-03-12T09:37:25.458+0000] {dag.py:3047} INFO - Sync 1 DAGs
[2024-03-12T09:37:25.471+0000] {logging_mixin.py:188} INFO - [2024-03-12T09:37:25.471+0000] {dag.py:3834} INFO - Setting next_dagrun for example_trigger_target_dag to None, run_after=None
[2024-03-12T09:37:25.497+0000] {processor.py:183} INFO - Processing /usr/local/lib/python3.10/dist-packages/airflow/example_dags/example_trigger_target_dag.py took 0.085 seconds
[2024-03-12T09:38:07.416+0000] {processor.py:161} INFO - Started process (PID=14896) to work on /usr/local/lib/python3.10/dist-packages/airflow/example_dags/example_trigger_target_dag.py
[2024-03-12T09:38:07.418+0000] {processor.py:830} INFO - Processing file /usr/local/lib/python3.10/dist-packages/airflow/example_dags/example_trigger_target_dag.py for tasks to queue
[2024-03-12T09:38:07.419+0000] {logging_mixin.py:188} INFO - [2024-03-12T09:38:07.419+0000] {dagbag.py:540} INFO - Filling up the DagBag from /usr/local/lib/python3.10/dist-packages/airflow/example_dags/example_trigger_target_dag.py
[2024-03-12T09:38:07.436+0000] {processor.py:840} INFO - DAG(s) 'example_trigger_target_dag' retrieved from /usr/local/lib/python3.10/dist-packages/airflow/example_dags/example_trigger_target_dag.py
[2024-03-12T09:38:07.477+0000] {logging_mixin.py:188} INFO - [2024-03-12T09:38:07.477+0000] {dag.py:3047} INFO - Sync 1 DAGs
[2024-03-12T09:38:07.504+0000] {logging_mixin.py:188} INFO - [2024-03-12T09:38:07.504+0000] {dag.py:3834} INFO - Setting next_dagrun for example_trigger_target_dag to None, run_after=None
[2024-03-12T09:38:07.551+0000] {processor.py:183} INFO - Processing /usr/local/lib/python3.10/dist-packages/airflow/example_dags/example_trigger_target_dag.py took 0.146 seconds
[2024-03-12T09:38:49.472+0000] {processor.py:161} INFO - Started process (PID=14937) to work on /usr/local/lib/python3.10/dist-packages/airflow/example_dags/example_trigger_target_dag.py
[2024-03-12T09:38:49.474+0000] {processor.py:830} INFO - Processing file /usr/local/lib/python3.10/dist-packages/airflow/example_dags/example_trigger_target_dag.py for tasks to queue
[2024-03-12T09:38:49.475+0000] {logging_mixin.py:188} INFO - [2024-03-12T09:38:49.475+0000] {dagbag.py:540} INFO - Filling up the DagBag from /usr/local/lib/python3.10/dist-packages/airflow/example_dags/example_trigger_target_dag.py
[2024-03-12T09:38:49.483+0000] {processor.py:840} INFO - DAG(s) 'example_trigger_target_dag' retrieved from /usr/local/lib/python3.10/dist-packages/airflow/example_dags/example_trigger_target_dag.py
[2024-03-12T09:38:49.504+0000] {logging_mixin.py:188} INFO - [2024-03-12T09:38:49.503+0000] {dag.py:3047} INFO - Sync 1 DAGs
[2024-03-12T09:38:49.522+0000] {logging_mixin.py:188} INFO - [2024-03-12T09:38:49.522+0000] {dag.py:3834} INFO - Setting next_dagrun for example_trigger_target_dag to None, run_after=None
[2024-03-12T09:38:49.548+0000] {processor.py:183} INFO - Processing /usr/local/lib/python3.10/dist-packages/airflow/example_dags/example_trigger_target_dag.py took 0.086 seconds
[2024-03-12T09:39:32.301+0000] {processor.py:161} INFO - Started process (PID=14977) to work on /usr/local/lib/python3.10/dist-packages/airflow/example_dags/example_trigger_target_dag.py
[2024-03-12T09:39:32.308+0000] {processor.py:830} INFO - Processing file /usr/local/lib/python3.10/dist-packages/airflow/example_dags/example_trigger_target_dag.py for tasks to queue
[2024-03-12T09:39:32.315+0000] {logging_mixin.py:188} INFO - [2024-03-12T09:39:32.314+0000] {dagbag.py:540} INFO - Filling up the DagBag from /usr/local/lib/python3.10/dist-packages/airflow/example_dags/example_trigger_target_dag.py
[2024-03-12T09:39:32.331+0000] {processor.py:840} INFO - DAG(s) 'example_trigger_target_dag' retrieved from /usr/local/lib/python3.10/dist-packages/airflow/example_dags/example_trigger_target_dag.py
[2024-03-12T09:39:32.350+0000] {logging_mixin.py:188} INFO - [2024-03-12T09:39:32.350+0000] {dag.py:3047} INFO - Sync 1 DAGs
[2024-03-12T09:39:32.373+0000] {logging_mixin.py:188} INFO - [2024-03-12T09:39:32.372+0000] {dag.py:3834} INFO - Setting next_dagrun for example_trigger_target_dag to None, run_after=None
[2024-03-12T09:39:32.404+0000] {processor.py:183} INFO - Processing /usr/local/lib/python3.10/dist-packages/airflow/example_dags/example_trigger_target_dag.py took 0.121 seconds
[2024-03-12T09:40:14.887+0000] {processor.py:161} INFO - Started process (PID=15018) to work on /usr/local/lib/python3.10/dist-packages/airflow/example_dags/example_trigger_target_dag.py
[2024-03-12T09:40:14.888+0000] {processor.py:830} INFO - Processing file /usr/local/lib/python3.10/dist-packages/airflow/example_dags/example_trigger_target_dag.py for tasks to queue
[2024-03-12T09:40:14.890+0000] {logging_mixin.py:188} INFO - [2024-03-12T09:40:14.889+0000] {dagbag.py:540} INFO - Filling up the DagBag from /usr/local/lib/python3.10/dist-packages/airflow/example_dags/example_trigger_target_dag.py
[2024-03-12T09:40:14.905+0000] {processor.py:840} INFO - DAG(s) 'example_trigger_target_dag' retrieved from /usr/local/lib/python3.10/dist-packages/airflow/example_dags/example_trigger_target_dag.py
[2024-03-12T09:40:14.938+0000] {logging_mixin.py:188} INFO - [2024-03-12T09:40:14.936+0000] {dag.py:3047} INFO - Sync 1 DAGs
[2024-03-12T09:40:14.962+0000] {logging_mixin.py:188} INFO - [2024-03-12T09:40:14.962+0000] {dag.py:3834} INFO - Setting next_dagrun for example_trigger_target_dag to None, run_after=None
[2024-03-12T09:40:15.020+0000] {processor.py:183} INFO - Processing /usr/local/lib/python3.10/dist-packages/airflow/example_dags/example_trigger_target_dag.py took 0.137 seconds
[2024-03-12T09:40:59.105+0000] {processor.py:161} INFO - Started process (PID=15061) to work on /usr/local/lib/python3.10/dist-packages/airflow/example_dags/example_trigger_target_dag.py
[2024-03-12T09:40:59.106+0000] {processor.py:830} INFO - Processing file /usr/local/lib/python3.10/dist-packages/airflow/example_dags/example_trigger_target_dag.py for tasks to queue
[2024-03-12T09:40:59.108+0000] {logging_mixin.py:188} INFO - [2024-03-12T09:40:59.107+0000] {dagbag.py:540} INFO - Filling up the DagBag from /usr/local/lib/python3.10/dist-packages/airflow/example_dags/example_trigger_target_dag.py
[2024-03-12T09:40:59.118+0000] {processor.py:840} INFO - DAG(s) 'example_trigger_target_dag' retrieved from /usr/local/lib/python3.10/dist-packages/airflow/example_dags/example_trigger_target_dag.py
[2024-03-12T09:40:59.140+0000] {logging_mixin.py:188} INFO - [2024-03-12T09:40:59.139+0000] {dag.py:3047} INFO - Sync 1 DAGs
[2024-03-12T09:40:59.152+0000] {logging_mixin.py:188} INFO - [2024-03-12T09:40:59.152+0000] {dag.py:3834} INFO - Setting next_dagrun for example_trigger_target_dag to None, run_after=None
[2024-03-12T09:40:59.179+0000] {processor.py:183} INFO - Processing /usr/local/lib/python3.10/dist-packages/airflow/example_dags/example_trigger_target_dag.py took 0.078 seconds
[2024-03-12T09:41:39.869+0000] {processor.py:161} INFO - Started process (PID=15101) to work on /usr/local/lib/python3.10/dist-packages/airflow/example_dags/example_trigger_target_dag.py
[2024-03-12T09:41:39.871+0000] {processor.py:830} INFO - Processing file /usr/local/lib/python3.10/dist-packages/airflow/example_dags/example_trigger_target_dag.py for tasks to queue
[2024-03-12T09:41:39.872+0000] {logging_mixin.py:188} INFO - [2024-03-12T09:41:39.872+0000] {dagbag.py:540} INFO - Filling up the DagBag from /usr/local/lib/python3.10/dist-packages/airflow/example_dags/example_trigger_target_dag.py
[2024-03-12T09:41:39.883+0000] {processor.py:840} INFO - DAG(s) 'example_trigger_target_dag' retrieved from /usr/local/lib/python3.10/dist-packages/airflow/example_dags/example_trigger_target_dag.py
[2024-03-12T09:41:39.911+0000] {logging_mixin.py:188} INFO - [2024-03-12T09:41:39.911+0000] {dag.py:3047} INFO - Sync 1 DAGs
[2024-03-12T09:41:39.929+0000] {logging_mixin.py:188} INFO - [2024-03-12T09:41:39.929+0000] {dag.py:3834} INFO - Setting next_dagrun for example_trigger_target_dag to None, run_after=None
[2024-03-12T09:41:39.974+0000] {processor.py:183} INFO - Processing /usr/local/lib/python3.10/dist-packages/airflow/example_dags/example_trigger_target_dag.py took 0.109 seconds
[2024-03-12T09:42:21.245+0000] {processor.py:161} INFO - Started process (PID=15142) to work on /usr/local/lib/python3.10/dist-packages/airflow/example_dags/example_trigger_target_dag.py
[2024-03-12T09:42:21.247+0000] {processor.py:830} INFO - Processing file /usr/local/lib/python3.10/dist-packages/airflow/example_dags/example_trigger_target_dag.py for tasks to queue
[2024-03-12T09:42:21.248+0000] {logging_mixin.py:188} INFO - [2024-03-12T09:42:21.248+0000] {dagbag.py:540} INFO - Filling up the DagBag from /usr/local/lib/python3.10/dist-packages/airflow/example_dags/example_trigger_target_dag.py
[2024-03-12T09:42:21.258+0000] {processor.py:840} INFO - DAG(s) 'example_trigger_target_dag' retrieved from /usr/local/lib/python3.10/dist-packages/airflow/example_dags/example_trigger_target_dag.py
[2024-03-12T09:42:21.277+0000] {logging_mixin.py:188} INFO - [2024-03-12T09:42:21.276+0000] {dag.py:3047} INFO - Sync 1 DAGs
[2024-03-12T09:42:21.296+0000] {logging_mixin.py:188} INFO - [2024-03-12T09:42:21.295+0000] {dag.py:3834} INFO - Setting next_dagrun for example_trigger_target_dag to None, run_after=None
[2024-03-12T09:42:21.332+0000] {processor.py:183} INFO - Processing /usr/local/lib/python3.10/dist-packages/airflow/example_dags/example_trigger_target_dag.py took 0.091 seconds
[2024-03-12T09:43:01.286+0000] {processor.py:161} INFO - Started process (PID=15254) to work on /usr/local/lib/python3.10/dist-packages/airflow/example_dags/example_trigger_target_dag.py
[2024-03-12T09:43:01.288+0000] {processor.py:830} INFO - Processing file /usr/local/lib/python3.10/dist-packages/airflow/example_dags/example_trigger_target_dag.py for tasks to queue
[2024-03-12T09:43:01.288+0000] {logging_mixin.py:188} INFO - [2024-03-12T09:43:01.288+0000] {dagbag.py:540} INFO - Filling up the DagBag from /usr/local/lib/python3.10/dist-packages/airflow/example_dags/example_trigger_target_dag.py
[2024-03-12T09:43:01.296+0000] {processor.py:840} INFO - DAG(s) 'example_trigger_target_dag' retrieved from /usr/local/lib/python3.10/dist-packages/airflow/example_dags/example_trigger_target_dag.py
[2024-03-12T09:43:01.316+0000] {logging_mixin.py:188} INFO - [2024-03-12T09:43:01.316+0000] {dag.py:3047} INFO - Sync 1 DAGs
[2024-03-12T09:43:01.329+0000] {logging_mixin.py:188} INFO - [2024-03-12T09:43:01.328+0000] {dag.py:3834} INFO - Setting next_dagrun for example_trigger_target_dag to None, run_after=None
[2024-03-12T09:43:01.352+0000] {processor.py:183} INFO - Processing /usr/local/lib/python3.10/dist-packages/airflow/example_dags/example_trigger_target_dag.py took 0.069 seconds
[2024-03-12T09:43:41.547+0000] {processor.py:161} INFO - Started process (PID=15295) to work on /usr/local/lib/python3.10/dist-packages/airflow/example_dags/example_trigger_target_dag.py
[2024-03-12T09:43:41.550+0000] {processor.py:830} INFO - Processing file /usr/local/lib/python3.10/dist-packages/airflow/example_dags/example_trigger_target_dag.py for tasks to queue
[2024-03-12T09:43:41.551+0000] {logging_mixin.py:188} INFO - [2024-03-12T09:43:41.551+0000] {dagbag.py:540} INFO - Filling up the DagBag from /usr/local/lib/python3.10/dist-packages/airflow/example_dags/example_trigger_target_dag.py
[2024-03-12T09:43:41.560+0000] {processor.py:840} INFO - DAG(s) 'example_trigger_target_dag' retrieved from /usr/local/lib/python3.10/dist-packages/airflow/example_dags/example_trigger_target_dag.py
[2024-03-12T09:43:41.588+0000] {logging_mixin.py:188} INFO - [2024-03-12T09:43:41.587+0000] {dag.py:3047} INFO - Sync 1 DAGs
[2024-03-12T09:43:41.605+0000] {logging_mixin.py:188} INFO - [2024-03-12T09:43:41.604+0000] {dag.py:3834} INFO - Setting next_dagrun for example_trigger_target_dag to None, run_after=None
[2024-03-12T09:43:41.640+0000] {processor.py:183} INFO - Processing /usr/local/lib/python3.10/dist-packages/airflow/example_dags/example_trigger_target_dag.py took 0.100 seconds
[2024-03-12T09:44:26.752+0000] {processor.py:161} INFO - Started process (PID=15352) to work on /usr/local/lib/python3.10/dist-packages/airflow/example_dags/example_trigger_target_dag.py
[2024-03-12T09:44:26.756+0000] {processor.py:830} INFO - Processing file /usr/local/lib/python3.10/dist-packages/airflow/example_dags/example_trigger_target_dag.py for tasks to queue
[2024-03-12T09:44:26.758+0000] {logging_mixin.py:188} INFO - [2024-03-12T09:44:26.757+0000] {dagbag.py:540} INFO - Filling up the DagBag from /usr/local/lib/python3.10/dist-packages/airflow/example_dags/example_trigger_target_dag.py
[2024-03-12T09:44:26.776+0000] {processor.py:840} INFO - DAG(s) 'example_trigger_target_dag' retrieved from /usr/local/lib/python3.10/dist-packages/airflow/example_dags/example_trigger_target_dag.py
[2024-03-12T09:44:26.805+0000] {logging_mixin.py:188} INFO - [2024-03-12T09:44:26.805+0000] {dag.py:3047} INFO - Sync 1 DAGs
[2024-03-12T09:44:26.825+0000] {logging_mixin.py:188} INFO - [2024-03-12T09:44:26.825+0000] {dag.py:3834} INFO - Setting next_dagrun for example_trigger_target_dag to None, run_after=None
[2024-03-12T09:44:26.868+0000] {processor.py:183} INFO - Processing /usr/local/lib/python3.10/dist-packages/airflow/example_dags/example_trigger_target_dag.py took 0.127 seconds
[2024-03-12T09:45:09.992+0000] {processor.py:161} INFO - Started process (PID=15393) to work on /usr/local/lib/python3.10/dist-packages/airflow/example_dags/example_trigger_target_dag.py
[2024-03-12T09:45:09.994+0000] {processor.py:830} INFO - Processing file /usr/local/lib/python3.10/dist-packages/airflow/example_dags/example_trigger_target_dag.py for tasks to queue
[2024-03-12T09:45:09.999+0000] {logging_mixin.py:188} INFO - [2024-03-12T09:45:09.998+0000] {dagbag.py:540} INFO - Filling up the DagBag from /usr/local/lib/python3.10/dist-packages/airflow/example_dags/example_trigger_target_dag.py
[2024-03-12T09:45:10.020+0000] {processor.py:840} INFO - DAG(s) 'example_trigger_target_dag' retrieved from /usr/local/lib/python3.10/dist-packages/airflow/example_dags/example_trigger_target_dag.py
[2024-03-12T09:45:10.039+0000] {logging_mixin.py:188} INFO - [2024-03-12T09:45:10.038+0000] {dag.py:3047} INFO - Sync 1 DAGs
[2024-03-12T09:45:10.052+0000] {logging_mixin.py:188} INFO - [2024-03-12T09:45:10.052+0000] {dag.py:3834} INFO - Setting next_dagrun for example_trigger_target_dag to None, run_after=None
[2024-03-12T09:45:10.083+0000] {processor.py:183} INFO - Processing /usr/local/lib/python3.10/dist-packages/airflow/example_dags/example_trigger_target_dag.py took 0.100 seconds
[2024-03-12T09:45:52.694+0000] {processor.py:161} INFO - Started process (PID=15435) to work on /usr/local/lib/python3.10/dist-packages/airflow/example_dags/example_trigger_target_dag.py
[2024-03-12T09:45:52.699+0000] {processor.py:830} INFO - Processing file /usr/local/lib/python3.10/dist-packages/airflow/example_dags/example_trigger_target_dag.py for tasks to queue
[2024-03-12T09:45:52.701+0000] {logging_mixin.py:188} INFO - [2024-03-12T09:45:52.701+0000] {dagbag.py:540} INFO - Filling up the DagBag from /usr/local/lib/python3.10/dist-packages/airflow/example_dags/example_trigger_target_dag.py
[2024-03-12T09:45:52.722+0000] {processor.py:840} INFO - DAG(s) 'example_trigger_target_dag' retrieved from /usr/local/lib/python3.10/dist-packages/airflow/example_dags/example_trigger_target_dag.py
[2024-03-12T09:45:52.747+0000] {logging_mixin.py:188} INFO - [2024-03-12T09:45:52.747+0000] {dag.py:3047} INFO - Sync 1 DAGs
[2024-03-12T09:45:52.773+0000] {logging_mixin.py:188} INFO - [2024-03-12T09:45:52.772+0000] {dag.py:3834} INFO - Setting next_dagrun for example_trigger_target_dag to None, run_after=None
[2024-03-12T09:45:52.841+0000] {processor.py:183} INFO - Processing /usr/local/lib/python3.10/dist-packages/airflow/example_dags/example_trigger_target_dag.py took 0.159 seconds
[2024-03-12T09:46:33.340+0000] {processor.py:161} INFO - Started process (PID=15475) to work on /usr/local/lib/python3.10/dist-packages/airflow/example_dags/example_trigger_target_dag.py
[2024-03-12T09:46:33.346+0000] {processor.py:830} INFO - Processing file /usr/local/lib/python3.10/dist-packages/airflow/example_dags/example_trigger_target_dag.py for tasks to queue
[2024-03-12T09:46:33.350+0000] {logging_mixin.py:188} INFO - [2024-03-12T09:46:33.348+0000] {dagbag.py:540} INFO - Filling up the DagBag from /usr/local/lib/python3.10/dist-packages/airflow/example_dags/example_trigger_target_dag.py
[2024-03-12T09:46:33.364+0000] {processor.py:840} INFO - DAG(s) 'example_trigger_target_dag' retrieved from /usr/local/lib/python3.10/dist-packages/airflow/example_dags/example_trigger_target_dag.py
[2024-03-12T09:46:33.385+0000] {logging_mixin.py:188} INFO - [2024-03-12T09:46:33.384+0000] {dag.py:3047} INFO - Sync 1 DAGs
[2024-03-12T09:46:33.400+0000] {logging_mixin.py:188} INFO - [2024-03-12T09:46:33.400+0000] {dag.py:3834} INFO - Setting next_dagrun for example_trigger_target_dag to None, run_after=None
[2024-03-12T09:46:33.440+0000] {processor.py:183} INFO - Processing /usr/local/lib/python3.10/dist-packages/airflow/example_dags/example_trigger_target_dag.py took 0.103 seconds
[2024-03-12T09:47:12.475+0000] {processor.py:161} INFO - Started process (PID=15514) to work on /usr/local/lib/python3.10/dist-packages/airflow/example_dags/example_trigger_target_dag.py
[2024-03-12T09:47:12.477+0000] {processor.py:830} INFO - Processing file /usr/local/lib/python3.10/dist-packages/airflow/example_dags/example_trigger_target_dag.py for tasks to queue
[2024-03-12T09:47:12.483+0000] {logging_mixin.py:188} INFO - [2024-03-12T09:47:12.479+0000] {dagbag.py:540} INFO - Filling up the DagBag from /usr/local/lib/python3.10/dist-packages/airflow/example_dags/example_trigger_target_dag.py
[2024-03-12T09:47:12.506+0000] {processor.py:840} INFO - DAG(s) 'example_trigger_target_dag' retrieved from /usr/local/lib/python3.10/dist-packages/airflow/example_dags/example_trigger_target_dag.py
[2024-03-12T09:47:12.527+0000] {logging_mixin.py:188} INFO - [2024-03-12T09:47:12.527+0000] {dag.py:3047} INFO - Sync 1 DAGs
[2024-03-12T09:47:12.544+0000] {logging_mixin.py:188} INFO - [2024-03-12T09:47:12.544+0000] {dag.py:3834} INFO - Setting next_dagrun for example_trigger_target_dag to None, run_after=None
[2024-03-12T09:47:12.583+0000] {processor.py:183} INFO - Processing /usr/local/lib/python3.10/dist-packages/airflow/example_dags/example_trigger_target_dag.py took 0.114 seconds
[2024-03-12T09:47:55.246+0000] {processor.py:161} INFO - Started process (PID=15556) to work on /usr/local/lib/python3.10/dist-packages/airflow/example_dags/example_trigger_target_dag.py
[2024-03-12T09:47:55.248+0000] {processor.py:830} INFO - Processing file /usr/local/lib/python3.10/dist-packages/airflow/example_dags/example_trigger_target_dag.py for tasks to queue
[2024-03-12T09:47:55.249+0000] {logging_mixin.py:188} INFO - [2024-03-12T09:47:55.249+0000] {dagbag.py:540} INFO - Filling up the DagBag from /usr/local/lib/python3.10/dist-packages/airflow/example_dags/example_trigger_target_dag.py
[2024-03-12T09:47:55.256+0000] {processor.py:840} INFO - DAG(s) 'example_trigger_target_dag' retrieved from /usr/local/lib/python3.10/dist-packages/airflow/example_dags/example_trigger_target_dag.py
[2024-03-12T09:47:55.275+0000] {logging_mixin.py:188} INFO - [2024-03-12T09:47:55.275+0000] {dag.py:3047} INFO - Sync 1 DAGs
[2024-03-12T09:47:55.287+0000] {logging_mixin.py:188} INFO - [2024-03-12T09:47:55.287+0000] {dag.py:3834} INFO - Setting next_dagrun for example_trigger_target_dag to None, run_after=None
[2024-03-12T09:47:55.318+0000] {processor.py:183} INFO - Processing /usr/local/lib/python3.10/dist-packages/airflow/example_dags/example_trigger_target_dag.py took 0.075 seconds
[2024-03-12T09:48:35.230+0000] {processor.py:161} INFO - Started process (PID=15601) to work on /usr/local/lib/python3.10/dist-packages/airflow/example_dags/example_trigger_target_dag.py
[2024-03-12T09:48:35.233+0000] {processor.py:830} INFO - Processing file /usr/local/lib/python3.10/dist-packages/airflow/example_dags/example_trigger_target_dag.py for tasks to queue
[2024-03-12T09:48:35.235+0000] {logging_mixin.py:188} INFO - [2024-03-12T09:48:35.234+0000] {dagbag.py:540} INFO - Filling up the DagBag from /usr/local/lib/python3.10/dist-packages/airflow/example_dags/example_trigger_target_dag.py
[2024-03-12T09:48:35.248+0000] {processor.py:840} INFO - DAG(s) 'example_trigger_target_dag' retrieved from /usr/local/lib/python3.10/dist-packages/airflow/example_dags/example_trigger_target_dag.py
[2024-03-12T09:48:35.270+0000] {logging_mixin.py:188} INFO - [2024-03-12T09:48:35.270+0000] {dag.py:3047} INFO - Sync 1 DAGs
[2024-03-12T09:48:35.285+0000] {logging_mixin.py:188} INFO - [2024-03-12T09:48:35.284+0000] {dag.py:3834} INFO - Setting next_dagrun for example_trigger_target_dag to None, run_after=None
[2024-03-12T09:48:35.310+0000] {processor.py:183} INFO - Processing /usr/local/lib/python3.10/dist-packages/airflow/example_dags/example_trigger_target_dag.py took 0.084 seconds
[2024-03-12T09:49:17.001+0000] {processor.py:161} INFO - Started process (PID=15640) to work on /usr/local/lib/python3.10/dist-packages/airflow/example_dags/example_trigger_target_dag.py
[2024-03-12T09:49:17.002+0000] {processor.py:830} INFO - Processing file /usr/local/lib/python3.10/dist-packages/airflow/example_dags/example_trigger_target_dag.py for tasks to queue
[2024-03-12T09:49:17.004+0000] {logging_mixin.py:188} INFO - [2024-03-12T09:49:17.003+0000] {dagbag.py:540} INFO - Filling up the DagBag from /usr/local/lib/python3.10/dist-packages/airflow/example_dags/example_trigger_target_dag.py
[2024-03-12T09:49:17.012+0000] {processor.py:840} INFO - DAG(s) 'example_trigger_target_dag' retrieved from /usr/local/lib/python3.10/dist-packages/airflow/example_dags/example_trigger_target_dag.py
[2024-03-12T09:49:17.029+0000] {logging_mixin.py:188} INFO - [2024-03-12T09:49:17.029+0000] {dag.py:3047} INFO - Sync 1 DAGs
[2024-03-12T09:49:17.041+0000] {logging_mixin.py:188} INFO - [2024-03-12T09:49:17.041+0000] {dag.py:3834} INFO - Setting next_dagrun for example_trigger_target_dag to None, run_after=None
[2024-03-12T09:49:17.066+0000] {processor.py:183} INFO - Processing /usr/local/lib/python3.10/dist-packages/airflow/example_dags/example_trigger_target_dag.py took 0.069 seconds
[2024-03-12T09:50:00.322+0000] {processor.py:161} INFO - Started process (PID=15681) to work on /usr/local/lib/python3.10/dist-packages/airflow/example_dags/example_trigger_target_dag.py
[2024-03-12T09:50:00.324+0000] {processor.py:830} INFO - Processing file /usr/local/lib/python3.10/dist-packages/airflow/example_dags/example_trigger_target_dag.py for tasks to queue
[2024-03-12T09:50:00.325+0000] {logging_mixin.py:188} INFO - [2024-03-12T09:50:00.324+0000] {dagbag.py:540} INFO - Filling up the DagBag from /usr/local/lib/python3.10/dist-packages/airflow/example_dags/example_trigger_target_dag.py
[2024-03-12T09:50:00.343+0000] {processor.py:840} INFO - DAG(s) 'example_trigger_target_dag' retrieved from /usr/local/lib/python3.10/dist-packages/airflow/example_dags/example_trigger_target_dag.py
[2024-03-12T09:50:00.364+0000] {logging_mixin.py:188} INFO - [2024-03-12T09:50:00.364+0000] {dag.py:3047} INFO - Sync 1 DAGs
[2024-03-12T09:50:00.381+0000] {logging_mixin.py:188} INFO - [2024-03-12T09:50:00.381+0000] {dag.py:3834} INFO - Setting next_dagrun for example_trigger_target_dag to None, run_after=None
[2024-03-12T09:50:00.411+0000] {processor.py:183} INFO - Processing /usr/local/lib/python3.10/dist-packages/airflow/example_dags/example_trigger_target_dag.py took 0.101 seconds
[2024-03-12T09:50:45.269+0000] {processor.py:161} INFO - Started process (PID=15724) to work on /usr/local/lib/python3.10/dist-packages/airflow/example_dags/example_trigger_target_dag.py
[2024-03-12T09:50:45.271+0000] {processor.py:830} INFO - Processing file /usr/local/lib/python3.10/dist-packages/airflow/example_dags/example_trigger_target_dag.py for tasks to queue
[2024-03-12T09:50:45.272+0000] {logging_mixin.py:188} INFO - [2024-03-12T09:50:45.272+0000] {dagbag.py:540} INFO - Filling up the DagBag from /usr/local/lib/python3.10/dist-packages/airflow/example_dags/example_trigger_target_dag.py
[2024-03-12T09:50:45.298+0000] {processor.py:840} INFO - DAG(s) 'example_trigger_target_dag' retrieved from /usr/local/lib/python3.10/dist-packages/airflow/example_dags/example_trigger_target_dag.py
[2024-03-12T09:50:45.331+0000] {logging_mixin.py:188} INFO - [2024-03-12T09:50:45.331+0000] {dag.py:3047} INFO - Sync 1 DAGs
[2024-03-12T09:50:45.349+0000] {logging_mixin.py:188} INFO - [2024-03-12T09:50:45.348+0000] {dag.py:3834} INFO - Setting next_dagrun for example_trigger_target_dag to None, run_after=None
[2024-03-12T09:50:45.395+0000] {processor.py:183} INFO - Processing /usr/local/lib/python3.10/dist-packages/airflow/example_dags/example_trigger_target_dag.py took 0.130 seconds
[2024-03-12T09:51:29.963+0000] {processor.py:161} INFO - Started process (PID=15767) to work on /usr/local/lib/python3.10/dist-packages/airflow/example_dags/example_trigger_target_dag.py
[2024-03-12T09:51:29.964+0000] {processor.py:830} INFO - Processing file /usr/local/lib/python3.10/dist-packages/airflow/example_dags/example_trigger_target_dag.py for tasks to queue
[2024-03-12T09:51:29.965+0000] {logging_mixin.py:188} INFO - [2024-03-12T09:51:29.964+0000] {dagbag.py:540} INFO - Filling up the DagBag from /usr/local/lib/python3.10/dist-packages/airflow/example_dags/example_trigger_target_dag.py
[2024-03-12T09:51:29.973+0000] {processor.py:840} INFO - DAG(s) 'example_trigger_target_dag' retrieved from /usr/local/lib/python3.10/dist-packages/airflow/example_dags/example_trigger_target_dag.py
[2024-03-12T09:51:29.993+0000] {logging_mixin.py:188} INFO - [2024-03-12T09:51:29.992+0000] {dag.py:3047} INFO - Sync 1 DAGs
[2024-03-12T09:51:30.029+0000] {logging_mixin.py:188} INFO - [2024-03-12T09:51:30.029+0000] {dag.py:3834} INFO - Setting next_dagrun for example_trigger_target_dag to None, run_after=None
[2024-03-12T09:51:30.065+0000] {processor.py:183} INFO - Processing /usr/local/lib/python3.10/dist-packages/airflow/example_dags/example_trigger_target_dag.py took 0.105 seconds
[2024-03-12T09:52:17.159+0000] {processor.py:161} INFO - Started process (PID=15811) to work on /usr/local/lib/python3.10/dist-packages/airflow/example_dags/example_trigger_target_dag.py
[2024-03-12T09:52:17.161+0000] {processor.py:830} INFO - Processing file /usr/local/lib/python3.10/dist-packages/airflow/example_dags/example_trigger_target_dag.py for tasks to queue
[2024-03-12T09:52:17.162+0000] {logging_mixin.py:188} INFO - [2024-03-12T09:52:17.161+0000] {dagbag.py:540} INFO - Filling up the DagBag from /usr/local/lib/python3.10/dist-packages/airflow/example_dags/example_trigger_target_dag.py
[2024-03-12T09:52:17.169+0000] {processor.py:840} INFO - DAG(s) 'example_trigger_target_dag' retrieved from /usr/local/lib/python3.10/dist-packages/airflow/example_dags/example_trigger_target_dag.py
[2024-03-12T09:52:17.187+0000] {logging_mixin.py:188} INFO - [2024-03-12T09:52:17.186+0000] {dag.py:3047} INFO - Sync 1 DAGs
[2024-03-12T09:52:17.202+0000] {logging_mixin.py:188} INFO - [2024-03-12T09:52:17.202+0000] {dag.py:3834} INFO - Setting next_dagrun for example_trigger_target_dag to None, run_after=None
[2024-03-12T09:52:17.228+0000] {processor.py:183} INFO - Processing /usr/local/lib/python3.10/dist-packages/airflow/example_dags/example_trigger_target_dag.py took 0.072 seconds
[2024-03-12T09:53:00.727+0000] {processor.py:161} INFO - Started process (PID=15855) to work on /usr/local/lib/python3.10/dist-packages/airflow/example_dags/example_trigger_target_dag.py
[2024-03-12T09:53:00.728+0000] {processor.py:830} INFO - Processing file /usr/local/lib/python3.10/dist-packages/airflow/example_dags/example_trigger_target_dag.py for tasks to queue
[2024-03-12T09:53:00.729+0000] {logging_mixin.py:188} INFO - [2024-03-12T09:53:00.729+0000] {dagbag.py:540} INFO - Filling up the DagBag from /usr/local/lib/python3.10/dist-packages/airflow/example_dags/example_trigger_target_dag.py
[2024-03-12T09:53:00.737+0000] {processor.py:840} INFO - DAG(s) 'example_trigger_target_dag' retrieved from /usr/local/lib/python3.10/dist-packages/airflow/example_dags/example_trigger_target_dag.py
[2024-03-12T09:53:00.756+0000] {logging_mixin.py:188} INFO - [2024-03-12T09:53:00.756+0000] {dag.py:3047} INFO - Sync 1 DAGs
[2024-03-12T09:53:00.768+0000] {logging_mixin.py:188} INFO - [2024-03-12T09:53:00.768+0000] {dag.py:3834} INFO - Setting next_dagrun for example_trigger_target_dag to None, run_after=None
[2024-03-12T09:53:00.794+0000] {processor.py:183} INFO - Processing /usr/local/lib/python3.10/dist-packages/airflow/example_dags/example_trigger_target_dag.py took 0.070 seconds
[2024-03-12T09:53:43.957+0000] {processor.py:161} INFO - Started process (PID=15897) to work on /usr/local/lib/python3.10/dist-packages/airflow/example_dags/example_trigger_target_dag.py
[2024-03-12T09:53:43.959+0000] {processor.py:830} INFO - Processing file /usr/local/lib/python3.10/dist-packages/airflow/example_dags/example_trigger_target_dag.py for tasks to queue
[2024-03-12T09:53:43.960+0000] {logging_mixin.py:188} INFO - [2024-03-12T09:53:43.959+0000] {dagbag.py:540} INFO - Filling up the DagBag from /usr/local/lib/python3.10/dist-packages/airflow/example_dags/example_trigger_target_dag.py
[2024-03-12T09:53:43.966+0000] {processor.py:840} INFO - DAG(s) 'example_trigger_target_dag' retrieved from /usr/local/lib/python3.10/dist-packages/airflow/example_dags/example_trigger_target_dag.py
[2024-03-12T09:53:43.983+0000] {logging_mixin.py:188} INFO - [2024-03-12T09:53:43.983+0000] {dag.py:3047} INFO - Sync 1 DAGs
[2024-03-12T09:53:43.995+0000] {logging_mixin.py:188} INFO - [2024-03-12T09:53:43.995+0000] {dag.py:3834} INFO - Setting next_dagrun for example_trigger_target_dag to None, run_after=None
[2024-03-12T09:53:44.044+0000] {processor.py:183} INFO - Processing /usr/local/lib/python3.10/dist-packages/airflow/example_dags/example_trigger_target_dag.py took 0.090 seconds
[2024-03-12T09:54:30.532+0000] {processor.py:161} INFO - Started process (PID=15942) to work on /usr/local/lib/python3.10/dist-packages/airflow/example_dags/example_trigger_target_dag.py
[2024-03-12T09:54:30.538+0000] {processor.py:830} INFO - Processing file /usr/local/lib/python3.10/dist-packages/airflow/example_dags/example_trigger_target_dag.py for tasks to queue
[2024-03-12T09:54:30.539+0000] {logging_mixin.py:188} INFO - [2024-03-12T09:54:30.539+0000] {dagbag.py:540} INFO - Filling up the DagBag from /usr/local/lib/python3.10/dist-packages/airflow/example_dags/example_trigger_target_dag.py
[2024-03-12T09:54:30.557+0000] {processor.py:840} INFO - DAG(s) 'example_trigger_target_dag' retrieved from /usr/local/lib/python3.10/dist-packages/airflow/example_dags/example_trigger_target_dag.py
[2024-03-12T09:54:30.603+0000] {logging_mixin.py:188} INFO - [2024-03-12T09:54:30.603+0000] {dag.py:3047} INFO - Sync 1 DAGs
[2024-03-12T09:54:30.628+0000] {logging_mixin.py:188} INFO - [2024-03-12T09:54:30.627+0000] {dag.py:3834} INFO - Setting next_dagrun for example_trigger_target_dag to None, run_after=None
[2024-03-12T09:54:30.670+0000] {processor.py:183} INFO - Processing /usr/local/lib/python3.10/dist-packages/airflow/example_dags/example_trigger_target_dag.py took 0.144 seconds
[2024-03-12T09:55:16.314+0000] {processor.py:161} INFO - Started process (PID=15985) to work on /usr/local/lib/python3.10/dist-packages/airflow/example_dags/example_trigger_target_dag.py
[2024-03-12T09:55:16.319+0000] {processor.py:830} INFO - Processing file /usr/local/lib/python3.10/dist-packages/airflow/example_dags/example_trigger_target_dag.py for tasks to queue
[2024-03-12T09:55:16.321+0000] {logging_mixin.py:188} INFO - [2024-03-12T09:55:16.320+0000] {dagbag.py:540} INFO - Filling up the DagBag from /usr/local/lib/python3.10/dist-packages/airflow/example_dags/example_trigger_target_dag.py
[2024-03-12T09:55:16.336+0000] {processor.py:840} INFO - DAG(s) 'example_trigger_target_dag' retrieved from /usr/local/lib/python3.10/dist-packages/airflow/example_dags/example_trigger_target_dag.py
[2024-03-12T09:55:16.361+0000] {logging_mixin.py:188} INFO - [2024-03-12T09:55:16.361+0000] {dag.py:3047} INFO - Sync 1 DAGs
[2024-03-12T09:55:16.392+0000] {logging_mixin.py:188} INFO - [2024-03-12T09:55:16.391+0000] {dag.py:3834} INFO - Setting next_dagrun for example_trigger_target_dag to None, run_after=None
[2024-03-12T09:55:16.443+0000] {processor.py:183} INFO - Processing /usr/local/lib/python3.10/dist-packages/airflow/example_dags/example_trigger_target_dag.py took 0.137 seconds
[2024-03-12T09:55:59.102+0000] {processor.py:161} INFO - Started process (PID=16030) to work on /usr/local/lib/python3.10/dist-packages/airflow/example_dags/example_trigger_target_dag.py
[2024-03-12T09:55:59.103+0000] {processor.py:830} INFO - Processing file /usr/local/lib/python3.10/dist-packages/airflow/example_dags/example_trigger_target_dag.py for tasks to queue
[2024-03-12T09:55:59.105+0000] {logging_mixin.py:188} INFO - [2024-03-12T09:55:59.104+0000] {dagbag.py:540} INFO - Filling up the DagBag from /usr/local/lib/python3.10/dist-packages/airflow/example_dags/example_trigger_target_dag.py
[2024-03-12T09:55:59.112+0000] {processor.py:840} INFO - DAG(s) 'example_trigger_target_dag' retrieved from /usr/local/lib/python3.10/dist-packages/airflow/example_dags/example_trigger_target_dag.py
[2024-03-12T09:55:59.130+0000] {logging_mixin.py:188} INFO - [2024-03-12T09:55:59.130+0000] {dag.py:3047} INFO - Sync 1 DAGs
[2024-03-12T09:55:59.146+0000] {logging_mixin.py:188} INFO - [2024-03-12T09:55:59.146+0000] {dag.py:3834} INFO - Setting next_dagrun for example_trigger_target_dag to None, run_after=None
[2024-03-12T09:55:59.175+0000] {processor.py:183} INFO - Processing /usr/local/lib/python3.10/dist-packages/airflow/example_dags/example_trigger_target_dag.py took 0.076 seconds
[2024-03-12T09:56:44.309+0000] {processor.py:161} INFO - Started process (PID=16072) to work on /usr/local/lib/python3.10/dist-packages/airflow/example_dags/example_trigger_target_dag.py
[2024-03-12T09:56:44.311+0000] {processor.py:830} INFO - Processing file /usr/local/lib/python3.10/dist-packages/airflow/example_dags/example_trigger_target_dag.py for tasks to queue
[2024-03-12T09:56:44.312+0000] {logging_mixin.py:188} INFO - [2024-03-12T09:56:44.311+0000] {dagbag.py:540} INFO - Filling up the DagBag from /usr/local/lib/python3.10/dist-packages/airflow/example_dags/example_trigger_target_dag.py
[2024-03-12T09:56:44.321+0000] {processor.py:840} INFO - DAG(s) 'example_trigger_target_dag' retrieved from /usr/local/lib/python3.10/dist-packages/airflow/example_dags/example_trigger_target_dag.py
[2024-03-12T09:56:44.341+0000] {logging_mixin.py:188} INFO - [2024-03-12T09:56:44.341+0000] {dag.py:3047} INFO - Sync 1 DAGs
[2024-03-12T09:56:44.355+0000] {logging_mixin.py:188} INFO - [2024-03-12T09:56:44.354+0000] {dag.py:3834} INFO - Setting next_dagrun for example_trigger_target_dag to None, run_after=None
[2024-03-12T09:56:44.388+0000] {processor.py:183} INFO - Processing /usr/local/lib/python3.10/dist-packages/airflow/example_dags/example_trigger_target_dag.py took 0.084 seconds
[2024-03-12T09:57:28.710+0000] {processor.py:161} INFO - Started process (PID=16115) to work on /usr/local/lib/python3.10/dist-packages/airflow/example_dags/example_trigger_target_dag.py
[2024-03-12T09:57:28.712+0000] {processor.py:830} INFO - Processing file /usr/local/lib/python3.10/dist-packages/airflow/example_dags/example_trigger_target_dag.py for tasks to queue
[2024-03-12T09:57:28.713+0000] {logging_mixin.py:188} INFO - [2024-03-12T09:57:28.713+0000] {dagbag.py:540} INFO - Filling up the DagBag from /usr/local/lib/python3.10/dist-packages/airflow/example_dags/example_trigger_target_dag.py
[2024-03-12T09:57:28.722+0000] {processor.py:840} INFO - DAG(s) 'example_trigger_target_dag' retrieved from /usr/local/lib/python3.10/dist-packages/airflow/example_dags/example_trigger_target_dag.py
[2024-03-12T09:57:28.740+0000] {logging_mixin.py:188} INFO - [2024-03-12T09:57:28.739+0000] {dag.py:3047} INFO - Sync 1 DAGs
[2024-03-12T09:57:28.753+0000] {logging_mixin.py:188} INFO - [2024-03-12T09:57:28.752+0000] {dag.py:3834} INFO - Setting next_dagrun for example_trigger_target_dag to None, run_after=None
[2024-03-12T09:57:28.782+0000] {processor.py:183} INFO - Processing /usr/local/lib/python3.10/dist-packages/airflow/example_dags/example_trigger_target_dag.py took 0.076 seconds
[2024-03-12T09:58:12.099+0000] {processor.py:161} INFO - Started process (PID=16162) to work on /usr/local/lib/python3.10/dist-packages/airflow/example_dags/example_trigger_target_dag.py
[2024-03-12T09:58:12.103+0000] {processor.py:830} INFO - Processing file /usr/local/lib/python3.10/dist-packages/airflow/example_dags/example_trigger_target_dag.py for tasks to queue
[2024-03-12T09:58:12.104+0000] {logging_mixin.py:188} INFO - [2024-03-12T09:58:12.103+0000] {dagbag.py:540} INFO - Filling up the DagBag from /usr/local/lib/python3.10/dist-packages/airflow/example_dags/example_trigger_target_dag.py
[2024-03-12T09:58:12.120+0000] {processor.py:840} INFO - DAG(s) 'example_trigger_target_dag' retrieved from /usr/local/lib/python3.10/dist-packages/airflow/example_dags/example_trigger_target_dag.py
[2024-03-12T09:58:12.140+0000] {logging_mixin.py:188} INFO - [2024-03-12T09:58:12.139+0000] {dag.py:3047} INFO - Sync 1 DAGs
[2024-03-12T09:58:12.152+0000] {logging_mixin.py:188} INFO - [2024-03-12T09:58:12.152+0000] {dag.py:3834} INFO - Setting next_dagrun for example_trigger_target_dag to None, run_after=None
[2024-03-12T09:58:12.180+0000] {processor.py:183} INFO - Processing /usr/local/lib/python3.10/dist-packages/airflow/example_dags/example_trigger_target_dag.py took 0.086 seconds
[2024-03-12T09:58:52.976+0000] {processor.py:161} INFO - Started process (PID=16209) to work on /usr/local/lib/python3.10/dist-packages/airflow/example_dags/example_trigger_target_dag.py
[2024-03-12T09:58:52.978+0000] {processor.py:830} INFO - Processing file /usr/local/lib/python3.10/dist-packages/airflow/example_dags/example_trigger_target_dag.py for tasks to queue
[2024-03-12T09:58:52.979+0000] {logging_mixin.py:188} INFO - [2024-03-12T09:58:52.978+0000] {dagbag.py:540} INFO - Filling up the DagBag from /usr/local/lib/python3.10/dist-packages/airflow/example_dags/example_trigger_target_dag.py
[2024-03-12T09:58:52.987+0000] {processor.py:840} INFO - DAG(s) 'example_trigger_target_dag' retrieved from /usr/local/lib/python3.10/dist-packages/airflow/example_dags/example_trigger_target_dag.py
[2024-03-12T09:58:53.010+0000] {logging_mixin.py:188} INFO - [2024-03-12T09:58:53.009+0000] {dag.py:3047} INFO - Sync 1 DAGs
[2024-03-12T09:58:53.023+0000] {logging_mixin.py:188} INFO - [2024-03-12T09:58:53.023+0000] {dag.py:3834} INFO - Setting next_dagrun for example_trigger_target_dag to None, run_after=None
[2024-03-12T09:58:53.051+0000] {processor.py:183} INFO - Processing /usr/local/lib/python3.10/dist-packages/airflow/example_dags/example_trigger_target_dag.py took 0.079 seconds
[2024-03-12T09:59:37.307+0000] {processor.py:161} INFO - Started process (PID=16255) to work on /usr/local/lib/python3.10/dist-packages/airflow/example_dags/example_trigger_target_dag.py
[2024-03-12T09:59:37.308+0000] {processor.py:830} INFO - Processing file /usr/local/lib/python3.10/dist-packages/airflow/example_dags/example_trigger_target_dag.py for tasks to queue
[2024-03-12T09:59:37.309+0000] {logging_mixin.py:188} INFO - [2024-03-12T09:59:37.309+0000] {dagbag.py:540} INFO - Filling up the DagBag from /usr/local/lib/python3.10/dist-packages/airflow/example_dags/example_trigger_target_dag.py
[2024-03-12T09:59:37.317+0000] {processor.py:840} INFO - DAG(s) 'example_trigger_target_dag' retrieved from /usr/local/lib/python3.10/dist-packages/airflow/example_dags/example_trigger_target_dag.py
[2024-03-12T09:59:37.340+0000] {logging_mixin.py:188} INFO - [2024-03-12T09:59:37.340+0000] {dag.py:3047} INFO - Sync 1 DAGs
[2024-03-12T09:59:37.355+0000] {logging_mixin.py:188} INFO - [2024-03-12T09:59:37.355+0000] {dag.py:3834} INFO - Setting next_dagrun for example_trigger_target_dag to None, run_after=None
[2024-03-12T09:59:37.381+0000] {processor.py:183} INFO - Processing /usr/local/lib/python3.10/dist-packages/airflow/example_dags/example_trigger_target_dag.py took 0.078 seconds
[2024-03-12T10:00:19.014+0000] {processor.py:161} INFO - Started process (PID=16302) to work on /usr/local/lib/python3.10/dist-packages/airflow/example_dags/example_trigger_target_dag.py
[2024-03-12T10:00:19.016+0000] {processor.py:830} INFO - Processing file /usr/local/lib/python3.10/dist-packages/airflow/example_dags/example_trigger_target_dag.py for tasks to queue
[2024-03-12T10:00:19.019+0000] {logging_mixin.py:188} INFO - [2024-03-12T10:00:19.018+0000] {dagbag.py:540} INFO - Filling up the DagBag from /usr/local/lib/python3.10/dist-packages/airflow/example_dags/example_trigger_target_dag.py
[2024-03-12T10:00:19.031+0000] {processor.py:840} INFO - DAG(s) 'example_trigger_target_dag' retrieved from /usr/local/lib/python3.10/dist-packages/airflow/example_dags/example_trigger_target_dag.py
[2024-03-12T10:00:19.056+0000] {logging_mixin.py:188} INFO - [2024-03-12T10:00:19.055+0000] {dag.py:3047} INFO - Sync 1 DAGs
[2024-03-12T10:00:19.072+0000] {logging_mixin.py:188} INFO - [2024-03-12T10:00:19.071+0000] {dag.py:3834} INFO - Setting next_dagrun for example_trigger_target_dag to None, run_after=None
[2024-03-12T10:00:19.101+0000] {processor.py:183} INFO - Processing /usr/local/lib/python3.10/dist-packages/airflow/example_dags/example_trigger_target_dag.py took 0.095 seconds
[2024-03-12T10:01:01.593+0000] {processor.py:161} INFO - Started process (PID=16350) to work on /usr/local/lib/python3.10/dist-packages/airflow/example_dags/example_trigger_target_dag.py
[2024-03-12T10:01:01.595+0000] {processor.py:830} INFO - Processing file /usr/local/lib/python3.10/dist-packages/airflow/example_dags/example_trigger_target_dag.py for tasks to queue
[2024-03-12T10:01:01.596+0000] {logging_mixin.py:188} INFO - [2024-03-12T10:01:01.596+0000] {dagbag.py:540} INFO - Filling up the DagBag from /usr/local/lib/python3.10/dist-packages/airflow/example_dags/example_trigger_target_dag.py
[2024-03-12T10:01:01.604+0000] {processor.py:840} INFO - DAG(s) 'example_trigger_target_dag' retrieved from /usr/local/lib/python3.10/dist-packages/airflow/example_dags/example_trigger_target_dag.py
[2024-03-12T10:01:01.658+0000] {logging_mixin.py:188} INFO - [2024-03-12T10:01:01.657+0000] {dag.py:3047} INFO - Sync 1 DAGs
[2024-03-12T10:01:01.678+0000] {logging_mixin.py:188} INFO - [2024-03-12T10:01:01.678+0000] {dag.py:3834} INFO - Setting next_dagrun for example_trigger_target_dag to None, run_after=None
[2024-03-12T10:01:01.776+0000] {processor.py:183} INFO - Processing /usr/local/lib/python3.10/dist-packages/airflow/example_dags/example_trigger_target_dag.py took 0.197 seconds
[2024-03-12T10:01:44.063+0000] {processor.py:161} INFO - Started process (PID=16394) to work on /usr/local/lib/python3.10/dist-packages/airflow/example_dags/example_trigger_target_dag.py
[2024-03-12T10:01:44.064+0000] {processor.py:830} INFO - Processing file /usr/local/lib/python3.10/dist-packages/airflow/example_dags/example_trigger_target_dag.py for tasks to queue
[2024-03-12T10:01:44.066+0000] {logging_mixin.py:188} INFO - [2024-03-12T10:01:44.066+0000] {dagbag.py:540} INFO - Filling up the DagBag from /usr/local/lib/python3.10/dist-packages/airflow/example_dags/example_trigger_target_dag.py
[2024-03-12T10:01:44.076+0000] {processor.py:840} INFO - DAG(s) 'example_trigger_target_dag' retrieved from /usr/local/lib/python3.10/dist-packages/airflow/example_dags/example_trigger_target_dag.py
[2024-03-12T10:01:44.097+0000] {logging_mixin.py:188} INFO - [2024-03-12T10:01:44.096+0000] {dag.py:3047} INFO - Sync 1 DAGs
[2024-03-12T10:01:44.113+0000] {logging_mixin.py:188} INFO - [2024-03-12T10:01:44.113+0000] {dag.py:3834} INFO - Setting next_dagrun for example_trigger_target_dag to None, run_after=None
[2024-03-12T10:01:44.141+0000] {processor.py:183} INFO - Processing /usr/local/lib/python3.10/dist-packages/airflow/example_dags/example_trigger_target_dag.py took 0.085 seconds
[2024-03-12T10:02:23.203+0000] {processor.py:161} INFO - Started process (PID=16435) to work on /usr/local/lib/python3.10/dist-packages/airflow/example_dags/example_trigger_target_dag.py
[2024-03-12T10:02:23.205+0000] {processor.py:830} INFO - Processing file /usr/local/lib/python3.10/dist-packages/airflow/example_dags/example_trigger_target_dag.py for tasks to queue
[2024-03-12T10:02:23.206+0000] {logging_mixin.py:188} INFO - [2024-03-12T10:02:23.205+0000] {dagbag.py:540} INFO - Filling up the DagBag from /usr/local/lib/python3.10/dist-packages/airflow/example_dags/example_trigger_target_dag.py
[2024-03-12T10:02:23.213+0000] {processor.py:840} INFO - DAG(s) 'example_trigger_target_dag' retrieved from /usr/local/lib/python3.10/dist-packages/airflow/example_dags/example_trigger_target_dag.py
[2024-03-12T10:02:23.229+0000] {logging_mixin.py:188} INFO - [2024-03-12T10:02:23.229+0000] {dag.py:3047} INFO - Sync 1 DAGs
[2024-03-12T10:02:23.241+0000] {logging_mixin.py:188} INFO - [2024-03-12T10:02:23.241+0000] {dag.py:3834} INFO - Setting next_dagrun for example_trigger_target_dag to None, run_after=None
[2024-03-12T10:02:23.275+0000] {processor.py:183} INFO - Processing /usr/local/lib/python3.10/dist-packages/airflow/example_dags/example_trigger_target_dag.py took 0.075 seconds
[2024-03-12T10:03:05.941+0000] {processor.py:161} INFO - Started process (PID=16480) to work on /usr/local/lib/python3.10/dist-packages/airflow/example_dags/example_trigger_target_dag.py
[2024-03-12T10:03:05.942+0000] {processor.py:830} INFO - Processing file /usr/local/lib/python3.10/dist-packages/airflow/example_dags/example_trigger_target_dag.py for tasks to queue
[2024-03-12T10:03:05.944+0000] {logging_mixin.py:188} INFO - [2024-03-12T10:03:05.943+0000] {dagbag.py:540} INFO - Filling up the DagBag from /usr/local/lib/python3.10/dist-packages/airflow/example_dags/example_trigger_target_dag.py
[2024-03-12T10:03:05.953+0000] {processor.py:840} INFO - DAG(s) 'example_trigger_target_dag' retrieved from /usr/local/lib/python3.10/dist-packages/airflow/example_dags/example_trigger_target_dag.py
[2024-03-12T10:03:05.971+0000] {logging_mixin.py:188} INFO - [2024-03-12T10:03:05.970+0000] {dag.py:3047} INFO - Sync 1 DAGs
[2024-03-12T10:03:05.998+0000] {logging_mixin.py:188} INFO - [2024-03-12T10:03:05.998+0000] {dag.py:3834} INFO - Setting next_dagrun for example_trigger_target_dag to None, run_after=None
[2024-03-12T10:03:06.046+0000] {processor.py:183} INFO - Processing /usr/local/lib/python3.10/dist-packages/airflow/example_dags/example_trigger_target_dag.py took 0.109 seconds
[2024-03-12T10:03:47.642+0000] {processor.py:161} INFO - Started process (PID=16520) to work on /usr/local/lib/python3.10/dist-packages/airflow/example_dags/example_trigger_target_dag.py
[2024-03-12T10:03:47.644+0000] {processor.py:830} INFO - Processing file /usr/local/lib/python3.10/dist-packages/airflow/example_dags/example_trigger_target_dag.py for tasks to queue
[2024-03-12T10:03:47.644+0000] {logging_mixin.py:188} INFO - [2024-03-12T10:03:47.644+0000] {dagbag.py:540} INFO - Filling up the DagBag from /usr/local/lib/python3.10/dist-packages/airflow/example_dags/example_trigger_target_dag.py
[2024-03-12T10:03:47.652+0000] {processor.py:840} INFO - DAG(s) 'example_trigger_target_dag' retrieved from /usr/local/lib/python3.10/dist-packages/airflow/example_dags/example_trigger_target_dag.py
[2024-03-12T10:03:47.670+0000] {logging_mixin.py:188} INFO - [2024-03-12T10:03:47.670+0000] {dag.py:3047} INFO - Sync 1 DAGs
[2024-03-12T10:03:47.682+0000] {logging_mixin.py:188} INFO - [2024-03-12T10:03:47.682+0000] {dag.py:3834} INFO - Setting next_dagrun for example_trigger_target_dag to None, run_after=None
[2024-03-12T10:03:47.709+0000] {processor.py:183} INFO - Processing /usr/local/lib/python3.10/dist-packages/airflow/example_dags/example_trigger_target_dag.py took 0.070 seconds
[2024-03-12T10:04:29.089+0000] {processor.py:161} INFO - Started process (PID=16563) to work on /usr/local/lib/python3.10/dist-packages/airflow/example_dags/example_trigger_target_dag.py
[2024-03-12T10:04:29.091+0000] {processor.py:830} INFO - Processing file /usr/local/lib/python3.10/dist-packages/airflow/example_dags/example_trigger_target_dag.py for tasks to queue
[2024-03-12T10:04:29.092+0000] {logging_mixin.py:188} INFO - [2024-03-12T10:04:29.091+0000] {dagbag.py:540} INFO - Filling up the DagBag from /usr/local/lib/python3.10/dist-packages/airflow/example_dags/example_trigger_target_dag.py
[2024-03-12T10:04:29.102+0000] {processor.py:840} INFO - DAG(s) 'example_trigger_target_dag' retrieved from /usr/local/lib/python3.10/dist-packages/airflow/example_dags/example_trigger_target_dag.py
[2024-03-12T10:04:29.132+0000] {logging_mixin.py:188} INFO - [2024-03-12T10:04:29.126+0000] {dag.py:3047} INFO - Sync 1 DAGs
[2024-03-12T10:04:29.148+0000] {logging_mixin.py:188} INFO - [2024-03-12T10:04:29.148+0000] {dag.py:3834} INFO - Setting next_dagrun for example_trigger_target_dag to None, run_after=None
[2024-03-12T10:04:29.180+0000] {processor.py:183} INFO - Processing /usr/local/lib/python3.10/dist-packages/airflow/example_dags/example_trigger_target_dag.py took 0.096 seconds
[2024-03-12T10:05:08.124+0000] {processor.py:161} INFO - Started process (PID=16605) to work on /usr/local/lib/python3.10/dist-packages/airflow/example_dags/example_trigger_target_dag.py
[2024-03-12T10:05:08.125+0000] {processor.py:830} INFO - Processing file /usr/local/lib/python3.10/dist-packages/airflow/example_dags/example_trigger_target_dag.py for tasks to queue
[2024-03-12T10:05:08.127+0000] {logging_mixin.py:188} INFO - [2024-03-12T10:05:08.126+0000] {dagbag.py:540} INFO - Filling up the DagBag from /usr/local/lib/python3.10/dist-packages/airflow/example_dags/example_trigger_target_dag.py
[2024-03-12T10:05:08.134+0000] {processor.py:840} INFO - DAG(s) 'example_trigger_target_dag' retrieved from /usr/local/lib/python3.10/dist-packages/airflow/example_dags/example_trigger_target_dag.py
[2024-03-12T10:05:08.151+0000] {logging_mixin.py:188} INFO - [2024-03-12T10:05:08.150+0000] {dag.py:3047} INFO - Sync 1 DAGs
[2024-03-12T10:05:08.163+0000] {logging_mixin.py:188} INFO - [2024-03-12T10:05:08.162+0000] {dag.py:3834} INFO - Setting next_dagrun for example_trigger_target_dag to None, run_after=None
[2024-03-12T10:05:08.187+0000] {processor.py:183} INFO - Processing /usr/local/lib/python3.10/dist-packages/airflow/example_dags/example_trigger_target_dag.py took 0.067 seconds
[2024-03-12T10:05:50.962+0000] {processor.py:161} INFO - Started process (PID=16648) to work on /usr/local/lib/python3.10/dist-packages/airflow/example_dags/example_trigger_target_dag.py
[2024-03-12T10:05:50.964+0000] {processor.py:830} INFO - Processing file /usr/local/lib/python3.10/dist-packages/airflow/example_dags/example_trigger_target_dag.py for tasks to queue
[2024-03-12T10:05:50.966+0000] {logging_mixin.py:188} INFO - [2024-03-12T10:05:50.966+0000] {dagbag.py:540} INFO - Filling up the DagBag from /usr/local/lib/python3.10/dist-packages/airflow/example_dags/example_trigger_target_dag.py
[2024-03-12T10:05:50.987+0000] {processor.py:840} INFO - DAG(s) 'example_trigger_target_dag' retrieved from /usr/local/lib/python3.10/dist-packages/airflow/example_dags/example_trigger_target_dag.py
[2024-03-12T10:05:51.034+0000] {logging_mixin.py:188} INFO - [2024-03-12T10:05:51.033+0000] {dag.py:3047} INFO - Sync 1 DAGs
[2024-03-12T10:05:51.054+0000] {logging_mixin.py:188} INFO - [2024-03-12T10:05:51.052+0000] {dag.py:3834} INFO - Setting next_dagrun for example_trigger_target_dag to None, run_after=None
[2024-03-12T10:05:51.092+0000] {processor.py:183} INFO - Processing /usr/local/lib/python3.10/dist-packages/airflow/example_dags/example_trigger_target_dag.py took 0.134 seconds
[2024-03-12T10:06:32.433+0000] {processor.py:161} INFO - Started process (PID=16691) to work on /usr/local/lib/python3.10/dist-packages/airflow/example_dags/example_trigger_target_dag.py
[2024-03-12T10:06:32.435+0000] {processor.py:830} INFO - Processing file /usr/local/lib/python3.10/dist-packages/airflow/example_dags/example_trigger_target_dag.py for tasks to queue
[2024-03-12T10:06:32.436+0000] {logging_mixin.py:188} INFO - [2024-03-12T10:06:32.435+0000] {dagbag.py:540} INFO - Filling up the DagBag from /usr/local/lib/python3.10/dist-packages/airflow/example_dags/example_trigger_target_dag.py
[2024-03-12T10:06:32.445+0000] {processor.py:840} INFO - DAG(s) 'example_trigger_target_dag' retrieved from /usr/local/lib/python3.10/dist-packages/airflow/example_dags/example_trigger_target_dag.py
[2024-03-12T10:06:32.473+0000] {logging_mixin.py:188} INFO - [2024-03-12T10:06:32.472+0000] {dag.py:3047} INFO - Sync 1 DAGs
[2024-03-12T10:06:32.487+0000] {logging_mixin.py:188} INFO - [2024-03-12T10:06:32.487+0000] {dag.py:3834} INFO - Setting next_dagrun for example_trigger_target_dag to None, run_after=None
[2024-03-12T10:06:32.545+0000] {processor.py:183} INFO - Processing /usr/local/lib/python3.10/dist-packages/airflow/example_dags/example_trigger_target_dag.py took 0.115 seconds
