[2024-03-12T09:23:03.999+0000] {processor.py:161} INFO - Started process (PID=14024) to work on /usr/local/lib/python3.10/dist-packages/airflow/example_dags/example_branch_datetime_operator.py
[2024-03-12T09:23:04.002+0000] {processor.py:830} INFO - Processing file /usr/local/lib/python3.10/dist-packages/airflow/example_dags/example_branch_datetime_operator.py for tasks to queue
[2024-03-12T09:23:04.003+0000] {logging_mixin.py:188} INFO - [2024-03-12T09:23:04.003+0000] {dagbag.py:540} INFO - Filling up the DagBag from /usr/local/lib/python3.10/dist-packages/airflow/example_dags/example_branch_datetime_operator.py
[2024-03-12T09:23:04.021+0000] {processor.py:840} INFO - DAG(s) 'example_branch_datetime_operator_2', 'example_branch_datetime_operator_3', 'example_branch_datetime_operator' retrieved from /usr/local/lib/python3.10/dist-packages/airflow/example_dags/example_branch_datetime_operator.py
[2024-03-12T09:23:04.337+0000] {logging_mixin.py:188} INFO - [2024-03-12T09:23:04.336+0000] {dag.py:3047} INFO - Sync 3 DAGs
[2024-03-12T09:23:04.367+0000] {logging_mixin.py:188} INFO - [2024-03-12T09:23:04.367+0000] {dag.py:3834} INFO - Setting next_dagrun for example_branch_datetime_operator to 2024-03-11 00:00:00+00:00, run_after=2024-03-12 00:00:00+00:00
[2024-03-12T09:23:04.373+0000] {logging_mixin.py:188} INFO - [2024-03-12T09:23:04.372+0000] {dag.py:3834} INFO - Setting next_dagrun for example_branch_datetime_operator_2 to 2024-03-11 00:00:00+00:00, run_after=2024-03-12 00:00:00+00:00
[2024-03-12T09:23:04.375+0000] {logging_mixin.py:188} INFO - [2024-03-12T09:23:04.375+0000] {dag.py:3834} INFO - Setting next_dagrun for example_branch_datetime_operator_3 to 2024-03-11 00:00:00+00:00, run_after=2024-03-12 00:00:00+00:00
[2024-03-12T09:23:04.404+0000] {processor.py:183} INFO - Processing /usr/local/lib/python3.10/dist-packages/airflow/example_dags/example_branch_datetime_operator.py took 0.412 seconds
[2024-03-12T09:24:04.328+0000] {processor.py:161} INFO - Started process (PID=14079) to work on /usr/local/lib/python3.10/dist-packages/airflow/example_dags/example_branch_datetime_operator.py
[2024-03-12T09:24:04.329+0000] {processor.py:830} INFO - Processing file /usr/local/lib/python3.10/dist-packages/airflow/example_dags/example_branch_datetime_operator.py for tasks to queue
[2024-03-12T09:24:04.331+0000] {logging_mixin.py:188} INFO - [2024-03-12T09:24:04.330+0000] {dagbag.py:540} INFO - Filling up the DagBag from /usr/local/lib/python3.10/dist-packages/airflow/example_dags/example_branch_datetime_operator.py
[2024-03-12T09:24:04.341+0000] {processor.py:840} INFO - DAG(s) 'example_branch_datetime_operator_3', 'example_branch_datetime_operator_2', 'example_branch_datetime_operator' retrieved from /usr/local/lib/python3.10/dist-packages/airflow/example_dags/example_branch_datetime_operator.py
[2024-03-12T09:24:04.369+0000] {logging_mixin.py:188} INFO - [2024-03-12T09:24:04.368+0000] {dag.py:3047} INFO - Sync 3 DAGs
[2024-03-12T09:24:04.393+0000] {logging_mixin.py:188} INFO - [2024-03-12T09:24:04.392+0000] {dag.py:3834} INFO - Setting next_dagrun for example_branch_datetime_operator to 2024-03-11 00:00:00+00:00, run_after=2024-03-12 00:00:00+00:00
[2024-03-12T09:24:04.398+0000] {logging_mixin.py:188} INFO - [2024-03-12T09:24:04.397+0000] {dag.py:3834} INFO - Setting next_dagrun for example_branch_datetime_operator_2 to 2024-03-11 00:00:00+00:00, run_after=2024-03-12 00:00:00+00:00
[2024-03-12T09:24:04.400+0000] {logging_mixin.py:188} INFO - [2024-03-12T09:24:04.400+0000] {dag.py:3834} INFO - Setting next_dagrun for example_branch_datetime_operator_3 to 2024-03-11 00:00:00+00:00, run_after=2024-03-12 00:00:00+00:00
[2024-03-12T09:24:04.586+0000] {processor.py:183} INFO - Processing /usr/local/lib/python3.10/dist-packages/airflow/example_dags/example_branch_datetime_operator.py took 0.261 seconds
[2024-03-12T09:25:17.497+0000] {processor.py:161} INFO - Started process (PID=14144) to work on /usr/local/lib/python3.10/dist-packages/airflow/example_dags/example_branch_datetime_operator.py
[2024-03-12T09:25:17.498+0000] {processor.py:830} INFO - Processing file /usr/local/lib/python3.10/dist-packages/airflow/example_dags/example_branch_datetime_operator.py for tasks to queue
[2024-03-12T09:25:17.500+0000] {logging_mixin.py:188} INFO - [2024-03-12T09:25:17.499+0000] {dagbag.py:540} INFO - Filling up the DagBag from /usr/local/lib/python3.10/dist-packages/airflow/example_dags/example_branch_datetime_operator.py
[2024-03-12T09:25:17.510+0000] {processor.py:840} INFO - DAG(s) 'example_branch_datetime_operator', 'example_branch_datetime_operator_2', 'example_branch_datetime_operator_3' retrieved from /usr/local/lib/python3.10/dist-packages/airflow/example_dags/example_branch_datetime_operator.py
[2024-03-12T09:25:17.534+0000] {logging_mixin.py:188} INFO - [2024-03-12T09:25:17.534+0000] {dag.py:3047} INFO - Sync 3 DAGs
[2024-03-12T09:25:17.559+0000] {logging_mixin.py:188} INFO - [2024-03-12T09:25:17.558+0000] {dag.py:3834} INFO - Setting next_dagrun for example_branch_datetime_operator to 2024-03-11 00:00:00+00:00, run_after=2024-03-12 00:00:00+00:00
[2024-03-12T09:25:17.564+0000] {logging_mixin.py:188} INFO - [2024-03-12T09:25:17.564+0000] {dag.py:3834} INFO - Setting next_dagrun for example_branch_datetime_operator_2 to 2024-03-11 00:00:00+00:00, run_after=2024-03-12 00:00:00+00:00
[2024-03-12T09:25:17.566+0000] {logging_mixin.py:188} INFO - [2024-03-12T09:25:17.566+0000] {dag.py:3834} INFO - Setting next_dagrun for example_branch_datetime_operator_3 to 2024-03-11 00:00:00+00:00, run_after=2024-03-12 00:00:00+00:00
[2024-03-12T09:25:17.586+0000] {processor.py:183} INFO - Processing /usr/local/lib/python3.10/dist-packages/airflow/example_dags/example_branch_datetime_operator.py took 0.093 seconds
[2024-03-12T09:26:07.501+0000] {processor.py:161} INFO - Started process (PID=14193) to work on /usr/local/lib/python3.10/dist-packages/airflow/example_dags/example_branch_datetime_operator.py
[2024-03-12T09:26:07.503+0000] {processor.py:830} INFO - Processing file /usr/local/lib/python3.10/dist-packages/airflow/example_dags/example_branch_datetime_operator.py for tasks to queue
[2024-03-12T09:26:07.504+0000] {logging_mixin.py:188} INFO - [2024-03-12T09:26:07.503+0000] {dagbag.py:540} INFO - Filling up the DagBag from /usr/local/lib/python3.10/dist-packages/airflow/example_dags/example_branch_datetime_operator.py
[2024-03-12T09:26:07.517+0000] {processor.py:840} INFO - DAG(s) 'example_branch_datetime_operator', 'example_branch_datetime_operator_3', 'example_branch_datetime_operator_2' retrieved from /usr/local/lib/python3.10/dist-packages/airflow/example_dags/example_branch_datetime_operator.py
[2024-03-12T09:26:07.544+0000] {logging_mixin.py:188} INFO - [2024-03-12T09:26:07.544+0000] {dag.py:3047} INFO - Sync 3 DAGs
[2024-03-12T09:26:07.569+0000] {logging_mixin.py:188} INFO - [2024-03-12T09:26:07.569+0000] {dag.py:3834} INFO - Setting next_dagrun for example_branch_datetime_operator to 2024-03-11 00:00:00+00:00, run_after=2024-03-12 00:00:00+00:00
[2024-03-12T09:26:07.574+0000] {logging_mixin.py:188} INFO - [2024-03-12T09:26:07.573+0000] {dag.py:3834} INFO - Setting next_dagrun for example_branch_datetime_operator_2 to 2024-03-11 00:00:00+00:00, run_after=2024-03-12 00:00:00+00:00
[2024-03-12T09:26:07.576+0000] {logging_mixin.py:188} INFO - [2024-03-12T09:26:07.576+0000] {dag.py:3834} INFO - Setting next_dagrun for example_branch_datetime_operator_3 to 2024-03-11 00:00:00+00:00, run_after=2024-03-12 00:00:00+00:00
[2024-03-12T09:26:07.598+0000] {processor.py:183} INFO - Processing /usr/local/lib/python3.10/dist-packages/airflow/example_dags/example_branch_datetime_operator.py took 0.101 seconds
[2024-03-12T09:27:06.655+0000] {processor.py:161} INFO - Started process (PID=14253) to work on /usr/local/lib/python3.10/dist-packages/airflow/example_dags/example_branch_datetime_operator.py
[2024-03-12T09:27:06.657+0000] {processor.py:830} INFO - Processing file /usr/local/lib/python3.10/dist-packages/airflow/example_dags/example_branch_datetime_operator.py for tasks to queue
[2024-03-12T09:27:06.658+0000] {logging_mixin.py:188} INFO - [2024-03-12T09:27:06.658+0000] {dagbag.py:540} INFO - Filling up the DagBag from /usr/local/lib/python3.10/dist-packages/airflow/example_dags/example_branch_datetime_operator.py
[2024-03-12T09:27:06.675+0000] {processor.py:840} INFO - DAG(s) 'example_branch_datetime_operator_3', 'example_branch_datetime_operator_2', 'example_branch_datetime_operator' retrieved from /usr/local/lib/python3.10/dist-packages/airflow/example_dags/example_branch_datetime_operator.py
[2024-03-12T09:27:06.706+0000] {logging_mixin.py:188} INFO - [2024-03-12T09:27:06.706+0000] {dag.py:3047} INFO - Sync 3 DAGs
[2024-03-12T09:27:06.733+0000] {logging_mixin.py:188} INFO - [2024-03-12T09:27:06.733+0000] {dag.py:3834} INFO - Setting next_dagrun for example_branch_datetime_operator to 2024-03-11 00:00:00+00:00, run_after=2024-03-12 00:00:00+00:00
[2024-03-12T09:27:06.739+0000] {logging_mixin.py:188} INFO - [2024-03-12T09:27:06.739+0000] {dag.py:3834} INFO - Setting next_dagrun for example_branch_datetime_operator_2 to 2024-03-11 00:00:00+00:00, run_after=2024-03-12 00:00:00+00:00
[2024-03-12T09:27:06.742+0000] {logging_mixin.py:188} INFO - [2024-03-12T09:27:06.742+0000] {dag.py:3834} INFO - Setting next_dagrun for example_branch_datetime_operator_3 to 2024-03-11 00:00:00+00:00, run_after=2024-03-12 00:00:00+00:00
[2024-03-12T09:27:06.764+0000] {processor.py:183} INFO - Processing /usr/local/lib/python3.10/dist-packages/airflow/example_dags/example_branch_datetime_operator.py took 0.113 seconds
[2024-03-12T09:28:10.596+0000] {processor.py:161} INFO - Started process (PID=14315) to work on /usr/local/lib/python3.10/dist-packages/airflow/example_dags/example_branch_datetime_operator.py
[2024-03-12T09:28:10.601+0000] {processor.py:830} INFO - Processing file /usr/local/lib/python3.10/dist-packages/airflow/example_dags/example_branch_datetime_operator.py for tasks to queue
[2024-03-12T09:28:10.605+0000] {logging_mixin.py:188} INFO - [2024-03-12T09:28:10.604+0000] {dagbag.py:540} INFO - Filling up the DagBag from /usr/local/lib/python3.10/dist-packages/airflow/example_dags/example_branch_datetime_operator.py
[2024-03-12T09:28:10.631+0000] {processor.py:840} INFO - DAG(s) 'example_branch_datetime_operator', 'example_branch_datetime_operator_3', 'example_branch_datetime_operator_2' retrieved from /usr/local/lib/python3.10/dist-packages/airflow/example_dags/example_branch_datetime_operator.py
[2024-03-12T09:28:10.662+0000] {logging_mixin.py:188} INFO - [2024-03-12T09:28:10.662+0000] {dag.py:3047} INFO - Sync 3 DAGs
[2024-03-12T09:28:10.694+0000] {logging_mixin.py:188} INFO - [2024-03-12T09:28:10.694+0000] {dag.py:3834} INFO - Setting next_dagrun for example_branch_datetime_operator to 2024-03-11 00:00:00+00:00, run_after=2024-03-12 00:00:00+00:00
[2024-03-12T09:28:10.702+0000] {logging_mixin.py:188} INFO - [2024-03-12T09:28:10.701+0000] {dag.py:3834} INFO - Setting next_dagrun for example_branch_datetime_operator_2 to 2024-03-11 00:00:00+00:00, run_after=2024-03-12 00:00:00+00:00
[2024-03-12T09:28:10.706+0000] {logging_mixin.py:188} INFO - [2024-03-12T09:28:10.705+0000] {dag.py:3834} INFO - Setting next_dagrun for example_branch_datetime_operator_3 to 2024-03-11 00:00:00+00:00, run_after=2024-03-12 00:00:00+00:00
[2024-03-12T09:28:10.746+0000] {processor.py:183} INFO - Processing /usr/local/lib/python3.10/dist-packages/airflow/example_dags/example_branch_datetime_operator.py took 0.155 seconds
[2024-03-12T09:29:09.153+0000] {processor.py:161} INFO - Started process (PID=14375) to work on /usr/local/lib/python3.10/dist-packages/airflow/example_dags/example_branch_datetime_operator.py
[2024-03-12T09:29:09.155+0000] {processor.py:830} INFO - Processing file /usr/local/lib/python3.10/dist-packages/airflow/example_dags/example_branch_datetime_operator.py for tasks to queue
[2024-03-12T09:29:09.156+0000] {logging_mixin.py:188} INFO - [2024-03-12T09:29:09.155+0000] {dagbag.py:540} INFO - Filling up the DagBag from /usr/local/lib/python3.10/dist-packages/airflow/example_dags/example_branch_datetime_operator.py
[2024-03-12T09:29:09.177+0000] {processor.py:840} INFO - DAG(s) 'example_branch_datetime_operator_2', 'example_branch_datetime_operator_3', 'example_branch_datetime_operator' retrieved from /usr/local/lib/python3.10/dist-packages/airflow/example_dags/example_branch_datetime_operator.py
[2024-03-12T09:29:09.222+0000] {logging_mixin.py:188} INFO - [2024-03-12T09:29:09.222+0000] {dag.py:3047} INFO - Sync 3 DAGs
[2024-03-12T09:29:09.252+0000] {logging_mixin.py:188} INFO - [2024-03-12T09:29:09.252+0000] {dag.py:3834} INFO - Setting next_dagrun for example_branch_datetime_operator to 2024-03-11 00:00:00+00:00, run_after=2024-03-12 00:00:00+00:00
[2024-03-12T09:29:09.257+0000] {logging_mixin.py:188} INFO - [2024-03-12T09:29:09.256+0000] {dag.py:3834} INFO - Setting next_dagrun for example_branch_datetime_operator_2 to 2024-03-11 00:00:00+00:00, run_after=2024-03-12 00:00:00+00:00
[2024-03-12T09:29:09.265+0000] {logging_mixin.py:188} INFO - [2024-03-12T09:29:09.265+0000] {dag.py:3834} INFO - Setting next_dagrun for example_branch_datetime_operator_3 to 2024-03-11 00:00:00+00:00, run_after=2024-03-12 00:00:00+00:00
[2024-03-12T09:29:09.299+0000] {processor.py:183} INFO - Processing /usr/local/lib/python3.10/dist-packages/airflow/example_dags/example_branch_datetime_operator.py took 0.150 seconds
[2024-03-12T09:30:09.642+0000] {processor.py:161} INFO - Started process (PID=14433) to work on /usr/local/lib/python3.10/dist-packages/airflow/example_dags/example_branch_datetime_operator.py
[2024-03-12T09:30:09.644+0000] {processor.py:830} INFO - Processing file /usr/local/lib/python3.10/dist-packages/airflow/example_dags/example_branch_datetime_operator.py for tasks to queue
[2024-03-12T09:30:09.645+0000] {logging_mixin.py:188} INFO - [2024-03-12T09:30:09.645+0000] {dagbag.py:540} INFO - Filling up the DagBag from /usr/local/lib/python3.10/dist-packages/airflow/example_dags/example_branch_datetime_operator.py
[2024-03-12T09:30:09.664+0000] {processor.py:840} INFO - DAG(s) 'example_branch_datetime_operator', 'example_branch_datetime_operator_2', 'example_branch_datetime_operator_3' retrieved from /usr/local/lib/python3.10/dist-packages/airflow/example_dags/example_branch_datetime_operator.py
[2024-03-12T09:30:09.696+0000] {logging_mixin.py:188} INFO - [2024-03-12T09:30:09.696+0000] {dag.py:3047} INFO - Sync 3 DAGs
[2024-03-12T09:30:09.728+0000] {logging_mixin.py:188} INFO - [2024-03-12T09:30:09.727+0000] {dag.py:3834} INFO - Setting next_dagrun for example_branch_datetime_operator to 2024-03-11 00:00:00+00:00, run_after=2024-03-12 00:00:00+00:00
[2024-03-12T09:30:09.734+0000] {logging_mixin.py:188} INFO - [2024-03-12T09:30:09.734+0000] {dag.py:3834} INFO - Setting next_dagrun for example_branch_datetime_operator_2 to 2024-03-11 00:00:00+00:00, run_after=2024-03-12 00:00:00+00:00
[2024-03-12T09:30:09.737+0000] {logging_mixin.py:188} INFO - [2024-03-12T09:30:09.737+0000] {dag.py:3834} INFO - Setting next_dagrun for example_branch_datetime_operator_3 to 2024-03-11 00:00:00+00:00, run_after=2024-03-12 00:00:00+00:00
[2024-03-12T09:30:09.770+0000] {processor.py:183} INFO - Processing /usr/local/lib/python3.10/dist-packages/airflow/example_dags/example_branch_datetime_operator.py took 0.131 seconds
[2024-03-12T09:31:11.779+0000] {processor.py:161} INFO - Started process (PID=14494) to work on /usr/local/lib/python3.10/dist-packages/airflow/example_dags/example_branch_datetime_operator.py
[2024-03-12T09:31:11.781+0000] {processor.py:830} INFO - Processing file /usr/local/lib/python3.10/dist-packages/airflow/example_dags/example_branch_datetime_operator.py for tasks to queue
[2024-03-12T09:31:11.782+0000] {logging_mixin.py:188} INFO - [2024-03-12T09:31:11.781+0000] {dagbag.py:540} INFO - Filling up the DagBag from /usr/local/lib/python3.10/dist-packages/airflow/example_dags/example_branch_datetime_operator.py
[2024-03-12T09:31:11.792+0000] {processor.py:840} INFO - DAG(s) 'example_branch_datetime_operator', 'example_branch_datetime_operator_2', 'example_branch_datetime_operator_3' retrieved from /usr/local/lib/python3.10/dist-packages/airflow/example_dags/example_branch_datetime_operator.py
[2024-03-12T09:31:11.816+0000] {logging_mixin.py:188} INFO - [2024-03-12T09:31:11.816+0000] {dag.py:3047} INFO - Sync 3 DAGs
[2024-03-12T09:31:11.841+0000] {logging_mixin.py:188} INFO - [2024-03-12T09:31:11.841+0000] {dag.py:3834} INFO - Setting next_dagrun for example_branch_datetime_operator to 2024-03-11 00:00:00+00:00, run_after=2024-03-12 00:00:00+00:00
[2024-03-12T09:31:11.851+0000] {logging_mixin.py:188} INFO - [2024-03-12T09:31:11.850+0000] {dag.py:3834} INFO - Setting next_dagrun for example_branch_datetime_operator_2 to 2024-03-11 00:00:00+00:00, run_after=2024-03-12 00:00:00+00:00
[2024-03-12T09:31:11.855+0000] {logging_mixin.py:188} INFO - [2024-03-12T09:31:11.854+0000] {dag.py:3834} INFO - Setting next_dagrun for example_branch_datetime_operator_3 to 2024-03-11 00:00:00+00:00, run_after=2024-03-12 00:00:00+00:00
[2024-03-12T09:31:11.889+0000] {processor.py:183} INFO - Processing /usr/local/lib/python3.10/dist-packages/airflow/example_dags/example_branch_datetime_operator.py took 0.113 seconds
[2024-03-12T09:32:15.291+0000] {processor.py:161} INFO - Started process (PID=14555) to work on /usr/local/lib/python3.10/dist-packages/airflow/example_dags/example_branch_datetime_operator.py
[2024-03-12T09:32:15.293+0000] {processor.py:830} INFO - Processing file /usr/local/lib/python3.10/dist-packages/airflow/example_dags/example_branch_datetime_operator.py for tasks to queue
[2024-03-12T09:32:15.294+0000] {logging_mixin.py:188} INFO - [2024-03-12T09:32:15.294+0000] {dagbag.py:540} INFO - Filling up the DagBag from /usr/local/lib/python3.10/dist-packages/airflow/example_dags/example_branch_datetime_operator.py
[2024-03-12T09:32:15.306+0000] {processor.py:840} INFO - DAG(s) 'example_branch_datetime_operator', 'example_branch_datetime_operator_2', 'example_branch_datetime_operator_3' retrieved from /usr/local/lib/python3.10/dist-packages/airflow/example_dags/example_branch_datetime_operator.py
[2024-03-12T09:32:15.342+0000] {logging_mixin.py:188} INFO - [2024-03-12T09:32:15.342+0000] {dag.py:3047} INFO - Sync 3 DAGs
[2024-03-12T09:32:15.368+0000] {logging_mixin.py:188} INFO - [2024-03-12T09:32:15.368+0000] {dag.py:3834} INFO - Setting next_dagrun for example_branch_datetime_operator to 2024-03-11 00:00:00+00:00, run_after=2024-03-12 00:00:00+00:00
[2024-03-12T09:32:15.374+0000] {logging_mixin.py:188} INFO - [2024-03-12T09:32:15.374+0000] {dag.py:3834} INFO - Setting next_dagrun for example_branch_datetime_operator_2 to 2024-03-11 00:00:00+00:00, run_after=2024-03-12 00:00:00+00:00
[2024-03-12T09:32:15.376+0000] {logging_mixin.py:188} INFO - [2024-03-12T09:32:15.376+0000] {dag.py:3834} INFO - Setting next_dagrun for example_branch_datetime_operator_3 to 2024-03-11 00:00:00+00:00, run_after=2024-03-12 00:00:00+00:00
[2024-03-12T09:32:15.398+0000] {processor.py:183} INFO - Processing /usr/local/lib/python3.10/dist-packages/airflow/example_dags/example_branch_datetime_operator.py took 0.111 seconds
[2024-03-12T09:33:22.391+0000] {processor.py:161} INFO - Started process (PID=14620) to work on /usr/local/lib/python3.10/dist-packages/airflow/example_dags/example_branch_datetime_operator.py
[2024-03-12T09:33:22.393+0000] {processor.py:830} INFO - Processing file /usr/local/lib/python3.10/dist-packages/airflow/example_dags/example_branch_datetime_operator.py for tasks to queue
[2024-03-12T09:33:22.394+0000] {logging_mixin.py:188} INFO - [2024-03-12T09:33:22.394+0000] {dagbag.py:540} INFO - Filling up the DagBag from /usr/local/lib/python3.10/dist-packages/airflow/example_dags/example_branch_datetime_operator.py
[2024-03-12T09:33:22.409+0000] {processor.py:840} INFO - DAG(s) 'example_branch_datetime_operator', 'example_branch_datetime_operator_2', 'example_branch_datetime_operator_3' retrieved from /usr/local/lib/python3.10/dist-packages/airflow/example_dags/example_branch_datetime_operator.py
[2024-03-12T09:33:22.437+0000] {logging_mixin.py:188} INFO - [2024-03-12T09:33:22.436+0000] {dag.py:3047} INFO - Sync 3 DAGs
[2024-03-12T09:33:22.480+0000] {logging_mixin.py:188} INFO - [2024-03-12T09:33:22.479+0000] {dag.py:3834} INFO - Setting next_dagrun for example_branch_datetime_operator to 2024-03-11 00:00:00+00:00, run_after=2024-03-12 00:00:00+00:00
[2024-03-12T09:33:22.494+0000] {logging_mixin.py:188} INFO - [2024-03-12T09:33:22.494+0000] {dag.py:3834} INFO - Setting next_dagrun for example_branch_datetime_operator_2 to 2024-03-11 00:00:00+00:00, run_after=2024-03-12 00:00:00+00:00
[2024-03-12T09:33:22.499+0000] {logging_mixin.py:188} INFO - [2024-03-12T09:33:22.499+0000] {dag.py:3834} INFO - Setting next_dagrun for example_branch_datetime_operator_3 to 2024-03-11 00:00:00+00:00, run_after=2024-03-12 00:00:00+00:00
[2024-03-12T09:33:22.531+0000] {processor.py:183} INFO - Processing /usr/local/lib/python3.10/dist-packages/airflow/example_dags/example_branch_datetime_operator.py took 0.143 seconds
[2024-03-12T09:34:26.479+0000] {processor.py:161} INFO - Started process (PID=14682) to work on /usr/local/lib/python3.10/dist-packages/airflow/example_dags/example_branch_datetime_operator.py
[2024-03-12T09:34:26.482+0000] {processor.py:830} INFO - Processing file /usr/local/lib/python3.10/dist-packages/airflow/example_dags/example_branch_datetime_operator.py for tasks to queue
[2024-03-12T09:34:26.483+0000] {logging_mixin.py:188} INFO - [2024-03-12T09:34:26.482+0000] {dagbag.py:540} INFO - Filling up the DagBag from /usr/local/lib/python3.10/dist-packages/airflow/example_dags/example_branch_datetime_operator.py
[2024-03-12T09:34:26.499+0000] {processor.py:840} INFO - DAG(s) 'example_branch_datetime_operator_2', 'example_branch_datetime_operator', 'example_branch_datetime_operator_3' retrieved from /usr/local/lib/python3.10/dist-packages/airflow/example_dags/example_branch_datetime_operator.py
[2024-03-12T09:34:26.526+0000] {logging_mixin.py:188} INFO - [2024-03-12T09:34:26.526+0000] {dag.py:3047} INFO - Sync 3 DAGs
[2024-03-12T09:34:26.550+0000] {logging_mixin.py:188} INFO - [2024-03-12T09:34:26.550+0000] {dag.py:3834} INFO - Setting next_dagrun for example_branch_datetime_operator to 2024-03-11 00:00:00+00:00, run_after=2024-03-12 00:00:00+00:00
[2024-03-12T09:34:26.556+0000] {logging_mixin.py:188} INFO - [2024-03-12T09:34:26.555+0000] {dag.py:3834} INFO - Setting next_dagrun for example_branch_datetime_operator_2 to 2024-03-11 00:00:00+00:00, run_after=2024-03-12 00:00:00+00:00
[2024-03-12T09:34:26.559+0000] {logging_mixin.py:188} INFO - [2024-03-12T09:34:26.558+0000] {dag.py:3834} INFO - Setting next_dagrun for example_branch_datetime_operator_3 to 2024-03-11 00:00:00+00:00, run_after=2024-03-12 00:00:00+00:00
[2024-03-12T09:34:26.583+0000] {processor.py:183} INFO - Processing /usr/local/lib/python3.10/dist-packages/airflow/example_dags/example_branch_datetime_operator.py took 0.111 seconds
[2024-03-12T09:35:34.265+0000] {processor.py:161} INFO - Started process (PID=14747) to work on /usr/local/lib/python3.10/dist-packages/airflow/example_dags/example_branch_datetime_operator.py
[2024-03-12T09:35:34.267+0000] {processor.py:830} INFO - Processing file /usr/local/lib/python3.10/dist-packages/airflow/example_dags/example_branch_datetime_operator.py for tasks to queue
[2024-03-12T09:35:34.267+0000] {logging_mixin.py:188} INFO - [2024-03-12T09:35:34.267+0000] {dagbag.py:540} INFO - Filling up the DagBag from /usr/local/lib/python3.10/dist-packages/airflow/example_dags/example_branch_datetime_operator.py
[2024-03-12T09:35:34.278+0000] {processor.py:840} INFO - DAG(s) 'example_branch_datetime_operator_2', 'example_branch_datetime_operator_3', 'example_branch_datetime_operator' retrieved from /usr/local/lib/python3.10/dist-packages/airflow/example_dags/example_branch_datetime_operator.py
[2024-03-12T09:35:34.304+0000] {logging_mixin.py:188} INFO - [2024-03-12T09:35:34.304+0000] {dag.py:3047} INFO - Sync 3 DAGs
[2024-03-12T09:35:34.331+0000] {logging_mixin.py:188} INFO - [2024-03-12T09:35:34.331+0000] {dag.py:3834} INFO - Setting next_dagrun for example_branch_datetime_operator to 2024-03-11 00:00:00+00:00, run_after=2024-03-12 00:00:00+00:00
[2024-03-12T09:35:34.338+0000] {logging_mixin.py:188} INFO - [2024-03-12T09:35:34.337+0000] {dag.py:3834} INFO - Setting next_dagrun for example_branch_datetime_operator_2 to 2024-03-11 00:00:00+00:00, run_after=2024-03-12 00:00:00+00:00
[2024-03-12T09:35:34.340+0000] {logging_mixin.py:188} INFO - [2024-03-12T09:35:34.340+0000] {dag.py:3834} INFO - Setting next_dagrun for example_branch_datetime_operator_3 to 2024-03-11 00:00:00+00:00, run_after=2024-03-12 00:00:00+00:00
[2024-03-12T09:35:34.366+0000] {processor.py:183} INFO - Processing /usr/local/lib/python3.10/dist-packages/airflow/example_dags/example_branch_datetime_operator.py took 0.105 seconds
[2024-03-12T09:36:35.494+0000] {processor.py:161} INFO - Started process (PID=14807) to work on /usr/local/lib/python3.10/dist-packages/airflow/example_dags/example_branch_datetime_operator.py
[2024-03-12T09:36:35.497+0000] {processor.py:830} INFO - Processing file /usr/local/lib/python3.10/dist-packages/airflow/example_dags/example_branch_datetime_operator.py for tasks to queue
[2024-03-12T09:36:35.499+0000] {logging_mixin.py:188} INFO - [2024-03-12T09:36:35.498+0000] {dagbag.py:540} INFO - Filling up the DagBag from /usr/local/lib/python3.10/dist-packages/airflow/example_dags/example_branch_datetime_operator.py
[2024-03-12T09:36:35.522+0000] {processor.py:840} INFO - DAG(s) 'example_branch_datetime_operator_3', 'example_branch_datetime_operator_2', 'example_branch_datetime_operator' retrieved from /usr/local/lib/python3.10/dist-packages/airflow/example_dags/example_branch_datetime_operator.py
[2024-03-12T09:36:35.555+0000] {logging_mixin.py:188} INFO - [2024-03-12T09:36:35.555+0000] {dag.py:3047} INFO - Sync 3 DAGs
[2024-03-12T09:36:35.595+0000] {logging_mixin.py:188} INFO - [2024-03-12T09:36:35.594+0000] {dag.py:3834} INFO - Setting next_dagrun for example_branch_datetime_operator to 2024-03-11 00:00:00+00:00, run_after=2024-03-12 00:00:00+00:00
[2024-03-12T09:36:35.602+0000] {logging_mixin.py:188} INFO - [2024-03-12T09:36:35.602+0000] {dag.py:3834} INFO - Setting next_dagrun for example_branch_datetime_operator_2 to 2024-03-11 00:00:00+00:00, run_after=2024-03-12 00:00:00+00:00
[2024-03-12T09:36:35.605+0000] {logging_mixin.py:188} INFO - [2024-03-12T09:36:35.604+0000] {dag.py:3834} INFO - Setting next_dagrun for example_branch_datetime_operator_3 to 2024-03-11 00:00:00+00:00, run_after=2024-03-12 00:00:00+00:00
[2024-03-12T09:36:35.637+0000] {processor.py:183} INFO - Processing /usr/local/lib/python3.10/dist-packages/airflow/example_dags/example_branch_datetime_operator.py took 0.150 seconds
[2024-03-12T09:37:39.047+0000] {processor.py:161} INFO - Started process (PID=14867) to work on /usr/local/lib/python3.10/dist-packages/airflow/example_dags/example_branch_datetime_operator.py
[2024-03-12T09:37:39.048+0000] {processor.py:830} INFO - Processing file /usr/local/lib/python3.10/dist-packages/airflow/example_dags/example_branch_datetime_operator.py for tasks to queue
[2024-03-12T09:37:39.049+0000] {logging_mixin.py:188} INFO - [2024-03-12T09:37:39.049+0000] {dagbag.py:540} INFO - Filling up the DagBag from /usr/local/lib/python3.10/dist-packages/airflow/example_dags/example_branch_datetime_operator.py
[2024-03-12T09:37:39.060+0000] {processor.py:840} INFO - DAG(s) 'example_branch_datetime_operator_3', 'example_branch_datetime_operator_2', 'example_branch_datetime_operator' retrieved from /usr/local/lib/python3.10/dist-packages/airflow/example_dags/example_branch_datetime_operator.py
[2024-03-12T09:37:39.084+0000] {logging_mixin.py:188} INFO - [2024-03-12T09:37:39.084+0000] {dag.py:3047} INFO - Sync 3 DAGs
[2024-03-12T09:37:39.108+0000] {logging_mixin.py:188} INFO - [2024-03-12T09:37:39.108+0000] {dag.py:3834} INFO - Setting next_dagrun for example_branch_datetime_operator to 2024-03-11 00:00:00+00:00, run_after=2024-03-12 00:00:00+00:00
[2024-03-12T09:37:39.113+0000] {logging_mixin.py:188} INFO - [2024-03-12T09:37:39.113+0000] {dag.py:3834} INFO - Setting next_dagrun for example_branch_datetime_operator_2 to 2024-03-11 00:00:00+00:00, run_after=2024-03-12 00:00:00+00:00
[2024-03-12T09:37:39.116+0000] {logging_mixin.py:188} INFO - [2024-03-12T09:37:39.115+0000] {dag.py:3834} INFO - Setting next_dagrun for example_branch_datetime_operator_3 to 2024-03-11 00:00:00+00:00, run_after=2024-03-12 00:00:00+00:00
[2024-03-12T09:37:39.139+0000] {processor.py:183} INFO - Processing /usr/local/lib/python3.10/dist-packages/airflow/example_dags/example_branch_datetime_operator.py took 0.096 seconds
[2024-03-12T09:38:41.695+0000] {processor.py:161} INFO - Started process (PID=14929) to work on /usr/local/lib/python3.10/dist-packages/airflow/example_dags/example_branch_datetime_operator.py
[2024-03-12T09:38:41.697+0000] {processor.py:830} INFO - Processing file /usr/local/lib/python3.10/dist-packages/airflow/example_dags/example_branch_datetime_operator.py for tasks to queue
[2024-03-12T09:38:41.698+0000] {logging_mixin.py:188} INFO - [2024-03-12T09:38:41.698+0000] {dagbag.py:540} INFO - Filling up the DagBag from /usr/local/lib/python3.10/dist-packages/airflow/example_dags/example_branch_datetime_operator.py
[2024-03-12T09:38:41.715+0000] {processor.py:840} INFO - DAG(s) 'example_branch_datetime_operator', 'example_branch_datetime_operator_3', 'example_branch_datetime_operator_2' retrieved from /usr/local/lib/python3.10/dist-packages/airflow/example_dags/example_branch_datetime_operator.py
[2024-03-12T09:38:41.766+0000] {logging_mixin.py:188} INFO - [2024-03-12T09:38:41.765+0000] {dag.py:3047} INFO - Sync 3 DAGs
[2024-03-12T09:38:41.805+0000] {logging_mixin.py:188} INFO - [2024-03-12T09:38:41.804+0000] {dag.py:3834} INFO - Setting next_dagrun for example_branch_datetime_operator to 2024-03-11 00:00:00+00:00, run_after=2024-03-12 00:00:00+00:00
[2024-03-12T09:38:41.817+0000] {logging_mixin.py:188} INFO - [2024-03-12T09:38:41.817+0000] {dag.py:3834} INFO - Setting next_dagrun for example_branch_datetime_operator_2 to 2024-03-11 00:00:00+00:00, run_after=2024-03-12 00:00:00+00:00
[2024-03-12T09:38:41.822+0000] {logging_mixin.py:188} INFO - [2024-03-12T09:38:41.822+0000] {dag.py:3834} INFO - Setting next_dagrun for example_branch_datetime_operator_3 to 2024-03-11 00:00:00+00:00, run_after=2024-03-12 00:00:00+00:00
[2024-03-12T09:38:41.863+0000] {processor.py:183} INFO - Processing /usr/local/lib/python3.10/dist-packages/airflow/example_dags/example_branch_datetime_operator.py took 0.173 seconds
[2024-03-12T09:39:45.425+0000] {processor.py:161} INFO - Started process (PID=14990) to work on /usr/local/lib/python3.10/dist-packages/airflow/example_dags/example_branch_datetime_operator.py
[2024-03-12T09:39:45.427+0000] {processor.py:830} INFO - Processing file /usr/local/lib/python3.10/dist-packages/airflow/example_dags/example_branch_datetime_operator.py for tasks to queue
[2024-03-12T09:39:45.428+0000] {logging_mixin.py:188} INFO - [2024-03-12T09:39:45.428+0000] {dagbag.py:540} INFO - Filling up the DagBag from /usr/local/lib/python3.10/dist-packages/airflow/example_dags/example_branch_datetime_operator.py
[2024-03-12T09:39:45.442+0000] {processor.py:840} INFO - DAG(s) 'example_branch_datetime_operator_3', 'example_branch_datetime_operator', 'example_branch_datetime_operator_2' retrieved from /usr/local/lib/python3.10/dist-packages/airflow/example_dags/example_branch_datetime_operator.py
[2024-03-12T09:39:45.473+0000] {logging_mixin.py:188} INFO - [2024-03-12T09:39:45.473+0000] {dag.py:3047} INFO - Sync 3 DAGs
[2024-03-12T09:39:45.498+0000] {logging_mixin.py:188} INFO - [2024-03-12T09:39:45.498+0000] {dag.py:3834} INFO - Setting next_dagrun for example_branch_datetime_operator to 2024-03-11 00:00:00+00:00, run_after=2024-03-12 00:00:00+00:00
[2024-03-12T09:39:45.504+0000] {logging_mixin.py:188} INFO - [2024-03-12T09:39:45.504+0000] {dag.py:3834} INFO - Setting next_dagrun for example_branch_datetime_operator_2 to 2024-03-11 00:00:00+00:00, run_after=2024-03-12 00:00:00+00:00
[2024-03-12T09:39:45.507+0000] {logging_mixin.py:188} INFO - [2024-03-12T09:39:45.507+0000] {dag.py:3834} INFO - Setting next_dagrun for example_branch_datetime_operator_3 to 2024-03-11 00:00:00+00:00, run_after=2024-03-12 00:00:00+00:00
[2024-03-12T09:39:45.541+0000] {processor.py:183} INFO - Processing /usr/local/lib/python3.10/dist-packages/airflow/example_dags/example_branch_datetime_operator.py took 0.120 seconds
[2024-03-12T09:40:50.975+0000] {processor.py:161} INFO - Started process (PID=15053) to work on /usr/local/lib/python3.10/dist-packages/airflow/example_dags/example_branch_datetime_operator.py
[2024-03-12T09:40:50.977+0000] {processor.py:830} INFO - Processing file /usr/local/lib/python3.10/dist-packages/airflow/example_dags/example_branch_datetime_operator.py for tasks to queue
[2024-03-12T09:40:50.979+0000] {logging_mixin.py:188} INFO - [2024-03-12T09:40:50.978+0000] {dagbag.py:540} INFO - Filling up the DagBag from /usr/local/lib/python3.10/dist-packages/airflow/example_dags/example_branch_datetime_operator.py
[2024-03-12T09:40:50.993+0000] {processor.py:840} INFO - DAG(s) 'example_branch_datetime_operator_3', 'example_branch_datetime_operator_2', 'example_branch_datetime_operator' retrieved from /usr/local/lib/python3.10/dist-packages/airflow/example_dags/example_branch_datetime_operator.py
[2024-03-12T09:40:51.028+0000] {logging_mixin.py:188} INFO - [2024-03-12T09:40:51.028+0000] {dag.py:3047} INFO - Sync 3 DAGs
[2024-03-12T09:40:51.060+0000] {logging_mixin.py:188} INFO - [2024-03-12T09:40:51.060+0000] {dag.py:3834} INFO - Setting next_dagrun for example_branch_datetime_operator to 2024-03-11 00:00:00+00:00, run_after=2024-03-12 00:00:00+00:00
[2024-03-12T09:40:51.067+0000] {logging_mixin.py:188} INFO - [2024-03-12T09:40:51.066+0000] {dag.py:3834} INFO - Setting next_dagrun for example_branch_datetime_operator_2 to 2024-03-11 00:00:00+00:00, run_after=2024-03-12 00:00:00+00:00
[2024-03-12T09:40:51.070+0000] {logging_mixin.py:188} INFO - [2024-03-12T09:40:51.070+0000] {dag.py:3834} INFO - Setting next_dagrun for example_branch_datetime_operator_3 to 2024-03-11 00:00:00+00:00, run_after=2024-03-12 00:00:00+00:00
[2024-03-12T09:40:51.105+0000] {processor.py:183} INFO - Processing /usr/local/lib/python3.10/dist-packages/airflow/example_dags/example_branch_datetime_operator.py took 0.135 seconds
[2024-03-12T09:41:52.079+0000] {processor.py:161} INFO - Started process (PID=15113) to work on /usr/local/lib/python3.10/dist-packages/airflow/example_dags/example_branch_datetime_operator.py
[2024-03-12T09:41:52.081+0000] {processor.py:830} INFO - Processing file /usr/local/lib/python3.10/dist-packages/airflow/example_dags/example_branch_datetime_operator.py for tasks to queue
[2024-03-12T09:41:52.082+0000] {logging_mixin.py:188} INFO - [2024-03-12T09:41:52.082+0000] {dagbag.py:540} INFO - Filling up the DagBag from /usr/local/lib/python3.10/dist-packages/airflow/example_dags/example_branch_datetime_operator.py
[2024-03-12T09:41:52.097+0000] {processor.py:840} INFO - DAG(s) 'example_branch_datetime_operator_3', 'example_branch_datetime_operator_2', 'example_branch_datetime_operator' retrieved from /usr/local/lib/python3.10/dist-packages/airflow/example_dags/example_branch_datetime_operator.py
[2024-03-12T09:41:52.131+0000] {logging_mixin.py:188} INFO - [2024-03-12T09:41:52.131+0000] {dag.py:3047} INFO - Sync 3 DAGs
[2024-03-12T09:41:52.158+0000] {logging_mixin.py:188} INFO - [2024-03-12T09:41:52.157+0000] {dag.py:3834} INFO - Setting next_dagrun for example_branch_datetime_operator to 2024-03-11 00:00:00+00:00, run_after=2024-03-12 00:00:00+00:00
[2024-03-12T09:41:52.164+0000] {logging_mixin.py:188} INFO - [2024-03-12T09:41:52.164+0000] {dag.py:3834} INFO - Setting next_dagrun for example_branch_datetime_operator_2 to 2024-03-11 00:00:00+00:00, run_after=2024-03-12 00:00:00+00:00
[2024-03-12T09:41:52.167+0000] {logging_mixin.py:188} INFO - [2024-03-12T09:41:52.167+0000] {dag.py:3834} INFO - Setting next_dagrun for example_branch_datetime_operator_3 to 2024-03-11 00:00:00+00:00, run_after=2024-03-12 00:00:00+00:00
[2024-03-12T09:41:52.194+0000] {processor.py:183} INFO - Processing /usr/local/lib/python3.10/dist-packages/airflow/example_dags/example_branch_datetime_operator.py took 0.118 seconds
[2024-03-12T09:42:53.123+0000] {processor.py:161} INFO - Started process (PID=15246) to work on /usr/local/lib/python3.10/dist-packages/airflow/example_dags/example_branch_datetime_operator.py
[2024-03-12T09:42:53.129+0000] {processor.py:830} INFO - Processing file /usr/local/lib/python3.10/dist-packages/airflow/example_dags/example_branch_datetime_operator.py for tasks to queue
[2024-03-12T09:42:53.132+0000] {logging_mixin.py:188} INFO - [2024-03-12T09:42:53.131+0000] {dagbag.py:540} INFO - Filling up the DagBag from /usr/local/lib/python3.10/dist-packages/airflow/example_dags/example_branch_datetime_operator.py
[2024-03-12T09:42:53.162+0000] {processor.py:840} INFO - DAG(s) 'example_branch_datetime_operator_2', 'example_branch_datetime_operator', 'example_branch_datetime_operator_3' retrieved from /usr/local/lib/python3.10/dist-packages/airflow/example_dags/example_branch_datetime_operator.py
[2024-03-12T09:42:53.206+0000] {logging_mixin.py:188} INFO - [2024-03-12T09:42:53.205+0000] {dag.py:3047} INFO - Sync 3 DAGs
[2024-03-12T09:42:53.234+0000] {logging_mixin.py:188} INFO - [2024-03-12T09:42:53.234+0000] {dag.py:3834} INFO - Setting next_dagrun for example_branch_datetime_operator to 2024-03-11 00:00:00+00:00, run_after=2024-03-12 00:00:00+00:00
[2024-03-12T09:42:53.241+0000] {logging_mixin.py:188} INFO - [2024-03-12T09:42:53.240+0000] {dag.py:3834} INFO - Setting next_dagrun for example_branch_datetime_operator_2 to 2024-03-11 00:00:00+00:00, run_after=2024-03-12 00:00:00+00:00
[2024-03-12T09:42:53.244+0000] {logging_mixin.py:188} INFO - [2024-03-12T09:42:53.244+0000] {dag.py:3834} INFO - Setting next_dagrun for example_branch_datetime_operator_3 to 2024-03-11 00:00:00+00:00, run_after=2024-03-12 00:00:00+00:00
[2024-03-12T09:42:53.275+0000] {processor.py:183} INFO - Processing /usr/local/lib/python3.10/dist-packages/airflow/example_dags/example_branch_datetime_operator.py took 0.158 seconds
[2024-03-12T09:43:55.945+0000] {processor.py:161} INFO - Started process (PID=15311) to work on /usr/local/lib/python3.10/dist-packages/airflow/example_dags/example_branch_datetime_operator.py
[2024-03-12T09:43:55.947+0000] {processor.py:830} INFO - Processing file /usr/local/lib/python3.10/dist-packages/airflow/example_dags/example_branch_datetime_operator.py for tasks to queue
[2024-03-12T09:43:55.951+0000] {logging_mixin.py:188} INFO - [2024-03-12T09:43:55.948+0000] {dagbag.py:540} INFO - Filling up the DagBag from /usr/local/lib/python3.10/dist-packages/airflow/example_dags/example_branch_datetime_operator.py
[2024-03-12T09:43:55.971+0000] {processor.py:840} INFO - DAG(s) 'example_branch_datetime_operator', 'example_branch_datetime_operator_2', 'example_branch_datetime_operator_3' retrieved from /usr/local/lib/python3.10/dist-packages/airflow/example_dags/example_branch_datetime_operator.py
[2024-03-12T09:43:56.019+0000] {logging_mixin.py:188} INFO - [2024-03-12T09:43:56.019+0000] {dag.py:3047} INFO - Sync 3 DAGs
[2024-03-12T09:43:56.072+0000] {logging_mixin.py:188} INFO - [2024-03-12T09:43:56.072+0000] {dag.py:3834} INFO - Setting next_dagrun for example_branch_datetime_operator to 2024-03-11 00:00:00+00:00, run_after=2024-03-12 00:00:00+00:00
[2024-03-12T09:43:56.084+0000] {logging_mixin.py:188} INFO - [2024-03-12T09:43:56.084+0000] {dag.py:3834} INFO - Setting next_dagrun for example_branch_datetime_operator_2 to 2024-03-11 00:00:00+00:00, run_after=2024-03-12 00:00:00+00:00
[2024-03-12T09:43:56.089+0000] {logging_mixin.py:188} INFO - [2024-03-12T09:43:56.088+0000] {dag.py:3834} INFO - Setting next_dagrun for example_branch_datetime_operator_3 to 2024-03-11 00:00:00+00:00, run_after=2024-03-12 00:00:00+00:00
[2024-03-12T09:43:56.112+0000] {processor.py:183} INFO - Processing /usr/local/lib/python3.10/dist-packages/airflow/example_dags/example_branch_datetime_operator.py took 0.172 seconds
[2024-03-12T09:45:01.810+0000] {processor.py:161} INFO - Started process (PID=15385) to work on /usr/local/lib/python3.10/dist-packages/airflow/example_dags/example_branch_datetime_operator.py
[2024-03-12T09:45:01.813+0000] {processor.py:830} INFO - Processing file /usr/local/lib/python3.10/dist-packages/airflow/example_dags/example_branch_datetime_operator.py for tasks to queue
[2024-03-12T09:45:01.815+0000] {logging_mixin.py:188} INFO - [2024-03-12T09:45:01.815+0000] {dagbag.py:540} INFO - Filling up the DagBag from /usr/local/lib/python3.10/dist-packages/airflow/example_dags/example_branch_datetime_operator.py
[2024-03-12T09:45:01.827+0000] {processor.py:840} INFO - DAG(s) 'example_branch_datetime_operator_2', 'example_branch_datetime_operator', 'example_branch_datetime_operator_3' retrieved from /usr/local/lib/python3.10/dist-packages/airflow/example_dags/example_branch_datetime_operator.py
[2024-03-12T09:45:01.860+0000] {logging_mixin.py:188} INFO - [2024-03-12T09:45:01.859+0000] {dag.py:3047} INFO - Sync 3 DAGs
[2024-03-12T09:45:01.892+0000] {logging_mixin.py:188} INFO - [2024-03-12T09:45:01.891+0000] {dag.py:3834} INFO - Setting next_dagrun for example_branch_datetime_operator to 2024-03-11 00:00:00+00:00, run_after=2024-03-12 00:00:00+00:00
[2024-03-12T09:45:01.898+0000] {logging_mixin.py:188} INFO - [2024-03-12T09:45:01.897+0000] {dag.py:3834} INFO - Setting next_dagrun for example_branch_datetime_operator_2 to 2024-03-11 00:00:00+00:00, run_after=2024-03-12 00:00:00+00:00
[2024-03-12T09:45:01.901+0000] {logging_mixin.py:188} INFO - [2024-03-12T09:45:01.901+0000] {dag.py:3834} INFO - Setting next_dagrun for example_branch_datetime_operator_3 to 2024-03-11 00:00:00+00:00, run_after=2024-03-12 00:00:00+00:00
[2024-03-12T09:45:01.928+0000] {processor.py:183} INFO - Processing /usr/local/lib/python3.10/dist-packages/airflow/example_dags/example_branch_datetime_operator.py took 0.125 seconds
[2024-03-12T09:46:04.547+0000] {processor.py:161} INFO - Started process (PID=15447) to work on /usr/local/lib/python3.10/dist-packages/airflow/example_dags/example_branch_datetime_operator.py
[2024-03-12T09:46:04.549+0000] {processor.py:830} INFO - Processing file /usr/local/lib/python3.10/dist-packages/airflow/example_dags/example_branch_datetime_operator.py for tasks to queue
[2024-03-12T09:46:04.551+0000] {logging_mixin.py:188} INFO - [2024-03-12T09:46:04.551+0000] {dagbag.py:540} INFO - Filling up the DagBag from /usr/local/lib/python3.10/dist-packages/airflow/example_dags/example_branch_datetime_operator.py
[2024-03-12T09:46:04.585+0000] {processor.py:840} INFO - DAG(s) 'example_branch_datetime_operator_2', 'example_branch_datetime_operator', 'example_branch_datetime_operator_3' retrieved from /usr/local/lib/python3.10/dist-packages/airflow/example_dags/example_branch_datetime_operator.py
[2024-03-12T09:46:04.642+0000] {logging_mixin.py:188} INFO - [2024-03-12T09:46:04.642+0000] {dag.py:3047} INFO - Sync 3 DAGs
[2024-03-12T09:46:04.684+0000] {logging_mixin.py:188} INFO - [2024-03-12T09:46:04.684+0000] {dag.py:3834} INFO - Setting next_dagrun for example_branch_datetime_operator to 2024-03-11 00:00:00+00:00, run_after=2024-03-12 00:00:00+00:00
[2024-03-12T09:46:04.689+0000] {logging_mixin.py:188} INFO - [2024-03-12T09:46:04.689+0000] {dag.py:3834} INFO - Setting next_dagrun for example_branch_datetime_operator_2 to 2024-03-11 00:00:00+00:00, run_after=2024-03-12 00:00:00+00:00
[2024-03-12T09:46:04.692+0000] {logging_mixin.py:188} INFO - [2024-03-12T09:46:04.692+0000] {dag.py:3834} INFO - Setting next_dagrun for example_branch_datetime_operator_3 to 2024-03-11 00:00:00+00:00, run_after=2024-03-12 00:00:00+00:00
[2024-03-12T09:46:04.717+0000] {processor.py:183} INFO - Processing /usr/local/lib/python3.10/dist-packages/airflow/example_dags/example_branch_datetime_operator.py took 0.181 seconds
[2024-03-12T09:47:03.481+0000] {processor.py:161} INFO - Started process (PID=15506) to work on /usr/local/lib/python3.10/dist-packages/airflow/example_dags/example_branch_datetime_operator.py
[2024-03-12T09:47:03.483+0000] {processor.py:830} INFO - Processing file /usr/local/lib/python3.10/dist-packages/airflow/example_dags/example_branch_datetime_operator.py for tasks to queue
[2024-03-12T09:47:03.484+0000] {logging_mixin.py:188} INFO - [2024-03-12T09:47:03.483+0000] {dagbag.py:540} INFO - Filling up the DagBag from /usr/local/lib/python3.10/dist-packages/airflow/example_dags/example_branch_datetime_operator.py
[2024-03-12T09:47:03.499+0000] {processor.py:840} INFO - DAG(s) 'example_branch_datetime_operator_3', 'example_branch_datetime_operator', 'example_branch_datetime_operator_2' retrieved from /usr/local/lib/python3.10/dist-packages/airflow/example_dags/example_branch_datetime_operator.py
[2024-03-12T09:47:03.535+0000] {logging_mixin.py:188} INFO - [2024-03-12T09:47:03.535+0000] {dag.py:3047} INFO - Sync 3 DAGs
[2024-03-12T09:47:03.588+0000] {logging_mixin.py:188} INFO - [2024-03-12T09:47:03.588+0000] {dag.py:3834} INFO - Setting next_dagrun for example_branch_datetime_operator to 2024-03-11 00:00:00+00:00, run_after=2024-03-12 00:00:00+00:00
[2024-03-12T09:47:03.594+0000] {logging_mixin.py:188} INFO - [2024-03-12T09:47:03.594+0000] {dag.py:3834} INFO - Setting next_dagrun for example_branch_datetime_operator_2 to 2024-03-11 00:00:00+00:00, run_after=2024-03-12 00:00:00+00:00
[2024-03-12T09:47:03.598+0000] {logging_mixin.py:188} INFO - [2024-03-12T09:47:03.598+0000] {dag.py:3834} INFO - Setting next_dagrun for example_branch_datetime_operator_3 to 2024-03-11 00:00:00+00:00, run_after=2024-03-12 00:00:00+00:00
[2024-03-12T09:47:03.628+0000] {processor.py:183} INFO - Processing /usr/local/lib/python3.10/dist-packages/airflow/example_dags/example_branch_datetime_operator.py took 0.151 seconds
[2024-03-12T09:48:08.205+0000] {processor.py:161} INFO - Started process (PID=15569) to work on /usr/local/lib/python3.10/dist-packages/airflow/example_dags/example_branch_datetime_operator.py
[2024-03-12T09:48:08.207+0000] {processor.py:830} INFO - Processing file /usr/local/lib/python3.10/dist-packages/airflow/example_dags/example_branch_datetime_operator.py for tasks to queue
[2024-03-12T09:48:08.211+0000] {logging_mixin.py:188} INFO - [2024-03-12T09:48:08.208+0000] {dagbag.py:540} INFO - Filling up the DagBag from /usr/local/lib/python3.10/dist-packages/airflow/example_dags/example_branch_datetime_operator.py
[2024-03-12T09:48:08.241+0000] {processor.py:840} INFO - DAG(s) 'example_branch_datetime_operator_2', 'example_branch_datetime_operator_3', 'example_branch_datetime_operator' retrieved from /usr/local/lib/python3.10/dist-packages/airflow/example_dags/example_branch_datetime_operator.py
[2024-03-12T09:48:08.281+0000] {logging_mixin.py:188} INFO - [2024-03-12T09:48:08.280+0000] {dag.py:3047} INFO - Sync 3 DAGs
[2024-03-12T09:48:08.331+0000] {logging_mixin.py:188} INFO - [2024-03-12T09:48:08.330+0000] {dag.py:3834} INFO - Setting next_dagrun for example_branch_datetime_operator to 2024-03-11 00:00:00+00:00, run_after=2024-03-12 00:00:00+00:00
[2024-03-12T09:48:08.338+0000] {logging_mixin.py:188} INFO - [2024-03-12T09:48:08.338+0000] {dag.py:3834} INFO - Setting next_dagrun for example_branch_datetime_operator_2 to 2024-03-11 00:00:00+00:00, run_after=2024-03-12 00:00:00+00:00
[2024-03-12T09:48:08.342+0000] {logging_mixin.py:188} INFO - [2024-03-12T09:48:08.342+0000] {dag.py:3834} INFO - Setting next_dagrun for example_branch_datetime_operator_3 to 2024-03-11 00:00:00+00:00, run_after=2024-03-12 00:00:00+00:00
[2024-03-12T09:48:08.388+0000] {processor.py:183} INFO - Processing /usr/local/lib/python3.10/dist-packages/airflow/example_dags/example_branch_datetime_operator.py took 0.194 seconds
[2024-03-12T09:49:08.151+0000] {processor.py:161} INFO - Started process (PID=15632) to work on /usr/local/lib/python3.10/dist-packages/airflow/example_dags/example_branch_datetime_operator.py
[2024-03-12T09:49:08.153+0000] {processor.py:830} INFO - Processing file /usr/local/lib/python3.10/dist-packages/airflow/example_dags/example_branch_datetime_operator.py for tasks to queue
[2024-03-12T09:49:08.154+0000] {logging_mixin.py:188} INFO - [2024-03-12T09:49:08.153+0000] {dagbag.py:540} INFO - Filling up the DagBag from /usr/local/lib/python3.10/dist-packages/airflow/example_dags/example_branch_datetime_operator.py
[2024-03-12T09:49:08.168+0000] {processor.py:840} INFO - DAG(s) 'example_branch_datetime_operator_2', 'example_branch_datetime_operator_3', 'example_branch_datetime_operator' retrieved from /usr/local/lib/python3.10/dist-packages/airflow/example_dags/example_branch_datetime_operator.py
[2024-03-12T09:49:08.193+0000] {logging_mixin.py:188} INFO - [2024-03-12T09:49:08.192+0000] {dag.py:3047} INFO - Sync 3 DAGs
[2024-03-12T09:49:08.216+0000] {logging_mixin.py:188} INFO - [2024-03-12T09:49:08.216+0000] {dag.py:3834} INFO - Setting next_dagrun for example_branch_datetime_operator to 2024-03-11 00:00:00+00:00, run_after=2024-03-12 00:00:00+00:00
[2024-03-12T09:49:08.221+0000] {logging_mixin.py:188} INFO - [2024-03-12T09:49:08.221+0000] {dag.py:3834} INFO - Setting next_dagrun for example_branch_datetime_operator_2 to 2024-03-11 00:00:00+00:00, run_after=2024-03-12 00:00:00+00:00
[2024-03-12T09:49:08.223+0000] {logging_mixin.py:188} INFO - [2024-03-12T09:49:08.223+0000] {dag.py:3834} INFO - Setting next_dagrun for example_branch_datetime_operator_3 to 2024-03-11 00:00:00+00:00, run_after=2024-03-12 00:00:00+00:00
[2024-03-12T09:49:08.245+0000] {processor.py:183} INFO - Processing /usr/local/lib/python3.10/dist-packages/airflow/example_dags/example_branch_datetime_operator.py took 0.097 seconds
[2024-03-12T09:50:15.328+0000] {processor.py:161} INFO - Started process (PID=15695) to work on /usr/local/lib/python3.10/dist-packages/airflow/example_dags/example_branch_datetime_operator.py
[2024-03-12T09:50:15.330+0000] {processor.py:830} INFO - Processing file /usr/local/lib/python3.10/dist-packages/airflow/example_dags/example_branch_datetime_operator.py for tasks to queue
[2024-03-12T09:50:15.331+0000] {logging_mixin.py:188} INFO - [2024-03-12T09:50:15.330+0000] {dagbag.py:540} INFO - Filling up the DagBag from /usr/local/lib/python3.10/dist-packages/airflow/example_dags/example_branch_datetime_operator.py
[2024-03-12T09:50:15.342+0000] {processor.py:840} INFO - DAG(s) 'example_branch_datetime_operator', 'example_branch_datetime_operator_2', 'example_branch_datetime_operator_3' retrieved from /usr/local/lib/python3.10/dist-packages/airflow/example_dags/example_branch_datetime_operator.py
[2024-03-12T09:50:15.370+0000] {logging_mixin.py:188} INFO - [2024-03-12T09:50:15.369+0000] {dag.py:3047} INFO - Sync 3 DAGs
[2024-03-12T09:50:15.393+0000] {logging_mixin.py:188} INFO - [2024-03-12T09:50:15.393+0000] {dag.py:3834} INFO - Setting next_dagrun for example_branch_datetime_operator to 2024-03-11 00:00:00+00:00, run_after=2024-03-12 00:00:00+00:00
[2024-03-12T09:50:15.398+0000] {logging_mixin.py:188} INFO - [2024-03-12T09:50:15.398+0000] {dag.py:3834} INFO - Setting next_dagrun for example_branch_datetime_operator_2 to 2024-03-11 00:00:00+00:00, run_after=2024-03-12 00:00:00+00:00
[2024-03-12T09:50:15.400+0000] {logging_mixin.py:188} INFO - [2024-03-12T09:50:15.400+0000] {dag.py:3834} INFO - Setting next_dagrun for example_branch_datetime_operator_3 to 2024-03-11 00:00:00+00:00, run_after=2024-03-12 00:00:00+00:00
[2024-03-12T09:50:15.450+0000] {processor.py:183} INFO - Processing /usr/local/lib/python3.10/dist-packages/airflow/example_dags/example_branch_datetime_operator.py took 0.125 seconds
[2024-03-12T09:51:21.728+0000] {processor.py:161} INFO - Started process (PID=15759) to work on /usr/local/lib/python3.10/dist-packages/airflow/example_dags/example_branch_datetime_operator.py
[2024-03-12T09:51:21.730+0000] {processor.py:830} INFO - Processing file /usr/local/lib/python3.10/dist-packages/airflow/example_dags/example_branch_datetime_operator.py for tasks to queue
[2024-03-12T09:51:21.731+0000] {logging_mixin.py:188} INFO - [2024-03-12T09:51:21.730+0000] {dagbag.py:540} INFO - Filling up the DagBag from /usr/local/lib/python3.10/dist-packages/airflow/example_dags/example_branch_datetime_operator.py
[2024-03-12T09:51:21.744+0000] {processor.py:840} INFO - DAG(s) 'example_branch_datetime_operator_3', 'example_branch_datetime_operator_2', 'example_branch_datetime_operator' retrieved from /usr/local/lib/python3.10/dist-packages/airflow/example_dags/example_branch_datetime_operator.py
[2024-03-12T09:51:21.772+0000] {logging_mixin.py:188} INFO - [2024-03-12T09:51:21.772+0000] {dag.py:3047} INFO - Sync 3 DAGs
[2024-03-12T09:51:21.800+0000] {logging_mixin.py:188} INFO - [2024-03-12T09:51:21.799+0000] {dag.py:3834} INFO - Setting next_dagrun for example_branch_datetime_operator to 2024-03-11 00:00:00+00:00, run_after=2024-03-12 00:00:00+00:00
[2024-03-12T09:51:21.806+0000] {logging_mixin.py:188} INFO - [2024-03-12T09:51:21.806+0000] {dag.py:3834} INFO - Setting next_dagrun for example_branch_datetime_operator_2 to 2024-03-11 00:00:00+00:00, run_after=2024-03-12 00:00:00+00:00
[2024-03-12T09:51:21.809+0000] {logging_mixin.py:188} INFO - [2024-03-12T09:51:21.808+0000] {dag.py:3834} INFO - Setting next_dagrun for example_branch_datetime_operator_3 to 2024-03-11 00:00:00+00:00, run_after=2024-03-12 00:00:00+00:00
[2024-03-12T09:51:21.833+0000] {processor.py:183} INFO - Processing /usr/local/lib/python3.10/dist-packages/airflow/example_dags/example_branch_datetime_operator.py took 0.110 seconds
[2024-03-12T09:52:32.269+0000] {processor.py:161} INFO - Started process (PID=15828) to work on /usr/local/lib/python3.10/dist-packages/airflow/example_dags/example_branch_datetime_operator.py
[2024-03-12T09:52:32.271+0000] {processor.py:830} INFO - Processing file /usr/local/lib/python3.10/dist-packages/airflow/example_dags/example_branch_datetime_operator.py for tasks to queue
[2024-03-12T09:52:32.273+0000] {logging_mixin.py:188} INFO - [2024-03-12T09:52:32.272+0000] {dagbag.py:540} INFO - Filling up the DagBag from /usr/local/lib/python3.10/dist-packages/airflow/example_dags/example_branch_datetime_operator.py
[2024-03-12T09:52:32.302+0000] {processor.py:840} INFO - DAG(s) 'example_branch_datetime_operator_3', 'example_branch_datetime_operator', 'example_branch_datetime_operator_2' retrieved from /usr/local/lib/python3.10/dist-packages/airflow/example_dags/example_branch_datetime_operator.py
[2024-03-12T09:52:32.356+0000] {logging_mixin.py:188} INFO - [2024-03-12T09:52:32.356+0000] {dag.py:3047} INFO - Sync 3 DAGs
[2024-03-12T09:52:32.395+0000] {logging_mixin.py:188} INFO - [2024-03-12T09:52:32.395+0000] {dag.py:3834} INFO - Setting next_dagrun for example_branch_datetime_operator to 2024-03-11 00:00:00+00:00, run_after=2024-03-12 00:00:00+00:00
[2024-03-12T09:52:32.403+0000] {logging_mixin.py:188} INFO - [2024-03-12T09:52:32.402+0000] {dag.py:3834} INFO - Setting next_dagrun for example_branch_datetime_operator_2 to 2024-03-11 00:00:00+00:00, run_after=2024-03-12 00:00:00+00:00
[2024-03-12T09:52:32.411+0000] {logging_mixin.py:188} INFO - [2024-03-12T09:52:32.411+0000] {dag.py:3834} INFO - Setting next_dagrun for example_branch_datetime_operator_3 to 2024-03-11 00:00:00+00:00, run_after=2024-03-12 00:00:00+00:00
[2024-03-12T09:52:32.450+0000] {processor.py:183} INFO - Processing /usr/local/lib/python3.10/dist-packages/airflow/example_dags/example_branch_datetime_operator.py took 0.187 seconds
[2024-03-12T09:53:36.004+0000] {processor.py:161} INFO - Started process (PID=15889) to work on /usr/local/lib/python3.10/dist-packages/airflow/example_dags/example_branch_datetime_operator.py
[2024-03-12T09:53:36.006+0000] {processor.py:830} INFO - Processing file /usr/local/lib/python3.10/dist-packages/airflow/example_dags/example_branch_datetime_operator.py for tasks to queue
[2024-03-12T09:53:36.007+0000] {logging_mixin.py:188} INFO - [2024-03-12T09:53:36.006+0000] {dagbag.py:540} INFO - Filling up the DagBag from /usr/local/lib/python3.10/dist-packages/airflow/example_dags/example_branch_datetime_operator.py
[2024-03-12T09:53:36.027+0000] {processor.py:840} INFO - DAG(s) 'example_branch_datetime_operator_3', 'example_branch_datetime_operator_2', 'example_branch_datetime_operator' retrieved from /usr/local/lib/python3.10/dist-packages/airflow/example_dags/example_branch_datetime_operator.py
[2024-03-12T09:53:36.058+0000] {logging_mixin.py:188} INFO - [2024-03-12T09:53:36.057+0000] {dag.py:3047} INFO - Sync 3 DAGs
[2024-03-12T09:53:36.085+0000] {logging_mixin.py:188} INFO - [2024-03-12T09:53:36.084+0000] {dag.py:3834} INFO - Setting next_dagrun for example_branch_datetime_operator to 2024-03-11 00:00:00+00:00, run_after=2024-03-12 00:00:00+00:00
[2024-03-12T09:53:36.091+0000] {logging_mixin.py:188} INFO - [2024-03-12T09:53:36.091+0000] {dag.py:3834} INFO - Setting next_dagrun for example_branch_datetime_operator_2 to 2024-03-11 00:00:00+00:00, run_after=2024-03-12 00:00:00+00:00
[2024-03-12T09:53:36.094+0000] {logging_mixin.py:188} INFO - [2024-03-12T09:53:36.094+0000] {dag.py:3834} INFO - Setting next_dagrun for example_branch_datetime_operator_3 to 2024-03-11 00:00:00+00:00, run_after=2024-03-12 00:00:00+00:00
[2024-03-12T09:53:36.122+0000] {processor.py:183} INFO - Processing /usr/local/lib/python3.10/dist-packages/airflow/example_dags/example_branch_datetime_operator.py took 0.123 seconds
[2024-03-12T09:54:45.824+0000] {processor.py:161} INFO - Started process (PID=15957) to work on /usr/local/lib/python3.10/dist-packages/airflow/example_dags/example_branch_datetime_operator.py
[2024-03-12T09:54:45.826+0000] {processor.py:830} INFO - Processing file /usr/local/lib/python3.10/dist-packages/airflow/example_dags/example_branch_datetime_operator.py for tasks to queue
[2024-03-12T09:54:45.827+0000] {logging_mixin.py:188} INFO - [2024-03-12T09:54:45.826+0000] {dagbag.py:540} INFO - Filling up the DagBag from /usr/local/lib/python3.10/dist-packages/airflow/example_dags/example_branch_datetime_operator.py
[2024-03-12T09:54:45.843+0000] {processor.py:840} INFO - DAG(s) 'example_branch_datetime_operator_2', 'example_branch_datetime_operator', 'example_branch_datetime_operator_3' retrieved from /usr/local/lib/python3.10/dist-packages/airflow/example_dags/example_branch_datetime_operator.py
[2024-03-12T09:54:45.870+0000] {logging_mixin.py:188} INFO - [2024-03-12T09:54:45.870+0000] {dag.py:3047} INFO - Sync 3 DAGs
[2024-03-12T09:54:45.901+0000] {logging_mixin.py:188} INFO - [2024-03-12T09:54:45.900+0000] {dag.py:3834} INFO - Setting next_dagrun for example_branch_datetime_operator to 2024-03-11 00:00:00+00:00, run_after=2024-03-12 00:00:00+00:00
[2024-03-12T09:54:45.905+0000] {logging_mixin.py:188} INFO - [2024-03-12T09:54:45.905+0000] {dag.py:3834} INFO - Setting next_dagrun for example_branch_datetime_operator_2 to 2024-03-11 00:00:00+00:00, run_after=2024-03-12 00:00:00+00:00
[2024-03-12T09:54:45.910+0000] {logging_mixin.py:188} INFO - [2024-03-12T09:54:45.909+0000] {dag.py:3834} INFO - Setting next_dagrun for example_branch_datetime_operator_3 to 2024-03-11 00:00:00+00:00, run_after=2024-03-12 00:00:00+00:00
[2024-03-12T09:54:45.943+0000] {processor.py:183} INFO - Processing /usr/local/lib/python3.10/dist-packages/airflow/example_dags/example_branch_datetime_operator.py took 0.123 seconds
[2024-03-12T09:55:51.666+0000] {processor.py:161} INFO - Started process (PID=16022) to work on /usr/local/lib/python3.10/dist-packages/airflow/example_dags/example_branch_datetime_operator.py
[2024-03-12T09:55:51.669+0000] {processor.py:830} INFO - Processing file /usr/local/lib/python3.10/dist-packages/airflow/example_dags/example_branch_datetime_operator.py for tasks to queue
[2024-03-12T09:55:51.670+0000] {logging_mixin.py:188} INFO - [2024-03-12T09:55:51.670+0000] {dagbag.py:540} INFO - Filling up the DagBag from /usr/local/lib/python3.10/dist-packages/airflow/example_dags/example_branch_datetime_operator.py
[2024-03-12T09:55:51.685+0000] {processor.py:840} INFO - DAG(s) 'example_branch_datetime_operator_2', 'example_branch_datetime_operator_3', 'example_branch_datetime_operator' retrieved from /usr/local/lib/python3.10/dist-packages/airflow/example_dags/example_branch_datetime_operator.py
[2024-03-12T09:55:51.730+0000] {logging_mixin.py:188} INFO - [2024-03-12T09:55:51.730+0000] {dag.py:3047} INFO - Sync 3 DAGs
[2024-03-12T09:55:51.779+0000] {logging_mixin.py:188} INFO - [2024-03-12T09:55:51.778+0000] {dag.py:3834} INFO - Setting next_dagrun for example_branch_datetime_operator to 2024-03-11 00:00:00+00:00, run_after=2024-03-12 00:00:00+00:00
[2024-03-12T09:55:51.785+0000] {logging_mixin.py:188} INFO - [2024-03-12T09:55:51.785+0000] {dag.py:3834} INFO - Setting next_dagrun for example_branch_datetime_operator_2 to 2024-03-11 00:00:00+00:00, run_after=2024-03-12 00:00:00+00:00
[2024-03-12T09:55:51.788+0000] {logging_mixin.py:188} INFO - [2024-03-12T09:55:51.787+0000] {dag.py:3834} INFO - Setting next_dagrun for example_branch_datetime_operator_3 to 2024-03-11 00:00:00+00:00, run_after=2024-03-12 00:00:00+00:00
[2024-03-12T09:55:51.835+0000] {processor.py:183} INFO - Processing /usr/local/lib/python3.10/dist-packages/airflow/example_dags/example_branch_datetime_operator.py took 0.174 seconds
[2024-03-12T09:56:58.488+0000] {processor.py:161} INFO - Started process (PID=16086) to work on /usr/local/lib/python3.10/dist-packages/airflow/example_dags/example_branch_datetime_operator.py
[2024-03-12T09:56:58.491+0000] {processor.py:830} INFO - Processing file /usr/local/lib/python3.10/dist-packages/airflow/example_dags/example_branch_datetime_operator.py for tasks to queue
[2024-03-12T09:56:58.493+0000] {logging_mixin.py:188} INFO - [2024-03-12T09:56:58.492+0000] {dagbag.py:540} INFO - Filling up the DagBag from /usr/local/lib/python3.10/dist-packages/airflow/example_dags/example_branch_datetime_operator.py
[2024-03-12T09:56:58.516+0000] {processor.py:840} INFO - DAG(s) 'example_branch_datetime_operator_3', 'example_branch_datetime_operator_2', 'example_branch_datetime_operator' retrieved from /usr/local/lib/python3.10/dist-packages/airflow/example_dags/example_branch_datetime_operator.py
[2024-03-12T09:56:58.581+0000] {logging_mixin.py:188} INFO - [2024-03-12T09:56:58.581+0000] {dag.py:3047} INFO - Sync 3 DAGs
[2024-03-12T09:56:58.608+0000] {logging_mixin.py:188} INFO - [2024-03-12T09:56:58.608+0000] {dag.py:3834} INFO - Setting next_dagrun for example_branch_datetime_operator to 2024-03-11 00:00:00+00:00, run_after=2024-03-12 00:00:00+00:00
[2024-03-12T09:56:58.613+0000] {logging_mixin.py:188} INFO - [2024-03-12T09:56:58.613+0000] {dag.py:3834} INFO - Setting next_dagrun for example_branch_datetime_operator_2 to 2024-03-11 00:00:00+00:00, run_after=2024-03-12 00:00:00+00:00
[2024-03-12T09:56:58.616+0000] {logging_mixin.py:188} INFO - [2024-03-12T09:56:58.616+0000] {dag.py:3834} INFO - Setting next_dagrun for example_branch_datetime_operator_3 to 2024-03-11 00:00:00+00:00, run_after=2024-03-12 00:00:00+00:00
[2024-03-12T09:56:58.641+0000] {processor.py:183} INFO - Processing /usr/local/lib/python3.10/dist-packages/airflow/example_dags/example_branch_datetime_operator.py took 0.168 seconds
[2024-03-12T09:58:04.273+0000] {processor.py:161} INFO - Started process (PID=16154) to work on /usr/local/lib/python3.10/dist-packages/airflow/example_dags/example_branch_datetime_operator.py
[2024-03-12T09:58:04.277+0000] {processor.py:830} INFO - Processing file /usr/local/lib/python3.10/dist-packages/airflow/example_dags/example_branch_datetime_operator.py for tasks to queue
[2024-03-12T09:58:04.284+0000] {logging_mixin.py:188} INFO - [2024-03-12T09:58:04.278+0000] {dagbag.py:540} INFO - Filling up the DagBag from /usr/local/lib/python3.10/dist-packages/airflow/example_dags/example_branch_datetime_operator.py
[2024-03-12T09:58:04.304+0000] {processor.py:840} INFO - DAG(s) 'example_branch_datetime_operator', 'example_branch_datetime_operator_3', 'example_branch_datetime_operator_2' retrieved from /usr/local/lib/python3.10/dist-packages/airflow/example_dags/example_branch_datetime_operator.py
[2024-03-12T09:58:04.337+0000] {logging_mixin.py:188} INFO - [2024-03-12T09:58:04.337+0000] {dag.py:3047} INFO - Sync 3 DAGs
[2024-03-12T09:58:04.363+0000] {logging_mixin.py:188} INFO - [2024-03-12T09:58:04.363+0000] {dag.py:3834} INFO - Setting next_dagrun for example_branch_datetime_operator to 2024-03-11 00:00:00+00:00, run_after=2024-03-12 00:00:00+00:00
[2024-03-12T09:58:04.369+0000] {logging_mixin.py:188} INFO - [2024-03-12T09:58:04.369+0000] {dag.py:3834} INFO - Setting next_dagrun for example_branch_datetime_operator_2 to 2024-03-11 00:00:00+00:00, run_after=2024-03-12 00:00:00+00:00
[2024-03-12T09:58:04.372+0000] {logging_mixin.py:188} INFO - [2024-03-12T09:58:04.372+0000] {dag.py:3834} INFO - Setting next_dagrun for example_branch_datetime_operator_3 to 2024-03-11 00:00:00+00:00, run_after=2024-03-12 00:00:00+00:00
[2024-03-12T09:58:04.404+0000] {processor.py:183} INFO - Processing /usr/local/lib/python3.10/dist-packages/airflow/example_dags/example_branch_datetime_operator.py took 0.141 seconds
[2024-03-12T09:59:06.864+0000] {processor.py:161} INFO - Started process (PID=16224) to work on /usr/local/lib/python3.10/dist-packages/airflow/example_dags/example_branch_datetime_operator.py
[2024-03-12T09:59:06.869+0000] {processor.py:830} INFO - Processing file /usr/local/lib/python3.10/dist-packages/airflow/example_dags/example_branch_datetime_operator.py for tasks to queue
[2024-03-12T09:59:06.870+0000] {logging_mixin.py:188} INFO - [2024-03-12T09:59:06.870+0000] {dagbag.py:540} INFO - Filling up the DagBag from /usr/local/lib/python3.10/dist-packages/airflow/example_dags/example_branch_datetime_operator.py
[2024-03-12T09:59:06.900+0000] {processor.py:840} INFO - DAG(s) 'example_branch_datetime_operator_3', 'example_branch_datetime_operator', 'example_branch_datetime_operator_2' retrieved from /usr/local/lib/python3.10/dist-packages/airflow/example_dags/example_branch_datetime_operator.py
[2024-03-12T09:59:06.972+0000] {logging_mixin.py:188} INFO - [2024-03-12T09:59:06.972+0000] {dag.py:3047} INFO - Sync 3 DAGs
[2024-03-12T09:59:06.997+0000] {logging_mixin.py:188} INFO - [2024-03-12T09:59:06.996+0000] {dag.py:3834} INFO - Setting next_dagrun for example_branch_datetime_operator to 2024-03-11 00:00:00+00:00, run_after=2024-03-12 00:00:00+00:00
[2024-03-12T09:59:07.003+0000] {logging_mixin.py:188} INFO - [2024-03-12T09:59:07.002+0000] {dag.py:3834} INFO - Setting next_dagrun for example_branch_datetime_operator_2 to 2024-03-11 00:00:00+00:00, run_after=2024-03-12 00:00:00+00:00
[2024-03-12T09:59:07.006+0000] {logging_mixin.py:188} INFO - [2024-03-12T09:59:07.006+0000] {dag.py:3834} INFO - Setting next_dagrun for example_branch_datetime_operator_3 to 2024-03-11 00:00:00+00:00, run_after=2024-03-12 00:00:00+00:00
[2024-03-12T09:59:07.036+0000] {processor.py:183} INFO - Processing /usr/local/lib/python3.10/dist-packages/airflow/example_dags/example_branch_datetime_operator.py took 0.181 seconds
[2024-03-12T10:00:10.349+0000] {processor.py:161} INFO - Started process (PID=16292) to work on /usr/local/lib/python3.10/dist-packages/airflow/example_dags/example_branch_datetime_operator.py
[2024-03-12T10:00:10.351+0000] {processor.py:830} INFO - Processing file /usr/local/lib/python3.10/dist-packages/airflow/example_dags/example_branch_datetime_operator.py for tasks to queue
[2024-03-12T10:00:10.352+0000] {logging_mixin.py:188} INFO - [2024-03-12T10:00:10.351+0000] {dagbag.py:540} INFO - Filling up the DagBag from /usr/local/lib/python3.10/dist-packages/airflow/example_dags/example_branch_datetime_operator.py
[2024-03-12T10:00:10.363+0000] {processor.py:840} INFO - DAG(s) 'example_branch_datetime_operator_2', 'example_branch_datetime_operator', 'example_branch_datetime_operator_3' retrieved from /usr/local/lib/python3.10/dist-packages/airflow/example_dags/example_branch_datetime_operator.py
[2024-03-12T10:00:10.392+0000] {logging_mixin.py:188} INFO - [2024-03-12T10:00:10.391+0000] {dag.py:3047} INFO - Sync 3 DAGs
[2024-03-12T10:00:10.417+0000] {logging_mixin.py:188} INFO - [2024-03-12T10:00:10.417+0000] {dag.py:3834} INFO - Setting next_dagrun for example_branch_datetime_operator to 2024-03-11 00:00:00+00:00, run_after=2024-03-12 00:00:00+00:00
[2024-03-12T10:00:10.423+0000] {logging_mixin.py:188} INFO - [2024-03-12T10:00:10.422+0000] {dag.py:3834} INFO - Setting next_dagrun for example_branch_datetime_operator_2 to 2024-03-11 00:00:00+00:00, run_after=2024-03-12 00:00:00+00:00
[2024-03-12T10:00:10.425+0000] {logging_mixin.py:188} INFO - [2024-03-12T10:00:10.425+0000] {dag.py:3834} INFO - Setting next_dagrun for example_branch_datetime_operator_3 to 2024-03-11 00:00:00+00:00, run_after=2024-03-12 00:00:00+00:00
[2024-03-12T10:00:10.455+0000] {processor.py:183} INFO - Processing /usr/local/lib/python3.10/dist-packages/airflow/example_dags/example_branch_datetime_operator.py took 0.109 seconds
[2024-03-12T10:01:14.063+0000] {processor.py:161} INFO - Started process (PID=16363) to work on /usr/local/lib/python3.10/dist-packages/airflow/example_dags/example_branch_datetime_operator.py
[2024-03-12T10:01:14.065+0000] {processor.py:830} INFO - Processing file /usr/local/lib/python3.10/dist-packages/airflow/example_dags/example_branch_datetime_operator.py for tasks to queue
[2024-03-12T10:01:14.067+0000] {logging_mixin.py:188} INFO - [2024-03-12T10:01:14.066+0000] {dagbag.py:540} INFO - Filling up the DagBag from /usr/local/lib/python3.10/dist-packages/airflow/example_dags/example_branch_datetime_operator.py
[2024-03-12T10:01:14.094+0000] {processor.py:840} INFO - DAG(s) 'example_branch_datetime_operator_3', 'example_branch_datetime_operator_2', 'example_branch_datetime_operator' retrieved from /usr/local/lib/python3.10/dist-packages/airflow/example_dags/example_branch_datetime_operator.py
[2024-03-12T10:01:14.149+0000] {logging_mixin.py:188} INFO - [2024-03-12T10:01:14.149+0000] {dag.py:3047} INFO - Sync 3 DAGs
[2024-03-12T10:01:14.174+0000] {logging_mixin.py:188} INFO - [2024-03-12T10:01:14.174+0000] {dag.py:3834} INFO - Setting next_dagrun for example_branch_datetime_operator to 2024-03-11 00:00:00+00:00, run_after=2024-03-12 00:00:00+00:00
[2024-03-12T10:01:14.181+0000] {logging_mixin.py:188} INFO - [2024-03-12T10:01:14.181+0000] {dag.py:3834} INFO - Setting next_dagrun for example_branch_datetime_operator_2 to 2024-03-11 00:00:00+00:00, run_after=2024-03-12 00:00:00+00:00
[2024-03-12T10:01:14.185+0000] {logging_mixin.py:188} INFO - [2024-03-12T10:01:14.185+0000] {dag.py:3834} INFO - Setting next_dagrun for example_branch_datetime_operator_3 to 2024-03-11 00:00:00+00:00, run_after=2024-03-12 00:00:00+00:00
[2024-03-12T10:01:14.208+0000] {processor.py:183} INFO - Processing /usr/local/lib/python3.10/dist-packages/airflow/example_dags/example_branch_datetime_operator.py took 0.158 seconds
[2024-03-12T10:02:15.784+0000] {processor.py:161} INFO - Started process (PID=16426) to work on /usr/local/lib/python3.10/dist-packages/airflow/example_dags/example_branch_datetime_operator.py
[2024-03-12T10:02:15.785+0000] {processor.py:830} INFO - Processing file /usr/local/lib/python3.10/dist-packages/airflow/example_dags/example_branch_datetime_operator.py for tasks to queue
[2024-03-12T10:02:15.786+0000] {logging_mixin.py:188} INFO - [2024-03-12T10:02:15.786+0000] {dagbag.py:540} INFO - Filling up the DagBag from /usr/local/lib/python3.10/dist-packages/airflow/example_dags/example_branch_datetime_operator.py
[2024-03-12T10:02:15.808+0000] {processor.py:840} INFO - DAG(s) 'example_branch_datetime_operator_2', 'example_branch_datetime_operator', 'example_branch_datetime_operator_3' retrieved from /usr/local/lib/python3.10/dist-packages/airflow/example_dags/example_branch_datetime_operator.py
[2024-03-12T10:02:15.858+0000] {logging_mixin.py:188} INFO - [2024-03-12T10:02:15.857+0000] {dag.py:3047} INFO - Sync 3 DAGs
[2024-03-12T10:02:15.882+0000] {logging_mixin.py:188} INFO - [2024-03-12T10:02:15.882+0000] {dag.py:3834} INFO - Setting next_dagrun for example_branch_datetime_operator to 2024-03-11 00:00:00+00:00, run_after=2024-03-12 00:00:00+00:00
[2024-03-12T10:02:15.888+0000] {logging_mixin.py:188} INFO - [2024-03-12T10:02:15.887+0000] {dag.py:3834} INFO - Setting next_dagrun for example_branch_datetime_operator_2 to 2024-03-11 00:00:00+00:00, run_after=2024-03-12 00:00:00+00:00
[2024-03-12T10:02:15.890+0000] {logging_mixin.py:188} INFO - [2024-03-12T10:02:15.890+0000] {dag.py:3834} INFO - Setting next_dagrun for example_branch_datetime_operator_3 to 2024-03-11 00:00:00+00:00, run_after=2024-03-12 00:00:00+00:00
[2024-03-12T10:02:15.930+0000] {processor.py:183} INFO - Processing /usr/local/lib/python3.10/dist-packages/airflow/example_dags/example_branch_datetime_operator.py took 0.150 seconds
[2024-03-12T10:03:17.495+0000] {processor.py:161} INFO - Started process (PID=16492) to work on /usr/local/lib/python3.10/dist-packages/airflow/example_dags/example_branch_datetime_operator.py
[2024-03-12T10:03:17.498+0000] {processor.py:830} INFO - Processing file /usr/local/lib/python3.10/dist-packages/airflow/example_dags/example_branch_datetime_operator.py for tasks to queue
[2024-03-12T10:03:17.501+0000] {logging_mixin.py:188} INFO - [2024-03-12T10:03:17.500+0000] {dagbag.py:540} INFO - Filling up the DagBag from /usr/local/lib/python3.10/dist-packages/airflow/example_dags/example_branch_datetime_operator.py
[2024-03-12T10:03:17.522+0000] {processor.py:840} INFO - DAG(s) 'example_branch_datetime_operator_3', 'example_branch_datetime_operator_2', 'example_branch_datetime_operator' retrieved from /usr/local/lib/python3.10/dist-packages/airflow/example_dags/example_branch_datetime_operator.py
[2024-03-12T10:03:17.560+0000] {logging_mixin.py:188} INFO - [2024-03-12T10:03:17.560+0000] {dag.py:3047} INFO - Sync 3 DAGs
[2024-03-12T10:03:17.586+0000] {logging_mixin.py:188} INFO - [2024-03-12T10:03:17.585+0000] {dag.py:3834} INFO - Setting next_dagrun for example_branch_datetime_operator to 2024-03-11 00:00:00+00:00, run_after=2024-03-12 00:00:00+00:00
[2024-03-12T10:03:17.592+0000] {logging_mixin.py:188} INFO - [2024-03-12T10:03:17.592+0000] {dag.py:3834} INFO - Setting next_dagrun for example_branch_datetime_operator_2 to 2024-03-11 00:00:00+00:00, run_after=2024-03-12 00:00:00+00:00
[2024-03-12T10:03:17.595+0000] {logging_mixin.py:188} INFO - [2024-03-12T10:03:17.594+0000] {dag.py:3834} INFO - Setting next_dagrun for example_branch_datetime_operator_3 to 2024-03-11 00:00:00+00:00, run_after=2024-03-12 00:00:00+00:00
[2024-03-12T10:03:17.619+0000] {processor.py:183} INFO - Processing /usr/local/lib/python3.10/dist-packages/airflow/example_dags/example_branch_datetime_operator.py took 0.131 seconds
[2024-03-12T10:04:20.280+0000] {processor.py:161} INFO - Started process (PID=16555) to work on /usr/local/lib/python3.10/dist-packages/airflow/example_dags/example_branch_datetime_operator.py
[2024-03-12T10:04:20.281+0000] {processor.py:830} INFO - Processing file /usr/local/lib/python3.10/dist-packages/airflow/example_dags/example_branch_datetime_operator.py for tasks to queue
[2024-03-12T10:04:20.285+0000] {logging_mixin.py:188} INFO - [2024-03-12T10:04:20.284+0000] {dagbag.py:540} INFO - Filling up the DagBag from /usr/local/lib/python3.10/dist-packages/airflow/example_dags/example_branch_datetime_operator.py
[2024-03-12T10:04:20.306+0000] {processor.py:840} INFO - DAG(s) 'example_branch_datetime_operator_2', 'example_branch_datetime_operator', 'example_branch_datetime_operator_3' retrieved from /usr/local/lib/python3.10/dist-packages/airflow/example_dags/example_branch_datetime_operator.py
[2024-03-12T10:04:20.359+0000] {logging_mixin.py:188} INFO - [2024-03-12T10:04:20.359+0000] {dag.py:3047} INFO - Sync 3 DAGs
[2024-03-12T10:04:20.399+0000] {logging_mixin.py:188} INFO - [2024-03-12T10:04:20.399+0000] {dag.py:3834} INFO - Setting next_dagrun for example_branch_datetime_operator to 2024-03-11 00:00:00+00:00, run_after=2024-03-12 00:00:00+00:00
[2024-03-12T10:04:20.416+0000] {logging_mixin.py:188} INFO - [2024-03-12T10:04:20.415+0000] {dag.py:3834} INFO - Setting next_dagrun for example_branch_datetime_operator_2 to 2024-03-11 00:00:00+00:00, run_after=2024-03-12 00:00:00+00:00
[2024-03-12T10:04:20.421+0000] {logging_mixin.py:188} INFO - [2024-03-12T10:04:20.420+0000] {dag.py:3834} INFO - Setting next_dagrun for example_branch_datetime_operator_3 to 2024-03-11 00:00:00+00:00, run_after=2024-03-12 00:00:00+00:00
[2024-03-12T10:04:20.455+0000] {processor.py:183} INFO - Processing /usr/local/lib/python3.10/dist-packages/airflow/example_dags/example_branch_datetime_operator.py took 0.179 seconds
[2024-03-12T10:05:22.227+0000] {processor.py:161} INFO - Started process (PID=16620) to work on /usr/local/lib/python3.10/dist-packages/airflow/example_dags/example_branch_datetime_operator.py
[2024-03-12T10:05:22.229+0000] {processor.py:830} INFO - Processing file /usr/local/lib/python3.10/dist-packages/airflow/example_dags/example_branch_datetime_operator.py for tasks to queue
[2024-03-12T10:05:22.231+0000] {logging_mixin.py:188} INFO - [2024-03-12T10:05:22.230+0000] {dagbag.py:540} INFO - Filling up the DagBag from /usr/local/lib/python3.10/dist-packages/airflow/example_dags/example_branch_datetime_operator.py
[2024-03-12T10:05:22.261+0000] {processor.py:840} INFO - DAG(s) 'example_branch_datetime_operator_2', 'example_branch_datetime_operator_3', 'example_branch_datetime_operator' retrieved from /usr/local/lib/python3.10/dist-packages/airflow/example_dags/example_branch_datetime_operator.py
[2024-03-12T10:05:22.298+0000] {logging_mixin.py:188} INFO - [2024-03-12T10:05:22.297+0000] {dag.py:3047} INFO - Sync 3 DAGs
[2024-03-12T10:05:22.373+0000] {logging_mixin.py:188} INFO - [2024-03-12T10:05:22.372+0000] {dag.py:3834} INFO - Setting next_dagrun for example_branch_datetime_operator to 2024-03-11 00:00:00+00:00, run_after=2024-03-12 00:00:00+00:00
[2024-03-12T10:05:22.383+0000] {logging_mixin.py:188} INFO - [2024-03-12T10:05:22.382+0000] {dag.py:3834} INFO - Setting next_dagrun for example_branch_datetime_operator_2 to 2024-03-11 00:00:00+00:00, run_after=2024-03-12 00:00:00+00:00
[2024-03-12T10:05:22.389+0000] {logging_mixin.py:188} INFO - [2024-03-12T10:05:22.388+0000] {dag.py:3834} INFO - Setting next_dagrun for example_branch_datetime_operator_3 to 2024-03-11 00:00:00+00:00, run_after=2024-03-12 00:00:00+00:00
[2024-03-12T10:05:22.428+0000] {processor.py:183} INFO - Processing /usr/local/lib/python3.10/dist-packages/airflow/example_dags/example_branch_datetime_operator.py took 0.205 seconds
[2024-03-12T10:06:24.059+0000] {processor.py:161} INFO - Started process (PID=16683) to work on /usr/local/lib/python3.10/dist-packages/airflow/example_dags/example_branch_datetime_operator.py
[2024-03-12T10:06:24.064+0000] {processor.py:830} INFO - Processing file /usr/local/lib/python3.10/dist-packages/airflow/example_dags/example_branch_datetime_operator.py for tasks to queue
[2024-03-12T10:06:24.066+0000] {logging_mixin.py:188} INFO - [2024-03-12T10:06:24.066+0000] {dagbag.py:540} INFO - Filling up the DagBag from /usr/local/lib/python3.10/dist-packages/airflow/example_dags/example_branch_datetime_operator.py
[2024-03-12T10:06:24.099+0000] {processor.py:840} INFO - DAG(s) 'example_branch_datetime_operator_2', 'example_branch_datetime_operator_3', 'example_branch_datetime_operator' retrieved from /usr/local/lib/python3.10/dist-packages/airflow/example_dags/example_branch_datetime_operator.py
[2024-03-12T10:06:24.162+0000] {logging_mixin.py:188} INFO - [2024-03-12T10:06:24.162+0000] {dag.py:3047} INFO - Sync 3 DAGs
[2024-03-12T10:06:24.206+0000] {logging_mixin.py:188} INFO - [2024-03-12T10:06:24.206+0000] {dag.py:3834} INFO - Setting next_dagrun for example_branch_datetime_operator to 2024-03-11 00:00:00+00:00, run_after=2024-03-12 00:00:00+00:00
[2024-03-12T10:06:24.215+0000] {logging_mixin.py:188} INFO - [2024-03-12T10:06:24.214+0000] {dag.py:3834} INFO - Setting next_dagrun for example_branch_datetime_operator_2 to 2024-03-11 00:00:00+00:00, run_after=2024-03-12 00:00:00+00:00
[2024-03-12T10:06:24.223+0000] {logging_mixin.py:188} INFO - [2024-03-12T10:06:24.222+0000] {dag.py:3834} INFO - Setting next_dagrun for example_branch_datetime_operator_3 to 2024-03-11 00:00:00+00:00, run_after=2024-03-12 00:00:00+00:00
[2024-03-12T10:06:24.260+0000] {processor.py:183} INFO - Processing /usr/local/lib/python3.10/dist-packages/airflow/example_dags/example_branch_datetime_operator.py took 0.207 seconds
