[2024-03-12T09:23:10.488+0000] {processor.py:161} INFO - Started process (PID=14029) to work on /usr/local/lib/python3.10/dist-packages/airflow/example_dags/example_bash_operator.py
[2024-03-12T09:23:10.494+0000] {processor.py:830} INFO - Processing file /usr/local/lib/python3.10/dist-packages/airflow/example_dags/example_bash_operator.py for tasks to queue
[2024-03-12T09:23:10.495+0000] {logging_mixin.py:188} INFO - [2024-03-12T09:23:10.494+0000] {dagbag.py:540} INFO - Filling up the DagBag from /usr/local/lib/python3.10/dist-packages/airflow/example_dags/example_bash_operator.py
[2024-03-12T09:23:10.520+0000] {processor.py:840} INFO - DAG(s) 'example_bash_operator' retrieved from /usr/local/lib/python3.10/dist-packages/airflow/example_dags/example_bash_operator.py
[2024-03-12T09:23:10.822+0000] {logging_mixin.py:188} INFO - [2024-03-12T09:23:10.822+0000] {dag.py:3047} INFO - Sync 1 DAGs
[2024-03-12T09:23:10.852+0000] {logging_mixin.py:188} INFO - [2024-03-12T09:23:10.851+0000] {dag.py:3834} INFO - Setting next_dagrun for example_bash_operator to 2024-03-11 00:00:00+00:00, run_after=2024-03-12 00:00:00+00:00
[2024-03-12T09:23:10.881+0000] {processor.py:183} INFO - Processing /usr/local/lib/python3.10/dist-packages/airflow/example_dags/example_bash_operator.py took 0.401 seconds
[2024-03-12T09:24:09.684+0000] {processor.py:161} INFO - Started process (PID=14084) to work on /usr/local/lib/python3.10/dist-packages/airflow/example_dags/example_bash_operator.py
[2024-03-12T09:24:09.686+0000] {processor.py:830} INFO - Processing file /usr/local/lib/python3.10/dist-packages/airflow/example_dags/example_bash_operator.py for tasks to queue
[2024-03-12T09:24:09.687+0000] {logging_mixin.py:188} INFO - [2024-03-12T09:24:09.686+0000] {dagbag.py:540} INFO - Filling up the DagBag from /usr/local/lib/python3.10/dist-packages/airflow/example_dags/example_bash_operator.py
[2024-03-12T09:24:09.701+0000] {processor.py:840} INFO - DAG(s) 'example_bash_operator' retrieved from /usr/local/lib/python3.10/dist-packages/airflow/example_dags/example_bash_operator.py
[2024-03-12T09:24:09.731+0000] {logging_mixin.py:188} INFO - [2024-03-12T09:24:09.731+0000] {dag.py:3047} INFO - Sync 1 DAGs
[2024-03-12T09:24:09.777+0000] {logging_mixin.py:188} INFO - [2024-03-12T09:24:09.776+0000] {dag.py:3834} INFO - Setting next_dagrun for example_bash_operator to 2024-03-11 00:00:00+00:00, run_after=2024-03-12 00:00:00+00:00
[2024-03-12T09:24:09.976+0000] {processor.py:183} INFO - Processing /usr/local/lib/python3.10/dist-packages/airflow/example_dags/example_bash_operator.py took 0.296 seconds
[2024-03-12T09:25:22.758+0000] {processor.py:161} INFO - Started process (PID=14149) to work on /usr/local/lib/python3.10/dist-packages/airflow/example_dags/example_bash_operator.py
[2024-03-12T09:25:22.761+0000] {processor.py:830} INFO - Processing file /usr/local/lib/python3.10/dist-packages/airflow/example_dags/example_bash_operator.py for tasks to queue
[2024-03-12T09:25:22.763+0000] {logging_mixin.py:188} INFO - [2024-03-12T09:25:22.762+0000] {dagbag.py:540} INFO - Filling up the DagBag from /usr/local/lib/python3.10/dist-packages/airflow/example_dags/example_bash_operator.py
[2024-03-12T09:25:22.800+0000] {processor.py:840} INFO - DAG(s) 'example_bash_operator' retrieved from /usr/local/lib/python3.10/dist-packages/airflow/example_dags/example_bash_operator.py
[2024-03-12T09:25:22.849+0000] {logging_mixin.py:188} INFO - [2024-03-12T09:25:22.849+0000] {dag.py:3047} INFO - Sync 1 DAGs
[2024-03-12T09:25:22.877+0000] {logging_mixin.py:188} INFO - [2024-03-12T09:25:22.877+0000] {dag.py:3834} INFO - Setting next_dagrun for example_bash_operator to 2024-03-11 00:00:00+00:00, run_after=2024-03-12 00:00:00+00:00
[2024-03-12T09:25:22.910+0000] {processor.py:183} INFO - Processing /usr/local/lib/python3.10/dist-packages/airflow/example_dags/example_bash_operator.py took 0.161 seconds
[2024-03-12T09:26:25.836+0000] {processor.py:161} INFO - Started process (PID=14212) to work on /usr/local/lib/python3.10/dist-packages/airflow/example_dags/example_bash_operator.py
[2024-03-12T09:26:25.839+0000] {processor.py:830} INFO - Processing file /usr/local/lib/python3.10/dist-packages/airflow/example_dags/example_bash_operator.py for tasks to queue
[2024-03-12T09:26:25.841+0000] {logging_mixin.py:188} INFO - [2024-03-12T09:26:25.840+0000] {dagbag.py:540} INFO - Filling up the DagBag from /usr/local/lib/python3.10/dist-packages/airflow/example_dags/example_bash_operator.py
[2024-03-12T09:26:25.863+0000] {processor.py:840} INFO - DAG(s) 'example_bash_operator' retrieved from /usr/local/lib/python3.10/dist-packages/airflow/example_dags/example_bash_operator.py
[2024-03-12T09:26:25.902+0000] {logging_mixin.py:188} INFO - [2024-03-12T09:26:25.901+0000] {dag.py:3047} INFO - Sync 1 DAGs
[2024-03-12T09:26:25.937+0000] {logging_mixin.py:188} INFO - [2024-03-12T09:26:25.936+0000] {dag.py:3834} INFO - Setting next_dagrun for example_bash_operator to 2024-03-11 00:00:00+00:00, run_after=2024-03-12 00:00:00+00:00
[2024-03-12T09:26:25.970+0000] {processor.py:183} INFO - Processing /usr/local/lib/python3.10/dist-packages/airflow/example_dags/example_bash_operator.py took 0.142 seconds
[2024-03-12T09:27:28.894+0000] {processor.py:161} INFO - Started process (PID=14274) to work on /usr/local/lib/python3.10/dist-packages/airflow/example_dags/example_bash_operator.py
[2024-03-12T09:27:28.896+0000] {processor.py:830} INFO - Processing file /usr/local/lib/python3.10/dist-packages/airflow/example_dags/example_bash_operator.py for tasks to queue
[2024-03-12T09:27:28.897+0000] {logging_mixin.py:188} INFO - [2024-03-12T09:27:28.896+0000] {dagbag.py:540} INFO - Filling up the DagBag from /usr/local/lib/python3.10/dist-packages/airflow/example_dags/example_bash_operator.py
[2024-03-12T09:27:28.922+0000] {processor.py:840} INFO - DAG(s) 'example_bash_operator' retrieved from /usr/local/lib/python3.10/dist-packages/airflow/example_dags/example_bash_operator.py
[2024-03-12T09:27:28.961+0000] {logging_mixin.py:188} INFO - [2024-03-12T09:27:28.960+0000] {dag.py:3047} INFO - Sync 1 DAGs
[2024-03-12T09:27:28.981+0000] {logging_mixin.py:188} INFO - [2024-03-12T09:27:28.981+0000] {dag.py:3834} INFO - Setting next_dagrun for example_bash_operator to 2024-03-11 00:00:00+00:00, run_after=2024-03-12 00:00:00+00:00
[2024-03-12T09:27:29.007+0000] {processor.py:183} INFO - Processing /usr/local/lib/python3.10/dist-packages/airflow/example_dags/example_bash_operator.py took 0.124 seconds
[2024-03-12T09:28:29.088+0000] {processor.py:161} INFO - Started process (PID=14335) to work on /usr/local/lib/python3.10/dist-packages/airflow/example_dags/example_bash_operator.py
[2024-03-12T09:28:29.090+0000] {processor.py:830} INFO - Processing file /usr/local/lib/python3.10/dist-packages/airflow/example_dags/example_bash_operator.py for tasks to queue
[2024-03-12T09:28:29.091+0000] {logging_mixin.py:188} INFO - [2024-03-12T09:28:29.090+0000] {dagbag.py:540} INFO - Filling up the DagBag from /usr/local/lib/python3.10/dist-packages/airflow/example_dags/example_bash_operator.py
[2024-03-12T09:28:29.106+0000] {processor.py:840} INFO - DAG(s) 'example_bash_operator' retrieved from /usr/local/lib/python3.10/dist-packages/airflow/example_dags/example_bash_operator.py
[2024-03-12T09:28:29.134+0000] {logging_mixin.py:188} INFO - [2024-03-12T09:28:29.134+0000] {dag.py:3047} INFO - Sync 1 DAGs
[2024-03-12T09:28:29.176+0000] {logging_mixin.py:188} INFO - [2024-03-12T09:28:29.171+0000] {dag.py:3834} INFO - Setting next_dagrun for example_bash_operator to 2024-03-11 00:00:00+00:00, run_after=2024-03-12 00:00:00+00:00
[2024-03-12T09:28:29.212+0000] {processor.py:183} INFO - Processing /usr/local/lib/python3.10/dist-packages/airflow/example_dags/example_bash_operator.py took 0.128 seconds
[2024-03-12T09:29:28.839+0000] {processor.py:161} INFO - Started process (PID=14394) to work on /usr/local/lib/python3.10/dist-packages/airflow/example_dags/example_bash_operator.py
[2024-03-12T09:29:28.843+0000] {processor.py:830} INFO - Processing file /usr/local/lib/python3.10/dist-packages/airflow/example_dags/example_bash_operator.py for tasks to queue
[2024-03-12T09:29:28.845+0000] {logging_mixin.py:188} INFO - [2024-03-12T09:29:28.844+0000] {dagbag.py:540} INFO - Filling up the DagBag from /usr/local/lib/python3.10/dist-packages/airflow/example_dags/example_bash_operator.py
[2024-03-12T09:29:28.874+0000] {processor.py:840} INFO - DAG(s) 'example_bash_operator' retrieved from /usr/local/lib/python3.10/dist-packages/airflow/example_dags/example_bash_operator.py
[2024-03-12T09:29:28.926+0000] {logging_mixin.py:188} INFO - [2024-03-12T09:29:28.924+0000] {dag.py:3047} INFO - Sync 1 DAGs
[2024-03-12T09:29:28.958+0000] {logging_mixin.py:188} INFO - [2024-03-12T09:29:28.957+0000] {dag.py:3834} INFO - Setting next_dagrun for example_bash_operator to 2024-03-11 00:00:00+00:00, run_after=2024-03-12 00:00:00+00:00
[2024-03-12T09:29:28.991+0000] {processor.py:183} INFO - Processing /usr/local/lib/python3.10/dist-packages/airflow/example_dags/example_bash_operator.py took 0.160 seconds
[2024-03-12T09:30:30.133+0000] {processor.py:161} INFO - Started process (PID=14454) to work on /usr/local/lib/python3.10/dist-packages/airflow/example_dags/example_bash_operator.py
[2024-03-12T09:30:30.135+0000] {processor.py:830} INFO - Processing file /usr/local/lib/python3.10/dist-packages/airflow/example_dags/example_bash_operator.py for tasks to queue
[2024-03-12T09:30:30.136+0000] {logging_mixin.py:188} INFO - [2024-03-12T09:30:30.135+0000] {dagbag.py:540} INFO - Filling up the DagBag from /usr/local/lib/python3.10/dist-packages/airflow/example_dags/example_bash_operator.py
[2024-03-12T09:30:30.153+0000] {processor.py:840} INFO - DAG(s) 'example_bash_operator' retrieved from /usr/local/lib/python3.10/dist-packages/airflow/example_dags/example_bash_operator.py
[2024-03-12T09:30:30.181+0000] {logging_mixin.py:188} INFO - [2024-03-12T09:30:30.181+0000] {dag.py:3047} INFO - Sync 1 DAGs
[2024-03-12T09:30:30.210+0000] {logging_mixin.py:188} INFO - [2024-03-12T09:30:30.210+0000] {dag.py:3834} INFO - Setting next_dagrun for example_bash_operator to 2024-03-11 00:00:00+00:00, run_after=2024-03-12 00:00:00+00:00
[2024-03-12T09:30:30.239+0000] {processor.py:183} INFO - Processing /usr/local/lib/python3.10/dist-packages/airflow/example_dags/example_bash_operator.py took 0.109 seconds
[2024-03-12T09:31:32.863+0000] {processor.py:161} INFO - Started process (PID=14514) to work on /usr/local/lib/python3.10/dist-packages/airflow/example_dags/example_bash_operator.py
[2024-03-12T09:31:32.865+0000] {processor.py:830} INFO - Processing file /usr/local/lib/python3.10/dist-packages/airflow/example_dags/example_bash_operator.py for tasks to queue
[2024-03-12T09:31:32.866+0000] {logging_mixin.py:188} INFO - [2024-03-12T09:31:32.865+0000] {dagbag.py:540} INFO - Filling up the DagBag from /usr/local/lib/python3.10/dist-packages/airflow/example_dags/example_bash_operator.py
[2024-03-12T09:31:32.880+0000] {processor.py:840} INFO - DAG(s) 'example_bash_operator' retrieved from /usr/local/lib/python3.10/dist-packages/airflow/example_dags/example_bash_operator.py
[2024-03-12T09:31:32.906+0000] {logging_mixin.py:188} INFO - [2024-03-12T09:31:32.905+0000] {dag.py:3047} INFO - Sync 1 DAGs
[2024-03-12T09:31:32.940+0000] {logging_mixin.py:188} INFO - [2024-03-12T09:31:32.939+0000] {dag.py:3834} INFO - Setting next_dagrun for example_bash_operator to 2024-03-11 00:00:00+00:00, run_after=2024-03-12 00:00:00+00:00
[2024-03-12T09:31:32.964+0000] {processor.py:183} INFO - Processing /usr/local/lib/python3.10/dist-packages/airflow/example_dags/example_bash_operator.py took 0.105 seconds
[2024-03-12T09:32:37.295+0000] {processor.py:161} INFO - Started process (PID=14576) to work on /usr/local/lib/python3.10/dist-packages/airflow/example_dags/example_bash_operator.py
[2024-03-12T09:32:37.296+0000] {processor.py:830} INFO - Processing file /usr/local/lib/python3.10/dist-packages/airflow/example_dags/example_bash_operator.py for tasks to queue
[2024-03-12T09:32:37.297+0000] {logging_mixin.py:188} INFO - [2024-03-12T09:32:37.297+0000] {dagbag.py:540} INFO - Filling up the DagBag from /usr/local/lib/python3.10/dist-packages/airflow/example_dags/example_bash_operator.py
[2024-03-12T09:32:37.319+0000] {processor.py:840} INFO - DAG(s) 'example_bash_operator' retrieved from /usr/local/lib/python3.10/dist-packages/airflow/example_dags/example_bash_operator.py
[2024-03-12T09:32:37.355+0000] {logging_mixin.py:188} INFO - [2024-03-12T09:32:37.353+0000] {dag.py:3047} INFO - Sync 1 DAGs
[2024-03-12T09:32:37.392+0000] {logging_mixin.py:188} INFO - [2024-03-12T09:32:37.391+0000] {dag.py:3834} INFO - Setting next_dagrun for example_bash_operator to 2024-03-11 00:00:00+00:00, run_after=2024-03-12 00:00:00+00:00
[2024-03-12T09:32:37.450+0000] {processor.py:183} INFO - Processing /usr/local/lib/python3.10/dist-packages/airflow/example_dags/example_bash_operator.py took 0.162 seconds
[2024-03-12T09:33:44.079+0000] {processor.py:161} INFO - Started process (PID=14641) to work on /usr/local/lib/python3.10/dist-packages/airflow/example_dags/example_bash_operator.py
[2024-03-12T09:33:44.081+0000] {processor.py:830} INFO - Processing file /usr/local/lib/python3.10/dist-packages/airflow/example_dags/example_bash_operator.py for tasks to queue
[2024-03-12T09:33:44.082+0000] {logging_mixin.py:188} INFO - [2024-03-12T09:33:44.081+0000] {dagbag.py:540} INFO - Filling up the DagBag from /usr/local/lib/python3.10/dist-packages/airflow/example_dags/example_bash_operator.py
[2024-03-12T09:33:44.096+0000] {processor.py:840} INFO - DAG(s) 'example_bash_operator' retrieved from /usr/local/lib/python3.10/dist-packages/airflow/example_dags/example_bash_operator.py
[2024-03-12T09:33:44.123+0000] {logging_mixin.py:188} INFO - [2024-03-12T09:33:44.123+0000] {dag.py:3047} INFO - Sync 1 DAGs
[2024-03-12T09:33:44.146+0000] {logging_mixin.py:188} INFO - [2024-03-12T09:33:44.146+0000] {dag.py:3834} INFO - Setting next_dagrun for example_bash_operator to 2024-03-11 00:00:00+00:00, run_after=2024-03-12 00:00:00+00:00
[2024-03-12T09:33:44.175+0000] {processor.py:183} INFO - Processing /usr/local/lib/python3.10/dist-packages/airflow/example_dags/example_bash_operator.py took 0.098 seconds
[2024-03-12T09:34:47.595+0000] {processor.py:161} INFO - Started process (PID=14703) to work on /usr/local/lib/python3.10/dist-packages/airflow/example_dags/example_bash_operator.py
[2024-03-12T09:34:47.596+0000] {processor.py:830} INFO - Processing file /usr/local/lib/python3.10/dist-packages/airflow/example_dags/example_bash_operator.py for tasks to queue
[2024-03-12T09:34:47.598+0000] {logging_mixin.py:188} INFO - [2024-03-12T09:34:47.597+0000] {dagbag.py:540} INFO - Filling up the DagBag from /usr/local/lib/python3.10/dist-packages/airflow/example_dags/example_bash_operator.py
[2024-03-12T09:34:47.617+0000] {processor.py:840} INFO - DAG(s) 'example_bash_operator' retrieved from /usr/local/lib/python3.10/dist-packages/airflow/example_dags/example_bash_operator.py
[2024-03-12T09:34:47.647+0000] {logging_mixin.py:188} INFO - [2024-03-12T09:34:47.647+0000] {dag.py:3047} INFO - Sync 1 DAGs
[2024-03-12T09:34:47.676+0000] {logging_mixin.py:188} INFO - [2024-03-12T09:34:47.676+0000] {dag.py:3834} INFO - Setting next_dagrun for example_bash_operator to 2024-03-11 00:00:00+00:00, run_after=2024-03-12 00:00:00+00:00
[2024-03-12T09:34:47.708+0000] {processor.py:183} INFO - Processing /usr/local/lib/python3.10/dist-packages/airflow/example_dags/example_bash_operator.py took 0.116 seconds
[2024-03-12T09:35:54.623+0000] {processor.py:161} INFO - Started process (PID=14767) to work on /usr/local/lib/python3.10/dist-packages/airflow/example_dags/example_bash_operator.py
[2024-03-12T09:35:54.627+0000] {processor.py:830} INFO - Processing file /usr/local/lib/python3.10/dist-packages/airflow/example_dags/example_bash_operator.py for tasks to queue
[2024-03-12T09:35:54.628+0000] {logging_mixin.py:188} INFO - [2024-03-12T09:35:54.628+0000] {dagbag.py:540} INFO - Filling up the DagBag from /usr/local/lib/python3.10/dist-packages/airflow/example_dags/example_bash_operator.py
[2024-03-12T09:35:54.645+0000] {processor.py:840} INFO - DAG(s) 'example_bash_operator' retrieved from /usr/local/lib/python3.10/dist-packages/airflow/example_dags/example_bash_operator.py
[2024-03-12T09:35:54.682+0000] {logging_mixin.py:188} INFO - [2024-03-12T09:35:54.681+0000] {dag.py:3047} INFO - Sync 1 DAGs
[2024-03-12T09:35:54.746+0000] {logging_mixin.py:188} INFO - [2024-03-12T09:35:54.745+0000] {dag.py:3834} INFO - Setting next_dagrun for example_bash_operator to 2024-03-11 00:00:00+00:00, run_after=2024-03-12 00:00:00+00:00
[2024-03-12T09:35:54.783+0000] {processor.py:183} INFO - Processing /usr/local/lib/python3.10/dist-packages/airflow/example_dags/example_bash_operator.py took 0.163 seconds
[2024-03-12T09:36:56.206+0000] {processor.py:161} INFO - Started process (PID=14826) to work on /usr/local/lib/python3.10/dist-packages/airflow/example_dags/example_bash_operator.py
[2024-03-12T09:36:56.208+0000] {processor.py:830} INFO - Processing file /usr/local/lib/python3.10/dist-packages/airflow/example_dags/example_bash_operator.py for tasks to queue
[2024-03-12T09:36:56.209+0000] {logging_mixin.py:188} INFO - [2024-03-12T09:36:56.208+0000] {dagbag.py:540} INFO - Filling up the DagBag from /usr/local/lib/python3.10/dist-packages/airflow/example_dags/example_bash_operator.py
[2024-03-12T09:36:56.221+0000] {processor.py:840} INFO - DAG(s) 'example_bash_operator' retrieved from /usr/local/lib/python3.10/dist-packages/airflow/example_dags/example_bash_operator.py
[2024-03-12T09:36:56.249+0000] {logging_mixin.py:188} INFO - [2024-03-12T09:36:56.249+0000] {dag.py:3047} INFO - Sync 1 DAGs
[2024-03-12T09:36:56.278+0000] {logging_mixin.py:188} INFO - [2024-03-12T09:36:56.278+0000] {dag.py:3834} INFO - Setting next_dagrun for example_bash_operator to 2024-03-11 00:00:00+00:00, run_after=2024-03-12 00:00:00+00:00
[2024-03-12T09:36:56.307+0000] {processor.py:183} INFO - Processing /usr/local/lib/python3.10/dist-packages/airflow/example_dags/example_bash_operator.py took 0.104 seconds
[2024-03-12T09:37:58.229+0000] {processor.py:161} INFO - Started process (PID=14888) to work on /usr/local/lib/python3.10/dist-packages/airflow/example_dags/example_bash_operator.py
[2024-03-12T09:37:58.231+0000] {processor.py:830} INFO - Processing file /usr/local/lib/python3.10/dist-packages/airflow/example_dags/example_bash_operator.py for tasks to queue
[2024-03-12T09:37:58.232+0000] {logging_mixin.py:188} INFO - [2024-03-12T09:37:58.231+0000] {dagbag.py:540} INFO - Filling up the DagBag from /usr/local/lib/python3.10/dist-packages/airflow/example_dags/example_bash_operator.py
[2024-03-12T09:37:58.253+0000] {processor.py:840} INFO - DAG(s) 'example_bash_operator' retrieved from /usr/local/lib/python3.10/dist-packages/airflow/example_dags/example_bash_operator.py
[2024-03-12T09:37:58.285+0000] {logging_mixin.py:188} INFO - [2024-03-12T09:37:58.284+0000] {dag.py:3047} INFO - Sync 1 DAGs
[2024-03-12T09:37:58.312+0000] {logging_mixin.py:188} INFO - [2024-03-12T09:37:58.312+0000] {dag.py:3834} INFO - Setting next_dagrun for example_bash_operator to 2024-03-11 00:00:00+00:00, run_after=2024-03-12 00:00:00+00:00
[2024-03-12T09:37:58.340+0000] {processor.py:183} INFO - Processing /usr/local/lib/python3.10/dist-packages/airflow/example_dags/example_bash_operator.py took 0.117 seconds
[2024-03-12T09:39:01.829+0000] {processor.py:161} INFO - Started process (PID=14948) to work on /usr/local/lib/python3.10/dist-packages/airflow/example_dags/example_bash_operator.py
[2024-03-12T09:39:01.830+0000] {processor.py:830} INFO - Processing file /usr/local/lib/python3.10/dist-packages/airflow/example_dags/example_bash_operator.py for tasks to queue
[2024-03-12T09:39:01.832+0000] {logging_mixin.py:188} INFO - [2024-03-12T09:39:01.831+0000] {dagbag.py:540} INFO - Filling up the DagBag from /usr/local/lib/python3.10/dist-packages/airflow/example_dags/example_bash_operator.py
[2024-03-12T09:39:01.855+0000] {processor.py:840} INFO - DAG(s) 'example_bash_operator' retrieved from /usr/local/lib/python3.10/dist-packages/airflow/example_dags/example_bash_operator.py
[2024-03-12T09:39:01.910+0000] {logging_mixin.py:188} INFO - [2024-03-12T09:39:01.909+0000] {dag.py:3047} INFO - Sync 1 DAGs
[2024-03-12T09:39:01.934+0000] {logging_mixin.py:188} INFO - [2024-03-12T09:39:01.934+0000] {dag.py:3834} INFO - Setting next_dagrun for example_bash_operator to 2024-03-11 00:00:00+00:00, run_after=2024-03-12 00:00:00+00:00
[2024-03-12T09:39:01.968+0000] {processor.py:183} INFO - Processing /usr/local/lib/python3.10/dist-packages/airflow/example_dags/example_bash_operator.py took 0.147 seconds
[2024-03-12T09:40:06.739+0000] {processor.py:161} INFO - Started process (PID=15010) to work on /usr/local/lib/python3.10/dist-packages/airflow/example_dags/example_bash_operator.py
[2024-03-12T09:40:06.741+0000] {processor.py:830} INFO - Processing file /usr/local/lib/python3.10/dist-packages/airflow/example_dags/example_bash_operator.py for tasks to queue
[2024-03-12T09:40:06.742+0000] {logging_mixin.py:188} INFO - [2024-03-12T09:40:06.741+0000] {dagbag.py:540} INFO - Filling up the DagBag from /usr/local/lib/python3.10/dist-packages/airflow/example_dags/example_bash_operator.py
[2024-03-12T09:40:06.761+0000] {processor.py:840} INFO - DAG(s) 'example_bash_operator' retrieved from /usr/local/lib/python3.10/dist-packages/airflow/example_dags/example_bash_operator.py
[2024-03-12T09:40:06.822+0000] {logging_mixin.py:188} INFO - [2024-03-12T09:40:06.821+0000] {dag.py:3047} INFO - Sync 1 DAGs
[2024-03-12T09:40:06.856+0000] {logging_mixin.py:188} INFO - [2024-03-12T09:40:06.856+0000] {dag.py:3834} INFO - Setting next_dagrun for example_bash_operator to 2024-03-11 00:00:00+00:00, run_after=2024-03-12 00:00:00+00:00
[2024-03-12T09:40:06.891+0000] {processor.py:183} INFO - Processing /usr/local/lib/python3.10/dist-packages/airflow/example_dags/example_bash_operator.py took 0.157 seconds
[2024-03-12T09:41:10.173+0000] {processor.py:161} INFO - Started process (PID=15073) to work on /usr/local/lib/python3.10/dist-packages/airflow/example_dags/example_bash_operator.py
[2024-03-12T09:41:10.177+0000] {processor.py:830} INFO - Processing file /usr/local/lib/python3.10/dist-packages/airflow/example_dags/example_bash_operator.py for tasks to queue
[2024-03-12T09:41:10.179+0000] {logging_mixin.py:188} INFO - [2024-03-12T09:41:10.179+0000] {dagbag.py:540} INFO - Filling up the DagBag from /usr/local/lib/python3.10/dist-packages/airflow/example_dags/example_bash_operator.py
[2024-03-12T09:41:10.220+0000] {processor.py:840} INFO - DAG(s) 'example_bash_operator' retrieved from /usr/local/lib/python3.10/dist-packages/airflow/example_dags/example_bash_operator.py
[2024-03-12T09:41:10.285+0000] {logging_mixin.py:188} INFO - [2024-03-12T09:41:10.285+0000] {dag.py:3047} INFO - Sync 1 DAGs
[2024-03-12T09:41:10.312+0000] {logging_mixin.py:188} INFO - [2024-03-12T09:41:10.311+0000] {dag.py:3834} INFO - Setting next_dagrun for example_bash_operator to 2024-03-11 00:00:00+00:00, run_after=2024-03-12 00:00:00+00:00
[2024-03-12T09:41:10.339+0000] {processor.py:183} INFO - Processing /usr/local/lib/python3.10/dist-packages/airflow/example_dags/example_bash_operator.py took 0.171 seconds
[2024-03-12T09:42:13.696+0000] {processor.py:161} INFO - Started process (PID=15134) to work on /usr/local/lib/python3.10/dist-packages/airflow/example_dags/example_bash_operator.py
[2024-03-12T09:42:13.699+0000] {processor.py:830} INFO - Processing file /usr/local/lib/python3.10/dist-packages/airflow/example_dags/example_bash_operator.py for tasks to queue
[2024-03-12T09:42:13.703+0000] {logging_mixin.py:188} INFO - [2024-03-12T09:42:13.702+0000] {dagbag.py:540} INFO - Filling up the DagBag from /usr/local/lib/python3.10/dist-packages/airflow/example_dags/example_bash_operator.py
[2024-03-12T09:42:13.717+0000] {processor.py:840} INFO - DAG(s) 'example_bash_operator' retrieved from /usr/local/lib/python3.10/dist-packages/airflow/example_dags/example_bash_operator.py
[2024-03-12T09:42:13.757+0000] {logging_mixin.py:188} INFO - [2024-03-12T09:42:13.757+0000] {dag.py:3047} INFO - Sync 1 DAGs
[2024-03-12T09:42:13.783+0000] {logging_mixin.py:188} INFO - [2024-03-12T09:42:13.783+0000] {dag.py:3834} INFO - Setting next_dagrun for example_bash_operator to 2024-03-11 00:00:00+00:00, run_after=2024-03-12 00:00:00+00:00
[2024-03-12T09:42:13.830+0000] {processor.py:183} INFO - Processing /usr/local/lib/python3.10/dist-packages/airflow/example_dags/example_bash_operator.py took 0.140 seconds
[2024-03-12T09:43:13.397+0000] {processor.py:161} INFO - Started process (PID=15265) to work on /usr/local/lib/python3.10/dist-packages/airflow/example_dags/example_bash_operator.py
[2024-03-12T09:43:13.399+0000] {processor.py:830} INFO - Processing file /usr/local/lib/python3.10/dist-packages/airflow/example_dags/example_bash_operator.py for tasks to queue
[2024-03-12T09:43:13.400+0000] {logging_mixin.py:188} INFO - [2024-03-12T09:43:13.399+0000] {dagbag.py:540} INFO - Filling up the DagBag from /usr/local/lib/python3.10/dist-packages/airflow/example_dags/example_bash_operator.py
[2024-03-12T09:43:13.416+0000] {processor.py:840} INFO - DAG(s) 'example_bash_operator' retrieved from /usr/local/lib/python3.10/dist-packages/airflow/example_dags/example_bash_operator.py
[2024-03-12T09:43:13.445+0000] {logging_mixin.py:188} INFO - [2024-03-12T09:43:13.445+0000] {dag.py:3047} INFO - Sync 1 DAGs
[2024-03-12T09:43:13.476+0000] {logging_mixin.py:188} INFO - [2024-03-12T09:43:13.475+0000] {dag.py:3834} INFO - Setting next_dagrun for example_bash_operator to 2024-03-11 00:00:00+00:00, run_after=2024-03-12 00:00:00+00:00
[2024-03-12T09:43:13.507+0000] {processor.py:183} INFO - Processing /usr/local/lib/python3.10/dist-packages/airflow/example_dags/example_bash_operator.py took 0.118 seconds
[2024-03-12T09:44:17.771+0000] {processor.py:161} INFO - Started process (PID=15343) to work on /usr/local/lib/python3.10/dist-packages/airflow/example_dags/example_bash_operator.py
[2024-03-12T09:44:17.773+0000] {processor.py:830} INFO - Processing file /usr/local/lib/python3.10/dist-packages/airflow/example_dags/example_bash_operator.py for tasks to queue
[2024-03-12T09:44:17.774+0000] {logging_mixin.py:188} INFO - [2024-03-12T09:44:17.773+0000] {dagbag.py:540} INFO - Filling up the DagBag from /usr/local/lib/python3.10/dist-packages/airflow/example_dags/example_bash_operator.py
[2024-03-12T09:44:17.793+0000] {processor.py:840} INFO - DAG(s) 'example_bash_operator' retrieved from /usr/local/lib/python3.10/dist-packages/airflow/example_dags/example_bash_operator.py
[2024-03-12T09:44:17.833+0000] {logging_mixin.py:188} INFO - [2024-03-12T09:44:17.832+0000] {dag.py:3047} INFO - Sync 1 DAGs
[2024-03-12T09:44:17.870+0000] {logging_mixin.py:188} INFO - [2024-03-12T09:44:17.869+0000] {dag.py:3834} INFO - Setting next_dagrun for example_bash_operator to 2024-03-11 00:00:00+00:00, run_after=2024-03-12 00:00:00+00:00
[2024-03-12T09:44:17.901+0000] {processor.py:183} INFO - Processing /usr/local/lib/python3.10/dist-packages/airflow/example_dags/example_bash_operator.py took 0.138 seconds
[2024-03-12T09:45:24.248+0000] {processor.py:161} INFO - Started process (PID=15407) to work on /usr/local/lib/python3.10/dist-packages/airflow/example_dags/example_bash_operator.py
[2024-03-12T09:45:24.249+0000] {processor.py:830} INFO - Processing file /usr/local/lib/python3.10/dist-packages/airflow/example_dags/example_bash_operator.py for tasks to queue
[2024-03-12T09:45:24.251+0000] {logging_mixin.py:188} INFO - [2024-03-12T09:45:24.250+0000] {dagbag.py:540} INFO - Filling up the DagBag from /usr/local/lib/python3.10/dist-packages/airflow/example_dags/example_bash_operator.py
[2024-03-12T09:45:24.264+0000] {processor.py:840} INFO - DAG(s) 'example_bash_operator' retrieved from /usr/local/lib/python3.10/dist-packages/airflow/example_dags/example_bash_operator.py
[2024-03-12T09:45:24.291+0000] {logging_mixin.py:188} INFO - [2024-03-12T09:45:24.291+0000] {dag.py:3047} INFO - Sync 1 DAGs
[2024-03-12T09:45:24.318+0000] {logging_mixin.py:188} INFO - [2024-03-12T09:45:24.318+0000] {dag.py:3834} INFO - Setting next_dagrun for example_bash_operator to 2024-03-11 00:00:00+00:00, run_after=2024-03-12 00:00:00+00:00
[2024-03-12T09:45:24.346+0000] {processor.py:183} INFO - Processing /usr/local/lib/python3.10/dist-packages/airflow/example_dags/example_bash_operator.py took 0.102 seconds
[2024-03-12T09:46:25.727+0000] {processor.py:161} INFO - Started process (PID=15467) to work on /usr/local/lib/python3.10/dist-packages/airflow/example_dags/example_bash_operator.py
[2024-03-12T09:46:25.729+0000] {processor.py:830} INFO - Processing file /usr/local/lib/python3.10/dist-packages/airflow/example_dags/example_bash_operator.py for tasks to queue
[2024-03-12T09:46:25.730+0000] {logging_mixin.py:188} INFO - [2024-03-12T09:46:25.730+0000] {dagbag.py:540} INFO - Filling up the DagBag from /usr/local/lib/python3.10/dist-packages/airflow/example_dags/example_bash_operator.py
[2024-03-12T09:46:25.746+0000] {processor.py:840} INFO - DAG(s) 'example_bash_operator' retrieved from /usr/local/lib/python3.10/dist-packages/airflow/example_dags/example_bash_operator.py
[2024-03-12T09:46:25.786+0000] {logging_mixin.py:188} INFO - [2024-03-12T09:46:25.786+0000] {dag.py:3047} INFO - Sync 1 DAGs
[2024-03-12T09:46:25.813+0000] {logging_mixin.py:188} INFO - [2024-03-12T09:46:25.813+0000] {dag.py:3834} INFO - Setting next_dagrun for example_bash_operator to 2024-03-11 00:00:00+00:00, run_after=2024-03-12 00:00:00+00:00
[2024-03-12T09:46:25.842+0000] {processor.py:183} INFO - Processing /usr/local/lib/python3.10/dist-packages/airflow/example_dags/example_bash_operator.py took 0.118 seconds
[2024-03-12T09:47:24.210+0000] {processor.py:161} INFO - Started process (PID=15525) to work on /usr/local/lib/python3.10/dist-packages/airflow/example_dags/example_bash_operator.py
[2024-03-12T09:47:24.211+0000] {processor.py:830} INFO - Processing file /usr/local/lib/python3.10/dist-packages/airflow/example_dags/example_bash_operator.py for tasks to queue
[2024-03-12T09:47:24.212+0000] {logging_mixin.py:188} INFO - [2024-03-12T09:47:24.212+0000] {dagbag.py:540} INFO - Filling up the DagBag from /usr/local/lib/python3.10/dist-packages/airflow/example_dags/example_bash_operator.py
[2024-03-12T09:47:24.236+0000] {processor.py:840} INFO - DAG(s) 'example_bash_operator' retrieved from /usr/local/lib/python3.10/dist-packages/airflow/example_dags/example_bash_operator.py
[2024-03-12T09:47:24.274+0000] {logging_mixin.py:188} INFO - [2024-03-12T09:47:24.274+0000] {dag.py:3047} INFO - Sync 1 DAGs
[2024-03-12T09:47:24.313+0000] {logging_mixin.py:188} INFO - [2024-03-12T09:47:24.312+0000] {dag.py:3834} INFO - Setting next_dagrun for example_bash_operator to 2024-03-11 00:00:00+00:00, run_after=2024-03-12 00:00:00+00:00
[2024-03-12T09:47:24.337+0000] {processor.py:183} INFO - Processing /usr/local/lib/python3.10/dist-packages/airflow/example_dags/example_bash_operator.py took 0.132 seconds
[2024-03-12T09:48:26.796+0000] {processor.py:161} INFO - Started process (PID=15593) to work on /usr/local/lib/python3.10/dist-packages/airflow/example_dags/example_bash_operator.py
[2024-03-12T09:48:26.798+0000] {processor.py:830} INFO - Processing file /usr/local/lib/python3.10/dist-packages/airflow/example_dags/example_bash_operator.py for tasks to queue
[2024-03-12T09:48:26.799+0000] {logging_mixin.py:188} INFO - [2024-03-12T09:48:26.799+0000] {dagbag.py:540} INFO - Filling up the DagBag from /usr/local/lib/python3.10/dist-packages/airflow/example_dags/example_bash_operator.py
[2024-03-12T09:48:26.812+0000] {processor.py:840} INFO - DAG(s) 'example_bash_operator' retrieved from /usr/local/lib/python3.10/dist-packages/airflow/example_dags/example_bash_operator.py
[2024-03-12T09:48:26.855+0000] {logging_mixin.py:188} INFO - [2024-03-12T09:48:26.855+0000] {dag.py:3047} INFO - Sync 1 DAGs
[2024-03-12T09:48:26.881+0000] {logging_mixin.py:188} INFO - [2024-03-12T09:48:26.880+0000] {dag.py:3834} INFO - Setting next_dagrun for example_bash_operator to 2024-03-11 00:00:00+00:00, run_after=2024-03-12 00:00:00+00:00
[2024-03-12T09:48:26.906+0000] {processor.py:183} INFO - Processing /usr/local/lib/python3.10/dist-packages/airflow/example_dags/example_bash_operator.py took 0.115 seconds
[2024-03-12T09:49:29.555+0000] {processor.py:161} INFO - Started process (PID=15653) to work on /usr/local/lib/python3.10/dist-packages/airflow/example_dags/example_bash_operator.py
[2024-03-12T09:49:29.557+0000] {processor.py:830} INFO - Processing file /usr/local/lib/python3.10/dist-packages/airflow/example_dags/example_bash_operator.py for tasks to queue
[2024-03-12T09:49:29.558+0000] {logging_mixin.py:188} INFO - [2024-03-12T09:49:29.558+0000] {dagbag.py:540} INFO - Filling up the DagBag from /usr/local/lib/python3.10/dist-packages/airflow/example_dags/example_bash_operator.py
[2024-03-12T09:49:29.571+0000] {processor.py:840} INFO - DAG(s) 'example_bash_operator' retrieved from /usr/local/lib/python3.10/dist-packages/airflow/example_dags/example_bash_operator.py
[2024-03-12T09:49:29.597+0000] {logging_mixin.py:188} INFO - [2024-03-12T09:49:29.597+0000] {dag.py:3047} INFO - Sync 1 DAGs
[2024-03-12T09:49:29.621+0000] {logging_mixin.py:188} INFO - [2024-03-12T09:49:29.620+0000] {dag.py:3834} INFO - Setting next_dagrun for example_bash_operator to 2024-03-11 00:00:00+00:00, run_after=2024-03-12 00:00:00+00:00
[2024-03-12T09:49:29.651+0000] {processor.py:183} INFO - Processing /usr/local/lib/python3.10/dist-packages/airflow/example_dags/example_bash_operator.py took 0.105 seconds
[2024-03-12T09:50:36.798+0000] {processor.py:161} INFO - Started process (PID=15716) to work on /usr/local/lib/python3.10/dist-packages/airflow/example_dags/example_bash_operator.py
[2024-03-12T09:50:36.800+0000] {processor.py:830} INFO - Processing file /usr/local/lib/python3.10/dist-packages/airflow/example_dags/example_bash_operator.py for tasks to queue
[2024-03-12T09:50:36.801+0000] {logging_mixin.py:188} INFO - [2024-03-12T09:50:36.801+0000] {dagbag.py:540} INFO - Filling up the DagBag from /usr/local/lib/python3.10/dist-packages/airflow/example_dags/example_bash_operator.py
[2024-03-12T09:50:36.815+0000] {processor.py:840} INFO - DAG(s) 'example_bash_operator' retrieved from /usr/local/lib/python3.10/dist-packages/airflow/example_dags/example_bash_operator.py
[2024-03-12T09:50:36.850+0000] {logging_mixin.py:188} INFO - [2024-03-12T09:50:36.849+0000] {dag.py:3047} INFO - Sync 1 DAGs
[2024-03-12T09:50:36.878+0000] {logging_mixin.py:188} INFO - [2024-03-12T09:50:36.878+0000] {dag.py:3834} INFO - Setting next_dagrun for example_bash_operator to 2024-03-11 00:00:00+00:00, run_after=2024-03-12 00:00:00+00:00
[2024-03-12T09:50:36.910+0000] {processor.py:183} INFO - Processing /usr/local/lib/python3.10/dist-packages/airflow/example_dags/example_bash_operator.py took 0.115 seconds
[2024-03-12T09:51:46.826+0000] {processor.py:161} INFO - Started process (PID=15782) to work on /usr/local/lib/python3.10/dist-packages/airflow/example_dags/example_bash_operator.py
[2024-03-12T09:51:46.830+0000] {processor.py:830} INFO - Processing file /usr/local/lib/python3.10/dist-packages/airflow/example_dags/example_bash_operator.py for tasks to queue
[2024-03-12T09:51:46.832+0000] {logging_mixin.py:188} INFO - [2024-03-12T09:51:46.831+0000] {dagbag.py:540} INFO - Filling up the DagBag from /usr/local/lib/python3.10/dist-packages/airflow/example_dags/example_bash_operator.py
[2024-03-12T09:51:46.856+0000] {processor.py:840} INFO - DAG(s) 'example_bash_operator' retrieved from /usr/local/lib/python3.10/dist-packages/airflow/example_dags/example_bash_operator.py
[2024-03-12T09:51:46.889+0000] {logging_mixin.py:188} INFO - [2024-03-12T09:51:46.889+0000] {dag.py:3047} INFO - Sync 1 DAGs
[2024-03-12T09:51:46.934+0000] {logging_mixin.py:188} INFO - [2024-03-12T09:51:46.934+0000] {dag.py:3834} INFO - Setting next_dagrun for example_bash_operator to 2024-03-11 00:00:00+00:00, run_after=2024-03-12 00:00:00+00:00
[2024-03-12T09:51:46.965+0000] {processor.py:183} INFO - Processing /usr/local/lib/python3.10/dist-packages/airflow/example_dags/example_bash_operator.py took 0.148 seconds
[2024-03-12T09:52:53.083+0000] {processor.py:161} INFO - Started process (PID=15847) to work on /usr/local/lib/python3.10/dist-packages/airflow/example_dags/example_bash_operator.py
[2024-03-12T09:52:53.085+0000] {processor.py:830} INFO - Processing file /usr/local/lib/python3.10/dist-packages/airflow/example_dags/example_bash_operator.py for tasks to queue
[2024-03-12T09:52:53.089+0000] {logging_mixin.py:188} INFO - [2024-03-12T09:52:53.086+0000] {dagbag.py:540} INFO - Filling up the DagBag from /usr/local/lib/python3.10/dist-packages/airflow/example_dags/example_bash_operator.py
[2024-03-12T09:52:53.111+0000] {processor.py:840} INFO - DAG(s) 'example_bash_operator' retrieved from /usr/local/lib/python3.10/dist-packages/airflow/example_dags/example_bash_operator.py
[2024-03-12T09:52:53.161+0000] {logging_mixin.py:188} INFO - [2024-03-12T09:52:53.160+0000] {dag.py:3047} INFO - Sync 1 DAGs
[2024-03-12T09:52:53.200+0000] {logging_mixin.py:188} INFO - [2024-03-12T09:52:53.199+0000] {dag.py:3834} INFO - Setting next_dagrun for example_bash_operator to 2024-03-11 00:00:00+00:00, run_after=2024-03-12 00:00:00+00:00
[2024-03-12T09:52:53.230+0000] {processor.py:183} INFO - Processing /usr/local/lib/python3.10/dist-packages/airflow/example_dags/example_bash_operator.py took 0.156 seconds
[2024-03-12T09:53:58.103+0000] {processor.py:161} INFO - Started process (PID=15910) to work on /usr/local/lib/python3.10/dist-packages/airflow/example_dags/example_bash_operator.py
[2024-03-12T09:53:58.105+0000] {processor.py:830} INFO - Processing file /usr/local/lib/python3.10/dist-packages/airflow/example_dags/example_bash_operator.py for tasks to queue
[2024-03-12T09:53:58.106+0000] {logging_mixin.py:188} INFO - [2024-03-12T09:53:58.105+0000] {dagbag.py:540} INFO - Filling up the DagBag from /usr/local/lib/python3.10/dist-packages/airflow/example_dags/example_bash_operator.py
[2024-03-12T09:53:58.118+0000] {processor.py:840} INFO - DAG(s) 'example_bash_operator' retrieved from /usr/local/lib/python3.10/dist-packages/airflow/example_dags/example_bash_operator.py
[2024-03-12T09:53:58.142+0000] {logging_mixin.py:188} INFO - [2024-03-12T09:53:58.142+0000] {dag.py:3047} INFO - Sync 1 DAGs
[2024-03-12T09:53:58.164+0000] {logging_mixin.py:188} INFO - [2024-03-12T09:53:58.164+0000] {dag.py:3834} INFO - Setting next_dagrun for example_bash_operator to 2024-03-11 00:00:00+00:00, run_after=2024-03-12 00:00:00+00:00
[2024-03-12T09:53:58.188+0000] {processor.py:183} INFO - Processing /usr/local/lib/python3.10/dist-packages/airflow/example_dags/example_bash_operator.py took 0.088 seconds
[2024-03-12T09:55:07.347+0000] {processor.py:161} INFO - Started process (PID=15977) to work on /usr/local/lib/python3.10/dist-packages/airflow/example_dags/example_bash_operator.py
[2024-03-12T09:55:07.349+0000] {processor.py:830} INFO - Processing file /usr/local/lib/python3.10/dist-packages/airflow/example_dags/example_bash_operator.py for tasks to queue
[2024-03-12T09:55:07.355+0000] {logging_mixin.py:188} INFO - [2024-03-12T09:55:07.351+0000] {dagbag.py:540} INFO - Filling up the DagBag from /usr/local/lib/python3.10/dist-packages/airflow/example_dags/example_bash_operator.py
[2024-03-12T09:55:07.386+0000] {processor.py:840} INFO - DAG(s) 'example_bash_operator' retrieved from /usr/local/lib/python3.10/dist-packages/airflow/example_dags/example_bash_operator.py
[2024-03-12T09:55:07.424+0000] {logging_mixin.py:188} INFO - [2024-03-12T09:55:07.423+0000] {dag.py:3047} INFO - Sync 1 DAGs
[2024-03-12T09:55:07.455+0000] {logging_mixin.py:188} INFO - [2024-03-12T09:55:07.454+0000] {dag.py:3834} INFO - Setting next_dagrun for example_bash_operator to 2024-03-11 00:00:00+00:00, run_after=2024-03-12 00:00:00+00:00
[2024-03-12T09:55:07.501+0000] {processor.py:183} INFO - Processing /usr/local/lib/python3.10/dist-packages/airflow/example_dags/example_bash_operator.py took 0.165 seconds
[2024-03-12T09:56:13.880+0000] {processor.py:161} INFO - Started process (PID=16044) to work on /usr/local/lib/python3.10/dist-packages/airflow/example_dags/example_bash_operator.py
[2024-03-12T09:56:13.884+0000] {processor.py:830} INFO - Processing file /usr/local/lib/python3.10/dist-packages/airflow/example_dags/example_bash_operator.py for tasks to queue
[2024-03-12T09:56:13.885+0000] {logging_mixin.py:188} INFO - [2024-03-12T09:56:13.884+0000] {dagbag.py:540} INFO - Filling up the DagBag from /usr/local/lib/python3.10/dist-packages/airflow/example_dags/example_bash_operator.py
[2024-03-12T09:56:13.914+0000] {processor.py:840} INFO - DAG(s) 'example_bash_operator' retrieved from /usr/local/lib/python3.10/dist-packages/airflow/example_dags/example_bash_operator.py
[2024-03-12T09:56:13.957+0000] {logging_mixin.py:188} INFO - [2024-03-12T09:56:13.957+0000] {dag.py:3047} INFO - Sync 1 DAGs
[2024-03-12T09:56:13.988+0000] {logging_mixin.py:188} INFO - [2024-03-12T09:56:13.987+0000] {dag.py:3834} INFO - Setting next_dagrun for example_bash_operator to 2024-03-11 00:00:00+00:00, run_after=2024-03-12 00:00:00+00:00
[2024-03-12T09:56:14.047+0000] {processor.py:183} INFO - Processing /usr/local/lib/python3.10/dist-packages/airflow/example_dags/example_bash_operator.py took 0.175 seconds
[2024-03-12T09:57:20.424+0000] {processor.py:161} INFO - Started process (PID=16107) to work on /usr/local/lib/python3.10/dist-packages/airflow/example_dags/example_bash_operator.py
[2024-03-12T09:57:20.425+0000] {processor.py:830} INFO - Processing file /usr/local/lib/python3.10/dist-packages/airflow/example_dags/example_bash_operator.py for tasks to queue
[2024-03-12T09:57:20.426+0000] {logging_mixin.py:188} INFO - [2024-03-12T09:57:20.426+0000] {dagbag.py:540} INFO - Filling up the DagBag from /usr/local/lib/python3.10/dist-packages/airflow/example_dags/example_bash_operator.py
[2024-03-12T09:57:20.443+0000] {processor.py:840} INFO - DAG(s) 'example_bash_operator' retrieved from /usr/local/lib/python3.10/dist-packages/airflow/example_dags/example_bash_operator.py
[2024-03-12T09:57:20.508+0000] {logging_mixin.py:188} INFO - [2024-03-12T09:57:20.507+0000] {dag.py:3047} INFO - Sync 1 DAGs
[2024-03-12T09:57:20.540+0000] {logging_mixin.py:188} INFO - [2024-03-12T09:57:20.540+0000] {dag.py:3834} INFO - Setting next_dagrun for example_bash_operator to 2024-03-11 00:00:00+00:00, run_after=2024-03-12 00:00:00+00:00
[2024-03-12T09:57:20.571+0000] {processor.py:183} INFO - Processing /usr/local/lib/python3.10/dist-packages/airflow/example_dags/example_bash_operator.py took 0.151 seconds
[2024-03-12T09:58:24.760+0000] {processor.py:161} INFO - Started process (PID=16178) to work on /usr/local/lib/python3.10/dist-packages/airflow/example_dags/example_bash_operator.py
[2024-03-12T09:58:24.762+0000] {processor.py:830} INFO - Processing file /usr/local/lib/python3.10/dist-packages/airflow/example_dags/example_bash_operator.py for tasks to queue
[2024-03-12T09:58:24.763+0000] {logging_mixin.py:188} INFO - [2024-03-12T09:58:24.763+0000] {dagbag.py:540} INFO - Filling up the DagBag from /usr/local/lib/python3.10/dist-packages/airflow/example_dags/example_bash_operator.py
[2024-03-12T09:58:24.780+0000] {processor.py:840} INFO - DAG(s) 'example_bash_operator' retrieved from /usr/local/lib/python3.10/dist-packages/airflow/example_dags/example_bash_operator.py
[2024-03-12T09:58:24.819+0000] {logging_mixin.py:188} INFO - [2024-03-12T09:58:24.818+0000] {dag.py:3047} INFO - Sync 1 DAGs
[2024-03-12T09:58:24.853+0000] {logging_mixin.py:188} INFO - [2024-03-12T09:58:24.852+0000] {dag.py:3834} INFO - Setting next_dagrun for example_bash_operator to 2024-03-11 00:00:00+00:00, run_after=2024-03-12 00:00:00+00:00
[2024-03-12T09:58:24.885+0000] {processor.py:183} INFO - Processing /usr/local/lib/python3.10/dist-packages/airflow/example_dags/example_bash_operator.py took 0.129 seconds
[2024-03-12T09:59:28.532+0000] {processor.py:161} INFO - Started process (PID=16247) to work on /usr/local/lib/python3.10/dist-packages/airflow/example_dags/example_bash_operator.py
[2024-03-12T09:59:28.534+0000] {processor.py:830} INFO - Processing file /usr/local/lib/python3.10/dist-packages/airflow/example_dags/example_bash_operator.py for tasks to queue
[2024-03-12T09:59:28.535+0000] {logging_mixin.py:188} INFO - [2024-03-12T09:59:28.534+0000] {dagbag.py:540} INFO - Filling up the DagBag from /usr/local/lib/python3.10/dist-packages/airflow/example_dags/example_bash_operator.py
[2024-03-12T09:59:28.556+0000] {processor.py:840} INFO - DAG(s) 'example_bash_operator' retrieved from /usr/local/lib/python3.10/dist-packages/airflow/example_dags/example_bash_operator.py
[2024-03-12T09:59:28.579+0000] {logging_mixin.py:188} INFO - [2024-03-12T09:59:28.579+0000] {dag.py:3047} INFO - Sync 1 DAGs
[2024-03-12T09:59:28.601+0000] {logging_mixin.py:188} INFO - [2024-03-12T09:59:28.600+0000] {dag.py:3834} INFO - Setting next_dagrun for example_bash_operator to 2024-03-11 00:00:00+00:00, run_after=2024-03-12 00:00:00+00:00
[2024-03-12T09:59:28.630+0000] {processor.py:183} INFO - Processing /usr/local/lib/python3.10/dist-packages/airflow/example_dags/example_bash_operator.py took 0.101 seconds
[2024-03-12T10:00:31.012+0000] {processor.py:161} INFO - Started process (PID=16314) to work on /usr/local/lib/python3.10/dist-packages/airflow/example_dags/example_bash_operator.py
[2024-03-12T10:00:31.014+0000] {processor.py:830} INFO - Processing file /usr/local/lib/python3.10/dist-packages/airflow/example_dags/example_bash_operator.py for tasks to queue
[2024-03-12T10:00:31.016+0000] {logging_mixin.py:188} INFO - [2024-03-12T10:00:31.015+0000] {dagbag.py:540} INFO - Filling up the DagBag from /usr/local/lib/python3.10/dist-packages/airflow/example_dags/example_bash_operator.py
[2024-03-12T10:00:31.033+0000] {processor.py:840} INFO - DAG(s) 'example_bash_operator' retrieved from /usr/local/lib/python3.10/dist-packages/airflow/example_dags/example_bash_operator.py
[2024-03-12T10:00:31.064+0000] {logging_mixin.py:188} INFO - [2024-03-12T10:00:31.064+0000] {dag.py:3047} INFO - Sync 1 DAGs
[2024-03-12T10:00:31.093+0000] {logging_mixin.py:188} INFO - [2024-03-12T10:00:31.092+0000] {dag.py:3834} INFO - Setting next_dagrun for example_bash_operator to 2024-03-11 00:00:00+00:00, run_after=2024-03-12 00:00:00+00:00
[2024-03-12T10:00:31.129+0000] {processor.py:183} INFO - Processing /usr/local/lib/python3.10/dist-packages/airflow/example_dags/example_bash_operator.py took 0.121 seconds
[2024-03-12T10:01:35.117+0000] {processor.py:161} INFO - Started process (PID=16385) to work on /usr/local/lib/python3.10/dist-packages/airflow/example_dags/example_bash_operator.py
[2024-03-12T10:01:35.119+0000] {processor.py:830} INFO - Processing file /usr/local/lib/python3.10/dist-packages/airflow/example_dags/example_bash_operator.py for tasks to queue
[2024-03-12T10:01:35.120+0000] {logging_mixin.py:188} INFO - [2024-03-12T10:01:35.120+0000] {dagbag.py:540} INFO - Filling up the DagBag from /usr/local/lib/python3.10/dist-packages/airflow/example_dags/example_bash_operator.py
[2024-03-12T10:01:35.150+0000] {processor.py:840} INFO - DAG(s) 'example_bash_operator' retrieved from /usr/local/lib/python3.10/dist-packages/airflow/example_dags/example_bash_operator.py
[2024-03-12T10:01:35.183+0000] {logging_mixin.py:188} INFO - [2024-03-12T10:01:35.183+0000] {dag.py:3047} INFO - Sync 1 DAGs
[2024-03-12T10:01:35.207+0000] {logging_mixin.py:188} INFO - [2024-03-12T10:01:35.206+0000] {dag.py:3834} INFO - Setting next_dagrun for example_bash_operator to 2024-03-11 00:00:00+00:00, run_after=2024-03-12 00:00:00+00:00
[2024-03-12T10:01:35.232+0000] {processor.py:183} INFO - Processing /usr/local/lib/python3.10/dist-packages/airflow/example_dags/example_bash_operator.py took 0.120 seconds
[2024-03-12T10:02:37.288+0000] {processor.py:161} INFO - Started process (PID=16450) to work on /usr/local/lib/python3.10/dist-packages/airflow/example_dags/example_bash_operator.py
[2024-03-12T10:02:37.291+0000] {processor.py:830} INFO - Processing file /usr/local/lib/python3.10/dist-packages/airflow/example_dags/example_bash_operator.py for tasks to queue
[2024-03-12T10:02:37.293+0000] {logging_mixin.py:188} INFO - [2024-03-12T10:02:37.292+0000] {dagbag.py:540} INFO - Filling up the DagBag from /usr/local/lib/python3.10/dist-packages/airflow/example_dags/example_bash_operator.py
[2024-03-12T10:02:37.320+0000] {processor.py:840} INFO - DAG(s) 'example_bash_operator' retrieved from /usr/local/lib/python3.10/dist-packages/airflow/example_dags/example_bash_operator.py
[2024-03-12T10:02:37.368+0000] {logging_mixin.py:188} INFO - [2024-03-12T10:02:37.367+0000] {dag.py:3047} INFO - Sync 1 DAGs
[2024-03-12T10:02:37.398+0000] {logging_mixin.py:188} INFO - [2024-03-12T10:02:37.398+0000] {dag.py:3834} INFO - Setting next_dagrun for example_bash_operator to 2024-03-11 00:00:00+00:00, run_after=2024-03-12 00:00:00+00:00
[2024-03-12T10:02:37.429+0000] {processor.py:183} INFO - Processing /usr/local/lib/python3.10/dist-packages/airflow/example_dags/example_bash_operator.py took 0.147 seconds
[2024-03-12T10:03:38.813+0000] {processor.py:161} INFO - Started process (PID=16512) to work on /usr/local/lib/python3.10/dist-packages/airflow/example_dags/example_bash_operator.py
[2024-03-12T10:03:38.815+0000] {processor.py:830} INFO - Processing file /usr/local/lib/python3.10/dist-packages/airflow/example_dags/example_bash_operator.py for tasks to queue
[2024-03-12T10:03:38.819+0000] {logging_mixin.py:188} INFO - [2024-03-12T10:03:38.817+0000] {dagbag.py:540} INFO - Filling up the DagBag from /usr/local/lib/python3.10/dist-packages/airflow/example_dags/example_bash_operator.py
[2024-03-12T10:03:38.853+0000] {processor.py:840} INFO - DAG(s) 'example_bash_operator' retrieved from /usr/local/lib/python3.10/dist-packages/airflow/example_dags/example_bash_operator.py
[2024-03-12T10:03:38.891+0000] {logging_mixin.py:188} INFO - [2024-03-12T10:03:38.891+0000] {dag.py:3047} INFO - Sync 1 DAGs
[2024-03-12T10:03:38.922+0000] {logging_mixin.py:188} INFO - [2024-03-12T10:03:38.922+0000] {dag.py:3834} INFO - Setting next_dagrun for example_bash_operator to 2024-03-11 00:00:00+00:00, run_after=2024-03-12 00:00:00+00:00
[2024-03-12T10:03:38.953+0000] {processor.py:183} INFO - Processing /usr/local/lib/python3.10/dist-packages/airflow/example_dags/example_bash_operator.py took 0.161 seconds
[2024-03-12T10:04:40.911+0000] {processor.py:161} INFO - Started process (PID=16575) to work on /usr/local/lib/python3.10/dist-packages/airflow/example_dags/example_bash_operator.py
[2024-03-12T10:04:40.916+0000] {processor.py:830} INFO - Processing file /usr/local/lib/python3.10/dist-packages/airflow/example_dags/example_bash_operator.py for tasks to queue
[2024-03-12T10:04:40.919+0000] {logging_mixin.py:188} INFO - [2024-03-12T10:04:40.918+0000] {dagbag.py:540} INFO - Filling up the DagBag from /usr/local/lib/python3.10/dist-packages/airflow/example_dags/example_bash_operator.py
[2024-03-12T10:04:40.936+0000] {processor.py:840} INFO - DAG(s) 'example_bash_operator' retrieved from /usr/local/lib/python3.10/dist-packages/airflow/example_dags/example_bash_operator.py
[2024-03-12T10:04:40.972+0000] {logging_mixin.py:188} INFO - [2024-03-12T10:04:40.971+0000] {dag.py:3047} INFO - Sync 1 DAGs
[2024-03-12T10:04:40.996+0000] {logging_mixin.py:188} INFO - [2024-03-12T10:04:40.996+0000] {dag.py:3834} INFO - Setting next_dagrun for example_bash_operator to 2024-03-11 00:00:00+00:00, run_after=2024-03-12 00:00:00+00:00
[2024-03-12T10:04:41.028+0000] {processor.py:183} INFO - Processing /usr/local/lib/python3.10/dist-packages/airflow/example_dags/example_bash_operator.py took 0.124 seconds
[2024-03-12T10:05:42.708+0000] {processor.py:161} INFO - Started process (PID=16640) to work on /usr/local/lib/python3.10/dist-packages/airflow/example_dags/example_bash_operator.py
[2024-03-12T10:05:42.711+0000] {processor.py:830} INFO - Processing file /usr/local/lib/python3.10/dist-packages/airflow/example_dags/example_bash_operator.py for tasks to queue
[2024-03-12T10:05:42.712+0000] {logging_mixin.py:188} INFO - [2024-03-12T10:05:42.712+0000] {dagbag.py:540} INFO - Filling up the DagBag from /usr/local/lib/python3.10/dist-packages/airflow/example_dags/example_bash_operator.py
[2024-03-12T10:05:42.737+0000] {processor.py:840} INFO - DAG(s) 'example_bash_operator' retrieved from /usr/local/lib/python3.10/dist-packages/airflow/example_dags/example_bash_operator.py
[2024-03-12T10:05:42.766+0000] {logging_mixin.py:188} INFO - [2024-03-12T10:05:42.766+0000] {dag.py:3047} INFO - Sync 1 DAGs
[2024-03-12T10:05:42.797+0000] {logging_mixin.py:188} INFO - [2024-03-12T10:05:42.797+0000] {dag.py:3834} INFO - Setting next_dagrun for example_bash_operator to 2024-03-11 00:00:00+00:00, run_after=2024-03-12 00:00:00+00:00
[2024-03-12T10:05:42.832+0000] {processor.py:183} INFO - Processing /usr/local/lib/python3.10/dist-packages/airflow/example_dags/example_bash_operator.py took 0.131 seconds
[2024-03-12T10:06:44.955+0000] {processor.py:161} INFO - Started process (PID=16705) to work on /usr/local/lib/python3.10/dist-packages/airflow/example_dags/example_bash_operator.py
[2024-03-12T10:06:44.957+0000] {processor.py:830} INFO - Processing file /usr/local/lib/python3.10/dist-packages/airflow/example_dags/example_bash_operator.py for tasks to queue
[2024-03-12T10:06:44.959+0000] {logging_mixin.py:188} INFO - [2024-03-12T10:06:44.958+0000] {dagbag.py:540} INFO - Filling up the DagBag from /usr/local/lib/python3.10/dist-packages/airflow/example_dags/example_bash_operator.py
[2024-03-12T10:06:44.977+0000] {processor.py:840} INFO - DAG(s) 'example_bash_operator' retrieved from /usr/local/lib/python3.10/dist-packages/airflow/example_dags/example_bash_operator.py
[2024-03-12T10:06:45.027+0000] {logging_mixin.py:188} INFO - [2024-03-12T10:06:45.026+0000] {dag.py:3047} INFO - Sync 1 DAGs
[2024-03-12T10:06:45.083+0000] {logging_mixin.py:188} INFO - [2024-03-12T10:06:45.083+0000] {dag.py:3834} INFO - Setting next_dagrun for example_bash_operator to 2024-03-11 00:00:00+00:00, run_after=2024-03-12 00:00:00+00:00
[2024-03-12T10:06:45.123+0000] {processor.py:183} INFO - Processing /usr/local/lib/python3.10/dist-packages/airflow/example_dags/example_bash_operator.py took 0.172 seconds
