[2024-03-12T09:19:29.775+0000] {processor.py:161} INFO - Started process (PID=13930) to work on /usr/local/lib/python3.10/dist-packages/airflow/example_dags/tutorial_taskflow_api.py
[2024-03-12T09:19:29.776+0000] {processor.py:830} INFO - Processing file /usr/local/lib/python3.10/dist-packages/airflow/example_dags/tutorial_taskflow_api.py for tasks to queue
[2024-03-12T09:19:29.777+0000] {logging_mixin.py:188} INFO - [2024-03-12T09:19:29.776+0000] {dagbag.py:540} INFO - Filling up the DagBag from /usr/local/lib/python3.10/dist-packages/airflow/example_dags/tutorial_taskflow_api.py
[2024-03-12T09:19:29.789+0000] {processor.py:840} INFO - DAG(s) 'tutorial_taskflow_api' retrieved from /usr/local/lib/python3.10/dist-packages/airflow/example_dags/tutorial_taskflow_api.py
[2024-03-12T09:19:29.945+0000] {logging_mixin.py:188} INFO - [2024-03-12T09:19:29.944+0000] {override.py:1769} INFO - Created Permission View: can read on DAG:tutorial_taskflow_api
[2024-03-12T09:19:29.962+0000] {logging_mixin.py:188} INFO - [2024-03-12T09:19:29.962+0000] {override.py:1769} INFO - Created Permission View: can edit on DAG:tutorial_taskflow_api
[2024-03-12T09:19:29.979+0000] {logging_mixin.py:188} INFO - [2024-03-12T09:19:29.979+0000] {override.py:1769} INFO - Created Permission View: can delete on DAG:tutorial_taskflow_api
[2024-03-12T09:19:29.980+0000] {logging_mixin.py:188} INFO - [2024-03-12T09:19:29.980+0000] {dag.py:3047} INFO - Sync 1 DAGs
[2024-03-12T09:19:29.998+0000] {logging_mixin.py:188} INFO - [2024-03-12T09:19:29.997+0000] {dag.py:3069} INFO - Creating ORM DAG for tutorial_taskflow_api
[2024-03-12T09:19:29.998+0000] {logging_mixin.py:188} INFO - [2024-03-12T09:19:29.998+0000] {dag.py:3834} INFO - Setting next_dagrun for tutorial_taskflow_api to None, run_after=None
[2024-03-12T09:19:30.045+0000] {processor.py:183} INFO - Processing /usr/local/lib/python3.10/dist-packages/airflow/example_dags/tutorial_taskflow_api.py took 0.274 seconds
[2024-03-12T09:22:22.925+0000] {processor.py:161} INFO - Started process (PID=13988) to work on /usr/local/lib/python3.10/dist-packages/airflow/example_dags/tutorial_taskflow_api.py
[2024-03-12T09:22:22.927+0000] {processor.py:830} INFO - Processing file /usr/local/lib/python3.10/dist-packages/airflow/example_dags/tutorial_taskflow_api.py for tasks to queue
[2024-03-12T09:22:22.928+0000] {logging_mixin.py:188} INFO - [2024-03-12T09:22:22.927+0000] {dagbag.py:540} INFO - Filling up the DagBag from /usr/local/lib/python3.10/dist-packages/airflow/example_dags/tutorial_taskflow_api.py
[2024-03-12T09:22:22.946+0000] {processor.py:840} INFO - DAG(s) 'tutorial_taskflow_api' retrieved from /usr/local/lib/python3.10/dist-packages/airflow/example_dags/tutorial_taskflow_api.py
[2024-03-12T09:22:22.957+0000] {logging_mixin.py:188} INFO - [2024-03-12T09:22:22.957+0000] {dag.py:3047} INFO - Sync 1 DAGs
[2024-03-12T09:22:22.976+0000] {logging_mixin.py:188} INFO - [2024-03-12T09:22:22.976+0000] {dag.py:3834} INFO - Setting next_dagrun for tutorial_taskflow_api to None, run_after=None
[2024-03-12T09:22:23.009+0000] {processor.py:183} INFO - Processing /usr/local/lib/python3.10/dist-packages/airflow/example_dags/tutorial_taskflow_api.py took 0.088 seconds
[2024-03-12T09:23:22.966+0000] {processor.py:161} INFO - Started process (PID=14039) to work on /usr/local/lib/python3.10/dist-packages/airflow/example_dags/tutorial_taskflow_api.py
[2024-03-12T09:23:22.968+0000] {processor.py:830} INFO - Processing file /usr/local/lib/python3.10/dist-packages/airflow/example_dags/tutorial_taskflow_api.py for tasks to queue
[2024-03-12T09:23:22.969+0000] {logging_mixin.py:188} INFO - [2024-03-12T09:23:22.968+0000] {dagbag.py:540} INFO - Filling up the DagBag from /usr/local/lib/python3.10/dist-packages/airflow/example_dags/tutorial_taskflow_api.py
[2024-03-12T09:23:22.978+0000] {processor.py:840} INFO - DAG(s) 'tutorial_taskflow_api' retrieved from /usr/local/lib/python3.10/dist-packages/airflow/example_dags/tutorial_taskflow_api.py
[2024-03-12T09:23:23.252+0000] {logging_mixin.py:188} INFO - [2024-03-12T09:23:23.252+0000] {dag.py:3047} INFO - Sync 1 DAGs
[2024-03-12T09:23:23.263+0000] {logging_mixin.py:188} INFO - [2024-03-12T09:23:23.263+0000] {dag.py:3834} INFO - Setting next_dagrun for tutorial_taskflow_api to None, run_after=None
[2024-03-12T09:23:23.292+0000] {processor.py:183} INFO - Processing /usr/local/lib/python3.10/dist-packages/airflow/example_dags/tutorial_taskflow_api.py took 0.331 seconds
[2024-03-12T09:24:15.558+0000] {processor.py:161} INFO - Started process (PID=14091) to work on /usr/local/lib/python3.10/dist-packages/airflow/example_dags/tutorial_taskflow_api.py
[2024-03-12T09:24:15.559+0000] {processor.py:830} INFO - Processing file /usr/local/lib/python3.10/dist-packages/airflow/example_dags/tutorial_taskflow_api.py for tasks to queue
[2024-03-12T09:24:15.560+0000] {logging_mixin.py:188} INFO - [2024-03-12T09:24:15.560+0000] {dagbag.py:540} INFO - Filling up the DagBag from /usr/local/lib/python3.10/dist-packages/airflow/example_dags/tutorial_taskflow_api.py
[2024-03-12T09:24:15.569+0000] {processor.py:840} INFO - DAG(s) 'tutorial_taskflow_api' retrieved from /usr/local/lib/python3.10/dist-packages/airflow/example_dags/tutorial_taskflow_api.py
[2024-03-12T09:24:15.589+0000] {logging_mixin.py:188} INFO - [2024-03-12T09:24:15.589+0000] {dag.py:3047} INFO - Sync 1 DAGs
[2024-03-12T09:24:15.603+0000] {logging_mixin.py:188} INFO - [2024-03-12T09:24:15.602+0000] {dag.py:3834} INFO - Setting next_dagrun for tutorial_taskflow_api to None, run_after=None
[2024-03-12T09:24:15.634+0000] {processor.py:183} INFO - Processing /usr/local/lib/python3.10/dist-packages/airflow/example_dags/tutorial_taskflow_api.py took 0.079 seconds
[2024-03-12T09:25:03.742+0000] {processor.py:161} INFO - Started process (PID=14132) to work on /usr/local/lib/python3.10/dist-packages/airflow/example_dags/tutorial_taskflow_api.py
[2024-03-12T09:25:03.744+0000] {processor.py:830} INFO - Processing file /usr/local/lib/python3.10/dist-packages/airflow/example_dags/tutorial_taskflow_api.py for tasks to queue
[2024-03-12T09:25:03.745+0000] {logging_mixin.py:188} INFO - [2024-03-12T09:25:03.745+0000] {dagbag.py:540} INFO - Filling up the DagBag from /usr/local/lib/python3.10/dist-packages/airflow/example_dags/tutorial_taskflow_api.py
[2024-03-12T09:25:03.753+0000] {processor.py:840} INFO - DAG(s) 'tutorial_taskflow_api' retrieved from /usr/local/lib/python3.10/dist-packages/airflow/example_dags/tutorial_taskflow_api.py
[2024-03-12T09:25:03.905+0000] {logging_mixin.py:188} INFO - [2024-03-12T09:25:03.905+0000] {dag.py:3047} INFO - Sync 1 DAGs
[2024-03-12T09:25:03.916+0000] {logging_mixin.py:188} INFO - [2024-03-12T09:25:03.916+0000] {dag.py:3834} INFO - Setting next_dagrun for tutorial_taskflow_api to None, run_after=None
[2024-03-12T09:25:03.944+0000] {processor.py:183} INFO - Processing /usr/local/lib/python3.10/dist-packages/airflow/example_dags/tutorial_taskflow_api.py took 0.206 seconds
[2024-03-12T09:25:53.316+0000] {processor.py:161} INFO - Started process (PID=14179) to work on /usr/local/lib/python3.10/dist-packages/airflow/example_dags/tutorial_taskflow_api.py
[2024-03-12T09:25:53.318+0000] {processor.py:830} INFO - Processing file /usr/local/lib/python3.10/dist-packages/airflow/example_dags/tutorial_taskflow_api.py for tasks to queue
[2024-03-12T09:25:53.319+0000] {logging_mixin.py:188} INFO - [2024-03-12T09:25:53.318+0000] {dagbag.py:540} INFO - Filling up the DagBag from /usr/local/lib/python3.10/dist-packages/airflow/example_dags/tutorial_taskflow_api.py
[2024-03-12T09:25:53.327+0000] {processor.py:840} INFO - DAG(s) 'tutorial_taskflow_api' retrieved from /usr/local/lib/python3.10/dist-packages/airflow/example_dags/tutorial_taskflow_api.py
[2024-03-12T09:25:53.349+0000] {logging_mixin.py:188} INFO - [2024-03-12T09:25:53.349+0000] {dag.py:3047} INFO - Sync 1 DAGs
[2024-03-12T09:25:53.366+0000] {logging_mixin.py:188} INFO - [2024-03-12T09:25:53.364+0000] {dag.py:3834} INFO - Setting next_dagrun for tutorial_taskflow_api to None, run_after=None
[2024-03-12T09:25:53.397+0000] {processor.py:183} INFO - Processing /usr/local/lib/python3.10/dist-packages/airflow/example_dags/tutorial_taskflow_api.py took 0.085 seconds
[2024-03-12T09:26:31.991+0000] {processor.py:161} INFO - Started process (PID=14219) to work on /usr/local/lib/python3.10/dist-packages/airflow/example_dags/tutorial_taskflow_api.py
[2024-03-12T09:26:31.993+0000] {processor.py:830} INFO - Processing file /usr/local/lib/python3.10/dist-packages/airflow/example_dags/tutorial_taskflow_api.py for tasks to queue
[2024-03-12T09:26:31.994+0000] {logging_mixin.py:188} INFO - [2024-03-12T09:26:31.994+0000] {dagbag.py:540} INFO - Filling up the DagBag from /usr/local/lib/python3.10/dist-packages/airflow/example_dags/tutorial_taskflow_api.py
[2024-03-12T09:26:32.006+0000] {processor.py:840} INFO - DAG(s) 'tutorial_taskflow_api' retrieved from /usr/local/lib/python3.10/dist-packages/airflow/example_dags/tutorial_taskflow_api.py
[2024-03-12T09:26:32.044+0000] {logging_mixin.py:188} INFO - [2024-03-12T09:26:32.043+0000] {dag.py:3047} INFO - Sync 1 DAGs
[2024-03-12T09:26:32.069+0000] {logging_mixin.py:188} INFO - [2024-03-12T09:26:32.068+0000] {dag.py:3834} INFO - Setting next_dagrun for tutorial_taskflow_api to None, run_after=None
[2024-03-12T09:26:32.112+0000] {processor.py:183} INFO - Processing /usr/local/lib/python3.10/dist-packages/airflow/example_dags/tutorial_taskflow_api.py took 0.126 seconds
[2024-03-12T09:27:13.396+0000] {processor.py:161} INFO - Started process (PID=14260) to work on /usr/local/lib/python3.10/dist-packages/airflow/example_dags/tutorial_taskflow_api.py
[2024-03-12T09:27:13.399+0000] {processor.py:830} INFO - Processing file /usr/local/lib/python3.10/dist-packages/airflow/example_dags/tutorial_taskflow_api.py for tasks to queue
[2024-03-12T09:27:13.400+0000] {logging_mixin.py:188} INFO - [2024-03-12T09:27:13.399+0000] {dagbag.py:540} INFO - Filling up the DagBag from /usr/local/lib/python3.10/dist-packages/airflow/example_dags/tutorial_taskflow_api.py
[2024-03-12T09:27:13.413+0000] {processor.py:840} INFO - DAG(s) 'tutorial_taskflow_api' retrieved from /usr/local/lib/python3.10/dist-packages/airflow/example_dags/tutorial_taskflow_api.py
[2024-03-12T09:27:13.440+0000] {logging_mixin.py:188} INFO - [2024-03-12T09:27:13.440+0000] {dag.py:3047} INFO - Sync 1 DAGs
[2024-03-12T09:27:13.458+0000] {logging_mixin.py:188} INFO - [2024-03-12T09:27:13.457+0000] {dag.py:3834} INFO - Setting next_dagrun for tutorial_taskflow_api to None, run_after=None
[2024-03-12T09:27:13.505+0000] {processor.py:183} INFO - Processing /usr/local/lib/python3.10/dist-packages/airflow/example_dags/tutorial_taskflow_api.py took 0.114 seconds
[2024-03-12T09:27:56.512+0000] {processor.py:161} INFO - Started process (PID=14302) to work on /usr/local/lib/python3.10/dist-packages/airflow/example_dags/tutorial_taskflow_api.py
[2024-03-12T09:27:56.514+0000] {processor.py:830} INFO - Processing file /usr/local/lib/python3.10/dist-packages/airflow/example_dags/tutorial_taskflow_api.py for tasks to queue
[2024-03-12T09:27:56.515+0000] {logging_mixin.py:188} INFO - [2024-03-12T09:27:56.514+0000] {dagbag.py:540} INFO - Filling up the DagBag from /usr/local/lib/python3.10/dist-packages/airflow/example_dags/tutorial_taskflow_api.py
[2024-03-12T09:27:56.530+0000] {processor.py:840} INFO - DAG(s) 'tutorial_taskflow_api' retrieved from /usr/local/lib/python3.10/dist-packages/airflow/example_dags/tutorial_taskflow_api.py
[2024-03-12T09:27:56.550+0000] {logging_mixin.py:188} INFO - [2024-03-12T09:27:56.550+0000] {dag.py:3047} INFO - Sync 1 DAGs
[2024-03-12T09:27:56.563+0000] {logging_mixin.py:188} INFO - [2024-03-12T09:27:56.563+0000] {dag.py:3834} INFO - Setting next_dagrun for tutorial_taskflow_api to None, run_after=None
[2024-03-12T09:27:56.597+0000] {processor.py:183} INFO - Processing /usr/local/lib/python3.10/dist-packages/airflow/example_dags/tutorial_taskflow_api.py took 0.089 seconds
[2024-03-12T09:28:35.618+0000] {processor.py:161} INFO - Started process (PID=14342) to work on /usr/local/lib/python3.10/dist-packages/airflow/example_dags/tutorial_taskflow_api.py
[2024-03-12T09:28:35.621+0000] {processor.py:830} INFO - Processing file /usr/local/lib/python3.10/dist-packages/airflow/example_dags/tutorial_taskflow_api.py for tasks to queue
[2024-03-12T09:28:35.622+0000] {logging_mixin.py:188} INFO - [2024-03-12T09:28:35.621+0000] {dagbag.py:540} INFO - Filling up the DagBag from /usr/local/lib/python3.10/dist-packages/airflow/example_dags/tutorial_taskflow_api.py
[2024-03-12T09:28:35.635+0000] {processor.py:840} INFO - DAG(s) 'tutorial_taskflow_api' retrieved from /usr/local/lib/python3.10/dist-packages/airflow/example_dags/tutorial_taskflow_api.py
[2024-03-12T09:28:35.670+0000] {logging_mixin.py:188} INFO - [2024-03-12T09:28:35.669+0000] {dag.py:3047} INFO - Sync 1 DAGs
[2024-03-12T09:28:35.698+0000] {logging_mixin.py:188} INFO - [2024-03-12T09:28:35.697+0000] {dag.py:3834} INFO - Setting next_dagrun for tutorial_taskflow_api to None, run_after=None
[2024-03-12T09:28:35.750+0000] {processor.py:183} INFO - Processing /usr/local/lib/python3.10/dist-packages/airflow/example_dags/tutorial_taskflow_api.py took 0.143 seconds
[2024-03-12T09:29:16.283+0000] {processor.py:161} INFO - Started process (PID=14382) to work on /usr/local/lib/python3.10/dist-packages/airflow/example_dags/tutorial_taskflow_api.py
[2024-03-12T09:29:16.286+0000] {processor.py:830} INFO - Processing file /usr/local/lib/python3.10/dist-packages/airflow/example_dags/tutorial_taskflow_api.py for tasks to queue
[2024-03-12T09:29:16.287+0000] {logging_mixin.py:188} INFO - [2024-03-12T09:29:16.287+0000] {dagbag.py:540} INFO - Filling up the DagBag from /usr/local/lib/python3.10/dist-packages/airflow/example_dags/tutorial_taskflow_api.py
[2024-03-12T09:29:16.296+0000] {processor.py:840} INFO - DAG(s) 'tutorial_taskflow_api' retrieved from /usr/local/lib/python3.10/dist-packages/airflow/example_dags/tutorial_taskflow_api.py
[2024-03-12T09:29:16.314+0000] {logging_mixin.py:188} INFO - [2024-03-12T09:29:16.313+0000] {dag.py:3047} INFO - Sync 1 DAGs
[2024-03-12T09:29:16.327+0000] {logging_mixin.py:188} INFO - [2024-03-12T09:29:16.327+0000] {dag.py:3834} INFO - Setting next_dagrun for tutorial_taskflow_api to None, run_after=None
[2024-03-12T09:29:16.364+0000] {processor.py:183} INFO - Processing /usr/local/lib/python3.10/dist-packages/airflow/example_dags/tutorial_taskflow_api.py took 0.084 seconds
[2024-03-12T09:29:55.907+0000] {processor.py:161} INFO - Started process (PID=14421) to work on /usr/local/lib/python3.10/dist-packages/airflow/example_dags/tutorial_taskflow_api.py
[2024-03-12T09:29:55.909+0000] {processor.py:830} INFO - Processing file /usr/local/lib/python3.10/dist-packages/airflow/example_dags/tutorial_taskflow_api.py for tasks to queue
[2024-03-12T09:29:55.910+0000] {logging_mixin.py:188} INFO - [2024-03-12T09:29:55.909+0000] {dagbag.py:540} INFO - Filling up the DagBag from /usr/local/lib/python3.10/dist-packages/airflow/example_dags/tutorial_taskflow_api.py
[2024-03-12T09:29:55.917+0000] {processor.py:840} INFO - DAG(s) 'tutorial_taskflow_api' retrieved from /usr/local/lib/python3.10/dist-packages/airflow/example_dags/tutorial_taskflow_api.py
[2024-03-12T09:29:55.934+0000] {logging_mixin.py:188} INFO - [2024-03-12T09:29:55.934+0000] {dag.py:3047} INFO - Sync 1 DAGs
[2024-03-12T09:29:55.948+0000] {logging_mixin.py:188} INFO - [2024-03-12T09:29:55.948+0000] {dag.py:3834} INFO - Setting next_dagrun for tutorial_taskflow_api to None, run_after=None
[2024-03-12T09:29:55.979+0000] {processor.py:183} INFO - Processing /usr/local/lib/python3.10/dist-packages/airflow/example_dags/tutorial_taskflow_api.py took 0.075 seconds
[2024-03-12T09:30:37.724+0000] {processor.py:161} INFO - Started process (PID=14461) to work on /usr/local/lib/python3.10/dist-packages/airflow/example_dags/tutorial_taskflow_api.py
[2024-03-12T09:30:37.725+0000] {processor.py:830} INFO - Processing file /usr/local/lib/python3.10/dist-packages/airflow/example_dags/tutorial_taskflow_api.py for tasks to queue
[2024-03-12T09:30:37.726+0000] {logging_mixin.py:188} INFO - [2024-03-12T09:30:37.726+0000] {dagbag.py:540} INFO - Filling up the DagBag from /usr/local/lib/python3.10/dist-packages/airflow/example_dags/tutorial_taskflow_api.py
[2024-03-12T09:30:37.737+0000] {processor.py:840} INFO - DAG(s) 'tutorial_taskflow_api' retrieved from /usr/local/lib/python3.10/dist-packages/airflow/example_dags/tutorial_taskflow_api.py
[2024-03-12T09:30:37.758+0000] {logging_mixin.py:188} INFO - [2024-03-12T09:30:37.757+0000] {dag.py:3047} INFO - Sync 1 DAGs
[2024-03-12T09:30:37.777+0000] {logging_mixin.py:188} INFO - [2024-03-12T09:30:37.777+0000] {dag.py:3834} INFO - Setting next_dagrun for tutorial_taskflow_api to None, run_after=None
[2024-03-12T09:30:37.810+0000] {processor.py:183} INFO - Processing /usr/local/lib/python3.10/dist-packages/airflow/example_dags/tutorial_taskflow_api.py took 0.090 seconds
[2024-03-12T09:31:18.646+0000] {processor.py:161} INFO - Started process (PID=14501) to work on /usr/local/lib/python3.10/dist-packages/airflow/example_dags/tutorial_taskflow_api.py
[2024-03-12T09:31:18.654+0000] {processor.py:830} INFO - Processing file /usr/local/lib/python3.10/dist-packages/airflow/example_dags/tutorial_taskflow_api.py for tasks to queue
[2024-03-12T09:31:18.655+0000] {logging_mixin.py:188} INFO - [2024-03-12T09:31:18.655+0000] {dagbag.py:540} INFO - Filling up the DagBag from /usr/local/lib/python3.10/dist-packages/airflow/example_dags/tutorial_taskflow_api.py
[2024-03-12T09:31:18.665+0000] {processor.py:840} INFO - DAG(s) 'tutorial_taskflow_api' retrieved from /usr/local/lib/python3.10/dist-packages/airflow/example_dags/tutorial_taskflow_api.py
[2024-03-12T09:31:18.686+0000] {logging_mixin.py:188} INFO - [2024-03-12T09:31:18.686+0000] {dag.py:3047} INFO - Sync 1 DAGs
[2024-03-12T09:31:18.702+0000] {logging_mixin.py:188} INFO - [2024-03-12T09:31:18.701+0000] {dag.py:3834} INFO - Setting next_dagrun for tutorial_taskflow_api to None, run_after=None
[2024-03-12T09:31:18.729+0000] {processor.py:183} INFO - Processing /usr/local/lib/python3.10/dist-packages/airflow/example_dags/tutorial_taskflow_api.py took 0.094 seconds
[2024-03-12T09:32:01.584+0000] {processor.py:161} INFO - Started process (PID=14542) to work on /usr/local/lib/python3.10/dist-packages/airflow/example_dags/tutorial_taskflow_api.py
[2024-03-12T09:32:01.586+0000] {processor.py:830} INFO - Processing file /usr/local/lib/python3.10/dist-packages/airflow/example_dags/tutorial_taskflow_api.py for tasks to queue
[2024-03-12T09:32:01.587+0000] {logging_mixin.py:188} INFO - [2024-03-12T09:32:01.587+0000] {dagbag.py:540} INFO - Filling up the DagBag from /usr/local/lib/python3.10/dist-packages/airflow/example_dags/tutorial_taskflow_api.py
[2024-03-12T09:32:01.594+0000] {processor.py:840} INFO - DAG(s) 'tutorial_taskflow_api' retrieved from /usr/local/lib/python3.10/dist-packages/airflow/example_dags/tutorial_taskflow_api.py
[2024-03-12T09:32:01.612+0000] {logging_mixin.py:188} INFO - [2024-03-12T09:32:01.611+0000] {dag.py:3047} INFO - Sync 1 DAGs
[2024-03-12T09:32:01.624+0000] {logging_mixin.py:188} INFO - [2024-03-12T09:32:01.624+0000] {dag.py:3834} INFO - Setting next_dagrun for tutorial_taskflow_api to None, run_after=None
[2024-03-12T09:32:01.648+0000] {processor.py:183} INFO - Processing /usr/local/lib/python3.10/dist-packages/airflow/example_dags/tutorial_taskflow_api.py took 0.067 seconds
[2024-03-12T09:32:44.884+0000] {processor.py:161} INFO - Started process (PID=14584) to work on /usr/local/lib/python3.10/dist-packages/airflow/example_dags/tutorial_taskflow_api.py
[2024-03-12T09:32:44.886+0000] {processor.py:830} INFO - Processing file /usr/local/lib/python3.10/dist-packages/airflow/example_dags/tutorial_taskflow_api.py for tasks to queue
[2024-03-12T09:32:44.887+0000] {logging_mixin.py:188} INFO - [2024-03-12T09:32:44.886+0000] {dagbag.py:540} INFO - Filling up the DagBag from /usr/local/lib/python3.10/dist-packages/airflow/example_dags/tutorial_taskflow_api.py
[2024-03-12T09:32:44.894+0000] {processor.py:840} INFO - DAG(s) 'tutorial_taskflow_api' retrieved from /usr/local/lib/python3.10/dist-packages/airflow/example_dags/tutorial_taskflow_api.py
[2024-03-12T09:32:44.912+0000] {logging_mixin.py:188} INFO - [2024-03-12T09:32:44.912+0000] {dag.py:3047} INFO - Sync 1 DAGs
[2024-03-12T09:32:44.925+0000] {logging_mixin.py:188} INFO - [2024-03-12T09:32:44.924+0000] {dag.py:3834} INFO - Setting next_dagrun for tutorial_taskflow_api to None, run_after=None
[2024-03-12T09:32:44.951+0000] {processor.py:183} INFO - Processing /usr/local/lib/python3.10/dist-packages/airflow/example_dags/tutorial_taskflow_api.py took 0.070 seconds
[2024-03-12T09:33:29.335+0000] {processor.py:161} INFO - Started process (PID=14627) to work on /usr/local/lib/python3.10/dist-packages/airflow/example_dags/tutorial_taskflow_api.py
[2024-03-12T09:33:29.338+0000] {processor.py:830} INFO - Processing file /usr/local/lib/python3.10/dist-packages/airflow/example_dags/tutorial_taskflow_api.py for tasks to queue
[2024-03-12T09:33:29.343+0000] {logging_mixin.py:188} INFO - [2024-03-12T09:33:29.340+0000] {dagbag.py:540} INFO - Filling up the DagBag from /usr/local/lib/python3.10/dist-packages/airflow/example_dags/tutorial_taskflow_api.py
[2024-03-12T09:33:29.356+0000] {processor.py:840} INFO - DAG(s) 'tutorial_taskflow_api' retrieved from /usr/local/lib/python3.10/dist-packages/airflow/example_dags/tutorial_taskflow_api.py
[2024-03-12T09:33:29.381+0000] {logging_mixin.py:188} INFO - [2024-03-12T09:33:29.381+0000] {dag.py:3047} INFO - Sync 1 DAGs
[2024-03-12T09:33:29.399+0000] {logging_mixin.py:188} INFO - [2024-03-12T09:33:29.399+0000] {dag.py:3834} INFO - Setting next_dagrun for tutorial_taskflow_api to None, run_after=None
[2024-03-12T09:33:29.443+0000] {processor.py:183} INFO - Processing /usr/local/lib/python3.10/dist-packages/airflow/example_dags/tutorial_taskflow_api.py took 0.113 seconds
[2024-03-12T09:34:12.337+0000] {processor.py:161} INFO - Started process (PID=14669) to work on /usr/local/lib/python3.10/dist-packages/airflow/example_dags/tutorial_taskflow_api.py
[2024-03-12T09:34:12.339+0000] {processor.py:830} INFO - Processing file /usr/local/lib/python3.10/dist-packages/airflow/example_dags/tutorial_taskflow_api.py for tasks to queue
[2024-03-12T09:34:12.341+0000] {logging_mixin.py:188} INFO - [2024-03-12T09:34:12.340+0000] {dagbag.py:540} INFO - Filling up the DagBag from /usr/local/lib/python3.10/dist-packages/airflow/example_dags/tutorial_taskflow_api.py
[2024-03-12T09:34:12.351+0000] {processor.py:840} INFO - DAG(s) 'tutorial_taskflow_api' retrieved from /usr/local/lib/python3.10/dist-packages/airflow/example_dags/tutorial_taskflow_api.py
[2024-03-12T09:34:12.372+0000] {logging_mixin.py:188} INFO - [2024-03-12T09:34:12.371+0000] {dag.py:3047} INFO - Sync 1 DAGs
[2024-03-12T09:34:12.388+0000] {logging_mixin.py:188} INFO - [2024-03-12T09:34:12.388+0000] {dag.py:3834} INFO - Setting next_dagrun for tutorial_taskflow_api to None, run_after=None
[2024-03-12T09:34:12.427+0000] {processor.py:183} INFO - Processing /usr/local/lib/python3.10/dist-packages/airflow/example_dags/tutorial_taskflow_api.py took 0.094 seconds
[2024-03-12T09:34:54.609+0000] {processor.py:161} INFO - Started process (PID=14710) to work on /usr/local/lib/python3.10/dist-packages/airflow/example_dags/tutorial_taskflow_api.py
[2024-03-12T09:34:54.611+0000] {processor.py:830} INFO - Processing file /usr/local/lib/python3.10/dist-packages/airflow/example_dags/tutorial_taskflow_api.py for tasks to queue
[2024-03-12T09:34:54.612+0000] {logging_mixin.py:188} INFO - [2024-03-12T09:34:54.612+0000] {dagbag.py:540} INFO - Filling up the DagBag from /usr/local/lib/python3.10/dist-packages/airflow/example_dags/tutorial_taskflow_api.py
[2024-03-12T09:34:54.620+0000] {processor.py:840} INFO - DAG(s) 'tutorial_taskflow_api' retrieved from /usr/local/lib/python3.10/dist-packages/airflow/example_dags/tutorial_taskflow_api.py
[2024-03-12T09:34:54.644+0000] {logging_mixin.py:188} INFO - [2024-03-12T09:34:54.643+0000] {dag.py:3047} INFO - Sync 1 DAGs
[2024-03-12T09:34:54.659+0000] {logging_mixin.py:188} INFO - [2024-03-12T09:34:54.659+0000] {dag.py:3834} INFO - Setting next_dagrun for tutorial_taskflow_api to None, run_after=None
[2024-03-12T09:34:54.686+0000] {processor.py:183} INFO - Processing /usr/local/lib/python3.10/dist-packages/airflow/example_dags/tutorial_taskflow_api.py took 0.080 seconds
[2024-03-12T09:35:41.209+0000] {processor.py:161} INFO - Started process (PID=14754) to work on /usr/local/lib/python3.10/dist-packages/airflow/example_dags/tutorial_taskflow_api.py
[2024-03-12T09:35:41.211+0000] {processor.py:830} INFO - Processing file /usr/local/lib/python3.10/dist-packages/airflow/example_dags/tutorial_taskflow_api.py for tasks to queue
[2024-03-12T09:35:41.214+0000] {logging_mixin.py:188} INFO - [2024-03-12T09:35:41.213+0000] {dagbag.py:540} INFO - Filling up the DagBag from /usr/local/lib/python3.10/dist-packages/airflow/example_dags/tutorial_taskflow_api.py
[2024-03-12T09:35:41.238+0000] {processor.py:840} INFO - DAG(s) 'tutorial_taskflow_api' retrieved from /usr/local/lib/python3.10/dist-packages/airflow/example_dags/tutorial_taskflow_api.py
[2024-03-12T09:35:41.272+0000] {logging_mixin.py:188} INFO - [2024-03-12T09:35:41.272+0000] {dag.py:3047} INFO - Sync 1 DAGs
[2024-03-12T09:35:41.292+0000] {logging_mixin.py:188} INFO - [2024-03-12T09:35:41.292+0000] {dag.py:3834} INFO - Setting next_dagrun for tutorial_taskflow_api to None, run_after=None
[2024-03-12T09:35:41.323+0000] {processor.py:183} INFO - Processing /usr/local/lib/python3.10/dist-packages/airflow/example_dags/tutorial_taskflow_api.py took 0.123 seconds
[2024-03-12T09:36:22.048+0000] {processor.py:161} INFO - Started process (PID=14793) to work on /usr/local/lib/python3.10/dist-packages/airflow/example_dags/tutorial_taskflow_api.py
[2024-03-12T09:36:22.049+0000] {processor.py:830} INFO - Processing file /usr/local/lib/python3.10/dist-packages/airflow/example_dags/tutorial_taskflow_api.py for tasks to queue
[2024-03-12T09:36:22.050+0000] {logging_mixin.py:188} INFO - [2024-03-12T09:36:22.050+0000] {dagbag.py:540} INFO - Filling up the DagBag from /usr/local/lib/python3.10/dist-packages/airflow/example_dags/tutorial_taskflow_api.py
[2024-03-12T09:36:22.059+0000] {processor.py:840} INFO - DAG(s) 'tutorial_taskflow_api' retrieved from /usr/local/lib/python3.10/dist-packages/airflow/example_dags/tutorial_taskflow_api.py
[2024-03-12T09:36:22.078+0000] {logging_mixin.py:188} INFO - [2024-03-12T09:36:22.078+0000] {dag.py:3047} INFO - Sync 1 DAGs
[2024-03-12T09:36:22.092+0000] {logging_mixin.py:188} INFO - [2024-03-12T09:36:22.091+0000] {dag.py:3834} INFO - Setting next_dagrun for tutorial_taskflow_api to None, run_after=None
[2024-03-12T09:36:22.119+0000] {processor.py:183} INFO - Processing /usr/local/lib/python3.10/dist-packages/airflow/example_dags/tutorial_taskflow_api.py took 0.076 seconds
[2024-03-12T09:37:03.758+0000] {processor.py:161} INFO - Started process (PID=14833) to work on /usr/local/lib/python3.10/dist-packages/airflow/example_dags/tutorial_taskflow_api.py
[2024-03-12T09:37:03.759+0000] {processor.py:830} INFO - Processing file /usr/local/lib/python3.10/dist-packages/airflow/example_dags/tutorial_taskflow_api.py for tasks to queue
[2024-03-12T09:37:03.761+0000] {logging_mixin.py:188} INFO - [2024-03-12T09:37:03.760+0000] {dagbag.py:540} INFO - Filling up the DagBag from /usr/local/lib/python3.10/dist-packages/airflow/example_dags/tutorial_taskflow_api.py
[2024-03-12T09:37:03.770+0000] {processor.py:840} INFO - DAG(s) 'tutorial_taskflow_api' retrieved from /usr/local/lib/python3.10/dist-packages/airflow/example_dags/tutorial_taskflow_api.py
[2024-03-12T09:37:03.788+0000] {logging_mixin.py:188} INFO - [2024-03-12T09:37:03.788+0000] {dag.py:3047} INFO - Sync 1 DAGs
[2024-03-12T09:37:03.801+0000] {logging_mixin.py:188} INFO - [2024-03-12T09:37:03.801+0000] {dag.py:3834} INFO - Setting next_dagrun for tutorial_taskflow_api to None, run_after=None
[2024-03-12T09:37:03.829+0000] {processor.py:183} INFO - Processing /usr/local/lib/python3.10/dist-packages/airflow/example_dags/tutorial_taskflow_api.py took 0.076 seconds
[2024-03-12T09:37:45.616+0000] {processor.py:161} INFO - Started process (PID=14875) to work on /usr/local/lib/python3.10/dist-packages/airflow/example_dags/tutorial_taskflow_api.py
[2024-03-12T09:37:45.617+0000] {processor.py:830} INFO - Processing file /usr/local/lib/python3.10/dist-packages/airflow/example_dags/tutorial_taskflow_api.py for tasks to queue
[2024-03-12T09:37:45.619+0000] {logging_mixin.py:188} INFO - [2024-03-12T09:37:45.618+0000] {dagbag.py:540} INFO - Filling up the DagBag from /usr/local/lib/python3.10/dist-packages/airflow/example_dags/tutorial_taskflow_api.py
[2024-03-12T09:37:45.627+0000] {processor.py:840} INFO - DAG(s) 'tutorial_taskflow_api' retrieved from /usr/local/lib/python3.10/dist-packages/airflow/example_dags/tutorial_taskflow_api.py
[2024-03-12T09:37:45.647+0000] {logging_mixin.py:188} INFO - [2024-03-12T09:37:45.647+0000] {dag.py:3047} INFO - Sync 1 DAGs
[2024-03-12T09:37:45.660+0000] {logging_mixin.py:188} INFO - [2024-03-12T09:37:45.660+0000] {dag.py:3834} INFO - Setting next_dagrun for tutorial_taskflow_api to None, run_after=None
[2024-03-12T09:37:45.686+0000] {processor.py:183} INFO - Processing /usr/local/lib/python3.10/dist-packages/airflow/example_dags/tutorial_taskflow_api.py took 0.074 seconds
[2024-03-12T09:38:26.635+0000] {processor.py:161} INFO - Started process (PID=14915) to work on /usr/local/lib/python3.10/dist-packages/airflow/example_dags/tutorial_taskflow_api.py
[2024-03-12T09:38:26.641+0000] {processor.py:830} INFO - Processing file /usr/local/lib/python3.10/dist-packages/airflow/example_dags/tutorial_taskflow_api.py for tasks to queue
[2024-03-12T09:38:26.642+0000] {logging_mixin.py:188} INFO - [2024-03-12T09:38:26.642+0000] {dagbag.py:540} INFO - Filling up the DagBag from /usr/local/lib/python3.10/dist-packages/airflow/example_dags/tutorial_taskflow_api.py
[2024-03-12T09:38:26.658+0000] {processor.py:840} INFO - DAG(s) 'tutorial_taskflow_api' retrieved from /usr/local/lib/python3.10/dist-packages/airflow/example_dags/tutorial_taskflow_api.py
[2024-03-12T09:38:26.685+0000] {logging_mixin.py:188} INFO - [2024-03-12T09:38:26.685+0000] {dag.py:3047} INFO - Sync 1 DAGs
[2024-03-12T09:38:26.701+0000] {logging_mixin.py:188} INFO - [2024-03-12T09:38:26.700+0000] {dag.py:3834} INFO - Setting next_dagrun for tutorial_taskflow_api to None, run_after=None
[2024-03-12T09:38:26.736+0000] {processor.py:183} INFO - Processing /usr/local/lib/python3.10/dist-packages/airflow/example_dags/tutorial_taskflow_api.py took 0.106 seconds
[2024-03-12T09:39:08.891+0000] {processor.py:161} INFO - Started process (PID=14955) to work on /usr/local/lib/python3.10/dist-packages/airflow/example_dags/tutorial_taskflow_api.py
[2024-03-12T09:39:08.892+0000] {processor.py:830} INFO - Processing file /usr/local/lib/python3.10/dist-packages/airflow/example_dags/tutorial_taskflow_api.py for tasks to queue
[2024-03-12T09:39:08.893+0000] {logging_mixin.py:188} INFO - [2024-03-12T09:39:08.893+0000] {dagbag.py:540} INFO - Filling up the DagBag from /usr/local/lib/python3.10/dist-packages/airflow/example_dags/tutorial_taskflow_api.py
[2024-03-12T09:39:08.901+0000] {processor.py:840} INFO - DAG(s) 'tutorial_taskflow_api' retrieved from /usr/local/lib/python3.10/dist-packages/airflow/example_dags/tutorial_taskflow_api.py
[2024-03-12T09:39:08.920+0000] {logging_mixin.py:188} INFO - [2024-03-12T09:39:08.919+0000] {dag.py:3047} INFO - Sync 1 DAGs
[2024-03-12T09:39:08.949+0000] {logging_mixin.py:188} INFO - [2024-03-12T09:39:08.947+0000] {dag.py:3834} INFO - Setting next_dagrun for tutorial_taskflow_api to None, run_after=None
[2024-03-12T09:39:08.995+0000] {processor.py:183} INFO - Processing /usr/local/lib/python3.10/dist-packages/airflow/example_dags/tutorial_taskflow_api.py took 0.108 seconds
[2024-03-12T09:39:53.114+0000] {processor.py:161} INFO - Started process (PID=14997) to work on /usr/local/lib/python3.10/dist-packages/airflow/example_dags/tutorial_taskflow_api.py
[2024-03-12T09:39:53.116+0000] {processor.py:830} INFO - Processing file /usr/local/lib/python3.10/dist-packages/airflow/example_dags/tutorial_taskflow_api.py for tasks to queue
[2024-03-12T09:39:53.117+0000] {logging_mixin.py:188} INFO - [2024-03-12T09:39:53.117+0000] {dagbag.py:540} INFO - Filling up the DagBag from /usr/local/lib/python3.10/dist-packages/airflow/example_dags/tutorial_taskflow_api.py
[2024-03-12T09:39:53.129+0000] {processor.py:840} INFO - DAG(s) 'tutorial_taskflow_api' retrieved from /usr/local/lib/python3.10/dist-packages/airflow/example_dags/tutorial_taskflow_api.py
[2024-03-12T09:39:53.153+0000] {logging_mixin.py:188} INFO - [2024-03-12T09:39:53.153+0000] {dag.py:3047} INFO - Sync 1 DAGs
[2024-03-12T09:39:53.168+0000] {logging_mixin.py:188} INFO - [2024-03-12T09:39:53.167+0000] {dag.py:3834} INFO - Setting next_dagrun for tutorial_taskflow_api to None, run_after=None
[2024-03-12T09:39:53.198+0000] {processor.py:183} INFO - Processing /usr/local/lib/python3.10/dist-packages/airflow/example_dags/tutorial_taskflow_api.py took 0.088 seconds
[2024-03-12T09:40:35.250+0000] {processor.py:161} INFO - Started process (PID=15038) to work on /usr/local/lib/python3.10/dist-packages/airflow/example_dags/tutorial_taskflow_api.py
[2024-03-12T09:40:35.252+0000] {processor.py:830} INFO - Processing file /usr/local/lib/python3.10/dist-packages/airflow/example_dags/tutorial_taskflow_api.py for tasks to queue
[2024-03-12T09:40:35.253+0000] {logging_mixin.py:188} INFO - [2024-03-12T09:40:35.252+0000] {dagbag.py:540} INFO - Filling up the DagBag from /usr/local/lib/python3.10/dist-packages/airflow/example_dags/tutorial_taskflow_api.py
[2024-03-12T09:40:35.264+0000] {processor.py:840} INFO - DAG(s) 'tutorial_taskflow_api' retrieved from /usr/local/lib/python3.10/dist-packages/airflow/example_dags/tutorial_taskflow_api.py
[2024-03-12T09:40:35.287+0000] {logging_mixin.py:188} INFO - [2024-03-12T09:40:35.287+0000] {dag.py:3047} INFO - Sync 1 DAGs
[2024-03-12T09:40:35.300+0000] {logging_mixin.py:188} INFO - [2024-03-12T09:40:35.300+0000] {dag.py:3834} INFO - Setting next_dagrun for tutorial_taskflow_api to None, run_after=None
[2024-03-12T09:40:35.331+0000] {processor.py:183} INFO - Processing /usr/local/lib/python3.10/dist-packages/airflow/example_dags/tutorial_taskflow_api.py took 0.085 seconds
[2024-03-12T09:41:18.237+0000] {processor.py:161} INFO - Started process (PID=15080) to work on /usr/local/lib/python3.10/dist-packages/airflow/example_dags/tutorial_taskflow_api.py
[2024-03-12T09:41:18.239+0000] {processor.py:830} INFO - Processing file /usr/local/lib/python3.10/dist-packages/airflow/example_dags/tutorial_taskflow_api.py for tasks to queue
[2024-03-12T09:41:18.240+0000] {logging_mixin.py:188} INFO - [2024-03-12T09:41:18.239+0000] {dagbag.py:540} INFO - Filling up the DagBag from /usr/local/lib/python3.10/dist-packages/airflow/example_dags/tutorial_taskflow_api.py
[2024-03-12T09:41:18.248+0000] {processor.py:840} INFO - DAG(s) 'tutorial_taskflow_api' retrieved from /usr/local/lib/python3.10/dist-packages/airflow/example_dags/tutorial_taskflow_api.py
[2024-03-12T09:41:18.268+0000] {logging_mixin.py:188} INFO - [2024-03-12T09:41:18.268+0000] {dag.py:3047} INFO - Sync 1 DAGs
[2024-03-12T09:41:18.285+0000] {logging_mixin.py:188} INFO - [2024-03-12T09:41:18.284+0000] {dag.py:3834} INFO - Setting next_dagrun for tutorial_taskflow_api to None, run_after=None
[2024-03-12T09:41:18.322+0000] {processor.py:183} INFO - Processing /usr/local/lib/python3.10/dist-packages/airflow/example_dags/tutorial_taskflow_api.py took 0.090 seconds
[2024-03-12T09:42:00.403+0000] {processor.py:161} INFO - Started process (PID=15120) to work on /usr/local/lib/python3.10/dist-packages/airflow/example_dags/tutorial_taskflow_api.py
[2024-03-12T09:42:00.404+0000] {processor.py:830} INFO - Processing file /usr/local/lib/python3.10/dist-packages/airflow/example_dags/tutorial_taskflow_api.py for tasks to queue
[2024-03-12T09:42:00.405+0000] {logging_mixin.py:188} INFO - [2024-03-12T09:42:00.405+0000] {dagbag.py:540} INFO - Filling up the DagBag from /usr/local/lib/python3.10/dist-packages/airflow/example_dags/tutorial_taskflow_api.py
[2024-03-12T09:42:00.413+0000] {processor.py:840} INFO - DAG(s) 'tutorial_taskflow_api' retrieved from /usr/local/lib/python3.10/dist-packages/airflow/example_dags/tutorial_taskflow_api.py
[2024-03-12T09:42:00.432+0000] {logging_mixin.py:188} INFO - [2024-03-12T09:42:00.431+0000] {dag.py:3047} INFO - Sync 1 DAGs
[2024-03-12T09:42:00.445+0000] {logging_mixin.py:188} INFO - [2024-03-12T09:42:00.444+0000] {dag.py:3834} INFO - Setting next_dagrun for tutorial_taskflow_api to None, run_after=None
[2024-03-12T09:42:00.470+0000] {processor.py:183} INFO - Processing /usr/local/lib/python3.10/dist-packages/airflow/example_dags/tutorial_taskflow_api.py took 0.071 seconds
[2024-03-12T09:42:41.125+0000] {processor.py:161} INFO - Started process (PID=15164) to work on /usr/local/lib/python3.10/dist-packages/airflow/example_dags/tutorial_taskflow_api.py
[2024-03-12T09:42:41.127+0000] {processor.py:830} INFO - Processing file /usr/local/lib/python3.10/dist-packages/airflow/example_dags/tutorial_taskflow_api.py for tasks to queue
[2024-03-12T09:42:41.128+0000] {logging_mixin.py:188} INFO - [2024-03-12T09:42:41.128+0000] {dagbag.py:540} INFO - Filling up the DagBag from /usr/local/lib/python3.10/dist-packages/airflow/example_dags/tutorial_taskflow_api.py
[2024-03-12T09:42:41.140+0000] {processor.py:840} INFO - DAG(s) 'tutorial_taskflow_api' retrieved from /usr/local/lib/python3.10/dist-packages/airflow/example_dags/tutorial_taskflow_api.py
[2024-03-12T09:42:41.162+0000] {logging_mixin.py:188} INFO - [2024-03-12T09:42:41.162+0000] {dag.py:3047} INFO - Sync 1 DAGs
[2024-03-12T09:42:41.175+0000] {logging_mixin.py:188} INFO - [2024-03-12T09:42:41.175+0000] {dag.py:3834} INFO - Setting next_dagrun for tutorial_taskflow_api to None, run_after=None
[2024-03-12T09:42:41.205+0000] {processor.py:183} INFO - Processing /usr/local/lib/python3.10/dist-packages/airflow/example_dags/tutorial_taskflow_api.py took 0.084 seconds
[2024-03-12T09:43:20.460+0000] {processor.py:161} INFO - Started process (PID=15272) to work on /usr/local/lib/python3.10/dist-packages/airflow/example_dags/tutorial_taskflow_api.py
[2024-03-12T09:43:20.462+0000] {processor.py:830} INFO - Processing file /usr/local/lib/python3.10/dist-packages/airflow/example_dags/tutorial_taskflow_api.py for tasks to queue
[2024-03-12T09:43:20.464+0000] {logging_mixin.py:188} INFO - [2024-03-12T09:43:20.463+0000] {dagbag.py:540} INFO - Filling up the DagBag from /usr/local/lib/python3.10/dist-packages/airflow/example_dags/tutorial_taskflow_api.py
[2024-03-12T09:43:20.484+0000] {processor.py:840} INFO - DAG(s) 'tutorial_taskflow_api' retrieved from /usr/local/lib/python3.10/dist-packages/airflow/example_dags/tutorial_taskflow_api.py
[2024-03-12T09:43:20.524+0000] {logging_mixin.py:188} INFO - [2024-03-12T09:43:20.524+0000] {dag.py:3047} INFO - Sync 1 DAGs
[2024-03-12T09:43:20.554+0000] {logging_mixin.py:188} INFO - [2024-03-12T09:43:20.551+0000] {dag.py:3834} INFO - Setting next_dagrun for tutorial_taskflow_api to None, run_after=None
[2024-03-12T09:43:20.608+0000] {processor.py:183} INFO - Processing /usr/local/lib/python3.10/dist-packages/airflow/example_dags/tutorial_taskflow_api.py took 0.157 seconds
[2024-03-12T09:44:04.362+0000] {processor.py:161} INFO - Started process (PID=15329) to work on /usr/local/lib/python3.10/dist-packages/airflow/example_dags/tutorial_taskflow_api.py
[2024-03-12T09:44:04.364+0000] {processor.py:830} INFO - Processing file /usr/local/lib/python3.10/dist-packages/airflow/example_dags/tutorial_taskflow_api.py for tasks to queue
[2024-03-12T09:44:04.365+0000] {logging_mixin.py:188} INFO - [2024-03-12T09:44:04.365+0000] {dagbag.py:540} INFO - Filling up the DagBag from /usr/local/lib/python3.10/dist-packages/airflow/example_dags/tutorial_taskflow_api.py
[2024-03-12T09:44:04.374+0000] {processor.py:840} INFO - DAG(s) 'tutorial_taskflow_api' retrieved from /usr/local/lib/python3.10/dist-packages/airflow/example_dags/tutorial_taskflow_api.py
[2024-03-12T09:44:04.391+0000] {logging_mixin.py:188} INFO - [2024-03-12T09:44:04.390+0000] {dag.py:3047} INFO - Sync 1 DAGs
[2024-03-12T09:44:04.402+0000] {logging_mixin.py:188} INFO - [2024-03-12T09:44:04.402+0000] {dag.py:3834} INFO - Setting next_dagrun for tutorial_taskflow_api to None, run_after=None
[2024-03-12T09:44:04.427+0000] {processor.py:183} INFO - Processing /usr/local/lib/python3.10/dist-packages/airflow/example_dags/tutorial_taskflow_api.py took 0.068 seconds
[2024-03-12T09:44:47.297+0000] {processor.py:161} INFO - Started process (PID=15372) to work on /usr/local/lib/python3.10/dist-packages/airflow/example_dags/tutorial_taskflow_api.py
[2024-03-12T09:44:47.300+0000] {processor.py:830} INFO - Processing file /usr/local/lib/python3.10/dist-packages/airflow/example_dags/tutorial_taskflow_api.py for tasks to queue
[2024-03-12T09:44:47.303+0000] {logging_mixin.py:188} INFO - [2024-03-12T09:44:47.302+0000] {dagbag.py:540} INFO - Filling up the DagBag from /usr/local/lib/python3.10/dist-packages/airflow/example_dags/tutorial_taskflow_api.py
[2024-03-12T09:44:47.314+0000] {processor.py:840} INFO - DAG(s) 'tutorial_taskflow_api' retrieved from /usr/local/lib/python3.10/dist-packages/airflow/example_dags/tutorial_taskflow_api.py
[2024-03-12T09:44:47.334+0000] {logging_mixin.py:188} INFO - [2024-03-12T09:44:47.333+0000] {dag.py:3047} INFO - Sync 1 DAGs
[2024-03-12T09:44:47.349+0000] {logging_mixin.py:188} INFO - [2024-03-12T09:44:47.349+0000] {dag.py:3834} INFO - Setting next_dagrun for tutorial_taskflow_api to None, run_after=None
[2024-03-12T09:44:47.383+0000] {processor.py:183} INFO - Processing /usr/local/lib/python3.10/dist-packages/airflow/example_dags/tutorial_taskflow_api.py took 0.091 seconds
[2024-03-12T09:45:31.955+0000] {processor.py:161} INFO - Started process (PID=15414) to work on /usr/local/lib/python3.10/dist-packages/airflow/example_dags/tutorial_taskflow_api.py
[2024-03-12T09:45:31.956+0000] {processor.py:830} INFO - Processing file /usr/local/lib/python3.10/dist-packages/airflow/example_dags/tutorial_taskflow_api.py for tasks to queue
[2024-03-12T09:45:31.958+0000] {logging_mixin.py:188} INFO - [2024-03-12T09:45:31.957+0000] {dagbag.py:540} INFO - Filling up the DagBag from /usr/local/lib/python3.10/dist-packages/airflow/example_dags/tutorial_taskflow_api.py
[2024-03-12T09:45:31.967+0000] {processor.py:840} INFO - DAG(s) 'tutorial_taskflow_api' retrieved from /usr/local/lib/python3.10/dist-packages/airflow/example_dags/tutorial_taskflow_api.py
[2024-03-12T09:45:31.990+0000] {logging_mixin.py:188} INFO - [2024-03-12T09:45:31.990+0000] {dag.py:3047} INFO - Sync 1 DAGs
[2024-03-12T09:45:32.015+0000] {logging_mixin.py:188} INFO - [2024-03-12T09:45:32.014+0000] {dag.py:3834} INFO - Setting next_dagrun for tutorial_taskflow_api to None, run_after=None
[2024-03-12T09:45:32.048+0000] {processor.py:183} INFO - Processing /usr/local/lib/python3.10/dist-packages/airflow/example_dags/tutorial_taskflow_api.py took 0.098 seconds
[2024-03-12T09:46:11.478+0000] {processor.py:161} INFO - Started process (PID=15454) to work on /usr/local/lib/python3.10/dist-packages/airflow/example_dags/tutorial_taskflow_api.py
[2024-03-12T09:46:11.479+0000] {processor.py:830} INFO - Processing file /usr/local/lib/python3.10/dist-packages/airflow/example_dags/tutorial_taskflow_api.py for tasks to queue
[2024-03-12T09:46:11.482+0000] {logging_mixin.py:188} INFO - [2024-03-12T09:46:11.481+0000] {dagbag.py:540} INFO - Filling up the DagBag from /usr/local/lib/python3.10/dist-packages/airflow/example_dags/tutorial_taskflow_api.py
[2024-03-12T09:46:11.494+0000] {processor.py:840} INFO - DAG(s) 'tutorial_taskflow_api' retrieved from /usr/local/lib/python3.10/dist-packages/airflow/example_dags/tutorial_taskflow_api.py
[2024-03-12T09:46:11.524+0000] {logging_mixin.py:188} INFO - [2024-03-12T09:46:11.524+0000] {dag.py:3047} INFO - Sync 1 DAGs
[2024-03-12T09:46:11.543+0000] {logging_mixin.py:188} INFO - [2024-03-12T09:46:11.543+0000] {dag.py:3834} INFO - Setting next_dagrun for tutorial_taskflow_api to None, run_after=None
[2024-03-12T09:46:11.575+0000] {processor.py:183} INFO - Processing /usr/local/lib/python3.10/dist-packages/airflow/example_dags/tutorial_taskflow_api.py took 0.102 seconds
[2024-03-12T09:46:52.368+0000] {processor.py:161} INFO - Started process (PID=15495) to work on /usr/local/lib/python3.10/dist-packages/airflow/example_dags/tutorial_taskflow_api.py
[2024-03-12T09:46:52.370+0000] {processor.py:830} INFO - Processing file /usr/local/lib/python3.10/dist-packages/airflow/example_dags/tutorial_taskflow_api.py for tasks to queue
[2024-03-12T09:46:52.371+0000] {logging_mixin.py:188} INFO - [2024-03-12T09:46:52.370+0000] {dagbag.py:540} INFO - Filling up the DagBag from /usr/local/lib/python3.10/dist-packages/airflow/example_dags/tutorial_taskflow_api.py
[2024-03-12T09:46:52.379+0000] {processor.py:840} INFO - DAG(s) 'tutorial_taskflow_api' retrieved from /usr/local/lib/python3.10/dist-packages/airflow/example_dags/tutorial_taskflow_api.py
[2024-03-12T09:46:52.400+0000] {logging_mixin.py:188} INFO - [2024-03-12T09:46:52.399+0000] {dag.py:3047} INFO - Sync 1 DAGs
[2024-03-12T09:46:52.413+0000] {logging_mixin.py:188} INFO - [2024-03-12T09:46:52.412+0000] {dag.py:3834} INFO - Setting next_dagrun for tutorial_taskflow_api to None, run_after=None
[2024-03-12T09:46:52.440+0000] {processor.py:183} INFO - Processing /usr/local/lib/python3.10/dist-packages/airflow/example_dags/tutorial_taskflow_api.py took 0.075 seconds
[2024-03-12T09:47:32.987+0000] {processor.py:161} INFO - Started process (PID=15532) to work on /usr/local/lib/python3.10/dist-packages/airflow/example_dags/tutorial_taskflow_api.py
[2024-03-12T09:47:32.988+0000] {processor.py:830} INFO - Processing file /usr/local/lib/python3.10/dist-packages/airflow/example_dags/tutorial_taskflow_api.py for tasks to queue
[2024-03-12T09:47:32.990+0000] {logging_mixin.py:188} INFO - [2024-03-12T09:47:32.989+0000] {dagbag.py:540} INFO - Filling up the DagBag from /usr/local/lib/python3.10/dist-packages/airflow/example_dags/tutorial_taskflow_api.py
[2024-03-12T09:47:32.998+0000] {processor.py:840} INFO - DAG(s) 'tutorial_taskflow_api' retrieved from /usr/local/lib/python3.10/dist-packages/airflow/example_dags/tutorial_taskflow_api.py
[2024-03-12T09:47:33.021+0000] {logging_mixin.py:188} INFO - [2024-03-12T09:47:33.020+0000] {dag.py:3047} INFO - Sync 1 DAGs
[2024-03-12T09:47:33.036+0000] {logging_mixin.py:188} INFO - [2024-03-12T09:47:33.036+0000] {dag.py:3834} INFO - Setting next_dagrun for tutorial_taskflow_api to None, run_after=None
[2024-03-12T09:47:33.073+0000] {processor.py:183} INFO - Processing /usr/local/lib/python3.10/dist-packages/airflow/example_dags/tutorial_taskflow_api.py took 0.090 seconds
[2024-03-12T09:48:15.616+0000] {processor.py:161} INFO - Started process (PID=15576) to work on /usr/local/lib/python3.10/dist-packages/airflow/example_dags/tutorial_taskflow_api.py
[2024-03-12T09:48:15.618+0000] {processor.py:830} INFO - Processing file /usr/local/lib/python3.10/dist-packages/airflow/example_dags/tutorial_taskflow_api.py for tasks to queue
[2024-03-12T09:48:15.619+0000] {logging_mixin.py:188} INFO - [2024-03-12T09:48:15.618+0000] {dagbag.py:540} INFO - Filling up the DagBag from /usr/local/lib/python3.10/dist-packages/airflow/example_dags/tutorial_taskflow_api.py
[2024-03-12T09:48:15.627+0000] {processor.py:840} INFO - DAG(s) 'tutorial_taskflow_api' retrieved from /usr/local/lib/python3.10/dist-packages/airflow/example_dags/tutorial_taskflow_api.py
[2024-03-12T09:48:15.647+0000] {logging_mixin.py:188} INFO - [2024-03-12T09:48:15.646+0000] {dag.py:3047} INFO - Sync 1 DAGs
[2024-03-12T09:48:15.663+0000] {logging_mixin.py:188} INFO - [2024-03-12T09:48:15.663+0000] {dag.py:3834} INFO - Setting next_dagrun for tutorial_taskflow_api to None, run_after=None
[2024-03-12T09:48:15.691+0000] {processor.py:183} INFO - Processing /usr/local/lib/python3.10/dist-packages/airflow/example_dags/tutorial_taskflow_api.py took 0.079 seconds
[2024-03-12T09:48:55.048+0000] {processor.py:161} INFO - Started process (PID=15619) to work on /usr/local/lib/python3.10/dist-packages/airflow/example_dags/tutorial_taskflow_api.py
[2024-03-12T09:48:55.051+0000] {processor.py:830} INFO - Processing file /usr/local/lib/python3.10/dist-packages/airflow/example_dags/tutorial_taskflow_api.py for tasks to queue
[2024-03-12T09:48:55.052+0000] {logging_mixin.py:188} INFO - [2024-03-12T09:48:55.052+0000] {dagbag.py:540} INFO - Filling up the DagBag from /usr/local/lib/python3.10/dist-packages/airflow/example_dags/tutorial_taskflow_api.py
[2024-03-12T09:48:55.063+0000] {processor.py:840} INFO - DAG(s) 'tutorial_taskflow_api' retrieved from /usr/local/lib/python3.10/dist-packages/airflow/example_dags/tutorial_taskflow_api.py
[2024-03-12T09:48:55.080+0000] {logging_mixin.py:188} INFO - [2024-03-12T09:48:55.080+0000] {dag.py:3047} INFO - Sync 1 DAGs
[2024-03-12T09:48:55.112+0000] {logging_mixin.py:188} INFO - [2024-03-12T09:48:55.112+0000] {dag.py:3834} INFO - Setting next_dagrun for tutorial_taskflow_api to None, run_after=None
[2024-03-12T09:48:55.152+0000] {processor.py:183} INFO - Processing /usr/local/lib/python3.10/dist-packages/airflow/example_dags/tutorial_taskflow_api.py took 0.114 seconds
[2024-03-12T09:49:37.007+0000] {processor.py:161} INFO - Started process (PID=15660) to work on /usr/local/lib/python3.10/dist-packages/airflow/example_dags/tutorial_taskflow_api.py
[2024-03-12T09:49:37.009+0000] {processor.py:830} INFO - Processing file /usr/local/lib/python3.10/dist-packages/airflow/example_dags/tutorial_taskflow_api.py for tasks to queue
[2024-03-12T09:49:37.010+0000] {logging_mixin.py:188} INFO - [2024-03-12T09:49:37.009+0000] {dagbag.py:540} INFO - Filling up the DagBag from /usr/local/lib/python3.10/dist-packages/airflow/example_dags/tutorial_taskflow_api.py
[2024-03-12T09:49:37.020+0000] {processor.py:840} INFO - DAG(s) 'tutorial_taskflow_api' retrieved from /usr/local/lib/python3.10/dist-packages/airflow/example_dags/tutorial_taskflow_api.py
[2024-03-12T09:49:37.043+0000] {logging_mixin.py:188} INFO - [2024-03-12T09:49:37.043+0000] {dag.py:3047} INFO - Sync 1 DAGs
[2024-03-12T09:49:37.062+0000] {logging_mixin.py:188} INFO - [2024-03-12T09:49:37.062+0000] {dag.py:3834} INFO - Setting next_dagrun for tutorial_taskflow_api to None, run_after=None
[2024-03-12T09:49:37.091+0000] {processor.py:183} INFO - Processing /usr/local/lib/python3.10/dist-packages/airflow/example_dags/tutorial_taskflow_api.py took 0.088 seconds
[2024-03-12T09:50:21.269+0000] {processor.py:161} INFO - Started process (PID=15702) to work on /usr/local/lib/python3.10/dist-packages/airflow/example_dags/tutorial_taskflow_api.py
[2024-03-12T09:50:21.271+0000] {processor.py:830} INFO - Processing file /usr/local/lib/python3.10/dist-packages/airflow/example_dags/tutorial_taskflow_api.py for tasks to queue
[2024-03-12T09:50:21.272+0000] {logging_mixin.py:188} INFO - [2024-03-12T09:50:21.272+0000] {dagbag.py:540} INFO - Filling up the DagBag from /usr/local/lib/python3.10/dist-packages/airflow/example_dags/tutorial_taskflow_api.py
[2024-03-12T09:50:21.289+0000] {processor.py:840} INFO - DAG(s) 'tutorial_taskflow_api' retrieved from /usr/local/lib/python3.10/dist-packages/airflow/example_dags/tutorial_taskflow_api.py
[2024-03-12T09:50:21.310+0000] {logging_mixin.py:188} INFO - [2024-03-12T09:50:21.309+0000] {dag.py:3047} INFO - Sync 1 DAGs
[2024-03-12T09:50:21.324+0000] {logging_mixin.py:188} INFO - [2024-03-12T09:50:21.324+0000] {dag.py:3834} INFO - Setting next_dagrun for tutorial_taskflow_api to None, run_after=None
[2024-03-12T09:50:21.355+0000] {processor.py:183} INFO - Processing /usr/local/lib/python3.10/dist-packages/airflow/example_dags/tutorial_taskflow_api.py took 0.090 seconds
[2024-03-12T09:51:06.752+0000] {processor.py:161} INFO - Started process (PID=15744) to work on /usr/local/lib/python3.10/dist-packages/airflow/example_dags/tutorial_taskflow_api.py
[2024-03-12T09:51:06.754+0000] {processor.py:830} INFO - Processing file /usr/local/lib/python3.10/dist-packages/airflow/example_dags/tutorial_taskflow_api.py for tasks to queue
[2024-03-12T09:51:06.755+0000] {logging_mixin.py:188} INFO - [2024-03-12T09:51:06.754+0000] {dagbag.py:540} INFO - Filling up the DagBag from /usr/local/lib/python3.10/dist-packages/airflow/example_dags/tutorial_taskflow_api.py
[2024-03-12T09:51:06.763+0000] {processor.py:840} INFO - DAG(s) 'tutorial_taskflow_api' retrieved from /usr/local/lib/python3.10/dist-packages/airflow/example_dags/tutorial_taskflow_api.py
[2024-03-12T09:51:06.784+0000] {logging_mixin.py:188} INFO - [2024-03-12T09:51:06.783+0000] {dag.py:3047} INFO - Sync 1 DAGs
[2024-03-12T09:51:06.797+0000] {logging_mixin.py:188} INFO - [2024-03-12T09:51:06.797+0000] {dag.py:3834} INFO - Setting next_dagrun for tutorial_taskflow_api to None, run_after=None
[2024-03-12T09:51:06.833+0000] {processor.py:183} INFO - Processing /usr/local/lib/python3.10/dist-packages/airflow/example_dags/tutorial_taskflow_api.py took 0.084 seconds
[2024-03-12T09:51:54.539+0000] {processor.py:161} INFO - Started process (PID=15789) to work on /usr/local/lib/python3.10/dist-packages/airflow/example_dags/tutorial_taskflow_api.py
[2024-03-12T09:51:54.540+0000] {processor.py:830} INFO - Processing file /usr/local/lib/python3.10/dist-packages/airflow/example_dags/tutorial_taskflow_api.py for tasks to queue
[2024-03-12T09:51:54.541+0000] {logging_mixin.py:188} INFO - [2024-03-12T09:51:54.541+0000] {dagbag.py:540} INFO - Filling up the DagBag from /usr/local/lib/python3.10/dist-packages/airflow/example_dags/tutorial_taskflow_api.py
[2024-03-12T09:51:54.550+0000] {processor.py:840} INFO - DAG(s) 'tutorial_taskflow_api' retrieved from /usr/local/lib/python3.10/dist-packages/airflow/example_dags/tutorial_taskflow_api.py
[2024-03-12T09:51:54.569+0000] {logging_mixin.py:188} INFO - [2024-03-12T09:51:54.569+0000] {dag.py:3047} INFO - Sync 1 DAGs
[2024-03-12T09:51:54.582+0000] {logging_mixin.py:188} INFO - [2024-03-12T09:51:54.582+0000] {dag.py:3834} INFO - Setting next_dagrun for tutorial_taskflow_api to None, run_after=None
[2024-03-12T09:51:54.617+0000] {processor.py:183} INFO - Processing /usr/local/lib/python3.10/dist-packages/airflow/example_dags/tutorial_taskflow_api.py took 0.083 seconds
[2024-03-12T09:52:39.058+0000] {processor.py:161} INFO - Started process (PID=15835) to work on /usr/local/lib/python3.10/dist-packages/airflow/example_dags/tutorial_taskflow_api.py
[2024-03-12T09:52:39.059+0000] {processor.py:830} INFO - Processing file /usr/local/lib/python3.10/dist-packages/airflow/example_dags/tutorial_taskflow_api.py for tasks to queue
[2024-03-12T09:52:39.060+0000] {logging_mixin.py:188} INFO - [2024-03-12T09:52:39.060+0000] {dagbag.py:540} INFO - Filling up the DagBag from /usr/local/lib/python3.10/dist-packages/airflow/example_dags/tutorial_taskflow_api.py
[2024-03-12T09:52:39.069+0000] {processor.py:840} INFO - DAG(s) 'tutorial_taskflow_api' retrieved from /usr/local/lib/python3.10/dist-packages/airflow/example_dags/tutorial_taskflow_api.py
[2024-03-12T09:52:39.111+0000] {logging_mixin.py:188} INFO - [2024-03-12T09:52:39.110+0000] {dag.py:3047} INFO - Sync 1 DAGs
[2024-03-12T09:52:39.153+0000] {logging_mixin.py:188} INFO - [2024-03-12T09:52:39.152+0000] {dag.py:3834} INFO - Setting next_dagrun for tutorial_taskflow_api to None, run_after=None
[2024-03-12T09:52:39.182+0000] {processor.py:183} INFO - Processing /usr/local/lib/python3.10/dist-packages/airflow/example_dags/tutorial_taskflow_api.py took 0.129 seconds
[2024-03-12T09:53:21.168+0000] {processor.py:161} INFO - Started process (PID=15876) to work on /usr/local/lib/python3.10/dist-packages/airflow/example_dags/tutorial_taskflow_api.py
[2024-03-12T09:53:21.172+0000] {processor.py:830} INFO - Processing file /usr/local/lib/python3.10/dist-packages/airflow/example_dags/tutorial_taskflow_api.py for tasks to queue
[2024-03-12T09:53:21.175+0000] {logging_mixin.py:188} INFO - [2024-03-12T09:53:21.174+0000] {dagbag.py:540} INFO - Filling up the DagBag from /usr/local/lib/python3.10/dist-packages/airflow/example_dags/tutorial_taskflow_api.py
[2024-03-12T09:53:21.182+0000] {processor.py:840} INFO - DAG(s) 'tutorial_taskflow_api' retrieved from /usr/local/lib/python3.10/dist-packages/airflow/example_dags/tutorial_taskflow_api.py
[2024-03-12T09:53:21.204+0000] {logging_mixin.py:188} INFO - [2024-03-12T09:53:21.204+0000] {dag.py:3047} INFO - Sync 1 DAGs
[2024-03-12T09:53:21.217+0000] {logging_mixin.py:188} INFO - [2024-03-12T09:53:21.216+0000] {dag.py:3834} INFO - Setting next_dagrun for tutorial_taskflow_api to None, run_after=None
[2024-03-12T09:53:21.242+0000] {processor.py:183} INFO - Processing /usr/local/lib/python3.10/dist-packages/airflow/example_dags/tutorial_taskflow_api.py took 0.077 seconds
[2024-03-12T09:54:05.730+0000] {processor.py:161} INFO - Started process (PID=15917) to work on /usr/local/lib/python3.10/dist-packages/airflow/example_dags/tutorial_taskflow_api.py
[2024-03-12T09:54:05.731+0000] {processor.py:830} INFO - Processing file /usr/local/lib/python3.10/dist-packages/airflow/example_dags/tutorial_taskflow_api.py for tasks to queue
[2024-03-12T09:54:05.732+0000] {logging_mixin.py:188} INFO - [2024-03-12T09:54:05.732+0000] {dagbag.py:540} INFO - Filling up the DagBag from /usr/local/lib/python3.10/dist-packages/airflow/example_dags/tutorial_taskflow_api.py
[2024-03-12T09:54:05.743+0000] {processor.py:840} INFO - DAG(s) 'tutorial_taskflow_api' retrieved from /usr/local/lib/python3.10/dist-packages/airflow/example_dags/tutorial_taskflow_api.py
[2024-03-12T09:54:05.762+0000] {logging_mixin.py:188} INFO - [2024-03-12T09:54:05.762+0000] {dag.py:3047} INFO - Sync 1 DAGs
[2024-03-12T09:54:05.779+0000] {logging_mixin.py:188} INFO - [2024-03-12T09:54:05.779+0000] {dag.py:3834} INFO - Setting next_dagrun for tutorial_taskflow_api to None, run_after=None
[2024-03-12T09:54:05.810+0000] {processor.py:183} INFO - Processing /usr/local/lib/python3.10/dist-packages/airflow/example_dags/tutorial_taskflow_api.py took 0.084 seconds
[2024-03-12T09:54:52.615+0000] {processor.py:161} INFO - Started process (PID=15964) to work on /usr/local/lib/python3.10/dist-packages/airflow/example_dags/tutorial_taskflow_api.py
[2024-03-12T09:54:52.617+0000] {processor.py:830} INFO - Processing file /usr/local/lib/python3.10/dist-packages/airflow/example_dags/tutorial_taskflow_api.py for tasks to queue
[2024-03-12T09:54:52.618+0000] {logging_mixin.py:188} INFO - [2024-03-12T09:54:52.618+0000] {dagbag.py:540} INFO - Filling up the DagBag from /usr/local/lib/python3.10/dist-packages/airflow/example_dags/tutorial_taskflow_api.py
[2024-03-12T09:54:52.629+0000] {processor.py:840} INFO - DAG(s) 'tutorial_taskflow_api' retrieved from /usr/local/lib/python3.10/dist-packages/airflow/example_dags/tutorial_taskflow_api.py
[2024-03-12T09:54:52.656+0000] {logging_mixin.py:188} INFO - [2024-03-12T09:54:52.656+0000] {dag.py:3047} INFO - Sync 1 DAGs
[2024-03-12T09:54:52.680+0000] {logging_mixin.py:188} INFO - [2024-03-12T09:54:52.680+0000] {dag.py:3834} INFO - Setting next_dagrun for tutorial_taskflow_api to None, run_after=None
[2024-03-12T09:54:52.711+0000] {processor.py:183} INFO - Processing /usr/local/lib/python3.10/dist-packages/airflow/example_dags/tutorial_taskflow_api.py took 0.100 seconds
[2024-03-12T09:55:36.311+0000] {processor.py:161} INFO - Started process (PID=16008) to work on /usr/local/lib/python3.10/dist-packages/airflow/example_dags/tutorial_taskflow_api.py
[2024-03-12T09:55:36.315+0000] {processor.py:830} INFO - Processing file /usr/local/lib/python3.10/dist-packages/airflow/example_dags/tutorial_taskflow_api.py for tasks to queue
[2024-03-12T09:55:36.318+0000] {logging_mixin.py:188} INFO - [2024-03-12T09:55:36.315+0000] {dagbag.py:540} INFO - Filling up the DagBag from /usr/local/lib/python3.10/dist-packages/airflow/example_dags/tutorial_taskflow_api.py
[2024-03-12T09:55:36.344+0000] {processor.py:840} INFO - DAG(s) 'tutorial_taskflow_api' retrieved from /usr/local/lib/python3.10/dist-packages/airflow/example_dags/tutorial_taskflow_api.py
[2024-03-12T09:55:36.391+0000] {logging_mixin.py:188} INFO - [2024-03-12T09:55:36.390+0000] {dag.py:3047} INFO - Sync 1 DAGs
[2024-03-12T09:55:36.414+0000] {logging_mixin.py:188} INFO - [2024-03-12T09:55:36.414+0000] {dag.py:3834} INFO - Setting next_dagrun for tutorial_taskflow_api to None, run_after=None
[2024-03-12T09:55:36.477+0000] {processor.py:183} INFO - Processing /usr/local/lib/python3.10/dist-packages/airflow/example_dags/tutorial_taskflow_api.py took 0.180 seconds
[2024-03-12T09:56:21.564+0000] {processor.py:161} INFO - Started process (PID=16051) to work on /usr/local/lib/python3.10/dist-packages/airflow/example_dags/tutorial_taskflow_api.py
[2024-03-12T09:56:21.567+0000] {processor.py:830} INFO - Processing file /usr/local/lib/python3.10/dist-packages/airflow/example_dags/tutorial_taskflow_api.py for tasks to queue
[2024-03-12T09:56:21.568+0000] {logging_mixin.py:188} INFO - [2024-03-12T09:56:21.568+0000] {dagbag.py:540} INFO - Filling up the DagBag from /usr/local/lib/python3.10/dist-packages/airflow/example_dags/tutorial_taskflow_api.py
[2024-03-12T09:56:21.580+0000] {processor.py:840} INFO - DAG(s) 'tutorial_taskflow_api' retrieved from /usr/local/lib/python3.10/dist-packages/airflow/example_dags/tutorial_taskflow_api.py
[2024-03-12T09:56:21.606+0000] {logging_mixin.py:188} INFO - [2024-03-12T09:56:21.605+0000] {dag.py:3047} INFO - Sync 1 DAGs
[2024-03-12T09:56:21.621+0000] {logging_mixin.py:188} INFO - [2024-03-12T09:56:21.620+0000] {dag.py:3834} INFO - Setting next_dagrun for tutorial_taskflow_api to None, run_after=None
[2024-03-12T09:56:21.653+0000] {processor.py:183} INFO - Processing /usr/local/lib/python3.10/dist-packages/airflow/example_dags/tutorial_taskflow_api.py took 0.093 seconds
[2024-03-12T09:57:06.209+0000] {processor.py:161} INFO - Started process (PID=16093) to work on /usr/local/lib/python3.10/dist-packages/airflow/example_dags/tutorial_taskflow_api.py
[2024-03-12T09:57:06.211+0000] {processor.py:830} INFO - Processing file /usr/local/lib/python3.10/dist-packages/airflow/example_dags/tutorial_taskflow_api.py for tasks to queue
[2024-03-12T09:57:06.212+0000] {logging_mixin.py:188} INFO - [2024-03-12T09:57:06.211+0000] {dagbag.py:540} INFO - Filling up the DagBag from /usr/local/lib/python3.10/dist-packages/airflow/example_dags/tutorial_taskflow_api.py
[2024-03-12T09:57:06.221+0000] {processor.py:840} INFO - DAG(s) 'tutorial_taskflow_api' retrieved from /usr/local/lib/python3.10/dist-packages/airflow/example_dags/tutorial_taskflow_api.py
[2024-03-12T09:57:06.239+0000] {logging_mixin.py:188} INFO - [2024-03-12T09:57:06.239+0000] {dag.py:3047} INFO - Sync 1 DAGs
[2024-03-12T09:57:06.252+0000] {logging_mixin.py:188} INFO - [2024-03-12T09:57:06.251+0000] {dag.py:3834} INFO - Setting next_dagrun for tutorial_taskflow_api to None, run_after=None
[2024-03-12T09:57:06.285+0000] {processor.py:183} INFO - Processing /usr/local/lib/python3.10/dist-packages/airflow/example_dags/tutorial_taskflow_api.py took 0.079 seconds
[2024-03-12T09:57:49.628+0000] {processor.py:161} INFO - Started process (PID=16136) to work on /usr/local/lib/python3.10/dist-packages/airflow/example_dags/tutorial_taskflow_api.py
[2024-03-12T09:57:49.630+0000] {processor.py:830} INFO - Processing file /usr/local/lib/python3.10/dist-packages/airflow/example_dags/tutorial_taskflow_api.py for tasks to queue
[2024-03-12T09:57:49.632+0000] {logging_mixin.py:188} INFO - [2024-03-12T09:57:49.631+0000] {dagbag.py:540} INFO - Filling up the DagBag from /usr/local/lib/python3.10/dist-packages/airflow/example_dags/tutorial_taskflow_api.py
[2024-03-12T09:57:49.641+0000] {processor.py:840} INFO - DAG(s) 'tutorial_taskflow_api' retrieved from /usr/local/lib/python3.10/dist-packages/airflow/example_dags/tutorial_taskflow_api.py
[2024-03-12T09:57:49.661+0000] {logging_mixin.py:188} INFO - [2024-03-12T09:57:49.661+0000] {dag.py:3047} INFO - Sync 1 DAGs
[2024-03-12T09:57:49.681+0000] {logging_mixin.py:188} INFO - [2024-03-12T09:57:49.681+0000] {dag.py:3834} INFO - Setting next_dagrun for tutorial_taskflow_api to None, run_after=None
[2024-03-12T09:57:49.711+0000] {processor.py:183} INFO - Processing /usr/local/lib/python3.10/dist-packages/airflow/example_dags/tutorial_taskflow_api.py took 0.087 seconds
[2024-03-12T09:58:32.451+0000] {processor.py:161} INFO - Started process (PID=16188) to work on /usr/local/lib/python3.10/dist-packages/airflow/example_dags/tutorial_taskflow_api.py
[2024-03-12T09:58:32.452+0000] {processor.py:830} INFO - Processing file /usr/local/lib/python3.10/dist-packages/airflow/example_dags/tutorial_taskflow_api.py for tasks to queue
[2024-03-12T09:58:32.457+0000] {logging_mixin.py:188} INFO - [2024-03-12T09:58:32.455+0000] {dagbag.py:540} INFO - Filling up the DagBag from /usr/local/lib/python3.10/dist-packages/airflow/example_dags/tutorial_taskflow_api.py
[2024-03-12T09:58:32.469+0000] {processor.py:840} INFO - DAG(s) 'tutorial_taskflow_api' retrieved from /usr/local/lib/python3.10/dist-packages/airflow/example_dags/tutorial_taskflow_api.py
[2024-03-12T09:58:32.512+0000] {logging_mixin.py:188} INFO - [2024-03-12T09:58:32.511+0000] {dag.py:3047} INFO - Sync 1 DAGs
[2024-03-12T09:58:32.533+0000] {logging_mixin.py:188} INFO - [2024-03-12T09:58:32.532+0000] {dag.py:3834} INFO - Setting next_dagrun for tutorial_taskflow_api to None, run_after=None
[2024-03-12T09:58:32.571+0000] {processor.py:183} INFO - Processing /usr/local/lib/python3.10/dist-packages/airflow/example_dags/tutorial_taskflow_api.py took 0.135 seconds
[2024-03-12T09:59:13.425+0000] {processor.py:161} INFO - Started process (PID=16231) to work on /usr/local/lib/python3.10/dist-packages/airflow/example_dags/tutorial_taskflow_api.py
[2024-03-12T09:59:13.427+0000] {processor.py:830} INFO - Processing file /usr/local/lib/python3.10/dist-packages/airflow/example_dags/tutorial_taskflow_api.py for tasks to queue
[2024-03-12T09:59:13.428+0000] {logging_mixin.py:188} INFO - [2024-03-12T09:59:13.427+0000] {dagbag.py:540} INFO - Filling up the DagBag from /usr/local/lib/python3.10/dist-packages/airflow/example_dags/tutorial_taskflow_api.py
[2024-03-12T09:59:13.435+0000] {processor.py:840} INFO - DAG(s) 'tutorial_taskflow_api' retrieved from /usr/local/lib/python3.10/dist-packages/airflow/example_dags/tutorial_taskflow_api.py
[2024-03-12T09:59:13.451+0000] {logging_mixin.py:188} INFO - [2024-03-12T09:59:13.451+0000] {dag.py:3047} INFO - Sync 1 DAGs
[2024-03-12T09:59:13.463+0000] {logging_mixin.py:188} INFO - [2024-03-12T09:59:13.462+0000] {dag.py:3834} INFO - Setting next_dagrun for tutorial_taskflow_api to None, run_after=None
[2024-03-12T09:59:13.486+0000] {processor.py:183} INFO - Processing /usr/local/lib/python3.10/dist-packages/airflow/example_dags/tutorial_taskflow_api.py took 0.064 seconds
[2024-03-12T09:59:57.246+0000] {processor.py:161} INFO - Started process (PID=16278) to work on /usr/local/lib/python3.10/dist-packages/airflow/example_dags/tutorial_taskflow_api.py
[2024-03-12T09:59:57.248+0000] {processor.py:830} INFO - Processing file /usr/local/lib/python3.10/dist-packages/airflow/example_dags/tutorial_taskflow_api.py for tasks to queue
[2024-03-12T09:59:57.249+0000] {logging_mixin.py:188} INFO - [2024-03-12T09:59:57.248+0000] {dagbag.py:540} INFO - Filling up the DagBag from /usr/local/lib/python3.10/dist-packages/airflow/example_dags/tutorial_taskflow_api.py
[2024-03-12T09:59:57.258+0000] {processor.py:840} INFO - DAG(s) 'tutorial_taskflow_api' retrieved from /usr/local/lib/python3.10/dist-packages/airflow/example_dags/tutorial_taskflow_api.py
[2024-03-12T09:59:57.280+0000] {logging_mixin.py:188} INFO - [2024-03-12T09:59:57.279+0000] {dag.py:3047} INFO - Sync 1 DAGs
[2024-03-12T09:59:57.294+0000] {logging_mixin.py:188} INFO - [2024-03-12T09:59:57.294+0000] {dag.py:3834} INFO - Setting next_dagrun for tutorial_taskflow_api to None, run_after=None
[2024-03-12T09:59:57.324+0000] {processor.py:183} INFO - Processing /usr/local/lib/python3.10/dist-packages/airflow/example_dags/tutorial_taskflow_api.py took 0.082 seconds
[2024-03-12T10:00:38.489+0000] {processor.py:161} INFO - Started process (PID=16323) to work on /usr/local/lib/python3.10/dist-packages/airflow/example_dags/tutorial_taskflow_api.py
[2024-03-12T10:00:38.491+0000] {processor.py:830} INFO - Processing file /usr/local/lib/python3.10/dist-packages/airflow/example_dags/tutorial_taskflow_api.py for tasks to queue
[2024-03-12T10:00:38.493+0000] {logging_mixin.py:188} INFO - [2024-03-12T10:00:38.492+0000] {dagbag.py:540} INFO - Filling up the DagBag from /usr/local/lib/python3.10/dist-packages/airflow/example_dags/tutorial_taskflow_api.py
[2024-03-12T10:00:38.511+0000] {processor.py:840} INFO - DAG(s) 'tutorial_taskflow_api' retrieved from /usr/local/lib/python3.10/dist-packages/airflow/example_dags/tutorial_taskflow_api.py
[2024-03-12T10:00:38.535+0000] {logging_mixin.py:188} INFO - [2024-03-12T10:00:38.535+0000] {dag.py:3047} INFO - Sync 1 DAGs
[2024-03-12T10:00:38.553+0000] {logging_mixin.py:188} INFO - [2024-03-12T10:00:38.553+0000] {dag.py:3834} INFO - Setting next_dagrun for tutorial_taskflow_api to None, run_after=None
[2024-03-12T10:00:38.582+0000] {processor.py:183} INFO - Processing /usr/local/lib/python3.10/dist-packages/airflow/example_dags/tutorial_taskflow_api.py took 0.098 seconds
[2024-03-12T10:01:20.605+0000] {processor.py:161} INFO - Started process (PID=16370) to work on /usr/local/lib/python3.10/dist-packages/airflow/example_dags/tutorial_taskflow_api.py
[2024-03-12T10:01:20.607+0000] {processor.py:830} INFO - Processing file /usr/local/lib/python3.10/dist-packages/airflow/example_dags/tutorial_taskflow_api.py for tasks to queue
[2024-03-12T10:01:20.608+0000] {logging_mixin.py:188} INFO - [2024-03-12T10:01:20.608+0000] {dagbag.py:540} INFO - Filling up the DagBag from /usr/local/lib/python3.10/dist-packages/airflow/example_dags/tutorial_taskflow_api.py
[2024-03-12T10:01:20.621+0000] {processor.py:840} INFO - DAG(s) 'tutorial_taskflow_api' retrieved from /usr/local/lib/python3.10/dist-packages/airflow/example_dags/tutorial_taskflow_api.py
[2024-03-12T10:01:20.644+0000] {logging_mixin.py:188} INFO - [2024-03-12T10:01:20.644+0000] {dag.py:3047} INFO - Sync 1 DAGs
[2024-03-12T10:01:20.657+0000] {logging_mixin.py:188} INFO - [2024-03-12T10:01:20.657+0000] {dag.py:3834} INFO - Setting next_dagrun for tutorial_taskflow_api to None, run_after=None
[2024-03-12T10:01:20.689+0000] {processor.py:183} INFO - Processing /usr/local/lib/python3.10/dist-packages/airflow/example_dags/tutorial_taskflow_api.py took 0.093 seconds
[2024-03-12T10:02:02.418+0000] {processor.py:161} INFO - Started process (PID=16413) to work on /usr/local/lib/python3.10/dist-packages/airflow/example_dags/tutorial_taskflow_api.py
[2024-03-12T10:02:02.420+0000] {processor.py:830} INFO - Processing file /usr/local/lib/python3.10/dist-packages/airflow/example_dags/tutorial_taskflow_api.py for tasks to queue
[2024-03-12T10:02:02.422+0000] {logging_mixin.py:188} INFO - [2024-03-12T10:02:02.421+0000] {dagbag.py:540} INFO - Filling up the DagBag from /usr/local/lib/python3.10/dist-packages/airflow/example_dags/tutorial_taskflow_api.py
[2024-03-12T10:02:02.436+0000] {processor.py:840} INFO - DAG(s) 'tutorial_taskflow_api' retrieved from /usr/local/lib/python3.10/dist-packages/airflow/example_dags/tutorial_taskflow_api.py
[2024-03-12T10:02:02.464+0000] {logging_mixin.py:188} INFO - [2024-03-12T10:02:02.463+0000] {dag.py:3047} INFO - Sync 1 DAGs
[2024-03-12T10:02:02.478+0000] {logging_mixin.py:188} INFO - [2024-03-12T10:02:02.477+0000] {dag.py:3834} INFO - Setting next_dagrun for tutorial_taskflow_api to None, run_after=None
[2024-03-12T10:02:02.518+0000] {processor.py:183} INFO - Processing /usr/local/lib/python3.10/dist-packages/airflow/example_dags/tutorial_taskflow_api.py took 0.103 seconds
[2024-03-12T10:02:44.990+0000] {processor.py:161} INFO - Started process (PID=16457) to work on /usr/local/lib/python3.10/dist-packages/airflow/example_dags/tutorial_taskflow_api.py
[2024-03-12T10:02:44.991+0000] {processor.py:830} INFO - Processing file /usr/local/lib/python3.10/dist-packages/airflow/example_dags/tutorial_taskflow_api.py for tasks to queue
[2024-03-12T10:02:44.992+0000] {logging_mixin.py:188} INFO - [2024-03-12T10:02:44.992+0000] {dagbag.py:540} INFO - Filling up the DagBag from /usr/local/lib/python3.10/dist-packages/airflow/example_dags/tutorial_taskflow_api.py
[2024-03-12T10:02:45.007+0000] {processor.py:840} INFO - DAG(s) 'tutorial_taskflow_api' retrieved from /usr/local/lib/python3.10/dist-packages/airflow/example_dags/tutorial_taskflow_api.py
[2024-03-12T10:02:45.031+0000] {logging_mixin.py:188} INFO - [2024-03-12T10:02:45.030+0000] {dag.py:3047} INFO - Sync 1 DAGs
[2024-03-12T10:02:45.045+0000] {logging_mixin.py:188} INFO - [2024-03-12T10:02:45.044+0000] {dag.py:3834} INFO - Setting next_dagrun for tutorial_taskflow_api to None, run_after=None
[2024-03-12T10:02:45.073+0000] {processor.py:183} INFO - Processing /usr/local/lib/python3.10/dist-packages/airflow/example_dags/tutorial_taskflow_api.py took 0.087 seconds
[2024-03-12T10:03:24.410+0000] {processor.py:161} INFO - Started process (PID=16499) to work on /usr/local/lib/python3.10/dist-packages/airflow/example_dags/tutorial_taskflow_api.py
[2024-03-12T10:03:24.412+0000] {processor.py:830} INFO - Processing file /usr/local/lib/python3.10/dist-packages/airflow/example_dags/tutorial_taskflow_api.py for tasks to queue
[2024-03-12T10:03:24.413+0000] {logging_mixin.py:188} INFO - [2024-03-12T10:03:24.412+0000] {dagbag.py:540} INFO - Filling up the DagBag from /usr/local/lib/python3.10/dist-packages/airflow/example_dags/tutorial_taskflow_api.py
[2024-03-12T10:03:24.427+0000] {processor.py:840} INFO - DAG(s) 'tutorial_taskflow_api' retrieved from /usr/local/lib/python3.10/dist-packages/airflow/example_dags/tutorial_taskflow_api.py
[2024-03-12T10:03:24.447+0000] {logging_mixin.py:188} INFO - [2024-03-12T10:03:24.447+0000] {dag.py:3047} INFO - Sync 1 DAGs
[2024-03-12T10:03:24.467+0000] {logging_mixin.py:188} INFO - [2024-03-12T10:03:24.467+0000] {dag.py:3834} INFO - Setting next_dagrun for tutorial_taskflow_api to None, run_after=None
[2024-03-12T10:03:24.506+0000] {processor.py:183} INFO - Processing /usr/local/lib/python3.10/dist-packages/airflow/example_dags/tutorial_taskflow_api.py took 0.110 seconds
[2024-03-12T10:04:07.195+0000] {processor.py:161} INFO - Started process (PID=16541) to work on /usr/local/lib/python3.10/dist-packages/airflow/example_dags/tutorial_taskflow_api.py
[2024-03-12T10:04:07.198+0000] {processor.py:830} INFO - Processing file /usr/local/lib/python3.10/dist-packages/airflow/example_dags/tutorial_taskflow_api.py for tasks to queue
[2024-03-12T10:04:07.200+0000] {logging_mixin.py:188} INFO - [2024-03-12T10:04:07.199+0000] {dagbag.py:540} INFO - Filling up the DagBag from /usr/local/lib/python3.10/dist-packages/airflow/example_dags/tutorial_taskflow_api.py
[2024-03-12T10:04:07.216+0000] {processor.py:840} INFO - DAG(s) 'tutorial_taskflow_api' retrieved from /usr/local/lib/python3.10/dist-packages/airflow/example_dags/tutorial_taskflow_api.py
[2024-03-12T10:04:07.243+0000] {logging_mixin.py:188} INFO - [2024-03-12T10:04:07.243+0000] {dag.py:3047} INFO - Sync 1 DAGs
[2024-03-12T10:04:07.258+0000] {logging_mixin.py:188} INFO - [2024-03-12T10:04:07.258+0000] {dag.py:3834} INFO - Setting next_dagrun for tutorial_taskflow_api to None, run_after=None
[2024-03-12T10:04:07.284+0000] {processor.py:183} INFO - Processing /usr/local/lib/python3.10/dist-packages/airflow/example_dags/tutorial_taskflow_api.py took 0.094 seconds
[2024-03-12T10:04:47.543+0000] {processor.py:161} INFO - Started process (PID=16582) to work on /usr/local/lib/python3.10/dist-packages/airflow/example_dags/tutorial_taskflow_api.py
[2024-03-12T10:04:47.544+0000] {processor.py:830} INFO - Processing file /usr/local/lib/python3.10/dist-packages/airflow/example_dags/tutorial_taskflow_api.py for tasks to queue
[2024-03-12T10:04:47.545+0000] {logging_mixin.py:188} INFO - [2024-03-12T10:04:47.545+0000] {dagbag.py:540} INFO - Filling up the DagBag from /usr/local/lib/python3.10/dist-packages/airflow/example_dags/tutorial_taskflow_api.py
[2024-03-12T10:04:47.555+0000] {processor.py:840} INFO - DAG(s) 'tutorial_taskflow_api' retrieved from /usr/local/lib/python3.10/dist-packages/airflow/example_dags/tutorial_taskflow_api.py
[2024-03-12T10:04:47.574+0000] {logging_mixin.py:188} INFO - [2024-03-12T10:04:47.574+0000] {dag.py:3047} INFO - Sync 1 DAGs
[2024-03-12T10:04:47.588+0000] {logging_mixin.py:188} INFO - [2024-03-12T10:04:47.588+0000] {dag.py:3834} INFO - Setting next_dagrun for tutorial_taskflow_api to None, run_after=None
[2024-03-12T10:04:47.616+0000] {processor.py:183} INFO - Processing /usr/local/lib/python3.10/dist-packages/airflow/example_dags/tutorial_taskflow_api.py took 0.076 seconds
[2024-03-12T10:05:28.741+0000] {processor.py:161} INFO - Started process (PID=16627) to work on /usr/local/lib/python3.10/dist-packages/airflow/example_dags/tutorial_taskflow_api.py
[2024-03-12T10:05:28.742+0000] {processor.py:830} INFO - Processing file /usr/local/lib/python3.10/dist-packages/airflow/example_dags/tutorial_taskflow_api.py for tasks to queue
[2024-03-12T10:05:28.743+0000] {logging_mixin.py:188} INFO - [2024-03-12T10:05:28.743+0000] {dagbag.py:540} INFO - Filling up the DagBag from /usr/local/lib/python3.10/dist-packages/airflow/example_dags/tutorial_taskflow_api.py
[2024-03-12T10:05:28.750+0000] {processor.py:840} INFO - DAG(s) 'tutorial_taskflow_api' retrieved from /usr/local/lib/python3.10/dist-packages/airflow/example_dags/tutorial_taskflow_api.py
[2024-03-12T10:05:28.766+0000] {logging_mixin.py:188} INFO - [2024-03-12T10:05:28.766+0000] {dag.py:3047} INFO - Sync 1 DAGs
[2024-03-12T10:05:28.778+0000] {logging_mixin.py:188} INFO - [2024-03-12T10:05:28.778+0000] {dag.py:3834} INFO - Setting next_dagrun for tutorial_taskflow_api to None, run_after=None
[2024-03-12T10:05:28.804+0000] {processor.py:183} INFO - Processing /usr/local/lib/python3.10/dist-packages/airflow/example_dags/tutorial_taskflow_api.py took 0.066 seconds
[2024-03-12T10:06:11.690+0000] {processor.py:161} INFO - Started process (PID=16670) to work on /usr/local/lib/python3.10/dist-packages/airflow/example_dags/tutorial_taskflow_api.py
[2024-03-12T10:06:11.691+0000] {processor.py:830} INFO - Processing file /usr/local/lib/python3.10/dist-packages/airflow/example_dags/tutorial_taskflow_api.py for tasks to queue
[2024-03-12T10:06:11.693+0000] {logging_mixin.py:188} INFO - [2024-03-12T10:06:11.692+0000] {dagbag.py:540} INFO - Filling up the DagBag from /usr/local/lib/python3.10/dist-packages/airflow/example_dags/tutorial_taskflow_api.py
[2024-03-12T10:06:11.703+0000] {processor.py:840} INFO - DAG(s) 'tutorial_taskflow_api' retrieved from /usr/local/lib/python3.10/dist-packages/airflow/example_dags/tutorial_taskflow_api.py
[2024-03-12T10:06:11.723+0000] {logging_mixin.py:188} INFO - [2024-03-12T10:06:11.723+0000] {dag.py:3047} INFO - Sync 1 DAGs
[2024-03-12T10:06:11.740+0000] {logging_mixin.py:188} INFO - [2024-03-12T10:06:11.740+0000] {dag.py:3834} INFO - Setting next_dagrun for tutorial_taskflow_api to None, run_after=None
[2024-03-12T10:06:11.778+0000] {processor.py:183} INFO - Processing /usr/local/lib/python3.10/dist-packages/airflow/example_dags/tutorial_taskflow_api.py took 0.092 seconds
[2024-03-12T10:06:52.109+0000] {processor.py:161} INFO - Started process (PID=16713) to work on /usr/local/lib/python3.10/dist-packages/airflow/example_dags/tutorial_taskflow_api.py
[2024-03-12T10:06:52.111+0000] {processor.py:830} INFO - Processing file /usr/local/lib/python3.10/dist-packages/airflow/example_dags/tutorial_taskflow_api.py for tasks to queue
[2024-03-12T10:06:52.112+0000] {logging_mixin.py:188} INFO - [2024-03-12T10:06:52.112+0000] {dagbag.py:540} INFO - Filling up the DagBag from /usr/local/lib/python3.10/dist-packages/airflow/example_dags/tutorial_taskflow_api.py
[2024-03-12T10:06:52.122+0000] {processor.py:840} INFO - DAG(s) 'tutorial_taskflow_api' retrieved from /usr/local/lib/python3.10/dist-packages/airflow/example_dags/tutorial_taskflow_api.py
[2024-03-12T10:06:52.158+0000] {logging_mixin.py:188} INFO - [2024-03-12T10:06:52.157+0000] {dag.py:3047} INFO - Sync 1 DAGs
[2024-03-12T10:06:52.172+0000] {logging_mixin.py:188} INFO - [2024-03-12T10:06:52.171+0000] {dag.py:3834} INFO - Setting next_dagrun for tutorial_taskflow_api to None, run_after=None
[2024-03-12T10:06:52.199+0000] {processor.py:183} INFO - Processing /usr/local/lib/python3.10/dist-packages/airflow/example_dags/tutorial_taskflow_api.py took 0.094 seconds
