[2024-03-12T09:19:21.126+0000] {processor.py:161} INFO - Started process (PID=13919) to work on /usr/local/lib/python3.10/dist-packages/airflow/example_dags/tutorial_dag.py
[2024-03-12T09:19:21.127+0000] {processor.py:830} INFO - Processing file /usr/local/lib/python3.10/dist-packages/airflow/example_dags/tutorial_dag.py for tasks to queue
[2024-03-12T09:19:21.129+0000] {logging_mixin.py:188} INFO - [2024-03-12T09:19:21.128+0000] {dagbag.py:540} INFO - Filling up the DagBag from /usr/local/lib/python3.10/dist-packages/airflow/example_dags/tutorial_dag.py
[2024-03-12T09:19:21.135+0000] {processor.py:840} INFO - DAG(s) 'tutorial_dag' retrieved from /usr/local/lib/python3.10/dist-packages/airflow/example_dags/tutorial_dag.py
[2024-03-12T09:19:21.343+0000] {logging_mixin.py:188} INFO - [2024-03-12T09:19:21.341+0000] {override.py:1769} INFO - Created Permission View: can read on DAG:tutorial_dag
[2024-03-12T09:19:21.366+0000] {logging_mixin.py:188} INFO - [2024-03-12T09:19:21.365+0000] {override.py:1769} INFO - Created Permission View: can edit on DAG:tutorial_dag
[2024-03-12T09:19:21.395+0000] {logging_mixin.py:188} INFO - [2024-03-12T09:19:21.395+0000] {override.py:1769} INFO - Created Permission View: can delete on DAG:tutorial_dag
[2024-03-12T09:19:21.396+0000] {logging_mixin.py:188} INFO - [2024-03-12T09:19:21.396+0000] {dag.py:3047} INFO - Sync 1 DAGs
[2024-03-12T09:19:21.412+0000] {logging_mixin.py:188} INFO - [2024-03-12T09:19:21.411+0000] {dag.py:3069} INFO - Creating ORM DAG for tutorial_dag
[2024-03-12T09:19:21.412+0000] {logging_mixin.py:188} INFO - [2024-03-12T09:19:21.412+0000] {dag.py:3834} INFO - Setting next_dagrun for tutorial_dag to None, run_after=None
[2024-03-12T09:19:21.450+0000] {processor.py:183} INFO - Processing /usr/local/lib/python3.10/dist-packages/airflow/example_dags/tutorial_dag.py took 0.329 seconds
[2024-03-12T09:22:15.752+0000] {processor.py:161} INFO - Started process (PID=13977) to work on /usr/local/lib/python3.10/dist-packages/airflow/example_dags/tutorial_dag.py
[2024-03-12T09:22:15.754+0000] {processor.py:830} INFO - Processing file /usr/local/lib/python3.10/dist-packages/airflow/example_dags/tutorial_dag.py for tasks to queue
[2024-03-12T09:22:15.755+0000] {logging_mixin.py:188} INFO - [2024-03-12T09:22:15.754+0000] {dagbag.py:540} INFO - Filling up the DagBag from /usr/local/lib/python3.10/dist-packages/airflow/example_dags/tutorial_dag.py
[2024-03-12T09:22:15.762+0000] {processor.py:840} INFO - DAG(s) 'tutorial_dag' retrieved from /usr/local/lib/python3.10/dist-packages/airflow/example_dags/tutorial_dag.py
[2024-03-12T09:22:15.775+0000] {logging_mixin.py:188} INFO - [2024-03-12T09:22:15.775+0000] {dag.py:3047} INFO - Sync 1 DAGs
[2024-03-12T09:22:15.792+0000] {logging_mixin.py:188} INFO - [2024-03-12T09:22:15.792+0000] {dag.py:3834} INFO - Setting next_dagrun for tutorial_dag to None, run_after=None
[2024-03-12T09:22:15.822+0000] {processor.py:183} INFO - Processing /usr/local/lib/python3.10/dist-packages/airflow/example_dags/tutorial_dag.py took 0.074 seconds
[2024-03-12T09:23:13.977+0000] {processor.py:161} INFO - Started process (PID=14032) to work on /usr/local/lib/python3.10/dist-packages/airflow/example_dags/tutorial_dag.py
[2024-03-12T09:23:13.979+0000] {processor.py:830} INFO - Processing file /usr/local/lib/python3.10/dist-packages/airflow/example_dags/tutorial_dag.py for tasks to queue
[2024-03-12T09:23:13.980+0000] {logging_mixin.py:188} INFO - [2024-03-12T09:23:13.979+0000] {dagbag.py:540} INFO - Filling up the DagBag from /usr/local/lib/python3.10/dist-packages/airflow/example_dags/tutorial_dag.py
[2024-03-12T09:23:13.987+0000] {processor.py:840} INFO - DAG(s) 'tutorial_dag' retrieved from /usr/local/lib/python3.10/dist-packages/airflow/example_dags/tutorial_dag.py
[2024-03-12T09:23:14.248+0000] {logging_mixin.py:188} INFO - [2024-03-12T09:23:14.247+0000] {dag.py:3047} INFO - Sync 1 DAGs
[2024-03-12T09:23:14.258+0000] {logging_mixin.py:188} INFO - [2024-03-12T09:23:14.258+0000] {dag.py:3834} INFO - Setting next_dagrun for tutorial_dag to None, run_after=None
[2024-03-12T09:23:14.283+0000] {processor.py:183} INFO - Processing /usr/local/lib/python3.10/dist-packages/airflow/example_dags/tutorial_dag.py took 0.310 seconds
[2024-03-12T09:23:46.284+0000] {processor.py:161} INFO - Started process (PID=14061) to work on /usr/local/lib/python3.10/dist-packages/airflow/example_dags/tutorial_dag.py
[2024-03-12T09:23:46.285+0000] {processor.py:830} INFO - Processing file /usr/local/lib/python3.10/dist-packages/airflow/example_dags/tutorial_dag.py for tasks to queue
[2024-03-12T09:23:46.286+0000] {logging_mixin.py:188} INFO - [2024-03-12T09:23:46.286+0000] {dagbag.py:540} INFO - Filling up the DagBag from /usr/local/lib/python3.10/dist-packages/airflow/example_dags/tutorial_dag.py
[2024-03-12T09:23:46.294+0000] {processor.py:840} INFO - DAG(s) 'tutorial_dag' retrieved from /usr/local/lib/python3.10/dist-packages/airflow/example_dags/tutorial_dag.py
[2024-03-12T09:23:46.318+0000] {logging_mixin.py:188} INFO - [2024-03-12T09:23:46.317+0000] {dag.py:3047} INFO - Sync 1 DAGs
[2024-03-12T09:23:46.333+0000] {logging_mixin.py:188} INFO - [2024-03-12T09:23:46.333+0000] {dag.py:3834} INFO - Setting next_dagrun for tutorial_dag to None, run_after=None
[2024-03-12T09:23:46.386+0000] {processor.py:183} INFO - Processing /usr/local/lib/python3.10/dist-packages/airflow/example_dags/tutorial_dag.py took 0.107 seconds
[2024-03-12T09:24:34.774+0000] {processor.py:161} INFO - Started process (PID=14108) to work on /usr/local/lib/python3.10/dist-packages/airflow/example_dags/tutorial_dag.py
[2024-03-12T09:24:34.775+0000] {processor.py:830} INFO - Processing file /usr/local/lib/python3.10/dist-packages/airflow/example_dags/tutorial_dag.py for tasks to queue
[2024-03-12T09:24:34.777+0000] {logging_mixin.py:188} INFO - [2024-03-12T09:24:34.776+0000] {dagbag.py:540} INFO - Filling up the DagBag from /usr/local/lib/python3.10/dist-packages/airflow/example_dags/tutorial_dag.py
[2024-03-12T09:24:34.784+0000] {processor.py:840} INFO - DAG(s) 'tutorial_dag' retrieved from /usr/local/lib/python3.10/dist-packages/airflow/example_dags/tutorial_dag.py
[2024-03-12T09:24:34.804+0000] {logging_mixin.py:188} INFO - [2024-03-12T09:24:34.803+0000] {dag.py:3047} INFO - Sync 1 DAGs
[2024-03-12T09:24:34.942+0000] {logging_mixin.py:188} INFO - [2024-03-12T09:24:34.941+0000] {dag.py:3834} INFO - Setting next_dagrun for tutorial_dag to None, run_after=None
[2024-03-12T09:24:34.981+0000] {processor.py:183} INFO - Processing /usr/local/lib/python3.10/dist-packages/airflow/example_dags/tutorial_dag.py took 0.211 seconds
[2024-03-12T09:25:26.215+0000] {processor.py:161} INFO - Started process (PID=14152) to work on /usr/local/lib/python3.10/dist-packages/airflow/example_dags/tutorial_dag.py
[2024-03-12T09:25:26.217+0000] {processor.py:830} INFO - Processing file /usr/local/lib/python3.10/dist-packages/airflow/example_dags/tutorial_dag.py for tasks to queue
[2024-03-12T09:25:26.218+0000] {logging_mixin.py:188} INFO - [2024-03-12T09:25:26.218+0000] {dagbag.py:540} INFO - Filling up the DagBag from /usr/local/lib/python3.10/dist-packages/airflow/example_dags/tutorial_dag.py
[2024-03-12T09:25:26.224+0000] {processor.py:840} INFO - DAG(s) 'tutorial_dag' retrieved from /usr/local/lib/python3.10/dist-packages/airflow/example_dags/tutorial_dag.py
[2024-03-12T09:25:26.241+0000] {logging_mixin.py:188} INFO - [2024-03-12T09:25:26.240+0000] {dag.py:3047} INFO - Sync 1 DAGs
[2024-03-12T09:25:26.251+0000] {logging_mixin.py:188} INFO - [2024-03-12T09:25:26.251+0000] {dag.py:3834} INFO - Setting next_dagrun for tutorial_dag to None, run_after=None
[2024-03-12T09:25:26.274+0000] {processor.py:183} INFO - Processing /usr/local/lib/python3.10/dist-packages/airflow/example_dags/tutorial_dag.py took 0.062 seconds
[2024-03-12T09:26:10.340+0000] {processor.py:161} INFO - Started process (PID=14196) to work on /usr/local/lib/python3.10/dist-packages/airflow/example_dags/tutorial_dag.py
[2024-03-12T09:26:10.341+0000] {processor.py:830} INFO - Processing file /usr/local/lib/python3.10/dist-packages/airflow/example_dags/tutorial_dag.py for tasks to queue
[2024-03-12T09:26:10.342+0000] {logging_mixin.py:188} INFO - [2024-03-12T09:26:10.342+0000] {dagbag.py:540} INFO - Filling up the DagBag from /usr/local/lib/python3.10/dist-packages/airflow/example_dags/tutorial_dag.py
[2024-03-12T09:26:10.350+0000] {processor.py:840} INFO - DAG(s) 'tutorial_dag' retrieved from /usr/local/lib/python3.10/dist-packages/airflow/example_dags/tutorial_dag.py
[2024-03-12T09:26:10.367+0000] {logging_mixin.py:188} INFO - [2024-03-12T09:26:10.367+0000] {dag.py:3047} INFO - Sync 1 DAGs
[2024-03-12T09:26:10.379+0000] {logging_mixin.py:188} INFO - [2024-03-12T09:26:10.379+0000] {dag.py:3834} INFO - Setting next_dagrun for tutorial_dag to None, run_after=None
[2024-03-12T09:26:10.404+0000] {processor.py:183} INFO - Processing /usr/local/lib/python3.10/dist-packages/airflow/example_dags/tutorial_dag.py took 0.068 seconds
[2024-03-12T09:26:47.396+0000] {processor.py:161} INFO - Started process (PID=14234) to work on /usr/local/lib/python3.10/dist-packages/airflow/example_dags/tutorial_dag.py
[2024-03-12T09:26:47.397+0000] {processor.py:830} INFO - Processing file /usr/local/lib/python3.10/dist-packages/airflow/example_dags/tutorial_dag.py for tasks to queue
[2024-03-12T09:26:47.398+0000] {logging_mixin.py:188} INFO - [2024-03-12T09:26:47.398+0000] {dagbag.py:540} INFO - Filling up the DagBag from /usr/local/lib/python3.10/dist-packages/airflow/example_dags/tutorial_dag.py
[2024-03-12T09:26:47.406+0000] {processor.py:840} INFO - DAG(s) 'tutorial_dag' retrieved from /usr/local/lib/python3.10/dist-packages/airflow/example_dags/tutorial_dag.py
[2024-03-12T09:26:47.427+0000] {logging_mixin.py:188} INFO - [2024-03-12T09:26:47.426+0000] {dag.py:3047} INFO - Sync 1 DAGs
[2024-03-12T09:26:47.439+0000] {logging_mixin.py:188} INFO - [2024-03-12T09:26:47.439+0000] {dag.py:3834} INFO - Setting next_dagrun for tutorial_dag to None, run_after=None
[2024-03-12T09:26:47.475+0000] {processor.py:183} INFO - Processing /usr/local/lib/python3.10/dist-packages/airflow/example_dags/tutorial_dag.py took 0.083 seconds
[2024-03-12T09:27:31.654+0000] {processor.py:161} INFO - Started process (PID=14277) to work on /usr/local/lib/python3.10/dist-packages/airflow/example_dags/tutorial_dag.py
[2024-03-12T09:27:31.656+0000] {processor.py:830} INFO - Processing file /usr/local/lib/python3.10/dist-packages/airflow/example_dags/tutorial_dag.py for tasks to queue
[2024-03-12T09:27:31.657+0000] {logging_mixin.py:188} INFO - [2024-03-12T09:27:31.656+0000] {dagbag.py:540} INFO - Filling up the DagBag from /usr/local/lib/python3.10/dist-packages/airflow/example_dags/tutorial_dag.py
[2024-03-12T09:27:31.665+0000] {processor.py:840} INFO - DAG(s) 'tutorial_dag' retrieved from /usr/local/lib/python3.10/dist-packages/airflow/example_dags/tutorial_dag.py
[2024-03-12T09:27:31.685+0000] {logging_mixin.py:188} INFO - [2024-03-12T09:27:31.684+0000] {dag.py:3047} INFO - Sync 1 DAGs
[2024-03-12T09:27:31.701+0000] {logging_mixin.py:188} INFO - [2024-03-12T09:27:31.701+0000] {dag.py:3834} INFO - Setting next_dagrun for tutorial_dag to None, run_after=None
[2024-03-12T09:27:31.728+0000] {processor.py:183} INFO - Processing /usr/local/lib/python3.10/dist-packages/airflow/example_dags/tutorial_dag.py took 0.080 seconds
[2024-03-12T09:28:13.374+0000] {processor.py:161} INFO - Started process (PID=14318) to work on /usr/local/lib/python3.10/dist-packages/airflow/example_dags/tutorial_dag.py
[2024-03-12T09:28:13.384+0000] {processor.py:830} INFO - Processing file /usr/local/lib/python3.10/dist-packages/airflow/example_dags/tutorial_dag.py for tasks to queue
[2024-03-12T09:28:13.385+0000] {logging_mixin.py:188} INFO - [2024-03-12T09:28:13.385+0000] {dagbag.py:540} INFO - Filling up the DagBag from /usr/local/lib/python3.10/dist-packages/airflow/example_dags/tutorial_dag.py
[2024-03-12T09:28:13.391+0000] {processor.py:840} INFO - DAG(s) 'tutorial_dag' retrieved from /usr/local/lib/python3.10/dist-packages/airflow/example_dags/tutorial_dag.py
[2024-03-12T09:28:13.409+0000] {logging_mixin.py:188} INFO - [2024-03-12T09:28:13.409+0000] {dag.py:3047} INFO - Sync 1 DAGs
[2024-03-12T09:28:13.424+0000] {logging_mixin.py:188} INFO - [2024-03-12T09:28:13.423+0000] {dag.py:3834} INFO - Setting next_dagrun for tutorial_dag to None, run_after=None
[2024-03-12T09:28:13.454+0000] {processor.py:183} INFO - Processing /usr/local/lib/python3.10/dist-packages/airflow/example_dags/tutorial_dag.py took 0.084 seconds
[2024-03-12T09:28:51.613+0000] {processor.py:161} INFO - Started process (PID=14357) to work on /usr/local/lib/python3.10/dist-packages/airflow/example_dags/tutorial_dag.py
[2024-03-12T09:28:51.615+0000] {processor.py:830} INFO - Processing file /usr/local/lib/python3.10/dist-packages/airflow/example_dags/tutorial_dag.py for tasks to queue
[2024-03-12T09:28:51.616+0000] {logging_mixin.py:188} INFO - [2024-03-12T09:28:51.615+0000] {dagbag.py:540} INFO - Filling up the DagBag from /usr/local/lib/python3.10/dist-packages/airflow/example_dags/tutorial_dag.py
[2024-03-12T09:28:51.624+0000] {processor.py:840} INFO - DAG(s) 'tutorial_dag' retrieved from /usr/local/lib/python3.10/dist-packages/airflow/example_dags/tutorial_dag.py
[2024-03-12T09:28:51.662+0000] {logging_mixin.py:188} INFO - [2024-03-12T09:28:51.662+0000] {dag.py:3047} INFO - Sync 1 DAGs
[2024-03-12T09:28:51.703+0000] {logging_mixin.py:188} INFO - [2024-03-12T09:28:51.702+0000] {dag.py:3834} INFO - Setting next_dagrun for tutorial_dag to None, run_after=None
[2024-03-12T09:28:51.734+0000] {processor.py:183} INFO - Processing /usr/local/lib/python3.10/dist-packages/airflow/example_dags/tutorial_dag.py took 0.125 seconds
[2024-03-12T09:29:32.380+0000] {processor.py:161} INFO - Started process (PID=14397) to work on /usr/local/lib/python3.10/dist-packages/airflow/example_dags/tutorial_dag.py
[2024-03-12T09:29:32.381+0000] {processor.py:830} INFO - Processing file /usr/local/lib/python3.10/dist-packages/airflow/example_dags/tutorial_dag.py for tasks to queue
[2024-03-12T09:29:32.382+0000] {logging_mixin.py:188} INFO - [2024-03-12T09:29:32.382+0000] {dagbag.py:540} INFO - Filling up the DagBag from /usr/local/lib/python3.10/dist-packages/airflow/example_dags/tutorial_dag.py
[2024-03-12T09:29:32.388+0000] {processor.py:840} INFO - DAG(s) 'tutorial_dag' retrieved from /usr/local/lib/python3.10/dist-packages/airflow/example_dags/tutorial_dag.py
[2024-03-12T09:29:32.405+0000] {logging_mixin.py:188} INFO - [2024-03-12T09:29:32.405+0000] {dag.py:3047} INFO - Sync 1 DAGs
[2024-03-12T09:29:32.417+0000] {logging_mixin.py:188} INFO - [2024-03-12T09:29:32.417+0000] {dag.py:3834} INFO - Setting next_dagrun for tutorial_dag to None, run_after=None
[2024-03-12T09:29:32.440+0000] {processor.py:183} INFO - Processing /usr/local/lib/python3.10/dist-packages/airflow/example_dags/tutorial_dag.py took 0.064 seconds
[2024-03-12T09:30:12.872+0000] {processor.py:161} INFO - Started process (PID=14436) to work on /usr/local/lib/python3.10/dist-packages/airflow/example_dags/tutorial_dag.py
[2024-03-12T09:30:12.874+0000] {processor.py:830} INFO - Processing file /usr/local/lib/python3.10/dist-packages/airflow/example_dags/tutorial_dag.py for tasks to queue
[2024-03-12T09:30:12.875+0000] {logging_mixin.py:188} INFO - [2024-03-12T09:30:12.874+0000] {dagbag.py:540} INFO - Filling up the DagBag from /usr/local/lib/python3.10/dist-packages/airflow/example_dags/tutorial_dag.py
[2024-03-12T09:30:12.885+0000] {processor.py:840} INFO - DAG(s) 'tutorial_dag' retrieved from /usr/local/lib/python3.10/dist-packages/airflow/example_dags/tutorial_dag.py
[2024-03-12T09:30:12.912+0000] {logging_mixin.py:188} INFO - [2024-03-12T09:30:12.911+0000] {dag.py:3047} INFO - Sync 1 DAGs
[2024-03-12T09:30:12.928+0000] {logging_mixin.py:188} INFO - [2024-03-12T09:30:12.928+0000] {dag.py:3834} INFO - Setting next_dagrun for tutorial_dag to None, run_after=None
[2024-03-12T09:30:12.973+0000] {processor.py:183} INFO - Processing /usr/local/lib/python3.10/dist-packages/airflow/example_dags/tutorial_dag.py took 0.105 seconds
[2024-03-12T09:30:53.539+0000] {processor.py:161} INFO - Started process (PID=14477) to work on /usr/local/lib/python3.10/dist-packages/airflow/example_dags/tutorial_dag.py
[2024-03-12T09:30:53.541+0000] {processor.py:830} INFO - Processing file /usr/local/lib/python3.10/dist-packages/airflow/example_dags/tutorial_dag.py for tasks to queue
[2024-03-12T09:30:53.542+0000] {logging_mixin.py:188} INFO - [2024-03-12T09:30:53.541+0000] {dagbag.py:540} INFO - Filling up the DagBag from /usr/local/lib/python3.10/dist-packages/airflow/example_dags/tutorial_dag.py
[2024-03-12T09:30:53.550+0000] {processor.py:840} INFO - DAG(s) 'tutorial_dag' retrieved from /usr/local/lib/python3.10/dist-packages/airflow/example_dags/tutorial_dag.py
[2024-03-12T09:30:53.569+0000] {logging_mixin.py:188} INFO - [2024-03-12T09:30:53.569+0000] {dag.py:3047} INFO - Sync 1 DAGs
[2024-03-12T09:30:53.583+0000] {logging_mixin.py:188} INFO - [2024-03-12T09:30:53.583+0000] {dag.py:3834} INFO - Setting next_dagrun for tutorial_dag to None, run_after=None
[2024-03-12T09:30:53.611+0000] {processor.py:183} INFO - Processing /usr/local/lib/python3.10/dist-packages/airflow/example_dags/tutorial_dag.py took 0.078 seconds
[2024-03-12T09:31:35.712+0000] {processor.py:161} INFO - Started process (PID=14517) to work on /usr/local/lib/python3.10/dist-packages/airflow/example_dags/tutorial_dag.py
[2024-03-12T09:31:35.716+0000] {processor.py:830} INFO - Processing file /usr/local/lib/python3.10/dist-packages/airflow/example_dags/tutorial_dag.py for tasks to queue
[2024-03-12T09:31:35.720+0000] {logging_mixin.py:188} INFO - [2024-03-12T09:31:35.718+0000] {dagbag.py:540} INFO - Filling up the DagBag from /usr/local/lib/python3.10/dist-packages/airflow/example_dags/tutorial_dag.py
[2024-03-12T09:31:35.748+0000] {processor.py:840} INFO - DAG(s) 'tutorial_dag' retrieved from /usr/local/lib/python3.10/dist-packages/airflow/example_dags/tutorial_dag.py
[2024-03-12T09:31:35.779+0000] {logging_mixin.py:188} INFO - [2024-03-12T09:31:35.779+0000] {dag.py:3047} INFO - Sync 1 DAGs
[2024-03-12T09:31:35.797+0000] {logging_mixin.py:188} INFO - [2024-03-12T09:31:35.797+0000] {dag.py:3834} INFO - Setting next_dagrun for tutorial_dag to None, run_after=None
[2024-03-12T09:31:35.832+0000] {processor.py:183} INFO - Processing /usr/local/lib/python3.10/dist-packages/airflow/example_dags/tutorial_dag.py took 0.146 seconds
[2024-03-12T09:32:18.572+0000] {processor.py:161} INFO - Started process (PID=14558) to work on /usr/local/lib/python3.10/dist-packages/airflow/example_dags/tutorial_dag.py
[2024-03-12T09:32:18.574+0000] {processor.py:830} INFO - Processing file /usr/local/lib/python3.10/dist-packages/airflow/example_dags/tutorial_dag.py for tasks to queue
[2024-03-12T09:32:18.576+0000] {logging_mixin.py:188} INFO - [2024-03-12T09:32:18.575+0000] {dagbag.py:540} INFO - Filling up the DagBag from /usr/local/lib/python3.10/dist-packages/airflow/example_dags/tutorial_dag.py
[2024-03-12T09:32:18.583+0000] {processor.py:840} INFO - DAG(s) 'tutorial_dag' retrieved from /usr/local/lib/python3.10/dist-packages/airflow/example_dags/tutorial_dag.py
[2024-03-12T09:32:18.604+0000] {logging_mixin.py:188} INFO - [2024-03-12T09:32:18.604+0000] {dag.py:3047} INFO - Sync 1 DAGs
[2024-03-12T09:32:18.617+0000] {logging_mixin.py:188} INFO - [2024-03-12T09:32:18.616+0000] {dag.py:3834} INFO - Setting next_dagrun for tutorial_dag to None, run_after=None
[2024-03-12T09:32:18.648+0000] {processor.py:183} INFO - Processing /usr/local/lib/python3.10/dist-packages/airflow/example_dags/tutorial_dag.py took 0.080 seconds
[2024-03-12T09:33:03.165+0000] {processor.py:161} INFO - Started process (PID=14601) to work on /usr/local/lib/python3.10/dist-packages/airflow/example_dags/tutorial_dag.py
[2024-03-12T09:33:03.167+0000] {processor.py:830} INFO - Processing file /usr/local/lib/python3.10/dist-packages/airflow/example_dags/tutorial_dag.py for tasks to queue
[2024-03-12T09:33:03.168+0000] {logging_mixin.py:188} INFO - [2024-03-12T09:33:03.168+0000] {dagbag.py:540} INFO - Filling up the DagBag from /usr/local/lib/python3.10/dist-packages/airflow/example_dags/tutorial_dag.py
[2024-03-12T09:33:03.180+0000] {processor.py:840} INFO - DAG(s) 'tutorial_dag' retrieved from /usr/local/lib/python3.10/dist-packages/airflow/example_dags/tutorial_dag.py
[2024-03-12T09:33:03.209+0000] {logging_mixin.py:188} INFO - [2024-03-12T09:33:03.209+0000] {dag.py:3047} INFO - Sync 1 DAGs
[2024-03-12T09:33:03.257+0000] {logging_mixin.py:188} INFO - [2024-03-12T09:33:03.256+0000] {dag.py:3834} INFO - Setting next_dagrun for tutorial_dag to None, run_after=None
[2024-03-12T09:33:03.323+0000] {processor.py:183} INFO - Processing /usr/local/lib/python3.10/dist-packages/airflow/example_dags/tutorial_dag.py took 0.162 seconds
[2024-03-12T09:33:47.585+0000] {processor.py:161} INFO - Started process (PID=14644) to work on /usr/local/lib/python3.10/dist-packages/airflow/example_dags/tutorial_dag.py
[2024-03-12T09:33:47.587+0000] {processor.py:830} INFO - Processing file /usr/local/lib/python3.10/dist-packages/airflow/example_dags/tutorial_dag.py for tasks to queue
[2024-03-12T09:33:47.588+0000] {logging_mixin.py:188} INFO - [2024-03-12T09:33:47.587+0000] {dagbag.py:540} INFO - Filling up the DagBag from /usr/local/lib/python3.10/dist-packages/airflow/example_dags/tutorial_dag.py
[2024-03-12T09:33:47.594+0000] {processor.py:840} INFO - DAG(s) 'tutorial_dag' retrieved from /usr/local/lib/python3.10/dist-packages/airflow/example_dags/tutorial_dag.py
[2024-03-12T09:33:47.615+0000] {logging_mixin.py:188} INFO - [2024-03-12T09:33:47.614+0000] {dag.py:3047} INFO - Sync 1 DAGs
[2024-03-12T09:33:47.627+0000] {logging_mixin.py:188} INFO - [2024-03-12T09:33:47.627+0000] {dag.py:3834} INFO - Setting next_dagrun for tutorial_dag to None, run_after=None
[2024-03-12T09:33:47.652+0000] {processor.py:183} INFO - Processing /usr/local/lib/python3.10/dist-packages/airflow/example_dags/tutorial_dag.py took 0.070 seconds
[2024-03-12T09:34:29.218+0000] {processor.py:161} INFO - Started process (PID=14685) to work on /usr/local/lib/python3.10/dist-packages/airflow/example_dags/tutorial_dag.py
[2024-03-12T09:34:29.226+0000] {processor.py:830} INFO - Processing file /usr/local/lib/python3.10/dist-packages/airflow/example_dags/tutorial_dag.py for tasks to queue
[2024-03-12T09:34:29.228+0000] {logging_mixin.py:188} INFO - [2024-03-12T09:34:29.226+0000] {dagbag.py:540} INFO - Filling up the DagBag from /usr/local/lib/python3.10/dist-packages/airflow/example_dags/tutorial_dag.py
[2024-03-12T09:34:29.237+0000] {processor.py:840} INFO - DAG(s) 'tutorial_dag' retrieved from /usr/local/lib/python3.10/dist-packages/airflow/example_dags/tutorial_dag.py
[2024-03-12T09:34:29.262+0000] {logging_mixin.py:188} INFO - [2024-03-12T09:34:29.262+0000] {dag.py:3047} INFO - Sync 1 DAGs
[2024-03-12T09:34:29.277+0000] {logging_mixin.py:188} INFO - [2024-03-12T09:34:29.277+0000] {dag.py:3834} INFO - Setting next_dagrun for tutorial_dag to None, run_after=None
[2024-03-12T09:34:29.307+0000] {processor.py:183} INFO - Processing /usr/local/lib/python3.10/dist-packages/airflow/example_dags/tutorial_dag.py took 0.093 seconds
[2024-03-12T09:35:13.519+0000] {processor.py:161} INFO - Started process (PID=14726) to work on /usr/local/lib/python3.10/dist-packages/airflow/example_dags/tutorial_dag.py
[2024-03-12T09:35:13.521+0000] {processor.py:830} INFO - Processing file /usr/local/lib/python3.10/dist-packages/airflow/example_dags/tutorial_dag.py for tasks to queue
[2024-03-12T09:35:13.522+0000] {logging_mixin.py:188} INFO - [2024-03-12T09:35:13.521+0000] {dagbag.py:540} INFO - Filling up the DagBag from /usr/local/lib/python3.10/dist-packages/airflow/example_dags/tutorial_dag.py
[2024-03-12T09:35:13.528+0000] {processor.py:840} INFO - DAG(s) 'tutorial_dag' retrieved from /usr/local/lib/python3.10/dist-packages/airflow/example_dags/tutorial_dag.py
[2024-03-12T09:35:13.546+0000] {logging_mixin.py:188} INFO - [2024-03-12T09:35:13.546+0000] {dag.py:3047} INFO - Sync 1 DAGs
[2024-03-12T09:35:13.558+0000] {logging_mixin.py:188} INFO - [2024-03-12T09:35:13.558+0000] {dag.py:3834} INFO - Setting next_dagrun for tutorial_dag to None, run_after=None
[2024-03-12T09:35:13.582+0000] {processor.py:183} INFO - Processing /usr/local/lib/python3.10/dist-packages/airflow/example_dags/tutorial_dag.py took 0.066 seconds
[2024-03-12T09:35:57.656+0000] {processor.py:161} INFO - Started process (PID=14770) to work on /usr/local/lib/python3.10/dist-packages/airflow/example_dags/tutorial_dag.py
[2024-03-12T09:35:57.658+0000] {processor.py:830} INFO - Processing file /usr/local/lib/python3.10/dist-packages/airflow/example_dags/tutorial_dag.py for tasks to queue
[2024-03-12T09:35:57.660+0000] {logging_mixin.py:188} INFO - [2024-03-12T09:35:57.660+0000] {dagbag.py:540} INFO - Filling up the DagBag from /usr/local/lib/python3.10/dist-packages/airflow/example_dags/tutorial_dag.py
[2024-03-12T09:35:57.672+0000] {processor.py:840} INFO - DAG(s) 'tutorial_dag' retrieved from /usr/local/lib/python3.10/dist-packages/airflow/example_dags/tutorial_dag.py
[2024-03-12T09:35:57.702+0000] {logging_mixin.py:188} INFO - [2024-03-12T09:35:57.702+0000] {dag.py:3047} INFO - Sync 1 DAGs
[2024-03-12T09:35:57.719+0000] {logging_mixin.py:188} INFO - [2024-03-12T09:35:57.719+0000] {dag.py:3834} INFO - Setting next_dagrun for tutorial_dag to None, run_after=None
[2024-03-12T09:35:57.751+0000] {processor.py:183} INFO - Processing /usr/local/lib/python3.10/dist-packages/airflow/example_dags/tutorial_dag.py took 0.102 seconds
[2024-03-12T09:36:38.990+0000] {processor.py:161} INFO - Started process (PID=14810) to work on /usr/local/lib/python3.10/dist-packages/airflow/example_dags/tutorial_dag.py
[2024-03-12T09:36:38.992+0000] {processor.py:830} INFO - Processing file /usr/local/lib/python3.10/dist-packages/airflow/example_dags/tutorial_dag.py for tasks to queue
[2024-03-12T09:36:38.993+0000] {logging_mixin.py:188} INFO - [2024-03-12T09:36:38.993+0000] {dagbag.py:540} INFO - Filling up the DagBag from /usr/local/lib/python3.10/dist-packages/airflow/example_dags/tutorial_dag.py
[2024-03-12T09:36:39.001+0000] {processor.py:840} INFO - DAG(s) 'tutorial_dag' retrieved from /usr/local/lib/python3.10/dist-packages/airflow/example_dags/tutorial_dag.py
[2024-03-12T09:36:39.026+0000] {logging_mixin.py:188} INFO - [2024-03-12T09:36:39.026+0000] {dag.py:3047} INFO - Sync 1 DAGs
[2024-03-12T09:36:39.040+0000] {logging_mixin.py:188} INFO - [2024-03-12T09:36:39.039+0000] {dag.py:3834} INFO - Setting next_dagrun for tutorial_dag to None, run_after=None
[2024-03-12T09:36:39.075+0000] {processor.py:183} INFO - Processing /usr/local/lib/python3.10/dist-packages/airflow/example_dags/tutorial_dag.py took 0.091 seconds
[2024-03-12T09:37:20.912+0000] {processor.py:161} INFO - Started process (PID=14850) to work on /usr/local/lib/python3.10/dist-packages/airflow/example_dags/tutorial_dag.py
[2024-03-12T09:37:20.914+0000] {processor.py:830} INFO - Processing file /usr/local/lib/python3.10/dist-packages/airflow/example_dags/tutorial_dag.py for tasks to queue
[2024-03-12T09:37:20.916+0000] {logging_mixin.py:188} INFO - [2024-03-12T09:37:20.915+0000] {dagbag.py:540} INFO - Filling up the DagBag from /usr/local/lib/python3.10/dist-packages/airflow/example_dags/tutorial_dag.py
[2024-03-12T09:37:20.935+0000] {processor.py:840} INFO - DAG(s) 'tutorial_dag' retrieved from /usr/local/lib/python3.10/dist-packages/airflow/example_dags/tutorial_dag.py
[2024-03-12T09:37:20.980+0000] {logging_mixin.py:188} INFO - [2024-03-12T09:37:20.979+0000] {dag.py:3047} INFO - Sync 1 DAGs
[2024-03-12T09:37:21.002+0000] {logging_mixin.py:188} INFO - [2024-03-12T09:37:21.001+0000] {dag.py:3834} INFO - Setting next_dagrun for tutorial_dag to None, run_after=None
[2024-03-12T09:37:21.039+0000] {processor.py:183} INFO - Processing /usr/local/lib/python3.10/dist-packages/airflow/example_dags/tutorial_dag.py took 0.130 seconds
[2024-03-12T09:38:01.521+0000] {processor.py:161} INFO - Started process (PID=14891) to work on /usr/local/lib/python3.10/dist-packages/airflow/example_dags/tutorial_dag.py
[2024-03-12T09:38:01.524+0000] {processor.py:830} INFO - Processing file /usr/local/lib/python3.10/dist-packages/airflow/example_dags/tutorial_dag.py for tasks to queue
[2024-03-12T09:38:01.528+0000] {logging_mixin.py:188} INFO - [2024-03-12T09:38:01.527+0000] {dagbag.py:540} INFO - Filling up the DagBag from /usr/local/lib/python3.10/dist-packages/airflow/example_dags/tutorial_dag.py
[2024-03-12T09:38:01.542+0000] {processor.py:840} INFO - DAG(s) 'tutorial_dag' retrieved from /usr/local/lib/python3.10/dist-packages/airflow/example_dags/tutorial_dag.py
[2024-03-12T09:38:01.568+0000] {logging_mixin.py:188} INFO - [2024-03-12T09:38:01.568+0000] {dag.py:3047} INFO - Sync 1 DAGs
[2024-03-12T09:38:01.584+0000] {logging_mixin.py:188} INFO - [2024-03-12T09:38:01.584+0000] {dag.py:3834} INFO - Setting next_dagrun for tutorial_dag to None, run_after=None
[2024-03-12T09:38:01.624+0000] {processor.py:183} INFO - Processing /usr/local/lib/python3.10/dist-packages/airflow/example_dags/tutorial_dag.py took 0.114 seconds
[2024-03-12T09:38:43.926+0000] {processor.py:161} INFO - Started process (PID=14932) to work on /usr/local/lib/python3.10/dist-packages/airflow/example_dags/tutorial_dag.py
[2024-03-12T09:38:43.929+0000] {processor.py:830} INFO - Processing file /usr/local/lib/python3.10/dist-packages/airflow/example_dags/tutorial_dag.py for tasks to queue
[2024-03-12T09:38:43.930+0000] {logging_mixin.py:188} INFO - [2024-03-12T09:38:43.930+0000] {dagbag.py:540} INFO - Filling up the DagBag from /usr/local/lib/python3.10/dist-packages/airflow/example_dags/tutorial_dag.py
[2024-03-12T09:38:43.938+0000] {processor.py:840} INFO - DAG(s) 'tutorial_dag' retrieved from /usr/local/lib/python3.10/dist-packages/airflow/example_dags/tutorial_dag.py
[2024-03-12T09:38:43.971+0000] {logging_mixin.py:188} INFO - [2024-03-12T09:38:43.971+0000] {dag.py:3047} INFO - Sync 1 DAGs
[2024-03-12T09:38:43.993+0000] {logging_mixin.py:188} INFO - [2024-03-12T09:38:43.992+0000] {dag.py:3834} INFO - Setting next_dagrun for tutorial_dag to None, run_after=None
[2024-03-12T09:38:44.053+0000] {processor.py:183} INFO - Processing /usr/local/lib/python3.10/dist-packages/airflow/example_dags/tutorial_dag.py took 0.132 seconds
[2024-03-12T09:39:27.065+0000] {processor.py:161} INFO - Started process (PID=14972) to work on /usr/local/lib/python3.10/dist-packages/airflow/example_dags/tutorial_dag.py
[2024-03-12T09:39:27.067+0000] {processor.py:830} INFO - Processing file /usr/local/lib/python3.10/dist-packages/airflow/example_dags/tutorial_dag.py for tasks to queue
[2024-03-12T09:39:27.069+0000] {logging_mixin.py:188} INFO - [2024-03-12T09:39:27.068+0000] {dagbag.py:540} INFO - Filling up the DagBag from /usr/local/lib/python3.10/dist-packages/airflow/example_dags/tutorial_dag.py
[2024-03-12T09:39:27.078+0000] {processor.py:840} INFO - DAG(s) 'tutorial_dag' retrieved from /usr/local/lib/python3.10/dist-packages/airflow/example_dags/tutorial_dag.py
[2024-03-12T09:39:27.100+0000] {logging_mixin.py:188} INFO - [2024-03-12T09:39:27.099+0000] {dag.py:3047} INFO - Sync 1 DAGs
[2024-03-12T09:39:27.114+0000] {logging_mixin.py:188} INFO - [2024-03-12T09:39:27.113+0000] {dag.py:3834} INFO - Setting next_dagrun for tutorial_dag to None, run_after=None
[2024-03-12T09:39:27.144+0000] {processor.py:183} INFO - Processing /usr/local/lib/python3.10/dist-packages/airflow/example_dags/tutorial_dag.py took 0.084 seconds
[2024-03-12T09:40:10.415+0000] {processor.py:161} INFO - Started process (PID=15013) to work on /usr/local/lib/python3.10/dist-packages/airflow/example_dags/tutorial_dag.py
[2024-03-12T09:40:10.417+0000] {processor.py:830} INFO - Processing file /usr/local/lib/python3.10/dist-packages/airflow/example_dags/tutorial_dag.py for tasks to queue
[2024-03-12T09:40:10.418+0000] {logging_mixin.py:188} INFO - [2024-03-12T09:40:10.418+0000] {dagbag.py:540} INFO - Filling up the DagBag from /usr/local/lib/python3.10/dist-packages/airflow/example_dags/tutorial_dag.py
[2024-03-12T09:40:10.432+0000] {processor.py:840} INFO - DAG(s) 'tutorial_dag' retrieved from /usr/local/lib/python3.10/dist-packages/airflow/example_dags/tutorial_dag.py
[2024-03-12T09:40:10.465+0000] {logging_mixin.py:188} INFO - [2024-03-12T09:40:10.465+0000] {dag.py:3047} INFO - Sync 1 DAGs
[2024-03-12T09:40:10.487+0000] {logging_mixin.py:188} INFO - [2024-03-12T09:40:10.486+0000] {dag.py:3834} INFO - Setting next_dagrun for tutorial_dag to None, run_after=None
[2024-03-12T09:40:10.517+0000] {processor.py:183} INFO - Processing /usr/local/lib/python3.10/dist-packages/airflow/example_dags/tutorial_dag.py took 0.106 seconds
[2024-03-12T09:40:53.946+0000] {processor.py:161} INFO - Started process (PID=15056) to work on /usr/local/lib/python3.10/dist-packages/airflow/example_dags/tutorial_dag.py
[2024-03-12T09:40:53.949+0000] {processor.py:830} INFO - Processing file /usr/local/lib/python3.10/dist-packages/airflow/example_dags/tutorial_dag.py for tasks to queue
[2024-03-12T09:40:53.951+0000] {logging_mixin.py:188} INFO - [2024-03-12T09:40:53.950+0000] {dagbag.py:540} INFO - Filling up the DagBag from /usr/local/lib/python3.10/dist-packages/airflow/example_dags/tutorial_dag.py
[2024-03-12T09:40:53.961+0000] {processor.py:840} INFO - DAG(s) 'tutorial_dag' retrieved from /usr/local/lib/python3.10/dist-packages/airflow/example_dags/tutorial_dag.py
[2024-03-12T09:40:53.992+0000] {logging_mixin.py:188} INFO - [2024-03-12T09:40:53.991+0000] {dag.py:3047} INFO - Sync 1 DAGs
[2024-03-12T09:40:54.008+0000] {logging_mixin.py:188} INFO - [2024-03-12T09:40:54.007+0000] {dag.py:3834} INFO - Setting next_dagrun for tutorial_dag to None, run_after=None
[2024-03-12T09:40:54.047+0000] {processor.py:183} INFO - Processing /usr/local/lib/python3.10/dist-packages/airflow/example_dags/tutorial_dag.py took 0.105 seconds
[2024-03-12T09:41:34.218+0000] {processor.py:161} INFO - Started process (PID=15096) to work on /usr/local/lib/python3.10/dist-packages/airflow/example_dags/tutorial_dag.py
[2024-03-12T09:41:34.224+0000] {processor.py:830} INFO - Processing file /usr/local/lib/python3.10/dist-packages/airflow/example_dags/tutorial_dag.py for tasks to queue
[2024-03-12T09:41:34.226+0000] {logging_mixin.py:188} INFO - [2024-03-12T09:41:34.225+0000] {dagbag.py:540} INFO - Filling up the DagBag from /usr/local/lib/python3.10/dist-packages/airflow/example_dags/tutorial_dag.py
[2024-03-12T09:41:34.233+0000] {processor.py:840} INFO - DAG(s) 'tutorial_dag' retrieved from /usr/local/lib/python3.10/dist-packages/airflow/example_dags/tutorial_dag.py
[2024-03-12T09:41:34.259+0000] {logging_mixin.py:188} INFO - [2024-03-12T09:41:34.259+0000] {dag.py:3047} INFO - Sync 1 DAGs
[2024-03-12T09:41:34.277+0000] {logging_mixin.py:188} INFO - [2024-03-12T09:41:34.276+0000] {dag.py:3834} INFO - Setting next_dagrun for tutorial_dag to None, run_after=None
[2024-03-12T09:41:34.339+0000] {processor.py:183} INFO - Processing /usr/local/lib/python3.10/dist-packages/airflow/example_dags/tutorial_dag.py took 0.126 seconds
[2024-03-12T09:42:16.656+0000] {processor.py:161} INFO - Started process (PID=15137) to work on /usr/local/lib/python3.10/dist-packages/airflow/example_dags/tutorial_dag.py
[2024-03-12T09:42:16.661+0000] {processor.py:830} INFO - Processing file /usr/local/lib/python3.10/dist-packages/airflow/example_dags/tutorial_dag.py for tasks to queue
[2024-03-12T09:42:16.662+0000] {logging_mixin.py:188} INFO - [2024-03-12T09:42:16.661+0000] {dagbag.py:540} INFO - Filling up the DagBag from /usr/local/lib/python3.10/dist-packages/airflow/example_dags/tutorial_dag.py
[2024-03-12T09:42:16.676+0000] {processor.py:840} INFO - DAG(s) 'tutorial_dag' retrieved from /usr/local/lib/python3.10/dist-packages/airflow/example_dags/tutorial_dag.py
[2024-03-12T09:42:16.709+0000] {logging_mixin.py:188} INFO - [2024-03-12T09:42:16.708+0000] {dag.py:3047} INFO - Sync 1 DAGs
[2024-03-12T09:42:16.727+0000] {logging_mixin.py:188} INFO - [2024-03-12T09:42:16.727+0000] {dag.py:3834} INFO - Setting next_dagrun for tutorial_dag to None, run_after=None
[2024-03-12T09:42:16.765+0000] {processor.py:183} INFO - Processing /usr/local/lib/python3.10/dist-packages/airflow/example_dags/tutorial_dag.py took 0.112 seconds
[2024-03-12T09:42:56.801+0000] {processor.py:161} INFO - Started process (PID=15249) to work on /usr/local/lib/python3.10/dist-packages/airflow/example_dags/tutorial_dag.py
[2024-03-12T09:42:56.804+0000] {processor.py:830} INFO - Processing file /usr/local/lib/python3.10/dist-packages/airflow/example_dags/tutorial_dag.py for tasks to queue
[2024-03-12T09:42:56.806+0000] {logging_mixin.py:188} INFO - [2024-03-12T09:42:56.805+0000] {dagbag.py:540} INFO - Filling up the DagBag from /usr/local/lib/python3.10/dist-packages/airflow/example_dags/tutorial_dag.py
[2024-03-12T09:42:56.813+0000] {processor.py:840} INFO - DAG(s) 'tutorial_dag' retrieved from /usr/local/lib/python3.10/dist-packages/airflow/example_dags/tutorial_dag.py
[2024-03-12T09:42:56.835+0000] {logging_mixin.py:188} INFO - [2024-03-12T09:42:56.834+0000] {dag.py:3047} INFO - Sync 1 DAGs
[2024-03-12T09:42:56.860+0000] {logging_mixin.py:188} INFO - [2024-03-12T09:42:56.860+0000] {dag.py:3834} INFO - Setting next_dagrun for tutorial_dag to None, run_after=None
[2024-03-12T09:42:56.918+0000] {processor.py:183} INFO - Processing /usr/local/lib/python3.10/dist-packages/airflow/example_dags/tutorial_dag.py took 0.122 seconds
[2024-03-12T09:43:36.275+0000] {processor.py:161} INFO - Started process (PID=15290) to work on /usr/local/lib/python3.10/dist-packages/airflow/example_dags/tutorial_dag.py
[2024-03-12T09:43:36.279+0000] {processor.py:830} INFO - Processing file /usr/local/lib/python3.10/dist-packages/airflow/example_dags/tutorial_dag.py for tasks to queue
[2024-03-12T09:43:36.282+0000] {logging_mixin.py:188} INFO - [2024-03-12T09:43:36.281+0000] {dagbag.py:540} INFO - Filling up the DagBag from /usr/local/lib/python3.10/dist-packages/airflow/example_dags/tutorial_dag.py
[2024-03-12T09:43:36.290+0000] {processor.py:840} INFO - DAG(s) 'tutorial_dag' retrieved from /usr/local/lib/python3.10/dist-packages/airflow/example_dags/tutorial_dag.py
[2024-03-12T09:43:36.310+0000] {logging_mixin.py:188} INFO - [2024-03-12T09:43:36.310+0000] {dag.py:3047} INFO - Sync 1 DAGs
[2024-03-12T09:43:36.322+0000] {logging_mixin.py:188} INFO - [2024-03-12T09:43:36.322+0000] {dag.py:3834} INFO - Setting next_dagrun for tutorial_dag to None, run_after=None
[2024-03-12T09:43:36.355+0000] {processor.py:183} INFO - Processing /usr/local/lib/python3.10/dist-packages/airflow/example_dags/tutorial_dag.py took 0.084 seconds
[2024-03-12T09:44:21.568+0000] {processor.py:161} INFO - Started process (PID=15347) to work on /usr/local/lib/python3.10/dist-packages/airflow/example_dags/tutorial_dag.py
[2024-03-12T09:44:21.571+0000] {processor.py:830} INFO - Processing file /usr/local/lib/python3.10/dist-packages/airflow/example_dags/tutorial_dag.py for tasks to queue
[2024-03-12T09:44:21.572+0000] {logging_mixin.py:188} INFO - [2024-03-12T09:44:21.572+0000] {dagbag.py:540} INFO - Filling up the DagBag from /usr/local/lib/python3.10/dist-packages/airflow/example_dags/tutorial_dag.py
[2024-03-12T09:44:21.581+0000] {processor.py:840} INFO - DAG(s) 'tutorial_dag' retrieved from /usr/local/lib/python3.10/dist-packages/airflow/example_dags/tutorial_dag.py
[2024-03-12T09:44:21.601+0000] {logging_mixin.py:188} INFO - [2024-03-12T09:44:21.601+0000] {dag.py:3047} INFO - Sync 1 DAGs
[2024-03-12T09:44:21.618+0000] {logging_mixin.py:188} INFO - [2024-03-12T09:44:21.618+0000] {dag.py:3834} INFO - Setting next_dagrun for tutorial_dag to None, run_after=None
[2024-03-12T09:44:21.651+0000] {processor.py:183} INFO - Processing /usr/local/lib/python3.10/dist-packages/airflow/example_dags/tutorial_dag.py took 0.088 seconds
[2024-03-12T09:45:04.253+0000] {processor.py:161} INFO - Started process (PID=15388) to work on /usr/local/lib/python3.10/dist-packages/airflow/example_dags/tutorial_dag.py
[2024-03-12T09:45:04.258+0000] {processor.py:830} INFO - Processing file /usr/local/lib/python3.10/dist-packages/airflow/example_dags/tutorial_dag.py for tasks to queue
[2024-03-12T09:45:04.261+0000] {logging_mixin.py:188} INFO - [2024-03-12T09:45:04.259+0000] {dagbag.py:540} INFO - Filling up the DagBag from /usr/local/lib/python3.10/dist-packages/airflow/example_dags/tutorial_dag.py
[2024-03-12T09:45:04.285+0000] {processor.py:840} INFO - DAG(s) 'tutorial_dag' retrieved from /usr/local/lib/python3.10/dist-packages/airflow/example_dags/tutorial_dag.py
[2024-03-12T09:45:04.316+0000] {logging_mixin.py:188} INFO - [2024-03-12T09:45:04.315+0000] {dag.py:3047} INFO - Sync 1 DAGs
[2024-03-12T09:45:04.329+0000] {logging_mixin.py:188} INFO - [2024-03-12T09:45:04.328+0000] {dag.py:3834} INFO - Setting next_dagrun for tutorial_dag to None, run_after=None
[2024-03-12T09:45:04.356+0000] {processor.py:183} INFO - Processing /usr/local/lib/python3.10/dist-packages/airflow/example_dags/tutorial_dag.py took 0.116 seconds
[2024-03-12T09:45:47.633+0000] {processor.py:161} INFO - Started process (PID=15430) to work on /usr/local/lib/python3.10/dist-packages/airflow/example_dags/tutorial_dag.py
[2024-03-12T09:45:47.635+0000] {processor.py:830} INFO - Processing file /usr/local/lib/python3.10/dist-packages/airflow/example_dags/tutorial_dag.py for tasks to queue
[2024-03-12T09:45:47.637+0000] {logging_mixin.py:188} INFO - [2024-03-12T09:45:47.636+0000] {dagbag.py:540} INFO - Filling up the DagBag from /usr/local/lib/python3.10/dist-packages/airflow/example_dags/tutorial_dag.py
[2024-03-12T09:45:47.647+0000] {processor.py:840} INFO - DAG(s) 'tutorial_dag' retrieved from /usr/local/lib/python3.10/dist-packages/airflow/example_dags/tutorial_dag.py
[2024-03-12T09:45:47.691+0000] {logging_mixin.py:188} INFO - [2024-03-12T09:45:47.690+0000] {dag.py:3047} INFO - Sync 1 DAGs
[2024-03-12T09:45:47.719+0000] {logging_mixin.py:188} INFO - [2024-03-12T09:45:47.718+0000] {dag.py:3834} INFO - Setting next_dagrun for tutorial_dag to None, run_after=None
[2024-03-12T09:45:47.752+0000] {processor.py:183} INFO - Processing /usr/local/lib/python3.10/dist-packages/airflow/example_dags/tutorial_dag.py took 0.123 seconds
[2024-03-12T09:46:28.181+0000] {processor.py:161} INFO - Started process (PID=15470) to work on /usr/local/lib/python3.10/dist-packages/airflow/example_dags/tutorial_dag.py
[2024-03-12T09:46:28.183+0000] {processor.py:830} INFO - Processing file /usr/local/lib/python3.10/dist-packages/airflow/example_dags/tutorial_dag.py for tasks to queue
[2024-03-12T09:46:28.184+0000] {logging_mixin.py:188} INFO - [2024-03-12T09:46:28.184+0000] {dagbag.py:540} INFO - Filling up the DagBag from /usr/local/lib/python3.10/dist-packages/airflow/example_dags/tutorial_dag.py
[2024-03-12T09:46:28.196+0000] {processor.py:840} INFO - DAG(s) 'tutorial_dag' retrieved from /usr/local/lib/python3.10/dist-packages/airflow/example_dags/tutorial_dag.py
[2024-03-12T09:46:28.215+0000] {logging_mixin.py:188} INFO - [2024-03-12T09:46:28.214+0000] {dag.py:3047} INFO - Sync 1 DAGs
[2024-03-12T09:46:28.227+0000] {logging_mixin.py:188} INFO - [2024-03-12T09:46:28.227+0000] {dag.py:3834} INFO - Setting next_dagrun for tutorial_dag to None, run_after=None
[2024-03-12T09:46:28.254+0000] {processor.py:183} INFO - Processing /usr/local/lib/python3.10/dist-packages/airflow/example_dags/tutorial_dag.py took 0.078 seconds
[2024-03-12T09:47:06.508+0000] {processor.py:161} INFO - Started process (PID=15509) to work on /usr/local/lib/python3.10/dist-packages/airflow/example_dags/tutorial_dag.py
[2024-03-12T09:47:06.510+0000] {processor.py:830} INFO - Processing file /usr/local/lib/python3.10/dist-packages/airflow/example_dags/tutorial_dag.py for tasks to queue
[2024-03-12T09:47:06.511+0000] {logging_mixin.py:188} INFO - [2024-03-12T09:47:06.511+0000] {dagbag.py:540} INFO - Filling up the DagBag from /usr/local/lib/python3.10/dist-packages/airflow/example_dags/tutorial_dag.py
[2024-03-12T09:47:06.521+0000] {processor.py:840} INFO - DAG(s) 'tutorial_dag' retrieved from /usr/local/lib/python3.10/dist-packages/airflow/example_dags/tutorial_dag.py
[2024-03-12T09:47:06.551+0000] {logging_mixin.py:188} INFO - [2024-03-12T09:47:06.550+0000] {dag.py:3047} INFO - Sync 1 DAGs
[2024-03-12T09:47:06.571+0000] {logging_mixin.py:188} INFO - [2024-03-12T09:47:06.571+0000] {dag.py:3834} INFO - Setting next_dagrun for tutorial_dag to None, run_after=None
[2024-03-12T09:47:06.618+0000] {processor.py:183} INFO - Processing /usr/local/lib/python3.10/dist-packages/airflow/example_dags/tutorial_dag.py took 0.114 seconds
[2024-03-12T09:47:49.662+0000] {processor.py:161} INFO - Started process (PID=15550) to work on /usr/local/lib/python3.10/dist-packages/airflow/example_dags/tutorial_dag.py
[2024-03-12T09:47:49.663+0000] {processor.py:830} INFO - Processing file /usr/local/lib/python3.10/dist-packages/airflow/example_dags/tutorial_dag.py for tasks to queue
[2024-03-12T09:47:49.664+0000] {logging_mixin.py:188} INFO - [2024-03-12T09:47:49.664+0000] {dagbag.py:540} INFO - Filling up the DagBag from /usr/local/lib/python3.10/dist-packages/airflow/example_dags/tutorial_dag.py
[2024-03-12T09:47:49.671+0000] {processor.py:840} INFO - DAG(s) 'tutorial_dag' retrieved from /usr/local/lib/python3.10/dist-packages/airflow/example_dags/tutorial_dag.py
[2024-03-12T09:47:49.689+0000] {logging_mixin.py:188} INFO - [2024-03-12T09:47:49.689+0000] {dag.py:3047} INFO - Sync 1 DAGs
[2024-03-12T09:47:49.702+0000] {logging_mixin.py:188} INFO - [2024-03-12T09:47:49.702+0000] {dag.py:3834} INFO - Setting next_dagrun for tutorial_dag to None, run_after=None
[2024-03-12T09:47:49.726+0000] {processor.py:183} INFO - Processing /usr/local/lib/python3.10/dist-packages/airflow/example_dags/tutorial_dag.py took 0.068 seconds
[2024-03-12T09:48:29.873+0000] {processor.py:161} INFO - Started process (PID=15596) to work on /usr/local/lib/python3.10/dist-packages/airflow/example_dags/tutorial_dag.py
[2024-03-12T09:48:29.875+0000] {processor.py:830} INFO - Processing file /usr/local/lib/python3.10/dist-packages/airflow/example_dags/tutorial_dag.py for tasks to queue
[2024-03-12T09:48:29.876+0000] {logging_mixin.py:188} INFO - [2024-03-12T09:48:29.875+0000] {dagbag.py:540} INFO - Filling up the DagBag from /usr/local/lib/python3.10/dist-packages/airflow/example_dags/tutorial_dag.py
[2024-03-12T09:48:29.884+0000] {processor.py:840} INFO - DAG(s) 'tutorial_dag' retrieved from /usr/local/lib/python3.10/dist-packages/airflow/example_dags/tutorial_dag.py
[2024-03-12T09:48:29.907+0000] {logging_mixin.py:188} INFO - [2024-03-12T09:48:29.907+0000] {dag.py:3047} INFO - Sync 1 DAGs
[2024-03-12T09:48:29.923+0000] {logging_mixin.py:188} INFO - [2024-03-12T09:48:29.922+0000] {dag.py:3834} INFO - Setting next_dagrun for tutorial_dag to None, run_after=None
[2024-03-12T09:48:29.955+0000] {processor.py:183} INFO - Processing /usr/local/lib/python3.10/dist-packages/airflow/example_dags/tutorial_dag.py took 0.087 seconds
[2024-03-12T09:49:11.955+0000] {processor.py:161} INFO - Started process (PID=15635) to work on /usr/local/lib/python3.10/dist-packages/airflow/example_dags/tutorial_dag.py
[2024-03-12T09:49:11.956+0000] {processor.py:830} INFO - Processing file /usr/local/lib/python3.10/dist-packages/airflow/example_dags/tutorial_dag.py for tasks to queue
[2024-03-12T09:49:11.958+0000] {logging_mixin.py:188} INFO - [2024-03-12T09:49:11.957+0000] {dagbag.py:540} INFO - Filling up the DagBag from /usr/local/lib/python3.10/dist-packages/airflow/example_dags/tutorial_dag.py
[2024-03-12T09:49:11.967+0000] {processor.py:840} INFO - DAG(s) 'tutorial_dag' retrieved from /usr/local/lib/python3.10/dist-packages/airflow/example_dags/tutorial_dag.py
[2024-03-12T09:49:11.985+0000] {logging_mixin.py:188} INFO - [2024-03-12T09:49:11.985+0000] {dag.py:3047} INFO - Sync 1 DAGs
[2024-03-12T09:49:12.000+0000] {logging_mixin.py:188} INFO - [2024-03-12T09:49:11.999+0000] {dag.py:3834} INFO - Setting next_dagrun for tutorial_dag to None, run_after=None
[2024-03-12T09:49:12.029+0000] {processor.py:183} INFO - Processing /usr/local/lib/python3.10/dist-packages/airflow/example_dags/tutorial_dag.py took 0.077 seconds
[2024-03-12T09:49:54.008+0000] {processor.py:161} INFO - Started process (PID=15676) to work on /usr/local/lib/python3.10/dist-packages/airflow/example_dags/tutorial_dag.py
[2024-03-12T09:49:54.010+0000] {processor.py:830} INFO - Processing file /usr/local/lib/python3.10/dist-packages/airflow/example_dags/tutorial_dag.py for tasks to queue
[2024-03-12T09:49:54.011+0000] {logging_mixin.py:188} INFO - [2024-03-12T09:49:54.011+0000] {dagbag.py:540} INFO - Filling up the DagBag from /usr/local/lib/python3.10/dist-packages/airflow/example_dags/tutorial_dag.py
[2024-03-12T09:49:54.023+0000] {processor.py:840} INFO - DAG(s) 'tutorial_dag' retrieved from /usr/local/lib/python3.10/dist-packages/airflow/example_dags/tutorial_dag.py
[2024-03-12T09:49:54.054+0000] {logging_mixin.py:188} INFO - [2024-03-12T09:49:54.054+0000] {dag.py:3047} INFO - Sync 1 DAGs
[2024-03-12T09:49:54.078+0000] {logging_mixin.py:188} INFO - [2024-03-12T09:49:54.077+0000] {dag.py:3834} INFO - Setting next_dagrun for tutorial_dag to None, run_after=None
[2024-03-12T09:49:54.120+0000] {processor.py:183} INFO - Processing /usr/local/lib/python3.10/dist-packages/airflow/example_dags/tutorial_dag.py took 0.119 seconds
[2024-03-12T09:50:40.358+0000] {processor.py:161} INFO - Started process (PID=15719) to work on /usr/local/lib/python3.10/dist-packages/airflow/example_dags/tutorial_dag.py
[2024-03-12T09:50:40.360+0000] {processor.py:830} INFO - Processing file /usr/local/lib/python3.10/dist-packages/airflow/example_dags/tutorial_dag.py for tasks to queue
[2024-03-12T09:50:40.361+0000] {logging_mixin.py:188} INFO - [2024-03-12T09:50:40.361+0000] {dagbag.py:540} INFO - Filling up the DagBag from /usr/local/lib/python3.10/dist-packages/airflow/example_dags/tutorial_dag.py
[2024-03-12T09:50:40.369+0000] {processor.py:840} INFO - DAG(s) 'tutorial_dag' retrieved from /usr/local/lib/python3.10/dist-packages/airflow/example_dags/tutorial_dag.py
[2024-03-12T09:50:40.387+0000] {logging_mixin.py:188} INFO - [2024-03-12T09:50:40.386+0000] {dag.py:3047} INFO - Sync 1 DAGs
[2024-03-12T09:50:40.399+0000] {logging_mixin.py:188} INFO - [2024-03-12T09:50:40.399+0000] {dag.py:3834} INFO - Setting next_dagrun for tutorial_dag to None, run_after=None
[2024-03-12T09:50:40.437+0000] {processor.py:183} INFO - Processing /usr/local/lib/python3.10/dist-packages/airflow/example_dags/tutorial_dag.py took 0.082 seconds
[2024-03-12T09:51:24.796+0000] {processor.py:161} INFO - Started process (PID=15762) to work on /usr/local/lib/python3.10/dist-packages/airflow/example_dags/tutorial_dag.py
[2024-03-12T09:51:24.798+0000] {processor.py:830} INFO - Processing file /usr/local/lib/python3.10/dist-packages/airflow/example_dags/tutorial_dag.py for tasks to queue
[2024-03-12T09:51:24.799+0000] {logging_mixin.py:188} INFO - [2024-03-12T09:51:24.799+0000] {dagbag.py:540} INFO - Filling up the DagBag from /usr/local/lib/python3.10/dist-packages/airflow/example_dags/tutorial_dag.py
[2024-03-12T09:51:24.814+0000] {processor.py:840} INFO - DAG(s) 'tutorial_dag' retrieved from /usr/local/lib/python3.10/dist-packages/airflow/example_dags/tutorial_dag.py
[2024-03-12T09:51:24.834+0000] {logging_mixin.py:188} INFO - [2024-03-12T09:51:24.834+0000] {dag.py:3047} INFO - Sync 1 DAGs
[2024-03-12T09:51:24.848+0000] {logging_mixin.py:188} INFO - [2024-03-12T09:51:24.848+0000] {dag.py:3834} INFO - Setting next_dagrun for tutorial_dag to None, run_after=None
[2024-03-12T09:51:24.870+0000] {processor.py:183} INFO - Processing /usr/local/lib/python3.10/dist-packages/airflow/example_dags/tutorial_dag.py took 0.078 seconds
[2024-03-12T09:52:13.734+0000] {processor.py:161} INFO - Started process (PID=15806) to work on /usr/local/lib/python3.10/dist-packages/airflow/example_dags/tutorial_dag.py
[2024-03-12T09:52:13.738+0000] {processor.py:830} INFO - Processing file /usr/local/lib/python3.10/dist-packages/airflow/example_dags/tutorial_dag.py for tasks to queue
[2024-03-12T09:52:13.739+0000] {logging_mixin.py:188} INFO - [2024-03-12T09:52:13.739+0000] {dagbag.py:540} INFO - Filling up the DagBag from /usr/local/lib/python3.10/dist-packages/airflow/example_dags/tutorial_dag.py
[2024-03-12T09:52:13.747+0000] {processor.py:840} INFO - DAG(s) 'tutorial_dag' retrieved from /usr/local/lib/python3.10/dist-packages/airflow/example_dags/tutorial_dag.py
[2024-03-12T09:52:13.775+0000] {logging_mixin.py:188} INFO - [2024-03-12T09:52:13.774+0000] {dag.py:3047} INFO - Sync 1 DAGs
[2024-03-12T09:52:13.790+0000] {logging_mixin.py:188} INFO - [2024-03-12T09:52:13.790+0000] {dag.py:3834} INFO - Setting next_dagrun for tutorial_dag to None, run_after=None
[2024-03-12T09:52:13.830+0000] {processor.py:183} INFO - Processing /usr/local/lib/python3.10/dist-packages/airflow/example_dags/tutorial_dag.py took 0.103 seconds
[2024-03-12T09:52:55.796+0000] {processor.py:161} INFO - Started process (PID=15850) to work on /usr/local/lib/python3.10/dist-packages/airflow/example_dags/tutorial_dag.py
[2024-03-12T09:52:55.798+0000] {processor.py:830} INFO - Processing file /usr/local/lib/python3.10/dist-packages/airflow/example_dags/tutorial_dag.py for tasks to queue
[2024-03-12T09:52:55.799+0000] {logging_mixin.py:188} INFO - [2024-03-12T09:52:55.798+0000] {dagbag.py:540} INFO - Filling up the DagBag from /usr/local/lib/python3.10/dist-packages/airflow/example_dags/tutorial_dag.py
[2024-03-12T09:52:55.807+0000] {processor.py:840} INFO - DAG(s) 'tutorial_dag' retrieved from /usr/local/lib/python3.10/dist-packages/airflow/example_dags/tutorial_dag.py
[2024-03-12T09:52:55.826+0000] {logging_mixin.py:188} INFO - [2024-03-12T09:52:55.825+0000] {dag.py:3047} INFO - Sync 1 DAGs
[2024-03-12T09:52:55.838+0000] {logging_mixin.py:188} INFO - [2024-03-12T09:52:55.838+0000] {dag.py:3834} INFO - Setting next_dagrun for tutorial_dag to None, run_after=None
[2024-03-12T09:52:55.863+0000] {processor.py:183} INFO - Processing /usr/local/lib/python3.10/dist-packages/airflow/example_dags/tutorial_dag.py took 0.070 seconds
[2024-03-12T09:53:38.672+0000] {processor.py:161} INFO - Started process (PID=15892) to work on /usr/local/lib/python3.10/dist-packages/airflow/example_dags/tutorial_dag.py
[2024-03-12T09:53:38.675+0000] {processor.py:830} INFO - Processing file /usr/local/lib/python3.10/dist-packages/airflow/example_dags/tutorial_dag.py for tasks to queue
[2024-03-12T09:53:38.676+0000] {logging_mixin.py:188} INFO - [2024-03-12T09:53:38.676+0000] {dagbag.py:540} INFO - Filling up the DagBag from /usr/local/lib/python3.10/dist-packages/airflow/example_dags/tutorial_dag.py
[2024-03-12T09:53:38.688+0000] {processor.py:840} INFO - DAG(s) 'tutorial_dag' retrieved from /usr/local/lib/python3.10/dist-packages/airflow/example_dags/tutorial_dag.py
[2024-03-12T09:53:38.724+0000] {logging_mixin.py:188} INFO - [2024-03-12T09:53:38.723+0000] {dag.py:3047} INFO - Sync 1 DAGs
[2024-03-12T09:53:38.747+0000] {logging_mixin.py:188} INFO - [2024-03-12T09:53:38.747+0000] {dag.py:3834} INFO - Setting next_dagrun for tutorial_dag to None, run_after=None
[2024-03-12T09:53:38.777+0000] {processor.py:183} INFO - Processing /usr/local/lib/python3.10/dist-packages/airflow/example_dags/tutorial_dag.py took 0.114 seconds
[2024-03-12T09:54:25.352+0000] {processor.py:161} INFO - Started process (PID=15937) to work on /usr/local/lib/python3.10/dist-packages/airflow/example_dags/tutorial_dag.py
[2024-03-12T09:54:25.354+0000] {processor.py:830} INFO - Processing file /usr/local/lib/python3.10/dist-packages/airflow/example_dags/tutorial_dag.py for tasks to queue
[2024-03-12T09:54:25.355+0000] {logging_mixin.py:188} INFO - [2024-03-12T09:54:25.355+0000] {dagbag.py:540} INFO - Filling up the DagBag from /usr/local/lib/python3.10/dist-packages/airflow/example_dags/tutorial_dag.py
[2024-03-12T09:54:25.364+0000] {processor.py:840} INFO - DAG(s) 'tutorial_dag' retrieved from /usr/local/lib/python3.10/dist-packages/airflow/example_dags/tutorial_dag.py
[2024-03-12T09:54:25.393+0000] {logging_mixin.py:188} INFO - [2024-03-12T09:54:25.393+0000] {dag.py:3047} INFO - Sync 1 DAGs
[2024-03-12T09:54:25.407+0000] {logging_mixin.py:188} INFO - [2024-03-12T09:54:25.406+0000] {dag.py:3834} INFO - Setting next_dagrun for tutorial_dag to None, run_after=None
[2024-03-12T09:54:25.439+0000] {processor.py:183} INFO - Processing /usr/local/lib/python3.10/dist-packages/airflow/example_dags/tutorial_dag.py took 0.092 seconds
[2024-03-12T09:55:10.190+0000] {processor.py:161} INFO - Started process (PID=15980) to work on /usr/local/lib/python3.10/dist-packages/airflow/example_dags/tutorial_dag.py
[2024-03-12T09:55:10.193+0000] {processor.py:830} INFO - Processing file /usr/local/lib/python3.10/dist-packages/airflow/example_dags/tutorial_dag.py for tasks to queue
[2024-03-12T09:55:10.196+0000] {logging_mixin.py:188} INFO - [2024-03-12T09:55:10.194+0000] {dagbag.py:540} INFO - Filling up the DagBag from /usr/local/lib/python3.10/dist-packages/airflow/example_dags/tutorial_dag.py
[2024-03-12T09:55:10.232+0000] {processor.py:840} INFO - DAG(s) 'tutorial_dag' retrieved from /usr/local/lib/python3.10/dist-packages/airflow/example_dags/tutorial_dag.py
[2024-03-12T09:55:10.272+0000] {logging_mixin.py:188} INFO - [2024-03-12T09:55:10.271+0000] {dag.py:3047} INFO - Sync 1 DAGs
[2024-03-12T09:55:10.320+0000] {logging_mixin.py:188} INFO - [2024-03-12T09:55:10.320+0000] {dag.py:3834} INFO - Setting next_dagrun for tutorial_dag to None, run_after=None
[2024-03-12T09:55:10.354+0000] {processor.py:183} INFO - Processing /usr/local/lib/python3.10/dist-packages/airflow/example_dags/tutorial_dag.py took 0.173 seconds
[2024-03-12T09:55:54.476+0000] {processor.py:161} INFO - Started process (PID=16025) to work on /usr/local/lib/python3.10/dist-packages/airflow/example_dags/tutorial_dag.py
[2024-03-12T09:55:54.477+0000] {processor.py:830} INFO - Processing file /usr/local/lib/python3.10/dist-packages/airflow/example_dags/tutorial_dag.py for tasks to queue
[2024-03-12T09:55:54.479+0000] {logging_mixin.py:188} INFO - [2024-03-12T09:55:54.478+0000] {dagbag.py:540} INFO - Filling up the DagBag from /usr/local/lib/python3.10/dist-packages/airflow/example_dags/tutorial_dag.py
[2024-03-12T09:55:54.486+0000] {processor.py:840} INFO - DAG(s) 'tutorial_dag' retrieved from /usr/local/lib/python3.10/dist-packages/airflow/example_dags/tutorial_dag.py
[2024-03-12T09:55:54.506+0000] {logging_mixin.py:188} INFO - [2024-03-12T09:55:54.505+0000] {dag.py:3047} INFO - Sync 1 DAGs
[2024-03-12T09:55:54.521+0000] {logging_mixin.py:188} INFO - [2024-03-12T09:55:54.520+0000] {dag.py:3834} INFO - Setting next_dagrun for tutorial_dag to None, run_after=None
[2024-03-12T09:55:54.549+0000] {processor.py:183} INFO - Processing /usr/local/lib/python3.10/dist-packages/airflow/example_dags/tutorial_dag.py took 0.078 seconds
[2024-03-12T09:56:39.612+0000] {processor.py:161} INFO - Started process (PID=16067) to work on /usr/local/lib/python3.10/dist-packages/airflow/example_dags/tutorial_dag.py
[2024-03-12T09:56:39.615+0000] {processor.py:830} INFO - Processing file /usr/local/lib/python3.10/dist-packages/airflow/example_dags/tutorial_dag.py for tasks to queue
[2024-03-12T09:56:39.616+0000] {logging_mixin.py:188} INFO - [2024-03-12T09:56:39.616+0000] {dagbag.py:540} INFO - Filling up the DagBag from /usr/local/lib/python3.10/dist-packages/airflow/example_dags/tutorial_dag.py
[2024-03-12T09:56:39.628+0000] {processor.py:840} INFO - DAG(s) 'tutorial_dag' retrieved from /usr/local/lib/python3.10/dist-packages/airflow/example_dags/tutorial_dag.py
[2024-03-12T09:56:39.656+0000] {logging_mixin.py:188} INFO - [2024-03-12T09:56:39.656+0000] {dag.py:3047} INFO - Sync 1 DAGs
[2024-03-12T09:56:39.672+0000] {logging_mixin.py:188} INFO - [2024-03-12T09:56:39.672+0000] {dag.py:3834} INFO - Setting next_dagrun for tutorial_dag to None, run_after=None
[2024-03-12T09:56:39.704+0000] {processor.py:183} INFO - Processing /usr/local/lib/python3.10/dist-packages/airflow/example_dags/tutorial_dag.py took 0.100 seconds
[2024-03-12T09:57:23.529+0000] {processor.py:161} INFO - Started process (PID=16110) to work on /usr/local/lib/python3.10/dist-packages/airflow/example_dags/tutorial_dag.py
[2024-03-12T09:57:23.535+0000] {processor.py:830} INFO - Processing file /usr/local/lib/python3.10/dist-packages/airflow/example_dags/tutorial_dag.py for tasks to queue
[2024-03-12T09:57:23.536+0000] {logging_mixin.py:188} INFO - [2024-03-12T09:57:23.536+0000] {dagbag.py:540} INFO - Filling up the DagBag from /usr/local/lib/python3.10/dist-packages/airflow/example_dags/tutorial_dag.py
[2024-03-12T09:57:23.543+0000] {processor.py:840} INFO - DAG(s) 'tutorial_dag' retrieved from /usr/local/lib/python3.10/dist-packages/airflow/example_dags/tutorial_dag.py
[2024-03-12T09:57:23.570+0000] {logging_mixin.py:188} INFO - [2024-03-12T09:57:23.569+0000] {dag.py:3047} INFO - Sync 1 DAGs
[2024-03-12T09:57:23.585+0000] {logging_mixin.py:188} INFO - [2024-03-12T09:57:23.584+0000] {dag.py:3834} INFO - Setting next_dagrun for tutorial_dag to None, run_after=None
[2024-03-12T09:57:23.618+0000] {processor.py:183} INFO - Processing /usr/local/lib/python3.10/dist-packages/airflow/example_dags/tutorial_dag.py took 0.094 seconds
[2024-03-12T09:58:07.768+0000] {processor.py:161} INFO - Started process (PID=16157) to work on /usr/local/lib/python3.10/dist-packages/airflow/example_dags/tutorial_dag.py
[2024-03-12T09:58:07.771+0000] {processor.py:830} INFO - Processing file /usr/local/lib/python3.10/dist-packages/airflow/example_dags/tutorial_dag.py for tasks to queue
[2024-03-12T09:58:07.772+0000] {logging_mixin.py:188} INFO - [2024-03-12T09:58:07.771+0000] {dagbag.py:540} INFO - Filling up the DagBag from /usr/local/lib/python3.10/dist-packages/airflow/example_dags/tutorial_dag.py
[2024-03-12T09:58:07.797+0000] {processor.py:840} INFO - DAG(s) 'tutorial_dag' retrieved from /usr/local/lib/python3.10/dist-packages/airflow/example_dags/tutorial_dag.py
[2024-03-12T09:58:07.842+0000] {logging_mixin.py:188} INFO - [2024-03-12T09:58:07.842+0000] {dag.py:3047} INFO - Sync 1 DAGs
[2024-03-12T09:58:07.859+0000] {logging_mixin.py:188} INFO - [2024-03-12T09:58:07.859+0000] {dag.py:3834} INFO - Setting next_dagrun for tutorial_dag to None, run_after=None
[2024-03-12T09:58:07.927+0000] {processor.py:183} INFO - Processing /usr/local/lib/python3.10/dist-packages/airflow/example_dags/tutorial_dag.py took 0.167 seconds
[2024-03-12T09:58:48.252+0000] {processor.py:161} INFO - Started process (PID=16204) to work on /usr/local/lib/python3.10/dist-packages/airflow/example_dags/tutorial_dag.py
[2024-03-12T09:58:48.253+0000] {processor.py:830} INFO - Processing file /usr/local/lib/python3.10/dist-packages/airflow/example_dags/tutorial_dag.py for tasks to queue
[2024-03-12T09:58:48.254+0000] {logging_mixin.py:188} INFO - [2024-03-12T09:58:48.254+0000] {dagbag.py:540} INFO - Filling up the DagBag from /usr/local/lib/python3.10/dist-packages/airflow/example_dags/tutorial_dag.py
[2024-03-12T09:58:48.261+0000] {processor.py:840} INFO - DAG(s) 'tutorial_dag' retrieved from /usr/local/lib/python3.10/dist-packages/airflow/example_dags/tutorial_dag.py
[2024-03-12T09:58:48.280+0000] {logging_mixin.py:188} INFO - [2024-03-12T09:58:48.279+0000] {dag.py:3047} INFO - Sync 1 DAGs
[2024-03-12T09:58:48.295+0000] {logging_mixin.py:188} INFO - [2024-03-12T09:58:48.294+0000] {dag.py:3834} INFO - Setting next_dagrun for tutorial_dag to None, run_after=None
[2024-03-12T09:58:48.321+0000] {processor.py:183} INFO - Processing /usr/local/lib/python3.10/dist-packages/airflow/example_dags/tutorial_dag.py took 0.073 seconds
[2024-03-12T09:59:31.673+0000] {processor.py:161} INFO - Started process (PID=16250) to work on /usr/local/lib/python3.10/dist-packages/airflow/example_dags/tutorial_dag.py
[2024-03-12T09:59:31.674+0000] {processor.py:830} INFO - Processing file /usr/local/lib/python3.10/dist-packages/airflow/example_dags/tutorial_dag.py for tasks to queue
[2024-03-12T09:59:31.675+0000] {logging_mixin.py:188} INFO - [2024-03-12T09:59:31.675+0000] {dagbag.py:540} INFO - Filling up the DagBag from /usr/local/lib/python3.10/dist-packages/airflow/example_dags/tutorial_dag.py
[2024-03-12T09:59:31.683+0000] {processor.py:840} INFO - DAG(s) 'tutorial_dag' retrieved from /usr/local/lib/python3.10/dist-packages/airflow/example_dags/tutorial_dag.py
[2024-03-12T09:59:31.703+0000] {logging_mixin.py:188} INFO - [2024-03-12T09:59:31.702+0000] {dag.py:3047} INFO - Sync 1 DAGs
[2024-03-12T09:59:31.723+0000] {logging_mixin.py:188} INFO - [2024-03-12T09:59:31.723+0000] {dag.py:3834} INFO - Setting next_dagrun for tutorial_dag to None, run_after=None
[2024-03-12T09:59:31.770+0000] {processor.py:183} INFO - Processing /usr/local/lib/python3.10/dist-packages/airflow/example_dags/tutorial_dag.py took 0.101 seconds
[2024-03-12T10:00:14.063+0000] {processor.py:161} INFO - Started process (PID=16296) to work on /usr/local/lib/python3.10/dist-packages/airflow/example_dags/tutorial_dag.py
[2024-03-12T10:00:14.065+0000] {processor.py:830} INFO - Processing file /usr/local/lib/python3.10/dist-packages/airflow/example_dags/tutorial_dag.py for tasks to queue
[2024-03-12T10:00:14.067+0000] {logging_mixin.py:188} INFO - [2024-03-12T10:00:14.066+0000] {dagbag.py:540} INFO - Filling up the DagBag from /usr/local/lib/python3.10/dist-packages/airflow/example_dags/tutorial_dag.py
[2024-03-12T10:00:14.073+0000] {processor.py:840} INFO - DAG(s) 'tutorial_dag' retrieved from /usr/local/lib/python3.10/dist-packages/airflow/example_dags/tutorial_dag.py
[2024-03-12T10:00:14.092+0000] {logging_mixin.py:188} INFO - [2024-03-12T10:00:14.091+0000] {dag.py:3047} INFO - Sync 1 DAGs
[2024-03-12T10:00:14.104+0000] {logging_mixin.py:188} INFO - [2024-03-12T10:00:14.104+0000] {dag.py:3834} INFO - Setting next_dagrun for tutorial_dag to None, run_after=None
[2024-03-12T10:00:14.134+0000] {processor.py:183} INFO - Processing /usr/local/lib/python3.10/dist-packages/airflow/example_dags/tutorial_dag.py took 0.082 seconds
[2024-03-12T10:00:56.477+0000] {processor.py:161} INFO - Started process (PID=16342) to work on /usr/local/lib/python3.10/dist-packages/airflow/example_dags/tutorial_dag.py
[2024-03-12T10:00:56.479+0000] {processor.py:830} INFO - Processing file /usr/local/lib/python3.10/dist-packages/airflow/example_dags/tutorial_dag.py for tasks to queue
[2024-03-12T10:00:56.482+0000] {logging_mixin.py:188} INFO - [2024-03-12T10:00:56.481+0000] {dagbag.py:540} INFO - Filling up the DagBag from /usr/local/lib/python3.10/dist-packages/airflow/example_dags/tutorial_dag.py
[2024-03-12T10:00:56.493+0000] {processor.py:840} INFO - DAG(s) 'tutorial_dag' retrieved from /usr/local/lib/python3.10/dist-packages/airflow/example_dags/tutorial_dag.py
[2024-03-12T10:00:56.534+0000] {logging_mixin.py:188} INFO - [2024-03-12T10:00:56.533+0000] {dag.py:3047} INFO - Sync 1 DAGs
[2024-03-12T10:00:56.553+0000] {logging_mixin.py:188} INFO - [2024-03-12T10:00:56.552+0000] {dag.py:3834} INFO - Setting next_dagrun for tutorial_dag to None, run_after=None
[2024-03-12T10:00:56.587+0000] {processor.py:183} INFO - Processing /usr/local/lib/python3.10/dist-packages/airflow/example_dags/tutorial_dag.py took 0.115 seconds
[2024-03-12T10:01:38.519+0000] {processor.py:161} INFO - Started process (PID=16388) to work on /usr/local/lib/python3.10/dist-packages/airflow/example_dags/tutorial_dag.py
[2024-03-12T10:01:38.520+0000] {processor.py:830} INFO - Processing file /usr/local/lib/python3.10/dist-packages/airflow/example_dags/tutorial_dag.py for tasks to queue
[2024-03-12T10:01:38.522+0000] {logging_mixin.py:188} INFO - [2024-03-12T10:01:38.521+0000] {dagbag.py:540} INFO - Filling up the DagBag from /usr/local/lib/python3.10/dist-packages/airflow/example_dags/tutorial_dag.py
[2024-03-12T10:01:38.531+0000] {processor.py:840} INFO - DAG(s) 'tutorial_dag' retrieved from /usr/local/lib/python3.10/dist-packages/airflow/example_dags/tutorial_dag.py
[2024-03-12T10:01:38.560+0000] {logging_mixin.py:188} INFO - [2024-03-12T10:01:38.556+0000] {dag.py:3047} INFO - Sync 1 DAGs
[2024-03-12T10:01:38.574+0000] {logging_mixin.py:188} INFO - [2024-03-12T10:01:38.574+0000] {dag.py:3834} INFO - Setting next_dagrun for tutorial_dag to None, run_after=None
[2024-03-12T10:01:38.610+0000] {processor.py:183} INFO - Processing /usr/local/lib/python3.10/dist-packages/airflow/example_dags/tutorial_dag.py took 0.095 seconds
[2024-03-12T10:02:18.034+0000] {processor.py:161} INFO - Started process (PID=16429) to work on /usr/local/lib/python3.10/dist-packages/airflow/example_dags/tutorial_dag.py
[2024-03-12T10:02:18.036+0000] {processor.py:830} INFO - Processing file /usr/local/lib/python3.10/dist-packages/airflow/example_dags/tutorial_dag.py for tasks to queue
[2024-03-12T10:02:18.038+0000] {logging_mixin.py:188} INFO - [2024-03-12T10:02:18.037+0000] {dagbag.py:540} INFO - Filling up the DagBag from /usr/local/lib/python3.10/dist-packages/airflow/example_dags/tutorial_dag.py
[2024-03-12T10:02:18.047+0000] {processor.py:840} INFO - DAG(s) 'tutorial_dag' retrieved from /usr/local/lib/python3.10/dist-packages/airflow/example_dags/tutorial_dag.py
[2024-03-12T10:02:18.073+0000] {logging_mixin.py:188} INFO - [2024-03-12T10:02:18.073+0000] {dag.py:3047} INFO - Sync 1 DAGs
[2024-03-12T10:02:18.086+0000] {logging_mixin.py:188} INFO - [2024-03-12T10:02:18.086+0000] {dag.py:3834} INFO - Setting next_dagrun for tutorial_dag to None, run_after=None
[2024-03-12T10:02:18.129+0000] {processor.py:183} INFO - Processing /usr/local/lib/python3.10/dist-packages/airflow/example_dags/tutorial_dag.py took 0.099 seconds
[2024-03-12T10:03:00.663+0000] {processor.py:161} INFO - Started process (PID=16475) to work on /usr/local/lib/python3.10/dist-packages/airflow/example_dags/tutorial_dag.py
[2024-03-12T10:03:00.664+0000] {processor.py:830} INFO - Processing file /usr/local/lib/python3.10/dist-packages/airflow/example_dags/tutorial_dag.py for tasks to queue
[2024-03-12T10:03:00.665+0000] {logging_mixin.py:188} INFO - [2024-03-12T10:03:00.664+0000] {dagbag.py:540} INFO - Filling up the DagBag from /usr/local/lib/python3.10/dist-packages/airflow/example_dags/tutorial_dag.py
[2024-03-12T10:03:00.672+0000] {processor.py:840} INFO - DAG(s) 'tutorial_dag' retrieved from /usr/local/lib/python3.10/dist-packages/airflow/example_dags/tutorial_dag.py
[2024-03-12T10:03:00.692+0000] {logging_mixin.py:188} INFO - [2024-03-12T10:03:00.692+0000] {dag.py:3047} INFO - Sync 1 DAGs
[2024-03-12T10:03:00.705+0000] {logging_mixin.py:188} INFO - [2024-03-12T10:03:00.705+0000] {dag.py:3834} INFO - Setting next_dagrun for tutorial_dag to None, run_after=None
[2024-03-12T10:03:00.732+0000] {processor.py:183} INFO - Processing /usr/local/lib/python3.10/dist-packages/airflow/example_dags/tutorial_dag.py took 0.074 seconds
[2024-03-12T10:03:42.504+0000] {processor.py:161} INFO - Started process (PID=16515) to work on /usr/local/lib/python3.10/dist-packages/airflow/example_dags/tutorial_dag.py
[2024-03-12T10:03:42.506+0000] {processor.py:830} INFO - Processing file /usr/local/lib/python3.10/dist-packages/airflow/example_dags/tutorial_dag.py for tasks to queue
[2024-03-12T10:03:42.509+0000] {logging_mixin.py:188} INFO - [2024-03-12T10:03:42.507+0000] {dagbag.py:540} INFO - Filling up the DagBag from /usr/local/lib/python3.10/dist-packages/airflow/example_dags/tutorial_dag.py
[2024-03-12T10:03:42.522+0000] {processor.py:840} INFO - DAG(s) 'tutorial_dag' retrieved from /usr/local/lib/python3.10/dist-packages/airflow/example_dags/tutorial_dag.py
[2024-03-12T10:03:42.551+0000] {logging_mixin.py:188} INFO - [2024-03-12T10:03:42.551+0000] {dag.py:3047} INFO - Sync 1 DAGs
[2024-03-12T10:03:42.569+0000] {logging_mixin.py:188} INFO - [2024-03-12T10:03:42.569+0000] {dag.py:3834} INFO - Setting next_dagrun for tutorial_dag to None, run_after=None
[2024-03-12T10:03:42.594+0000] {processor.py:183} INFO - Processing /usr/local/lib/python3.10/dist-packages/airflow/example_dags/tutorial_dag.py took 0.098 seconds
[2024-03-12T10:04:23.617+0000] {processor.py:161} INFO - Started process (PID=16558) to work on /usr/local/lib/python3.10/dist-packages/airflow/example_dags/tutorial_dag.py
[2024-03-12T10:04:23.619+0000] {processor.py:830} INFO - Processing file /usr/local/lib/python3.10/dist-packages/airflow/example_dags/tutorial_dag.py for tasks to queue
[2024-03-12T10:04:23.620+0000] {logging_mixin.py:188} INFO - [2024-03-12T10:04:23.620+0000] {dagbag.py:540} INFO - Filling up the DagBag from /usr/local/lib/python3.10/dist-packages/airflow/example_dags/tutorial_dag.py
[2024-03-12T10:04:23.627+0000] {processor.py:840} INFO - DAG(s) 'tutorial_dag' retrieved from /usr/local/lib/python3.10/dist-packages/airflow/example_dags/tutorial_dag.py
[2024-03-12T10:04:23.647+0000] {logging_mixin.py:188} INFO - [2024-03-12T10:04:23.646+0000] {dag.py:3047} INFO - Sync 1 DAGs
[2024-03-12T10:04:23.660+0000] {logging_mixin.py:188} INFO - [2024-03-12T10:04:23.660+0000] {dag.py:3834} INFO - Setting next_dagrun for tutorial_dag to None, run_after=None
[2024-03-12T10:04:23.689+0000] {processor.py:183} INFO - Processing /usr/local/lib/python3.10/dist-packages/airflow/example_dags/tutorial_dag.py took 0.076 seconds
