[2024-03-12T09:19:33.221+0000] {processor.py:161} INFO - Started process (PID=13933) to work on /usr/local/lib/python3.10/dist-packages/airflow/example_dags/tutorial.py
[2024-03-12T09:19:33.222+0000] {processor.py:830} INFO - Processing file /usr/local/lib/python3.10/dist-packages/airflow/example_dags/tutorial.py for tasks to queue
[2024-03-12T09:19:33.223+0000] {logging_mixin.py:188} INFO - [2024-03-12T09:19:33.223+0000] {dagbag.py:540} INFO - Filling up the DagBag from /usr/local/lib/python3.10/dist-packages/airflow/example_dags/tutorial.py
[2024-03-12T09:19:33.234+0000] {processor.py:840} INFO - DAG(s) 'tutorial' retrieved from /usr/local/lib/python3.10/dist-packages/airflow/example_dags/tutorial.py
[2024-03-12T09:19:33.401+0000] {logging_mixin.py:188} INFO - [2024-03-12T09:19:33.399+0000] {override.py:1769} INFO - Created Permission View: can read on DAG:tutorial
[2024-03-12T09:19:33.418+0000] {logging_mixin.py:188} INFO - [2024-03-12T09:19:33.417+0000] {override.py:1769} INFO - Created Permission View: can edit on DAG:tutorial
[2024-03-12T09:19:33.432+0000] {logging_mixin.py:188} INFO - [2024-03-12T09:19:33.432+0000] {override.py:1769} INFO - Created Permission View: can delete on DAG:tutorial
[2024-03-12T09:19:33.434+0000] {logging_mixin.py:188} INFO - [2024-03-12T09:19:33.433+0000] {dag.py:3047} INFO - Sync 1 DAGs
[2024-03-12T09:19:33.455+0000] {logging_mixin.py:188} INFO - [2024-03-12T09:19:33.454+0000] {dag.py:3069} INFO - Creating ORM DAG for tutorial
[2024-03-12T09:19:33.474+0000] {logging_mixin.py:188} INFO - [2024-03-12T09:19:33.474+0000] {dag.py:3834} INFO - Setting next_dagrun for tutorial to 2024-03-11 00:00:00+00:00, run_after=2024-03-12 00:00:00+00:00
[2024-03-12T09:19:33.512+0000] {processor.py:183} INFO - Processing /usr/local/lib/python3.10/dist-packages/airflow/example_dags/tutorial.py took 0.295 seconds
[2024-03-12T09:22:25.630+0000] {processor.py:161} INFO - Started process (PID=13991) to work on /usr/local/lib/python3.10/dist-packages/airflow/example_dags/tutorial.py
[2024-03-12T09:22:25.633+0000] {processor.py:830} INFO - Processing file /usr/local/lib/python3.10/dist-packages/airflow/example_dags/tutorial.py for tasks to queue
[2024-03-12T09:22:25.637+0000] {logging_mixin.py:188} INFO - [2024-03-12T09:22:25.633+0000] {dagbag.py:540} INFO - Filling up the DagBag from /usr/local/lib/python3.10/dist-packages/airflow/example_dags/tutorial.py
[2024-03-12T09:22:25.650+0000] {processor.py:840} INFO - DAG(s) 'tutorial' retrieved from /usr/local/lib/python3.10/dist-packages/airflow/example_dags/tutorial.py
[2024-03-12T09:22:25.661+0000] {logging_mixin.py:188} INFO - [2024-03-12T09:22:25.661+0000] {dag.py:3047} INFO - Sync 1 DAGs
[2024-03-12T09:22:25.685+0000] {logging_mixin.py:188} INFO - [2024-03-12T09:22:25.685+0000] {dag.py:3834} INFO - Setting next_dagrun for tutorial to 2024-03-11 00:00:00+00:00, run_after=2024-03-12 00:00:00+00:00
[2024-03-12T09:22:25.748+0000] {processor.py:183} INFO - Processing /usr/local/lib/python3.10/dist-packages/airflow/example_dags/tutorial.py took 0.122 seconds
[2024-03-12T09:23:26.967+0000] {processor.py:161} INFO - Started process (PID=14042) to work on /usr/local/lib/python3.10/dist-packages/airflow/example_dags/tutorial.py
[2024-03-12T09:23:26.969+0000] {processor.py:830} INFO - Processing file /usr/local/lib/python3.10/dist-packages/airflow/example_dags/tutorial.py for tasks to queue
[2024-03-12T09:23:26.970+0000] {logging_mixin.py:188} INFO - [2024-03-12T09:23:26.969+0000] {dagbag.py:540} INFO - Filling up the DagBag from /usr/local/lib/python3.10/dist-packages/airflow/example_dags/tutorial.py
[2024-03-12T09:23:26.987+0000] {processor.py:840} INFO - DAG(s) 'tutorial' retrieved from /usr/local/lib/python3.10/dist-packages/airflow/example_dags/tutorial.py
[2024-03-12T09:23:27.295+0000] {logging_mixin.py:188} INFO - [2024-03-12T09:23:27.295+0000] {dag.py:3047} INFO - Sync 1 DAGs
[2024-03-12T09:23:27.321+0000] {logging_mixin.py:188} INFO - [2024-03-12T09:23:27.321+0000] {dag.py:3834} INFO - Setting next_dagrun for tutorial to 2024-03-11 00:00:00+00:00, run_after=2024-03-12 00:00:00+00:00
[2024-03-12T09:23:27.367+0000] {processor.py:183} INFO - Processing /usr/local/lib/python3.10/dist-packages/airflow/example_dags/tutorial.py took 0.404 seconds
[2024-03-12T09:24:19.192+0000] {processor.py:161} INFO - Started process (PID=14094) to work on /usr/local/lib/python3.10/dist-packages/airflow/example_dags/tutorial.py
[2024-03-12T09:24:19.194+0000] {processor.py:830} INFO - Processing file /usr/local/lib/python3.10/dist-packages/airflow/example_dags/tutorial.py for tasks to queue
[2024-03-12T09:24:19.195+0000] {logging_mixin.py:188} INFO - [2024-03-12T09:24:19.194+0000] {dagbag.py:540} INFO - Filling up the DagBag from /usr/local/lib/python3.10/dist-packages/airflow/example_dags/tutorial.py
[2024-03-12T09:24:19.202+0000] {processor.py:840} INFO - DAG(s) 'tutorial' retrieved from /usr/local/lib/python3.10/dist-packages/airflow/example_dags/tutorial.py
[2024-03-12T09:24:19.218+0000] {logging_mixin.py:188} INFO - [2024-03-12T09:24:19.218+0000] {dag.py:3047} INFO - Sync 1 DAGs
[2024-03-12T09:24:19.239+0000] {logging_mixin.py:188} INFO - [2024-03-12T09:24:19.239+0000] {dag.py:3834} INFO - Setting next_dagrun for tutorial to 2024-03-11 00:00:00+00:00, run_after=2024-03-12 00:00:00+00:00
[2024-03-12T09:24:19.376+0000] {processor.py:183} INFO - Processing /usr/local/lib/python3.10/dist-packages/airflow/example_dags/tutorial.py took 0.189 seconds
[2024-03-12T09:25:07.771+0000] {processor.py:161} INFO - Started process (PID=14135) to work on /usr/local/lib/python3.10/dist-packages/airflow/example_dags/tutorial.py
[2024-03-12T09:25:07.774+0000] {processor.py:830} INFO - Processing file /usr/local/lib/python3.10/dist-packages/airflow/example_dags/tutorial.py for tasks to queue
[2024-03-12T09:25:07.776+0000] {logging_mixin.py:188} INFO - [2024-03-12T09:25:07.775+0000] {dagbag.py:540} INFO - Filling up the DagBag from /usr/local/lib/python3.10/dist-packages/airflow/example_dags/tutorial.py
[2024-03-12T09:25:07.785+0000] {processor.py:840} INFO - DAG(s) 'tutorial' retrieved from /usr/local/lib/python3.10/dist-packages/airflow/example_dags/tutorial.py
[2024-03-12T09:25:08.003+0000] {logging_mixin.py:188} INFO - [2024-03-12T09:25:08.003+0000] {dag.py:3047} INFO - Sync 1 DAGs
[2024-03-12T09:25:08.039+0000] {logging_mixin.py:188} INFO - [2024-03-12T09:25:08.038+0000] {dag.py:3834} INFO - Setting next_dagrun for tutorial to 2024-03-11 00:00:00+00:00, run_after=2024-03-12 00:00:00+00:00
[2024-03-12T09:25:08.120+0000] {processor.py:183} INFO - Processing /usr/local/lib/python3.10/dist-packages/airflow/example_dags/tutorial.py took 0.361 seconds
[2024-03-12T09:25:55.894+0000] {processor.py:161} INFO - Started process (PID=14182) to work on /usr/local/lib/python3.10/dist-packages/airflow/example_dags/tutorial.py
[2024-03-12T09:25:55.895+0000] {processor.py:830} INFO - Processing file /usr/local/lib/python3.10/dist-packages/airflow/example_dags/tutorial.py for tasks to queue
[2024-03-12T09:25:55.897+0000] {logging_mixin.py:188} INFO - [2024-03-12T09:25:55.896+0000] {dagbag.py:540} INFO - Filling up the DagBag from /usr/local/lib/python3.10/dist-packages/airflow/example_dags/tutorial.py
[2024-03-12T09:25:55.905+0000] {processor.py:840} INFO - DAG(s) 'tutorial' retrieved from /usr/local/lib/python3.10/dist-packages/airflow/example_dags/tutorial.py
[2024-03-12T09:25:55.921+0000] {logging_mixin.py:188} INFO - [2024-03-12T09:25:55.921+0000] {dag.py:3047} INFO - Sync 1 DAGs
[2024-03-12T09:25:55.944+0000] {logging_mixin.py:188} INFO - [2024-03-12T09:25:55.943+0000] {dag.py:3834} INFO - Setting next_dagrun for tutorial to 2024-03-11 00:00:00+00:00, run_after=2024-03-12 00:00:00+00:00
[2024-03-12T09:25:55.968+0000] {processor.py:183} INFO - Processing /usr/local/lib/python3.10/dist-packages/airflow/example_dags/tutorial.py took 0.084 seconds
[2024-03-12T09:26:34.904+0000] {processor.py:161} INFO - Started process (PID=14222) to work on /usr/local/lib/python3.10/dist-packages/airflow/example_dags/tutorial.py
[2024-03-12T09:26:34.906+0000] {processor.py:830} INFO - Processing file /usr/local/lib/python3.10/dist-packages/airflow/example_dags/tutorial.py for tasks to queue
[2024-03-12T09:26:34.907+0000] {logging_mixin.py:188} INFO - [2024-03-12T09:26:34.906+0000] {dagbag.py:540} INFO - Filling up the DagBag from /usr/local/lib/python3.10/dist-packages/airflow/example_dags/tutorial.py
[2024-03-12T09:26:34.931+0000] {processor.py:840} INFO - DAG(s) 'tutorial' retrieved from /usr/local/lib/python3.10/dist-packages/airflow/example_dags/tutorial.py
[2024-03-12T09:26:34.957+0000] {logging_mixin.py:188} INFO - [2024-03-12T09:26:34.956+0000] {dag.py:3047} INFO - Sync 1 DAGs
[2024-03-12T09:26:35.010+0000] {logging_mixin.py:188} INFO - [2024-03-12T09:26:35.008+0000] {dag.py:3834} INFO - Setting next_dagrun for tutorial to 2024-03-11 00:00:00+00:00, run_after=2024-03-12 00:00:00+00:00
[2024-03-12T09:26:35.041+0000] {processor.py:183} INFO - Processing /usr/local/lib/python3.10/dist-packages/airflow/example_dags/tutorial.py took 0.143 seconds
[2024-03-12T09:27:16.836+0000] {processor.py:161} INFO - Started process (PID=14263) to work on /usr/local/lib/python3.10/dist-packages/airflow/example_dags/tutorial.py
[2024-03-12T09:27:16.838+0000] {processor.py:830} INFO - Processing file /usr/local/lib/python3.10/dist-packages/airflow/example_dags/tutorial.py for tasks to queue
[2024-03-12T09:27:16.839+0000] {logging_mixin.py:188} INFO - [2024-03-12T09:27:16.838+0000] {dagbag.py:540} INFO - Filling up the DagBag from /usr/local/lib/python3.10/dist-packages/airflow/example_dags/tutorial.py
[2024-03-12T09:27:16.853+0000] {processor.py:840} INFO - DAG(s) 'tutorial' retrieved from /usr/local/lib/python3.10/dist-packages/airflow/example_dags/tutorial.py
[2024-03-12T09:27:16.888+0000] {logging_mixin.py:188} INFO - [2024-03-12T09:27:16.888+0000] {dag.py:3047} INFO - Sync 1 DAGs
[2024-03-12T09:27:16.930+0000] {logging_mixin.py:188} INFO - [2024-03-12T09:27:16.929+0000] {dag.py:3834} INFO - Setting next_dagrun for tutorial to 2024-03-11 00:00:00+00:00, run_after=2024-03-12 00:00:00+00:00
[2024-03-12T09:27:16.975+0000] {processor.py:183} INFO - Processing /usr/local/lib/python3.10/dist-packages/airflow/example_dags/tutorial.py took 0.145 seconds
[2024-03-12T09:28:00.096+0000] {processor.py:161} INFO - Started process (PID=14305) to work on /usr/local/lib/python3.10/dist-packages/airflow/example_dags/tutorial.py
[2024-03-12T09:28:00.101+0000] {processor.py:830} INFO - Processing file /usr/local/lib/python3.10/dist-packages/airflow/example_dags/tutorial.py for tasks to queue
[2024-03-12T09:28:00.104+0000] {logging_mixin.py:188} INFO - [2024-03-12T09:28:00.103+0000] {dagbag.py:540} INFO - Filling up the DagBag from /usr/local/lib/python3.10/dist-packages/airflow/example_dags/tutorial.py
[2024-03-12T09:28:00.146+0000] {processor.py:840} INFO - DAG(s) 'tutorial' retrieved from /usr/local/lib/python3.10/dist-packages/airflow/example_dags/tutorial.py
[2024-03-12T09:28:00.202+0000] {logging_mixin.py:188} INFO - [2024-03-12T09:28:00.200+0000] {dag.py:3047} INFO - Sync 1 DAGs
[2024-03-12T09:28:00.236+0000] {logging_mixin.py:188} INFO - [2024-03-12T09:28:00.236+0000] {dag.py:3834} INFO - Setting next_dagrun for tutorial to 2024-03-11 00:00:00+00:00, run_after=2024-03-12 00:00:00+00:00
[2024-03-12T09:28:00.272+0000] {processor.py:183} INFO - Processing /usr/local/lib/python3.10/dist-packages/airflow/example_dags/tutorial.py took 0.188 seconds
[2024-03-12T09:28:39.332+0000] {processor.py:161} INFO - Started process (PID=14345) to work on /usr/local/lib/python3.10/dist-packages/airflow/example_dags/tutorial.py
[2024-03-12T09:28:39.340+0000] {processor.py:830} INFO - Processing file /usr/local/lib/python3.10/dist-packages/airflow/example_dags/tutorial.py for tasks to queue
[2024-03-12T09:28:39.341+0000] {logging_mixin.py:188} INFO - [2024-03-12T09:28:39.340+0000] {dagbag.py:540} INFO - Filling up the DagBag from /usr/local/lib/python3.10/dist-packages/airflow/example_dags/tutorial.py
[2024-03-12T09:28:39.359+0000] {processor.py:840} INFO - DAG(s) 'tutorial' retrieved from /usr/local/lib/python3.10/dist-packages/airflow/example_dags/tutorial.py
[2024-03-12T09:28:39.388+0000] {logging_mixin.py:188} INFO - [2024-03-12T09:28:39.387+0000] {dag.py:3047} INFO - Sync 1 DAGs
[2024-03-12T09:28:39.420+0000] {logging_mixin.py:188} INFO - [2024-03-12T09:28:39.419+0000] {dag.py:3834} INFO - Setting next_dagrun for tutorial to 2024-03-11 00:00:00+00:00, run_after=2024-03-12 00:00:00+00:00
[2024-03-12T09:28:39.458+0000] {processor.py:183} INFO - Processing /usr/local/lib/python3.10/dist-packages/airflow/example_dags/tutorial.py took 0.133 seconds
[2024-03-12T09:29:19.499+0000] {processor.py:161} INFO - Started process (PID=14385) to work on /usr/local/lib/python3.10/dist-packages/airflow/example_dags/tutorial.py
[2024-03-12T09:29:19.503+0000] {processor.py:830} INFO - Processing file /usr/local/lib/python3.10/dist-packages/airflow/example_dags/tutorial.py for tasks to queue
[2024-03-12T09:29:19.504+0000] {logging_mixin.py:188} INFO - [2024-03-12T09:29:19.504+0000] {dagbag.py:540} INFO - Filling up the DagBag from /usr/local/lib/python3.10/dist-packages/airflow/example_dags/tutorial.py
[2024-03-12T09:29:19.520+0000] {processor.py:840} INFO - DAG(s) 'tutorial' retrieved from /usr/local/lib/python3.10/dist-packages/airflow/example_dags/tutorial.py
[2024-03-12T09:29:19.563+0000] {logging_mixin.py:188} INFO - [2024-03-12T09:29:19.563+0000] {dag.py:3047} INFO - Sync 1 DAGs
[2024-03-12T09:29:19.618+0000] {logging_mixin.py:188} INFO - [2024-03-12T09:29:19.618+0000] {dag.py:3834} INFO - Setting next_dagrun for tutorial to 2024-03-11 00:00:00+00:00, run_after=2024-03-12 00:00:00+00:00
[2024-03-12T09:29:19.650+0000] {processor.py:183} INFO - Processing /usr/local/lib/python3.10/dist-packages/airflow/example_dags/tutorial.py took 0.166 seconds
[2024-03-12T09:30:13.812+0000] {processor.py:161} INFO - Started process (PID=14437) to work on /usr/local/lib/python3.10/dist-packages/airflow/example_dags/tutorial.py
[2024-03-12T09:30:13.818+0000] {processor.py:830} INFO - Processing file /usr/local/lib/python3.10/dist-packages/airflow/example_dags/tutorial.py for tasks to queue
[2024-03-12T09:30:13.820+0000] {logging_mixin.py:188} INFO - [2024-03-12T09:30:13.818+0000] {dagbag.py:540} INFO - Filling up the DagBag from /usr/local/lib/python3.10/dist-packages/airflow/example_dags/tutorial.py
[2024-03-12T09:30:13.839+0000] {processor.py:840} INFO - DAG(s) 'tutorial' retrieved from /usr/local/lib/python3.10/dist-packages/airflow/example_dags/tutorial.py
[2024-03-12T09:30:13.872+0000] {logging_mixin.py:188} INFO - [2024-03-12T09:30:13.871+0000] {dag.py:3047} INFO - Sync 1 DAGs
[2024-03-12T09:30:13.898+0000] {logging_mixin.py:188} INFO - [2024-03-12T09:30:13.897+0000] {dag.py:3834} INFO - Setting next_dagrun for tutorial to 2024-03-11 00:00:00+00:00, run_after=2024-03-12 00:00:00+00:00
[2024-03-12T09:30:13.927+0000] {processor.py:183} INFO - Processing /usr/local/lib/python3.10/dist-packages/airflow/example_dags/tutorial.py took 0.125 seconds
[2024-03-12T09:30:54.703+0000] {processor.py:161} INFO - Started process (PID=14478) to work on /usr/local/lib/python3.10/dist-packages/airflow/example_dags/tutorial.py
[2024-03-12T09:30:54.708+0000] {processor.py:830} INFO - Processing file /usr/local/lib/python3.10/dist-packages/airflow/example_dags/tutorial.py for tasks to queue
[2024-03-12T09:30:54.711+0000] {logging_mixin.py:188} INFO - [2024-03-12T09:30:54.708+0000] {dagbag.py:540} INFO - Filling up the DagBag from /usr/local/lib/python3.10/dist-packages/airflow/example_dags/tutorial.py
[2024-03-12T09:30:54.729+0000] {processor.py:840} INFO - DAG(s) 'tutorial' retrieved from /usr/local/lib/python3.10/dist-packages/airflow/example_dags/tutorial.py
[2024-03-12T09:30:54.779+0000] {logging_mixin.py:188} INFO - [2024-03-12T09:30:54.779+0000] {dag.py:3047} INFO - Sync 1 DAGs
[2024-03-12T09:30:54.809+0000] {logging_mixin.py:188} INFO - [2024-03-12T09:30:54.809+0000] {dag.py:3834} INFO - Setting next_dagrun for tutorial to 2024-03-11 00:00:00+00:00, run_after=2024-03-12 00:00:00+00:00
[2024-03-12T09:30:54.835+0000] {processor.py:183} INFO - Processing /usr/local/lib/python3.10/dist-packages/airflow/example_dags/tutorial.py took 0.139 seconds
[2024-03-12T09:31:36.995+0000] {processor.py:161} INFO - Started process (PID=14518) to work on /usr/local/lib/python3.10/dist-packages/airflow/example_dags/tutorial.py
[2024-03-12T09:31:36.996+0000] {processor.py:830} INFO - Processing file /usr/local/lib/python3.10/dist-packages/airflow/example_dags/tutorial.py for tasks to queue
[2024-03-12T09:31:36.997+0000] {logging_mixin.py:188} INFO - [2024-03-12T09:31:36.997+0000] {dagbag.py:540} INFO - Filling up the DagBag from /usr/local/lib/python3.10/dist-packages/airflow/example_dags/tutorial.py
[2024-03-12T09:31:37.006+0000] {processor.py:840} INFO - DAG(s) 'tutorial' retrieved from /usr/local/lib/python3.10/dist-packages/airflow/example_dags/tutorial.py
[2024-03-12T09:31:37.028+0000] {logging_mixin.py:188} INFO - [2024-03-12T09:31:37.028+0000] {dag.py:3047} INFO - Sync 1 DAGs
[2024-03-12T09:31:37.055+0000] {logging_mixin.py:188} INFO - [2024-03-12T09:31:37.055+0000] {dag.py:3834} INFO - Setting next_dagrun for tutorial to 2024-03-11 00:00:00+00:00, run_after=2024-03-12 00:00:00+00:00
[2024-03-12T09:31:37.093+0000] {processor.py:183} INFO - Processing /usr/local/lib/python3.10/dist-packages/airflow/example_dags/tutorial.py took 0.103 seconds
[2024-03-12T09:32:19.731+0000] {processor.py:161} INFO - Started process (PID=14559) to work on /usr/local/lib/python3.10/dist-packages/airflow/example_dags/tutorial.py
[2024-03-12T09:32:19.735+0000] {processor.py:830} INFO - Processing file /usr/local/lib/python3.10/dist-packages/airflow/example_dags/tutorial.py for tasks to queue
[2024-03-12T09:32:19.739+0000] {logging_mixin.py:188} INFO - [2024-03-12T09:32:19.738+0000] {dagbag.py:540} INFO - Filling up the DagBag from /usr/local/lib/python3.10/dist-packages/airflow/example_dags/tutorial.py
[2024-03-12T09:32:19.762+0000] {processor.py:840} INFO - DAG(s) 'tutorial' retrieved from /usr/local/lib/python3.10/dist-packages/airflow/example_dags/tutorial.py
[2024-03-12T09:32:19.786+0000] {logging_mixin.py:188} INFO - [2024-03-12T09:32:19.786+0000] {dag.py:3047} INFO - Sync 1 DAGs
[2024-03-12T09:32:19.828+0000] {logging_mixin.py:188} INFO - [2024-03-12T09:32:19.828+0000] {dag.py:3834} INFO - Setting next_dagrun for tutorial to 2024-03-11 00:00:00+00:00, run_after=2024-03-12 00:00:00+00:00
[2024-03-12T09:32:19.899+0000] {processor.py:183} INFO - Processing /usr/local/lib/python3.10/dist-packages/airflow/example_dags/tutorial.py took 0.179 seconds
[2024-03-12T09:33:04.452+0000] {processor.py:161} INFO - Started process (PID=14602) to work on /usr/local/lib/python3.10/dist-packages/airflow/example_dags/tutorial.py
[2024-03-12T09:33:04.454+0000] {processor.py:830} INFO - Processing file /usr/local/lib/python3.10/dist-packages/airflow/example_dags/tutorial.py for tasks to queue
[2024-03-12T09:33:04.455+0000] {logging_mixin.py:188} INFO - [2024-03-12T09:33:04.454+0000] {dagbag.py:540} INFO - Filling up the DagBag from /usr/local/lib/python3.10/dist-packages/airflow/example_dags/tutorial.py
[2024-03-12T09:33:04.462+0000] {processor.py:840} INFO - DAG(s) 'tutorial' retrieved from /usr/local/lib/python3.10/dist-packages/airflow/example_dags/tutorial.py
[2024-03-12T09:33:04.482+0000] {logging_mixin.py:188} INFO - [2024-03-12T09:33:04.481+0000] {dag.py:3047} INFO - Sync 1 DAGs
[2024-03-12T09:33:04.504+0000] {logging_mixin.py:188} INFO - [2024-03-12T09:33:04.504+0000] {dag.py:3834} INFO - Setting next_dagrun for tutorial to 2024-03-11 00:00:00+00:00, run_after=2024-03-12 00:00:00+00:00
[2024-03-12T09:33:04.532+0000] {processor.py:183} INFO - Processing /usr/local/lib/python3.10/dist-packages/airflow/example_dags/tutorial.py took 0.083 seconds
[2024-03-12T09:33:48.737+0000] {processor.py:161} INFO - Started process (PID=14645) to work on /usr/local/lib/python3.10/dist-packages/airflow/example_dags/tutorial.py
[2024-03-12T09:33:48.738+0000] {processor.py:830} INFO - Processing file /usr/local/lib/python3.10/dist-packages/airflow/example_dags/tutorial.py for tasks to queue
[2024-03-12T09:33:48.739+0000] {logging_mixin.py:188} INFO - [2024-03-12T09:33:48.739+0000] {dagbag.py:540} INFO - Filling up the DagBag from /usr/local/lib/python3.10/dist-packages/airflow/example_dags/tutorial.py
[2024-03-12T09:33:48.748+0000] {processor.py:840} INFO - DAG(s) 'tutorial' retrieved from /usr/local/lib/python3.10/dist-packages/airflow/example_dags/tutorial.py
[2024-03-12T09:33:48.766+0000] {logging_mixin.py:188} INFO - [2024-03-12T09:33:48.766+0000] {dag.py:3047} INFO - Sync 1 DAGs
[2024-03-12T09:33:48.790+0000] {logging_mixin.py:188} INFO - [2024-03-12T09:33:48.790+0000] {dag.py:3834} INFO - Setting next_dagrun for tutorial to 2024-03-11 00:00:00+00:00, run_after=2024-03-12 00:00:00+00:00
[2024-03-12T09:33:48.825+0000] {processor.py:183} INFO - Processing /usr/local/lib/python3.10/dist-packages/airflow/example_dags/tutorial.py took 0.092 seconds
[2024-03-12T09:34:30.375+0000] {processor.py:161} INFO - Started process (PID=14686) to work on /usr/local/lib/python3.10/dist-packages/airflow/example_dags/tutorial.py
[2024-03-12T09:34:30.378+0000] {processor.py:830} INFO - Processing file /usr/local/lib/python3.10/dist-packages/airflow/example_dags/tutorial.py for tasks to queue
[2024-03-12T09:34:30.379+0000] {logging_mixin.py:188} INFO - [2024-03-12T09:34:30.378+0000] {dagbag.py:540} INFO - Filling up the DagBag from /usr/local/lib/python3.10/dist-packages/airflow/example_dags/tutorial.py
[2024-03-12T09:34:30.388+0000] {processor.py:840} INFO - DAG(s) 'tutorial' retrieved from /usr/local/lib/python3.10/dist-packages/airflow/example_dags/tutorial.py
[2024-03-12T09:34:30.408+0000] {logging_mixin.py:188} INFO - [2024-03-12T09:34:30.408+0000] {dag.py:3047} INFO - Sync 1 DAGs
[2024-03-12T09:34:30.438+0000] {logging_mixin.py:188} INFO - [2024-03-12T09:34:30.438+0000] {dag.py:3834} INFO - Setting next_dagrun for tutorial to 2024-03-11 00:00:00+00:00, run_after=2024-03-12 00:00:00+00:00
[2024-03-12T09:34:30.468+0000] {processor.py:183} INFO - Processing /usr/local/lib/python3.10/dist-packages/airflow/example_dags/tutorial.py took 0.097 seconds
[2024-03-12T09:35:14.673+0000] {processor.py:161} INFO - Started process (PID=14727) to work on /usr/local/lib/python3.10/dist-packages/airflow/example_dags/tutorial.py
[2024-03-12T09:35:14.674+0000] {processor.py:830} INFO - Processing file /usr/local/lib/python3.10/dist-packages/airflow/example_dags/tutorial.py for tasks to queue
[2024-03-12T09:35:14.676+0000] {logging_mixin.py:188} INFO - [2024-03-12T09:35:14.675+0000] {dagbag.py:540} INFO - Filling up the DagBag from /usr/local/lib/python3.10/dist-packages/airflow/example_dags/tutorial.py
[2024-03-12T09:35:14.684+0000] {processor.py:840} INFO - DAG(s) 'tutorial' retrieved from /usr/local/lib/python3.10/dist-packages/airflow/example_dags/tutorial.py
[2024-03-12T09:35:14.702+0000] {logging_mixin.py:188} INFO - [2024-03-12T09:35:14.702+0000] {dag.py:3047} INFO - Sync 1 DAGs
[2024-03-12T09:35:14.724+0000] {logging_mixin.py:188} INFO - [2024-03-12T09:35:14.724+0000] {dag.py:3834} INFO - Setting next_dagrun for tutorial to 2024-03-11 00:00:00+00:00, run_after=2024-03-12 00:00:00+00:00
[2024-03-12T09:35:14.749+0000] {processor.py:183} INFO - Processing /usr/local/lib/python3.10/dist-packages/airflow/example_dags/tutorial.py took 0.080 seconds
[2024-03-12T09:35:58.905+0000] {processor.py:161} INFO - Started process (PID=14771) to work on /usr/local/lib/python3.10/dist-packages/airflow/example_dags/tutorial.py
[2024-03-12T09:35:58.907+0000] {processor.py:830} INFO - Processing file /usr/local/lib/python3.10/dist-packages/airflow/example_dags/tutorial.py for tasks to queue
[2024-03-12T09:35:58.909+0000] {logging_mixin.py:188} INFO - [2024-03-12T09:35:58.908+0000] {dagbag.py:540} INFO - Filling up the DagBag from /usr/local/lib/python3.10/dist-packages/airflow/example_dags/tutorial.py
[2024-03-12T09:35:58.920+0000] {processor.py:840} INFO - DAG(s) 'tutorial' retrieved from /usr/local/lib/python3.10/dist-packages/airflow/example_dags/tutorial.py
[2024-03-12T09:35:58.946+0000] {logging_mixin.py:188} INFO - [2024-03-12T09:35:58.946+0000] {dag.py:3047} INFO - Sync 1 DAGs
[2024-03-12T09:35:58.980+0000] {logging_mixin.py:188} INFO - [2024-03-12T09:35:58.980+0000] {dag.py:3834} INFO - Setting next_dagrun for tutorial to 2024-03-11 00:00:00+00:00, run_after=2024-03-12 00:00:00+00:00
[2024-03-12T09:35:59.010+0000] {processor.py:183} INFO - Processing /usr/local/lib/python3.10/dist-packages/airflow/example_dags/tutorial.py took 0.109 seconds
[2024-03-12T09:36:40.165+0000] {processor.py:161} INFO - Started process (PID=14811) to work on /usr/local/lib/python3.10/dist-packages/airflow/example_dags/tutorial.py
[2024-03-12T09:36:40.168+0000] {processor.py:830} INFO - Processing file /usr/local/lib/python3.10/dist-packages/airflow/example_dags/tutorial.py for tasks to queue
[2024-03-12T09:36:40.170+0000] {logging_mixin.py:188} INFO - [2024-03-12T09:36:40.169+0000] {dagbag.py:540} INFO - Filling up the DagBag from /usr/local/lib/python3.10/dist-packages/airflow/example_dags/tutorial.py
[2024-03-12T09:36:40.181+0000] {processor.py:840} INFO - DAG(s) 'tutorial' retrieved from /usr/local/lib/python3.10/dist-packages/airflow/example_dags/tutorial.py
[2024-03-12T09:36:40.216+0000] {logging_mixin.py:188} INFO - [2024-03-12T09:36:40.215+0000] {dag.py:3047} INFO - Sync 1 DAGs
[2024-03-12T09:36:40.252+0000] {logging_mixin.py:188} INFO - [2024-03-12T09:36:40.251+0000] {dag.py:3834} INFO - Setting next_dagrun for tutorial to 2024-03-11 00:00:00+00:00, run_after=2024-03-12 00:00:00+00:00
[2024-03-12T09:36:40.288+0000] {processor.py:183} INFO - Processing /usr/local/lib/python3.10/dist-packages/airflow/example_dags/tutorial.py took 0.137 seconds
[2024-03-12T09:37:22.160+0000] {processor.py:161} INFO - Started process (PID=14851) to work on /usr/local/lib/python3.10/dist-packages/airflow/example_dags/tutorial.py
[2024-03-12T09:37:22.162+0000] {processor.py:830} INFO - Processing file /usr/local/lib/python3.10/dist-packages/airflow/example_dags/tutorial.py for tasks to queue
[2024-03-12T09:37:22.163+0000] {logging_mixin.py:188} INFO - [2024-03-12T09:37:22.162+0000] {dagbag.py:540} INFO - Filling up the DagBag from /usr/local/lib/python3.10/dist-packages/airflow/example_dags/tutorial.py
[2024-03-12T09:37:22.172+0000] {processor.py:840} INFO - DAG(s) 'tutorial' retrieved from /usr/local/lib/python3.10/dist-packages/airflow/example_dags/tutorial.py
[2024-03-12T09:37:22.195+0000] {logging_mixin.py:188} INFO - [2024-03-12T09:37:22.195+0000] {dag.py:3047} INFO - Sync 1 DAGs
[2024-03-12T09:37:22.220+0000] {logging_mixin.py:188} INFO - [2024-03-12T09:37:22.220+0000] {dag.py:3834} INFO - Setting next_dagrun for tutorial to 2024-03-11 00:00:00+00:00, run_after=2024-03-12 00:00:00+00:00
[2024-03-12T09:37:22.248+0000] {processor.py:183} INFO - Processing /usr/local/lib/python3.10/dist-packages/airflow/example_dags/tutorial.py took 0.091 seconds
[2024-03-12T09:38:02.772+0000] {processor.py:161} INFO - Started process (PID=14892) to work on /usr/local/lib/python3.10/dist-packages/airflow/example_dags/tutorial.py
[2024-03-12T09:38:02.776+0000] {processor.py:830} INFO - Processing file /usr/local/lib/python3.10/dist-packages/airflow/example_dags/tutorial.py for tasks to queue
[2024-03-12T09:38:02.778+0000] {logging_mixin.py:188} INFO - [2024-03-12T09:38:02.778+0000] {dagbag.py:540} INFO - Filling up the DagBag from /usr/local/lib/python3.10/dist-packages/airflow/example_dags/tutorial.py
[2024-03-12T09:38:02.802+0000] {processor.py:840} INFO - DAG(s) 'tutorial' retrieved from /usr/local/lib/python3.10/dist-packages/airflow/example_dags/tutorial.py
[2024-03-12T09:38:02.823+0000] {logging_mixin.py:188} INFO - [2024-03-12T09:38:02.823+0000] {dag.py:3047} INFO - Sync 1 DAGs
[2024-03-12T09:38:02.856+0000] {logging_mixin.py:188} INFO - [2024-03-12T09:38:02.854+0000] {dag.py:3834} INFO - Setting next_dagrun for tutorial to 2024-03-11 00:00:00+00:00, run_after=2024-03-12 00:00:00+00:00
[2024-03-12T09:38:02.893+0000] {processor.py:183} INFO - Processing /usr/local/lib/python3.10/dist-packages/airflow/example_dags/tutorial.py took 0.130 seconds
[2024-03-12T09:38:45.211+0000] {processor.py:161} INFO - Started process (PID=14933) to work on /usr/local/lib/python3.10/dist-packages/airflow/example_dags/tutorial.py
[2024-03-12T09:38:45.214+0000] {processor.py:830} INFO - Processing file /usr/local/lib/python3.10/dist-packages/airflow/example_dags/tutorial.py for tasks to queue
[2024-03-12T09:38:45.218+0000] {logging_mixin.py:188} INFO - [2024-03-12T09:38:45.215+0000] {dagbag.py:540} INFO - Filling up the DagBag from /usr/local/lib/python3.10/dist-packages/airflow/example_dags/tutorial.py
[2024-03-12T09:38:45.240+0000] {processor.py:840} INFO - DAG(s) 'tutorial' retrieved from /usr/local/lib/python3.10/dist-packages/airflow/example_dags/tutorial.py
[2024-03-12T09:38:45.274+0000] {logging_mixin.py:188} INFO - [2024-03-12T09:38:45.274+0000] {dag.py:3047} INFO - Sync 1 DAGs
[2024-03-12T09:38:45.323+0000] {logging_mixin.py:188} INFO - [2024-03-12T09:38:45.322+0000] {dag.py:3834} INFO - Setting next_dagrun for tutorial to 2024-03-11 00:00:00+00:00, run_after=2024-03-12 00:00:00+00:00
[2024-03-12T09:38:45.384+0000] {processor.py:183} INFO - Processing /usr/local/lib/python3.10/dist-packages/airflow/example_dags/tutorial.py took 0.186 seconds
[2024-03-12T09:39:28.097+0000] {processor.py:161} INFO - Started process (PID=14973) to work on /usr/local/lib/python3.10/dist-packages/airflow/example_dags/tutorial.py
[2024-03-12T09:39:28.099+0000] {processor.py:830} INFO - Processing file /usr/local/lib/python3.10/dist-packages/airflow/example_dags/tutorial.py for tasks to queue
[2024-03-12T09:39:28.101+0000] {logging_mixin.py:188} INFO - [2024-03-12T09:39:28.100+0000] {dagbag.py:540} INFO - Filling up the DagBag from /usr/local/lib/python3.10/dist-packages/airflow/example_dags/tutorial.py
[2024-03-12T09:39:28.110+0000] {processor.py:840} INFO - DAG(s) 'tutorial' retrieved from /usr/local/lib/python3.10/dist-packages/airflow/example_dags/tutorial.py
[2024-03-12T09:39:28.131+0000] {logging_mixin.py:188} INFO - [2024-03-12T09:39:28.131+0000] {dag.py:3047} INFO - Sync 1 DAGs
[2024-03-12T09:39:28.154+0000] {logging_mixin.py:188} INFO - [2024-03-12T09:39:28.154+0000] {dag.py:3834} INFO - Setting next_dagrun for tutorial to 2024-03-11 00:00:00+00:00, run_after=2024-03-12 00:00:00+00:00
[2024-03-12T09:39:28.200+0000] {processor.py:183} INFO - Processing /usr/local/lib/python3.10/dist-packages/airflow/example_dags/tutorial.py took 0.108 seconds
[2024-03-12T09:40:10.735+0000] {processor.py:161} INFO - Started process (PID=15014) to work on /usr/local/lib/python3.10/dist-packages/airflow/example_dags/tutorial.py
[2024-03-12T09:40:10.736+0000] {processor.py:830} INFO - Processing file /usr/local/lib/python3.10/dist-packages/airflow/example_dags/tutorial.py for tasks to queue
[2024-03-12T09:40:10.738+0000] {logging_mixin.py:188} INFO - [2024-03-12T09:40:10.737+0000] {dagbag.py:540} INFO - Filling up the DagBag from /usr/local/lib/python3.10/dist-packages/airflow/example_dags/tutorial.py
[2024-03-12T09:40:10.747+0000] {processor.py:840} INFO - DAG(s) 'tutorial' retrieved from /usr/local/lib/python3.10/dist-packages/airflow/example_dags/tutorial.py
[2024-03-12T09:40:10.766+0000] {logging_mixin.py:188} INFO - [2024-03-12T09:40:10.766+0000] {dag.py:3047} INFO - Sync 1 DAGs
[2024-03-12T09:40:10.796+0000] {logging_mixin.py:188} INFO - [2024-03-12T09:40:10.795+0000] {dag.py:3834} INFO - Setting next_dagrun for tutorial to 2024-03-11 00:00:00+00:00, run_after=2024-03-12 00:00:00+00:00
[2024-03-12T09:40:10.823+0000] {processor.py:183} INFO - Processing /usr/local/lib/python3.10/dist-packages/airflow/example_dags/tutorial.py took 0.093 seconds
[2024-03-12T09:40:55.187+0000] {processor.py:161} INFO - Started process (PID=15057) to work on /usr/local/lib/python3.10/dist-packages/airflow/example_dags/tutorial.py
[2024-03-12T09:40:55.189+0000] {processor.py:830} INFO - Processing file /usr/local/lib/python3.10/dist-packages/airflow/example_dags/tutorial.py for tasks to queue
[2024-03-12T09:40:55.190+0000] {logging_mixin.py:188} INFO - [2024-03-12T09:40:55.190+0000] {dagbag.py:540} INFO - Filling up the DagBag from /usr/local/lib/python3.10/dist-packages/airflow/example_dags/tutorial.py
[2024-03-12T09:40:55.198+0000] {processor.py:840} INFO - DAG(s) 'tutorial' retrieved from /usr/local/lib/python3.10/dist-packages/airflow/example_dags/tutorial.py
[2024-03-12T09:40:55.217+0000] {logging_mixin.py:188} INFO - [2024-03-12T09:40:55.217+0000] {dag.py:3047} INFO - Sync 1 DAGs
[2024-03-12T09:40:55.240+0000] {logging_mixin.py:188} INFO - [2024-03-12T09:40:55.239+0000] {dag.py:3834} INFO - Setting next_dagrun for tutorial to 2024-03-11 00:00:00+00:00, run_after=2024-03-12 00:00:00+00:00
[2024-03-12T09:40:55.267+0000] {processor.py:183} INFO - Processing /usr/local/lib/python3.10/dist-packages/airflow/example_dags/tutorial.py took 0.083 seconds
[2024-03-12T09:41:34.840+0000] {processor.py:161} INFO - Started process (PID=15097) to work on /usr/local/lib/python3.10/dist-packages/airflow/example_dags/tutorial.py
[2024-03-12T09:41:34.842+0000] {processor.py:830} INFO - Processing file /usr/local/lib/python3.10/dist-packages/airflow/example_dags/tutorial.py for tasks to queue
[2024-03-12T09:41:34.843+0000] {logging_mixin.py:188} INFO - [2024-03-12T09:41:34.843+0000] {dagbag.py:540} INFO - Filling up the DagBag from /usr/local/lib/python3.10/dist-packages/airflow/example_dags/tutorial.py
[2024-03-12T09:41:34.859+0000] {processor.py:840} INFO - DAG(s) 'tutorial' retrieved from /usr/local/lib/python3.10/dist-packages/airflow/example_dags/tutorial.py
[2024-03-12T09:41:34.879+0000] {logging_mixin.py:188} INFO - [2024-03-12T09:41:34.879+0000] {dag.py:3047} INFO - Sync 1 DAGs
[2024-03-12T09:41:34.903+0000] {logging_mixin.py:188} INFO - [2024-03-12T09:41:34.902+0000] {dag.py:3834} INFO - Setting next_dagrun for tutorial to 2024-03-11 00:00:00+00:00, run_after=2024-03-12 00:00:00+00:00
[2024-03-12T09:41:34.932+0000] {processor.py:183} INFO - Processing /usr/local/lib/python3.10/dist-packages/airflow/example_dags/tutorial.py took 0.096 seconds
[2024-03-12T09:42:17.231+0000] {processor.py:161} INFO - Started process (PID=15138) to work on /usr/local/lib/python3.10/dist-packages/airflow/example_dags/tutorial.py
[2024-03-12T09:42:17.233+0000] {processor.py:830} INFO - Processing file /usr/local/lib/python3.10/dist-packages/airflow/example_dags/tutorial.py for tasks to queue
[2024-03-12T09:42:17.235+0000] {logging_mixin.py:188} INFO - [2024-03-12T09:42:17.234+0000] {dagbag.py:540} INFO - Filling up the DagBag from /usr/local/lib/python3.10/dist-packages/airflow/example_dags/tutorial.py
[2024-03-12T09:42:17.247+0000] {processor.py:840} INFO - DAG(s) 'tutorial' retrieved from /usr/local/lib/python3.10/dist-packages/airflow/example_dags/tutorial.py
[2024-03-12T09:42:17.272+0000] {logging_mixin.py:188} INFO - [2024-03-12T09:42:17.271+0000] {dag.py:3047} INFO - Sync 1 DAGs
[2024-03-12T09:42:17.300+0000] {logging_mixin.py:188} INFO - [2024-03-12T09:42:17.300+0000] {dag.py:3834} INFO - Setting next_dagrun for tutorial to 2024-03-11 00:00:00+00:00, run_after=2024-03-12 00:00:00+00:00
[2024-03-12T09:42:17.371+0000] {processor.py:183} INFO - Processing /usr/local/lib/python3.10/dist-packages/airflow/example_dags/tutorial.py took 0.145 seconds
[2024-03-12T09:42:58.051+0000] {processor.py:161} INFO - Started process (PID=15250) to work on /usr/local/lib/python3.10/dist-packages/airflow/example_dags/tutorial.py
[2024-03-12T09:42:58.054+0000] {processor.py:830} INFO - Processing file /usr/local/lib/python3.10/dist-packages/airflow/example_dags/tutorial.py for tasks to queue
[2024-03-12T09:42:58.055+0000] {logging_mixin.py:188} INFO - [2024-03-12T09:42:58.055+0000] {dagbag.py:540} INFO - Filling up the DagBag from /usr/local/lib/python3.10/dist-packages/airflow/example_dags/tutorial.py
[2024-03-12T09:42:58.062+0000] {processor.py:840} INFO - DAG(s) 'tutorial' retrieved from /usr/local/lib/python3.10/dist-packages/airflow/example_dags/tutorial.py
[2024-03-12T09:42:58.080+0000] {logging_mixin.py:188} INFO - [2024-03-12T09:42:58.079+0000] {dag.py:3047} INFO - Sync 1 DAGs
[2024-03-12T09:42:58.104+0000] {logging_mixin.py:188} INFO - [2024-03-12T09:42:58.104+0000] {dag.py:3834} INFO - Setting next_dagrun for tutorial to 2024-03-11 00:00:00+00:00, run_after=2024-03-12 00:00:00+00:00
[2024-03-12T09:42:58.144+0000] {processor.py:183} INFO - Processing /usr/local/lib/python3.10/dist-packages/airflow/example_dags/tutorial.py took 0.097 seconds
[2024-03-12T09:43:37.429+0000] {processor.py:161} INFO - Started process (PID=15291) to work on /usr/local/lib/python3.10/dist-packages/airflow/example_dags/tutorial.py
[2024-03-12T09:43:37.431+0000] {processor.py:830} INFO - Processing file /usr/local/lib/python3.10/dist-packages/airflow/example_dags/tutorial.py for tasks to queue
[2024-03-12T09:43:37.432+0000] {logging_mixin.py:188} INFO - [2024-03-12T09:43:37.432+0000] {dagbag.py:540} INFO - Filling up the DagBag from /usr/local/lib/python3.10/dist-packages/airflow/example_dags/tutorial.py
[2024-03-12T09:43:37.440+0000] {processor.py:840} INFO - DAG(s) 'tutorial' retrieved from /usr/local/lib/python3.10/dist-packages/airflow/example_dags/tutorial.py
[2024-03-12T09:43:37.457+0000] {logging_mixin.py:188} INFO - [2024-03-12T09:43:37.457+0000] {dag.py:3047} INFO - Sync 1 DAGs
[2024-03-12T09:43:37.484+0000] {logging_mixin.py:188} INFO - [2024-03-12T09:43:37.484+0000] {dag.py:3834} INFO - Setting next_dagrun for tutorial to 2024-03-11 00:00:00+00:00, run_after=2024-03-12 00:00:00+00:00
[2024-03-12T09:43:37.512+0000] {processor.py:183} INFO - Processing /usr/local/lib/python3.10/dist-packages/airflow/example_dags/tutorial.py took 0.086 seconds
[2024-03-12T09:44:22.758+0000] {processor.py:161} INFO - Started process (PID=15348) to work on /usr/local/lib/python3.10/dist-packages/airflow/example_dags/tutorial.py
[2024-03-12T09:44:22.761+0000] {processor.py:830} INFO - Processing file /usr/local/lib/python3.10/dist-packages/airflow/example_dags/tutorial.py for tasks to queue
[2024-03-12T09:44:22.764+0000] {logging_mixin.py:188} INFO - [2024-03-12T09:44:22.763+0000] {dagbag.py:540} INFO - Filling up the DagBag from /usr/local/lib/python3.10/dist-packages/airflow/example_dags/tutorial.py
[2024-03-12T09:44:22.784+0000] {processor.py:840} INFO - DAG(s) 'tutorial' retrieved from /usr/local/lib/python3.10/dist-packages/airflow/example_dags/tutorial.py
[2024-03-12T09:44:22.817+0000] {logging_mixin.py:188} INFO - [2024-03-12T09:44:22.817+0000] {dag.py:3047} INFO - Sync 1 DAGs
[2024-03-12T09:44:22.846+0000] {logging_mixin.py:188} INFO - [2024-03-12T09:44:22.845+0000] {dag.py:3834} INFO - Setting next_dagrun for tutorial to 2024-03-11 00:00:00+00:00, run_after=2024-03-12 00:00:00+00:00
[2024-03-12T09:44:22.878+0000] {processor.py:183} INFO - Processing /usr/local/lib/python3.10/dist-packages/airflow/example_dags/tutorial.py took 0.131 seconds
[2024-03-12T09:45:05.485+0000] {processor.py:161} INFO - Started process (PID=15389) to work on /usr/local/lib/python3.10/dist-packages/airflow/example_dags/tutorial.py
[2024-03-12T09:45:05.492+0000] {processor.py:830} INFO - Processing file /usr/local/lib/python3.10/dist-packages/airflow/example_dags/tutorial.py for tasks to queue
[2024-03-12T09:45:05.494+0000] {logging_mixin.py:188} INFO - [2024-03-12T09:45:05.494+0000] {dagbag.py:540} INFO - Filling up the DagBag from /usr/local/lib/python3.10/dist-packages/airflow/example_dags/tutorial.py
[2024-03-12T09:45:05.512+0000] {processor.py:840} INFO - DAG(s) 'tutorial' retrieved from /usr/local/lib/python3.10/dist-packages/airflow/example_dags/tutorial.py
[2024-03-12T09:45:05.538+0000] {logging_mixin.py:188} INFO - [2024-03-12T09:45:05.538+0000] {dag.py:3047} INFO - Sync 1 DAGs
[2024-03-12T09:45:05.576+0000] {logging_mixin.py:188} INFO - [2024-03-12T09:45:05.576+0000] {dag.py:3834} INFO - Setting next_dagrun for tutorial to 2024-03-11 00:00:00+00:00, run_after=2024-03-12 00:00:00+00:00
[2024-03-12T09:45:05.610+0000] {processor.py:183} INFO - Processing /usr/local/lib/python3.10/dist-packages/airflow/example_dags/tutorial.py took 0.129 seconds
[2024-03-12T09:45:48.094+0000] {processor.py:161} INFO - Started process (PID=15431) to work on /usr/local/lib/python3.10/dist-packages/airflow/example_dags/tutorial.py
[2024-03-12T09:45:48.095+0000] {processor.py:830} INFO - Processing file /usr/local/lib/python3.10/dist-packages/airflow/example_dags/tutorial.py for tasks to queue
[2024-03-12T09:45:48.096+0000] {logging_mixin.py:188} INFO - [2024-03-12T09:45:48.096+0000] {dagbag.py:540} INFO - Filling up the DagBag from /usr/local/lib/python3.10/dist-packages/airflow/example_dags/tutorial.py
[2024-03-12T09:45:48.104+0000] {processor.py:840} INFO - DAG(s) 'tutorial' retrieved from /usr/local/lib/python3.10/dist-packages/airflow/example_dags/tutorial.py
[2024-03-12T09:45:48.124+0000] {logging_mixin.py:188} INFO - [2024-03-12T09:45:48.124+0000] {dag.py:3047} INFO - Sync 1 DAGs
[2024-03-12T09:45:48.155+0000] {logging_mixin.py:188} INFO - [2024-03-12T09:45:48.155+0000] {dag.py:3834} INFO - Setting next_dagrun for tutorial to 2024-03-11 00:00:00+00:00, run_after=2024-03-12 00:00:00+00:00
[2024-03-12T09:45:48.203+0000] {processor.py:183} INFO - Processing /usr/local/lib/python3.10/dist-packages/airflow/example_dags/tutorial.py took 0.114 seconds
[2024-03-12T09:46:29.335+0000] {processor.py:161} INFO - Started process (PID=15471) to work on /usr/local/lib/python3.10/dist-packages/airflow/example_dags/tutorial.py
[2024-03-12T09:46:29.337+0000] {processor.py:830} INFO - Processing file /usr/local/lib/python3.10/dist-packages/airflow/example_dags/tutorial.py for tasks to queue
[2024-03-12T09:46:29.338+0000] {logging_mixin.py:188} INFO - [2024-03-12T09:46:29.338+0000] {dagbag.py:540} INFO - Filling up the DagBag from /usr/local/lib/python3.10/dist-packages/airflow/example_dags/tutorial.py
[2024-03-12T09:46:29.346+0000] {processor.py:840} INFO - DAG(s) 'tutorial' retrieved from /usr/local/lib/python3.10/dist-packages/airflow/example_dags/tutorial.py
[2024-03-12T09:46:29.366+0000] {logging_mixin.py:188} INFO - [2024-03-12T09:46:29.365+0000] {dag.py:3047} INFO - Sync 1 DAGs
[2024-03-12T09:46:29.390+0000] {logging_mixin.py:188} INFO - [2024-03-12T09:46:29.389+0000] {dag.py:3834} INFO - Setting next_dagrun for tutorial to 2024-03-11 00:00:00+00:00, run_after=2024-03-12 00:00:00+00:00
[2024-03-12T09:46:29.418+0000] {processor.py:183} INFO - Processing /usr/local/lib/python3.10/dist-packages/airflow/example_dags/tutorial.py took 0.086 seconds
[2024-03-12T09:47:07.507+0000] {processor.py:161} INFO - Started process (PID=15510) to work on /usr/local/lib/python3.10/dist-packages/airflow/example_dags/tutorial.py
[2024-03-12T09:47:07.509+0000] {processor.py:830} INFO - Processing file /usr/local/lib/python3.10/dist-packages/airflow/example_dags/tutorial.py for tasks to queue
[2024-03-12T09:47:07.510+0000] {logging_mixin.py:188} INFO - [2024-03-12T09:47:07.510+0000] {dagbag.py:540} INFO - Filling up the DagBag from /usr/local/lib/python3.10/dist-packages/airflow/example_dags/tutorial.py
[2024-03-12T09:47:07.522+0000] {processor.py:840} INFO - DAG(s) 'tutorial' retrieved from /usr/local/lib/python3.10/dist-packages/airflow/example_dags/tutorial.py
[2024-03-12T09:47:07.547+0000] {logging_mixin.py:188} INFO - [2024-03-12T09:47:07.546+0000] {dag.py:3047} INFO - Sync 1 DAGs
[2024-03-12T09:47:07.591+0000] {logging_mixin.py:188} INFO - [2024-03-12T09:47:07.591+0000] {dag.py:3834} INFO - Setting next_dagrun for tutorial to 2024-03-11 00:00:00+00:00, run_after=2024-03-12 00:00:00+00:00
[2024-03-12T09:47:07.629+0000] {processor.py:183} INFO - Processing /usr/local/lib/python3.10/dist-packages/airflow/example_dags/tutorial.py took 0.126 seconds
[2024-03-12T09:47:50.180+0000] {processor.py:161} INFO - Started process (PID=15551) to work on /usr/local/lib/python3.10/dist-packages/airflow/example_dags/tutorial.py
[2024-03-12T09:47:50.181+0000] {processor.py:830} INFO - Processing file /usr/local/lib/python3.10/dist-packages/airflow/example_dags/tutorial.py for tasks to queue
[2024-03-12T09:47:50.182+0000] {logging_mixin.py:188} INFO - [2024-03-12T09:47:50.182+0000] {dagbag.py:540} INFO - Filling up the DagBag from /usr/local/lib/python3.10/dist-packages/airflow/example_dags/tutorial.py
[2024-03-12T09:47:50.190+0000] {processor.py:840} INFO - DAG(s) 'tutorial' retrieved from /usr/local/lib/python3.10/dist-packages/airflow/example_dags/tutorial.py
[2024-03-12T09:47:50.221+0000] {logging_mixin.py:188} INFO - [2024-03-12T09:47:50.221+0000] {dag.py:3047} INFO - Sync 1 DAGs
[2024-03-12T09:47:50.249+0000] {logging_mixin.py:188} INFO - [2024-03-12T09:47:50.249+0000] {dag.py:3834} INFO - Setting next_dagrun for tutorial to 2024-03-11 00:00:00+00:00, run_after=2024-03-12 00:00:00+00:00
[2024-03-12T09:47:50.277+0000] {processor.py:183} INFO - Processing /usr/local/lib/python3.10/dist-packages/airflow/example_dags/tutorial.py took 0.101 seconds
[2024-03-12T09:48:31.031+0000] {processor.py:161} INFO - Started process (PID=15597) to work on /usr/local/lib/python3.10/dist-packages/airflow/example_dags/tutorial.py
[2024-03-12T09:48:31.033+0000] {processor.py:830} INFO - Processing file /usr/local/lib/python3.10/dist-packages/airflow/example_dags/tutorial.py for tasks to queue
[2024-03-12T09:48:31.034+0000] {logging_mixin.py:188} INFO - [2024-03-12T09:48:31.033+0000] {dagbag.py:540} INFO - Filling up the DagBag from /usr/local/lib/python3.10/dist-packages/airflow/example_dags/tutorial.py
[2024-03-12T09:48:31.041+0000] {processor.py:840} INFO - DAG(s) 'tutorial' retrieved from /usr/local/lib/python3.10/dist-packages/airflow/example_dags/tutorial.py
[2024-03-12T09:48:31.059+0000] {logging_mixin.py:188} INFO - [2024-03-12T09:48:31.059+0000] {dag.py:3047} INFO - Sync 1 DAGs
[2024-03-12T09:48:31.083+0000] {logging_mixin.py:188} INFO - [2024-03-12T09:48:31.083+0000] {dag.py:3834} INFO - Setting next_dagrun for tutorial to 2024-03-11 00:00:00+00:00, run_after=2024-03-12 00:00:00+00:00
[2024-03-12T09:48:31.125+0000] {processor.py:183} INFO - Processing /usr/local/lib/python3.10/dist-packages/airflow/example_dags/tutorial.py took 0.097 seconds
[2024-03-12T09:49:13.121+0000] {processor.py:161} INFO - Started process (PID=15636) to work on /usr/local/lib/python3.10/dist-packages/airflow/example_dags/tutorial.py
[2024-03-12T09:49:13.124+0000] {processor.py:830} INFO - Processing file /usr/local/lib/python3.10/dist-packages/airflow/example_dags/tutorial.py for tasks to queue
[2024-03-12T09:49:13.128+0000] {logging_mixin.py:188} INFO - [2024-03-12T09:49:13.126+0000] {dagbag.py:540} INFO - Filling up the DagBag from /usr/local/lib/python3.10/dist-packages/airflow/example_dags/tutorial.py
[2024-03-12T09:49:13.142+0000] {processor.py:840} INFO - DAG(s) 'tutorial' retrieved from /usr/local/lib/python3.10/dist-packages/airflow/example_dags/tutorial.py
[2024-03-12T09:49:13.183+0000] {logging_mixin.py:188} INFO - [2024-03-12T09:49:13.182+0000] {dag.py:3047} INFO - Sync 1 DAGs
[2024-03-12T09:49:13.227+0000] {logging_mixin.py:188} INFO - [2024-03-12T09:49:13.226+0000] {dag.py:3834} INFO - Setting next_dagrun for tutorial to 2024-03-11 00:00:00+00:00, run_after=2024-03-12 00:00:00+00:00
[2024-03-12T09:49:13.272+0000] {processor.py:183} INFO - Processing /usr/local/lib/python3.10/dist-packages/airflow/example_dags/tutorial.py took 0.159 seconds
[2024-03-12T09:49:55.261+0000] {processor.py:161} INFO - Started process (PID=15677) to work on /usr/local/lib/python3.10/dist-packages/airflow/example_dags/tutorial.py
[2024-03-12T09:49:55.262+0000] {processor.py:830} INFO - Processing file /usr/local/lib/python3.10/dist-packages/airflow/example_dags/tutorial.py for tasks to queue
[2024-03-12T09:49:55.263+0000] {logging_mixin.py:188} INFO - [2024-03-12T09:49:55.263+0000] {dagbag.py:540} INFO - Filling up the DagBag from /usr/local/lib/python3.10/dist-packages/airflow/example_dags/tutorial.py
[2024-03-12T09:49:55.273+0000] {processor.py:840} INFO - DAG(s) 'tutorial' retrieved from /usr/local/lib/python3.10/dist-packages/airflow/example_dags/tutorial.py
[2024-03-12T09:49:55.300+0000] {logging_mixin.py:188} INFO - [2024-03-12T09:49:55.299+0000] {dag.py:3047} INFO - Sync 1 DAGs
[2024-03-12T09:49:55.336+0000] {logging_mixin.py:188} INFO - [2024-03-12T09:49:55.335+0000] {dag.py:3834} INFO - Setting next_dagrun for tutorial to 2024-03-11 00:00:00+00:00, run_after=2024-03-12 00:00:00+00:00
[2024-03-12T09:49:55.369+0000] {processor.py:183} INFO - Processing /usr/local/lib/python3.10/dist-packages/airflow/example_dags/tutorial.py took 0.115 seconds
[2024-03-12T09:50:41.510+0000] {processor.py:161} INFO - Started process (PID=15720) to work on /usr/local/lib/python3.10/dist-packages/airflow/example_dags/tutorial.py
[2024-03-12T09:50:41.512+0000] {processor.py:830} INFO - Processing file /usr/local/lib/python3.10/dist-packages/airflow/example_dags/tutorial.py for tasks to queue
[2024-03-12T09:50:41.513+0000] {logging_mixin.py:188} INFO - [2024-03-12T09:50:41.512+0000] {dagbag.py:540} INFO - Filling up the DagBag from /usr/local/lib/python3.10/dist-packages/airflow/example_dags/tutorial.py
[2024-03-12T09:50:41.541+0000] {processor.py:840} INFO - DAG(s) 'tutorial' retrieved from /usr/local/lib/python3.10/dist-packages/airflow/example_dags/tutorial.py
[2024-03-12T09:50:41.565+0000] {logging_mixin.py:188} INFO - [2024-03-12T09:50:41.564+0000] {dag.py:3047} INFO - Sync 1 DAGs
[2024-03-12T09:50:41.595+0000] {logging_mixin.py:188} INFO - [2024-03-12T09:50:41.595+0000] {dag.py:3834} INFO - Setting next_dagrun for tutorial to 2024-03-11 00:00:00+00:00, run_after=2024-03-12 00:00:00+00:00
[2024-03-12T09:50:41.628+0000] {processor.py:183} INFO - Processing /usr/local/lib/python3.10/dist-packages/airflow/example_dags/tutorial.py took 0.123 seconds
[2024-03-12T09:51:25.943+0000] {processor.py:161} INFO - Started process (PID=15763) to work on /usr/local/lib/python3.10/dist-packages/airflow/example_dags/tutorial.py
[2024-03-12T09:51:25.945+0000] {processor.py:830} INFO - Processing file /usr/local/lib/python3.10/dist-packages/airflow/example_dags/tutorial.py for tasks to queue
[2024-03-12T09:51:25.946+0000] {logging_mixin.py:188} INFO - [2024-03-12T09:51:25.946+0000] {dagbag.py:540} INFO - Filling up the DagBag from /usr/local/lib/python3.10/dist-packages/airflow/example_dags/tutorial.py
[2024-03-12T09:51:25.956+0000] {processor.py:840} INFO - DAG(s) 'tutorial' retrieved from /usr/local/lib/python3.10/dist-packages/airflow/example_dags/tutorial.py
[2024-03-12T09:51:25.976+0000] {logging_mixin.py:188} INFO - [2024-03-12T09:51:25.976+0000] {dag.py:3047} INFO - Sync 1 DAGs
[2024-03-12T09:51:26.009+0000] {logging_mixin.py:188} INFO - [2024-03-12T09:51:26.009+0000] {dag.py:3834} INFO - Setting next_dagrun for tutorial to 2024-03-11 00:00:00+00:00, run_after=2024-03-12 00:00:00+00:00
[2024-03-12T09:51:26.059+0000] {processor.py:183} INFO - Processing /usr/local/lib/python3.10/dist-packages/airflow/example_dags/tutorial.py took 0.121 seconds
[2024-03-12T09:52:14.200+0000] {processor.py:161} INFO - Started process (PID=15807) to work on /usr/local/lib/python3.10/dist-packages/airflow/example_dags/tutorial.py
[2024-03-12T09:52:14.202+0000] {processor.py:830} INFO - Processing file /usr/local/lib/python3.10/dist-packages/airflow/example_dags/tutorial.py for tasks to queue
[2024-03-12T09:52:14.204+0000] {logging_mixin.py:188} INFO - [2024-03-12T09:52:14.203+0000] {dagbag.py:540} INFO - Filling up the DagBag from /usr/local/lib/python3.10/dist-packages/airflow/example_dags/tutorial.py
[2024-03-12T09:52:14.232+0000] {processor.py:840} INFO - DAG(s) 'tutorial' retrieved from /usr/local/lib/python3.10/dist-packages/airflow/example_dags/tutorial.py
[2024-03-12T09:52:14.274+0000] {logging_mixin.py:188} INFO - [2024-03-12T09:52:14.274+0000] {dag.py:3047} INFO - Sync 1 DAGs
[2024-03-12T09:52:14.305+0000] {logging_mixin.py:188} INFO - [2024-03-12T09:52:14.305+0000] {dag.py:3834} INFO - Setting next_dagrun for tutorial to 2024-03-11 00:00:00+00:00, run_after=2024-03-12 00:00:00+00:00
[2024-03-12T09:52:14.335+0000] {processor.py:183} INFO - Processing /usr/local/lib/python3.10/dist-packages/airflow/example_dags/tutorial.py took 0.142 seconds
[2024-03-12T09:52:56.952+0000] {processor.py:161} INFO - Started process (PID=15851) to work on /usr/local/lib/python3.10/dist-packages/airflow/example_dags/tutorial.py
[2024-03-12T09:52:56.953+0000] {processor.py:830} INFO - Processing file /usr/local/lib/python3.10/dist-packages/airflow/example_dags/tutorial.py for tasks to queue
[2024-03-12T09:52:56.954+0000] {logging_mixin.py:188} INFO - [2024-03-12T09:52:56.954+0000] {dagbag.py:540} INFO - Filling up the DagBag from /usr/local/lib/python3.10/dist-packages/airflow/example_dags/tutorial.py
[2024-03-12T09:52:56.962+0000] {processor.py:840} INFO - DAG(s) 'tutorial' retrieved from /usr/local/lib/python3.10/dist-packages/airflow/example_dags/tutorial.py
[2024-03-12T09:52:56.980+0000] {logging_mixin.py:188} INFO - [2024-03-12T09:52:56.980+0000] {dag.py:3047} INFO - Sync 1 DAGs
[2024-03-12T09:52:57.003+0000] {logging_mixin.py:188} INFO - [2024-03-12T09:52:57.003+0000] {dag.py:3834} INFO - Setting next_dagrun for tutorial to 2024-03-11 00:00:00+00:00, run_after=2024-03-12 00:00:00+00:00
[2024-03-12T09:52:57.036+0000] {processor.py:183} INFO - Processing /usr/local/lib/python3.10/dist-packages/airflow/example_dags/tutorial.py took 0.088 seconds
[2024-03-12T09:53:39.960+0000] {processor.py:161} INFO - Started process (PID=15893) to work on /usr/local/lib/python3.10/dist-packages/airflow/example_dags/tutorial.py
[2024-03-12T09:53:39.962+0000] {processor.py:830} INFO - Processing file /usr/local/lib/python3.10/dist-packages/airflow/example_dags/tutorial.py for tasks to queue
[2024-03-12T09:53:39.963+0000] {logging_mixin.py:188} INFO - [2024-03-12T09:53:39.962+0000] {dagbag.py:540} INFO - Filling up the DagBag from /usr/local/lib/python3.10/dist-packages/airflow/example_dags/tutorial.py
[2024-03-12T09:53:39.971+0000] {processor.py:840} INFO - DAG(s) 'tutorial' retrieved from /usr/local/lib/python3.10/dist-packages/airflow/example_dags/tutorial.py
[2024-03-12T09:53:39.989+0000] {logging_mixin.py:188} INFO - [2024-03-12T09:53:39.989+0000] {dag.py:3047} INFO - Sync 1 DAGs
[2024-03-12T09:53:40.021+0000] {logging_mixin.py:188} INFO - [2024-03-12T09:53:40.021+0000] {dag.py:3834} INFO - Setting next_dagrun for tutorial to 2024-03-11 00:00:00+00:00, run_after=2024-03-12 00:00:00+00:00
[2024-03-12T09:53:40.049+0000] {processor.py:183} INFO - Processing /usr/local/lib/python3.10/dist-packages/airflow/example_dags/tutorial.py took 0.093 seconds
[2024-03-12T09:54:26.512+0000] {processor.py:161} INFO - Started process (PID=15938) to work on /usr/local/lib/python3.10/dist-packages/airflow/example_dags/tutorial.py
[2024-03-12T09:54:26.514+0000] {processor.py:830} INFO - Processing file /usr/local/lib/python3.10/dist-packages/airflow/example_dags/tutorial.py for tasks to queue
[2024-03-12T09:54:26.515+0000] {logging_mixin.py:188} INFO - [2024-03-12T09:54:26.515+0000] {dagbag.py:540} INFO - Filling up the DagBag from /usr/local/lib/python3.10/dist-packages/airflow/example_dags/tutorial.py
[2024-03-12T09:54:26.523+0000] {processor.py:840} INFO - DAG(s) 'tutorial' retrieved from /usr/local/lib/python3.10/dist-packages/airflow/example_dags/tutorial.py
[2024-03-12T09:54:26.542+0000] {logging_mixin.py:188} INFO - [2024-03-12T09:54:26.542+0000] {dag.py:3047} INFO - Sync 1 DAGs
[2024-03-12T09:54:26.567+0000] {logging_mixin.py:188} INFO - [2024-03-12T09:54:26.567+0000] {dag.py:3834} INFO - Setting next_dagrun for tutorial to 2024-03-11 00:00:00+00:00, run_after=2024-03-12 00:00:00+00:00
[2024-03-12T09:54:26.605+0000] {processor.py:183} INFO - Processing /usr/local/lib/python3.10/dist-packages/airflow/example_dags/tutorial.py took 0.097 seconds
[2024-03-12T09:55:11.431+0000] {processor.py:161} INFO - Started process (PID=15981) to work on /usr/local/lib/python3.10/dist-packages/airflow/example_dags/tutorial.py
[2024-03-12T09:55:11.433+0000] {processor.py:830} INFO - Processing file /usr/local/lib/python3.10/dist-packages/airflow/example_dags/tutorial.py for tasks to queue
[2024-03-12T09:55:11.435+0000] {logging_mixin.py:188} INFO - [2024-03-12T09:55:11.434+0000] {dagbag.py:540} INFO - Filling up the DagBag from /usr/local/lib/python3.10/dist-packages/airflow/example_dags/tutorial.py
[2024-03-12T09:55:11.444+0000] {processor.py:840} INFO - DAG(s) 'tutorial' retrieved from /usr/local/lib/python3.10/dist-packages/airflow/example_dags/tutorial.py
[2024-03-12T09:55:11.468+0000] {logging_mixin.py:188} INFO - [2024-03-12T09:55:11.468+0000] {dag.py:3047} INFO - Sync 1 DAGs
[2024-03-12T09:55:11.492+0000] {logging_mixin.py:188} INFO - [2024-03-12T09:55:11.492+0000] {dag.py:3834} INFO - Setting next_dagrun for tutorial to 2024-03-11 00:00:00+00:00, run_after=2024-03-12 00:00:00+00:00
[2024-03-12T09:55:11.523+0000] {processor.py:183} INFO - Processing /usr/local/lib/python3.10/dist-packages/airflow/example_dags/tutorial.py took 0.096 seconds
[2024-03-12T09:55:55.659+0000] {processor.py:161} INFO - Started process (PID=16026) to work on /usr/local/lib/python3.10/dist-packages/airflow/example_dags/tutorial.py
[2024-03-12T09:55:55.664+0000] {processor.py:830} INFO - Processing file /usr/local/lib/python3.10/dist-packages/airflow/example_dags/tutorial.py for tasks to queue
[2024-03-12T09:55:55.666+0000] {logging_mixin.py:188} INFO - [2024-03-12T09:55:55.665+0000] {dagbag.py:540} INFO - Filling up the DagBag from /usr/local/lib/python3.10/dist-packages/airflow/example_dags/tutorial.py
[2024-03-12T09:55:55.682+0000] {processor.py:840} INFO - DAG(s) 'tutorial' retrieved from /usr/local/lib/python3.10/dist-packages/airflow/example_dags/tutorial.py
[2024-03-12T09:55:55.702+0000] {logging_mixin.py:188} INFO - [2024-03-12T09:55:55.702+0000] {dag.py:3047} INFO - Sync 1 DAGs
[2024-03-12T09:55:55.724+0000] {logging_mixin.py:188} INFO - [2024-03-12T09:55:55.724+0000] {dag.py:3834} INFO - Setting next_dagrun for tutorial to 2024-03-11 00:00:00+00:00, run_after=2024-03-12 00:00:00+00:00
[2024-03-12T09:55:55.752+0000] {processor.py:183} INFO - Processing /usr/local/lib/python3.10/dist-packages/airflow/example_dags/tutorial.py took 0.106 seconds
[2024-03-12T09:56:39.930+0000] {processor.py:161} INFO - Started process (PID=16068) to work on /usr/local/lib/python3.10/dist-packages/airflow/example_dags/tutorial.py
[2024-03-12T09:56:39.931+0000] {processor.py:830} INFO - Processing file /usr/local/lib/python3.10/dist-packages/airflow/example_dags/tutorial.py for tasks to queue
[2024-03-12T09:56:39.933+0000] {logging_mixin.py:188} INFO - [2024-03-12T09:56:39.932+0000] {dagbag.py:540} INFO - Filling up the DagBag from /usr/local/lib/python3.10/dist-packages/airflow/example_dags/tutorial.py
[2024-03-12T09:56:39.944+0000] {processor.py:840} INFO - DAG(s) 'tutorial' retrieved from /usr/local/lib/python3.10/dist-packages/airflow/example_dags/tutorial.py
[2024-03-12T09:56:39.963+0000] {logging_mixin.py:188} INFO - [2024-03-12T09:56:39.962+0000] {dag.py:3047} INFO - Sync 1 DAGs
[2024-03-12T09:56:39.988+0000] {logging_mixin.py:188} INFO - [2024-03-12T09:56:39.988+0000] {dag.py:3834} INFO - Setting next_dagrun for tutorial to 2024-03-11 00:00:00+00:00, run_after=2024-03-12 00:00:00+00:00
[2024-03-12T09:56:40.021+0000] {processor.py:183} INFO - Processing /usr/local/lib/python3.10/dist-packages/airflow/example_dags/tutorial.py took 0.094 seconds
[2024-03-12T09:57:24.714+0000] {processor.py:161} INFO - Started process (PID=16111) to work on /usr/local/lib/python3.10/dist-packages/airflow/example_dags/tutorial.py
[2024-03-12T09:57:24.716+0000] {processor.py:830} INFO - Processing file /usr/local/lib/python3.10/dist-packages/airflow/example_dags/tutorial.py for tasks to queue
[2024-03-12T09:57:24.718+0000] {logging_mixin.py:188} INFO - [2024-03-12T09:57:24.717+0000] {dagbag.py:540} INFO - Filling up the DagBag from /usr/local/lib/python3.10/dist-packages/airflow/example_dags/tutorial.py
[2024-03-12T09:57:24.726+0000] {processor.py:840} INFO - DAG(s) 'tutorial' retrieved from /usr/local/lib/python3.10/dist-packages/airflow/example_dags/tutorial.py
[2024-03-12T09:57:24.753+0000] {logging_mixin.py:188} INFO - [2024-03-12T09:57:24.752+0000] {dag.py:3047} INFO - Sync 1 DAGs
[2024-03-12T09:57:24.799+0000] {logging_mixin.py:188} INFO - [2024-03-12T09:57:24.799+0000] {dag.py:3834} INFO - Setting next_dagrun for tutorial to 2024-03-11 00:00:00+00:00, run_after=2024-03-12 00:00:00+00:00
[2024-03-12T09:57:24.837+0000] {processor.py:183} INFO - Processing /usr/local/lib/python3.10/dist-packages/airflow/example_dags/tutorial.py took 0.128 seconds
[2024-03-12T09:58:09.018+0000] {processor.py:161} INFO - Started process (PID=16158) to work on /usr/local/lib/python3.10/dist-packages/airflow/example_dags/tutorial.py
[2024-03-12T09:58:09.025+0000] {processor.py:830} INFO - Processing file /usr/local/lib/python3.10/dist-packages/airflow/example_dags/tutorial.py for tasks to queue
[2024-03-12T09:58:09.026+0000] {logging_mixin.py:188} INFO - [2024-03-12T09:58:09.026+0000] {dagbag.py:540} INFO - Filling up the DagBag from /usr/local/lib/python3.10/dist-packages/airflow/example_dags/tutorial.py
[2024-03-12T09:58:09.036+0000] {processor.py:840} INFO - DAG(s) 'tutorial' retrieved from /usr/local/lib/python3.10/dist-packages/airflow/example_dags/tutorial.py
[2024-03-12T09:58:09.060+0000] {logging_mixin.py:188} INFO - [2024-03-12T09:58:09.060+0000] {dag.py:3047} INFO - Sync 1 DAGs
[2024-03-12T09:58:09.110+0000] {logging_mixin.py:188} INFO - [2024-03-12T09:58:09.110+0000] {dag.py:3834} INFO - Setting next_dagrun for tutorial to 2024-03-11 00:00:00+00:00, run_after=2024-03-12 00:00:00+00:00
[2024-03-12T09:58:09.163+0000] {processor.py:183} INFO - Processing /usr/local/lib/python3.10/dist-packages/airflow/example_dags/tutorial.py took 0.152 seconds
[2024-03-12T09:58:49.411+0000] {processor.py:161} INFO - Started process (PID=16205) to work on /usr/local/lib/python3.10/dist-packages/airflow/example_dags/tutorial.py
[2024-03-12T09:58:49.414+0000] {processor.py:830} INFO - Processing file /usr/local/lib/python3.10/dist-packages/airflow/example_dags/tutorial.py for tasks to queue
[2024-03-12T09:58:49.416+0000] {logging_mixin.py:188} INFO - [2024-03-12T09:58:49.415+0000] {dagbag.py:540} INFO - Filling up the DagBag from /usr/local/lib/python3.10/dist-packages/airflow/example_dags/tutorial.py
[2024-03-12T09:58:49.424+0000] {processor.py:840} INFO - DAG(s) 'tutorial' retrieved from /usr/local/lib/python3.10/dist-packages/airflow/example_dags/tutorial.py
[2024-03-12T09:58:49.443+0000] {logging_mixin.py:188} INFO - [2024-03-12T09:58:49.442+0000] {dag.py:3047} INFO - Sync 1 DAGs
[2024-03-12T09:58:49.468+0000] {logging_mixin.py:188} INFO - [2024-03-12T09:58:49.468+0000] {dag.py:3834} INFO - Setting next_dagrun for tutorial to 2024-03-11 00:00:00+00:00, run_after=2024-03-12 00:00:00+00:00
[2024-03-12T09:58:49.493+0000] {processor.py:183} INFO - Processing /usr/local/lib/python3.10/dist-packages/airflow/example_dags/tutorial.py took 0.086 seconds
[2024-03-12T09:59:32.924+0000] {processor.py:161} INFO - Started process (PID=16251) to work on /usr/local/lib/python3.10/dist-packages/airflow/example_dags/tutorial.py
[2024-03-12T09:59:32.925+0000] {processor.py:830} INFO - Processing file /usr/local/lib/python3.10/dist-packages/airflow/example_dags/tutorial.py for tasks to queue
[2024-03-12T09:59:32.926+0000] {logging_mixin.py:188} INFO - [2024-03-12T09:59:32.926+0000] {dagbag.py:540} INFO - Filling up the DagBag from /usr/local/lib/python3.10/dist-packages/airflow/example_dags/tutorial.py
[2024-03-12T09:59:32.935+0000] {processor.py:840} INFO - DAG(s) 'tutorial' retrieved from /usr/local/lib/python3.10/dist-packages/airflow/example_dags/tutorial.py
[2024-03-12T09:59:32.954+0000] {logging_mixin.py:188} INFO - [2024-03-12T09:59:32.954+0000] {dag.py:3047} INFO - Sync 1 DAGs
[2024-03-12T09:59:32.978+0000] {logging_mixin.py:188} INFO - [2024-03-12T09:59:32.978+0000] {dag.py:3834} INFO - Setting next_dagrun for tutorial to 2024-03-11 00:00:00+00:00, run_after=2024-03-12 00:00:00+00:00
[2024-03-12T09:59:33.007+0000] {processor.py:183} INFO - Processing /usr/local/lib/python3.10/dist-packages/airflow/example_dags/tutorial.py took 0.087 seconds
[2024-03-12T10:00:14.495+0000] {processor.py:161} INFO - Started process (PID=16298) to work on /usr/local/lib/python3.10/dist-packages/airflow/example_dags/tutorial.py
[2024-03-12T10:00:14.496+0000] {processor.py:830} INFO - Processing file /usr/local/lib/python3.10/dist-packages/airflow/example_dags/tutorial.py for tasks to queue
[2024-03-12T10:00:14.498+0000] {logging_mixin.py:188} INFO - [2024-03-12T10:00:14.497+0000] {dagbag.py:540} INFO - Filling up the DagBag from /usr/local/lib/python3.10/dist-packages/airflow/example_dags/tutorial.py
[2024-03-12T10:00:14.506+0000] {processor.py:840} INFO - DAG(s) 'tutorial' retrieved from /usr/local/lib/python3.10/dist-packages/airflow/example_dags/tutorial.py
[2024-03-12T10:00:14.530+0000] {logging_mixin.py:188} INFO - [2024-03-12T10:00:14.528+0000] {dag.py:3047} INFO - Sync 1 DAGs
[2024-03-12T10:00:14.555+0000] {logging_mixin.py:188} INFO - [2024-03-12T10:00:14.554+0000] {dag.py:3834} INFO - Setting next_dagrun for tutorial to 2024-03-11 00:00:00+00:00, run_after=2024-03-12 00:00:00+00:00
[2024-03-12T10:00:14.589+0000] {processor.py:183} INFO - Processing /usr/local/lib/python3.10/dist-packages/airflow/example_dags/tutorial.py took 0.098 seconds
[2024-03-12T10:00:57.741+0000] {processor.py:161} INFO - Started process (PID=16345) to work on /usr/local/lib/python3.10/dist-packages/airflow/example_dags/tutorial.py
[2024-03-12T10:00:57.744+0000] {processor.py:830} INFO - Processing file /usr/local/lib/python3.10/dist-packages/airflow/example_dags/tutorial.py for tasks to queue
[2024-03-12T10:00:57.745+0000] {logging_mixin.py:188} INFO - [2024-03-12T10:00:57.744+0000] {dagbag.py:540} INFO - Filling up the DagBag from /usr/local/lib/python3.10/dist-packages/airflow/example_dags/tutorial.py
[2024-03-12T10:00:57.754+0000] {processor.py:840} INFO - DAG(s) 'tutorial' retrieved from /usr/local/lib/python3.10/dist-packages/airflow/example_dags/tutorial.py
[2024-03-12T10:00:57.774+0000] {logging_mixin.py:188} INFO - [2024-03-12T10:00:57.774+0000] {dag.py:3047} INFO - Sync 1 DAGs
[2024-03-12T10:00:57.804+0000] {logging_mixin.py:188} INFO - [2024-03-12T10:00:57.803+0000] {dag.py:3834} INFO - Setting next_dagrun for tutorial to 2024-03-11 00:00:00+00:00, run_after=2024-03-12 00:00:00+00:00
[2024-03-12T10:00:57.830+0000] {processor.py:183} INFO - Processing /usr/local/lib/python3.10/dist-packages/airflow/example_dags/tutorial.py took 0.093 seconds
[2024-03-12T10:01:39.686+0000] {processor.py:161} INFO - Started process (PID=16389) to work on /usr/local/lib/python3.10/dist-packages/airflow/example_dags/tutorial.py
[2024-03-12T10:01:39.687+0000] {processor.py:830} INFO - Processing file /usr/local/lib/python3.10/dist-packages/airflow/example_dags/tutorial.py for tasks to queue
[2024-03-12T10:01:39.688+0000] {logging_mixin.py:188} INFO - [2024-03-12T10:01:39.688+0000] {dagbag.py:540} INFO - Filling up the DagBag from /usr/local/lib/python3.10/dist-packages/airflow/example_dags/tutorial.py
[2024-03-12T10:01:39.696+0000] {processor.py:840} INFO - DAG(s) 'tutorial' retrieved from /usr/local/lib/python3.10/dist-packages/airflow/example_dags/tutorial.py
[2024-03-12T10:01:39.720+0000] {logging_mixin.py:188} INFO - [2024-03-12T10:01:39.720+0000] {dag.py:3047} INFO - Sync 1 DAGs
[2024-03-12T10:01:39.757+0000] {logging_mixin.py:188} INFO - [2024-03-12T10:01:39.757+0000] {dag.py:3834} INFO - Setting next_dagrun for tutorial to 2024-03-11 00:00:00+00:00, run_after=2024-03-12 00:00:00+00:00
[2024-03-12T10:01:39.787+0000] {processor.py:183} INFO - Processing /usr/local/lib/python3.10/dist-packages/airflow/example_dags/tutorial.py took 0.106 seconds
[2024-03-12T10:02:19.296+0000] {processor.py:161} INFO - Started process (PID=16430) to work on /usr/local/lib/python3.10/dist-packages/airflow/example_dags/tutorial.py
[2024-03-12T10:02:19.298+0000] {processor.py:830} INFO - Processing file /usr/local/lib/python3.10/dist-packages/airflow/example_dags/tutorial.py for tasks to queue
[2024-03-12T10:02:19.300+0000] {logging_mixin.py:188} INFO - [2024-03-12T10:02:19.299+0000] {dagbag.py:540} INFO - Filling up the DagBag from /usr/local/lib/python3.10/dist-packages/airflow/example_dags/tutorial.py
[2024-03-12T10:02:19.319+0000] {processor.py:840} INFO - DAG(s) 'tutorial' retrieved from /usr/local/lib/python3.10/dist-packages/airflow/example_dags/tutorial.py
[2024-03-12T10:02:19.358+0000] {logging_mixin.py:188} INFO - [2024-03-12T10:02:19.358+0000] {dag.py:3047} INFO - Sync 1 DAGs
[2024-03-12T10:02:19.416+0000] {logging_mixin.py:188} INFO - [2024-03-12T10:02:19.416+0000] {dag.py:3834} INFO - Setting next_dagrun for tutorial to 2024-03-11 00:00:00+00:00, run_after=2024-03-12 00:00:00+00:00
[2024-03-12T10:02:19.480+0000] {processor.py:183} INFO - Processing /usr/local/lib/python3.10/dist-packages/airflow/example_dags/tutorial.py took 0.187 seconds
[2024-03-12T10:03:01.843+0000] {processor.py:161} INFO - Started process (PID=16476) to work on /usr/local/lib/python3.10/dist-packages/airflow/example_dags/tutorial.py
[2024-03-12T10:03:01.845+0000] {processor.py:830} INFO - Processing file /usr/local/lib/python3.10/dist-packages/airflow/example_dags/tutorial.py for tasks to queue
[2024-03-12T10:03:01.847+0000] {logging_mixin.py:188} INFO - [2024-03-12T10:03:01.846+0000] {dagbag.py:540} INFO - Filling up the DagBag from /usr/local/lib/python3.10/dist-packages/airflow/example_dags/tutorial.py
[2024-03-12T10:03:01.859+0000] {processor.py:840} INFO - DAG(s) 'tutorial' retrieved from /usr/local/lib/python3.10/dist-packages/airflow/example_dags/tutorial.py
[2024-03-12T10:03:01.891+0000] {logging_mixin.py:188} INFO - [2024-03-12T10:03:01.890+0000] {dag.py:3047} INFO - Sync 1 DAGs
[2024-03-12T10:03:01.968+0000] {logging_mixin.py:188} INFO - [2024-03-12T10:03:01.968+0000] {dag.py:3834} INFO - Setting next_dagrun for tutorial to 2024-03-11 00:00:00+00:00, run_after=2024-03-12 00:00:00+00:00
[2024-03-12T10:03:02.037+0000] {processor.py:183} INFO - Processing /usr/local/lib/python3.10/dist-packages/airflow/example_dags/tutorial.py took 0.213 seconds
[2024-03-12T10:03:43.746+0000] {processor.py:161} INFO - Started process (PID=16516) to work on /usr/local/lib/python3.10/dist-packages/airflow/example_dags/tutorial.py
[2024-03-12T10:03:43.747+0000] {processor.py:830} INFO - Processing file /usr/local/lib/python3.10/dist-packages/airflow/example_dags/tutorial.py for tasks to queue
[2024-03-12T10:03:43.748+0000] {logging_mixin.py:188} INFO - [2024-03-12T10:03:43.748+0000] {dagbag.py:540} INFO - Filling up the DagBag from /usr/local/lib/python3.10/dist-packages/airflow/example_dags/tutorial.py
[2024-03-12T10:03:43.757+0000] {processor.py:840} INFO - DAG(s) 'tutorial' retrieved from /usr/local/lib/python3.10/dist-packages/airflow/example_dags/tutorial.py
[2024-03-12T10:03:43.775+0000] {logging_mixin.py:188} INFO - [2024-03-12T10:03:43.775+0000] {dag.py:3047} INFO - Sync 1 DAGs
[2024-03-12T10:03:43.822+0000] {logging_mixin.py:188} INFO - [2024-03-12T10:03:43.819+0000] {dag.py:3834} INFO - Setting next_dagrun for tutorial to 2024-03-11 00:00:00+00:00, run_after=2024-03-12 00:00:00+00:00
[2024-03-12T10:03:43.861+0000] {processor.py:183} INFO - Processing /usr/local/lib/python3.10/dist-packages/airflow/example_dags/tutorial.py took 0.119 seconds
[2024-03-12T10:04:24.758+0000] {processor.py:161} INFO - Started process (PID=16559) to work on /usr/local/lib/python3.10/dist-packages/airflow/example_dags/tutorial.py
[2024-03-12T10:04:24.760+0000] {processor.py:830} INFO - Processing file /usr/local/lib/python3.10/dist-packages/airflow/example_dags/tutorial.py for tasks to queue
[2024-03-12T10:04:24.761+0000] {logging_mixin.py:188} INFO - [2024-03-12T10:04:24.760+0000] {dagbag.py:540} INFO - Filling up the DagBag from /usr/local/lib/python3.10/dist-packages/airflow/example_dags/tutorial.py
[2024-03-12T10:04:24.769+0000] {processor.py:840} INFO - DAG(s) 'tutorial' retrieved from /usr/local/lib/python3.10/dist-packages/airflow/example_dags/tutorial.py
[2024-03-12T10:04:24.790+0000] {logging_mixin.py:188} INFO - [2024-03-12T10:04:24.790+0000] {dag.py:3047} INFO - Sync 1 DAGs
[2024-03-12T10:04:24.815+0000] {logging_mixin.py:188} INFO - [2024-03-12T10:04:24.815+0000] {dag.py:3834} INFO - Setting next_dagrun for tutorial to 2024-03-11 00:00:00+00:00, run_after=2024-03-12 00:00:00+00:00
[2024-03-12T10:04:24.844+0000] {processor.py:183} INFO - Processing /usr/local/lib/python3.10/dist-packages/airflow/example_dags/tutorial.py took 0.088 seconds
[2024-03-12T10:05:03.844+0000] {processor.py:161} INFO - Started process (PID=16601) to work on /usr/local/lib/python3.10/dist-packages/airflow/example_dags/tutorial.py
[2024-03-12T10:05:03.845+0000] {processor.py:830} INFO - Processing file /usr/local/lib/python3.10/dist-packages/airflow/example_dags/tutorial.py for tasks to queue
[2024-03-12T10:05:03.847+0000] {logging_mixin.py:188} INFO - [2024-03-12T10:05:03.846+0000] {dagbag.py:540} INFO - Filling up the DagBag from /usr/local/lib/python3.10/dist-packages/airflow/example_dags/tutorial.py
[2024-03-12T10:05:03.855+0000] {processor.py:840} INFO - DAG(s) 'tutorial' retrieved from /usr/local/lib/python3.10/dist-packages/airflow/example_dags/tutorial.py
[2024-03-12T10:05:03.875+0000] {logging_mixin.py:188} INFO - [2024-03-12T10:05:03.874+0000] {dag.py:3047} INFO - Sync 1 DAGs
[2024-03-12T10:05:03.900+0000] {logging_mixin.py:188} INFO - [2024-03-12T10:05:03.899+0000] {dag.py:3834} INFO - Setting next_dagrun for tutorial to 2024-03-11 00:00:00+00:00, run_after=2024-03-12 00:00:00+00:00
[2024-03-12T10:05:03.931+0000] {processor.py:183} INFO - Processing /usr/local/lib/python3.10/dist-packages/airflow/example_dags/tutorial.py took 0.091 seconds
[2024-03-12T10:05:46.941+0000] {processor.py:161} INFO - Started process (PID=16644) to work on /usr/local/lib/python3.10/dist-packages/airflow/example_dags/tutorial.py
[2024-03-12T10:05:46.943+0000] {processor.py:830} INFO - Processing file /usr/local/lib/python3.10/dist-packages/airflow/example_dags/tutorial.py for tasks to queue
[2024-03-12T10:05:46.944+0000] {logging_mixin.py:188} INFO - [2024-03-12T10:05:46.943+0000] {dagbag.py:540} INFO - Filling up the DagBag from /usr/local/lib/python3.10/dist-packages/airflow/example_dags/tutorial.py
[2024-03-12T10:05:46.952+0000] {processor.py:840} INFO - DAG(s) 'tutorial' retrieved from /usr/local/lib/python3.10/dist-packages/airflow/example_dags/tutorial.py
[2024-03-12T10:05:46.970+0000] {logging_mixin.py:188} INFO - [2024-03-12T10:05:46.970+0000] {dag.py:3047} INFO - Sync 1 DAGs
[2024-03-12T10:05:46.997+0000] {logging_mixin.py:188} INFO - [2024-03-12T10:05:46.997+0000] {dag.py:3834} INFO - Setting next_dagrun for tutorial to 2024-03-11 00:00:00+00:00, run_after=2024-03-12 00:00:00+00:00
[2024-03-12T10:05:47.024+0000] {processor.py:183} INFO - Processing /usr/local/lib/python3.10/dist-packages/airflow/example_dags/tutorial.py took 0.086 seconds
[2024-03-12T10:06:28.442+0000] {processor.py:161} INFO - Started process (PID=16687) to work on /usr/local/lib/python3.10/dist-packages/airflow/example_dags/tutorial.py
[2024-03-12T10:06:28.444+0000] {processor.py:830} INFO - Processing file /usr/local/lib/python3.10/dist-packages/airflow/example_dags/tutorial.py for tasks to queue
[2024-03-12T10:06:28.445+0000] {logging_mixin.py:188} INFO - [2024-03-12T10:06:28.445+0000] {dagbag.py:540} INFO - Filling up the DagBag from /usr/local/lib/python3.10/dist-packages/airflow/example_dags/tutorial.py
[2024-03-12T10:06:28.452+0000] {processor.py:840} INFO - DAG(s) 'tutorial' retrieved from /usr/local/lib/python3.10/dist-packages/airflow/example_dags/tutorial.py
[2024-03-12T10:06:28.469+0000] {logging_mixin.py:188} INFO - [2024-03-12T10:06:28.469+0000] {dag.py:3047} INFO - Sync 1 DAGs
[2024-03-12T10:06:28.490+0000] {logging_mixin.py:188} INFO - [2024-03-12T10:06:28.489+0000] {dag.py:3834} INFO - Setting next_dagrun for tutorial to 2024-03-11 00:00:00+00:00, run_after=2024-03-12 00:00:00+00:00
[2024-03-12T10:06:28.515+0000] {processor.py:183} INFO - Processing /usr/local/lib/python3.10/dist-packages/airflow/example_dags/tutorial.py took 0.076 seconds
