[2024-03-12T09:19:22.700+0000] {processor.py:161} INFO - Started process (PID=13920) to work on /usr/local/lib/python3.10/dist-packages/airflow/example_dags/tutorial_objectstorage.py
[2024-03-12T09:19:22.701+0000] {processor.py:830} INFO - Processing file /usr/local/lib/python3.10/dist-packages/airflow/example_dags/tutorial_objectstorage.py for tasks to queue
[2024-03-12T09:19:22.703+0000] {logging_mixin.py:188} INFO - [2024-03-12T09:19:22.702+0000] {dagbag.py:540} INFO - Filling up the DagBag from /usr/local/lib/python3.10/dist-packages/airflow/example_dags/tutorial_objectstorage.py
[2024-03-12T09:19:22.713+0000] {processor.py:840} INFO - DAG(s) 'tutorial_objectstorage' retrieved from /usr/local/lib/python3.10/dist-packages/airflow/example_dags/tutorial_objectstorage.py
[2024-03-12T09:19:22.902+0000] {logging_mixin.py:188} INFO - [2024-03-12T09:19:22.902+0000] {override.py:1769} INFO - Created Permission View: can read on DAG:tutorial_objectstorage
[2024-03-12T09:19:22.940+0000] {logging_mixin.py:188} INFO - [2024-03-12T09:19:22.940+0000] {override.py:1769} INFO - Created Permission View: can edit on DAG:tutorial_objectstorage
[2024-03-12T09:19:22.963+0000] {logging_mixin.py:188} INFO - [2024-03-12T09:19:22.962+0000] {override.py:1769} INFO - Created Permission View: can delete on DAG:tutorial_objectstorage
[2024-03-12T09:19:22.964+0000] {logging_mixin.py:188} INFO - [2024-03-12T09:19:22.964+0000] {dag.py:3047} INFO - Sync 1 DAGs
[2024-03-12T09:19:22.985+0000] {logging_mixin.py:188} INFO - [2024-03-12T09:19:22.985+0000] {dag.py:3069} INFO - Creating ORM DAG for tutorial_objectstorage
[2024-03-12T09:19:22.986+0000] {logging_mixin.py:188} INFO - [2024-03-12T09:19:22.986+0000] {dag.py:3834} INFO - Setting next_dagrun for tutorial_objectstorage to None, run_after=None
[2024-03-12T09:19:23.066+0000] {processor.py:183} INFO - Processing /usr/local/lib/python3.10/dist-packages/airflow/example_dags/tutorial_objectstorage.py took 0.370 seconds
[2024-03-12T09:22:17.007+0000] {processor.py:161} INFO - Started process (PID=13982) to work on /usr/local/lib/python3.10/dist-packages/airflow/example_dags/tutorial_objectstorage.py
[2024-03-12T09:22:17.010+0000] {processor.py:830} INFO - Processing file /usr/local/lib/python3.10/dist-packages/airflow/example_dags/tutorial_objectstorage.py for tasks to queue
[2024-03-12T09:22:17.014+0000] {logging_mixin.py:188} INFO - [2024-03-12T09:22:17.011+0000] {dagbag.py:540} INFO - Filling up the DagBag from /usr/local/lib/python3.10/dist-packages/airflow/example_dags/tutorial_objectstorage.py
[2024-03-12T09:22:17.026+0000] {processor.py:840} INFO - DAG(s) 'tutorial_objectstorage' retrieved from /usr/local/lib/python3.10/dist-packages/airflow/example_dags/tutorial_objectstorage.py
[2024-03-12T09:22:17.056+0000] {logging_mixin.py:188} INFO - [2024-03-12T09:22:17.047+0000] {dag.py:3047} INFO - Sync 1 DAGs
[2024-03-12T09:22:17.085+0000] {logging_mixin.py:188} INFO - [2024-03-12T09:22:17.085+0000] {dag.py:3834} INFO - Setting next_dagrun for tutorial_objectstorage to None, run_after=None
[2024-03-12T09:22:17.113+0000] {processor.py:183} INFO - Processing /usr/local/lib/python3.10/dist-packages/airflow/example_dags/tutorial_objectstorage.py took 0.111 seconds
[2024-03-12T09:23:15.425+0000] {processor.py:161} INFO - Started process (PID=14033) to work on /usr/local/lib/python3.10/dist-packages/airflow/example_dags/tutorial_objectstorage.py
[2024-03-12T09:23:15.427+0000] {processor.py:830} INFO - Processing file /usr/local/lib/python3.10/dist-packages/airflow/example_dags/tutorial_objectstorage.py for tasks to queue
[2024-03-12T09:23:15.428+0000] {logging_mixin.py:188} INFO - [2024-03-12T09:23:15.427+0000] {dagbag.py:540} INFO - Filling up the DagBag from /usr/local/lib/python3.10/dist-packages/airflow/example_dags/tutorial_objectstorage.py
[2024-03-12T09:23:15.448+0000] {processor.py:840} INFO - DAG(s) 'tutorial_objectstorage' retrieved from /usr/local/lib/python3.10/dist-packages/airflow/example_dags/tutorial_objectstorage.py
[2024-03-12T09:23:15.696+0000] {logging_mixin.py:188} INFO - [2024-03-12T09:23:15.696+0000] {dag.py:3047} INFO - Sync 1 DAGs
[2024-03-12T09:23:15.705+0000] {logging_mixin.py:188} INFO - [2024-03-12T09:23:15.705+0000] {dag.py:3834} INFO - Setting next_dagrun for tutorial_objectstorage to None, run_after=None
[2024-03-12T09:23:15.728+0000] {processor.py:183} INFO - Processing /usr/local/lib/python3.10/dist-packages/airflow/example_dags/tutorial_objectstorage.py took 0.307 seconds
[2024-03-12T09:24:11.052+0000] {processor.py:161} INFO - Started process (PID=14085) to work on /usr/local/lib/python3.10/dist-packages/airflow/example_dags/tutorial_objectstorage.py
[2024-03-12T09:24:11.057+0000] {processor.py:830} INFO - Processing file /usr/local/lib/python3.10/dist-packages/airflow/example_dags/tutorial_objectstorage.py for tasks to queue
[2024-03-12T09:24:11.058+0000] {logging_mixin.py:188} INFO - [2024-03-12T09:24:11.057+0000] {dagbag.py:540} INFO - Filling up the DagBag from /usr/local/lib/python3.10/dist-packages/airflow/example_dags/tutorial_objectstorage.py
[2024-03-12T09:24:11.066+0000] {processor.py:840} INFO - DAG(s) 'tutorial_objectstorage' retrieved from /usr/local/lib/python3.10/dist-packages/airflow/example_dags/tutorial_objectstorage.py
[2024-03-12T09:24:11.083+0000] {logging_mixin.py:188} INFO - [2024-03-12T09:24:11.082+0000] {dag.py:3047} INFO - Sync 1 DAGs
[2024-03-12T09:24:11.095+0000] {logging_mixin.py:188} INFO - [2024-03-12T09:24:11.095+0000] {dag.py:3834} INFO - Setting next_dagrun for tutorial_objectstorage to None, run_after=None
[2024-03-12T09:24:11.123+0000] {processor.py:183} INFO - Processing /usr/local/lib/python3.10/dist-packages/airflow/example_dags/tutorial_objectstorage.py took 0.075 seconds
[2024-03-12T09:24:57.229+0000] {processor.py:161} INFO - Started process (PID=14126) to work on /usr/local/lib/python3.10/dist-packages/airflow/example_dags/tutorial_objectstorage.py
[2024-03-12T09:24:57.230+0000] {processor.py:830} INFO - Processing file /usr/local/lib/python3.10/dist-packages/airflow/example_dags/tutorial_objectstorage.py for tasks to queue
[2024-03-12T09:24:57.232+0000] {logging_mixin.py:188} INFO - [2024-03-12T09:24:57.231+0000] {dagbag.py:540} INFO - Filling up the DagBag from /usr/local/lib/python3.10/dist-packages/airflow/example_dags/tutorial_objectstorage.py
[2024-03-12T09:24:57.241+0000] {processor.py:840} INFO - DAG(s) 'tutorial_objectstorage' retrieved from /usr/local/lib/python3.10/dist-packages/airflow/example_dags/tutorial_objectstorage.py
[2024-03-12T09:24:57.409+0000] {logging_mixin.py:188} INFO - [2024-03-12T09:24:57.409+0000] {dag.py:3047} INFO - Sync 1 DAGs
[2024-03-12T09:24:57.419+0000] {logging_mixin.py:188} INFO - [2024-03-12T09:24:57.419+0000] {dag.py:3834} INFO - Setting next_dagrun for tutorial_objectstorage to None, run_after=None
[2024-03-12T09:24:57.446+0000] {processor.py:183} INFO - Processing /usr/local/lib/python3.10/dist-packages/airflow/example_dags/tutorial_objectstorage.py took 0.222 seconds
[2024-03-12T09:25:48.063+0000] {processor.py:161} INFO - Started process (PID=14173) to work on /usr/local/lib/python3.10/dist-packages/airflow/example_dags/tutorial_objectstorage.py
[2024-03-12T09:25:48.065+0000] {processor.py:830} INFO - Processing file /usr/local/lib/python3.10/dist-packages/airflow/example_dags/tutorial_objectstorage.py for tasks to queue
[2024-03-12T09:25:48.066+0000] {logging_mixin.py:188} INFO - [2024-03-12T09:25:48.066+0000] {dagbag.py:540} INFO - Filling up the DagBag from /usr/local/lib/python3.10/dist-packages/airflow/example_dags/tutorial_objectstorage.py
[2024-03-12T09:25:48.075+0000] {processor.py:840} INFO - DAG(s) 'tutorial_objectstorage' retrieved from /usr/local/lib/python3.10/dist-packages/airflow/example_dags/tutorial_objectstorage.py
[2024-03-12T09:25:48.093+0000] {logging_mixin.py:188} INFO - [2024-03-12T09:25:48.093+0000] {dag.py:3047} INFO - Sync 1 DAGs
[2024-03-12T09:25:48.106+0000] {logging_mixin.py:188} INFO - [2024-03-12T09:25:48.106+0000] {dag.py:3834} INFO - Setting next_dagrun for tutorial_objectstorage to None, run_after=None
[2024-03-12T09:25:48.136+0000] {processor.py:183} INFO - Processing /usr/local/lib/python3.10/dist-packages/airflow/example_dags/tutorial_objectstorage.py took 0.076 seconds
[2024-03-12T09:26:26.196+0000] {processor.py:161} INFO - Started process (PID=14213) to work on /usr/local/lib/python3.10/dist-packages/airflow/example_dags/tutorial_objectstorage.py
[2024-03-12T09:26:26.200+0000] {processor.py:830} INFO - Processing file /usr/local/lib/python3.10/dist-packages/airflow/example_dags/tutorial_objectstorage.py for tasks to queue
[2024-03-12T09:26:26.201+0000] {logging_mixin.py:188} INFO - [2024-03-12T09:26:26.201+0000] {dagbag.py:540} INFO - Filling up the DagBag from /usr/local/lib/python3.10/dist-packages/airflow/example_dags/tutorial_objectstorage.py
[2024-03-12T09:26:26.211+0000] {processor.py:840} INFO - DAG(s) 'tutorial_objectstorage' retrieved from /usr/local/lib/python3.10/dist-packages/airflow/example_dags/tutorial_objectstorage.py
[2024-03-12T09:26:26.244+0000] {logging_mixin.py:188} INFO - [2024-03-12T09:26:26.242+0000] {dag.py:3047} INFO - Sync 1 DAGs
[2024-03-12T09:26:26.263+0000] {logging_mixin.py:188} INFO - [2024-03-12T09:26:26.263+0000] {dag.py:3834} INFO - Setting next_dagrun for tutorial_objectstorage to None, run_after=None
[2024-03-12T09:26:26.309+0000] {processor.py:183} INFO - Processing /usr/local/lib/python3.10/dist-packages/airflow/example_dags/tutorial_objectstorage.py took 0.120 seconds
[2024-03-12T09:27:07.915+0000] {processor.py:161} INFO - Started process (PID=14254) to work on /usr/local/lib/python3.10/dist-packages/airflow/example_dags/tutorial_objectstorage.py
[2024-03-12T09:27:07.916+0000] {processor.py:830} INFO - Processing file /usr/local/lib/python3.10/dist-packages/airflow/example_dags/tutorial_objectstorage.py for tasks to queue
[2024-03-12T09:27:07.918+0000] {logging_mixin.py:188} INFO - [2024-03-12T09:27:07.917+0000] {dagbag.py:540} INFO - Filling up the DagBag from /usr/local/lib/python3.10/dist-packages/airflow/example_dags/tutorial_objectstorage.py
[2024-03-12T09:27:07.927+0000] {processor.py:840} INFO - DAG(s) 'tutorial_objectstorage' retrieved from /usr/local/lib/python3.10/dist-packages/airflow/example_dags/tutorial_objectstorage.py
[2024-03-12T09:27:07.945+0000] {logging_mixin.py:188} INFO - [2024-03-12T09:27:07.945+0000] {dag.py:3047} INFO - Sync 1 DAGs
[2024-03-12T09:27:07.959+0000] {logging_mixin.py:188} INFO - [2024-03-12T09:27:07.958+0000] {dag.py:3834} INFO - Setting next_dagrun for tutorial_objectstorage to None, run_after=None
[2024-03-12T09:27:07.988+0000] {processor.py:183} INFO - Processing /usr/local/lib/python3.10/dist-packages/airflow/example_dags/tutorial_objectstorage.py took 0.079 seconds
[2024-03-12T09:27:50.183+0000] {processor.py:161} INFO - Started process (PID=14296) to work on /usr/local/lib/python3.10/dist-packages/airflow/example_dags/tutorial_objectstorage.py
[2024-03-12T09:27:50.184+0000] {processor.py:830} INFO - Processing file /usr/local/lib/python3.10/dist-packages/airflow/example_dags/tutorial_objectstorage.py for tasks to queue
[2024-03-12T09:27:50.186+0000] {logging_mixin.py:188} INFO - [2024-03-12T09:27:50.185+0000] {dagbag.py:540} INFO - Filling up the DagBag from /usr/local/lib/python3.10/dist-packages/airflow/example_dags/tutorial_objectstorage.py
[2024-03-12T09:27:50.197+0000] {processor.py:840} INFO - DAG(s) 'tutorial_objectstorage' retrieved from /usr/local/lib/python3.10/dist-packages/airflow/example_dags/tutorial_objectstorage.py
[2024-03-12T09:27:50.218+0000] {logging_mixin.py:188} INFO - [2024-03-12T09:27:50.218+0000] {dag.py:3047} INFO - Sync 1 DAGs
[2024-03-12T09:27:50.236+0000] {logging_mixin.py:188} INFO - [2024-03-12T09:27:50.236+0000] {dag.py:3834} INFO - Setting next_dagrun for tutorial_objectstorage to None, run_after=None
[2024-03-12T09:27:50.264+0000] {processor.py:183} INFO - Processing /usr/local/lib/python3.10/dist-packages/airflow/example_dags/tutorial_objectstorage.py took 0.084 seconds
[2024-03-12T09:28:30.367+0000] {processor.py:161} INFO - Started process (PID=14336) to work on /usr/local/lib/python3.10/dist-packages/airflow/example_dags/tutorial_objectstorage.py
[2024-03-12T09:28:30.369+0000] {processor.py:830} INFO - Processing file /usr/local/lib/python3.10/dist-packages/airflow/example_dags/tutorial_objectstorage.py for tasks to queue
[2024-03-12T09:28:30.374+0000] {logging_mixin.py:188} INFO - [2024-03-12T09:28:30.370+0000] {dagbag.py:540} INFO - Filling up the DagBag from /usr/local/lib/python3.10/dist-packages/airflow/example_dags/tutorial_objectstorage.py
[2024-03-12T09:28:30.392+0000] {processor.py:840} INFO - DAG(s) 'tutorial_objectstorage' retrieved from /usr/local/lib/python3.10/dist-packages/airflow/example_dags/tutorial_objectstorage.py
[2024-03-12T09:28:30.410+0000] {logging_mixin.py:188} INFO - [2024-03-12T09:28:30.410+0000] {dag.py:3047} INFO - Sync 1 DAGs
[2024-03-12T09:28:30.422+0000] {logging_mixin.py:188} INFO - [2024-03-12T09:28:30.422+0000] {dag.py:3834} INFO - Setting next_dagrun for tutorial_objectstorage to None, run_after=None
[2024-03-12T09:28:30.453+0000] {processor.py:183} INFO - Processing /usr/local/lib/python3.10/dist-packages/airflow/example_dags/tutorial_objectstorage.py took 0.093 seconds
[2024-03-12T09:29:10.409+0000] {processor.py:161} INFO - Started process (PID=14376) to work on /usr/local/lib/python3.10/dist-packages/airflow/example_dags/tutorial_objectstorage.py
[2024-03-12T09:29:10.416+0000] {processor.py:830} INFO - Processing file /usr/local/lib/python3.10/dist-packages/airflow/example_dags/tutorial_objectstorage.py for tasks to queue
[2024-03-12T09:29:10.418+0000] {logging_mixin.py:188} INFO - [2024-03-12T09:29:10.417+0000] {dagbag.py:540} INFO - Filling up the DagBag from /usr/local/lib/python3.10/dist-packages/airflow/example_dags/tutorial_objectstorage.py
[2024-03-12T09:29:10.427+0000] {processor.py:840} INFO - DAG(s) 'tutorial_objectstorage' retrieved from /usr/local/lib/python3.10/dist-packages/airflow/example_dags/tutorial_objectstorage.py
[2024-03-12T09:29:10.448+0000] {logging_mixin.py:188} INFO - [2024-03-12T09:29:10.447+0000] {dag.py:3047} INFO - Sync 1 DAGs
[2024-03-12T09:29:10.474+0000] {logging_mixin.py:188} INFO - [2024-03-12T09:29:10.474+0000] {dag.py:3834} INFO - Setting next_dagrun for tutorial_objectstorage to None, run_after=None
[2024-03-12T09:29:10.505+0000] {processor.py:183} INFO - Processing /usr/local/lib/python3.10/dist-packages/airflow/example_dags/tutorial_objectstorage.py took 0.106 seconds
[2024-03-12T09:29:49.679+0000] {processor.py:161} INFO - Started process (PID=14415) to work on /usr/local/lib/python3.10/dist-packages/airflow/example_dags/tutorial_objectstorage.py
[2024-03-12T09:29:49.680+0000] {processor.py:830} INFO - Processing file /usr/local/lib/python3.10/dist-packages/airflow/example_dags/tutorial_objectstorage.py for tasks to queue
[2024-03-12T09:29:49.683+0000] {logging_mixin.py:188} INFO - [2024-03-12T09:29:49.681+0000] {dagbag.py:540} INFO - Filling up the DagBag from /usr/local/lib/python3.10/dist-packages/airflow/example_dags/tutorial_objectstorage.py
[2024-03-12T09:29:49.692+0000] {processor.py:840} INFO - DAG(s) 'tutorial_objectstorage' retrieved from /usr/local/lib/python3.10/dist-packages/airflow/example_dags/tutorial_objectstorage.py
[2024-03-12T09:29:49.708+0000] {logging_mixin.py:188} INFO - [2024-03-12T09:29:49.708+0000] {dag.py:3047} INFO - Sync 1 DAGs
[2024-03-12T09:29:49.721+0000] {logging_mixin.py:188} INFO - [2024-03-12T09:29:49.721+0000] {dag.py:3834} INFO - Setting next_dagrun for tutorial_objectstorage to None, run_after=None
[2024-03-12T09:29:49.747+0000] {processor.py:183} INFO - Processing /usr/local/lib/python3.10/dist-packages/airflow/example_dags/tutorial_objectstorage.py took 0.071 seconds
[2024-03-12T09:30:31.310+0000] {processor.py:161} INFO - Started process (PID=14455) to work on /usr/local/lib/python3.10/dist-packages/airflow/example_dags/tutorial_objectstorage.py
[2024-03-12T09:30:31.311+0000] {processor.py:830} INFO - Processing file /usr/local/lib/python3.10/dist-packages/airflow/example_dags/tutorial_objectstorage.py for tasks to queue
[2024-03-12T09:30:31.313+0000] {logging_mixin.py:188} INFO - [2024-03-12T09:30:31.312+0000] {dagbag.py:540} INFO - Filling up the DagBag from /usr/local/lib/python3.10/dist-packages/airflow/example_dags/tutorial_objectstorage.py
[2024-03-12T09:30:31.335+0000] {processor.py:840} INFO - DAG(s) 'tutorial_objectstorage' retrieved from /usr/local/lib/python3.10/dist-packages/airflow/example_dags/tutorial_objectstorage.py
[2024-03-12T09:30:31.353+0000] {logging_mixin.py:188} INFO - [2024-03-12T09:30:31.352+0000] {dag.py:3047} INFO - Sync 1 DAGs
[2024-03-12T09:30:31.366+0000] {logging_mixin.py:188} INFO - [2024-03-12T09:30:31.366+0000] {dag.py:3834} INFO - Setting next_dagrun for tutorial_objectstorage to None, run_after=None
[2024-03-12T09:30:31.392+0000] {processor.py:183} INFO - Processing /usr/local/lib/python3.10/dist-packages/airflow/example_dags/tutorial_objectstorage.py took 0.087 seconds
[2024-03-12T09:31:13.087+0000] {processor.py:161} INFO - Started process (PID=14495) to work on /usr/local/lib/python3.10/dist-packages/airflow/example_dags/tutorial_objectstorage.py
[2024-03-12T09:31:13.090+0000] {processor.py:830} INFO - Processing file /usr/local/lib/python3.10/dist-packages/airflow/example_dags/tutorial_objectstorage.py for tasks to queue
[2024-03-12T09:31:13.091+0000] {logging_mixin.py:188} INFO - [2024-03-12T09:31:13.091+0000] {dagbag.py:540} INFO - Filling up the DagBag from /usr/local/lib/python3.10/dist-packages/airflow/example_dags/tutorial_objectstorage.py
[2024-03-12T09:31:13.102+0000] {processor.py:840} INFO - DAG(s) 'tutorial_objectstorage' retrieved from /usr/local/lib/python3.10/dist-packages/airflow/example_dags/tutorial_objectstorage.py
[2024-03-12T09:31:13.121+0000] {logging_mixin.py:188} INFO - [2024-03-12T09:31:13.120+0000] {dag.py:3047} INFO - Sync 1 DAGs
[2024-03-12T09:31:13.136+0000] {logging_mixin.py:188} INFO - [2024-03-12T09:31:13.135+0000] {dag.py:3834} INFO - Setting next_dagrun for tutorial_objectstorage to None, run_after=None
[2024-03-12T09:31:13.167+0000] {processor.py:183} INFO - Processing /usr/local/lib/python3.10/dist-packages/airflow/example_dags/tutorial_objectstorage.py took 0.091 seconds
[2024-03-12T09:31:55.277+0000] {processor.py:161} INFO - Started process (PID=14536) to work on /usr/local/lib/python3.10/dist-packages/airflow/example_dags/tutorial_objectstorage.py
[2024-03-12T09:31:55.279+0000] {processor.py:830} INFO - Processing file /usr/local/lib/python3.10/dist-packages/airflow/example_dags/tutorial_objectstorage.py for tasks to queue
[2024-03-12T09:31:55.280+0000] {logging_mixin.py:188} INFO - [2024-03-12T09:31:55.279+0000] {dagbag.py:540} INFO - Filling up the DagBag from /usr/local/lib/python3.10/dist-packages/airflow/example_dags/tutorial_objectstorage.py
[2024-03-12T09:31:55.289+0000] {processor.py:840} INFO - DAG(s) 'tutorial_objectstorage' retrieved from /usr/local/lib/python3.10/dist-packages/airflow/example_dags/tutorial_objectstorage.py
[2024-03-12T09:31:55.306+0000] {logging_mixin.py:188} INFO - [2024-03-12T09:31:55.306+0000] {dag.py:3047} INFO - Sync 1 DAGs
[2024-03-12T09:31:55.320+0000] {logging_mixin.py:188} INFO - [2024-03-12T09:31:55.320+0000] {dag.py:3834} INFO - Setting next_dagrun for tutorial_objectstorage to None, run_after=None
[2024-03-12T09:31:55.345+0000] {processor.py:183} INFO - Processing /usr/local/lib/python3.10/dist-packages/airflow/example_dags/tutorial_objectstorage.py took 0.071 seconds
[2024-03-12T09:32:37.819+0000] {processor.py:161} INFO - Started process (PID=14577) to work on /usr/local/lib/python3.10/dist-packages/airflow/example_dags/tutorial_objectstorage.py
[2024-03-12T09:32:37.820+0000] {processor.py:830} INFO - Processing file /usr/local/lib/python3.10/dist-packages/airflow/example_dags/tutorial_objectstorage.py for tasks to queue
[2024-03-12T09:32:37.821+0000] {logging_mixin.py:188} INFO - [2024-03-12T09:32:37.821+0000] {dagbag.py:540} INFO - Filling up the DagBag from /usr/local/lib/python3.10/dist-packages/airflow/example_dags/tutorial_objectstorage.py
[2024-03-12T09:32:37.831+0000] {processor.py:840} INFO - DAG(s) 'tutorial_objectstorage' retrieved from /usr/local/lib/python3.10/dist-packages/airflow/example_dags/tutorial_objectstorage.py
[2024-03-12T09:32:37.850+0000] {logging_mixin.py:188} INFO - [2024-03-12T09:32:37.849+0000] {dag.py:3047} INFO - Sync 1 DAGs
[2024-03-12T09:32:37.865+0000] {logging_mixin.py:188} INFO - [2024-03-12T09:32:37.864+0000] {dag.py:3834} INFO - Setting next_dagrun for tutorial_objectstorage to None, run_after=None
[2024-03-12T09:32:37.901+0000] {processor.py:183} INFO - Processing /usr/local/lib/python3.10/dist-packages/airflow/example_dags/tutorial_objectstorage.py took 0.086 seconds
[2024-03-12T09:33:23.254+0000] {processor.py:161} INFO - Started process (PID=14621) to work on /usr/local/lib/python3.10/dist-packages/airflow/example_dags/tutorial_objectstorage.py
[2024-03-12T09:33:23.256+0000] {processor.py:830} INFO - Processing file /usr/local/lib/python3.10/dist-packages/airflow/example_dags/tutorial_objectstorage.py for tasks to queue
[2024-03-12T09:33:23.257+0000] {logging_mixin.py:188} INFO - [2024-03-12T09:33:23.256+0000] {dagbag.py:540} INFO - Filling up the DagBag from /usr/local/lib/python3.10/dist-packages/airflow/example_dags/tutorial_objectstorage.py
[2024-03-12T09:33:23.267+0000] {processor.py:840} INFO - DAG(s) 'tutorial_objectstorage' retrieved from /usr/local/lib/python3.10/dist-packages/airflow/example_dags/tutorial_objectstorage.py
[2024-03-12T09:33:23.285+0000] {logging_mixin.py:188} INFO - [2024-03-12T09:33:23.285+0000] {dag.py:3047} INFO - Sync 1 DAGs
[2024-03-12T09:33:23.300+0000] {logging_mixin.py:188} INFO - [2024-03-12T09:33:23.300+0000] {dag.py:3834} INFO - Setting next_dagrun for tutorial_objectstorage to None, run_after=None
[2024-03-12T09:33:23.332+0000] {processor.py:183} INFO - Processing /usr/local/lib/python3.10/dist-packages/airflow/example_dags/tutorial_objectstorage.py took 0.082 seconds
[2024-03-12T09:34:07.039+0000] {processor.py:161} INFO - Started process (PID=14663) to work on /usr/local/lib/python3.10/dist-packages/airflow/example_dags/tutorial_objectstorage.py
[2024-03-12T09:34:07.041+0000] {processor.py:830} INFO - Processing file /usr/local/lib/python3.10/dist-packages/airflow/example_dags/tutorial_objectstorage.py for tasks to queue
[2024-03-12T09:34:07.042+0000] {logging_mixin.py:188} INFO - [2024-03-12T09:34:07.041+0000] {dagbag.py:540} INFO - Filling up the DagBag from /usr/local/lib/python3.10/dist-packages/airflow/example_dags/tutorial_objectstorage.py
[2024-03-12T09:34:07.053+0000] {processor.py:840} INFO - DAG(s) 'tutorial_objectstorage' retrieved from /usr/local/lib/python3.10/dist-packages/airflow/example_dags/tutorial_objectstorage.py
[2024-03-12T09:34:07.077+0000] {logging_mixin.py:188} INFO - [2024-03-12T09:34:07.077+0000] {dag.py:3047} INFO - Sync 1 DAGs
[2024-03-12T09:34:07.093+0000] {logging_mixin.py:188} INFO - [2024-03-12T09:34:07.092+0000] {dag.py:3834} INFO - Setting next_dagrun for tutorial_objectstorage to None, run_after=None
[2024-03-12T09:34:07.129+0000] {processor.py:183} INFO - Processing /usr/local/lib/python3.10/dist-packages/airflow/example_dags/tutorial_objectstorage.py took 0.093 seconds
[2024-03-12T09:34:48.870+0000] {processor.py:161} INFO - Started process (PID=14704) to work on /usr/local/lib/python3.10/dist-packages/airflow/example_dags/tutorial_objectstorage.py
[2024-03-12T09:34:48.872+0000] {processor.py:830} INFO - Processing file /usr/local/lib/python3.10/dist-packages/airflow/example_dags/tutorial_objectstorage.py for tasks to queue
[2024-03-12T09:34:48.878+0000] {logging_mixin.py:188} INFO - [2024-03-12T09:34:48.873+0000] {dagbag.py:540} INFO - Filling up the DagBag from /usr/local/lib/python3.10/dist-packages/airflow/example_dags/tutorial_objectstorage.py
[2024-03-12T09:34:48.890+0000] {processor.py:840} INFO - DAG(s) 'tutorial_objectstorage' retrieved from /usr/local/lib/python3.10/dist-packages/airflow/example_dags/tutorial_objectstorage.py
[2024-03-12T09:34:48.911+0000] {logging_mixin.py:188} INFO - [2024-03-12T09:34:48.910+0000] {dag.py:3047} INFO - Sync 1 DAGs
[2024-03-12T09:34:48.932+0000] {logging_mixin.py:188} INFO - [2024-03-12T09:34:48.931+0000] {dag.py:3834} INFO - Setting next_dagrun for tutorial_objectstorage to None, run_after=None
[2024-03-12T09:34:48.958+0000] {processor.py:183} INFO - Processing /usr/local/lib/python3.10/dist-packages/airflow/example_dags/tutorial_objectstorage.py took 0.099 seconds
[2024-03-12T09:35:35.535+0000] {processor.py:161} INFO - Started process (PID=14748) to work on /usr/local/lib/python3.10/dist-packages/airflow/example_dags/tutorial_objectstorage.py
[2024-03-12T09:35:35.537+0000] {processor.py:830} INFO - Processing file /usr/local/lib/python3.10/dist-packages/airflow/example_dags/tutorial_objectstorage.py for tasks to queue
[2024-03-12T09:35:35.539+0000] {logging_mixin.py:188} INFO - [2024-03-12T09:35:35.538+0000] {dagbag.py:540} INFO - Filling up the DagBag from /usr/local/lib/python3.10/dist-packages/airflow/example_dags/tutorial_objectstorage.py
[2024-03-12T09:35:35.549+0000] {processor.py:840} INFO - DAG(s) 'tutorial_objectstorage' retrieved from /usr/local/lib/python3.10/dist-packages/airflow/example_dags/tutorial_objectstorage.py
[2024-03-12T09:35:35.573+0000] {logging_mixin.py:188} INFO - [2024-03-12T09:35:35.572+0000] {dag.py:3047} INFO - Sync 1 DAGs
[2024-03-12T09:35:35.590+0000] {logging_mixin.py:188} INFO - [2024-03-12T09:35:35.589+0000] {dag.py:3834} INFO - Setting next_dagrun for tutorial_objectstorage to None, run_after=None
[2024-03-12T09:35:35.627+0000] {processor.py:183} INFO - Processing /usr/local/lib/python3.10/dist-packages/airflow/example_dags/tutorial_objectstorage.py took 0.095 seconds
[2024-03-12T09:36:15.712+0000] {processor.py:161} INFO - Started process (PID=14787) to work on /usr/local/lib/python3.10/dist-packages/airflow/example_dags/tutorial_objectstorage.py
[2024-03-12T09:36:15.714+0000] {processor.py:830} INFO - Processing file /usr/local/lib/python3.10/dist-packages/airflow/example_dags/tutorial_objectstorage.py for tasks to queue
[2024-03-12T09:36:15.715+0000] {logging_mixin.py:188} INFO - [2024-03-12T09:36:15.715+0000] {dagbag.py:540} INFO - Filling up the DagBag from /usr/local/lib/python3.10/dist-packages/airflow/example_dags/tutorial_objectstorage.py
[2024-03-12T09:36:15.732+0000] {processor.py:840} INFO - DAG(s) 'tutorial_objectstorage' retrieved from /usr/local/lib/python3.10/dist-packages/airflow/example_dags/tutorial_objectstorage.py
[2024-03-12T09:36:15.771+0000] {logging_mixin.py:188} INFO - [2024-03-12T09:36:15.771+0000] {dag.py:3047} INFO - Sync 1 DAGs
[2024-03-12T09:36:15.789+0000] {logging_mixin.py:188} INFO - [2024-03-12T09:36:15.789+0000] {dag.py:3834} INFO - Setting next_dagrun for tutorial_objectstorage to None, run_after=None
[2024-03-12T09:36:15.820+0000] {processor.py:183} INFO - Processing /usr/local/lib/python3.10/dist-packages/airflow/example_dags/tutorial_objectstorage.py took 0.119 seconds
[2024-03-12T09:36:57.236+0000] {processor.py:161} INFO - Started process (PID=14827) to work on /usr/local/lib/python3.10/dist-packages/airflow/example_dags/tutorial_objectstorage.py
[2024-03-12T09:36:57.241+0000] {processor.py:830} INFO - Processing file /usr/local/lib/python3.10/dist-packages/airflow/example_dags/tutorial_objectstorage.py for tasks to queue
[2024-03-12T09:36:57.250+0000] {logging_mixin.py:188} INFO - [2024-03-12T09:36:57.247+0000] {dagbag.py:540} INFO - Filling up the DagBag from /usr/local/lib/python3.10/dist-packages/airflow/example_dags/tutorial_objectstorage.py
[2024-03-12T09:36:57.263+0000] {processor.py:840} INFO - DAG(s) 'tutorial_objectstorage' retrieved from /usr/local/lib/python3.10/dist-packages/airflow/example_dags/tutorial_objectstorage.py
[2024-03-12T09:36:57.281+0000] {logging_mixin.py:188} INFO - [2024-03-12T09:36:57.280+0000] {dag.py:3047} INFO - Sync 1 DAGs
[2024-03-12T09:36:57.298+0000] {logging_mixin.py:188} INFO - [2024-03-12T09:36:57.298+0000] {dag.py:3834} INFO - Setting next_dagrun for tutorial_objectstorage to None, run_after=None
[2024-03-12T09:36:57.324+0000] {processor.py:183} INFO - Processing /usr/local/lib/python3.10/dist-packages/airflow/example_dags/tutorial_objectstorage.py took 0.094 seconds
[2024-03-12T09:37:39.352+0000] {processor.py:161} INFO - Started process (PID=14868) to work on /usr/local/lib/python3.10/dist-packages/airflow/example_dags/tutorial_objectstorage.py
[2024-03-12T09:37:39.354+0000] {processor.py:830} INFO - Processing file /usr/local/lib/python3.10/dist-packages/airflow/example_dags/tutorial_objectstorage.py for tasks to queue
[2024-03-12T09:37:39.356+0000] {logging_mixin.py:188} INFO - [2024-03-12T09:37:39.355+0000] {dagbag.py:540} INFO - Filling up the DagBag from /usr/local/lib/python3.10/dist-packages/airflow/example_dags/tutorial_objectstorage.py
[2024-03-12T09:37:39.367+0000] {processor.py:840} INFO - DAG(s) 'tutorial_objectstorage' retrieved from /usr/local/lib/python3.10/dist-packages/airflow/example_dags/tutorial_objectstorage.py
[2024-03-12T09:37:39.384+0000] {logging_mixin.py:188} INFO - [2024-03-12T09:37:39.384+0000] {dag.py:3047} INFO - Sync 1 DAGs
[2024-03-12T09:37:39.398+0000] {logging_mixin.py:188} INFO - [2024-03-12T09:37:39.397+0000] {dag.py:3834} INFO - Setting next_dagrun for tutorial_objectstorage to None, run_after=None
[2024-03-12T09:37:39.425+0000] {processor.py:183} INFO - Processing /usr/local/lib/python3.10/dist-packages/airflow/example_dags/tutorial_objectstorage.py took 0.077 seconds
[2024-03-12T09:38:21.038+0000] {processor.py:161} INFO - Started process (PID=14909) to work on /usr/local/lib/python3.10/dist-packages/airflow/example_dags/tutorial_objectstorage.py
[2024-03-12T09:38:21.039+0000] {processor.py:830} INFO - Processing file /usr/local/lib/python3.10/dist-packages/airflow/example_dags/tutorial_objectstorage.py for tasks to queue
[2024-03-12T09:38:21.040+0000] {logging_mixin.py:188} INFO - [2024-03-12T09:38:21.040+0000] {dagbag.py:540} INFO - Filling up the DagBag from /usr/local/lib/python3.10/dist-packages/airflow/example_dags/tutorial_objectstorage.py
[2024-03-12T09:38:21.053+0000] {processor.py:840} INFO - DAG(s) 'tutorial_objectstorage' retrieved from /usr/local/lib/python3.10/dist-packages/airflow/example_dags/tutorial_objectstorage.py
[2024-03-12T09:38:21.075+0000] {logging_mixin.py:188} INFO - [2024-03-12T09:38:21.075+0000] {dag.py:3047} INFO - Sync 1 DAGs
[2024-03-12T09:38:21.092+0000] {logging_mixin.py:188} INFO - [2024-03-12T09:38:21.091+0000] {dag.py:3834} INFO - Setting next_dagrun for tutorial_objectstorage to None, run_after=None
[2024-03-12T09:38:21.128+0000] {processor.py:183} INFO - Processing /usr/local/lib/python3.10/dist-packages/airflow/example_dags/tutorial_objectstorage.py took 0.094 seconds
[2024-03-12T09:39:02.603+0000] {processor.py:161} INFO - Started process (PID=14949) to work on /usr/local/lib/python3.10/dist-packages/airflow/example_dags/tutorial_objectstorage.py
[2024-03-12T09:39:02.604+0000] {processor.py:830} INFO - Processing file /usr/local/lib/python3.10/dist-packages/airflow/example_dags/tutorial_objectstorage.py for tasks to queue
[2024-03-12T09:39:02.606+0000] {logging_mixin.py:188} INFO - [2024-03-12T09:39:02.605+0000] {dagbag.py:540} INFO - Filling up the DagBag from /usr/local/lib/python3.10/dist-packages/airflow/example_dags/tutorial_objectstorage.py
[2024-03-12T09:39:02.615+0000] {processor.py:840} INFO - DAG(s) 'tutorial_objectstorage' retrieved from /usr/local/lib/python3.10/dist-packages/airflow/example_dags/tutorial_objectstorage.py
[2024-03-12T09:39:02.643+0000] {logging_mixin.py:188} INFO - [2024-03-12T09:39:02.642+0000] {dag.py:3047} INFO - Sync 1 DAGs
[2024-03-12T09:39:02.656+0000] {logging_mixin.py:188} INFO - [2024-03-12T09:39:02.655+0000] {dag.py:3834} INFO - Setting next_dagrun for tutorial_objectstorage to None, run_after=None
[2024-03-12T09:39:02.688+0000] {processor.py:183} INFO - Processing /usr/local/lib/python3.10/dist-packages/airflow/example_dags/tutorial_objectstorage.py took 0.089 seconds
[2024-03-12T09:39:46.677+0000] {processor.py:161} INFO - Started process (PID=14991) to work on /usr/local/lib/python3.10/dist-packages/airflow/example_dags/tutorial_objectstorage.py
[2024-03-12T09:39:46.679+0000] {processor.py:830} INFO - Processing file /usr/local/lib/python3.10/dist-packages/airflow/example_dags/tutorial_objectstorage.py for tasks to queue
[2024-03-12T09:39:46.681+0000] {logging_mixin.py:188} INFO - [2024-03-12T09:39:46.680+0000] {dagbag.py:540} INFO - Filling up the DagBag from /usr/local/lib/python3.10/dist-packages/airflow/example_dags/tutorial_objectstorage.py
[2024-03-12T09:39:46.691+0000] {processor.py:840} INFO - DAG(s) 'tutorial_objectstorage' retrieved from /usr/local/lib/python3.10/dist-packages/airflow/example_dags/tutorial_objectstorage.py
[2024-03-12T09:39:46.712+0000] {logging_mixin.py:188} INFO - [2024-03-12T09:39:46.712+0000] {dag.py:3047} INFO - Sync 1 DAGs
[2024-03-12T09:39:46.729+0000] {logging_mixin.py:188} INFO - [2024-03-12T09:39:46.728+0000] {dag.py:3834} INFO - Setting next_dagrun for tutorial_objectstorage to None, run_after=None
[2024-03-12T09:39:46.765+0000] {processor.py:183} INFO - Processing /usr/local/lib/python3.10/dist-packages/airflow/example_dags/tutorial_objectstorage.py took 0.092 seconds
[2024-03-12T09:40:29.129+0000] {processor.py:161} INFO - Started process (PID=15032) to work on /usr/local/lib/python3.10/dist-packages/airflow/example_dags/tutorial_objectstorage.py
[2024-03-12T09:40:29.131+0000] {processor.py:830} INFO - Processing file /usr/local/lib/python3.10/dist-packages/airflow/example_dags/tutorial_objectstorage.py for tasks to queue
[2024-03-12T09:40:29.132+0000] {logging_mixin.py:188} INFO - [2024-03-12T09:40:29.131+0000] {dagbag.py:540} INFO - Filling up the DagBag from /usr/local/lib/python3.10/dist-packages/airflow/example_dags/tutorial_objectstorage.py
[2024-03-12T09:40:29.141+0000] {processor.py:840} INFO - DAG(s) 'tutorial_objectstorage' retrieved from /usr/local/lib/python3.10/dist-packages/airflow/example_dags/tutorial_objectstorage.py
[2024-03-12T09:40:29.160+0000] {logging_mixin.py:188} INFO - [2024-03-12T09:40:29.160+0000] {dag.py:3047} INFO - Sync 1 DAGs
[2024-03-12T09:40:29.175+0000] {logging_mixin.py:188} INFO - [2024-03-12T09:40:29.174+0000] {dag.py:3834} INFO - Setting next_dagrun for tutorial_objectstorage to None, run_after=None
[2024-03-12T09:40:29.205+0000] {processor.py:183} INFO - Processing /usr/local/lib/python3.10/dist-packages/airflow/example_dags/tutorial_objectstorage.py took 0.080 seconds
[2024-03-12T09:41:11.419+0000] {processor.py:161} INFO - Started process (PID=15074) to work on /usr/local/lib/python3.10/dist-packages/airflow/example_dags/tutorial_objectstorage.py
[2024-03-12T09:41:11.420+0000] {processor.py:830} INFO - Processing file /usr/local/lib/python3.10/dist-packages/airflow/example_dags/tutorial_objectstorage.py for tasks to queue
[2024-03-12T09:41:11.422+0000] {logging_mixin.py:188} INFO - [2024-03-12T09:41:11.421+0000] {dagbag.py:540} INFO - Filling up the DagBag from /usr/local/lib/python3.10/dist-packages/airflow/example_dags/tutorial_objectstorage.py
[2024-03-12T09:41:11.430+0000] {processor.py:840} INFO - DAG(s) 'tutorial_objectstorage' retrieved from /usr/local/lib/python3.10/dist-packages/airflow/example_dags/tutorial_objectstorage.py
[2024-03-12T09:41:11.453+0000] {logging_mixin.py:188} INFO - [2024-03-12T09:41:11.452+0000] {dag.py:3047} INFO - Sync 1 DAGs
[2024-03-12T09:41:11.468+0000] {logging_mixin.py:188} INFO - [2024-03-12T09:41:11.468+0000] {dag.py:3834} INFO - Setting next_dagrun for tutorial_objectstorage to None, run_after=None
[2024-03-12T09:41:11.502+0000] {processor.py:183} INFO - Processing /usr/local/lib/python3.10/dist-packages/airflow/example_dags/tutorial_objectstorage.py took 0.087 seconds
[2024-03-12T09:41:53.346+0000] {processor.py:161} INFO - Started process (PID=15114) to work on /usr/local/lib/python3.10/dist-packages/airflow/example_dags/tutorial_objectstorage.py
[2024-03-12T09:41:53.348+0000] {processor.py:830} INFO - Processing file /usr/local/lib/python3.10/dist-packages/airflow/example_dags/tutorial_objectstorage.py for tasks to queue
[2024-03-12T09:41:53.352+0000] {logging_mixin.py:188} INFO - [2024-03-12T09:41:53.348+0000] {dagbag.py:540} INFO - Filling up the DagBag from /usr/local/lib/python3.10/dist-packages/airflow/example_dags/tutorial_objectstorage.py
[2024-03-12T09:41:53.364+0000] {processor.py:840} INFO - DAG(s) 'tutorial_objectstorage' retrieved from /usr/local/lib/python3.10/dist-packages/airflow/example_dags/tutorial_objectstorage.py
[2024-03-12T09:41:53.405+0000] {logging_mixin.py:188} INFO - [2024-03-12T09:41:53.405+0000] {dag.py:3047} INFO - Sync 1 DAGs
[2024-03-12T09:41:53.422+0000] {logging_mixin.py:188} INFO - [2024-03-12T09:41:53.422+0000] {dag.py:3834} INFO - Setting next_dagrun for tutorial_objectstorage to None, run_after=None
[2024-03-12T09:41:53.450+0000] {processor.py:183} INFO - Processing /usr/local/lib/python3.10/dist-packages/airflow/example_dags/tutorial_objectstorage.py took 0.113 seconds
[2024-03-12T09:42:34.654+0000] {processor.py:161} INFO - Started process (PID=15157) to work on /usr/local/lib/python3.10/dist-packages/airflow/example_dags/tutorial_objectstorage.py
[2024-03-12T09:42:34.655+0000] {processor.py:830} INFO - Processing file /usr/local/lib/python3.10/dist-packages/airflow/example_dags/tutorial_objectstorage.py for tasks to queue
[2024-03-12T09:42:34.657+0000] {logging_mixin.py:188} INFO - [2024-03-12T09:42:34.656+0000] {dagbag.py:540} INFO - Filling up the DagBag from /usr/local/lib/python3.10/dist-packages/airflow/example_dags/tutorial_objectstorage.py
[2024-03-12T09:42:34.676+0000] {processor.py:840} INFO - DAG(s) 'tutorial_objectstorage' retrieved from /usr/local/lib/python3.10/dist-packages/airflow/example_dags/tutorial_objectstorage.py
[2024-03-12T09:42:34.696+0000] {logging_mixin.py:188} INFO - [2024-03-12T09:42:34.696+0000] {dag.py:3047} INFO - Sync 1 DAGs
[2024-03-12T09:42:34.718+0000] {logging_mixin.py:188} INFO - [2024-03-12T09:42:34.718+0000] {dag.py:3834} INFO - Setting next_dagrun for tutorial_objectstorage to None, run_after=None
[2024-03-12T09:42:34.773+0000] {processor.py:183} INFO - Processing /usr/local/lib/python3.10/dist-packages/airflow/example_dags/tutorial_objectstorage.py took 0.124 seconds
[2024-03-12T09:43:13.909+0000] {processor.py:161} INFO - Started process (PID=15266) to work on /usr/local/lib/python3.10/dist-packages/airflow/example_dags/tutorial_objectstorage.py
[2024-03-12T09:43:13.911+0000] {processor.py:830} INFO - Processing file /usr/local/lib/python3.10/dist-packages/airflow/example_dags/tutorial_objectstorage.py for tasks to queue
[2024-03-12T09:43:13.912+0000] {logging_mixin.py:188} INFO - [2024-03-12T09:43:13.911+0000] {dagbag.py:540} INFO - Filling up the DagBag from /usr/local/lib/python3.10/dist-packages/airflow/example_dags/tutorial_objectstorage.py
[2024-03-12T09:43:13.923+0000] {processor.py:840} INFO - DAG(s) 'tutorial_objectstorage' retrieved from /usr/local/lib/python3.10/dist-packages/airflow/example_dags/tutorial_objectstorage.py
[2024-03-12T09:43:13.949+0000] {logging_mixin.py:188} INFO - [2024-03-12T09:43:13.949+0000] {dag.py:3047} INFO - Sync 1 DAGs
[2024-03-12T09:43:13.975+0000] {logging_mixin.py:188} INFO - [2024-03-12T09:43:13.975+0000] {dag.py:3834} INFO - Setting next_dagrun for tutorial_objectstorage to None, run_after=None
[2024-03-12T09:43:14.007+0000] {processor.py:183} INFO - Processing /usr/local/lib/python3.10/dist-packages/airflow/example_dags/tutorial_objectstorage.py took 0.101 seconds
[2024-03-12T09:43:57.198+0000] {processor.py:161} INFO - Started process (PID=15312) to work on /usr/local/lib/python3.10/dist-packages/airflow/example_dags/tutorial_objectstorage.py
[2024-03-12T09:43:57.200+0000] {processor.py:830} INFO - Processing file /usr/local/lib/python3.10/dist-packages/airflow/example_dags/tutorial_objectstorage.py for tasks to queue
[2024-03-12T09:43:57.201+0000] {logging_mixin.py:188} INFO - [2024-03-12T09:43:57.200+0000] {dagbag.py:540} INFO - Filling up the DagBag from /usr/local/lib/python3.10/dist-packages/airflow/example_dags/tutorial_objectstorage.py
[2024-03-12T09:43:57.209+0000] {processor.py:840} INFO - DAG(s) 'tutorial_objectstorage' retrieved from /usr/local/lib/python3.10/dist-packages/airflow/example_dags/tutorial_objectstorage.py
[2024-03-12T09:43:57.226+0000] {logging_mixin.py:188} INFO - [2024-03-12T09:43:57.225+0000] {dag.py:3047} INFO - Sync 1 DAGs
[2024-03-12T09:43:57.241+0000] {logging_mixin.py:188} INFO - [2024-03-12T09:43:57.240+0000] {dag.py:3834} INFO - Setting next_dagrun for tutorial_objectstorage to None, run_after=None
[2024-03-12T09:43:57.281+0000] {processor.py:183} INFO - Processing /usr/local/lib/python3.10/dist-packages/airflow/example_dags/tutorial_objectstorage.py took 0.086 seconds
[2024-03-12T09:44:40.930+0000] {processor.py:161} INFO - Started process (PID=15366) to work on /usr/local/lib/python3.10/dist-packages/airflow/example_dags/tutorial_objectstorage.py
[2024-03-12T09:44:40.932+0000] {processor.py:830} INFO - Processing file /usr/local/lib/python3.10/dist-packages/airflow/example_dags/tutorial_objectstorage.py for tasks to queue
[2024-03-12T09:44:40.934+0000] {logging_mixin.py:188} INFO - [2024-03-12T09:44:40.933+0000] {dagbag.py:540} INFO - Filling up the DagBag from /usr/local/lib/python3.10/dist-packages/airflow/example_dags/tutorial_objectstorage.py
[2024-03-12T09:44:40.942+0000] {processor.py:840} INFO - DAG(s) 'tutorial_objectstorage' retrieved from /usr/local/lib/python3.10/dist-packages/airflow/example_dags/tutorial_objectstorage.py
[2024-03-12T09:44:40.961+0000] {logging_mixin.py:188} INFO - [2024-03-12T09:44:40.960+0000] {dag.py:3047} INFO - Sync 1 DAGs
[2024-03-12T09:44:40.973+0000] {logging_mixin.py:188} INFO - [2024-03-12T09:44:40.973+0000] {dag.py:3834} INFO - Setting next_dagrun for tutorial_objectstorage to None, run_after=None
[2024-03-12T09:44:41.001+0000] {processor.py:183} INFO - Processing /usr/local/lib/python3.10/dist-packages/airflow/example_dags/tutorial_objectstorage.py took 0.075 seconds
[2024-03-12T09:45:24.745+0000] {processor.py:161} INFO - Started process (PID=15408) to work on /usr/local/lib/python3.10/dist-packages/airflow/example_dags/tutorial_objectstorage.py
[2024-03-12T09:45:24.746+0000] {processor.py:830} INFO - Processing file /usr/local/lib/python3.10/dist-packages/airflow/example_dags/tutorial_objectstorage.py for tasks to queue
[2024-03-12T09:45:24.748+0000] {logging_mixin.py:188} INFO - [2024-03-12T09:45:24.747+0000] {dagbag.py:540} INFO - Filling up the DagBag from /usr/local/lib/python3.10/dist-packages/airflow/example_dags/tutorial_objectstorage.py
[2024-03-12T09:45:24.760+0000] {processor.py:840} INFO - DAG(s) 'tutorial_objectstorage' retrieved from /usr/local/lib/python3.10/dist-packages/airflow/example_dags/tutorial_objectstorage.py
[2024-03-12T09:45:24.779+0000] {logging_mixin.py:188} INFO - [2024-03-12T09:45:24.779+0000] {dag.py:3047} INFO - Sync 1 DAGs
[2024-03-12T09:45:24.793+0000] {logging_mixin.py:188} INFO - [2024-03-12T09:45:24.792+0000] {dag.py:3834} INFO - Setting next_dagrun for tutorial_objectstorage to None, run_after=None
[2024-03-12T09:45:24.823+0000] {processor.py:183} INFO - Processing /usr/local/lib/python3.10/dist-packages/airflow/example_dags/tutorial_objectstorage.py took 0.081 seconds
[2024-03-12T09:46:05.784+0000] {processor.py:161} INFO - Started process (PID=15448) to work on /usr/local/lib/python3.10/dist-packages/airflow/example_dags/tutorial_objectstorage.py
[2024-03-12T09:46:05.786+0000] {processor.py:830} INFO - Processing file /usr/local/lib/python3.10/dist-packages/airflow/example_dags/tutorial_objectstorage.py for tasks to queue
[2024-03-12T09:46:05.788+0000] {logging_mixin.py:188} INFO - [2024-03-12T09:46:05.787+0000] {dagbag.py:540} INFO - Filling up the DagBag from /usr/local/lib/python3.10/dist-packages/airflow/example_dags/tutorial_objectstorage.py
[2024-03-12T09:46:05.797+0000] {processor.py:840} INFO - DAG(s) 'tutorial_objectstorage' retrieved from /usr/local/lib/python3.10/dist-packages/airflow/example_dags/tutorial_objectstorage.py
[2024-03-12T09:46:05.817+0000] {logging_mixin.py:188} INFO - [2024-03-12T09:46:05.817+0000] {dag.py:3047} INFO - Sync 1 DAGs
[2024-03-12T09:46:05.831+0000] {logging_mixin.py:188} INFO - [2024-03-12T09:46:05.831+0000] {dag.py:3834} INFO - Setting next_dagrun for tutorial_objectstorage to None, run_after=None
[2024-03-12T09:46:05.863+0000] {processor.py:183} INFO - Processing /usr/local/lib/python3.10/dist-packages/airflow/example_dags/tutorial_objectstorage.py took 0.083 seconds
[2024-03-12T09:46:46.302+0000] {processor.py:161} INFO - Started process (PID=15489) to work on /usr/local/lib/python3.10/dist-packages/airflow/example_dags/tutorial_objectstorage.py
[2024-03-12T09:46:46.305+0000] {processor.py:830} INFO - Processing file /usr/local/lib/python3.10/dist-packages/airflow/example_dags/tutorial_objectstorage.py for tasks to queue
[2024-03-12T09:46:46.306+0000] {logging_mixin.py:188} INFO - [2024-03-12T09:46:46.306+0000] {dagbag.py:540} INFO - Filling up the DagBag from /usr/local/lib/python3.10/dist-packages/airflow/example_dags/tutorial_objectstorage.py
[2024-03-12T09:46:46.325+0000] {processor.py:840} INFO - DAG(s) 'tutorial_objectstorage' retrieved from /usr/local/lib/python3.10/dist-packages/airflow/example_dags/tutorial_objectstorage.py
[2024-03-12T09:46:46.344+0000] {logging_mixin.py:188} INFO - [2024-03-12T09:46:46.344+0000] {dag.py:3047} INFO - Sync 1 DAGs
[2024-03-12T09:46:46.357+0000] {logging_mixin.py:188} INFO - [2024-03-12T09:46:46.356+0000] {dag.py:3834} INFO - Setting next_dagrun for tutorial_objectstorage to None, run_after=None
[2024-03-12T09:46:46.382+0000] {processor.py:183} INFO - Processing /usr/local/lib/python3.10/dist-packages/airflow/example_dags/tutorial_objectstorage.py took 0.089 seconds
[2024-03-12T09:47:25.473+0000] {processor.py:161} INFO - Started process (PID=15526) to work on /usr/local/lib/python3.10/dist-packages/airflow/example_dags/tutorial_objectstorage.py
[2024-03-12T09:47:25.474+0000] {processor.py:830} INFO - Processing file /usr/local/lib/python3.10/dist-packages/airflow/example_dags/tutorial_objectstorage.py for tasks to queue
[2024-03-12T09:47:25.477+0000] {logging_mixin.py:188} INFO - [2024-03-12T09:47:25.476+0000] {dagbag.py:540} INFO - Filling up the DagBag from /usr/local/lib/python3.10/dist-packages/airflow/example_dags/tutorial_objectstorage.py
[2024-03-12T09:47:25.493+0000] {processor.py:840} INFO - DAG(s) 'tutorial_objectstorage' retrieved from /usr/local/lib/python3.10/dist-packages/airflow/example_dags/tutorial_objectstorage.py
[2024-03-12T09:47:25.529+0000] {logging_mixin.py:188} INFO - [2024-03-12T09:47:25.527+0000] {dag.py:3047} INFO - Sync 1 DAGs
[2024-03-12T09:47:25.554+0000] {logging_mixin.py:188} INFO - [2024-03-12T09:47:25.554+0000] {dag.py:3834} INFO - Setting next_dagrun for tutorial_objectstorage to None, run_after=None
[2024-03-12T09:47:25.596+0000] {processor.py:183} INFO - Processing /usr/local/lib/python3.10/dist-packages/airflow/example_dags/tutorial_objectstorage.py took 0.130 seconds
[2024-03-12T09:48:09.038+0000] {processor.py:161} INFO - Started process (PID=15570) to work on /usr/local/lib/python3.10/dist-packages/airflow/example_dags/tutorial_objectstorage.py
[2024-03-12T09:48:09.041+0000] {processor.py:830} INFO - Processing file /usr/local/lib/python3.10/dist-packages/airflow/example_dags/tutorial_objectstorage.py for tasks to queue
[2024-03-12T09:48:09.043+0000] {logging_mixin.py:188} INFO - [2024-03-12T09:48:09.042+0000] {dagbag.py:540} INFO - Filling up the DagBag from /usr/local/lib/python3.10/dist-packages/airflow/example_dags/tutorial_objectstorage.py
[2024-03-12T09:48:09.073+0000] {processor.py:840} INFO - DAG(s) 'tutorial_objectstorage' retrieved from /usr/local/lib/python3.10/dist-packages/airflow/example_dags/tutorial_objectstorage.py
[2024-03-12T09:48:09.109+0000] {logging_mixin.py:188} INFO - [2024-03-12T09:48:09.108+0000] {dag.py:3047} INFO - Sync 1 DAGs
[2024-03-12T09:48:09.132+0000] {logging_mixin.py:188} INFO - [2024-03-12T09:48:09.131+0000] {dag.py:3834} INFO - Setting next_dagrun for tutorial_objectstorage to None, run_after=None
[2024-03-12T09:48:09.176+0000] {processor.py:183} INFO - Processing /usr/local/lib/python3.10/dist-packages/airflow/example_dags/tutorial_objectstorage.py took 0.143 seconds
[2024-03-12T09:48:48.748+0000] {processor.py:161} INFO - Started process (PID=15613) to work on /usr/local/lib/python3.10/dist-packages/airflow/example_dags/tutorial_objectstorage.py
[2024-03-12T09:48:48.750+0000] {processor.py:830} INFO - Processing file /usr/local/lib/python3.10/dist-packages/airflow/example_dags/tutorial_objectstorage.py for tasks to queue
[2024-03-12T09:48:48.751+0000] {logging_mixin.py:188} INFO - [2024-03-12T09:48:48.751+0000] {dagbag.py:540} INFO - Filling up the DagBag from /usr/local/lib/python3.10/dist-packages/airflow/example_dags/tutorial_objectstorage.py
[2024-03-12T09:48:48.762+0000] {processor.py:840} INFO - DAG(s) 'tutorial_objectstorage' retrieved from /usr/local/lib/python3.10/dist-packages/airflow/example_dags/tutorial_objectstorage.py
[2024-03-12T09:48:48.782+0000] {logging_mixin.py:188} INFO - [2024-03-12T09:48:48.782+0000] {dag.py:3047} INFO - Sync 1 DAGs
[2024-03-12T09:48:48.795+0000] {logging_mixin.py:188} INFO - [2024-03-12T09:48:48.795+0000] {dag.py:3834} INFO - Setting next_dagrun for tutorial_objectstorage to None, run_after=None
[2024-03-12T09:48:48.822+0000] {processor.py:183} INFO - Processing /usr/local/lib/python3.10/dist-packages/airflow/example_dags/tutorial_objectstorage.py took 0.079 seconds
[2024-03-12T09:49:30.814+0000] {processor.py:161} INFO - Started process (PID=15654) to work on /usr/local/lib/python3.10/dist-packages/airflow/example_dags/tutorial_objectstorage.py
[2024-03-12T09:49:30.817+0000] {processor.py:830} INFO - Processing file /usr/local/lib/python3.10/dist-packages/airflow/example_dags/tutorial_objectstorage.py for tasks to queue
[2024-03-12T09:49:30.819+0000] {logging_mixin.py:188} INFO - [2024-03-12T09:49:30.818+0000] {dagbag.py:540} INFO - Filling up the DagBag from /usr/local/lib/python3.10/dist-packages/airflow/example_dags/tutorial_objectstorage.py
[2024-03-12T09:49:30.833+0000] {processor.py:840} INFO - DAG(s) 'tutorial_objectstorage' retrieved from /usr/local/lib/python3.10/dist-packages/airflow/example_dags/tutorial_objectstorage.py
[2024-03-12T09:49:30.858+0000] {logging_mixin.py:188} INFO - [2024-03-12T09:49:30.857+0000] {dag.py:3047} INFO - Sync 1 DAGs
[2024-03-12T09:49:30.873+0000] {logging_mixin.py:188} INFO - [2024-03-12T09:49:30.873+0000] {dag.py:3834} INFO - Setting next_dagrun for tutorial_objectstorage to None, run_after=None
[2024-03-12T09:49:30.912+0000] {processor.py:183} INFO - Processing /usr/local/lib/python3.10/dist-packages/airflow/example_dags/tutorial_objectstorage.py took 0.106 seconds
[2024-03-12T09:50:15.771+0000] {processor.py:161} INFO - Started process (PID=15696) to work on /usr/local/lib/python3.10/dist-packages/airflow/example_dags/tutorial_objectstorage.py
[2024-03-12T09:50:15.775+0000] {processor.py:830} INFO - Processing file /usr/local/lib/python3.10/dist-packages/airflow/example_dags/tutorial_objectstorage.py for tasks to queue
[2024-03-12T09:50:15.776+0000] {logging_mixin.py:188} INFO - [2024-03-12T09:50:15.775+0000] {dagbag.py:540} INFO - Filling up the DagBag from /usr/local/lib/python3.10/dist-packages/airflow/example_dags/tutorial_objectstorage.py
[2024-03-12T09:50:15.796+0000] {processor.py:840} INFO - DAG(s) 'tutorial_objectstorage' retrieved from /usr/local/lib/python3.10/dist-packages/airflow/example_dags/tutorial_objectstorage.py
[2024-03-12T09:50:15.837+0000] {logging_mixin.py:188} INFO - [2024-03-12T09:50:15.836+0000] {dag.py:3047} INFO - Sync 1 DAGs
[2024-03-12T09:50:15.852+0000] {logging_mixin.py:188} INFO - [2024-03-12T09:50:15.851+0000] {dag.py:3834} INFO - Setting next_dagrun for tutorial_objectstorage to None, run_after=None
[2024-03-12T09:50:15.879+0000] {processor.py:183} INFO - Processing /usr/local/lib/python3.10/dist-packages/airflow/example_dags/tutorial_objectstorage.py took 0.115 seconds
[2024-03-12T09:50:59.264+0000] {processor.py:161} INFO - Started process (PID=15738) to work on /usr/local/lib/python3.10/dist-packages/airflow/example_dags/tutorial_objectstorage.py
[2024-03-12T09:50:59.266+0000] {processor.py:830} INFO - Processing file /usr/local/lib/python3.10/dist-packages/airflow/example_dags/tutorial_objectstorage.py for tasks to queue
[2024-03-12T09:50:59.267+0000] {logging_mixin.py:188} INFO - [2024-03-12T09:50:59.267+0000] {dagbag.py:540} INFO - Filling up the DagBag from /usr/local/lib/python3.10/dist-packages/airflow/example_dags/tutorial_objectstorage.py
[2024-03-12T09:50:59.277+0000] {processor.py:840} INFO - DAG(s) 'tutorial_objectstorage' retrieved from /usr/local/lib/python3.10/dist-packages/airflow/example_dags/tutorial_objectstorage.py
[2024-03-12T09:50:59.311+0000] {logging_mixin.py:188} INFO - [2024-03-12T09:50:59.310+0000] {dag.py:3047} INFO - Sync 1 DAGs
[2024-03-12T09:50:59.328+0000] {logging_mixin.py:188} INFO - [2024-03-12T09:50:59.327+0000] {dag.py:3834} INFO - Setting next_dagrun for tutorial_objectstorage to None, run_after=None
[2024-03-12T09:50:59.368+0000] {processor.py:183} INFO - Processing /usr/local/lib/python3.10/dist-packages/airflow/example_dags/tutorial_objectstorage.py took 0.107 seconds
[2024-03-12T09:51:48.082+0000] {processor.py:161} INFO - Started process (PID=15783) to work on /usr/local/lib/python3.10/dist-packages/airflow/example_dags/tutorial_objectstorage.py
[2024-03-12T09:51:48.086+0000] {processor.py:830} INFO - Processing file /usr/local/lib/python3.10/dist-packages/airflow/example_dags/tutorial_objectstorage.py for tasks to queue
[2024-03-12T09:51:48.087+0000] {logging_mixin.py:188} INFO - [2024-03-12T09:51:48.087+0000] {dagbag.py:540} INFO - Filling up the DagBag from /usr/local/lib/python3.10/dist-packages/airflow/example_dags/tutorial_objectstorage.py
[2024-03-12T09:51:48.107+0000] {processor.py:840} INFO - DAG(s) 'tutorial_objectstorage' retrieved from /usr/local/lib/python3.10/dist-packages/airflow/example_dags/tutorial_objectstorage.py
[2024-03-12T09:51:48.143+0000] {logging_mixin.py:188} INFO - [2024-03-12T09:51:48.140+0000] {dag.py:3047} INFO - Sync 1 DAGs
[2024-03-12T09:51:48.158+0000] {logging_mixin.py:188} INFO - [2024-03-12T09:51:48.158+0000] {dag.py:3834} INFO - Setting next_dagrun for tutorial_objectstorage to None, run_after=None
[2024-03-12T09:51:48.189+0000] {processor.py:183} INFO - Processing /usr/local/lib/python3.10/dist-packages/airflow/example_dags/tutorial_objectstorage.py took 0.111 seconds
[2024-03-12T09:52:33.541+0000] {processor.py:161} INFO - Started process (PID=15829) to work on /usr/local/lib/python3.10/dist-packages/airflow/example_dags/tutorial_objectstorage.py
[2024-03-12T09:52:33.543+0000] {processor.py:830} INFO - Processing file /usr/local/lib/python3.10/dist-packages/airflow/example_dags/tutorial_objectstorage.py for tasks to queue
[2024-03-12T09:52:33.544+0000] {logging_mixin.py:188} INFO - [2024-03-12T09:52:33.544+0000] {dagbag.py:540} INFO - Filling up the DagBag from /usr/local/lib/python3.10/dist-packages/airflow/example_dags/tutorial_objectstorage.py
[2024-03-12T09:52:33.561+0000] {processor.py:840} INFO - DAG(s) 'tutorial_objectstorage' retrieved from /usr/local/lib/python3.10/dist-packages/airflow/example_dags/tutorial_objectstorage.py
[2024-03-12T09:52:33.581+0000] {logging_mixin.py:188} INFO - [2024-03-12T09:52:33.580+0000] {dag.py:3047} INFO - Sync 1 DAGs
[2024-03-12T09:52:33.603+0000] {logging_mixin.py:188} INFO - [2024-03-12T09:52:33.603+0000] {dag.py:3834} INFO - Setting next_dagrun for tutorial_objectstorage to None, run_after=None
[2024-03-12T09:52:33.673+0000] {processor.py:183} INFO - Processing /usr/local/lib/python3.10/dist-packages/airflow/example_dags/tutorial_objectstorage.py took 0.138 seconds
[2024-03-12T09:53:15.596+0000] {processor.py:161} INFO - Started process (PID=15870) to work on /usr/local/lib/python3.10/dist-packages/airflow/example_dags/tutorial_objectstorage.py
[2024-03-12T09:53:15.599+0000] {processor.py:830} INFO - Processing file /usr/local/lib/python3.10/dist-packages/airflow/example_dags/tutorial_objectstorage.py for tasks to queue
[2024-03-12T09:53:15.603+0000] {logging_mixin.py:188} INFO - [2024-03-12T09:53:15.600+0000] {dagbag.py:540} INFO - Filling up the DagBag from /usr/local/lib/python3.10/dist-packages/airflow/example_dags/tutorial_objectstorage.py
[2024-03-12T09:53:15.630+0000] {processor.py:840} INFO - DAG(s) 'tutorial_objectstorage' retrieved from /usr/local/lib/python3.10/dist-packages/airflow/example_dags/tutorial_objectstorage.py
[2024-03-12T09:53:15.664+0000] {logging_mixin.py:188} INFO - [2024-03-12T09:53:15.664+0000] {dag.py:3047} INFO - Sync 1 DAGs
[2024-03-12T09:53:15.678+0000] {logging_mixin.py:188} INFO - [2024-03-12T09:53:15.678+0000] {dag.py:3834} INFO - Setting next_dagrun for tutorial_objectstorage to None, run_after=None
[2024-03-12T09:53:15.705+0000] {processor.py:183} INFO - Processing /usr/local/lib/python3.10/dist-packages/airflow/example_dags/tutorial_objectstorage.py took 0.118 seconds
[2024-03-12T09:53:59.248+0000] {processor.py:161} INFO - Started process (PID=15911) to work on /usr/local/lib/python3.10/dist-packages/airflow/example_dags/tutorial_objectstorage.py
[2024-03-12T09:53:59.249+0000] {processor.py:830} INFO - Processing file /usr/local/lib/python3.10/dist-packages/airflow/example_dags/tutorial_objectstorage.py for tasks to queue
[2024-03-12T09:53:59.250+0000] {logging_mixin.py:188} INFO - [2024-03-12T09:53:59.250+0000] {dagbag.py:540} INFO - Filling up the DagBag from /usr/local/lib/python3.10/dist-packages/airflow/example_dags/tutorial_objectstorage.py
[2024-03-12T09:53:59.259+0000] {processor.py:840} INFO - DAG(s) 'tutorial_objectstorage' retrieved from /usr/local/lib/python3.10/dist-packages/airflow/example_dags/tutorial_objectstorage.py
[2024-03-12T09:53:59.276+0000] {logging_mixin.py:188} INFO - [2024-03-12T09:53:59.276+0000] {dag.py:3047} INFO - Sync 1 DAGs
[2024-03-12T09:53:59.288+0000] {logging_mixin.py:188} INFO - [2024-03-12T09:53:59.287+0000] {dag.py:3834} INFO - Setting next_dagrun for tutorial_objectstorage to None, run_after=None
[2024-03-12T09:53:59.312+0000] {processor.py:183} INFO - Processing /usr/local/lib/python3.10/dist-packages/airflow/example_dags/tutorial_objectstorage.py took 0.069 seconds
[2024-03-12T09:54:46.166+0000] {processor.py:161} INFO - Started process (PID=15958) to work on /usr/local/lib/python3.10/dist-packages/airflow/example_dags/tutorial_objectstorage.py
[2024-03-12T09:54:46.167+0000] {processor.py:830} INFO - Processing file /usr/local/lib/python3.10/dist-packages/airflow/example_dags/tutorial_objectstorage.py for tasks to queue
[2024-03-12T09:54:46.170+0000] {logging_mixin.py:188} INFO - [2024-03-12T09:54:46.169+0000] {dagbag.py:540} INFO - Filling up the DagBag from /usr/local/lib/python3.10/dist-packages/airflow/example_dags/tutorial_objectstorage.py
[2024-03-12T09:54:46.178+0000] {processor.py:840} INFO - DAG(s) 'tutorial_objectstorage' retrieved from /usr/local/lib/python3.10/dist-packages/airflow/example_dags/tutorial_objectstorage.py
[2024-03-12T09:54:46.197+0000] {logging_mixin.py:188} INFO - [2024-03-12T09:54:46.196+0000] {dag.py:3047} INFO - Sync 1 DAGs
[2024-03-12T09:54:46.209+0000] {logging_mixin.py:188} INFO - [2024-03-12T09:54:46.209+0000] {dag.py:3834} INFO - Setting next_dagrun for tutorial_objectstorage to None, run_after=None
[2024-03-12T09:54:46.254+0000] {processor.py:183} INFO - Processing /usr/local/lib/python3.10/dist-packages/airflow/example_dags/tutorial_objectstorage.py took 0.092 seconds
[2024-03-12T09:55:29.894+0000] {processor.py:161} INFO - Started process (PID=16001) to work on /usr/local/lib/python3.10/dist-packages/airflow/example_dags/tutorial_objectstorage.py
[2024-03-12T09:55:29.898+0000] {processor.py:830} INFO - Processing file /usr/local/lib/python3.10/dist-packages/airflow/example_dags/tutorial_objectstorage.py for tasks to queue
[2024-03-12T09:55:29.900+0000] {logging_mixin.py:188} INFO - [2024-03-12T09:55:29.898+0000] {dagbag.py:540} INFO - Filling up the DagBag from /usr/local/lib/python3.10/dist-packages/airflow/example_dags/tutorial_objectstorage.py
[2024-03-12T09:55:29.914+0000] {processor.py:840} INFO - DAG(s) 'tutorial_objectstorage' retrieved from /usr/local/lib/python3.10/dist-packages/airflow/example_dags/tutorial_objectstorage.py
[2024-03-12T09:55:29.956+0000] {logging_mixin.py:188} INFO - [2024-03-12T09:55:29.955+0000] {dag.py:3047} INFO - Sync 1 DAGs
[2024-03-12T09:55:29.985+0000] {logging_mixin.py:188} INFO - [2024-03-12T09:55:29.984+0000] {dag.py:3834} INFO - Setting next_dagrun for tutorial_objectstorage to None, run_after=None
[2024-03-12T09:55:30.037+0000] {processor.py:183} INFO - Processing /usr/local/lib/python3.10/dist-packages/airflow/example_dags/tutorial_objectstorage.py took 0.153 seconds
[2024-03-12T09:56:15.144+0000] {processor.py:161} INFO - Started process (PID=16045) to work on /usr/local/lib/python3.10/dist-packages/airflow/example_dags/tutorial_objectstorage.py
[2024-03-12T09:56:15.146+0000] {processor.py:830} INFO - Processing file /usr/local/lib/python3.10/dist-packages/airflow/example_dags/tutorial_objectstorage.py for tasks to queue
[2024-03-12T09:56:15.148+0000] {logging_mixin.py:188} INFO - [2024-03-12T09:56:15.147+0000] {dagbag.py:540} INFO - Filling up the DagBag from /usr/local/lib/python3.10/dist-packages/airflow/example_dags/tutorial_objectstorage.py
[2024-03-12T09:56:15.160+0000] {processor.py:840} INFO - DAG(s) 'tutorial_objectstorage' retrieved from /usr/local/lib/python3.10/dist-packages/airflow/example_dags/tutorial_objectstorage.py
[2024-03-12T09:56:15.177+0000] {logging_mixin.py:188} INFO - [2024-03-12T09:56:15.177+0000] {dag.py:3047} INFO - Sync 1 DAGs
[2024-03-12T09:56:15.189+0000] {logging_mixin.py:188} INFO - [2024-03-12T09:56:15.188+0000] {dag.py:3834} INFO - Setting next_dagrun for tutorial_objectstorage to None, run_after=None
[2024-03-12T09:56:15.218+0000] {processor.py:183} INFO - Processing /usr/local/lib/python3.10/dist-packages/airflow/example_dags/tutorial_objectstorage.py took 0.078 seconds
[2024-03-12T09:56:59.721+0000] {processor.py:161} INFO - Started process (PID=16087) to work on /usr/local/lib/python3.10/dist-packages/airflow/example_dags/tutorial_objectstorage.py
[2024-03-12T09:56:59.723+0000] {processor.py:830} INFO - Processing file /usr/local/lib/python3.10/dist-packages/airflow/example_dags/tutorial_objectstorage.py for tasks to queue
[2024-03-12T09:56:59.725+0000] {logging_mixin.py:188} INFO - [2024-03-12T09:56:59.725+0000] {dagbag.py:540} INFO - Filling up the DagBag from /usr/local/lib/python3.10/dist-packages/airflow/example_dags/tutorial_objectstorage.py
[2024-03-12T09:56:59.734+0000] {processor.py:840} INFO - DAG(s) 'tutorial_objectstorage' retrieved from /usr/local/lib/python3.10/dist-packages/airflow/example_dags/tutorial_objectstorage.py
[2024-03-12T09:56:59.760+0000] {logging_mixin.py:188} INFO - [2024-03-12T09:56:59.759+0000] {dag.py:3047} INFO - Sync 1 DAGs
[2024-03-12T09:56:59.772+0000] {logging_mixin.py:188} INFO - [2024-03-12T09:56:59.772+0000] {dag.py:3834} INFO - Setting next_dagrun for tutorial_objectstorage to None, run_after=None
[2024-03-12T09:56:59.809+0000] {processor.py:183} INFO - Processing /usr/local/lib/python3.10/dist-packages/airflow/example_dags/tutorial_objectstorage.py took 0.092 seconds
[2024-03-12T09:57:43.959+0000] {processor.py:161} INFO - Started process (PID=16129) to work on /usr/local/lib/python3.10/dist-packages/airflow/example_dags/tutorial_objectstorage.py
[2024-03-12T09:57:43.961+0000] {processor.py:830} INFO - Processing file /usr/local/lib/python3.10/dist-packages/airflow/example_dags/tutorial_objectstorage.py for tasks to queue
[2024-03-12T09:57:43.964+0000] {logging_mixin.py:188} INFO - [2024-03-12T09:57:43.962+0000] {dagbag.py:540} INFO - Filling up the DagBag from /usr/local/lib/python3.10/dist-packages/airflow/example_dags/tutorial_objectstorage.py
[2024-03-12T09:57:43.987+0000] {processor.py:840} INFO - DAG(s) 'tutorial_objectstorage' retrieved from /usr/local/lib/python3.10/dist-packages/airflow/example_dags/tutorial_objectstorage.py
[2024-03-12T09:57:44.026+0000] {logging_mixin.py:188} INFO - [2024-03-12T09:57:44.025+0000] {dag.py:3047} INFO - Sync 1 DAGs
[2024-03-12T09:57:44.042+0000] {logging_mixin.py:188} INFO - [2024-03-12T09:57:44.042+0000] {dag.py:3834} INFO - Setting next_dagrun for tutorial_objectstorage to None, run_after=None
[2024-03-12T09:57:44.085+0000] {processor.py:183} INFO - Processing /usr/local/lib/python3.10/dist-packages/airflow/example_dags/tutorial_objectstorage.py took 0.138 seconds
[2024-03-12T09:58:26.022+0000] {processor.py:161} INFO - Started process (PID=16182) to work on /usr/local/lib/python3.10/dist-packages/airflow/example_dags/tutorial_objectstorage.py
[2024-03-12T09:58:26.027+0000] {processor.py:830} INFO - Processing file /usr/local/lib/python3.10/dist-packages/airflow/example_dags/tutorial_objectstorage.py for tasks to queue
[2024-03-12T09:58:26.030+0000] {logging_mixin.py:188} INFO - [2024-03-12T09:58:26.029+0000] {dagbag.py:540} INFO - Filling up the DagBag from /usr/local/lib/python3.10/dist-packages/airflow/example_dags/tutorial_objectstorage.py
[2024-03-12T09:58:26.045+0000] {processor.py:840} INFO - DAG(s) 'tutorial_objectstorage' retrieved from /usr/local/lib/python3.10/dist-packages/airflow/example_dags/tutorial_objectstorage.py
[2024-03-12T09:58:26.062+0000] {logging_mixin.py:188} INFO - [2024-03-12T09:58:26.061+0000] {dag.py:3047} INFO - Sync 1 DAGs
[2024-03-12T09:58:26.077+0000] {logging_mixin.py:188} INFO - [2024-03-12T09:58:26.077+0000] {dag.py:3834} INFO - Setting next_dagrun for tutorial_objectstorage to None, run_after=None
[2024-03-12T09:58:26.105+0000] {processor.py:183} INFO - Processing /usr/local/lib/python3.10/dist-packages/airflow/example_dags/tutorial_objectstorage.py took 0.087 seconds
