[2024-03-12T09:19:18.330+0000] {processor.py:161} INFO - Started process (PID=13916) to work on /usr/local/lib/python3.10/dist-packages/airflow/example_dags/subdags/subdag.py
[2024-03-12T09:19:18.331+0000] {processor.py:830} INFO - Processing file /usr/local/lib/python3.10/dist-packages/airflow/example_dags/subdags/subdag.py for tasks to queue
[2024-03-12T09:19:18.332+0000] {logging_mixin.py:188} INFO - [2024-03-12T09:19:18.332+0000] {dagbag.py:540} INFO - Filling up the DagBag from /usr/local/lib/python3.10/dist-packages/airflow/example_dags/subdags/subdag.py
[2024-03-12T09:19:18.335+0000] {processor.py:842} WARNING - No viable dags retrieved from /usr/local/lib/python3.10/dist-packages/airflow/example_dags/subdags/subdag.py
[2024-03-12T09:19:18.350+0000] {processor.py:183} INFO - Processing /usr/local/lib/python3.10/dist-packages/airflow/example_dags/subdags/subdag.py took 0.026 seconds
[2024-03-12T09:22:13.073+0000] {processor.py:161} INFO - Started process (PID=13974) to work on /usr/local/lib/python3.10/dist-packages/airflow/example_dags/subdags/subdag.py
[2024-03-12T09:22:13.075+0000] {processor.py:830} INFO - Processing file /usr/local/lib/python3.10/dist-packages/airflow/example_dags/subdags/subdag.py for tasks to queue
[2024-03-12T09:22:13.077+0000] {logging_mixin.py:188} INFO - [2024-03-12T09:22:13.076+0000] {dagbag.py:540} INFO - Filling up the DagBag from /usr/local/lib/python3.10/dist-packages/airflow/example_dags/subdags/subdag.py
[2024-03-12T09:22:13.079+0000] {processor.py:842} WARNING - No viable dags retrieved from /usr/local/lib/python3.10/dist-packages/airflow/example_dags/subdags/subdag.py
[2024-03-12T09:22:13.096+0000] {processor.py:183} INFO - Processing /usr/local/lib/python3.10/dist-packages/airflow/example_dags/subdags/subdag.py took 0.027 seconds
[2024-03-12T09:23:12.044+0000] {processor.py:161} INFO - Started process (PID=14030) to work on /usr/local/lib/python3.10/dist-packages/airflow/example_dags/subdags/subdag.py
[2024-03-12T09:23:12.046+0000] {processor.py:830} INFO - Processing file /usr/local/lib/python3.10/dist-packages/airflow/example_dags/subdags/subdag.py for tasks to queue
[2024-03-12T09:23:12.047+0000] {logging_mixin.py:188} INFO - [2024-03-12T09:23:12.047+0000] {dagbag.py:540} INFO - Filling up the DagBag from /usr/local/lib/python3.10/dist-packages/airflow/example_dags/subdags/subdag.py
[2024-03-12T09:23:12.050+0000] {processor.py:842} WARNING - No viable dags retrieved from /usr/local/lib/python3.10/dist-packages/airflow/example_dags/subdags/subdag.py
[2024-03-12T09:23:12.072+0000] {processor.py:183} INFO - Processing /usr/local/lib/python3.10/dist-packages/airflow/example_dags/subdags/subdag.py took 0.032 seconds
[2024-03-12T09:23:44.632+0000] {processor.py:161} INFO - Started process (PID=14059) to work on /usr/local/lib/python3.10/dist-packages/airflow/example_dags/subdags/subdag.py
[2024-03-12T09:23:44.633+0000] {processor.py:830} INFO - Processing file /usr/local/lib/python3.10/dist-packages/airflow/example_dags/subdags/subdag.py for tasks to queue
[2024-03-12T09:23:44.635+0000] {logging_mixin.py:188} INFO - [2024-03-12T09:23:44.634+0000] {dagbag.py:540} INFO - Filling up the DagBag from /usr/local/lib/python3.10/dist-packages/airflow/example_dags/subdags/subdag.py
[2024-03-12T09:23:44.637+0000] {processor.py:842} WARNING - No viable dags retrieved from /usr/local/lib/python3.10/dist-packages/airflow/example_dags/subdags/subdag.py
[2024-03-12T09:23:44.651+0000] {processor.py:183} INFO - Processing /usr/local/lib/python3.10/dist-packages/airflow/example_dags/subdags/subdag.py took 0.023 seconds
[2024-03-12T09:24:32.188+0000] {processor.py:161} INFO - Started process (PID=14106) to work on /usr/local/lib/python3.10/dist-packages/airflow/example_dags/subdags/subdag.py
[2024-03-12T09:24:32.191+0000] {processor.py:830} INFO - Processing file /usr/local/lib/python3.10/dist-packages/airflow/example_dags/subdags/subdag.py for tasks to queue
[2024-03-12T09:24:32.194+0000] {logging_mixin.py:188} INFO - [2024-03-12T09:24:32.193+0000] {dagbag.py:540} INFO - Filling up the DagBag from /usr/local/lib/python3.10/dist-packages/airflow/example_dags/subdags/subdag.py
[2024-03-12T09:24:32.199+0000] {processor.py:842} WARNING - No viable dags retrieved from /usr/local/lib/python3.10/dist-packages/airflow/example_dags/subdags/subdag.py
[2024-03-12T09:24:32.222+0000] {processor.py:183} INFO - Processing /usr/local/lib/python3.10/dist-packages/airflow/example_dags/subdags/subdag.py took 0.038 seconds
[2024-03-12T09:25:23.677+0000] {processor.py:161} INFO - Started process (PID=14150) to work on /usr/local/lib/python3.10/dist-packages/airflow/example_dags/subdags/subdag.py
[2024-03-12T09:25:23.679+0000] {processor.py:830} INFO - Processing file /usr/local/lib/python3.10/dist-packages/airflow/example_dags/subdags/subdag.py for tasks to queue
[2024-03-12T09:25:23.681+0000] {logging_mixin.py:188} INFO - [2024-03-12T09:25:23.680+0000] {dagbag.py:540} INFO - Filling up the DagBag from /usr/local/lib/python3.10/dist-packages/airflow/example_dags/subdags/subdag.py
[2024-03-12T09:25:23.685+0000] {processor.py:842} WARNING - No viable dags retrieved from /usr/local/lib/python3.10/dist-packages/airflow/example_dags/subdags/subdag.py
[2024-03-12T09:25:23.701+0000] {processor.py:183} INFO - Processing /usr/local/lib/python3.10/dist-packages/airflow/example_dags/subdags/subdag.py took 0.031 seconds
[2024-03-12T09:26:08.745+0000] {processor.py:161} INFO - Started process (PID=14194) to work on /usr/local/lib/python3.10/dist-packages/airflow/example_dags/subdags/subdag.py
[2024-03-12T09:26:08.746+0000] {processor.py:830} INFO - Processing file /usr/local/lib/python3.10/dist-packages/airflow/example_dags/subdags/subdag.py for tasks to queue
[2024-03-12T09:26:08.748+0000] {logging_mixin.py:188} INFO - [2024-03-12T09:26:08.748+0000] {dagbag.py:540} INFO - Filling up the DagBag from /usr/local/lib/python3.10/dist-packages/airflow/example_dags/subdags/subdag.py
[2024-03-12T09:26:08.751+0000] {processor.py:842} WARNING - No viable dags retrieved from /usr/local/lib/python3.10/dist-packages/airflow/example_dags/subdags/subdag.py
[2024-03-12T09:26:08.764+0000] {processor.py:183} INFO - Processing /usr/local/lib/python3.10/dist-packages/airflow/example_dags/subdags/subdag.py took 0.023 seconds
[2024-03-12T09:26:45.928+0000] {processor.py:161} INFO - Started process (PID=14232) to work on /usr/local/lib/python3.10/dist-packages/airflow/example_dags/subdags/subdag.py
[2024-03-12T09:26:45.930+0000] {processor.py:830} INFO - Processing file /usr/local/lib/python3.10/dist-packages/airflow/example_dags/subdags/subdag.py for tasks to queue
[2024-03-12T09:26:45.931+0000] {logging_mixin.py:188} INFO - [2024-03-12T09:26:45.931+0000] {dagbag.py:540} INFO - Filling up the DagBag from /usr/local/lib/python3.10/dist-packages/airflow/example_dags/subdags/subdag.py
[2024-03-12T09:26:45.934+0000] {processor.py:842} WARNING - No viable dags retrieved from /usr/local/lib/python3.10/dist-packages/airflow/example_dags/subdags/subdag.py
[2024-03-12T09:26:45.950+0000] {processor.py:183} INFO - Processing /usr/local/lib/python3.10/dist-packages/airflow/example_dags/subdags/subdag.py took 0.025 seconds
[2024-03-12T09:27:29.243+0000] {processor.py:161} INFO - Started process (PID=14275) to work on /usr/local/lib/python3.10/dist-packages/airflow/example_dags/subdags/subdag.py
[2024-03-12T09:27:29.244+0000] {processor.py:830} INFO - Processing file /usr/local/lib/python3.10/dist-packages/airflow/example_dags/subdags/subdag.py for tasks to queue
[2024-03-12T09:27:29.246+0000] {logging_mixin.py:188} INFO - [2024-03-12T09:27:29.245+0000] {dagbag.py:540} INFO - Filling up the DagBag from /usr/local/lib/python3.10/dist-packages/airflow/example_dags/subdags/subdag.py
[2024-03-12T09:27:29.248+0000] {processor.py:842} WARNING - No viable dags retrieved from /usr/local/lib/python3.10/dist-packages/airflow/example_dags/subdags/subdag.py
[2024-03-12T09:27:29.259+0000] {processor.py:183} INFO - Processing /usr/local/lib/python3.10/dist-packages/airflow/example_dags/subdags/subdag.py took 0.020 seconds
[2024-03-12T09:28:10.938+0000] {processor.py:161} INFO - Started process (PID=14316) to work on /usr/local/lib/python3.10/dist-packages/airflow/example_dags/subdags/subdag.py
[2024-03-12T09:28:10.940+0000] {processor.py:830} INFO - Processing file /usr/local/lib/python3.10/dist-packages/airflow/example_dags/subdags/subdag.py for tasks to queue
[2024-03-12T09:28:10.941+0000] {logging_mixin.py:188} INFO - [2024-03-12T09:28:10.941+0000] {dagbag.py:540} INFO - Filling up the DagBag from /usr/local/lib/python3.10/dist-packages/airflow/example_dags/subdags/subdag.py
[2024-03-12T09:28:10.945+0000] {processor.py:842} WARNING - No viable dags retrieved from /usr/local/lib/python3.10/dist-packages/airflow/example_dags/subdags/subdag.py
[2024-03-12T09:28:10.962+0000] {processor.py:183} INFO - Processing /usr/local/lib/python3.10/dist-packages/airflow/example_dags/subdags/subdag.py took 0.028 seconds
[2024-03-12T09:28:49.184+0000] {processor.py:161} INFO - Started process (PID=14355) to work on /usr/local/lib/python3.10/dist-packages/airflow/example_dags/subdags/subdag.py
[2024-03-12T09:28:49.186+0000] {processor.py:830} INFO - Processing file /usr/local/lib/python3.10/dist-packages/airflow/example_dags/subdags/subdag.py for tasks to queue
[2024-03-12T09:28:49.187+0000] {logging_mixin.py:188} INFO - [2024-03-12T09:28:49.187+0000] {dagbag.py:540} INFO - Filling up the DagBag from /usr/local/lib/python3.10/dist-packages/airflow/example_dags/subdags/subdag.py
[2024-03-12T09:28:49.189+0000] {processor.py:842} WARNING - No viable dags retrieved from /usr/local/lib/python3.10/dist-packages/airflow/example_dags/subdags/subdag.py
[2024-03-12T09:28:49.202+0000] {processor.py:183} INFO - Processing /usr/local/lib/python3.10/dist-packages/airflow/example_dags/subdags/subdag.py took 0.023 seconds
[2024-03-12T09:29:30.100+0000] {processor.py:161} INFO - Started process (PID=14395) to work on /usr/local/lib/python3.10/dist-packages/airflow/example_dags/subdags/subdag.py
[2024-03-12T09:29:30.106+0000] {processor.py:830} INFO - Processing file /usr/local/lib/python3.10/dist-packages/airflow/example_dags/subdags/subdag.py for tasks to queue
[2024-03-12T09:29:30.107+0000] {logging_mixin.py:188} INFO - [2024-03-12T09:29:30.107+0000] {dagbag.py:540} INFO - Filling up the DagBag from /usr/local/lib/python3.10/dist-packages/airflow/example_dags/subdags/subdag.py
[2024-03-12T09:29:30.110+0000] {processor.py:842} WARNING - No viable dags retrieved from /usr/local/lib/python3.10/dist-packages/airflow/example_dags/subdags/subdag.py
[2024-03-12T09:29:30.128+0000] {processor.py:183} INFO - Processing /usr/local/lib/python3.10/dist-packages/airflow/example_dags/subdags/subdag.py took 0.031 seconds
[2024-03-12T09:30:10.344+0000] {processor.py:161} INFO - Started process (PID=14434) to work on /usr/local/lib/python3.10/dist-packages/airflow/example_dags/subdags/subdag.py
[2024-03-12T09:30:10.346+0000] {processor.py:830} INFO - Processing file /usr/local/lib/python3.10/dist-packages/airflow/example_dags/subdags/subdag.py for tasks to queue
[2024-03-12T09:30:10.348+0000] {logging_mixin.py:188} INFO - [2024-03-12T09:30:10.347+0000] {dagbag.py:540} INFO - Filling up the DagBag from /usr/local/lib/python3.10/dist-packages/airflow/example_dags/subdags/subdag.py
[2024-03-12T09:30:10.351+0000] {processor.py:842} WARNING - No viable dags retrieved from /usr/local/lib/python3.10/dist-packages/airflow/example_dags/subdags/subdag.py
[2024-03-12T09:30:10.373+0000] {processor.py:183} INFO - Processing /usr/local/lib/python3.10/dist-packages/airflow/example_dags/subdags/subdag.py took 0.033 seconds
[2024-03-12T09:30:51.278+0000] {processor.py:161} INFO - Started process (PID=14475) to work on /usr/local/lib/python3.10/dist-packages/airflow/example_dags/subdags/subdag.py
[2024-03-12T09:30:51.279+0000] {processor.py:830} INFO - Processing file /usr/local/lib/python3.10/dist-packages/airflow/example_dags/subdags/subdag.py for tasks to queue
[2024-03-12T09:30:51.281+0000] {logging_mixin.py:188} INFO - [2024-03-12T09:30:51.280+0000] {dagbag.py:540} INFO - Filling up the DagBag from /usr/local/lib/python3.10/dist-packages/airflow/example_dags/subdags/subdag.py
[2024-03-12T09:30:51.283+0000] {processor.py:842} WARNING - No viable dags retrieved from /usr/local/lib/python3.10/dist-packages/airflow/example_dags/subdags/subdag.py
[2024-03-12T09:30:51.300+0000] {processor.py:183} INFO - Processing /usr/local/lib/python3.10/dist-packages/airflow/example_dags/subdags/subdag.py took 0.026 seconds
[2024-03-12T09:31:34.152+0000] {processor.py:161} INFO - Started process (PID=14515) to work on /usr/local/lib/python3.10/dist-packages/airflow/example_dags/subdags/subdag.py
[2024-03-12T09:31:34.156+0000] {processor.py:830} INFO - Processing file /usr/local/lib/python3.10/dist-packages/airflow/example_dags/subdags/subdag.py for tasks to queue
[2024-03-12T09:31:34.157+0000] {logging_mixin.py:188} INFO - [2024-03-12T09:31:34.157+0000] {dagbag.py:540} INFO - Filling up the DagBag from /usr/local/lib/python3.10/dist-packages/airflow/example_dags/subdags/subdag.py
[2024-03-12T09:31:34.167+0000] {processor.py:842} WARNING - No viable dags retrieved from /usr/local/lib/python3.10/dist-packages/airflow/example_dags/subdags/subdag.py
[2024-03-12T09:31:34.187+0000] {processor.py:183} INFO - Processing /usr/local/lib/python3.10/dist-packages/airflow/example_dags/subdags/subdag.py took 0.047 seconds
[2024-03-12T09:32:16.139+0000] {processor.py:161} INFO - Started process (PID=14556) to work on /usr/local/lib/python3.10/dist-packages/airflow/example_dags/subdags/subdag.py
[2024-03-12T09:32:16.154+0000] {processor.py:830} INFO - Processing file /usr/local/lib/python3.10/dist-packages/airflow/example_dags/subdags/subdag.py for tasks to queue
[2024-03-12T09:32:16.156+0000] {logging_mixin.py:188} INFO - [2024-03-12T09:32:16.156+0000] {dagbag.py:540} INFO - Filling up the DagBag from /usr/local/lib/python3.10/dist-packages/airflow/example_dags/subdags/subdag.py
[2024-03-12T09:32:16.163+0000] {processor.py:842} WARNING - No viable dags retrieved from /usr/local/lib/python3.10/dist-packages/airflow/example_dags/subdags/subdag.py
[2024-03-12T09:32:16.181+0000] {processor.py:183} INFO - Processing /usr/local/lib/python3.10/dist-packages/airflow/example_dags/subdags/subdag.py took 0.048 seconds
[2024-03-12T09:33:00.814+0000] {processor.py:161} INFO - Started process (PID=14599) to work on /usr/local/lib/python3.10/dist-packages/airflow/example_dags/subdags/subdag.py
[2024-03-12T09:33:00.816+0000] {processor.py:830} INFO - Processing file /usr/local/lib/python3.10/dist-packages/airflow/example_dags/subdags/subdag.py for tasks to queue
[2024-03-12T09:33:00.818+0000] {logging_mixin.py:188} INFO - [2024-03-12T09:33:00.817+0000] {dagbag.py:540} INFO - Filling up the DagBag from /usr/local/lib/python3.10/dist-packages/airflow/example_dags/subdags/subdag.py
[2024-03-12T09:33:00.822+0000] {processor.py:842} WARNING - No viable dags retrieved from /usr/local/lib/python3.10/dist-packages/airflow/example_dags/subdags/subdag.py
[2024-03-12T09:33:00.838+0000] {processor.py:183} INFO - Processing /usr/local/lib/python3.10/dist-packages/airflow/example_dags/subdags/subdag.py took 0.027 seconds
[2024-03-12T09:33:45.200+0000] {processor.py:161} INFO - Started process (PID=14642) to work on /usr/local/lib/python3.10/dist-packages/airflow/example_dags/subdags/subdag.py
[2024-03-12T09:33:45.203+0000] {processor.py:830} INFO - Processing file /usr/local/lib/python3.10/dist-packages/airflow/example_dags/subdags/subdag.py for tasks to queue
[2024-03-12T09:33:45.204+0000] {logging_mixin.py:188} INFO - [2024-03-12T09:33:45.204+0000] {dagbag.py:540} INFO - Filling up the DagBag from /usr/local/lib/python3.10/dist-packages/airflow/example_dags/subdags/subdag.py
[2024-03-12T09:33:45.220+0000] {processor.py:842} WARNING - No viable dags retrieved from /usr/local/lib/python3.10/dist-packages/airflow/example_dags/subdags/subdag.py
[2024-03-12T09:33:45.247+0000] {processor.py:183} INFO - Processing /usr/local/lib/python3.10/dist-packages/airflow/example_dags/subdags/subdag.py took 0.055 seconds
[2024-03-12T09:34:26.806+0000] {processor.py:161} INFO - Started process (PID=14683) to work on /usr/local/lib/python3.10/dist-packages/airflow/example_dags/subdags/subdag.py
[2024-03-12T09:34:26.808+0000] {processor.py:830} INFO - Processing file /usr/local/lib/python3.10/dist-packages/airflow/example_dags/subdags/subdag.py for tasks to queue
[2024-03-12T09:34:26.809+0000] {logging_mixin.py:188} INFO - [2024-03-12T09:34:26.809+0000] {dagbag.py:540} INFO - Filling up the DagBag from /usr/local/lib/python3.10/dist-packages/airflow/example_dags/subdags/subdag.py
[2024-03-12T09:34:26.813+0000] {processor.py:842} WARNING - No viable dags retrieved from /usr/local/lib/python3.10/dist-packages/airflow/example_dags/subdags/subdag.py
[2024-03-12T09:34:26.828+0000] {processor.py:183} INFO - Processing /usr/local/lib/python3.10/dist-packages/airflow/example_dags/subdags/subdag.py took 0.025 seconds
[2024-03-12T09:35:12.036+0000] {processor.py:161} INFO - Started process (PID=14724) to work on /usr/local/lib/python3.10/dist-packages/airflow/example_dags/subdags/subdag.py
[2024-03-12T09:35:12.039+0000] {processor.py:830} INFO - Processing file /usr/local/lib/python3.10/dist-packages/airflow/example_dags/subdags/subdag.py for tasks to queue
[2024-03-12T09:35:12.040+0000] {logging_mixin.py:188} INFO - [2024-03-12T09:35:12.040+0000] {dagbag.py:540} INFO - Filling up the DagBag from /usr/local/lib/python3.10/dist-packages/airflow/example_dags/subdags/subdag.py
[2024-03-12T09:35:12.044+0000] {processor.py:842} WARNING - No viable dags retrieved from /usr/local/lib/python3.10/dist-packages/airflow/example_dags/subdags/subdag.py
[2024-03-12T09:35:12.057+0000] {processor.py:183} INFO - Processing /usr/local/lib/python3.10/dist-packages/airflow/example_dags/subdags/subdag.py took 0.026 seconds
[2024-03-12T09:35:55.196+0000] {processor.py:161} INFO - Started process (PID=14768) to work on /usr/local/lib/python3.10/dist-packages/airflow/example_dags/subdags/subdag.py
[2024-03-12T09:35:55.197+0000] {processor.py:830} INFO - Processing file /usr/local/lib/python3.10/dist-packages/airflow/example_dags/subdags/subdag.py for tasks to queue
[2024-03-12T09:35:55.199+0000] {logging_mixin.py:188} INFO - [2024-03-12T09:35:55.198+0000] {dagbag.py:540} INFO - Filling up the DagBag from /usr/local/lib/python3.10/dist-packages/airflow/example_dags/subdags/subdag.py
[2024-03-12T09:35:55.202+0000] {processor.py:842} WARNING - No viable dags retrieved from /usr/local/lib/python3.10/dist-packages/airflow/example_dags/subdags/subdag.py
[2024-03-12T09:35:55.225+0000] {processor.py:183} INFO - Processing /usr/local/lib/python3.10/dist-packages/airflow/example_dags/subdags/subdag.py took 0.035 seconds
[2024-03-12T09:36:36.468+0000] {processor.py:161} INFO - Started process (PID=14808) to work on /usr/local/lib/python3.10/dist-packages/airflow/example_dags/subdags/subdag.py
[2024-03-12T09:36:36.470+0000] {processor.py:830} INFO - Processing file /usr/local/lib/python3.10/dist-packages/airflow/example_dags/subdags/subdag.py for tasks to queue
[2024-03-12T09:36:36.471+0000] {logging_mixin.py:188} INFO - [2024-03-12T09:36:36.471+0000] {dagbag.py:540} INFO - Filling up the DagBag from /usr/local/lib/python3.10/dist-packages/airflow/example_dags/subdags/subdag.py
[2024-03-12T09:36:36.473+0000] {processor.py:842} WARNING - No viable dags retrieved from /usr/local/lib/python3.10/dist-packages/airflow/example_dags/subdags/subdag.py
[2024-03-12T09:36:36.490+0000] {processor.py:183} INFO - Processing /usr/local/lib/python3.10/dist-packages/airflow/example_dags/subdags/subdag.py took 0.025 seconds
[2024-03-12T09:37:18.364+0000] {processor.py:161} INFO - Started process (PID=14848) to work on /usr/local/lib/python3.10/dist-packages/airflow/example_dags/subdags/subdag.py
[2024-03-12T09:37:18.368+0000] {processor.py:830} INFO - Processing file /usr/local/lib/python3.10/dist-packages/airflow/example_dags/subdags/subdag.py for tasks to queue
[2024-03-12T09:37:18.373+0000] {logging_mixin.py:188} INFO - [2024-03-12T09:37:18.371+0000] {dagbag.py:540} INFO - Filling up the DagBag from /usr/local/lib/python3.10/dist-packages/airflow/example_dags/subdags/subdag.py
[2024-03-12T09:37:18.377+0000] {processor.py:842} WARNING - No viable dags retrieved from /usr/local/lib/python3.10/dist-packages/airflow/example_dags/subdags/subdag.py
[2024-03-12T09:37:18.399+0000] {processor.py:183} INFO - Processing /usr/local/lib/python3.10/dist-packages/airflow/example_dags/subdags/subdag.py took 0.049 seconds
[2024-03-12T09:37:59.475+0000] {processor.py:161} INFO - Started process (PID=14889) to work on /usr/local/lib/python3.10/dist-packages/airflow/example_dags/subdags/subdag.py
[2024-03-12T09:37:59.477+0000] {processor.py:830} INFO - Processing file /usr/local/lib/python3.10/dist-packages/airflow/example_dags/subdags/subdag.py for tasks to queue
[2024-03-12T09:37:59.478+0000] {logging_mixin.py:188} INFO - [2024-03-12T09:37:59.478+0000] {dagbag.py:540} INFO - Filling up the DagBag from /usr/local/lib/python3.10/dist-packages/airflow/example_dags/subdags/subdag.py
[2024-03-12T09:37:59.481+0000] {processor.py:842} WARNING - No viable dags retrieved from /usr/local/lib/python3.10/dist-packages/airflow/example_dags/subdags/subdag.py
[2024-03-12T09:37:59.493+0000] {processor.py:183} INFO - Processing /usr/local/lib/python3.10/dist-packages/airflow/example_dags/subdags/subdag.py took 0.022 seconds
[2024-03-12T09:38:42.025+0000] {processor.py:161} INFO - Started process (PID=14930) to work on /usr/local/lib/python3.10/dist-packages/airflow/example_dags/subdags/subdag.py
[2024-03-12T09:38:42.028+0000] {processor.py:830} INFO - Processing file /usr/local/lib/python3.10/dist-packages/airflow/example_dags/subdags/subdag.py for tasks to queue
[2024-03-12T09:38:42.030+0000] {logging_mixin.py:188} INFO - [2024-03-12T09:38:42.029+0000] {dagbag.py:540} INFO - Filling up the DagBag from /usr/local/lib/python3.10/dist-packages/airflow/example_dags/subdags/subdag.py
[2024-03-12T09:38:42.036+0000] {processor.py:842} WARNING - No viable dags retrieved from /usr/local/lib/python3.10/dist-packages/airflow/example_dags/subdags/subdag.py
[2024-03-12T09:38:42.058+0000] {processor.py:183} INFO - Processing /usr/local/lib/python3.10/dist-packages/airflow/example_dags/subdags/subdag.py took 0.038 seconds
[2024-03-12T09:39:24.673+0000] {processor.py:161} INFO - Started process (PID=14970) to work on /usr/local/lib/python3.10/dist-packages/airflow/example_dags/subdags/subdag.py
[2024-03-12T09:39:24.675+0000] {processor.py:830} INFO - Processing file /usr/local/lib/python3.10/dist-packages/airflow/example_dags/subdags/subdag.py for tasks to queue
[2024-03-12T09:39:24.676+0000] {logging_mixin.py:188} INFO - [2024-03-12T09:39:24.675+0000] {dagbag.py:540} INFO - Filling up the DagBag from /usr/local/lib/python3.10/dist-packages/airflow/example_dags/subdags/subdag.py
[2024-03-12T09:39:24.678+0000] {processor.py:842} WARNING - No viable dags retrieved from /usr/local/lib/python3.10/dist-packages/airflow/example_dags/subdags/subdag.py
[2024-03-12T09:39:24.691+0000] {processor.py:183} INFO - Processing /usr/local/lib/python3.10/dist-packages/airflow/example_dags/subdags/subdag.py took 0.027 seconds
[2024-03-12T09:40:08.012+0000] {processor.py:161} INFO - Started process (PID=15011) to work on /usr/local/lib/python3.10/dist-packages/airflow/example_dags/subdags/subdag.py
[2024-03-12T09:40:08.015+0000] {processor.py:830} INFO - Processing file /usr/local/lib/python3.10/dist-packages/airflow/example_dags/subdags/subdag.py for tasks to queue
[2024-03-12T09:40:08.019+0000] {logging_mixin.py:188} INFO - [2024-03-12T09:40:08.017+0000] {dagbag.py:540} INFO - Filling up the DagBag from /usr/local/lib/python3.10/dist-packages/airflow/example_dags/subdags/subdag.py
[2024-03-12T09:40:08.027+0000] {processor.py:842} WARNING - No viable dags retrieved from /usr/local/lib/python3.10/dist-packages/airflow/example_dags/subdags/subdag.py
[2024-03-12T09:40:08.063+0000] {processor.py:183} INFO - Processing /usr/local/lib/python3.10/dist-packages/airflow/example_dags/subdags/subdag.py took 0.059 seconds
[2024-03-12T09:40:52.251+0000] {processor.py:161} INFO - Started process (PID=15054) to work on /usr/local/lib/python3.10/dist-packages/airflow/example_dags/subdags/subdag.py
[2024-03-12T09:40:52.253+0000] {processor.py:830} INFO - Processing file /usr/local/lib/python3.10/dist-packages/airflow/example_dags/subdags/subdag.py for tasks to queue
[2024-03-12T09:40:52.255+0000] {logging_mixin.py:188} INFO - [2024-03-12T09:40:52.254+0000] {dagbag.py:540} INFO - Filling up the DagBag from /usr/local/lib/python3.10/dist-packages/airflow/example_dags/subdags/subdag.py
[2024-03-12T09:40:52.259+0000] {processor.py:842} WARNING - No viable dags retrieved from /usr/local/lib/python3.10/dist-packages/airflow/example_dags/subdags/subdag.py
[2024-03-12T09:40:52.275+0000] {processor.py:183} INFO - Processing /usr/local/lib/python3.10/dist-packages/airflow/example_dags/subdags/subdag.py took 0.031 seconds
[2024-03-12T09:41:31.804+0000] {processor.py:161} INFO - Started process (PID=15094) to work on /usr/local/lib/python3.10/dist-packages/airflow/example_dags/subdags/subdag.py
[2024-03-12T09:41:31.806+0000] {processor.py:830} INFO - Processing file /usr/local/lib/python3.10/dist-packages/airflow/example_dags/subdags/subdag.py for tasks to queue
[2024-03-12T09:41:31.812+0000] {logging_mixin.py:188} INFO - [2024-03-12T09:41:31.809+0000] {dagbag.py:540} INFO - Filling up the DagBag from /usr/local/lib/python3.10/dist-packages/airflow/example_dags/subdags/subdag.py
[2024-03-12T09:41:31.820+0000] {processor.py:842} WARNING - No viable dags retrieved from /usr/local/lib/python3.10/dist-packages/airflow/example_dags/subdags/subdag.py
[2024-03-12T09:41:31.842+0000] {processor.py:183} INFO - Processing /usr/local/lib/python3.10/dist-packages/airflow/example_dags/subdags/subdag.py took 0.044 seconds
[2024-03-12T09:42:15.014+0000] {processor.py:161} INFO - Started process (PID=15135) to work on /usr/local/lib/python3.10/dist-packages/airflow/example_dags/subdags/subdag.py
[2024-03-12T09:42:15.017+0000] {processor.py:830} INFO - Processing file /usr/local/lib/python3.10/dist-packages/airflow/example_dags/subdags/subdag.py for tasks to queue
[2024-03-12T09:42:15.019+0000] {logging_mixin.py:188} INFO - [2024-03-12T09:42:15.018+0000] {dagbag.py:540} INFO - Filling up the DagBag from /usr/local/lib/python3.10/dist-packages/airflow/example_dags/subdags/subdag.py
[2024-03-12T09:42:15.027+0000] {processor.py:842} WARNING - No viable dags retrieved from /usr/local/lib/python3.10/dist-packages/airflow/example_dags/subdags/subdag.py
[2024-03-12T09:42:15.043+0000] {processor.py:183} INFO - Processing /usr/local/lib/python3.10/dist-packages/airflow/example_dags/subdags/subdag.py took 0.033 seconds
[2024-03-12T09:42:54.386+0000] {processor.py:161} INFO - Started process (PID=15247) to work on /usr/local/lib/python3.10/dist-packages/airflow/example_dags/subdags/subdag.py
[2024-03-12T09:42:54.390+0000] {processor.py:830} INFO - Processing file /usr/local/lib/python3.10/dist-packages/airflow/example_dags/subdags/subdag.py for tasks to queue
[2024-03-12T09:42:54.396+0000] {logging_mixin.py:188} INFO - [2024-03-12T09:42:54.396+0000] {dagbag.py:540} INFO - Filling up the DagBag from /usr/local/lib/python3.10/dist-packages/airflow/example_dags/subdags/subdag.py
[2024-03-12T09:42:54.407+0000] {processor.py:842} WARNING - No viable dags retrieved from /usr/local/lib/python3.10/dist-packages/airflow/example_dags/subdags/subdag.py
[2024-03-12T09:42:54.441+0000] {processor.py:183} INFO - Processing /usr/local/lib/python3.10/dist-packages/airflow/example_dags/subdags/subdag.py took 0.060 seconds
[2024-03-12T09:43:33.900+0000] {processor.py:161} INFO - Started process (PID=15288) to work on /usr/local/lib/python3.10/dist-packages/airflow/example_dags/subdags/subdag.py
[2024-03-12T09:43:33.901+0000] {processor.py:830} INFO - Processing file /usr/local/lib/python3.10/dist-packages/airflow/example_dags/subdags/subdag.py for tasks to queue
[2024-03-12T09:43:33.904+0000] {logging_mixin.py:188} INFO - [2024-03-12T09:43:33.903+0000] {dagbag.py:540} INFO - Filling up the DagBag from /usr/local/lib/python3.10/dist-packages/airflow/example_dags/subdags/subdag.py
[2024-03-12T09:43:33.906+0000] {processor.py:842} WARNING - No viable dags retrieved from /usr/local/lib/python3.10/dist-packages/airflow/example_dags/subdags/subdag.py
[2024-03-12T09:43:33.927+0000] {processor.py:183} INFO - Processing /usr/local/lib/python3.10/dist-packages/airflow/example_dags/subdags/subdag.py took 0.031 seconds
[2024-03-12T09:44:19.027+0000] {processor.py:161} INFO - Started process (PID=15345) to work on /usr/local/lib/python3.10/dist-packages/airflow/example_dags/subdags/subdag.py
[2024-03-12T09:44:19.028+0000] {processor.py:830} INFO - Processing file /usr/local/lib/python3.10/dist-packages/airflow/example_dags/subdags/subdag.py for tasks to queue
[2024-03-12T09:44:19.030+0000] {logging_mixin.py:188} INFO - [2024-03-12T09:44:19.029+0000] {dagbag.py:540} INFO - Filling up the DagBag from /usr/local/lib/python3.10/dist-packages/airflow/example_dags/subdags/subdag.py
[2024-03-12T09:44:19.033+0000] {processor.py:842} WARNING - No viable dags retrieved from /usr/local/lib/python3.10/dist-packages/airflow/example_dags/subdags/subdag.py
[2024-03-12T09:44:19.054+0000] {processor.py:183} INFO - Processing /usr/local/lib/python3.10/dist-packages/airflow/example_dags/subdags/subdag.py took 0.032 seconds
[2024-03-12T09:45:02.486+0000] {processor.py:161} INFO - Started process (PID=15386) to work on /usr/local/lib/python3.10/dist-packages/airflow/example_dags/subdags/subdag.py
[2024-03-12T09:45:02.488+0000] {processor.py:830} INFO - Processing file /usr/local/lib/python3.10/dist-packages/airflow/example_dags/subdags/subdag.py for tasks to queue
[2024-03-12T09:45:02.490+0000] {logging_mixin.py:188} INFO - [2024-03-12T09:45:02.489+0000] {dagbag.py:540} INFO - Filling up the DagBag from /usr/local/lib/python3.10/dist-packages/airflow/example_dags/subdags/subdag.py
[2024-03-12T09:45:02.492+0000] {processor.py:842} WARNING - No viable dags retrieved from /usr/local/lib/python3.10/dist-packages/airflow/example_dags/subdags/subdag.py
[2024-03-12T09:45:02.510+0000] {processor.py:183} INFO - Processing /usr/local/lib/python3.10/dist-packages/airflow/example_dags/subdags/subdag.py took 0.028 seconds
[2024-03-12T09:45:45.165+0000] {processor.py:161} INFO - Started process (PID=15428) to work on /usr/local/lib/python3.10/dist-packages/airflow/example_dags/subdags/subdag.py
[2024-03-12T09:45:45.167+0000] {processor.py:830} INFO - Processing file /usr/local/lib/python3.10/dist-packages/airflow/example_dags/subdags/subdag.py for tasks to queue
[2024-03-12T09:45:45.169+0000] {logging_mixin.py:188} INFO - [2024-03-12T09:45:45.168+0000] {dagbag.py:540} INFO - Filling up the DagBag from /usr/local/lib/python3.10/dist-packages/airflow/example_dags/subdags/subdag.py
[2024-03-12T09:45:45.172+0000] {processor.py:842} WARNING - No viable dags retrieved from /usr/local/lib/python3.10/dist-packages/airflow/example_dags/subdags/subdag.py
[2024-03-12T09:45:45.192+0000] {processor.py:183} INFO - Processing /usr/local/lib/python3.10/dist-packages/airflow/example_dags/subdags/subdag.py took 0.031 seconds
[2024-03-12T09:46:26.755+0000] {processor.py:161} INFO - Started process (PID=15468) to work on /usr/local/lib/python3.10/dist-packages/airflow/example_dags/subdags/subdag.py
[2024-03-12T09:46:26.757+0000] {processor.py:830} INFO - Processing file /usr/local/lib/python3.10/dist-packages/airflow/example_dags/subdags/subdag.py for tasks to queue
[2024-03-12T09:46:26.758+0000] {logging_mixin.py:188} INFO - [2024-03-12T09:46:26.757+0000] {dagbag.py:540} INFO - Filling up the DagBag from /usr/local/lib/python3.10/dist-packages/airflow/example_dags/subdags/subdag.py
[2024-03-12T09:46:26.760+0000] {processor.py:842} WARNING - No viable dags retrieved from /usr/local/lib/python3.10/dist-packages/airflow/example_dags/subdags/subdag.py
[2024-03-12T09:46:26.779+0000] {processor.py:183} INFO - Processing /usr/local/lib/python3.10/dist-packages/airflow/example_dags/subdags/subdag.py took 0.028 seconds
[2024-03-12T09:47:04.095+0000] {processor.py:161} INFO - Started process (PID=15507) to work on /usr/local/lib/python3.10/dist-packages/airflow/example_dags/subdags/subdag.py
[2024-03-12T09:47:04.097+0000] {processor.py:830} INFO - Processing file /usr/local/lib/python3.10/dist-packages/airflow/example_dags/subdags/subdag.py for tasks to queue
[2024-03-12T09:47:04.101+0000] {logging_mixin.py:188} INFO - [2024-03-12T09:47:04.099+0000] {dagbag.py:540} INFO - Filling up the DagBag from /usr/local/lib/python3.10/dist-packages/airflow/example_dags/subdags/subdag.py
[2024-03-12T09:47:04.109+0000] {processor.py:842} WARNING - No viable dags retrieved from /usr/local/lib/python3.10/dist-packages/airflow/example_dags/subdags/subdag.py
[2024-03-12T09:47:04.132+0000] {processor.py:183} INFO - Processing /usr/local/lib/python3.10/dist-packages/airflow/example_dags/subdags/subdag.py took 0.043 seconds
[2024-03-12T09:47:47.461+0000] {processor.py:161} INFO - Started process (PID=15548) to work on /usr/local/lib/python3.10/dist-packages/airflow/example_dags/subdags/subdag.py
[2024-03-12T09:47:47.462+0000] {processor.py:830} INFO - Processing file /usr/local/lib/python3.10/dist-packages/airflow/example_dags/subdags/subdag.py for tasks to queue
[2024-03-12T09:47:47.463+0000] {logging_mixin.py:188} INFO - [2024-03-12T09:47:47.463+0000] {dagbag.py:540} INFO - Filling up the DagBag from /usr/local/lib/python3.10/dist-packages/airflow/example_dags/subdags/subdag.py
[2024-03-12T09:47:47.466+0000] {processor.py:842} WARNING - No viable dags retrieved from /usr/local/lib/python3.10/dist-packages/airflow/example_dags/subdags/subdag.py
[2024-03-12T09:47:47.481+0000] {processor.py:183} INFO - Processing /usr/local/lib/python3.10/dist-packages/airflow/example_dags/subdags/subdag.py took 0.024 seconds
[2024-03-12T09:48:28.064+0000] {processor.py:161} INFO - Started process (PID=15594) to work on /usr/local/lib/python3.10/dist-packages/airflow/example_dags/subdags/subdag.py
[2024-03-12T09:48:28.065+0000] {processor.py:830} INFO - Processing file /usr/local/lib/python3.10/dist-packages/airflow/example_dags/subdags/subdag.py for tasks to queue
[2024-03-12T09:48:28.067+0000] {logging_mixin.py:188} INFO - [2024-03-12T09:48:28.066+0000] {dagbag.py:540} INFO - Filling up the DagBag from /usr/local/lib/python3.10/dist-packages/airflow/example_dags/subdags/subdag.py
[2024-03-12T09:48:28.069+0000] {processor.py:842} WARNING - No viable dags retrieved from /usr/local/lib/python3.10/dist-packages/airflow/example_dags/subdags/subdag.py
[2024-03-12T09:48:28.082+0000] {processor.py:183} INFO - Processing /usr/local/lib/python3.10/dist-packages/airflow/example_dags/subdags/subdag.py took 0.022 seconds
[2024-03-12T09:49:09.423+0000] {processor.py:161} INFO - Started process (PID=15633) to work on /usr/local/lib/python3.10/dist-packages/airflow/example_dags/subdags/subdag.py
[2024-03-12T09:49:09.426+0000] {processor.py:830} INFO - Processing file /usr/local/lib/python3.10/dist-packages/airflow/example_dags/subdags/subdag.py for tasks to queue
[2024-03-12T09:49:09.427+0000] {logging_mixin.py:188} INFO - [2024-03-12T09:49:09.427+0000] {dagbag.py:540} INFO - Filling up the DagBag from /usr/local/lib/python3.10/dist-packages/airflow/example_dags/subdags/subdag.py
[2024-03-12T09:49:09.431+0000] {processor.py:842} WARNING - No viable dags retrieved from /usr/local/lib/python3.10/dist-packages/airflow/example_dags/subdags/subdag.py
[2024-03-12T09:49:09.446+0000] {processor.py:183} INFO - Processing /usr/local/lib/python3.10/dist-packages/airflow/example_dags/subdags/subdag.py took 0.027 seconds
[2024-03-12T09:49:51.459+0000] {processor.py:161} INFO - Started process (PID=15674) to work on /usr/local/lib/python3.10/dist-packages/airflow/example_dags/subdags/subdag.py
[2024-03-12T09:49:51.460+0000] {processor.py:830} INFO - Processing file /usr/local/lib/python3.10/dist-packages/airflow/example_dags/subdags/subdag.py for tasks to queue
[2024-03-12T09:49:51.462+0000] {logging_mixin.py:188} INFO - [2024-03-12T09:49:51.461+0000] {dagbag.py:540} INFO - Filling up the DagBag from /usr/local/lib/python3.10/dist-packages/airflow/example_dags/subdags/subdag.py
[2024-03-12T09:49:51.465+0000] {processor.py:842} WARNING - No viable dags retrieved from /usr/local/lib/python3.10/dist-packages/airflow/example_dags/subdags/subdag.py
[2024-03-12T09:49:51.478+0000] {processor.py:183} INFO - Processing /usr/local/lib/python3.10/dist-packages/airflow/example_dags/subdags/subdag.py took 0.022 seconds
[2024-03-12T09:50:38.089+0000] {processor.py:161} INFO - Started process (PID=15717) to work on /usr/local/lib/python3.10/dist-packages/airflow/example_dags/subdags/subdag.py
[2024-03-12T09:50:38.090+0000] {processor.py:830} INFO - Processing file /usr/local/lib/python3.10/dist-packages/airflow/example_dags/subdags/subdag.py for tasks to queue
[2024-03-12T09:50:38.092+0000] {logging_mixin.py:188} INFO - [2024-03-12T09:50:38.091+0000] {dagbag.py:540} INFO - Filling up the DagBag from /usr/local/lib/python3.10/dist-packages/airflow/example_dags/subdags/subdag.py
[2024-03-12T09:50:38.095+0000] {processor.py:842} WARNING - No viable dags retrieved from /usr/local/lib/python3.10/dist-packages/airflow/example_dags/subdags/subdag.py
[2024-03-12T09:50:38.106+0000] {processor.py:183} INFO - Processing /usr/local/lib/python3.10/dist-packages/airflow/example_dags/subdags/subdag.py took 0.026 seconds
[2024-03-12T09:51:22.985+0000] {processor.py:161} INFO - Started process (PID=15760) to work on /usr/local/lib/python3.10/dist-packages/airflow/example_dags/subdags/subdag.py
[2024-03-12T09:51:22.986+0000] {processor.py:830} INFO - Processing file /usr/local/lib/python3.10/dist-packages/airflow/example_dags/subdags/subdag.py for tasks to queue
[2024-03-12T09:51:22.987+0000] {logging_mixin.py:188} INFO - [2024-03-12T09:51:22.987+0000] {dagbag.py:540} INFO - Filling up the DagBag from /usr/local/lib/python3.10/dist-packages/airflow/example_dags/subdags/subdag.py
[2024-03-12T09:51:22.990+0000] {processor.py:842} WARNING - No viable dags retrieved from /usr/local/lib/python3.10/dist-packages/airflow/example_dags/subdags/subdag.py
[2024-03-12T09:51:23.007+0000] {processor.py:183} INFO - Processing /usr/local/lib/python3.10/dist-packages/airflow/example_dags/subdags/subdag.py took 0.026 seconds
[2024-03-12T09:52:11.311+0000] {processor.py:161} INFO - Started process (PID=15804) to work on /usr/local/lib/python3.10/dist-packages/airflow/example_dags/subdags/subdag.py
[2024-03-12T09:52:11.314+0000] {processor.py:830} INFO - Processing file /usr/local/lib/python3.10/dist-packages/airflow/example_dags/subdags/subdag.py for tasks to queue
[2024-03-12T09:52:11.315+0000] {logging_mixin.py:188} INFO - [2024-03-12T09:52:11.314+0000] {dagbag.py:540} INFO - Filling up the DagBag from /usr/local/lib/python3.10/dist-packages/airflow/example_dags/subdags/subdag.py
[2024-03-12T09:52:11.321+0000] {processor.py:842} WARNING - No viable dags retrieved from /usr/local/lib/python3.10/dist-packages/airflow/example_dags/subdags/subdag.py
[2024-03-12T09:52:11.350+0000] {processor.py:183} INFO - Processing /usr/local/lib/python3.10/dist-packages/airflow/example_dags/subdags/subdag.py took 0.045 seconds
[2024-03-12T09:52:54.382+0000] {processor.py:161} INFO - Started process (PID=15848) to work on /usr/local/lib/python3.10/dist-packages/airflow/example_dags/subdags/subdag.py
[2024-03-12T09:52:54.383+0000] {processor.py:830} INFO - Processing file /usr/local/lib/python3.10/dist-packages/airflow/example_dags/subdags/subdag.py for tasks to queue
[2024-03-12T09:52:54.387+0000] {logging_mixin.py:188} INFO - [2024-03-12T09:52:54.385+0000] {dagbag.py:540} INFO - Filling up the DagBag from /usr/local/lib/python3.10/dist-packages/airflow/example_dags/subdags/subdag.py
[2024-03-12T09:52:54.395+0000] {processor.py:842} WARNING - No viable dags retrieved from /usr/local/lib/python3.10/dist-packages/airflow/example_dags/subdags/subdag.py
[2024-03-12T09:52:54.416+0000] {processor.py:183} INFO - Processing /usr/local/lib/python3.10/dist-packages/airflow/example_dags/subdags/subdag.py took 0.040 seconds
[2024-03-12T09:53:36.410+0000] {processor.py:161} INFO - Started process (PID=15890) to work on /usr/local/lib/python3.10/dist-packages/airflow/example_dags/subdags/subdag.py
[2024-03-12T09:53:36.412+0000] {processor.py:830} INFO - Processing file /usr/local/lib/python3.10/dist-packages/airflow/example_dags/subdags/subdag.py for tasks to queue
[2024-03-12T09:53:36.413+0000] {logging_mixin.py:188} INFO - [2024-03-12T09:53:36.412+0000] {dagbag.py:540} INFO - Filling up the DagBag from /usr/local/lib/python3.10/dist-packages/airflow/example_dags/subdags/subdag.py
[2024-03-12T09:53:36.416+0000] {processor.py:842} WARNING - No viable dags retrieved from /usr/local/lib/python3.10/dist-packages/airflow/example_dags/subdags/subdag.py
[2024-03-12T09:53:36.436+0000] {processor.py:183} INFO - Processing /usr/local/lib/python3.10/dist-packages/airflow/example_dags/subdags/subdag.py took 0.030 seconds
[2024-03-12T09:54:23.894+0000] {processor.py:161} INFO - Started process (PID=15935) to work on /usr/local/lib/python3.10/dist-packages/airflow/example_dags/subdags/subdag.py
[2024-03-12T09:54:23.898+0000] {processor.py:830} INFO - Processing file /usr/local/lib/python3.10/dist-packages/airflow/example_dags/subdags/subdag.py for tasks to queue
[2024-03-12T09:54:23.900+0000] {logging_mixin.py:188} INFO - [2024-03-12T09:54:23.899+0000] {dagbag.py:540} INFO - Filling up the DagBag from /usr/local/lib/python3.10/dist-packages/airflow/example_dags/subdags/subdag.py
[2024-03-12T09:54:23.904+0000] {processor.py:842} WARNING - No viable dags retrieved from /usr/local/lib/python3.10/dist-packages/airflow/example_dags/subdags/subdag.py
[2024-03-12T09:54:23.923+0000] {processor.py:183} INFO - Processing /usr/local/lib/python3.10/dist-packages/airflow/example_dags/subdags/subdag.py took 0.037 seconds
[2024-03-12T09:55:08.327+0000] {processor.py:161} INFO - Started process (PID=15978) to work on /usr/local/lib/python3.10/dist-packages/airflow/example_dags/subdags/subdag.py
[2024-03-12T09:55:08.329+0000] {processor.py:830} INFO - Processing file /usr/local/lib/python3.10/dist-packages/airflow/example_dags/subdags/subdag.py for tasks to queue
[2024-03-12T09:55:08.331+0000] {logging_mixin.py:188} INFO - [2024-03-12T09:55:08.330+0000] {dagbag.py:540} INFO - Filling up the DagBag from /usr/local/lib/python3.10/dist-packages/airflow/example_dags/subdags/subdag.py
[2024-03-12T09:55:08.336+0000] {processor.py:842} WARNING - No viable dags retrieved from /usr/local/lib/python3.10/dist-packages/airflow/example_dags/subdags/subdag.py
[2024-03-12T09:55:08.354+0000] {processor.py:183} INFO - Processing /usr/local/lib/python3.10/dist-packages/airflow/example_dags/subdags/subdag.py took 0.033 seconds
[2024-03-12T09:55:52.930+0000] {processor.py:161} INFO - Started process (PID=16023) to work on /usr/local/lib/python3.10/dist-packages/airflow/example_dags/subdags/subdag.py
[2024-03-12T09:55:52.932+0000] {processor.py:830} INFO - Processing file /usr/local/lib/python3.10/dist-packages/airflow/example_dags/subdags/subdag.py for tasks to queue
[2024-03-12T09:55:52.933+0000] {logging_mixin.py:188} INFO - [2024-03-12T09:55:52.932+0000] {dagbag.py:540} INFO - Filling up the DagBag from /usr/local/lib/python3.10/dist-packages/airflow/example_dags/subdags/subdag.py
[2024-03-12T09:55:52.938+0000] {processor.py:842} WARNING - No viable dags retrieved from /usr/local/lib/python3.10/dist-packages/airflow/example_dags/subdags/subdag.py
[2024-03-12T09:55:52.953+0000] {processor.py:183} INFO - Processing /usr/local/lib/python3.10/dist-packages/airflow/example_dags/subdags/subdag.py took 0.028 seconds
[2024-03-12T09:56:37.202+0000] {processor.py:161} INFO - Started process (PID=16065) to work on /usr/local/lib/python3.10/dist-packages/airflow/example_dags/subdags/subdag.py
[2024-03-12T09:56:37.203+0000] {processor.py:830} INFO - Processing file /usr/local/lib/python3.10/dist-packages/airflow/example_dags/subdags/subdag.py for tasks to queue
[2024-03-12T09:56:37.204+0000] {logging_mixin.py:188} INFO - [2024-03-12T09:56:37.204+0000] {dagbag.py:540} INFO - Filling up the DagBag from /usr/local/lib/python3.10/dist-packages/airflow/example_dags/subdags/subdag.py
[2024-03-12T09:56:37.206+0000] {processor.py:842} WARNING - No viable dags retrieved from /usr/local/lib/python3.10/dist-packages/airflow/example_dags/subdags/subdag.py
[2024-03-12T09:56:37.220+0000] {processor.py:183} INFO - Processing /usr/local/lib/python3.10/dist-packages/airflow/example_dags/subdags/subdag.py took 0.022 seconds
[2024-03-12T09:57:21.683+0000] {processor.py:161} INFO - Started process (PID=16108) to work on /usr/local/lib/python3.10/dist-packages/airflow/example_dags/subdags/subdag.py
[2024-03-12T09:57:21.685+0000] {processor.py:830} INFO - Processing file /usr/local/lib/python3.10/dist-packages/airflow/example_dags/subdags/subdag.py for tasks to queue
[2024-03-12T09:57:21.686+0000] {logging_mixin.py:188} INFO - [2024-03-12T09:57:21.686+0000] {dagbag.py:540} INFO - Filling up the DagBag from /usr/local/lib/python3.10/dist-packages/airflow/example_dags/subdags/subdag.py
[2024-03-12T09:57:21.690+0000] {processor.py:842} WARNING - No viable dags retrieved from /usr/local/lib/python3.10/dist-packages/airflow/example_dags/subdags/subdag.py
[2024-03-12T09:57:21.705+0000] {processor.py:183} INFO - Processing /usr/local/lib/python3.10/dist-packages/airflow/example_dags/subdags/subdag.py took 0.027 seconds
[2024-03-12T09:58:05.343+0000] {processor.py:161} INFO - Started process (PID=16155) to work on /usr/local/lib/python3.10/dist-packages/airflow/example_dags/subdags/subdag.py
[2024-03-12T09:58:05.344+0000] {processor.py:830} INFO - Processing file /usr/local/lib/python3.10/dist-packages/airflow/example_dags/subdags/subdag.py for tasks to queue
[2024-03-12T09:58:05.345+0000] {logging_mixin.py:188} INFO - [2024-03-12T09:58:05.345+0000] {dagbag.py:540} INFO - Filling up the DagBag from /usr/local/lib/python3.10/dist-packages/airflow/example_dags/subdags/subdag.py
[2024-03-12T09:58:05.348+0000] {processor.py:842} WARNING - No viable dags retrieved from /usr/local/lib/python3.10/dist-packages/airflow/example_dags/subdags/subdag.py
[2024-03-12T09:58:05.362+0000] {processor.py:183} INFO - Processing /usr/local/lib/python3.10/dist-packages/airflow/example_dags/subdags/subdag.py took 0.022 seconds
[2024-03-12T09:58:46.074+0000] {processor.py:161} INFO - Started process (PID=16202) to work on /usr/local/lib/python3.10/dist-packages/airflow/example_dags/subdags/subdag.py
[2024-03-12T09:58:46.075+0000] {processor.py:830} INFO - Processing file /usr/local/lib/python3.10/dist-packages/airflow/example_dags/subdags/subdag.py for tasks to queue
[2024-03-12T09:58:46.076+0000] {logging_mixin.py:188} INFO - [2024-03-12T09:58:46.076+0000] {dagbag.py:540} INFO - Filling up the DagBag from /usr/local/lib/python3.10/dist-packages/airflow/example_dags/subdags/subdag.py
[2024-03-12T09:58:46.080+0000] {processor.py:842} WARNING - No viable dags retrieved from /usr/local/lib/python3.10/dist-packages/airflow/example_dags/subdags/subdag.py
[2024-03-12T09:58:46.097+0000] {processor.py:183} INFO - Processing /usr/local/lib/python3.10/dist-packages/airflow/example_dags/subdags/subdag.py took 0.027 seconds
