[2024-03-12T09:19:40.396+0000] {processor.py:161} INFO - Started process (PID=13940) to work on /usr/local/lib/python3.10/dist-packages/airflow/example_dags/plugins/workday.py
[2024-03-12T09:19:40.397+0000] {processor.py:830} INFO - Processing file /usr/local/lib/python3.10/dist-packages/airflow/example_dags/plugins/workday.py for tasks to queue
[2024-03-12T09:19:40.398+0000] {logging_mixin.py:188} INFO - [2024-03-12T09:19:40.398+0000] {dagbag.py:540} INFO - Filling up the DagBag from /usr/local/lib/python3.10/dist-packages/airflow/example_dags/plugins/workday.py
[2024-03-12T09:19:41.406+0000] {processor.py:842} WARNING - No viable dags retrieved from /usr/local/lib/python3.10/dist-packages/airflow/example_dags/plugins/workday.py
[2024-03-12T09:19:41.415+0000] {processor.py:183} INFO - Processing /usr/local/lib/python3.10/dist-packages/airflow/example_dags/plugins/workday.py took 1.022 seconds
[2024-03-12T09:22:33.098+0000] {processor.py:161} INFO - Started process (PID=13998) to work on /usr/local/lib/python3.10/dist-packages/airflow/example_dags/plugins/workday.py
[2024-03-12T09:22:33.101+0000] {processor.py:830} INFO - Processing file /usr/local/lib/python3.10/dist-packages/airflow/example_dags/plugins/workday.py for tasks to queue
[2024-03-12T09:22:33.103+0000] {logging_mixin.py:188} INFO - [2024-03-12T09:22:33.102+0000] {dagbag.py:540} INFO - Filling up the DagBag from /usr/local/lib/python3.10/dist-packages/airflow/example_dags/plugins/workday.py
[2024-03-12T09:22:33.695+0000] {processor.py:842} WARNING - No viable dags retrieved from /usr/local/lib/python3.10/dist-packages/airflow/example_dags/plugins/workday.py
[2024-03-12T09:22:33.706+0000] {processor.py:183} INFO - Processing /usr/local/lib/python3.10/dist-packages/airflow/example_dags/plugins/workday.py took 0.614 seconds
[2024-03-12T09:23:36.258+0000] {processor.py:161} INFO - Started process (PID=14051) to work on /usr/local/lib/python3.10/dist-packages/airflow/example_dags/plugins/workday.py
[2024-03-12T09:23:36.260+0000] {processor.py:830} INFO - Processing file /usr/local/lib/python3.10/dist-packages/airflow/example_dags/plugins/workday.py for tasks to queue
[2024-03-12T09:23:36.261+0000] {logging_mixin.py:188} INFO - [2024-03-12T09:23:36.260+0000] {dagbag.py:540} INFO - Filling up the DagBag from /usr/local/lib/python3.10/dist-packages/airflow/example_dags/plugins/workday.py
[2024-03-12T09:23:36.766+0000] {processor.py:842} WARNING - No viable dags retrieved from /usr/local/lib/python3.10/dist-packages/airflow/example_dags/plugins/workday.py
[2024-03-12T09:23:36.774+0000] {processor.py:183} INFO - Processing /usr/local/lib/python3.10/dist-packages/airflow/example_dags/plugins/workday.py took 0.528 seconds
[2024-03-12T09:24:26.706+0000] {processor.py:161} INFO - Started process (PID=14101) to work on /usr/local/lib/python3.10/dist-packages/airflow/example_dags/plugins/workday.py
[2024-03-12T09:24:26.708+0000] {processor.py:830} INFO - Processing file /usr/local/lib/python3.10/dist-packages/airflow/example_dags/plugins/workday.py for tasks to queue
[2024-03-12T09:24:26.709+0000] {logging_mixin.py:188} INFO - [2024-03-12T09:24:26.708+0000] {dagbag.py:540} INFO - Filling up the DagBag from /usr/local/lib/python3.10/dist-packages/airflow/example_dags/plugins/workday.py
[2024-03-12T09:24:27.226+0000] {processor.py:842} WARNING - No viable dags retrieved from /usr/local/lib/python3.10/dist-packages/airflow/example_dags/plugins/workday.py
[2024-03-12T09:24:27.234+0000] {processor.py:183} INFO - Processing /usr/local/lib/python3.10/dist-packages/airflow/example_dags/plugins/workday.py took 0.532 seconds
[2024-03-12T09:25:27.358+0000] {processor.py:161} INFO - Started process (PID=14153) to work on /usr/local/lib/python3.10/dist-packages/airflow/example_dags/plugins/workday.py
[2024-03-12T09:25:27.361+0000] {processor.py:830} INFO - Processing file /usr/local/lib/python3.10/dist-packages/airflow/example_dags/plugins/workday.py for tasks to queue
[2024-03-12T09:25:27.362+0000] {logging_mixin.py:188} INFO - [2024-03-12T09:25:27.361+0000] {dagbag.py:540} INFO - Filling up the DagBag from /usr/local/lib/python3.10/dist-packages/airflow/example_dags/plugins/workday.py
[2024-03-12T09:25:27.684+0000] {processor.py:842} WARNING - No viable dags retrieved from /usr/local/lib/python3.10/dist-packages/airflow/example_dags/plugins/workday.py
[2024-03-12T09:25:27.694+0000] {processor.py:183} INFO - Processing /usr/local/lib/python3.10/dist-packages/airflow/example_dags/plugins/workday.py took 0.339 seconds
[2024-03-12T09:26:11.247+0000] {processor.py:161} INFO - Started process (PID=14197) to work on /usr/local/lib/python3.10/dist-packages/airflow/example_dags/plugins/workday.py
[2024-03-12T09:26:11.249+0000] {processor.py:830} INFO - Processing file /usr/local/lib/python3.10/dist-packages/airflow/example_dags/plugins/workday.py for tasks to queue
[2024-03-12T09:26:11.250+0000] {logging_mixin.py:188} INFO - [2024-03-12T09:26:11.249+0000] {dagbag.py:540} INFO - Filling up the DagBag from /usr/local/lib/python3.10/dist-packages/airflow/example_dags/plugins/workday.py
[2024-03-12T09:26:11.645+0000] {processor.py:842} WARNING - No viable dags retrieved from /usr/local/lib/python3.10/dist-packages/airflow/example_dags/plugins/workday.py
[2024-03-12T09:26:11.657+0000] {processor.py:183} INFO - Processing /usr/local/lib/python3.10/dist-packages/airflow/example_dags/plugins/workday.py took 0.414 seconds
[2024-03-12T09:26:54.746+0000] {processor.py:161} INFO - Started process (PID=14242) to work on /usr/local/lib/python3.10/dist-packages/airflow/example_dags/plugins/workday.py
[2024-03-12T09:26:54.747+0000] {processor.py:830} INFO - Processing file /usr/local/lib/python3.10/dist-packages/airflow/example_dags/plugins/workday.py for tasks to queue
[2024-03-12T09:26:54.748+0000] {logging_mixin.py:188} INFO - [2024-03-12T09:26:54.748+0000] {dagbag.py:540} INFO - Filling up the DagBag from /usr/local/lib/python3.10/dist-packages/airflow/example_dags/plugins/workday.py
[2024-03-12T09:26:55.280+0000] {processor.py:842} WARNING - No viable dags retrieved from /usr/local/lib/python3.10/dist-packages/airflow/example_dags/plugins/workday.py
[2024-03-12T09:26:55.292+0000] {processor.py:183} INFO - Processing /usr/local/lib/python3.10/dist-packages/airflow/example_dags/plugins/workday.py took 0.551 seconds
[2024-03-12T09:27:39.119+0000] {processor.py:161} INFO - Started process (PID=14284) to work on /usr/local/lib/python3.10/dist-packages/airflow/example_dags/plugins/workday.py
[2024-03-12T09:27:39.121+0000] {processor.py:830} INFO - Processing file /usr/local/lib/python3.10/dist-packages/airflow/example_dags/plugins/workday.py for tasks to queue
[2024-03-12T09:27:39.122+0000] {logging_mixin.py:188} INFO - [2024-03-12T09:27:39.121+0000] {dagbag.py:540} INFO - Filling up the DagBag from /usr/local/lib/python3.10/dist-packages/airflow/example_dags/plugins/workday.py
[2024-03-12T09:27:39.474+0000] {processor.py:842} WARNING - No viable dags retrieved from /usr/local/lib/python3.10/dist-packages/airflow/example_dags/plugins/workday.py
[2024-03-12T09:27:39.484+0000] {processor.py:183} INFO - Processing /usr/local/lib/python3.10/dist-packages/airflow/example_dags/plugins/workday.py took 0.368 seconds
[2024-03-12T09:28:18.440+0000] {processor.py:161} INFO - Started process (PID=14325) to work on /usr/local/lib/python3.10/dist-packages/airflow/example_dags/plugins/workday.py
[2024-03-12T09:28:18.442+0000] {processor.py:830} INFO - Processing file /usr/local/lib/python3.10/dist-packages/airflow/example_dags/plugins/workday.py for tasks to queue
[2024-03-12T09:28:18.444+0000] {logging_mixin.py:188} INFO - [2024-03-12T09:28:18.443+0000] {dagbag.py:540} INFO - Filling up the DagBag from /usr/local/lib/python3.10/dist-packages/airflow/example_dags/plugins/workday.py
[2024-03-12T09:28:18.862+0000] {processor.py:842} WARNING - No viable dags retrieved from /usr/local/lib/python3.10/dist-packages/airflow/example_dags/plugins/workday.py
[2024-03-12T09:28:18.881+0000] {processor.py:183} INFO - Processing /usr/local/lib/python3.10/dist-packages/airflow/example_dags/plugins/workday.py took 0.448 seconds
[2024-03-12T09:28:58.829+0000] {processor.py:161} INFO - Started process (PID=14364) to work on /usr/local/lib/python3.10/dist-packages/airflow/example_dags/plugins/workday.py
[2024-03-12T09:28:58.835+0000] {processor.py:830} INFO - Processing file /usr/local/lib/python3.10/dist-packages/airflow/example_dags/plugins/workday.py for tasks to queue
[2024-03-12T09:28:58.836+0000] {logging_mixin.py:188} INFO - [2024-03-12T09:28:58.836+0000] {dagbag.py:540} INFO - Filling up the DagBag from /usr/local/lib/python3.10/dist-packages/airflow/example_dags/plugins/workday.py
[2024-03-12T09:28:59.157+0000] {processor.py:842} WARNING - No viable dags retrieved from /usr/local/lib/python3.10/dist-packages/airflow/example_dags/plugins/workday.py
[2024-03-12T09:28:59.169+0000] {processor.py:183} INFO - Processing /usr/local/lib/python3.10/dist-packages/airflow/example_dags/plugins/workday.py took 0.345 seconds
[2024-03-12T09:29:38.969+0000] {processor.py:161} INFO - Started process (PID=14404) to work on /usr/local/lib/python3.10/dist-packages/airflow/example_dags/plugins/workday.py
[2024-03-12T09:29:38.971+0000] {processor.py:830} INFO - Processing file /usr/local/lib/python3.10/dist-packages/airflow/example_dags/plugins/workday.py for tasks to queue
[2024-03-12T09:29:38.972+0000] {logging_mixin.py:188} INFO - [2024-03-12T09:29:38.971+0000] {dagbag.py:540} INFO - Filling up the DagBag from /usr/local/lib/python3.10/dist-packages/airflow/example_dags/plugins/workday.py
[2024-03-12T09:29:39.421+0000] {processor.py:842} WARNING - No viable dags retrieved from /usr/local/lib/python3.10/dist-packages/airflow/example_dags/plugins/workday.py
[2024-03-12T09:29:39.437+0000] {processor.py:183} INFO - Processing /usr/local/lib/python3.10/dist-packages/airflow/example_dags/plugins/workday.py took 0.473 seconds
[2024-03-12T09:30:20.343+0000] {processor.py:161} INFO - Started process (PID=14444) to work on /usr/local/lib/python3.10/dist-packages/airflow/example_dags/plugins/workday.py
[2024-03-12T09:30:20.345+0000] {processor.py:830} INFO - Processing file /usr/local/lib/python3.10/dist-packages/airflow/example_dags/plugins/workday.py for tasks to queue
[2024-03-12T09:30:20.346+0000] {logging_mixin.py:188} INFO - [2024-03-12T09:30:20.346+0000] {dagbag.py:540} INFO - Filling up the DagBag from /usr/local/lib/python3.10/dist-packages/airflow/example_dags/plugins/workday.py
[2024-03-12T09:30:20.908+0000] {processor.py:842} WARNING - No viable dags retrieved from /usr/local/lib/python3.10/dist-packages/airflow/example_dags/plugins/workday.py
[2024-03-12T09:30:20.923+0000] {processor.py:183} INFO - Processing /usr/local/lib/python3.10/dist-packages/airflow/example_dags/plugins/workday.py took 0.589 seconds
[2024-03-12T09:31:02.386+0000] {processor.py:161} INFO - Started process (PID=14485) to work on /usr/local/lib/python3.10/dist-packages/airflow/example_dags/plugins/workday.py
[2024-03-12T09:31:02.390+0000] {processor.py:830} INFO - Processing file /usr/local/lib/python3.10/dist-packages/airflow/example_dags/plugins/workday.py for tasks to queue
[2024-03-12T09:31:02.391+0000] {logging_mixin.py:188} INFO - [2024-03-12T09:31:02.390+0000] {dagbag.py:540} INFO - Filling up the DagBag from /usr/local/lib/python3.10/dist-packages/airflow/example_dags/plugins/workday.py
[2024-03-12T09:31:03.049+0000] {processor.py:842} WARNING - No viable dags retrieved from /usr/local/lib/python3.10/dist-packages/airflow/example_dags/plugins/workday.py
[2024-03-12T09:31:03.071+0000] {processor.py:183} INFO - Processing /usr/local/lib/python3.10/dist-packages/airflow/example_dags/plugins/workday.py took 0.689 seconds
[2024-03-12T09:31:44.523+0000] {processor.py:161} INFO - Started process (PID=14525) to work on /usr/local/lib/python3.10/dist-packages/airflow/example_dags/plugins/workday.py
[2024-03-12T09:31:44.525+0000] {processor.py:830} INFO - Processing file /usr/local/lib/python3.10/dist-packages/airflow/example_dags/plugins/workday.py for tasks to queue
[2024-03-12T09:31:44.526+0000] {logging_mixin.py:188} INFO - [2024-03-12T09:31:44.526+0000] {dagbag.py:540} INFO - Filling up the DagBag from /usr/local/lib/python3.10/dist-packages/airflow/example_dags/plugins/workday.py
[2024-03-12T09:31:44.878+0000] {processor.py:842} WARNING - No viable dags retrieved from /usr/local/lib/python3.10/dist-packages/airflow/example_dags/plugins/workday.py
[2024-03-12T09:31:44.890+0000] {processor.py:183} INFO - Processing /usr/local/lib/python3.10/dist-packages/airflow/example_dags/plugins/workday.py took 0.373 seconds
[2024-03-12T09:32:26.596+0000] {processor.py:161} INFO - Started process (PID=14566) to work on /usr/local/lib/python3.10/dist-packages/airflow/example_dags/plugins/workday.py
[2024-03-12T09:32:26.600+0000] {processor.py:830} INFO - Processing file /usr/local/lib/python3.10/dist-packages/airflow/example_dags/plugins/workday.py for tasks to queue
[2024-03-12T09:32:26.601+0000] {logging_mixin.py:188} INFO - [2024-03-12T09:32:26.601+0000] {dagbag.py:540} INFO - Filling up the DagBag from /usr/local/lib/python3.10/dist-packages/airflow/example_dags/plugins/workday.py
[2024-03-12T09:32:27.020+0000] {processor.py:842} WARNING - No viable dags retrieved from /usr/local/lib/python3.10/dist-packages/airflow/example_dags/plugins/workday.py
[2024-03-12T09:32:27.056+0000] {processor.py:183} INFO - Processing /usr/local/lib/python3.10/dist-packages/airflow/example_dags/plugins/workday.py took 0.476 seconds
[2024-03-12T09:33:10.992+0000] {processor.py:161} INFO - Started process (PID=14609) to work on /usr/local/lib/python3.10/dist-packages/airflow/example_dags/plugins/workday.py
[2024-03-12T09:33:10.994+0000] {processor.py:830} INFO - Processing file /usr/local/lib/python3.10/dist-packages/airflow/example_dags/plugins/workday.py for tasks to queue
[2024-03-12T09:33:10.995+0000] {logging_mixin.py:188} INFO - [2024-03-12T09:33:10.995+0000] {dagbag.py:540} INFO - Filling up the DagBag from /usr/local/lib/python3.10/dist-packages/airflow/example_dags/plugins/workday.py
[2024-03-12T09:33:11.387+0000] {processor.py:842} WARNING - No viable dags retrieved from /usr/local/lib/python3.10/dist-packages/airflow/example_dags/plugins/workday.py
[2024-03-12T09:33:11.398+0000] {processor.py:183} INFO - Processing /usr/local/lib/python3.10/dist-packages/airflow/example_dags/plugins/workday.py took 0.409 seconds
[2024-03-12T09:33:54.830+0000] {processor.py:161} INFO - Started process (PID=14652) to work on /usr/local/lib/python3.10/dist-packages/airflow/example_dags/plugins/workday.py
[2024-03-12T09:33:54.834+0000] {processor.py:830} INFO - Processing file /usr/local/lib/python3.10/dist-packages/airflow/example_dags/plugins/workday.py for tasks to queue
[2024-03-12T09:33:54.836+0000] {logging_mixin.py:188} INFO - [2024-03-12T09:33:54.835+0000] {dagbag.py:540} INFO - Filling up the DagBag from /usr/local/lib/python3.10/dist-packages/airflow/example_dags/plugins/workday.py
[2024-03-12T09:33:55.246+0000] {processor.py:842} WARNING - No viable dags retrieved from /usr/local/lib/python3.10/dist-packages/airflow/example_dags/plugins/workday.py
[2024-03-12T09:33:55.259+0000] {processor.py:183} INFO - Processing /usr/local/lib/python3.10/dist-packages/airflow/example_dags/plugins/workday.py took 0.443 seconds
[2024-03-12T09:34:37.256+0000] {processor.py:161} INFO - Started process (PID=14693) to work on /usr/local/lib/python3.10/dist-packages/airflow/example_dags/plugins/workday.py
[2024-03-12T09:34:37.258+0000] {processor.py:830} INFO - Processing file /usr/local/lib/python3.10/dist-packages/airflow/example_dags/plugins/workday.py for tasks to queue
[2024-03-12T09:34:37.259+0000] {logging_mixin.py:188} INFO - [2024-03-12T09:34:37.258+0000] {dagbag.py:540} INFO - Filling up the DagBag from /usr/local/lib/python3.10/dist-packages/airflow/example_dags/plugins/workday.py
[2024-03-12T09:34:37.623+0000] {processor.py:842} WARNING - No viable dags retrieved from /usr/local/lib/python3.10/dist-packages/airflow/example_dags/plugins/workday.py
[2024-03-12T09:34:37.635+0000] {processor.py:183} INFO - Processing /usr/local/lib/python3.10/dist-packages/airflow/example_dags/plugins/workday.py took 0.382 seconds
[2024-03-12T09:35:22.172+0000] {processor.py:161} INFO - Started process (PID=14734) to work on /usr/local/lib/python3.10/dist-packages/airflow/example_dags/plugins/workday.py
[2024-03-12T09:35:22.175+0000] {processor.py:830} INFO - Processing file /usr/local/lib/python3.10/dist-packages/airflow/example_dags/plugins/workday.py for tasks to queue
[2024-03-12T09:35:22.176+0000] {logging_mixin.py:188} INFO - [2024-03-12T09:35:22.175+0000] {dagbag.py:540} INFO - Filling up the DagBag from /usr/local/lib/python3.10/dist-packages/airflow/example_dags/plugins/workday.py
[2024-03-12T09:35:22.687+0000] {processor.py:842} WARNING - No viable dags retrieved from /usr/local/lib/python3.10/dist-packages/airflow/example_dags/plugins/workday.py
[2024-03-12T09:35:22.700+0000] {processor.py:183} INFO - Processing /usr/local/lib/python3.10/dist-packages/airflow/example_dags/plugins/workday.py took 0.532 seconds
[2024-03-12T09:36:06.659+0000] {processor.py:161} INFO - Started process (PID=14778) to work on /usr/local/lib/python3.10/dist-packages/airflow/example_dags/plugins/workday.py
[2024-03-12T09:36:06.662+0000] {processor.py:830} INFO - Processing file /usr/local/lib/python3.10/dist-packages/airflow/example_dags/plugins/workday.py for tasks to queue
[2024-03-12T09:36:06.663+0000] {logging_mixin.py:188} INFO - [2024-03-12T09:36:06.662+0000] {dagbag.py:540} INFO - Filling up the DagBag from /usr/local/lib/python3.10/dist-packages/airflow/example_dags/plugins/workday.py
[2024-03-12T09:36:07.223+0000] {processor.py:842} WARNING - No viable dags retrieved from /usr/local/lib/python3.10/dist-packages/airflow/example_dags/plugins/workday.py
[2024-03-12T09:36:07.242+0000] {processor.py:183} INFO - Processing /usr/local/lib/python3.10/dist-packages/airflow/example_dags/plugins/workday.py took 0.591 seconds
[2024-03-12T09:37:07.381+0000] {processor.py:161} INFO - Started process (PID=14836) to work on /usr/local/lib/python3.10/dist-packages/airflow/example_dags/plugins/workday.py
[2024-03-12T09:37:07.384+0000] {processor.py:830} INFO - Processing file /usr/local/lib/python3.10/dist-packages/airflow/example_dags/plugins/workday.py for tasks to queue
[2024-03-12T09:37:07.385+0000] {logging_mixin.py:188} INFO - [2024-03-12T09:37:07.384+0000] {dagbag.py:540} INFO - Filling up the DagBag from /usr/local/lib/python3.10/dist-packages/airflow/example_dags/plugins/workday.py
[2024-03-12T09:37:07.784+0000] {processor.py:842} WARNING - No viable dags retrieved from /usr/local/lib/python3.10/dist-packages/airflow/example_dags/plugins/workday.py
[2024-03-12T09:37:07.798+0000] {processor.py:183} INFO - Processing /usr/local/lib/python3.10/dist-packages/airflow/example_dags/plugins/workday.py took 0.422 seconds
[2024-03-12T09:37:49.195+0000] {processor.py:161} INFO - Started process (PID=14878) to work on /usr/local/lib/python3.10/dist-packages/airflow/example_dags/plugins/workday.py
[2024-03-12T09:37:49.196+0000] {processor.py:830} INFO - Processing file /usr/local/lib/python3.10/dist-packages/airflow/example_dags/plugins/workday.py for tasks to queue
[2024-03-12T09:37:49.197+0000] {logging_mixin.py:188} INFO - [2024-03-12T09:37:49.197+0000] {dagbag.py:540} INFO - Filling up the DagBag from /usr/local/lib/python3.10/dist-packages/airflow/example_dags/plugins/workday.py
[2024-03-12T09:37:49.663+0000] {processor.py:842} WARNING - No viable dags retrieved from /usr/local/lib/python3.10/dist-packages/airflow/example_dags/plugins/workday.py
[2024-03-12T09:37:49.677+0000] {processor.py:183} INFO - Processing /usr/local/lib/python3.10/dist-packages/airflow/example_dags/plugins/workday.py took 0.489 seconds
[2024-03-12T09:38:29.932+0000] {processor.py:161} INFO - Started process (PID=14918) to work on /usr/local/lib/python3.10/dist-packages/airflow/example_dags/plugins/workday.py
[2024-03-12T09:38:29.934+0000] {processor.py:830} INFO - Processing file /usr/local/lib/python3.10/dist-packages/airflow/example_dags/plugins/workday.py for tasks to queue
[2024-03-12T09:38:29.935+0000] {logging_mixin.py:188} INFO - [2024-03-12T09:38:29.935+0000] {dagbag.py:540} INFO - Filling up the DagBag from /usr/local/lib/python3.10/dist-packages/airflow/example_dags/plugins/workday.py
[2024-03-12T09:38:30.348+0000] {processor.py:842} WARNING - No viable dags retrieved from /usr/local/lib/python3.10/dist-packages/airflow/example_dags/plugins/workday.py
[2024-03-12T09:38:30.359+0000] {processor.py:183} INFO - Processing /usr/local/lib/python3.10/dist-packages/airflow/example_dags/plugins/workday.py took 0.436 seconds
[2024-03-12T09:39:12.568+0000] {processor.py:161} INFO - Started process (PID=14958) to work on /usr/local/lib/python3.10/dist-packages/airflow/example_dags/plugins/workday.py
[2024-03-12T09:39:12.572+0000] {processor.py:830} INFO - Processing file /usr/local/lib/python3.10/dist-packages/airflow/example_dags/plugins/workday.py for tasks to queue
[2024-03-12T09:39:12.574+0000] {logging_mixin.py:188} INFO - [2024-03-12T09:39:12.573+0000] {dagbag.py:540} INFO - Filling up the DagBag from /usr/local/lib/python3.10/dist-packages/airflow/example_dags/plugins/workday.py
[2024-03-12T09:39:13.032+0000] {processor.py:842} WARNING - No viable dags retrieved from /usr/local/lib/python3.10/dist-packages/airflow/example_dags/plugins/workday.py
[2024-03-12T09:39:13.045+0000] {processor.py:183} INFO - Processing /usr/local/lib/python3.10/dist-packages/airflow/example_dags/plugins/workday.py took 0.489 seconds
[2024-03-12T09:39:55.986+0000] {processor.py:161} INFO - Started process (PID=15000) to work on /usr/local/lib/python3.10/dist-packages/airflow/example_dags/plugins/workday.py
[2024-03-12T09:39:55.988+0000] {processor.py:830} INFO - Processing file /usr/local/lib/python3.10/dist-packages/airflow/example_dags/plugins/workday.py for tasks to queue
[2024-03-12T09:39:55.989+0000] {logging_mixin.py:188} INFO - [2024-03-12T09:39:55.988+0000] {dagbag.py:540} INFO - Filling up the DagBag from /usr/local/lib/python3.10/dist-packages/airflow/example_dags/plugins/workday.py
[2024-03-12T09:39:56.367+0000] {processor.py:842} WARNING - No viable dags retrieved from /usr/local/lib/python3.10/dist-packages/airflow/example_dags/plugins/workday.py
[2024-03-12T09:39:56.384+0000] {processor.py:183} INFO - Processing /usr/local/lib/python3.10/dist-packages/airflow/example_dags/plugins/workday.py took 0.402 seconds
[2024-03-12T09:40:38.128+0000] {processor.py:161} INFO - Started process (PID=15041) to work on /usr/local/lib/python3.10/dist-packages/airflow/example_dags/plugins/workday.py
[2024-03-12T09:40:38.130+0000] {processor.py:830} INFO - Processing file /usr/local/lib/python3.10/dist-packages/airflow/example_dags/plugins/workday.py for tasks to queue
[2024-03-12T09:40:38.131+0000] {logging_mixin.py:188} INFO - [2024-03-12T09:40:38.130+0000] {dagbag.py:540} INFO - Filling up the DagBag from /usr/local/lib/python3.10/dist-packages/airflow/example_dags/plugins/workday.py
[2024-03-12T09:40:38.540+0000] {processor.py:842} WARNING - No viable dags retrieved from /usr/local/lib/python3.10/dist-packages/airflow/example_dags/plugins/workday.py
[2024-03-12T09:40:38.554+0000] {processor.py:183} INFO - Processing /usr/local/lib/python3.10/dist-packages/airflow/example_dags/plugins/workday.py took 0.430 seconds
[2024-03-12T09:41:21.542+0000] {processor.py:161} INFO - Started process (PID=15083) to work on /usr/local/lib/python3.10/dist-packages/airflow/example_dags/plugins/workday.py
[2024-03-12T09:41:21.544+0000] {processor.py:830} INFO - Processing file /usr/local/lib/python3.10/dist-packages/airflow/example_dags/plugins/workday.py for tasks to queue
[2024-03-12T09:41:21.545+0000] {logging_mixin.py:188} INFO - [2024-03-12T09:41:21.544+0000] {dagbag.py:540} INFO - Filling up the DagBag from /usr/local/lib/python3.10/dist-packages/airflow/example_dags/plugins/workday.py
[2024-03-12T09:41:21.940+0000] {processor.py:842} WARNING - No viable dags retrieved from /usr/local/lib/python3.10/dist-packages/airflow/example_dags/plugins/workday.py
[2024-03-12T09:41:21.952+0000] {processor.py:183} INFO - Processing /usr/local/lib/python3.10/dist-packages/airflow/example_dags/plugins/workday.py took 0.420 seconds
[2024-03-12T09:42:02.249+0000] {processor.py:161} INFO - Started process (PID=15123) to work on /usr/local/lib/python3.10/dist-packages/airflow/example_dags/plugins/workday.py
[2024-03-12T09:42:02.252+0000] {processor.py:830} INFO - Processing file /usr/local/lib/python3.10/dist-packages/airflow/example_dags/plugins/workday.py for tasks to queue
[2024-03-12T09:42:02.256+0000] {logging_mixin.py:188} INFO - [2024-03-12T09:42:02.255+0000] {dagbag.py:540} INFO - Filling up the DagBag from /usr/local/lib/python3.10/dist-packages/airflow/example_dags/plugins/workday.py
[2024-03-12T09:42:02.743+0000] {processor.py:842} WARNING - No viable dags retrieved from /usr/local/lib/python3.10/dist-packages/airflow/example_dags/plugins/workday.py
[2024-03-12T09:42:02.757+0000] {processor.py:183} INFO - Processing /usr/local/lib/python3.10/dist-packages/airflow/example_dags/plugins/workday.py took 0.515 seconds
[2024-03-12T09:42:43.969+0000] {processor.py:161} INFO - Started process (PID=15167) to work on /usr/local/lib/python3.10/dist-packages/airflow/example_dags/plugins/workday.py
[2024-03-12T09:42:43.974+0000] {processor.py:830} INFO - Processing file /usr/local/lib/python3.10/dist-packages/airflow/example_dags/plugins/workday.py for tasks to queue
[2024-03-12T09:42:43.978+0000] {logging_mixin.py:188} INFO - [2024-03-12T09:42:43.976+0000] {dagbag.py:540} INFO - Filling up the DagBag from /usr/local/lib/python3.10/dist-packages/airflow/example_dags/plugins/workday.py
[2024-03-12T09:42:44.442+0000] {processor.py:842} WARNING - No viable dags retrieved from /usr/local/lib/python3.10/dist-packages/airflow/example_dags/plugins/workday.py
[2024-03-12T09:42:44.456+0000] {processor.py:183} INFO - Processing /usr/local/lib/python3.10/dist-packages/airflow/example_dags/plugins/workday.py took 0.497 seconds
[2024-03-12T09:43:45.132+0000] {processor.py:161} INFO - Started process (PID=15300) to work on /usr/local/lib/python3.10/dist-packages/airflow/example_dags/plugins/workday.py
[2024-03-12T09:43:45.142+0000] {processor.py:830} INFO - Processing file /usr/local/lib/python3.10/dist-packages/airflow/example_dags/plugins/workday.py for tasks to queue
[2024-03-12T09:43:45.144+0000] {logging_mixin.py:188} INFO - [2024-03-12T09:43:45.143+0000] {dagbag.py:540} INFO - Filling up the DagBag from /usr/local/lib/python3.10/dist-packages/airflow/example_dags/plugins/workday.py
[2024-03-12T09:43:45.629+0000] {processor.py:842} WARNING - No viable dags retrieved from /usr/local/lib/python3.10/dist-packages/airflow/example_dags/plugins/workday.py
[2024-03-12T09:43:45.640+0000] {processor.py:183} INFO - Processing /usr/local/lib/python3.10/dist-packages/airflow/example_dags/plugins/workday.py took 0.515 seconds
[2024-03-12T09:44:30.341+0000] {processor.py:161} INFO - Started process (PID=15355) to work on /usr/local/lib/python3.10/dist-packages/airflow/example_dags/plugins/workday.py
[2024-03-12T09:44:30.343+0000] {processor.py:830} INFO - Processing file /usr/local/lib/python3.10/dist-packages/airflow/example_dags/plugins/workday.py for tasks to queue
[2024-03-12T09:44:30.345+0000] {logging_mixin.py:188} INFO - [2024-03-12T09:44:30.345+0000] {dagbag.py:540} INFO - Filling up the DagBag from /usr/local/lib/python3.10/dist-packages/airflow/example_dags/plugins/workday.py
[2024-03-12T09:44:30.916+0000] {processor.py:842} WARNING - No viable dags retrieved from /usr/local/lib/python3.10/dist-packages/airflow/example_dags/plugins/workday.py
[2024-03-12T09:44:30.936+0000] {processor.py:183} INFO - Processing /usr/local/lib/python3.10/dist-packages/airflow/example_dags/plugins/workday.py took 0.600 seconds
[2024-03-12T09:45:13.549+0000] {processor.py:161} INFO - Started process (PID=15396) to work on /usr/local/lib/python3.10/dist-packages/airflow/example_dags/plugins/workday.py
[2024-03-12T09:45:13.550+0000] {processor.py:830} INFO - Processing file /usr/local/lib/python3.10/dist-packages/airflow/example_dags/plugins/workday.py for tasks to queue
[2024-03-12T09:45:13.553+0000] {logging_mixin.py:188} INFO - [2024-03-12T09:45:13.552+0000] {dagbag.py:540} INFO - Filling up the DagBag from /usr/local/lib/python3.10/dist-packages/airflow/example_dags/plugins/workday.py
[2024-03-12T09:45:13.979+0000] {processor.py:842} WARNING - No viable dags retrieved from /usr/local/lib/python3.10/dist-packages/airflow/example_dags/plugins/workday.py
[2024-03-12T09:45:13.995+0000] {processor.py:183} INFO - Processing /usr/local/lib/python3.10/dist-packages/airflow/example_dags/plugins/workday.py took 0.451 seconds
[2024-03-12T09:45:55.378+0000] {processor.py:161} INFO - Started process (PID=15438) to work on /usr/local/lib/python3.10/dist-packages/airflow/example_dags/plugins/workday.py
[2024-03-12T09:45:55.380+0000] {processor.py:830} INFO - Processing file /usr/local/lib/python3.10/dist-packages/airflow/example_dags/plugins/workday.py for tasks to queue
[2024-03-12T09:45:55.381+0000] {logging_mixin.py:188} INFO - [2024-03-12T09:45:55.381+0000] {dagbag.py:540} INFO - Filling up the DagBag from /usr/local/lib/python3.10/dist-packages/airflow/example_dags/plugins/workday.py
[2024-03-12T09:45:55.970+0000] {processor.py:842} WARNING - No viable dags retrieved from /usr/local/lib/python3.10/dist-packages/airflow/example_dags/plugins/workday.py
[2024-03-12T09:45:55.988+0000] {processor.py:183} INFO - Processing /usr/local/lib/python3.10/dist-packages/airflow/example_dags/plugins/workday.py took 0.614 seconds
[2024-03-12T09:46:36.119+0000] {processor.py:161} INFO - Started process (PID=15478) to work on /usr/local/lib/python3.10/dist-packages/airflow/example_dags/plugins/workday.py
[2024-03-12T09:46:36.121+0000] {processor.py:830} INFO - Processing file /usr/local/lib/python3.10/dist-packages/airflow/example_dags/plugins/workday.py for tasks to queue
[2024-03-12T09:46:36.125+0000] {logging_mixin.py:188} INFO - [2024-03-12T09:46:36.122+0000] {dagbag.py:540} INFO - Filling up the DagBag from /usr/local/lib/python3.10/dist-packages/airflow/example_dags/plugins/workday.py
[2024-03-12T09:46:36.516+0000] {processor.py:842} WARNING - No viable dags retrieved from /usr/local/lib/python3.10/dist-packages/airflow/example_dags/plugins/workday.py
[2024-03-12T09:46:36.537+0000] {processor.py:183} INFO - Processing /usr/local/lib/python3.10/dist-packages/airflow/example_dags/plugins/workday.py took 0.425 seconds
[2024-03-12T09:47:36.906+0000] {processor.py:161} INFO - Started process (PID=15536) to work on /usr/local/lib/python3.10/dist-packages/airflow/example_dags/plugins/workday.py
[2024-03-12T09:47:36.909+0000] {processor.py:830} INFO - Processing file /usr/local/lib/python3.10/dist-packages/airflow/example_dags/plugins/workday.py for tasks to queue
[2024-03-12T09:47:36.910+0000] {logging_mixin.py:188} INFO - [2024-03-12T09:47:36.910+0000] {dagbag.py:540} INFO - Filling up the DagBag from /usr/local/lib/python3.10/dist-packages/airflow/example_dags/plugins/workday.py
[2024-03-12T09:47:37.366+0000] {processor.py:842} WARNING - No viable dags retrieved from /usr/local/lib/python3.10/dist-packages/airflow/example_dags/plugins/workday.py
[2024-03-12T09:47:37.378+0000] {processor.py:183} INFO - Processing /usr/local/lib/python3.10/dist-packages/airflow/example_dags/plugins/workday.py took 0.475 seconds
[2024-03-12T09:48:19.342+0000] {processor.py:161} INFO - Started process (PID=15581) to work on /usr/local/lib/python3.10/dist-packages/airflow/example_dags/plugins/workday.py
[2024-03-12T09:48:19.344+0000] {processor.py:830} INFO - Processing file /usr/local/lib/python3.10/dist-packages/airflow/example_dags/plugins/workday.py for tasks to queue
[2024-03-12T09:48:19.347+0000] {logging_mixin.py:188} INFO - [2024-03-12T09:48:19.346+0000] {dagbag.py:540} INFO - Filling up the DagBag from /usr/local/lib/python3.10/dist-packages/airflow/example_dags/plugins/workday.py
[2024-03-12T09:48:19.708+0000] {processor.py:842} WARNING - No viable dags retrieved from /usr/local/lib/python3.10/dist-packages/airflow/example_dags/plugins/workday.py
[2024-03-12T09:48:19.719+0000] {processor.py:183} INFO - Processing /usr/local/lib/python3.10/dist-packages/airflow/example_dags/plugins/workday.py took 0.391 seconds
[2024-03-12T09:49:18.582+0000] {processor.py:161} INFO - Started process (PID=15642) to work on /usr/local/lib/python3.10/dist-packages/airflow/example_dags/plugins/workday.py
[2024-03-12T09:49:18.584+0000] {processor.py:830} INFO - Processing file /usr/local/lib/python3.10/dist-packages/airflow/example_dags/plugins/workday.py for tasks to queue
[2024-03-12T09:49:18.586+0000] {logging_mixin.py:188} INFO - [2024-03-12T09:49:18.585+0000] {dagbag.py:540} INFO - Filling up the DagBag from /usr/local/lib/python3.10/dist-packages/airflow/example_dags/plugins/workday.py
[2024-03-12T09:49:19.068+0000] {processor.py:842} WARNING - No viable dags retrieved from /usr/local/lib/python3.10/dist-packages/airflow/example_dags/plugins/workday.py
[2024-03-12T09:49:19.080+0000] {processor.py:183} INFO - Processing /usr/local/lib/python3.10/dist-packages/airflow/example_dags/plugins/workday.py took 0.503 seconds
[2024-03-12T09:50:02.765+0000] {processor.py:161} INFO - Started process (PID=15683) to work on /usr/local/lib/python3.10/dist-packages/airflow/example_dags/plugins/workday.py
[2024-03-12T09:50:02.770+0000] {processor.py:830} INFO - Processing file /usr/local/lib/python3.10/dist-packages/airflow/example_dags/plugins/workday.py for tasks to queue
[2024-03-12T09:50:02.771+0000] {logging_mixin.py:188} INFO - [2024-03-12T09:50:02.770+0000] {dagbag.py:540} INFO - Filling up the DagBag from /usr/local/lib/python3.10/dist-packages/airflow/example_dags/plugins/workday.py
[2024-03-12T09:50:03.188+0000] {processor.py:842} WARNING - No viable dags retrieved from /usr/local/lib/python3.10/dist-packages/airflow/example_dags/plugins/workday.py
[2024-03-12T09:50:03.202+0000] {processor.py:183} INFO - Processing /usr/local/lib/python3.10/dist-packages/airflow/example_dags/plugins/workday.py took 0.440 seconds
[2024-03-12T09:50:47.248+0000] {processor.py:161} INFO - Started process (PID=15726) to work on /usr/local/lib/python3.10/dist-packages/airflow/example_dags/plugins/workday.py
[2024-03-12T09:50:47.251+0000] {processor.py:830} INFO - Processing file /usr/local/lib/python3.10/dist-packages/airflow/example_dags/plugins/workday.py for tasks to queue
[2024-03-12T09:50:47.253+0000] {logging_mixin.py:188} INFO - [2024-03-12T09:50:47.252+0000] {dagbag.py:540} INFO - Filling up the DagBag from /usr/local/lib/python3.10/dist-packages/airflow/example_dags/plugins/workday.py
[2024-03-12T09:50:47.616+0000] {processor.py:842} WARNING - No viable dags retrieved from /usr/local/lib/python3.10/dist-packages/airflow/example_dags/plugins/workday.py
[2024-03-12T09:50:47.628+0000] {processor.py:183} INFO - Processing /usr/local/lib/python3.10/dist-packages/airflow/example_dags/plugins/workday.py took 0.384 seconds
[2024-03-12T09:51:32.365+0000] {processor.py:161} INFO - Started process (PID=15769) to work on /usr/local/lib/python3.10/dist-packages/airflow/example_dags/plugins/workday.py
[2024-03-12T09:51:32.366+0000] {processor.py:830} INFO - Processing file /usr/local/lib/python3.10/dist-packages/airflow/example_dags/plugins/workday.py for tasks to queue
[2024-03-12T09:51:32.367+0000] {logging_mixin.py:188} INFO - [2024-03-12T09:51:32.367+0000] {dagbag.py:540} INFO - Filling up the DagBag from /usr/local/lib/python3.10/dist-packages/airflow/example_dags/plugins/workday.py
[2024-03-12T09:51:32.711+0000] {processor.py:842} WARNING - No viable dags retrieved from /usr/local/lib/python3.10/dist-packages/airflow/example_dags/plugins/workday.py
[2024-03-12T09:51:32.723+0000] {processor.py:183} INFO - Processing /usr/local/lib/python3.10/dist-packages/airflow/example_dags/plugins/workday.py took 0.362 seconds
[2024-03-12T09:52:19.468+0000] {processor.py:161} INFO - Started process (PID=15814) to work on /usr/local/lib/python3.10/dist-packages/airflow/example_dags/plugins/workday.py
[2024-03-12T09:52:19.470+0000] {processor.py:830} INFO - Processing file /usr/local/lib/python3.10/dist-packages/airflow/example_dags/plugins/workday.py for tasks to queue
[2024-03-12T09:52:19.471+0000] {logging_mixin.py:188} INFO - [2024-03-12T09:52:19.470+0000] {dagbag.py:540} INFO - Filling up the DagBag from /usr/local/lib/python3.10/dist-packages/airflow/example_dags/plugins/workday.py
[2024-03-12T09:52:19.807+0000] {processor.py:842} WARNING - No viable dags retrieved from /usr/local/lib/python3.10/dist-packages/airflow/example_dags/plugins/workday.py
[2024-03-12T09:52:19.817+0000] {processor.py:183} INFO - Processing /usr/local/lib/python3.10/dist-packages/airflow/example_dags/plugins/workday.py took 0.352 seconds
[2024-03-12T09:53:02.361+0000] {processor.py:161} INFO - Started process (PID=15857) to work on /usr/local/lib/python3.10/dist-packages/airflow/example_dags/plugins/workday.py
[2024-03-12T09:53:02.363+0000] {processor.py:830} INFO - Processing file /usr/local/lib/python3.10/dist-packages/airflow/example_dags/plugins/workday.py for tasks to queue
[2024-03-12T09:53:02.365+0000] {logging_mixin.py:188} INFO - [2024-03-12T09:53:02.364+0000] {dagbag.py:540} INFO - Filling up the DagBag from /usr/local/lib/python3.10/dist-packages/airflow/example_dags/plugins/workday.py
[2024-03-12T09:53:02.811+0000] {processor.py:842} WARNING - No viable dags retrieved from /usr/local/lib/python3.10/dist-packages/airflow/example_dags/plugins/workday.py
[2024-03-12T09:53:02.822+0000] {processor.py:183} INFO - Processing /usr/local/lib/python3.10/dist-packages/airflow/example_dags/plugins/workday.py took 0.468 seconds
[2024-03-12T09:53:46.303+0000] {processor.py:161} INFO - Started process (PID=15899) to work on /usr/local/lib/python3.10/dist-packages/airflow/example_dags/plugins/workday.py
[2024-03-12T09:53:46.305+0000] {processor.py:830} INFO - Processing file /usr/local/lib/python3.10/dist-packages/airflow/example_dags/plugins/workday.py for tasks to queue
[2024-03-12T09:53:46.307+0000] {logging_mixin.py:188} INFO - [2024-03-12T09:53:46.306+0000] {dagbag.py:540} INFO - Filling up the DagBag from /usr/local/lib/python3.10/dist-packages/airflow/example_dags/plugins/workday.py
[2024-03-12T09:53:46.744+0000] {processor.py:842} WARNING - No viable dags retrieved from /usr/local/lib/python3.10/dist-packages/airflow/example_dags/plugins/workday.py
[2024-03-12T09:53:46.756+0000] {processor.py:183} INFO - Processing /usr/local/lib/python3.10/dist-packages/airflow/example_dags/plugins/workday.py took 0.457 seconds
[2024-03-12T09:54:32.934+0000] {processor.py:161} INFO - Started process (PID=15944) to work on /usr/local/lib/python3.10/dist-packages/airflow/example_dags/plugins/workday.py
[2024-03-12T09:54:32.935+0000] {processor.py:830} INFO - Processing file /usr/local/lib/python3.10/dist-packages/airflow/example_dags/plugins/workday.py for tasks to queue
[2024-03-12T09:54:32.936+0000] {logging_mixin.py:188} INFO - [2024-03-12T09:54:32.936+0000] {dagbag.py:540} INFO - Filling up the DagBag from /usr/local/lib/python3.10/dist-packages/airflow/example_dags/plugins/workday.py
[2024-03-12T09:54:33.501+0000] {processor.py:842} WARNING - No viable dags retrieved from /usr/local/lib/python3.10/dist-packages/airflow/example_dags/plugins/workday.py
[2024-03-12T09:54:33.509+0000] {processor.py:183} INFO - Processing /usr/local/lib/python3.10/dist-packages/airflow/example_dags/plugins/workday.py took 0.579 seconds
[2024-03-12T09:55:17.859+0000] {processor.py:161} INFO - Started process (PID=15988) to work on /usr/local/lib/python3.10/dist-packages/airflow/example_dags/plugins/workday.py
[2024-03-12T09:55:17.860+0000] {processor.py:830} INFO - Processing file /usr/local/lib/python3.10/dist-packages/airflow/example_dags/plugins/workday.py for tasks to queue
[2024-03-12T09:55:17.863+0000] {logging_mixin.py:188} INFO - [2024-03-12T09:55:17.861+0000] {dagbag.py:540} INFO - Filling up the DagBag from /usr/local/lib/python3.10/dist-packages/airflow/example_dags/plugins/workday.py
[2024-03-12T09:55:18.308+0000] {processor.py:842} WARNING - No viable dags retrieved from /usr/local/lib/python3.10/dist-packages/airflow/example_dags/plugins/workday.py
[2024-03-12T09:55:18.325+0000] {processor.py:183} INFO - Processing /usr/local/lib/python3.10/dist-packages/airflow/example_dags/plugins/workday.py took 0.470 seconds
[2024-03-12T09:56:00.803+0000] {processor.py:161} INFO - Started process (PID=16032) to work on /usr/local/lib/python3.10/dist-packages/airflow/example_dags/plugins/workday.py
[2024-03-12T09:56:00.804+0000] {processor.py:830} INFO - Processing file /usr/local/lib/python3.10/dist-packages/airflow/example_dags/plugins/workday.py for tasks to queue
[2024-03-12T09:56:00.805+0000] {logging_mixin.py:188} INFO - [2024-03-12T09:56:00.805+0000] {dagbag.py:540} INFO - Filling up the DagBag from /usr/local/lib/python3.10/dist-packages/airflow/example_dags/plugins/workday.py
[2024-03-12T09:56:01.467+0000] {processor.py:842} WARNING - No viable dags retrieved from /usr/local/lib/python3.10/dist-packages/airflow/example_dags/plugins/workday.py
[2024-03-12T09:56:01.476+0000] {processor.py:183} INFO - Processing /usr/local/lib/python3.10/dist-packages/airflow/example_dags/plugins/workday.py took 0.679 seconds
[2024-03-12T09:56:46.280+0000] {processor.py:161} INFO - Started process (PID=16074) to work on /usr/local/lib/python3.10/dist-packages/airflow/example_dags/plugins/workday.py
[2024-03-12T09:56:46.282+0000] {processor.py:830} INFO - Processing file /usr/local/lib/python3.10/dist-packages/airflow/example_dags/plugins/workday.py for tasks to queue
[2024-03-12T09:56:46.284+0000] {logging_mixin.py:188} INFO - [2024-03-12T09:56:46.283+0000] {dagbag.py:540} INFO - Filling up the DagBag from /usr/local/lib/python3.10/dist-packages/airflow/example_dags/plugins/workday.py
[2024-03-12T09:56:46.911+0000] {processor.py:842} WARNING - No viable dags retrieved from /usr/local/lib/python3.10/dist-packages/airflow/example_dags/plugins/workday.py
[2024-03-12T09:56:46.920+0000] {processor.py:183} INFO - Processing /usr/local/lib/python3.10/dist-packages/airflow/example_dags/plugins/workday.py took 0.648 seconds
[2024-03-12T09:57:30.676+0000] {processor.py:161} INFO - Started process (PID=16117) to work on /usr/local/lib/python3.10/dist-packages/airflow/example_dags/plugins/workday.py
[2024-03-12T09:57:30.678+0000] {processor.py:830} INFO - Processing file /usr/local/lib/python3.10/dist-packages/airflow/example_dags/plugins/workday.py for tasks to queue
[2024-03-12T09:57:30.680+0000] {logging_mixin.py:188} INFO - [2024-03-12T09:57:30.679+0000] {dagbag.py:540} INFO - Filling up the DagBag from /usr/local/lib/python3.10/dist-packages/airflow/example_dags/plugins/workday.py
[2024-03-12T09:57:31.304+0000] {processor.py:842} WARNING - No viable dags retrieved from /usr/local/lib/python3.10/dist-packages/airflow/example_dags/plugins/workday.py
[2024-03-12T09:57:31.312+0000] {processor.py:183} INFO - Processing /usr/local/lib/python3.10/dist-packages/airflow/example_dags/plugins/workday.py took 0.639 seconds
[2024-03-12T09:58:14.243+0000] {processor.py:161} INFO - Started process (PID=16164) to work on /usr/local/lib/python3.10/dist-packages/airflow/example_dags/plugins/workday.py
[2024-03-12T09:58:14.245+0000] {processor.py:830} INFO - Processing file /usr/local/lib/python3.10/dist-packages/airflow/example_dags/plugins/workday.py for tasks to queue
[2024-03-12T09:58:14.246+0000] {logging_mixin.py:188} INFO - [2024-03-12T09:58:14.245+0000] {dagbag.py:540} INFO - Filling up the DagBag from /usr/local/lib/python3.10/dist-packages/airflow/example_dags/plugins/workday.py
[2024-03-12T09:58:14.806+0000] {processor.py:842} WARNING - No viable dags retrieved from /usr/local/lib/python3.10/dist-packages/airflow/example_dags/plugins/workday.py
[2024-03-12T09:58:14.814+0000] {processor.py:183} INFO - Processing /usr/local/lib/python3.10/dist-packages/airflow/example_dags/plugins/workday.py took 0.575 seconds
[2024-03-12T09:58:55.305+0000] {processor.py:161} INFO - Started process (PID=16211) to work on /usr/local/lib/python3.10/dist-packages/airflow/example_dags/plugins/workday.py
[2024-03-12T09:58:55.307+0000] {processor.py:830} INFO - Processing file /usr/local/lib/python3.10/dist-packages/airflow/example_dags/plugins/workday.py for tasks to queue
[2024-03-12T09:58:55.309+0000] {logging_mixin.py:188} INFO - [2024-03-12T09:58:55.308+0000] {dagbag.py:540} INFO - Filling up the DagBag from /usr/local/lib/python3.10/dist-packages/airflow/example_dags/plugins/workday.py
[2024-03-12T09:58:56.027+0000] {processor.py:842} WARNING - No viable dags retrieved from /usr/local/lib/python3.10/dist-packages/airflow/example_dags/plugins/workday.py
[2024-03-12T09:58:56.038+0000] {processor.py:183} INFO - Processing /usr/local/lib/python3.10/dist-packages/airflow/example_dags/plugins/workday.py took 0.736 seconds
[2024-03-12T09:59:38.904+0000] {processor.py:161} INFO - Started process (PID=16257) to work on /usr/local/lib/python3.10/dist-packages/airflow/example_dags/plugins/workday.py
[2024-03-12T09:59:38.910+0000] {processor.py:830} INFO - Processing file /usr/local/lib/python3.10/dist-packages/airflow/example_dags/plugins/workday.py for tasks to queue
[2024-03-12T09:59:38.911+0000] {logging_mixin.py:188} INFO - [2024-03-12T09:59:38.910+0000] {dagbag.py:540} INFO - Filling up the DagBag from /usr/local/lib/python3.10/dist-packages/airflow/example_dags/plugins/workday.py
[2024-03-12T09:59:39.373+0000] {processor.py:842} WARNING - No viable dags retrieved from /usr/local/lib/python3.10/dist-packages/airflow/example_dags/plugins/workday.py
[2024-03-12T09:59:39.380+0000] {processor.py:183} INFO - Processing /usr/local/lib/python3.10/dist-packages/airflow/example_dags/plugins/workday.py took 0.479 seconds
[2024-03-12T10:00:20.819+0000] {processor.py:161} INFO - Started process (PID=16304) to work on /usr/local/lib/python3.10/dist-packages/airflow/example_dags/plugins/workday.py
[2024-03-12T10:00:20.822+0000] {processor.py:830} INFO - Processing file /usr/local/lib/python3.10/dist-packages/airflow/example_dags/plugins/workday.py for tasks to queue
[2024-03-12T10:00:20.823+0000] {logging_mixin.py:188} INFO - [2024-03-12T10:00:20.823+0000] {dagbag.py:540} INFO - Filling up the DagBag from /usr/local/lib/python3.10/dist-packages/airflow/example_dags/plugins/workday.py
[2024-03-12T10:00:21.531+0000] {processor.py:842} WARNING - No viable dags retrieved from /usr/local/lib/python3.10/dist-packages/airflow/example_dags/plugins/workday.py
[2024-03-12T10:00:21.541+0000] {processor.py:183} INFO - Processing /usr/local/lib/python3.10/dist-packages/airflow/example_dags/plugins/workday.py took 0.728 seconds
[2024-03-12T10:01:03.194+0000] {processor.py:161} INFO - Started process (PID=16352) to work on /usr/local/lib/python3.10/dist-packages/airflow/example_dags/plugins/workday.py
[2024-03-12T10:01:03.196+0000] {processor.py:830} INFO - Processing file /usr/local/lib/python3.10/dist-packages/airflow/example_dags/plugins/workday.py for tasks to queue
[2024-03-12T10:01:03.197+0000] {logging_mixin.py:188} INFO - [2024-03-12T10:01:03.196+0000] {dagbag.py:540} INFO - Filling up the DagBag from /usr/local/lib/python3.10/dist-packages/airflow/example_dags/plugins/workday.py
[2024-03-12T10:01:03.639+0000] {processor.py:842} WARNING - No viable dags retrieved from /usr/local/lib/python3.10/dist-packages/airflow/example_dags/plugins/workday.py
[2024-03-12T10:01:03.646+0000] {processor.py:183} INFO - Processing /usr/local/lib/python3.10/dist-packages/airflow/example_dags/plugins/workday.py took 0.455 seconds
[2024-03-12T10:01:45.531+0000] {processor.py:161} INFO - Started process (PID=16396) to work on /usr/local/lib/python3.10/dist-packages/airflow/example_dags/plugins/workday.py
[2024-03-12T10:01:45.532+0000] {processor.py:830} INFO - Processing file /usr/local/lib/python3.10/dist-packages/airflow/example_dags/plugins/workday.py for tasks to queue
[2024-03-12T10:01:45.533+0000] {logging_mixin.py:188} INFO - [2024-03-12T10:01:45.533+0000] {dagbag.py:540} INFO - Filling up the DagBag from /usr/local/lib/python3.10/dist-packages/airflow/example_dags/plugins/workday.py
[2024-03-12T10:01:46.005+0000] {processor.py:842} WARNING - No viable dags retrieved from /usr/local/lib/python3.10/dist-packages/airflow/example_dags/plugins/workday.py
[2024-03-12T10:01:46.013+0000] {processor.py:183} INFO - Processing /usr/local/lib/python3.10/dist-packages/airflow/example_dags/plugins/workday.py took 0.485 seconds
[2024-03-12T10:02:25.568+0000] {processor.py:161} INFO - Started process (PID=16437) to work on /usr/local/lib/python3.10/dist-packages/airflow/example_dags/plugins/workday.py
[2024-03-12T10:02:25.570+0000] {processor.py:830} INFO - Processing file /usr/local/lib/python3.10/dist-packages/airflow/example_dags/plugins/workday.py for tasks to queue
[2024-03-12T10:02:25.575+0000] {logging_mixin.py:188} INFO - [2024-03-12T10:02:25.572+0000] {dagbag.py:540} INFO - Filling up the DagBag from /usr/local/lib/python3.10/dist-packages/airflow/example_dags/plugins/workday.py
[2024-03-12T10:02:26.121+0000] {processor.py:842} WARNING - No viable dags retrieved from /usr/local/lib/python3.10/dist-packages/airflow/example_dags/plugins/workday.py
[2024-03-12T10:02:26.129+0000] {processor.py:183} INFO - Processing /usr/local/lib/python3.10/dist-packages/airflow/example_dags/plugins/workday.py took 0.571 seconds
[2024-03-12T10:03:07.969+0000] {processor.py:161} INFO - Started process (PID=16482) to work on /usr/local/lib/python3.10/dist-packages/airflow/example_dags/plugins/workday.py
[2024-03-12T10:03:07.971+0000] {processor.py:830} INFO - Processing file /usr/local/lib/python3.10/dist-packages/airflow/example_dags/plugins/workday.py for tasks to queue
[2024-03-12T10:03:07.972+0000] {logging_mixin.py:188} INFO - [2024-03-12T10:03:07.971+0000] {dagbag.py:540} INFO - Filling up the DagBag from /usr/local/lib/python3.10/dist-packages/airflow/example_dags/plugins/workday.py
[2024-03-12T10:03:08.545+0000] {processor.py:842} WARNING - No viable dags retrieved from /usr/local/lib/python3.10/dist-packages/airflow/example_dags/plugins/workday.py
[2024-03-12T10:03:08.554+0000] {processor.py:183} INFO - Processing /usr/local/lib/python3.10/dist-packages/airflow/example_dags/plugins/workday.py took 0.588 seconds
[2024-03-12T10:03:49.068+0000] {processor.py:161} INFO - Started process (PID=16522) to work on /usr/local/lib/python3.10/dist-packages/airflow/example_dags/plugins/workday.py
[2024-03-12T10:03:49.069+0000] {processor.py:830} INFO - Processing file /usr/local/lib/python3.10/dist-packages/airflow/example_dags/plugins/workday.py for tasks to queue
[2024-03-12T10:03:49.070+0000] {logging_mixin.py:188} INFO - [2024-03-12T10:03:49.070+0000] {dagbag.py:540} INFO - Filling up the DagBag from /usr/local/lib/python3.10/dist-packages/airflow/example_dags/plugins/workday.py
[2024-03-12T10:03:49.696+0000] {processor.py:842} WARNING - No viable dags retrieved from /usr/local/lib/python3.10/dist-packages/airflow/example_dags/plugins/workday.py
[2024-03-12T10:03:49.704+0000] {processor.py:183} INFO - Processing /usr/local/lib/python3.10/dist-packages/airflow/example_dags/plugins/workday.py took 0.640 seconds
[2024-03-12T10:04:30.544+0000] {processor.py:161} INFO - Started process (PID=16565) to work on /usr/local/lib/python3.10/dist-packages/airflow/example_dags/plugins/workday.py
[2024-03-12T10:04:30.545+0000] {processor.py:830} INFO - Processing file /usr/local/lib/python3.10/dist-packages/airflow/example_dags/plugins/workday.py for tasks to queue
[2024-03-12T10:04:30.548+0000] {logging_mixin.py:188} INFO - [2024-03-12T10:04:30.546+0000] {dagbag.py:540} INFO - Filling up the DagBag from /usr/local/lib/python3.10/dist-packages/airflow/example_dags/plugins/workday.py
[2024-03-12T10:04:31.155+0000] {processor.py:842} WARNING - No viable dags retrieved from /usr/local/lib/python3.10/dist-packages/airflow/example_dags/plugins/workday.py
[2024-03-12T10:04:31.163+0000] {processor.py:183} INFO - Processing /usr/local/lib/python3.10/dist-packages/airflow/example_dags/plugins/workday.py took 0.624 seconds
[2024-03-12T10:05:10.457+0000] {processor.py:161} INFO - Started process (PID=16609) to work on /usr/local/lib/python3.10/dist-packages/airflow/example_dags/plugins/workday.py
[2024-03-12T10:05:10.459+0000] {processor.py:830} INFO - Processing file /usr/local/lib/python3.10/dist-packages/airflow/example_dags/plugins/workday.py for tasks to queue
[2024-03-12T10:05:10.463+0000] {logging_mixin.py:188} INFO - [2024-03-12T10:05:10.459+0000] {dagbag.py:540} INFO - Filling up the DagBag from /usr/local/lib/python3.10/dist-packages/airflow/example_dags/plugins/workday.py
[2024-03-12T10:05:11.119+0000] {processor.py:842} WARNING - No viable dags retrieved from /usr/local/lib/python3.10/dist-packages/airflow/example_dags/plugins/workday.py
[2024-03-12T10:05:11.127+0000] {processor.py:183} INFO - Processing /usr/local/lib/python3.10/dist-packages/airflow/example_dags/plugins/workday.py took 0.682 seconds
[2024-03-12T10:05:52.975+0000] {processor.py:161} INFO - Started process (PID=16652) to work on /usr/local/lib/python3.10/dist-packages/airflow/example_dags/plugins/workday.py
[2024-03-12T10:05:52.978+0000] {processor.py:830} INFO - Processing file /usr/local/lib/python3.10/dist-packages/airflow/example_dags/plugins/workday.py for tasks to queue
[2024-03-12T10:05:52.980+0000] {logging_mixin.py:188} INFO - [2024-03-12T10:05:52.979+0000] {dagbag.py:540} INFO - Filling up the DagBag from /usr/local/lib/python3.10/dist-packages/airflow/example_dags/plugins/workday.py
[2024-03-12T10:05:53.596+0000] {processor.py:842} WARNING - No viable dags retrieved from /usr/local/lib/python3.10/dist-packages/airflow/example_dags/plugins/workday.py
[2024-03-12T10:05:53.606+0000] {processor.py:183} INFO - Processing /usr/local/lib/python3.10/dist-packages/airflow/example_dags/plugins/workday.py took 0.640 seconds
[2024-03-12T10:06:34.411+0000] {processor.py:161} INFO - Started process (PID=16693) to work on /usr/local/lib/python3.10/dist-packages/airflow/example_dags/plugins/workday.py
[2024-03-12T10:06:34.413+0000] {processor.py:830} INFO - Processing file /usr/local/lib/python3.10/dist-packages/airflow/example_dags/plugins/workday.py for tasks to queue
[2024-03-12T10:06:34.415+0000] {logging_mixin.py:188} INFO - [2024-03-12T10:06:34.414+0000] {dagbag.py:540} INFO - Filling up the DagBag from /usr/local/lib/python3.10/dist-packages/airflow/example_dags/plugins/workday.py
[2024-03-12T10:06:34.862+0000] {processor.py:842} WARNING - No viable dags retrieved from /usr/local/lib/python3.10/dist-packages/airflow/example_dags/plugins/workday.py
[2024-03-12T10:06:34.870+0000] {processor.py:183} INFO - Processing /usr/local/lib/python3.10/dist-packages/airflow/example_dags/plugins/workday.py took 0.467 seconds
